INFO: Don't know what to do with literal http://purl.org/dc/terms/created
INFO: Don't know what to do with literal http://purl.org/dc/terms/modified
INFO: Don't know what to do with relation http://rdaregistry.info/Elements/u/P60686
INFO: Don't know what to do with relation http://purl.org/iso25964/skos-thes#broaderPartitive
INFO: Don't know what to do with relation http://rdaregistry.info/Elements/u/P60683
INFO: Don't know what to do with relation http://purl.org/iso25964/skos-thes#narrowerPartitive
WARNING: Stripping whitespace from label of http://www.yso.fi/onto/yso/p138251: 'Konstgjord sjö på gränsen mellan Lappo och Seinäjoki. '
WARNING: Stripping whitespace from label of http://www.yso.fi/onto/yso/p506033: 'Forntida stad i Egypten. '
WARNING: Multiple concept schemes found. Selecting http://www.yso.fi/onto/yso/ as default concept scheme.
WARNING: Concept scheme has no label(s). Use --label option to set the concept scheme label.
INFO: Some concepts not reached in initial cycle detection. Re-checking for loose concepts.
WARNING: Eliminating redundant hierarchical relationship: http://www.yso.fi/onto/yso/p105341 skos:broader http://www.yso.fi/onto/yso/p94399
WARNING: Eliminating redundant hierarchical relationship: http://www.yso.fi/onto/yso/p226189 skos:broader http://www.yso.fi/onto/yso/p94402
WARNING: Eliminating redundant hierarchical relationship: http://www.yso.fi/onto/yso/p507242 skos:broader http://www.yso.fi/onto/yso/p109172
WARNING: Eliminating redundant hierarchical relationship: http://www.yso.fi/onto/yso/p94168 skos:broader http://www.yso.fi/onto/yso/p94347
WARNING: Eliminating redundant hierarchical relationship: http://www.yso.fi/onto/yso/p507241 skos:broader http://www.yso.fi/onto/yso/p109172
WARNING: Resource http://www.yso.fi/onto/yso/p105081 has more than one prefLabel@en: choosing Ancient Rome (policy: shortest)
WARNING: Resource http://www.yso.fi/onto/yso/p108130 has more than one prefLabel@en: choosing Malaga (policy: shortest)
WARNING: Resource http://www.yso.fi/onto/yso/p108246 has more than one prefLabel@en: choosing Frankfurt (policy: shortest)
WARNING: Resource http://www.yso.fi/onto/yso/p108660 has more than one prefLabel@en: choosing Bahamas (policy: shortest)
WARNING: Resource http://www.yso.fi/onto/yso/p109290 has more than one prefLabel@en: choosing Gambia (policy: shortest)
WARNING: Resource http://www.yso.fi/onto/yso/p109505 has more than one prefLabel@en: choosing Vuoksa River (policy: shortest)
WARNING: Resource http://www.yso.fi/onto/yso/p110033 has more than one prefLabel@en: choosing Manchuria (policy: shortest)
WARNING: Resource http://www.yso.fi/onto/yso/p110694 has more than one prefLabel@en: choosing Sahara (policy: shortest)
WARNING: Resource http://www.yso.fi/onto/yso/p149166 has more than one prefLabel@en: choosing Bangalore (policy: shortest)
WARNING: Resource http://www.yso.fi/onto/yso/p153296 has more than one prefLabel@en: choosing teodoro (policy: shortest)
WARNING: Resource http://www.yso.fi/onto/yso/p167806 has more than one prefLabel@en: choosing Kabardino-Balkaria (policy: shortest)
WARNING: Resource http://www.yso.fi/onto/yso/p175533 has more than one prefLabel@en: choosing Transnistria (policy: shortest)
WARNING: Resource http://www.yso.fi/onto/yso/p179525 has more than one prefLabel@en: choosing Confederate States (policy: shortest)
WARNING: Resource http://www.yso.fi/onto/yso/p184560 has more than one prefLabel@en: choosing Central Africa (policy: shortest)
WARNING: Resource http://www.yso.fi/onto/yso/p194439 has more than one prefLabel@en: choosing Mecca (policy: shortest)
WARNING: Resource http://www.yso.fi/onto/yso/p196764 has more than one prefLabel@en: choosing Cusco (policy: shortest)
WARNING: Resource http://www.yso.fi/onto/yso/p205596 has more than one prefLabel@en: choosing Grand Canyon (policy: shortest)
WARNING: Resource http://www.yso.fi/onto/yso/p207558 has more than one prefLabel@en: choosing halt (policy: shortest)
WARNING: Resource http://www.yso.fi/onto/yso/p208734 has more than one prefLabel@en: choosing Dacca (policy: shortest)
WARNING: Resource http://www.yso.fi/onto/yso/p212984 has more than one prefLabel@en: choosing Marche (policy: shortest)
WARNING: Resource http://www.yso.fi/onto/yso/p94191 has more than one prefLabel@en: choosing Karis (policy: shortest)
