INFO: Don't know what to do with relation http://www.yso.fi/onto/yso-meta/2007-03-02/associativeRelation
INFO: Don't know what to do with relation http://www.yso.fi/onto/tsk-meta/partOf
WARNING: Stripping whitespace from label of http://paikkatiedot.fi/def/1001003/p137: 'push mechanism '
WARNING: Stripping whitespace from label of http://paikkatiedot.fi/def/1001003/p26: 'spatial data set '
WARNING: Stripping whitespace from label of http://paikkatiedot.fi/def/1001003/p99: 'geographic data '
WARNING: Stripping whitespace from label of http://paikkatiedot.fi/def/1001003/p53: 'index term '
WARNING: Stripping whitespace from label of http://paikkatiedot.fi/def/1001003/p118: 'Muunnos suoritetaan muunnosparametreillä, jotka on määritetty kyseisissä koordinaattijärjestelmissä tunnettujen yhteisten pisteiden avulla. '
WARNING: Stripping whitespace from label of http://paikkatiedot.fi/def/1001003/p143: 'Tasokoordinaatistossa pisteen sijainnin määrittelemiseen tarvitaan kaksi koordinaattia. '
WARNING: Stripping whitespace from label of http://paikkatiedot.fi/def/1001003/p52: 'ETRS89-datumi perustuu GRS80-vertausellipsoidiin. '
WARNING: Stripping whitespace from label of http://paikkatiedot.fi/def/1001003/p77: 'Erilaiset suorat ovat käyrän erikoistapauksia. '
WARNING: Stripping whitespace from label of http://paikkatiedot.fi/def/1001003/p118: 'menetelmä, jolla muunnetaan koordinaatteja kahden eri datumiin perustuvan koordinaattijärjestelmän välillä '
WARNING: Stripping whitespace from label of http://paikkatiedot.fi/def/1001003/p143: 'kaksiulotteiseen tasoon muodostettu, yleensä suorakulmainen koordinaatisto '
WARNING: Stripping whitespace from label of http://paikkatiedot.fi/def/1001003/p195: 'rajapintapalvelu, joka mahdollistaa paikkatiedon muuttamisen muodosta toiseen '
WARNING: Concept scheme has no label(s). Use --label option to set the concept scheme label.
INFO: Marking loose concept http://paikkatiedot.fi/def/1001001/p5 as top concept of scheme http://paikkatiedot.fi/def/1001000/
INFO: Marking loose concept http://paikkatiedot.fi/def/1001003/p20 as top concept of scheme http://paikkatiedot.fi/def/1001000/
INFO: Hierarchy cycle removed at p134 -> p134
INFO: Some concepts not reached in initial cycle detection. Re-checking for loose concepts.
WARNING: Concepts http://paikkatiedot.fi/def/1001003/p155 and http://paikkatiedot.fi/def/1001003/p100 connected by both skos:broaderTransitive and skos:related, removing skos:related
WARNING: Concepts http://paikkatiedot.fi/def/1001003/p198 and http://paikkatiedot.fi/def/1001003/p13 connected by both skos:broaderTransitive and skos:related, removing skos:related
WARNING: Concepts http://paikkatiedot.fi/def/1001003/p207 and http://paikkatiedot.fi/def/1001003/p207 connected by both skos:broaderTransitive and skos:related, removing skos:related
WARNING: Concepts http://paikkatiedot.fi/def/1001003/p224 and http://paikkatiedot.fi/def/1001003/p224 connected by both skos:broaderTransitive and skos:related, removing skos:related
WARNING: Concepts http://paikkatiedot.fi/def/1001003/p24 and http://paikkatiedot.fi/def/1001003/p23 connected by both skos:broaderTransitive and skos:related, removing skos:related
WARNING: Concepts http://paikkatiedot.fi/def/1001003/p29 and http://paikkatiedot.fi/def/1001003/p92 connected by both skos:broaderTransitive and skos:related, removing skos:related
WARNING: Concepts http://paikkatiedot.fi/def/1001003/p40 and http://paikkatiedot.fi/def/1001003/p100 connected by both skos:broaderTransitive and skos:related, removing skos:related
WARNING: Concepts http://paikkatiedot.fi/def/1001003/p5 and http://paikkatiedot.fi/def/1001003/p77 connected by both skos:broaderTransitive and skos:related, removing skos:related
WARNING: Concepts http://paikkatiedot.fi/def/1001003/p7 and http://paikkatiedot.fi/def/1001003/p7 connected by both skos:broaderTransitive and skos:related, removing skos:related
WARNING: Concepts http://paikkatiedot.fi/def/1001003/p92 and http://paikkatiedot.fi/def/1001003/p98 connected by both skos:broaderTransitive and skos:related, removing skos:related
WARNING: Redundant hierarchical relationship http://paikkatiedot.fi/def/1001001/p179 skos:broader http://paikkatiedot.fi/def/1001001/p5 found, but not eliminated because eliminate_redundancy is not set
WARNING: Redundant hierarchical relationship http://paikkatiedot.fi/def/1001001/p190 skos:broader http://paikkatiedot.fi/def/1001001/p5 found, but not eliminated because eliminate_redundancy is not set
WARNING: Redundant hierarchical relationship http://paikkatiedot.fi/def/1001001/p223 skos:broader http://paikkatiedot.fi/def/1001001/p5 found, but not eliminated because eliminate_redundancy is not set
WARNING: Redundant hierarchical relationship http://paikkatiedot.fi/def/1001001/p243 skos:broader http://paikkatiedot.fi/def/1001001/p5 found, but not eliminated because eliminate_redundancy is not set
WARNING: Redundant hierarchical relationship http://paikkatiedot.fi/def/1001001/p160 skos:broader http://paikkatiedot.fi/def/1001001/p5 found, but not eliminated because eliminate_redundancy is not set
WARNING: Redundant hierarchical relationship http://paikkatiedot.fi/def/1001001/p340 skos:broader http://paikkatiedot.fi/def/1001001/p5 found, but not eliminated because eliminate_redundancy is not set
WARNING: Redundant hierarchical relationship http://paikkatiedot.fi/def/1001001/p269 skos:broader http://paikkatiedot.fi/def/1001001/p5 found, but not eliminated because eliminate_redundancy is not set
WARNING: Redundant hierarchical relationship http://paikkatiedot.fi/def/1001001/p24 skos:broader http://paikkatiedot.fi/def/1001001/p5 found, but not eliminated because eliminate_redundancy is not set
WARNING: Redundant hierarchical relationship http://paikkatiedot.fi/def/1001001/p153 skos:broader http://paikkatiedot.fi/def/1001001/p5 found, but not eliminated because eliminate_redundancy is not set
WARNING: Redundant hierarchical relationship http://paikkatiedot.fi/def/1001001/p90 skos:broader http://paikkatiedot.fi/def/1001001/p5 found, but not eliminated because eliminate_redundancy is not set
WARNING: Redundant hierarchical relationship http://paikkatiedot.fi/def/1001001/p31 skos:broader http://paikkatiedot.fi/def/1001001/p5 found, but not eliminated because eliminate_redundancy is not set
WARNING: Redundant hierarchical relationship http://paikkatiedot.fi/def/1001001/p26 skos:broader http://paikkatiedot.fi/def/1001001/p5 found, but not eliminated because eliminate_redundancy is not set
WARNING: Redundant hierarchical relationship http://paikkatiedot.fi/def/1001001/p467 skos:broader http://paikkatiedot.fi/def/1001001/p5 found, but not eliminated because eliminate_redundancy is not set
WARNING: Redundant hierarchical relationship http://paikkatiedot.fi/def/1001001/p159 skos:broader http://paikkatiedot.fi/def/1001001/p5 found, but not eliminated because eliminate_redundancy is not set
WARNING: Redundant hierarchical relationship http://paikkatiedot.fi/def/1001001/p286 skos:broader http://paikkatiedot.fi/def/1001001/p5 found, but not eliminated because eliminate_redundancy is not set
WARNING: Redundant hierarchical relationship http://paikkatiedot.fi/def/1001003/p210 skos:broader http://paikkatiedot.fi/def/1001003/p20 found, but not eliminated because eliminate_redundancy is not set
WARNING: Redundant hierarchical relationship http://paikkatiedot.fi/def/1001001/p284 skos:broader http://paikkatiedot.fi/def/1001001/p5 found, but not eliminated because eliminate_redundancy is not set
WARNING: Redundant hierarchical relationship http://paikkatiedot.fi/def/1001001/p109 skos:broader http://paikkatiedot.fi/def/1001001/p5 found, but not eliminated because eliminate_redundancy is not set
WARNING: Redundant hierarchical relationship http://paikkatiedot.fi/def/1001003/p36 skos:broader http://paikkatiedot.fi/def/1001003/p20 found, but not eliminated because eliminate_redundancy is not set
WARNING: Redundant hierarchical relationship http://paikkatiedot.fi/def/1001001/p161 skos:broader http://paikkatiedot.fi/def/1001001/p5 found, but not eliminated because eliminate_redundancy is not set
WARNING: Redundant hierarchical relationship http://paikkatiedot.fi/def/1001001/p137 skos:broader http://paikkatiedot.fi/def/1001001/p5 found, but not eliminated because eliminate_redundancy is not set
WARNING: Redundant hierarchical relationship http://paikkatiedot.fi/def/1001001/p138 skos:broader http://paikkatiedot.fi/def/1001001/p5 found, but not eliminated because eliminate_redundancy is not set
WARNING: Redundant hierarchical relationship http://paikkatiedot.fi/def/1001001/p104 skos:broader http://paikkatiedot.fi/def/1001001/p5 found, but not eliminated because eliminate_redundancy is not set
WARNING: Redundant hierarchical relationship http://paikkatiedot.fi/def/1001001/p263 skos:broader http://paikkatiedot.fi/def/1001001/p5 found, but not eliminated because eliminate_redundancy is not set
WARNING: Redundant hierarchical relationship http://paikkatiedot.fi/def/1001001/p43 skos:broader http://paikkatiedot.fi/def/1001001/p5 found, but not eliminated because eliminate_redundancy is not set
WARNING: Redundant hierarchical relationship http://paikkatiedot.fi/def/1001001/p410 skos:broader http://paikkatiedot.fi/def/1001001/p5 found, but not eliminated because eliminate_redundancy is not set
WARNING: Redundant hierarchical relationship http://paikkatiedot.fi/def/1001003/p210 skos:broader http://paikkatiedot.fi/def/1001003/p20 found, but not eliminated because eliminate_redundancy is not set
WARNING: Redundant hierarchical relationship http://paikkatiedot.fi/def/1001003/p172 skos:broader http://paikkatiedot.fi/def/1001003/p20 found, but not eliminated because eliminate_redundancy is not set
WARNING: Redundant hierarchical relationship http://paikkatiedot.fi/def/1001001/p313 skos:broader http://paikkatiedot.fi/def/1001001/p5 found, but not eliminated because eliminate_redundancy is not set
WARNING: Redundant hierarchical relationship http://paikkatiedot.fi/def/1001001/p188 skos:broader http://paikkatiedot.fi/def/1001001/p5 found, but not eliminated because eliminate_redundancy is not set
WARNING: Redundant hierarchical relationship http://paikkatiedot.fi/def/1001001/p430 skos:broader http://paikkatiedot.fi/def/1001001/p5 found, but not eliminated because eliminate_redundancy is not set
WARNING: Redundant hierarchical relationship http://paikkatiedot.fi/def/1001001/p192 skos:broader http://paikkatiedot.fi/def/1001001/p5 found, but not eliminated because eliminate_redundancy is not set
WARNING: Redundant hierarchical relationship http://paikkatiedot.fi/def/1001001/p469 skos:broader http://paikkatiedot.fi/def/1001001/p5 found, but not eliminated because eliminate_redundancy is not set
WARNING: Redundant hierarchical relationship http://paikkatiedot.fi/def/1001001/p110 skos:broader http://paikkatiedot.fi/def/1001001/p5 found, but not eliminated because eliminate_redundancy is not set
WARNING: Redundant hierarchical relationship http://paikkatiedot.fi/def/1001001/p247 skos:broader http://paikkatiedot.fi/def/1001001/p5 found, but not eliminated because eliminate_redundancy is not set
WARNING: Redundant hierarchical relationship http://paikkatiedot.fi/def/1001001/p343 skos:broader http://paikkatiedot.fi/def/1001001/p5 found, but not eliminated because eliminate_redundancy is not set
WARNING: Redundant hierarchical relationship http://paikkatiedot.fi/def/1001003/p38 skos:broader http://paikkatiedot.fi/def/1001003/p20 found, but not eliminated because eliminate_redundancy is not set
WARNING: Redundant hierarchical relationship http://paikkatiedot.fi/def/1001003/p177 skos:broader http://paikkatiedot.fi/def/1001003/p73 found, but not eliminated because eliminate_redundancy is not set
WARNING: Redundant hierarchical relationship http://paikkatiedot.fi/def/1001001/p242 skos:broader http://paikkatiedot.fi/def/1001001/p5 found, but not eliminated because eliminate_redundancy is not set
WARNING: Redundant hierarchical relationship http://paikkatiedot.fi/def/1001001/p425 skos:broader http://paikkatiedot.fi/def/1001001/p5 found, but not eliminated because eliminate_redundancy is not set
WARNING: Redundant hierarchical relationship http://paikkatiedot.fi/def/1001003/p86 skos:broader http://paikkatiedot.fi/def/1001003/p20 found, but not eliminated because eliminate_redundancy is not set
WARNING: Redundant hierarchical relationship http://paikkatiedot.fi/def/1001001/p135 skos:broader http://paikkatiedot.fi/def/1001001/p5 found, but not eliminated because eliminate_redundancy is not set
WARNING: Redundant hierarchical relationship http://paikkatiedot.fi/def/1001001/p135 skos:broader http://paikkatiedot.fi/def/1001001/p47 found, but not eliminated because eliminate_redundancy is not set
WARNING: Redundant hierarchical relationship http://paikkatiedot.fi/def/1001001/p425 skos:broader http://paikkatiedot.fi/def/1001001/p5 found, but not eliminated because eliminate_redundancy is not set
WARNING: Redundant hierarchical relationship http://paikkatiedot.fi/def/1001001/p425 skos:broader http://paikkatiedot.fi/def/1001001/p47 found, but not eliminated because eliminate_redundancy is not set
WARNING: Redundant hierarchical relationship http://paikkatiedot.fi/def/1001001/p440 skos:broader http://paikkatiedot.fi/def/1001001/p5 found, but not eliminated because eliminate_redundancy is not set
WARNING: Redundant hierarchical relationship http://paikkatiedot.fi/def/1001001/p472 skos:broader http://paikkatiedot.fi/def/1001001/p5 found, but not eliminated because eliminate_redundancy is not set
WARNING: Redundant hierarchical relationship http://paikkatiedot.fi/def/1001001/p224 skos:broader http://paikkatiedot.fi/def/1001001/p5 found, but not eliminated because eliminate_redundancy is not set
WARNING: Redundant hierarchical relationship http://paikkatiedot.fi/def/1001001/p98 skos:broader http://paikkatiedot.fi/def/1001001/p5 found, but not eliminated because eliminate_redundancy is not set
WARNING: Redundant hierarchical relationship http://paikkatiedot.fi/def/1001003/p92 skos:broader http://paikkatiedot.fi/def/1001003/p74 found, but not eliminated because eliminate_redundancy is not set
WARNING: Redundant hierarchical relationship http://paikkatiedot.fi/def/1001001/p240 skos:broader http://paikkatiedot.fi/def/1001001/p5 found, but not eliminated because eliminate_redundancy is not set
WARNING: Redundant hierarchical relationship http://paikkatiedot.fi/def/1001003/p106 skos:broader http://paikkatiedot.fi/def/1001003/p20 found, but not eliminated because eliminate_redundancy is not set
WARNING: Redundant hierarchical relationship http://paikkatiedot.fi/def/1001001/p352 skos:broader http://paikkatiedot.fi/def/1001001/p5 found, but not eliminated because eliminate_redundancy is not set
WARNING: Redundant hierarchical relationship http://paikkatiedot.fi/def/1001003/p29 skos:broader http://paikkatiedot.fi/def/1001003/p20 found, but not eliminated because eliminate_redundancy is not set
WARNING: Redundant hierarchical relationship http://paikkatiedot.fi/def/1001001/p454 skos:broader http://paikkatiedot.fi/def/1001001/p5 found, but not eliminated because eliminate_redundancy is not set
WARNING: Redundant hierarchical relationship http://paikkatiedot.fi/def/1001001/p456 skos:broader http://paikkatiedot.fi/def/1001001/p5 found, but not eliminated because eliminate_redundancy is not set
WARNING: Redundant hierarchical relationship http://paikkatiedot.fi/def/1001001/p375 skos:broader http://paikkatiedot.fi/def/1001001/p5 found, but not eliminated because eliminate_redundancy is not set
WARNING: Redundant hierarchical relationship http://paikkatiedot.fi/def/1001001/p46 skos:broader http://paikkatiedot.fi/def/1001001/p5 found, but not eliminated because eliminate_redundancy is not set
WARNING: Redundant hierarchical relationship http://paikkatiedot.fi/def/1001001/p256 skos:broader http://paikkatiedot.fi/def/1001001/p5 found, but not eliminated because eliminate_redundancy is not set
WARNING: Redundant hierarchical relationship http://paikkatiedot.fi/def/1001003/p118 skos:broader http://paikkatiedot.fi/def/1001003/p74 found, but not eliminated because eliminate_redundancy is not set
WARNING: Redundant hierarchical relationship http://paikkatiedot.fi/def/1001001/p465 skos:broader http://paikkatiedot.fi/def/1001001/p5 found, but not eliminated because eliminate_redundancy is not set
WARNING: Redundant hierarchical relationship http://paikkatiedot.fi/def/1001003/p98 skos:broader http://paikkatiedot.fi/def/1001003/p20 found, but not eliminated because eliminate_redundancy is not set
WARNING: Redundant hierarchical relationship http://paikkatiedot.fi/def/1001003/p198 skos:broader http://paikkatiedot.fi/def/1001003/p73 found, but not eliminated because eliminate_redundancy is not set
WARNING: Redundant hierarchical relationship http://paikkatiedot.fi/def/1001001/p388 skos:broader http://paikkatiedot.fi/def/1001001/p5 found, but not eliminated because eliminate_redundancy is not set
WARNING: Redundant hierarchical relationship http://paikkatiedot.fi/def/1001001/p264 skos:broader http://paikkatiedot.fi/def/1001001/p5 found, but not eliminated because eliminate_redundancy is not set
WARNING: Redundant hierarchical relationship http://paikkatiedot.fi/def/1001001/p270 skos:broader http://paikkatiedot.fi/def/1001001/p5 found, but not eliminated because eliminate_redundancy is not set
WARNING: Redundant hierarchical relationship http://paikkatiedot.fi/def/1001001/p435 skos:broader http://paikkatiedot.fi/def/1001001/p5 found, but not eliminated because eliminate_redundancy is not set
WARNING: Redundant hierarchical relationship http://paikkatiedot.fi/def/1001001/p447 skos:broader http://paikkatiedot.fi/def/1001001/p5 found, but not eliminated because eliminate_redundancy is not set
WARNING: Redundant hierarchical relationship http://paikkatiedot.fi/def/1001001/p193 skos:broader http://paikkatiedot.fi/def/1001001/p5 found, but not eliminated because eliminate_redundancy is not set
WARNING: Redundant hierarchical relationship http://paikkatiedot.fi/def/1001001/p461 skos:broader http://paikkatiedot.fi/def/1001001/p5 found, but not eliminated because eliminate_redundancy is not set
WARNING: Redundant hierarchical relationship http://paikkatiedot.fi/def/1001001/p418 skos:broader http://paikkatiedot.fi/def/1001001/p5 found, but not eliminated because eliminate_redundancy is not set
WARNING: Redundant hierarchical relationship http://paikkatiedot.fi/def/1001001/p239 skos:broader http://paikkatiedot.fi/def/1001001/p5 found, but not eliminated because eliminate_redundancy is not set
WARNING: Redundant hierarchical relationship http://paikkatiedot.fi/def/1001001/p453 skos:broader http://paikkatiedot.fi/def/1001001/p5 found, but not eliminated because eliminate_redundancy is not set
WARNING: Redundant hierarchical relationship http://paikkatiedot.fi/def/1001001/p135 skos:broader http://paikkatiedot.fi/def/1001001/p5 found, but not eliminated because eliminate_redundancy is not set
WARNING: Redundant hierarchical relationship http://paikkatiedot.fi/def/1001001/p28 skos:broader http://paikkatiedot.fi/def/1001001/p5 found, but not eliminated because eliminate_redundancy is not set
WARNING: Redundant hierarchical relationship http://paikkatiedot.fi/def/1001001/p404 skos:broader http://paikkatiedot.fi/def/1001001/p5 found, but not eliminated because eliminate_redundancy is not set
WARNING: Redundant hierarchical relationship http://paikkatiedot.fi/def/1001001/p394 skos:broader http://paikkatiedot.fi/def/1001001/p5 found, but not eliminated because eliminate_redundancy is not set
WARNING: Redundant hierarchical relationship http://paikkatiedot.fi/def/1001003/p110 skos:broader http://paikkatiedot.fi/def/1001003/p20 found, but not eliminated because eliminate_redundancy is not set
WARNING: Redundant hierarchical relationship http://paikkatiedot.fi/def/1001001/p413 skos:broader http://paikkatiedot.fi/def/1001001/p5 found, but not eliminated because eliminate_redundancy is not set
WARNING: Redundant hierarchical relationship http://paikkatiedot.fi/def/1001001/p279 skos:broader http://paikkatiedot.fi/def/1001001/p5 found, but not eliminated because eliminate_redundancy is not set
WARNING: Redundant hierarchical relationship http://paikkatiedot.fi/def/1001003/p209 skos:broader http://paikkatiedot.fi/def/1001003/p20 found, but not eliminated because eliminate_redundancy is not set
WARNING: Redundant hierarchical relationship http://paikkatiedot.fi/def/1001001/p125 skos:broader http://paikkatiedot.fi/def/1001001/p5 found, but not eliminated because eliminate_redundancy is not set
WARNING: Redundant hierarchical relationship http://paikkatiedot.fi/def/1001001/p140 skos:broader http://paikkatiedot.fi/def/1001001/p83 found, but not eliminated because eliminate_redundancy is not set
WARNING: Redundant hierarchical relationship http://paikkatiedot.fi/def/1001001/p442 skos:broader http://paikkatiedot.fi/def/1001001/p83 found, but not eliminated because eliminate_redundancy is not set
WARNING: Redundant hierarchical relationship http://paikkatiedot.fi/def/1001003/p219 skos:broader http://paikkatiedot.fi/def/1001003/p20 found, but not eliminated because eliminate_redundancy is not set
WARNING: Redundant hierarchical relationship http://paikkatiedot.fi/def/1001001/p19 skos:broader http://paikkatiedot.fi/def/1001001/p5 found, but not eliminated because eliminate_redundancy is not set
WARNING: Redundant hierarchical relationship http://paikkatiedot.fi/def/1001001/p265 skos:broader http://paikkatiedot.fi/def/1001001/p5 found, but not eliminated because eliminate_redundancy is not set
WARNING: Redundant hierarchical relationship http://paikkatiedot.fi/def/1001001/p355 skos:broader http://paikkatiedot.fi/def/1001001/p5 found, but not eliminated because eliminate_redundancy is not set
WARNING: Redundant hierarchical relationship http://paikkatiedot.fi/def/1001003/p170 skos:broader http://paikkatiedot.fi/def/1001003/p20 found, but not eliminated because eliminate_redundancy is not set
WARNING: Redundant hierarchical relationship http://paikkatiedot.fi/def/1001001/p271 skos:broader http://paikkatiedot.fi/def/1001001/p5 found, but not eliminated because eliminate_redundancy is not set
WARNING: Redundant hierarchical relationship http://paikkatiedot.fi/def/1001001/p214 skos:broader http://paikkatiedot.fi/def/1001001/p5 found, but not eliminated because eliminate_redundancy is not set
WARNING: Redundant hierarchical relationship http://paikkatiedot.fi/def/1001001/p66 skos:broader http://paikkatiedot.fi/def/1001001/p5 found, but not eliminated because eliminate_redundancy is not set
WARNING: Redundant hierarchical relationship http://paikkatiedot.fi/def/1001001/p170 skos:broader http://paikkatiedot.fi/def/1001001/p5 found, but not eliminated because eliminate_redundancy is not set
WARNING: Redundant hierarchical relationship http://paikkatiedot.fi/def/1001001/p471 skos:broader http://paikkatiedot.fi/def/1001001/p5 found, but not eliminated because eliminate_redundancy is not set
WARNING: Redundant hierarchical relationship http://paikkatiedot.fi/def/1001001/p14 skos:broader http://paikkatiedot.fi/def/1001001/p5 found, but not eliminated because eliminate_redundancy is not set
WARNING: Redundant hierarchical relationship http://paikkatiedot.fi/def/1001001/p431 skos:broader http://paikkatiedot.fi/def/1001001/p5 found, but not eliminated because eliminate_redundancy is not set
WARNING: Redundant hierarchical relationship http://paikkatiedot.fi/def/1001001/p308 skos:broader http://paikkatiedot.fi/def/1001001/p83 found, but not eliminated because eliminate_redundancy is not set
WARNING: Redundant hierarchical relationship http://paikkatiedot.fi/def/1001003/p36 skos:broader http://paikkatiedot.fi/def/1001003/p20 found, but not eliminated because eliminate_redundancy is not set
WARNING: Redundant hierarchical relationship http://paikkatiedot.fi/def/1001003/p68 skos:broader http://paikkatiedot.fi/def/1001003/p20 found, but not eliminated because eliminate_redundancy is not set
WARNING: Redundant hierarchical relationship http://paikkatiedot.fi/def/1001001/p180 skos:broader http://paikkatiedot.fi/def/1001001/p5 found, but not eliminated because eliminate_redundancy is not set
WARNING: Redundant hierarchical relationship http://paikkatiedot.fi/def/1001003/p128 skos:broader http://paikkatiedot.fi/def/1001003/p20 found, but not eliminated because eliminate_redundancy is not set
WARNING: Redundant hierarchical relationship http://paikkatiedot.fi/def/1001001/p261 skos:broader http://paikkatiedot.fi/def/1001001/p5 found, but not eliminated because eliminate_redundancy is not set
WARNING: Redundant hierarchical relationship http://paikkatiedot.fi/def/1001001/p44 skos:broader http://paikkatiedot.fi/def/1001001/p5 found, but not eliminated because eliminate_redundancy is not set
WARNING: Redundant hierarchical relationship http://paikkatiedot.fi/def/1001001/p31 skos:broader http://paikkatiedot.fi/def/1001001/p5 found, but not eliminated because eliminate_redundancy is not set
WARNING: Redundant hierarchical relationship http://paikkatiedot.fi/def/1001001/p17 skos:broader http://paikkatiedot.fi/def/1001001/p5 found, but not eliminated because eliminate_redundancy is not set
WARNING: Resource http://paikkatiedot.fi/def/1001001/p384 has 'liikuntapalvelut'@fi as both prefLabel and altLabel; removing altLabel
WARNING: Resource http://paikkatiedot.fi/def/1001003/p95 has 'spatiaalinen operaattori'@fi as both altLabel and hiddenLabel; removing hiddenLabel
