http://www.yso.fi/onto/kto/compound_names	http://www.yso.fi/onto/kto/p0	2012-10-15 17:32:12
http://www.yso.fi/onto/kto/construction_of_names	http://www.yso.fi/onto/kto/p1	2012-10-15 17:32:12
http://www.yso.fi/onto/kto/noncompound_names	http://www.yso.fi/onto/kto/p2	2012-10-15 17:32:12
http://www.yso.fi/onto/kto/postpositional_names	http://www.yso.fi/onto/kto/p3	2012-10-15 17:32:12
http://www.yso.fi/onto/kto/prepositional_names	http://www.yso.fi/onto/kto/p4	2012-10-15 17:32:12
http://www.yso.fi/onto/kto/epexegesis	http://www.yso.fi/onto/kto/p5	2012-10-15 17:32:12
http://www.yso.fi/onto/kto/phrase_names	http://www.yso.fi/onto/kto/p6	2012-10-15 17:32:12
http://www.yso.fi/onto/kto/elliptical_names	http://www.yso.fi/onto/kto/p7	2012-10-15 17:32:12
http://www.yso.fi/onto/kto/associate_names	http://www.yso.fi/onto/kto/p8	2012-10-15 17:32:12
http://www.yso.fi/onto/kto/clause_equivalents	http://www.yso.fi/onto/kto/p9	2012-10-15 17:32:12
http://www.yso.fi/onto/kto/syntactic_structures	http://www.yso.fi/onto/kto/p10	2012-10-15 17:32:12
http://www.yso.fi/onto/kto/postpositional_construction	http://www.yso.fi/onto/kto/p11	2012-10-15 17:32:12
http://www.yso.fi/onto/kto/passive_construction	http://www.yso.fi/onto/kto/p12	2012-10-15 17:32:12
http://www.yso.fi/onto/kto/non-finite_constructions	http://www.yso.fi/onto/kto/p13	2012-10-15 17:32:12
http://www.yso.fi/onto/kto/impersonal_construction	http://www.yso.fi/onto/kto/p14	2012-10-15 17:32:12
http://www.yso.fi/onto/kto/prepositional_construction	http://www.yso.fi/onto/kto/p15	2012-10-15 17:32:12
http://www.yso.fi/onto/kto/possessive_construction	http://www.yso.fi/onto/kto/p16	2012-10-15 17:32:12
http://www.yso.fi/onto/kto/ergative_construction	http://www.yso.fi/onto/kto/p17	2012-10-15 17:32:12
http://www.yso.fi/onto/kto/comparative_construction	http://www.yso.fi/onto/kto/p18	2012-10-15 17:32:12
http://www.yso.fi/onto/kto/nominal_construction	http://www.yso.fi/onto/kto/p19	2012-10-15 17:32:12
http://www.yso.fi/onto/kto/loan_words	http://www.yso.fi/onto/kto/p20	2012-10-15 17:32:12
http://www.yso.fi/onto/kto/Kielitieteen_kasitteet	http://www.yso.fi/onto/kto/p21	2012-10-15 17:32:12
http://www.yso.fi/onto/kto/lexicology	http://www.yso.fi/onto/kto/p22	2012-10-15 17:32:12
http://www.yso.fi/onto/kto/language_contacts	http://www.yso.fi/onto/kto/p23	2012-10-15 17:32:12
http://www.yso.fi/onto/kto/foreign_words	http://www.yso.fi/onto/kto/p24	2012-10-15 17:32:12
http://www.yso.fi/onto/kto/hypercorrection	http://www.yso.fi/onto/kto/p25	2012-10-15 17:32:12
http://www.yso.fi/onto/kto/sosiolingvistiset_ilmiöt	http://www.yso.fi/onto/kto/p26	2012-10-15 17:32:12
http://www.yso.fi/onto/kto/sociolinguistics	http://www.yso.fi/onto/kto/p27	2012-10-15 17:32:12
http://www.yso.fi/onto/kto/idiolects	http://www.yso.fi/onto/kto/p28	2012-10-15 17:32:12
http://www.yso.fi/onto/kto/variables	http://www.yso.fi/onto/kto/p29	2012-10-15 17:32:12
http://www.yso.fi/onto/kto/nominalization	http://www.yso.fi/onto/kto/p30	2012-10-15 17:32:12
http://www.yso.fi/onto/kto/transformation	http://www.yso.fi/onto/kto/p31	2012-10-15 17:32:12
http://www.yso.fi/onto/kto/raising	http://www.yso.fi/onto/kto/p32	2012-10-15 17:32:12
http://www.yso.fi/onto/kto/deletion	http://www.yso.fi/onto/kto/p33	2012-10-15 17:32:12
http://www.yso.fi/onto/kto/demotion	http://www.yso.fi/onto/kto/p34	2012-10-15 17:32:12
http://www.yso.fi/onto/kto/embedding	http://www.yso.fi/onto/kto/p35	2012-10-15 17:32:12
http://www.yso.fi/onto/kto/siirto_--_kielelliset_ilmiöt	http://www.yso.fi/onto/kto/p36	2012-10-15 17:32:12
http://www.yso.fi/onto/kto/topicalization	http://www.yso.fi/onto/kto/p37	2012-10-15 17:32:12
http://www.yso.fi/onto/kto/embedded_clause	http://www.yso.fi/onto/kto/p38	2012-10-15 17:32:12
http://www.yso.fi/onto/kto/sentence_types	http://www.yso.fi/onto/kto/p39	2012-10-15 17:32:12
http://www.yso.fi/onto/kto/names_of_actions	http://www.yso.fi/onto/kto/p40	2012-10-15 17:32:12
http://www.yso.fi/onto/kto/derivative_types	http://www.yso.fi/onto/kto/p41	2012-10-15 17:32:12
http://www.yso.fi/onto/kto/activeness	http://www.yso.fi/onto/kto/p42	2012-10-15 17:32:12
http://www.yso.fi/onto/kto/Aktionsart	http://www.yso.fi/onto/kto/p43	2012-10-15 17:32:12
http://www.yso.fi/onto/kto/passiveness	http://www.yso.fi/onto/kto/p44	2012-10-15 17:32:12
http://www.yso.fi/onto/kto/inchoativity	http://www.yso.fi/onto/kto/p45	2012-10-15 17:32:12
http://www.yso.fi/onto/kto/factitivity	http://www.yso.fi/onto/kto/p46	2012-10-15 17:32:12
http://www.yso.fi/onto/kto/continuativity	http://www.yso.fi/onto/kto/p47	2012-10-15 17:32:12
http://www.yso.fi/onto/kto/mutativity	http://www.yso.fi/onto/kto/p48	2012-10-15 17:32:12
http://www.yso.fi/onto/kto/durativity	http://www.yso.fi/onto/kto/p49	2012-10-15 17:32:12
http://www.yso.fi/onto/kto/iterativity	http://www.yso.fi/onto/kto/p50	2012-10-15 17:32:12
http://www.yso.fi/onto/kto/kausatiivisuus	http://www.yso.fi/onto/kto/p51	2012-10-15 17:32:12
http://www.yso.fi/onto/kto/dynamism	http://www.yso.fi/onto/kto/p52	2012-10-15 17:32:12
http://www.yso.fi/onto/kto/augmentativeness	http://www.yso.fi/onto/kto/p53	2012-10-15 17:32:12
http://www.yso.fi/onto/kto/automativeness	http://www.yso.fi/onto/kto/p54	2012-10-15 17:32:12
http://www.yso.fi/onto/kto/frequentativity	http://www.yso.fi/onto/kto/p55	2012-10-15 17:32:12
http://www.yso.fi/onto/kto/agentivity	http://www.yso.fi/onto/kto/p56	2012-10-15 17:32:12
http://www.yso.fi/onto/kto/stativeness	http://www.yso.fi/onto/kto/p57	2012-10-15 17:32:12
http://www.yso.fi/onto/kto/momentaneousness	http://www.yso.fi/onto/kto/p58	2012-10-15 17:32:12
http://www.yso.fi/onto/kto/temporality	http://www.yso.fi/onto/kto/p59	2012-10-15 17:32:12
http://www.yso.fi/onto/kto/reflexiveness	http://www.yso.fi/onto/kto/p60	2012-10-15 17:32:12
http://www.yso.fi/onto/kto/positive	http://www.yso.fi/onto/kto/p61	2012-10-15 17:32:12
http://www.yso.fi/onto/kto/comparison	http://www.yso.fi/onto/kto/p62	2012-10-15 17:32:12
http://www.yso.fi/onto/kto/superlative	http://www.yso.fi/onto/kto/p63	2012-10-15 17:32:12
http://www.yso.fi/onto/kto/comparative	http://www.yso.fi/onto/kto/p64	2012-10-15 17:32:12
http://www.yso.fi/onto/kto/grammar	http://www.yso.fi/onto/kto/p65	2012-10-15 17:32:12
http://www.yso.fi/onto/kto/glossematics	http://www.yso.fi/onto/kto/p66	2012-10-15 17:32:12
http://www.yso.fi/onto/kto/grammatical_theories	http://www.yso.fi/onto/kto/p67	2012-10-15 17:32:12
http://www.yso.fi/onto/kto/cultural_names	http://www.yso.fi/onto/kto/p68	2012-10-15 17:32:12
http://www.yso.fi/onto/kto/place_names	http://www.yso.fi/onto/kto/p69	2012-10-15 17:32:12
http://www.yso.fi/onto/kto/natural_names	http://www.yso.fi/onto/kto/p70	2012-10-15 17:32:12
http://www.yso.fi/onto/kto/commemorative_names	http://www.yso.fi/onto/kto/p71	2012-10-15 17:32:12
http://www.yso.fi/onto/kto/flexion	http://www.yso.fi/onto/kto/p72	2012-10-15 17:32:12
http://www.yso.fi/onto/kto/muoto-opilliset_ilmiöt	http://www.yso.fi/onto/kto/p73	2012-10-15 17:32:12
http://www.yso.fi/onto/kto/linguistic_typology	http://www.yso.fi/onto/kto/p74	2012-10-15 17:32:12
http://www.yso.fi/onto/kto/isolation	http://www.yso.fi/onto/kto/p75	2012-10-15 17:32:12
http://www.yso.fi/onto/kto/agglutination	http://www.yso.fi/onto/kto/p76	2012-10-15 17:32:12
http://www.yso.fi/onto/kto/incorporation	http://www.yso.fi/onto/kto/p77	2012-10-15 17:32:12
http://www.yso.fi/onto/kto/suffixes	http://www.yso.fi/onto/kto/p78	2012-10-15 17:32:12
http://www.yso.fi/onto/kto/affixes	http://www.yso.fi/onto/kto/p79	2012-10-15 17:32:12
http://www.yso.fi/onto/kto/prefixes	http://www.yso.fi/onto/kto/p80	2012-10-15 17:32:12
http://www.yso.fi/onto/kto/infixes	http://www.yso.fi/onto/kto/p81	2012-10-15 17:32:12
http://www.yso.fi/onto/kto/polyphthongs	http://www.yso.fi/onto/kto/p82	2012-10-15 17:32:12
http://www.yso.fi/onto/kto/triphthongs	http://www.yso.fi/onto/kto/p83	2012-10-15 17:32:12
http://www.yso.fi/onto/kto/diphthongs	http://www.yso.fi/onto/kto/p84	2012-10-15 17:32:12
http://www.yso.fi/onto/kto/vowels	http://www.yso.fi/onto/kto/p85	2012-10-15 17:32:12
http://www.yso.fi/onto/kto/terms	http://www.yso.fi/onto/kto/p86	2012-10-15 17:32:12
http://www.yso.fi/onto/kto/erikoissanastot	http://www.yso.fi/onto/kto/p87	2012-10-15 17:32:12
http://www.yso.fi/onto/kto/astronomic_terms	http://www.yso.fi/onto/kto/p88	2012-10-15 17:32:12
http://www.yso.fi/onto/kto/phonetical_terms	http://www.yso.fi/onto/kto/p89	2012-10-15 17:32:13
http://www.yso.fi/onto/kto/library_terms	http://www.yso.fi/onto/kto/p90	2012-10-15 17:32:13
http://www.yso.fi/onto/kto/physiological_terms	http://www.yso.fi/onto/kto/p91	2012-10-15 17:32:13
http://www.yso.fi/onto/kto/lexical_fields	http://www.yso.fi/onto/kto/p92	2012-10-15 17:32:13
http://www.yso.fi/onto/kto/anatomical_terms	http://www.yso.fi/onto/kto/p93	2012-10-15 17:32:13
http://www.yso.fi/onto/kto/mathematical_terms	http://www.yso.fi/onto/kto/p94	2012-10-15 17:32:13
http://www.yso.fi/onto/kto/terms_of_philosophy	http://www.yso.fi/onto/kto/p95	2012-10-15 17:32:13
http://www.yso.fi/onto/kto/geological_terms	http://www.yso.fi/onto/kto/p96	2012-10-15 17:32:13
http://www.yso.fi/onto/kto/meteorological_terms	http://www.yso.fi/onto/kto/p97	2012-10-15 17:32:13
http://www.yso.fi/onto/kto/biological_terms	http://www.yso.fi/onto/kto/p98	2012-10-15 17:32:13
http://www.yso.fi/onto/kto/terms_of_chemistry	http://www.yso.fi/onto/kto/p99	2012-10-15 17:32:13
http://www.yso.fi/onto/kto/physical_terms	http://www.yso.fi/onto/kto/p100	2012-10-15 17:32:13
http://www.yso.fi/onto/kto/playing_and_game_vocabulary	http://www.yso.fi/onto/kto/p101	2012-10-15 17:32:13
http://www.yso.fi/onto/kto/etymology_--_tieteet	http://www.yso.fi/onto/kto/p102	2012-10-15 17:32:13
http://www.yso.fi/onto/kto/descriptive_words	http://www.yso.fi/onto/kto/p103	2012-10-15 17:32:13
http://www.yso.fi/onto/kto/phrases	http://www.yso.fi/onto/kto/p104	2012-10-15 17:32:13
http://www.yso.fi/onto/kto/word_formation	http://www.yso.fi/onto/kto/p105	2012-10-15 17:32:13
http://www.yso.fi/onto/kto/loan_translations	http://www.yso.fi/onto/kto/p106	2012-10-15 17:32:13
http://www.yso.fi/onto/kto/onomatopoeic_words	http://www.yso.fi/onto/kto/p107	2012-10-15 17:32:13
http://www.yso.fi/onto/kto/leksikologiset_ilmioet	http://www.yso.fi/onto/kto/p108	2012-10-15 17:32:13
http://www.yso.fi/onto/kto/neologisms	http://www.yso.fi/onto/kto/p109	2012-10-15 17:32:13
http://www.yso.fi/onto/kto/archaisms	http://www.yso.fi/onto/kto/p110	2012-10-15 17:32:13
http://www.yso.fi/onto/kto/leksikologiset_ilmiöt	http://www.yso.fi/onto/kto/p111	2012-10-15 17:32:13
http://www.yso.fi/onto/kto/euphemisms	http://www.yso.fi/onto/kto/p112	2012-10-15 17:32:13
http://www.yso.fi/onto/kto/contextual_meaning	http://www.yso.fi/onto/kto/p113	2012-10-15 17:32:13
http://www.yso.fi/onto/kto/morphophoneme	http://www.yso.fi/onto/kto/p114	2012-10-15 17:32:13
http://www.yso.fi/onto/kto/äänneopilliset_ilmiöt	http://www.yso.fi/onto/kto/p115	2012-10-15 17:32:13
http://www.yso.fi/onto/kto/morphophonology	http://www.yso.fi/onto/kto/p116	2012-10-15 17:32:13
http://www.yso.fi/onto/kto/morphophonematic_variation	http://www.yso.fi/onto/kto/p117	2012-10-15 17:32:13
http://www.yso.fi/onto/kto/conversational_dictionaries	http://www.yso.fi/onto/kto/p118	2012-10-15 17:32:13
http://www.yso.fi/onto/kto/phraseology	http://www.yso.fi/onto/kto/p119	2012-10-15 17:32:13
http://www.yso.fi/onto/kto/dictionaries	http://www.yso.fi/onto/kto/p120	2012-10-15 17:32:13
http://www.yso.fi/onto/kto/expressive_words	http://www.yso.fi/onto/kto/p121	2012-10-15 17:32:13
http://www.yso.fi/onto/kto/western_dialects	http://www.yso.fi/onto/kto/p122	2012-10-15 17:32:13
http://www.yso.fi/onto/kto/Finnish	http://www.yso.fi/onto/kto/p123	2012-10-15 17:32:13
http://www.yso.fi/onto/kto/eastern_dialects	http://www.yso.fi/onto/kto/p124	2012-10-15 17:32:13
http://www.yso.fi/onto/kto/prosodiikka	http://www.yso.fi/onto/kto/p125	2012-10-15 17:32:13
http://www.yso.fi/onto/kto/paino_--_puheen_prosodiset_ominaisuudet	http://www.yso.fi/onto/kto/p126	2012-10-15 17:32:13
http://www.yso.fi/onto/kto/mythological_vocabulary	http://www.yso.fi/onto/kto/p127	2012-10-15 17:32:13
http://www.yso.fi/onto/kto/phoneme_variation	http://www.yso.fi/onto/kto/p128	2012-10-15 17:32:13
http://www.yso.fi/onto/kto/morphemes	http://www.yso.fi/onto/kto/p129	2012-10-15 17:32:13
http://www.yso.fi/onto/kto/segmentation	http://www.yso.fi/onto/kto/p130	2012-10-15 17:32:13
http://www.yso.fi/onto/kto/morphology	http://www.yso.fi/onto/kto/p131	2012-10-15 17:32:13
http://www.yso.fi/onto/kto/Koryak	http://www.yso.fi/onto/kto/p132	2012-10-15 17:32:13
http://www.yso.fi/onto/kto/Luorawetlanic	http://www.yso.fi/onto/kto/p133	2012-10-15 17:32:13
http://www.yso.fi/onto/kto/statistics	http://www.yso.fi/onto/kto/p134	2012-10-15 17:32:13
http://www.yso.fi/onto/kto/materials	http://www.yso.fi/onto/kto/p135	2012-10-15 17:32:13
http://www.yso.fi/onto/kto/Uralic	http://www.yso.fi/onto/kto/p136	2012-10-15 17:32:13
http://www.yso.fi/onto/kto/transition_relevance_place	http://www.yso.fi/onto/kto/p137	2012-10-15 17:32:13
http://www.yso.fi/onto/kto/pragmaattiset_ilmiöt	http://www.yso.fi/onto/kto/p138	2012-10-15 17:32:13
http://www.yso.fi/onto/kto/dialogue	http://www.yso.fi/onto/kto/p139	2012-10-15 17:32:13
http://www.yso.fi/onto/kto/interruption	http://www.yso.fi/onto/kto/p140	2012-10-15 17:32:13
http://www.yso.fi/onto/kto/overlap	http://www.yso.fi/onto/kto/p141	2012-10-15 17:32:13
http://www.yso.fi/onto/kto/conversation_analysis	http://www.yso.fi/onto/kto/p142	2012-10-15 17:32:13
http://www.yso.fi/onto/kto/feedback	http://www.yso.fi/onto/kto/p143	2012-10-15 17:32:13
http://www.yso.fi/onto/kto/hedging	http://www.yso.fi/onto/kto/p144	2012-10-15 17:32:13
http://www.yso.fi/onto/kto/turn_taking	http://www.yso.fi/onto/kto/p145	2012-10-15 17:32:13
http://www.yso.fi/onto/kto/addressing	http://www.yso.fi/onto/kto/p146	2012-10-15 17:32:13
http://www.yso.fi/onto/kto/interaction	http://www.yso.fi/onto/kto/p147	2012-10-15 17:32:13
http://www.yso.fi/onto/kto/adjacency_pair	http://www.yso.fi/onto/kto/p148	2012-10-15 17:32:13
http://www.yso.fi/onto/kto/recipient	http://www.yso.fi/onto/kto/p149	2012-10-15 17:32:13
http://www.yso.fi/onto/kto/discourse_analysis	http://www.yso.fi/onto/kto/p150	2012-10-15 17:32:13
http://www.yso.fi/onto/kto/seafaring_vocabulary	http://www.yso.fi/onto/kto/p151	2012-10-15 17:32:13
http://www.yso.fi/onto/kto/inflectional_categories	http://www.yso.fi/onto/kto/p152	2012-10-15 17:32:13
http://www.yso.fi/onto/kto/inflection	http://www.yso.fi/onto/kto/p153	2012-10-15 17:32:13
http://www.yso.fi/onto/kto/pronunciation	http://www.yso.fi/onto/kto/p154	2012-10-15 17:32:13
http://www.yso.fi/onto/kto/palatalization	http://www.yso.fi/onto/kto/p155	2012-10-15 17:32:13
http://www.yso.fi/onto/kto/articulation	http://www.yso.fi/onto/kto/p156	2012-10-15 17:32:13
http://www.yso.fi/onto/kto/ortoepy	http://www.yso.fi/onto/kto/p157	2012-10-15 17:32:13
http://www.yso.fi/onto/kto/language_teaching	http://www.yso.fi/onto/kto/p158	2012-10-15 17:32:13
http://www.yso.fi/onto/kto/pronunciation_mistakes	http://www.yso.fi/onto/kto/p159	2012-10-15 17:32:13
http://www.yso.fi/onto/kto/writing	http://www.yso.fi/onto/kto/p160	2012-10-15 17:32:13
http://www.yso.fi/onto/kto/reading	http://www.yso.fi/onto/kto/p161	2012-10-15 17:32:13
http://www.yso.fi/onto/kto/composition	http://www.yso.fi/onto/kto/p162	2012-10-15 17:32:13
http://www.yso.fi/onto/kto/transcription	http://www.yso.fi/onto/kto/p163	2012-10-15 17:32:13
http://www.yso.fi/onto/kto/geminates	http://www.yso.fi/onto/kto/p164	2012-10-15 17:32:13
http://www.yso.fi/onto/kto/speech_analysis	http://www.yso.fi/onto/kto/p165	2012-10-15 17:32:13
http://www.yso.fi/onto/kto/phonetics	http://www.yso.fi/onto/kto/p166	2012-10-15 17:32:13
http://www.yso.fi/onto/kto/nouns_of_nature	http://www.yso.fi/onto/kto/p167	2012-10-15 17:32:13
http://www.yso.fi/onto/kto/nimet_nimeämiskohteen_mukaan	http://www.yso.fi/onto/kto/p168	2012-10-15 17:32:13
http://www.yso.fi/onto/kto/force	http://www.yso.fi/onto/kto/p169	2012-10-15 17:32:13
http://www.yso.fi/onto/kto/semantic_functions	http://www.yso.fi/onto/kto/p170	2012-10-15 17:32:13
http://www.yso.fi/onto/kto/experiencer	http://www.yso.fi/onto/kto/p171	2012-10-15 17:32:13
http://www.yso.fi/onto/kto/goal	http://www.yso.fi/onto/kto/p172	2012-10-15 17:32:13
http://www.yso.fi/onto/kto/instrument	http://www.yso.fi/onto/kto/p173	2012-10-15 17:32:13
http://www.yso.fi/onto/kto/source	http://www.yso.fi/onto/kto/p174	2012-10-15 17:32:13
http://www.yso.fi/onto/kto/neutral	http://www.yso.fi/onto/kto/p175	2012-10-15 17:32:13
http://www.yso.fi/onto/kto/benefactive	http://www.yso.fi/onto/kto/p176	2012-10-15 17:32:13
http://www.yso.fi/onto/kto/agentive	http://www.yso.fi/onto/kto/p177	2012-10-15 17:32:13
http://www.yso.fi/onto/kto/locative	http://www.yso.fi/onto/kto/p178	2012-10-15 17:32:13
http://www.yso.fi/onto/kto/anaphora	http://www.yso.fi/onto/kto/p179	2012-10-15 17:32:13
http://www.yso.fi/onto/kto/cohesive_devices	http://www.yso.fi/onto/kto/p180	2012-10-15 17:32:13
http://www.yso.fi/onto/kto/exophora	http://www.yso.fi/onto/kto/p181	2012-10-15 17:32:13
http://www.yso.fi/onto/kto/substitution	http://www.yso.fi/onto/kto/p182	2012-10-15 17:32:13
http://www.yso.fi/onto/kto/pronominalization	http://www.yso.fi/onto/kto/p183	2012-10-15 17:32:13
http://www.yso.fi/onto/kto/toisto_--_koheesiokeinot	http://www.yso.fi/onto/kto/p184	2012-10-15 17:32:13
http://www.yso.fi/onto/kto/ellipsis	http://www.yso.fi/onto/kto/p185	2012-10-15 17:32:13
http://www.yso.fi/onto/kto/cataphora	http://www.yso.fi/onto/kto/p186	2012-10-15 17:32:13
http://www.yso.fi/onto/kto/language_extinction	http://www.yso.fi/onto/kto/p187	2012-10-15 17:32:13
http://www.yso.fi/onto/kto/language_change	http://www.yso.fi/onto/kto/p188	2012-10-15 17:32:13
http://www.yso.fi/onto/kto/language_policy	http://www.yso.fi/onto/kto/p189	2012-10-15 17:32:13
http://www.yso.fi/onto/kto/variaatio_kielitiede	http://www.yso.fi/onto/kto/p190	2012-10-15 17:32:13
http://www.yso.fi/onto/kto/national_language	http://www.yso.fi/onto/kto/p191	2012-10-15 17:32:13
http://www.yso.fi/onto/kto/transition_of_language	http://www.yso.fi/onto/kto/p192	2012-10-15 17:32:13
http://www.yso.fi/onto/kto/bilingualism	http://www.yso.fi/onto/kto/p193	2012-10-15 17:32:13
http://www.yso.fi/onto/kto/Komi	http://www.yso.fi/onto/kto/p194	2012-10-15 17:32:13
http://www.yso.fi/onto/kto/Permic	http://www.yso.fi/onto/kto/p195	2012-10-15 17:32:13
http://www.yso.fi/onto/kto/local_cases	http://www.yso.fi/onto/kto/p196	2012-10-15 17:32:13
http://www.yso.fi/onto/kto/cases	http://www.yso.fi/onto/kto/p197	2012-10-15 17:32:13
http://www.yso.fi/onto/kto/separative_cases	http://www.yso.fi/onto/kto/p198	2012-10-15 17:32:13
http://www.yso.fi/onto/kto/lative_cases	http://www.yso.fi/onto/kto/p199	2012-10-15 17:32:13
http://www.yso.fi/onto/kto/Yukagir	http://www.yso.fi/onto/kto/p200	2012-10-15 17:32:13
http://www.yso.fi/onto/kto/Paleosiberian	http://www.yso.fi/onto/kto/p201	2012-10-15 17:32:13
http://www.yso.fi/onto/kto/language_atlases	http://www.yso.fi/onto/kto/p202	2012-10-15 17:32:13
http://www.yso.fi/onto/kto/maps	http://www.yso.fi/onto/kto/p203	2012-10-15 17:32:13
http://www.yso.fi/onto/kto/languages	http://www.yso.fi/onto/kto/p204	2012-10-15 17:32:13
http://www.yso.fi/onto/kto/generointi	http://www.yso.fi/onto/kto/p205	2012-10-15 17:32:13
http://www.yso.fi/onto/kto/generative_grammar	http://www.yso.fi/onto/kto/p206	2012-10-15 17:32:13
http://www.yso.fi/onto/kto/kielitieteelliset_tutkimusmenetelmät	http://www.yso.fi/onto/kto/p207	2012-10-15 17:32:14
http://www.yso.fi/onto/kto/Gothic	http://www.yso.fi/onto/kto/p208	2012-10-15 17:32:14
http://www.yso.fi/onto/kto/Germanic	http://www.yso.fi/onto/kto/p209	2012-10-15 17:32:14
http://www.yso.fi/onto/kto/syntax	http://www.yso.fi/onto/kto/p210	2012-10-15 17:32:14
http://www.yso.fi/onto/kto/lauseopilliset_ilmiöt	http://www.yso.fi/onto/kto/p211	2012-10-15 17:32:14
http://www.yso.fi/onto/kto/dating	http://www.yso.fi/onto/kto/p212	2012-10-15 17:32:14
http://www.yso.fi/onto/kto/sound_law	http://www.yso.fi/onto/kto/p213	2012-10-15 17:32:14
http://www.yso.fi/onto/kto/written_records_of_language	http://www.yso.fi/onto/kto/p214	2012-10-15 17:32:14
http://www.yso.fi/onto/kto/kinship_between_languages	http://www.yso.fi/onto/kto/p215	2012-10-15 17:32:14
http://www.yso.fi/onto/kto/reconstruction	http://www.yso.fi/onto/kto/p216	2012-10-15 17:32:14
http://www.yso.fi/onto/kto/glottochronology	http://www.yso.fi/onto/kto/p217	2012-10-15 17:32:14
http://www.yso.fi/onto/kto/history_of_language	http://www.yso.fi/onto/kto/p218	2012-10-15 17:32:14
http://www.yso.fi/onto/kto/Moksa_Mordvin	http://www.yso.fi/onto/kto/p219	2012-10-15 17:32:14
http://www.yso.fi/onto/kto/Mordvin	http://www.yso.fi/onto/kto/p220	2012-10-15 17:32:14
http://www.yso.fi/onto/kto/Erza_Mordvin	http://www.yso.fi/onto/kto/p221	2012-10-15 17:32:14
http://www.yso.fi/onto/kto/dissimilation	http://www.yso.fi/onto/kto/p222	2012-10-15 17:32:14
http://www.yso.fi/onto/kto/reduction	http://www.yso.fi/onto/kto/p223	2012-10-15 17:32:14
http://www.yso.fi/onto/kto/sandhi	http://www.yso.fi/onto/kto/p224	2012-10-15 17:32:14
http://www.yso.fi/onto/kto/stricture	http://www.yso.fi/onto/kto/p225	2012-10-15 17:32:14
http://www.yso.fi/onto/kto/loss	http://www.yso.fi/onto/kto/p226	2012-10-15 17:32:14
http://www.yso.fi/onto/kto/consonant_gradation	http://www.yso.fi/onto/kto/p227	2012-10-15 17:32:14
http://www.yso.fi/onto/kto/assimilation	http://www.yso.fi/onto/kto/p228	2012-10-15 17:32:14
http://www.yso.fi/onto/kto/pragmatics	http://www.yso.fi/onto/kto/p229	2012-10-15 17:32:14
http://www.yso.fi/onto/kto/illocutive_tone	http://www.yso.fi/onto/kto/p230	2012-10-15 17:32:14
http://www.yso.fi/onto/kto/text_linguistics	http://www.yso.fi/onto/kto/p231	2012-10-15 17:32:14
http://www.yso.fi/onto/kto/speech_functions	http://www.yso.fi/onto/kto/p232	2012-10-15 17:32:14
http://www.yso.fi/onto/kto/relevance	http://www.yso.fi/onto/kto/p233	2012-10-15 17:32:14
http://www.yso.fi/onto/kto/modality	http://www.yso.fi/onto/kto/p234	2012-10-15 17:32:14
http://www.yso.fi/onto/kto/maxims_of_conversation	http://www.yso.fi/onto/kto/p235	2012-10-15 17:32:14
http://www.yso.fi/onto/kto/presupposition	http://www.yso.fi/onto/kto/p236	2012-10-15 17:32:14
http://www.yso.fi/onto/kto/deixis	http://www.yso.fi/onto/kto/p237	2012-10-15 17:32:14
http://www.yso.fi/onto/kto/discourse_particle	http://www.yso.fi/onto/kto/p238	2012-10-15 17:32:14
http://www.yso.fi/onto/kto/inference	http://www.yso.fi/onto/kto/p239	2012-10-15 17:32:14
http://www.yso.fi/onto/kto/implication	http://www.yso.fi/onto/kto/p240	2012-10-15 17:32:14
http://www.yso.fi/onto/kto/speech_situation	http://www.yso.fi/onto/kto/p241	2012-10-15 17:32:14
http://www.yso.fi/onto/kto/speech_act	http://www.yso.fi/onto/kto/p242	2012-10-15 17:32:14
http://www.yso.fi/onto/kto/politeness	http://www.yso.fi/onto/kto/p243	2012-10-15 17:32:14
http://www.yso.fi/onto/kto/vowel_combinations	http://www.yso.fi/onto/kto/p244	2012-10-15 17:32:14
http://www.yso.fi/onto/kto/phonotaxis	http://www.yso.fi/onto/kto/p245	2012-10-15 17:32:14
http://www.yso.fi/onto/kto/Old_Norse	http://www.yso.fi/onto/kto/p246	2012-10-15 17:32:14
http://www.yso.fi/onto/kto/Scandinavian	http://www.yso.fi/onto/kto/p247	2012-10-15 17:32:14
http://www.yso.fi/onto/kto/sense	http://www.yso.fi/onto/kto/p248	2012-10-15 17:32:14
http://www.yso.fi/onto/kto/semanttiset_ilmiöt	http://www.yso.fi/onto/kto/p249	2012-10-15 17:32:14
http://www.yso.fi/onto/kto/analogy	http://www.yso.fi/onto/kto/p250	2012-10-15 17:32:14
http://www.yso.fi/onto/kto/word_semantics	http://www.yso.fi/onto/kto/p251	2012-10-15 17:32:14
http://www.yso.fi/onto/kto/denotation	http://www.yso.fi/onto/kto/p252	2012-10-15 17:32:14
http://www.yso.fi/onto/kto/referent	http://www.yso.fi/onto/kto/p253	2012-10-15 17:32:14
http://www.yso.fi/onto/kto/connotation	http://www.yso.fi/onto/kto/p254	2012-10-15 17:32:14
http://www.yso.fi/onto/kto/synonymy	http://www.yso.fi/onto/kto/p255	2012-10-15 17:32:14
http://www.yso.fi/onto/kto/same_reference	http://www.yso.fi/onto/kto/p256	2012-10-15 17:32:14
http://www.yso.fi/onto/kto/names_for_fire	http://www.yso.fi/onto/kto/p257	2012-10-15 17:32:14
http://www.yso.fi/onto/kto/orthography	http://www.yso.fi/onto/kto/p258	2012-10-15 17:32:14
http://www.yso.fi/onto/kto/history_of_research	http://www.yso.fi/onto/kto/p259	2012-10-15 17:32:14
http://www.yso.fi/onto/kto/Komi-Permyak	http://www.yso.fi/onto/kto/p260	2012-10-15 17:32:14
http://www.yso.fi/onto/kto/tradition_of_names	http://www.yso.fi/onto/kto/p261	2012-10-15 17:32:14
http://www.yso.fi/onto/kto/onomastics	http://www.yso.fi/onto/kto/p262	2012-10-15 17:32:14
http://www.yso.fi/onto/kto/immediate_constituents	http://www.yso.fi/onto/kto/p263	2012-10-15 17:32:14
http://www.yso.fi/onto/kto/kielelliset_ilmioet	http://www.yso.fi/onto/kto/p264	2012-10-15 17:32:14
http://www.yso.fi/onto/kto/functional_grammar	http://www.yso.fi/onto/kto/p265	2012-10-15 17:32:14
http://www.yso.fi/onto/kto/constituent_analysis	http://www.yso.fi/onto/kto/p266	2012-10-15 17:32:14
http://www.yso.fi/onto/kto/dependency_grammar	http://www.yso.fi/onto/kto/p267	2012-10-15 17:32:14
http://www.yso.fi/onto/kto/harnessing_vocabulary	http://www.yso.fi/onto/kto/p268	2012-10-15 17:32:14
http://www.yso.fi/onto/kto/infinitive_structure	http://www.yso.fi/onto/kto/p269	2012-10-15 17:32:14
http://www.yso.fi/onto/kto/participial_structure	http://www.yso.fi/onto/kto/p270	2012-10-15 17:32:14
http://www.yso.fi/onto/kto/gerundial_structure	http://www.yso.fi/onto/kto/p271	2012-10-15 17:32:14
http://www.yso.fi/onto/kto/Ob-Ugric	http://www.yso.fi/onto/kto/p272	2012-10-15 17:32:14
http://www.yso.fi/onto/kto/Finno-Ugric	http://www.yso.fi/onto/kto/p273	2012-10-15 17:32:14
http://www.yso.fi/onto/kto/Ugric	http://www.yso.fi/onto/kto/p274	2012-10-15 17:32:14
http://www.yso.fi/onto/kto/dialects	http://www.yso.fi/onto/kto/p275	2012-10-15 17:32:14
http://www.yso.fi/onto/kto/social_variation	http://www.yso.fi/onto/kto/p276	2012-10-15 17:32:14
http://www.yso.fi/onto/kto/areal_variation	http://www.yso.fi/onto/kto/p277	2012-10-15 17:32:14
http://www.yso.fi/onto/kto/dialectology	http://www.yso.fi/onto/kto/p278	2012-10-15 17:32:14
http://www.yso.fi/onto/kto/emotional_verbs	http://www.yso.fi/onto/kto/p279	2012-10-15 17:32:14
http://www.yso.fi/onto/kto/emotionalness	http://www.yso.fi/onto/kto/p280	2012-10-15 17:32:14
http://www.yso.fi/onto/kto/questionnaires	http://www.yso.fi/onto/kto/p281	2012-10-15 17:32:14
http://www.yso.fi/onto/kto/motivation	http://www.yso.fi/onto/kto/p282	2012-10-15 17:32:14
http://www.yso.fi/onto/kto/agnomina	http://www.yso.fi/onto/kto/p283	2012-10-15 17:32:14
http://www.yso.fi/onto/kto/erisnimet	http://www.yso.fi/onto/kto/p284	2012-10-15 17:32:14
http://www.yso.fi/onto/kto/given_names	http://www.yso.fi/onto/kto/p285	2012-10-15 17:32:14
http://www.yso.fi/onto/kto/matronyms	http://www.yso.fi/onto/kto/p286	2012-10-15 17:32:14
http://www.yso.fi/onto/kto/nicknames	http://www.yso.fi/onto/kto/p287	2012-10-15 17:32:14
http://www.yso.fi/onto/kto/hypocorisms	http://www.yso.fi/onto/kto/p288	2012-10-15 17:32:14
http://www.yso.fi/onto/kto/patronyms	http://www.yso.fi/onto/kto/p289	2012-10-15 17:32:14
http://www.yso.fi/onto/kto/individual_names	http://www.yso.fi/onto/kto/p290	2012-10-15 17:32:14
http://www.yso.fi/onto/kto/morphological_analysis	http://www.yso.fi/onto/kto/p291	2012-10-15 17:32:14
http://www.yso.fi/onto/kto/descriptiveness	http://www.yso.fi/onto/kto/p292	2012-10-15 17:32:14
http://www.yso.fi/onto/kto/accent	http://www.yso.fi/onto/kto/p293	2012-10-15 17:32:14
http://www.yso.fi/onto/kto/puheen_prosodiset_ominaisuudet	http://www.yso.fi/onto/kto/p294	2012-10-15 17:32:14
http://www.yso.fi/onto/kto/prosodiikka_--_aeaenneopilliset_ilmioet	http://www.yso.fi/onto/kto/p295	2012-10-15 17:32:14
http://www.yso.fi/onto/kto/semantic_variation	http://www.yso.fi/onto/kto/p296	2012-10-15 17:32:14
http://www.yso.fi/onto/kto/semantics	http://www.yso.fi/onto/kto/p297	2012-10-15 17:32:14
http://www.yso.fi/onto/kto/co-ordinating_conjunction	http://www.yso.fi/onto/kto/p298	2012-10-15 17:32:14
http://www.yso.fi/onto/kto/co-ordination	http://www.yso.fi/onto/kto/p299	2012-10-15 17:32:14
http://www.yso.fi/onto/kto/conjunctions	http://www.yso.fi/onto/kto/p300	2012-10-15 17:32:14
http://www.yso.fi/onto/kto/phonetics_phonology	http://www.yso.fi/onto/kto/p301	2012-10-15 17:32:14
http://www.yso.fi/onto/kto/syllable	http://www.yso.fi/onto/kto/p302	2012-10-15 17:32:14
http://www.yso.fi/onto/kto/consonants	http://www.yso.fi/onto/kto/p303	2012-10-15 17:32:14
http://www.yso.fi/onto/kto/phoneme_substitution	http://www.yso.fi/onto/kto/p304	2012-10-15 17:32:14
http://www.yso.fi/onto/kto/allegro_speech_forms	http://www.yso.fi/onto/kto/p305	2012-10-15 17:32:14
http://www.yso.fi/onto/kto/historical_phonology	http://www.yso.fi/onto/kto/p306	2012-10-15 17:32:14
http://www.yso.fi/onto/kto/semi-vowels	http://www.yso.fi/onto/kto/p307	2012-10-15 17:32:14
http://www.yso.fi/onto/kto/demonstrativeness	http://www.yso.fi/onto/kto/p308	2012-10-15 17:32:14
http://www.yso.fi/onto/kto/semantic_feature	http://www.yso.fi/onto/kto/p309	2012-10-15 17:32:14
http://www.yso.fi/onto/kto/definiteness	http://www.yso.fi/onto/kto/p310	2012-10-15 17:32:14
http://www.yso.fi/onto/kto/locality	http://www.yso.fi/onto/kto/p311	2012-10-15 17:32:14
http://www.yso.fi/onto/kto/abstraction	http://www.yso.fi/onto/kto/p312	2012-10-15 17:32:14
http://www.yso.fi/onto/kto/spatialness	http://www.yso.fi/onto/kto/p313	2012-10-15 17:32:14
http://www.yso.fi/onto/kto/collectiveness	http://www.yso.fi/onto/kto/p314	2012-10-15 17:32:14
http://www.yso.fi/onto/kto/contrastiveness	http://www.yso.fi/onto/kto/p315	2012-10-15 17:32:14
http://www.yso.fi/onto/kto/deminutiveness	http://www.yso.fi/onto/kto/p316	2012-10-15 17:32:14
http://www.yso.fi/onto/kto/caritiveness	http://www.yso.fi/onto/kto/p317	2012-10-15 17:32:14
http://www.yso.fi/onto/kto/expressiveness	http://www.yso.fi/onto/kto/p318	2012-10-15 17:32:14
http://www.yso.fi/onto/kto/affectivity	http://www.yso.fi/onto/kto/p319	2012-10-15 17:32:14
http://www.yso.fi/onto/kto/possessiveness	http://www.yso.fi/onto/kto/p320	2012-10-15 17:32:14
http://www.yso.fi/onto/kto/pejorativeness	http://www.yso.fi/onto/kto/p321	2012-10-15 17:32:14
http://www.yso.fi/onto/kto/genericness	http://www.yso.fi/onto/kto/p322	2012-10-15 17:32:14
http://www.yso.fi/onto/kto/negopetality	http://www.yso.fi/onto/kto/p323	2012-10-15 17:32:14
http://www.yso.fi/onto/kto/gesture_languages	http://www.yso.fi/onto/kto/p324	2012-10-15 17:32:14
http://www.yso.fi/onto/kto/artificial_languages	http://www.yso.fi/onto/kto/p325	2012-10-15 17:32:14
http://www.yso.fi/onto/kto/development_of_literary_language	http://www.yso.fi/onto/kto/p326	2012-10-15 17:32:15
http://www.yso.fi/onto/kto/attribute	http://www.yso.fi/onto/kto/p327	2012-10-15 17:32:15
http://www.yso.fi/onto/kto/sentence_adjunct	http://www.yso.fi/onto/kto/p328	2012-10-15 17:32:15
http://www.yso.fi/onto/kto/predicative	http://www.yso.fi/onto/kto/p329	2012-10-15 17:32:15
http://www.yso.fi/onto/kto/copula	http://www.yso.fi/onto/kto/p330	2012-10-15 17:32:15
http://www.yso.fi/onto/kto/apposition	http://www.yso.fi/onto/kto/p331	2012-10-15 17:32:15
http://www.yso.fi/onto/kto/subject	http://www.yso.fi/onto/kto/p332	2012-10-15 17:32:15
http://www.yso.fi/onto/kto/agent	http://www.yso.fi/onto/kto/p333	2012-10-15 17:32:15
http://www.yso.fi/onto/kto/object	http://www.yso.fi/onto/kto/p334	2012-10-15 17:32:15
http://www.yso.fi/onto/kto/predicate	http://www.yso.fi/onto/kto/p335	2012-10-15 17:32:15
http://www.yso.fi/onto/kto/syntactic_functions	http://www.yso.fi/onto/kto/p336	2012-10-15 17:32:15
http://www.yso.fi/onto/kto/adverbial	http://www.yso.fi/onto/kto/p337	2012-10-15 17:32:15
http://www.yso.fi/onto/kto/sentence_semantics	http://www.yso.fi/onto/kto/p338	2012-10-15 17:32:15
http://www.yso.fi/onto/kto/derivation	http://www.yso.fi/onto/kto/p339	2012-10-15 17:32:15
http://www.yso.fi/onto/kto/derivatives	http://www.yso.fi/onto/kto/p340	2012-10-15 17:32:15
http://www.yso.fi/onto/kto/derivational_affixes	http://www.yso.fi/onto/kto/p341	2012-10-15 17:32:15
http://www.yso.fi/onto/kto/productiveness	http://www.yso.fi/onto/kto/p342	2012-10-15 17:32:15
http://www.yso.fi/onto/kto/derivational_semantics	http://www.yso.fi/onto/kto/p343	2012-10-15 17:32:15
http://www.yso.fi/onto/kto/root	http://www.yso.fi/onto/kto/p344	2012-10-15 17:32:15
http://www.yso.fi/onto/kto/stylistic_variation	http://www.yso.fi/onto/kto/p345	2012-10-15 17:32:15
http://www.yso.fi/onto/kto/innovation	http://www.yso.fi/onto/kto/p346	2012-10-15 17:32:15
http://www.yso.fi/onto/kto/epistemic_modality	http://www.yso.fi/onto/kto/p347	2012-10-15 17:32:15
http://www.yso.fi/onto/kto/necessive_modality	http://www.yso.fi/onto/kto/p348	2012-10-15 17:32:15
http://www.yso.fi/onto/kto/permissive_modality	http://www.yso.fi/onto/kto/p349	2012-10-15 17:32:15
http://www.yso.fi/onto/kto/deontic_modality	http://www.yso.fi/onto/kto/p350	2012-10-15 17:32:15
http://www.yso.fi/onto/kto/break	http://www.yso.fi/onto/kto/p351	2012-10-15 17:32:15
http://www.yso.fi/onto/kto/intonation	http://www.yso.fi/onto/kto/p352	2012-10-15 17:32:15
http://www.yso.fi/onto/kto/word_intonation	http://www.yso.fi/onto/kto/p353	2012-10-15 17:32:15
http://www.yso.fi/onto/kto/sentence_intonation	http://www.yso.fi/onto/kto/p354	2012-10-15 17:32:15
http://www.yso.fi/onto/kto/construction_vocabulary	http://www.yso.fi/onto/kto/p355	2012-10-15 17:32:15
http://www.yso.fi/onto/kto/spirants	http://www.yso.fi/onto/kto/p356	2012-10-15 17:32:15
http://www.yso.fi/onto/kto/dentals	http://www.yso.fi/onto/kto/p357	2012-10-15 17:32:15
http://www.yso.fi/onto/kto/nasals	http://www.yso.fi/onto/kto/p358	2012-10-15 17:32:15
http://www.yso.fi/onto/kto/stops	http://www.yso.fi/onto/kto/p359	2012-10-15 17:32:15
http://www.yso.fi/onto/kto/liquids	http://www.yso.fi/onto/kto/p360	2012-10-15 17:32:15
http://www.yso.fi/onto/kto/sibilants	http://www.yso.fi/onto/kto/p361	2012-10-15 17:32:15
http://www.yso.fi/onto/kto/affricates	http://www.yso.fi/onto/kto/p362	2012-10-15 17:32:15
http://www.yso.fi/onto/kto/grafeemiset_ilmioet	http://www.yso.fi/onto/kto/p363	2012-10-15 17:32:15
http://www.yso.fi/onto/kto/graphemics	http://www.yso.fi/onto/kto/p364	2012-10-15 17:32:15
http://www.yso.fi/onto/kto/temporal_construction	http://www.yso.fi/onto/kto/p365	2012-10-15 17:32:15
http://www.yso.fi/onto/kto/final_construction	http://www.yso.fi/onto/kto/p366	2012-10-15 17:32:15
http://www.yso.fi/onto/kto/referative_construction	http://www.yso.fi/onto/kto/p367	2012-10-15 17:32:15
http://www.yso.fi/onto/kto/experimental_phonetics	http://www.yso.fi/onto/kto/p368	2012-10-15 17:32:15
http://www.yso.fi/onto/kto/articulatory_phonetics	http://www.yso.fi/onto/kto/p369	2012-10-15 17:32:15
http://www.yso.fi/onto/kto/formant_analysis	http://www.yso.fi/onto/kto/p370	2012-10-15 17:32:15
http://www.yso.fi/onto/kto/acoustic_analysis	http://www.yso.fi/onto/kto/p371	2012-10-15 17:32:15
http://www.yso.fi/onto/kto/spectrography	http://www.yso.fi/onto/kto/p372	2012-10-15 17:32:15
http://www.yso.fi/onto/kto/nouns_substantive	http://www.yso.fi/onto/kto/p373	2012-10-15 17:32:15
http://www.yso.fi/onto/kto/nouns	http://www.yso.fi/onto/kto/p374	2012-10-15 17:32:15
http://www.yso.fi/onto/kto/pronouns	http://www.yso.fi/onto/kto/p375	2012-10-15 17:32:15
http://www.yso.fi/onto/kto/adjectives	http://www.yso.fi/onto/kto/p376	2012-10-15 17:32:15
http://www.yso.fi/onto/kto/phonemes	http://www.yso.fi/onto/kto/p377	2012-10-15 17:32:15
http://www.yso.fi/onto/kto/phoneme_analysis	http://www.yso.fi/onto/kto/p378	2012-10-15 17:32:15
http://www.yso.fi/onto/kto/phonology	http://www.yso.fi/onto/kto/p379	2012-10-15 17:32:15
http://www.yso.fi/onto/kto/laws_on_names	http://www.yso.fi/onto/kto/p380	2012-10-15 17:32:15
http://www.yso.fi/onto/kto/planning_of_names	http://www.yso.fi/onto/kto/p381	2012-10-15 17:32:15
http://www.yso.fi/onto/kto/official_names	http://www.yso.fi/onto/kto/p382	2012-10-15 17:32:15
http://www.yso.fi/onto/kto/treatment_of_names	http://www.yso.fi/onto/kto/p383	2012-10-15 17:32:15
http://www.yso.fi/onto/kto/metaphony	http://www.yso.fi/onto/kto/p384	2012-10-15 17:32:15
http://www.yso.fi/onto/kto/apheresis	http://www.yso.fi/onto/kto/p385	2012-10-15 17:32:15
http://www.yso.fi/onto/kto/syncope	http://www.yso.fi/onto/kto/p386	2012-10-15 17:32:15
http://www.yso.fi/onto/kto/metathesis	http://www.yso.fi/onto/kto/p387	2012-10-15 17:32:15
http://www.yso.fi/onto/kto/apocope	http://www.yso.fi/onto/kto/p388	2012-10-15 17:32:15
http://www.yso.fi/onto/kto/gemination	http://www.yso.fi/onto/kto/p389	2012-10-15 17:32:15
http://www.yso.fi/onto/kto/voice	http://www.yso.fi/onto/kto/p390	2012-10-15 17:32:15
http://www.yso.fi/onto/kto/haplology	http://www.yso.fi/onto/kto/p391	2012-10-15 17:32:15
http://www.yso.fi/onto/kto/labialization	http://www.yso.fi/onto/kto/p392	2012-10-15 17:32:15
http://www.yso.fi/onto/kto/sentence_stress	http://www.yso.fi/onto/kto/p393	2012-10-15 17:32:15
http://www.yso.fi/onto/kto/word_stress	http://www.yso.fi/onto/kto/p394	2012-10-15 17:32:15
http://www.yso.fi/onto/kto/imperfect	http://www.yso.fi/onto/kto/p395	2012-10-15 17:32:15
http://www.yso.fi/onto/kto/tenses	http://www.yso.fi/onto/kto/p396	2012-10-15 17:32:15
http://www.yso.fi/onto/kto/preterite	http://www.yso.fi/onto/kto/p397	2012-10-15 17:32:15
http://www.yso.fi/onto/kto/pluperfect	http://www.yso.fi/onto/kto/p398	2012-10-15 17:32:15
http://www.yso.fi/onto/kto/present	http://www.yso.fi/onto/kto/p399	2012-10-15 17:32:15
http://www.yso.fi/onto/kto/future	http://www.yso.fi/onto/kto/p400	2012-10-15 17:32:15
http://www.yso.fi/onto/kto/perfect	http://www.yso.fi/onto/kto/p401	2012-10-15 17:32:15
http://www.yso.fi/onto/kto/gardening_vocabulary	http://www.yso.fi/onto/kto/p402	2012-10-15 17:32:15
http://www.yso.fi/onto/kto/pragmatic_particle	http://www.yso.fi/onto/kto/p403	2012-10-15 17:32:15
http://www.yso.fi/onto/kto/particles	http://www.yso.fi/onto/kto/p404	2012-10-15 17:32:15
http://www.yso.fi/onto/kto/names_of_the_result_of_actions	http://www.yso.fi/onto/kto/p405	2012-10-15 17:32:15
http://www.yso.fi/onto/kto/technical_languages	http://www.yso.fi/onto/kto/p406	2012-10-15 17:32:15
http://www.yso.fi/onto/kto/code	http://www.yso.fi/onto/kto/p407	2012-10-15 17:32:15
http://www.yso.fi/onto/kto/code_switching	http://www.yso.fi/onto/kto/p408	2012-10-15 17:32:15
http://www.yso.fi/onto/kto/slang	http://www.yso.fi/onto/kto/p409	2012-10-15 17:32:15
http://www.yso.fi/onto/kto/argot	http://www.yso.fi/onto/kto/p410	2012-10-15 17:32:15
http://www.yso.fi/onto/kto/register	http://www.yso.fi/onto/kto/p411	2012-10-15 17:32:15
http://www.yso.fi/onto/kto/hyponymy	http://www.yso.fi/onto/kto/p412	2012-10-15 17:32:15
http://www.yso.fi/onto/kto/polysemy	http://www.yso.fi/onto/kto/p413	2012-10-15 17:32:15
http://www.yso.fi/onto/kto/homonymy	http://www.yso.fi/onto/kto/p414	2012-10-15 17:32:15
http://www.yso.fi/onto/kto/metonymy	http://www.yso.fi/onto/kto/p415	2012-10-15 17:32:15
http://www.yso.fi/onto/kto/translations	http://www.yso.fi/onto/kto/p416	2012-10-15 17:32:15
http://www.yso.fi/onto/kto/machine_translation	http://www.yso.fi/onto/kto/p417	2012-10-15 17:32:15
http://www.yso.fi/onto/kto/translating	http://www.yso.fi/onto/kto/p418	2012-10-15 17:32:15
http://www.yso.fi/onto/kto/main_clause	http://www.yso.fi/onto/kto/p419	2012-10-15 17:32:15
http://www.yso.fi/onto/kto/text_type	http://www.yso.fi/onto/kto/p420	2012-10-15 17:32:15
http://www.yso.fi/onto/kto/tekstilingvistiset_ilmiöt	http://www.yso.fi/onto/kto/p421	2012-10-15 17:32:15
http://www.yso.fi/onto/kto/genre	http://www.yso.fi/onto/kto/p422	2012-10-15 17:32:15
http://www.yso.fi/onto/kto/semiotics	http://www.yso.fi/onto/kto/p423	2012-10-15 17:32:15
http://www.yso.fi/onto/kto/language_of_technology	http://www.yso.fi/onto/kto/p424	2012-10-15 17:32:15
http://www.yso.fi/onto/kto/fashionable_names	http://www.yso.fi/onto/kto/p425	2012-10-15 17:32:15
http://www.yso.fi/onto/kto/socio-onomastics	http://www.yso.fi/onto/kto/p426	2012-10-15 17:32:15
http://www.yso.fi/onto/kto/tabu_names	http://www.yso.fi/onto/kto/p427	2012-10-15 17:32:15
http://www.yso.fi/onto/kto/nomenclature	http://www.yso.fi/onto/kto/p428	2012-10-15 17:32:15
http://www.yso.fi/onto/kto/nimet_nimen_luonteen_mukaan	http://www.yso.fi/onto/kto/p429	2012-10-15 17:32:15
http://www.yso.fi/onto/kto/aeidinkieli_--_oppiaineet	http://www.yso.fi/onto/kto/p430	2012-10-15 17:32:15
http://www.yso.fi/onto/kto/informants	http://www.yso.fi/onto/kto/p431	2012-10-15 17:32:15
http://www.yso.fi/onto/kto/collectors	http://www.yso.fi/onto/kto/p432	2012-10-15 17:32:15
http://www.yso.fi/onto/kto/language_samples	http://www.yso.fi/onto/kto/p433	2012-10-15 17:32:15
http://www.yso.fi/onto/kto/fieldwork	http://www.yso.fi/onto/kto/p434	2012-10-15 17:32:15
http://www.yso.fi/onto/kto/databases	http://www.yso.fi/onto/kto/p435	2012-10-15 17:32:15
http://www.yso.fi/onto/kto/adjectival_structure	http://www.yso.fi/onto/kto/p436	2012-10-15 17:32:15
http://www.yso.fi/onto/kto/bird_names	http://www.yso.fi/onto/kto/p437	2012-10-15 17:32:15
http://www.yso.fi/onto/kto/names_of_animals	http://www.yso.fi/onto/kto/p438	2012-10-15 17:32:15
http://www.yso.fi/onto/kto/inchoative_verbs	http://www.yso.fi/onto/kto/p439	2012-10-15 17:32:15
http://www.yso.fi/onto/kto/word_stems	http://www.yso.fi/onto/kto/p440	2012-10-15 17:32:15
http://www.yso.fi/onto/kto/Baltic-Finnic	http://www.yso.fi/onto/kto/p441	2012-10-15 17:32:15
http://www.yso.fi/onto/kto/personal_names	http://www.yso.fi/onto/kto/p442	2012-10-15 17:32:16
http://www.yso.fi/onto/kto/kielihistorialliset_ilmioet	http://www.yso.fi/onto/kto/p443	2012-10-15 17:32:16
http://www.yso.fi/onto/kto/family_tree_theory	http://www.yso.fi/onto/kto/p444	2012-10-15 17:32:16
http://www.yso.fi/onto/kto/nostratic_hypothesis	http://www.yso.fi/onto/kto/p445	2012-10-15 17:32:16
http://www.yso.fi/onto/kto/wave_theory	http://www.yso.fi/onto/kto/p446	2012-10-15 17:32:16
http://www.yso.fi/onto/kto/proto-language	http://www.yso.fi/onto/kto/p447	2012-10-15 17:32:16
http://www.yso.fi/onto/kto/commercial_vocabulary	http://www.yso.fi/onto/kto/p448	2012-10-15 17:32:16
http://www.yso.fi/onto/kto/dual	http://www.yso.fi/onto/kto/p449	2012-10-15 17:32:16
http://www.yso.fi/onto/kto/number	http://www.yso.fi/onto/kto/p450	2012-10-15 17:32:16
http://www.yso.fi/onto/kto/plural	http://www.yso.fi/onto/kto/p451	2012-10-15 17:32:16
http://www.yso.fi/onto/kto/singular	http://www.yso.fi/onto/kto/p452	2012-10-15 17:32:16
http://www.yso.fi/onto/kto/descriptive_grammar	http://www.yso.fi/onto/kto/p453	2012-10-15 17:32:16
http://www.yso.fi/onto/kto/notional_grammar	http://www.yso.fi/onto/kto/p454	2012-10-15 17:32:16
http://www.yso.fi/onto/kto/names_of_inhabitants	http://www.yso.fi/onto/kto/p455	2012-10-15 17:32:16
http://www.yso.fi/onto/kto/back_vowels	http://www.yso.fi/onto/kto/p456	2012-10-15 17:32:16
http://www.yso.fi/onto/kto/central_vowels	http://www.yso.fi/onto/kto/p457	2012-10-15 17:32:16
http://www.yso.fi/onto/kto/labial_vowels	http://www.yso.fi/onto/kto/p458	2012-10-15 17:32:16
http://www.yso.fi/onto/kto/front_vowels	http://www.yso.fi/onto/kto/p459	2012-10-15 17:32:16
http://www.yso.fi/onto/kto/feminist_research	http://www.yso.fi/onto/kto/p460	2012-10-15 17:32:16
http://www.yso.fi/onto/kto/correspondence_of_translation	http://www.yso.fi/onto/kto/p461	2012-10-15 17:32:16
http://www.yso.fi/onto/kto/computational_linguistics	http://www.yso.fi/onto/kto/p462	2012-10-15 17:32:16
http://www.yso.fi/onto/kto/interpretation	http://www.yso.fi/onto/kto/p463	2012-10-15 17:32:16
http://www.yso.fi/onto/kto/kielitieteelliset_teoriat	http://www.yso.fi/onto/kto/p464	2012-10-15 17:32:16
http://www.yso.fi/onto/kto/Slovak	http://www.yso.fi/onto/kto/p465	2012-10-15 17:32:16
http://www.yso.fi/onto/kto/Slavic	http://www.yso.fi/onto/kto/p466	2012-10-15 17:32:16
http://www.yso.fi/onto/kto/epenthesis	http://www.yso.fi/onto/kto/p467	2012-10-15 17:32:16
http://www.yso.fi/onto/kto/clause_with_an_experiencer	http://www.yso.fi/onto/kto/p468	2012-10-15 17:32:16
http://www.yso.fi/onto/kto/language_proficiency	http://www.yso.fi/onto/kto/p469	2012-10-15 17:32:16
http://www.yso.fi/onto/kto/acquisition_of_language	http://www.yso.fi/onto/kto/p470	2012-10-15 17:32:16
http://www.yso.fi/onto/kto/language_learning	http://www.yso.fi/onto/kto/p471	2012-10-15 17:32:16
http://www.yso.fi/onto/kto/language_production	http://www.yso.fi/onto/kto/p472	2012-10-15 17:32:16
http://www.yso.fi/onto/kto/Swedish	http://www.yso.fi/onto/kto/p473	2012-10-15 17:32:16
http://www.yso.fi/onto/kto/linguistics	http://www.yso.fi/onto/kto/p474	2012-10-15 17:32:16
http://www.yso.fi/onto/kto/interference	http://www.yso.fi/onto/kto/p475	2012-10-15 17:32:16
http://www.yso.fi/onto/kto/sign_language	http://www.yso.fi/onto/kto/p476	2012-10-15 17:32:16
http://www.yso.fi/onto/kto/linguistic_anthropology	http://www.yso.fi/onto/kto/p477	2012-10-15 17:32:16
http://www.yso.fi/onto/kto/ethnolinguistics	http://www.yso.fi/onto/kto/p478	2012-10-15 17:32:16
http://www.yso.fi/onto/kto/rytmi_--_puheen_prosodiset_ominaisuudet	http://www.yso.fi/onto/kto/p479	2012-10-15 17:32:16
http://www.yso.fi/onto/kto/quantity	http://www.yso.fi/onto/kto/p480	2012-10-15 17:32:16
http://www.yso.fi/onto/kto/emphasis	http://www.yso.fi/onto/kto/p481	2012-10-15 17:32:16
http://www.yso.fi/onto/kto/junctures	http://www.yso.fi/onto/kto/p482	2012-10-15 17:32:16
http://www.yso.fi/onto/kto/speech_speed	http://www.yso.fi/onto/kto/p483	2012-10-15 17:32:16
http://www.yso.fi/onto/kto/pause	http://www.yso.fi/onto/kto/p484	2012-10-15 17:32:16
http://www.yso.fi/onto/kto/congresses	http://www.yso.fi/onto/kto/p485	2012-10-15 17:32:16
http://www.yso.fi/onto/kto/names_of_clothes	http://www.yso.fi/onto/kto/p486	2012-10-15 17:32:16
http://www.yso.fi/onto/kto/diffusion	http://www.yso.fi/onto/kto/p487	2012-10-15 17:32:16
http://www.yso.fi/onto/kto/multilingualism	http://www.yso.fi/onto/kto/p488	2012-10-15 17:32:16
http://www.yso.fi/onto/kto/areal_linguistics	http://www.yso.fi/onto/kto/p489	2012-10-15 17:32:16
http://www.yso.fi/onto/kto/superstratum	http://www.yso.fi/onto/kto/p490	2012-10-15 17:32:16
http://www.yso.fi/onto/kto/substratum	http://www.yso.fi/onto/kto/p491	2012-10-15 17:32:16
http://www.yso.fi/onto/kto/contamination	http://www.yso.fi/onto/kto/p492	2012-10-15 17:32:16
http://www.yso.fi/onto/kto/text-sentence	http://www.yso.fi/onto/kto/p493	2012-10-15 17:32:16
http://www.yso.fi/onto/kto/topic	http://www.yso.fi/onto/kto/p494	2012-10-15 17:32:16
http://www.yso.fi/onto/kto/coherence	http://www.yso.fi/onto/kto/p495	2012-10-15 17:32:16
http://www.yso.fi/onto/kto/focus	http://www.yso.fi/onto/kto/p496	2012-10-15 17:32:16
http://www.yso.fi/onto/kto/complex_sentence2	http://www.yso.fi/onto/kto/p497	2012-10-15 17:32:16
http://www.yso.fi/onto/kto/linearity	http://www.yso.fi/onto/kto/p498	2012-10-15 17:32:16
http://www.yso.fi/onto/kto/informational_structure	http://www.yso.fi/onto/kto/p499	2012-10-15 17:32:16
http://www.yso.fi/onto/kto/system-sentence	http://www.yso.fi/onto/kto/p500	2012-10-15 17:32:16
http://www.yso.fi/onto/kto/thematic_structure	http://www.yso.fi/onto/kto/p501	2012-10-15 17:32:16
http://www.yso.fi/onto/kto/Polish	http://www.yso.fi/onto/kto/p502	2012-10-15 17:32:16
http://www.yso.fi/onto/kto/standardization	http://www.yso.fi/onto/kto/p503	2012-10-15 17:32:16
http://www.yso.fi/onto/kto/language_reform	http://www.yso.fi/onto/kto/p504	2012-10-15 17:32:16
http://www.yso.fi/onto/kto/language_planning	http://www.yso.fi/onto/kto/p505	2012-10-15 17:32:16
http://www.yso.fi/onto/kto/language_norms	http://www.yso.fi/onto/kto/p506	2012-10-15 17:32:16
http://www.yso.fi/onto/kto/Old_Literary_Finnish	http://www.yso.fi/onto/kto/p507	2012-10-15 17:32:16
http://www.yso.fi/onto/kto/dialect_group	http://www.yso.fi/onto/kto/p508	2012-10-15 17:32:16
http://www.yso.fi/onto/kto/dialect_atlases	http://www.yso.fi/onto/kto/p509	2012-10-15 17:32:16
http://www.yso.fi/onto/kto/reference_books	http://www.yso.fi/onto/kto/p510	2012-10-15 17:32:16
http://www.yso.fi/onto/kto/vowel_history	http://www.yso.fi/onto/kto/p511	2012-10-15 17:32:16
http://www.yso.fi/onto/kto/Early_Proto-Finnic	http://www.yso.fi/onto/kto/p512	2012-10-15 17:32:16
http://www.yso.fi/onto/kto/Proto-Finnic	http://www.yso.fi/onto/kto/p513	2012-10-15 17:32:16
http://www.yso.fi/onto/kto/Late_Proto-Finnic	http://www.yso.fi/onto/kto/p514	2012-10-15 17:32:16
http://www.yso.fi/onto/kto/folklore	http://www.yso.fi/onto/kto/p515	2012-10-15 17:32:16
http://www.yso.fi/onto/kto/vocabularies	http://www.yso.fi/onto/kto/p516	2012-10-15 17:32:16
http://www.yso.fi/onto/kto/lexicography	http://www.yso.fi/onto/kto/p517	2012-10-15 17:32:16
http://www.yso.fi/onto/kto/sentence	http://www.yso.fi/onto/kto/p518	2012-10-15 17:32:16
http://www.yso.fi/onto/kto/sentence_prosody	http://www.yso.fi/onto/kto/p519	2012-10-15 17:32:16
http://www.yso.fi/onto/kto/Estonian	http://www.yso.fi/onto/kto/p520	2012-10-15 17:32:16
http://www.yso.fi/onto/kto/aphasia	http://www.yso.fi/onto/kto/p521	2012-10-15 17:32:16
http://www.yso.fi/onto/kto/neurolinguistics	http://www.yso.fi/onto/kto/p522	2012-10-15 17:32:16
http://www.yso.fi/onto/kto/connectivity	http://www.yso.fi/onto/kto/p523	2012-10-15 17:32:16
http://www.yso.fi/onto/kto/reference_relations	http://www.yso.fi/onto/kto/p524	2012-10-15 17:32:16
http://www.yso.fi/onto/kto/text_analysis	http://www.yso.fi/onto/kto/p525	2012-10-15 17:32:16
http://www.yso.fi/onto/kto/speech_and_thought_presentation	http://www.yso.fi/onto/kto/p526	2012-10-15 17:32:16
http://www.yso.fi/onto/kto/question-answer_-structure	http://www.yso.fi/onto/kto/p527	2012-10-15 17:32:16
http://www.yso.fi/onto/kto/alistus_--_syntaktiset_suhteet	http://www.yso.fi/onto/kto/p528	2012-10-15 17:32:16
http://www.yso.fi/onto/kto/syntactic_relations	http://www.yso.fi/onto/kto/p529	2012-10-15 17:32:16
http://www.yso.fi/onto/kto/nexus	http://www.yso.fi/onto/kto/p530	2012-10-15 17:32:16
http://www.yso.fi/onto/kto/dependence	http://www.yso.fi/onto/kto/p531	2012-10-15 17:32:16
http://www.yso.fi/onto/kto/government	http://www.yso.fi/onto/kto/p532	2012-10-15 17:32:16
http://www.yso.fi/onto/kto/agreement	http://www.yso.fi/onto/kto/p533	2012-10-15 17:32:16
http://www.yso.fi/onto/kto/incongruence	http://www.yso.fi/onto/kto/p534	2012-10-15 17:32:18
http://www.yso.fi/onto/kto/names_of_textiles	http://www.yso.fi/onto/kto/p535	2012-10-15 17:32:18
http://www.yso.fi/onto/kto/writing_systems	http://www.yso.fi/onto/kto/p536	2012-10-15 17:32:18
http://www.yso.fi/onto/kto/transliteration	http://www.yso.fi/onto/kto/p537	2012-10-15 17:32:18
http://www.yso.fi/onto/kto/alphabets	http://www.yso.fi/onto/kto/p538	2012-10-15 17:32:18
http://www.yso.fi/onto/kto/semantic_change	http://www.yso.fi/onto/kto/p539	2012-10-15 17:32:18
http://www.yso.fi/onto/kto/Ossetic	http://www.yso.fi/onto/kto/p540	2012-10-15 17:32:18
http://www.yso.fi/onto/kto/Iranian	http://www.yso.fi/onto/kto/p541	2012-10-15 17:32:18
http://www.yso.fi/onto/kto/grammaticalization	http://www.yso.fi/onto/kto/p542	2012-10-15 17:32:18
http://www.yso.fi/onto/kto/lexicalization	http://www.yso.fi/onto/kto/p543	2012-10-15 17:32:18
http://www.yso.fi/onto/kto/names_of_qualities	http://www.yso.fi/onto/kto/p544	2012-10-15 17:32:18
http://www.yso.fi/onto/kto/cattle_management_vocabulary	http://www.yso.fi/onto/kto/p545	2012-10-15 17:32:18
http://www.yso.fi/onto/kto/velarization	http://www.yso.fi/onto/kto/p546	2012-10-15 17:32:18
http://www.yso.fi/onto/kto/vowel_harmony	http://www.yso.fi/onto/kto/p547	2012-10-15 17:32:18
http://www.yso.fi/onto/kto/marriage_vocabulary	http://www.yso.fi/onto/kto/p548	2012-10-15 17:32:18
http://www.yso.fi/onto/kto/scholars	http://www.yso.fi/onto/kto/p549	2012-10-15 17:32:18
http://www.yso.fi/onto/kto/nimet	http://www.yso.fi/onto/kto/p550	2012-10-15 17:32:18
http://www.yso.fi/onto/kto/resembling_names	http://www.yso.fi/onto/kto/p551	2012-10-15 17:32:18
http://www.yso.fi/onto/kto/nimet_alkuperaen_mukaan	http://www.yso.fi/onto/kto/p552	2012-10-15 17:32:18
http://www.yso.fi/onto/kto/name_formation	http://www.yso.fi/onto/kto/p553	2012-10-15 17:32:18
http://www.yso.fi/onto/kto/contrast_names	http://www.yso.fi/onto/kto/p554	2012-10-15 17:32:18
http://www.yso.fi/onto/kto/adverbs	http://www.yso.fi/onto/kto/p555	2012-10-15 17:32:18
http://www.yso.fi/onto/kto/prepositions	http://www.yso.fi/onto/kto/p556	2012-10-15 17:32:18
http://www.yso.fi/onto/kto/interjections	http://www.yso.fi/onto/kto/p557	2012-10-15 17:32:18
http://www.yso.fi/onto/kto/postpositions	http://www.yso.fi/onto/kto/p558	2012-10-15 17:32:18
http://www.yso.fi/onto/kto/nominal_clause	http://www.yso.fi/onto/kto/p559	2012-10-15 17:32:18
http://www.yso.fi/onto/kto/name_translations	http://www.yso.fi/onto/kto/p560	2012-10-15 17:32:18
http://www.yso.fi/onto/kto/borrowed_names	http://www.yso.fi/onto/kto/p561	2012-10-15 17:32:18
http://www.yso.fi/onto/kto/hybrids	http://www.yso.fi/onto/kto/p562	2012-10-15 17:32:18
http://www.yso.fi/onto/kto/imitative_names	http://www.yso.fi/onto/kto/p563	2012-10-15 17:32:18
http://www.yso.fi/onto/kto/situational_variation	http://www.yso.fi/onto/kto/p564	2012-10-15 17:32:18
http://www.yso.fi/onto/kto/speech_tempo	http://www.yso.fi/onto/kto/p565	2012-10-15 17:32:18
http://www.yso.fi/onto/kto/indicative	http://www.yso.fi/onto/kto/p566	2012-10-15 17:32:18
http://www.yso.fi/onto/kto/subjunctive	http://www.yso.fi/onto/kto/p567	2012-10-15 17:32:18
http://www.yso.fi/onto/kto/desiderative	http://www.yso.fi/onto/kto/p568	2012-10-15 17:32:18
http://www.yso.fi/onto/kto/imperative	http://www.yso.fi/onto/kto/p569	2012-10-15 17:32:18
http://www.yso.fi/onto/kto/potential	http://www.yso.fi/onto/kto/p570	2012-10-15 17:32:18
http://www.yso.fi/onto/kto/conditional	http://www.yso.fi/onto/kto/p571	2012-10-15 17:32:18
http://www.yso.fi/onto/kto/moods	http://www.yso.fi/onto/kto/p572	2012-10-15 17:32:18
http://www.yso.fi/onto/kto/valency	http://www.yso.fi/onto/kto/p573	2012-10-15 17:32:18
http://www.yso.fi/onto/kto/paradigm	http://www.yso.fi/onto/kto/p574	2012-10-15 17:32:18
http://www.yso.fi/onto/kto/types_of_name_giving	http://www.yso.fi/onto/kto/p575	2012-10-15 17:32:18
http://www.yso.fi/onto/kto/considered_names	http://www.yso.fi/onto/kto/p576	2012-10-15 17:32:18
http://www.yso.fi/onto/kto/transferred_names	http://www.yso.fi/onto/kto/p577	2012-10-15 17:32:18
http://www.yso.fi/onto/kto/Volga-Finnic	http://www.yso.fi/onto/kto/p578	2012-10-15 17:32:18
http://www.yso.fi/onto/kto/Slovene	http://www.yso.fi/onto/kto/p579	2012-10-15 17:32:18
http://www.yso.fi/onto/kto/referate	http://www.yso.fi/onto/kto/p580	2012-10-15 17:32:18
http://www.yso.fi/onto/kto/morphotaxis	http://www.yso.fi/onto/kto/p581	2012-10-15 17:32:18
http://www.yso.fi/onto/kto/South-Estonian_dialects	http://www.yso.fi/onto/kto/p582	2012-10-15 17:32:18
http://www.yso.fi/onto/kto/north-eastern_coastal_dialects	http://www.yso.fi/onto/kto/p583	2012-10-15 17:32:18
http://www.yso.fi/onto/kto/North-Estonian_dialects	http://www.yso.fi/onto/kto/p584	2012-10-15 17:32:18
http://www.yso.fi/onto/kto/documentary_prose	http://www.yso.fi/onto/kto/p585	2012-10-15 17:32:18
http://www.yso.fi/onto/kto/language_of_humour	http://www.yso.fi/onto/kto/p586	2012-10-15 17:32:18
http://www.yso.fi/onto/kto/phrase_structure	http://www.yso.fi/onto/kto/p587	2012-10-15 17:32:18
http://www.yso.fi/onto/kto/Itelmen	http://www.yso.fi/onto/kto/p588	2012-10-15 17:32:18
http://www.yso.fi/onto/kto/kielen_kerrostumat	http://www.yso.fi/onto/kto/p589	2012-10-15 17:32:18
http://www.yso.fi/onto/kto/error_analysis	http://www.yso.fi/onto/kto/p590	2012-10-15 17:32:18
http://www.yso.fi/onto/kto/contrastive_analysis	http://www.yso.fi/onto/kto/p591	2012-10-15 17:32:18
http://www.yso.fi/onto/kto/componential_analysis	http://www.yso.fi/onto/kto/p592	2012-10-15 17:32:18
http://www.yso.fi/onto/kto/terminologia_--_kielelliset_ilmioet	http://www.yso.fi/onto/kto/p593	2012-10-15 17:32:18
http://www.yso.fi/onto/kto/Old_Prussian	http://www.yso.fi/onto/kto/p594	2012-10-15 17:32:18
http://www.yso.fi/onto/kto/Baltic	http://www.yso.fi/onto/kto/p595	2012-10-15 17:32:18
http://www.yso.fi/onto/kto/text-books	http://www.yso.fi/onto/kto/p596	2012-10-15 17:32:18
http://www.yso.fi/onto/kto/schwa_vowels	http://www.yso.fi/onto/kto/p597	2012-10-15 17:32:18
http://www.yso.fi/onto/kto/Urheimat	http://www.yso.fi/onto/kto/p598	2012-10-15 17:32:18
http://www.yso.fi/onto/kto/word_classes	http://www.yso.fi/onto/kto/p599	2012-10-15 17:32:18
http://www.yso.fi/onto/kto/numerals	http://www.yso.fi/onto/kto/p600	2012-10-15 17:32:18
http://www.yso.fi/onto/kto/verbs	http://www.yso.fi/onto/kto/p601	2012-10-15 17:32:18
http://www.yso.fi/onto/kto/Karelian	http://www.yso.fi/onto/kto/p602	2012-10-15 17:32:18
http://www.yso.fi/onto/kto/bear_cult	http://www.yso.fi/onto/kto/p603	2012-10-15 17:32:18
http://www.yso.fi/onto/kto/documentary_names	http://www.yso.fi/onto/kto/p604	2012-10-15 17:32:18
http://www.yso.fi/onto/kto/map_names	http://www.yso.fi/onto/kto/p605	2012-10-15 17:32:18
http://www.yso.fi/onto/kto/history	http://www.yso.fi/onto/kto/p606	2012-10-15 17:32:18
http://www.yso.fi/onto/kto/dialect_dictionaries	http://www.yso.fi/onto/kto/p607	2012-10-15 17:32:18
http://www.yso.fi/onto/kto/history_of_settlement	http://www.yso.fi/onto/kto/p608	2012-10-15 17:32:18
http://www.yso.fi/onto/kto/kielen_muuttaminen	http://www.yso.fi/onto/kto/p609	2012-10-15 17:32:18
http://www.yso.fi/onto/kto/language_guides	http://www.yso.fi/onto/kto/p610	2012-10-15 17:32:18
http://www.yso.fi/onto/kto/Indo-European	http://www.yso.fi/onto/kto/p611	2012-10-15 17:32:18
http://www.yso.fi/onto/kto/linguistic_influence	http://www.yso.fi/onto/kto/p612	2012-10-15 17:32:18
http://www.yso.fi/onto/kto/notes	http://www.yso.fi/onto/kto/p613	2012-10-15 17:32:18
http://www.yso.fi/onto/kto/waterborne_traffic_vocabulary	http://www.yso.fi/onto/kto/p614	2012-10-15 17:32:18
http://www.yso.fi/onto/kto/Mongolian	http://www.yso.fi/onto/kto/p615	2012-10-15 17:32:19
http://www.yso.fi/onto/kto/Altaic	http://www.yso.fi/onto/kto/p616	2012-10-15 17:32:19
http://www.yso.fi/onto/kto/Turkic	http://www.yso.fi/onto/kto/p617	2012-10-15 17:32:19
http://www.yso.fi/onto/kto/Tungusic	http://www.yso.fi/onto/kto/p618	2012-10-15 17:32:19
http://www.yso.fi/onto/kto/psycholinguistics	http://www.yso.fi/onto/kto/p619	2012-10-15 17:32:19
http://www.yso.fi/onto/kto/alphabetization	http://www.yso.fi/onto/kto/p620	2012-10-15 17:32:19
http://www.yso.fi/onto/kto/Ukrainian	http://www.yso.fi/onto/kto/p621	2012-10-15 17:32:19
http://www.yso.fi/onto/kto/auxiliary_verbs	http://www.yso.fi/onto/kto/p622	2012-10-15 17:32:19
http://www.yso.fi/onto/kto/intransitive_verbs	http://www.yso.fi/onto/kto/p623	2012-10-15 17:32:19
http://www.yso.fi/onto/kto/transitivity	http://www.yso.fi/onto/kto/p624	2012-10-15 17:32:19
http://www.yso.fi/onto/kto/verbs_of_perception	http://www.yso.fi/onto/kto/p625	2012-10-15 17:32:19
http://www.yso.fi/onto/kto/verbs_of_motion	http://www.yso.fi/onto/kto/p626	2012-10-15 17:32:19
http://www.yso.fi/onto/kto/natural_phonology	http://www.yso.fi/onto/kto/p627	2012-10-15 17:32:19
http://www.yso.fi/onto/kto/etymologia_--tiedollinen_luonti	http://www.yso.fi/onto/kto/p628	2012-10-15 17:32:19
http://www.yso.fi/onto/kto/ethnography_of_speech	http://www.yso.fi/onto/kto/p629	2012-10-15 17:32:19
http://www.yso.fi/onto/kto/cognitive_grammar	http://www.yso.fi/onto/kto/p630	2012-10-15 17:32:19
http://www.yso.fi/onto/kto/training_of_researchers	http://www.yso.fi/onto/kto/p631	2012-10-15 17:32:19
http://www.yso.fi/onto/kto/teaching_for_foreigners	http://www.yso.fi/onto/kto/p632	2012-10-15 17:32:19
http://www.yso.fi/onto/kto/ethnonyms	http://www.yso.fi/onto/kto/p633	2012-10-15 17:32:19
http://www.yso.fi/onto/kto/parenthesis	http://www.yso.fi/onto/kto/p634	2012-10-15 17:32:19
http://www.yso.fi/onto/kto/normalization_of_names	http://www.yso.fi/onto/kto/p635	2012-10-15 17:32:19
http://www.yso.fi/onto/kto/medical_language	http://www.yso.fi/onto/kto/p636	2012-10-15 17:32:19
http://www.yso.fi/onto/kto/cardinal_numerals	http://www.yso.fi/onto/kto/p637	2012-10-15 17:32:19
http://www.yso.fi/onto/kto/ordinal_numerals	http://www.yso.fi/onto/kto/p638	2012-10-15 17:32:19
http://www.yso.fi/onto/kto/frequency_dictionaries	http://www.yso.fi/onto/kto/p639	2012-10-15 17:32:19
http://www.yso.fi/onto/kto/historical_syntax	http://www.yso.fi/onto/kto/p640	2012-10-15 17:32:19
http://www.yso.fi/onto/kto/distribution	http://www.yso.fi/onto/kto/p641	2012-10-15 17:32:19
http://www.yso.fi/onto/kto/structural_grammar	http://www.yso.fi/onto/kto/p642	2012-10-15 17:32:19
http://www.yso.fi/onto/kto/names_of_languages	http://www.yso.fi/onto/kto/p643	2012-10-15 17:32:19
http://www.yso.fi/onto/kto/descriptive_dictionaries	http://www.yso.fi/onto/kto/p644	2012-10-15 17:32:19
http://www.yso.fi/onto/kto/reverse_dictionaries	http://www.yso.fi/onto/kto/p645	2012-10-15 17:32:19
http://www.yso.fi/onto/kto/deep_structure	http://www.yso.fi/onto/kto/p646	2012-10-15 17:32:19
http://www.yso.fi/onto/kto/transformational_grammar	http://www.yso.fi/onto/kto/p647	2012-10-15 17:32:19
http://www.yso.fi/onto/kto/surface_structure	http://www.yso.fi/onto/kto/p648	2012-10-15 17:32:19
http://www.yso.fi/onto/kto/understanding_speech	http://www.yso.fi/onto/kto/p649	2012-10-15 17:32:19
http://www.yso.fi/onto/kto/speech_production	http://www.yso.fi/onto/kto/p650	2012-10-15 17:32:19
http://www.yso.fi/onto/kto/speech_synthesis	http://www.yso.fi/onto/kto/p651	2012-10-15 17:32:19
http://www.yso.fi/onto/kto/speech_recognition	http://www.yso.fi/onto/kto/p652	2012-10-15 17:32:19
http://www.yso.fi/onto/kto/Volgaic	http://www.yso.fi/onto/kto/p653	2012-10-15 17:32:19
http://www.yso.fi/onto/kto/drink_names	http://www.yso.fi/onto/kto/p654	2012-10-15 17:32:19
http://www.yso.fi/onto/kto/alcohol_vocabulary	http://www.yso.fi/onto/kto/p655	2012-10-15 17:32:19
http://www.yso.fi/onto/kto/mediality	http://www.yso.fi/onto/kto/p656	2012-10-15 17:32:19
http://www.yso.fi/onto/kto/emotional_speech	http://www.yso.fi/onto/kto/p657	2012-10-15 17:32:19
http://www.yso.fi/onto/kto/fish_names	http://www.yso.fi/onto/kto/p658	2012-10-15 17:32:19
http://www.yso.fi/onto/kto/optative_clause	http://www.yso.fi/onto/kto/p659	2012-10-15 17:32:19
http://www.yso.fi/onto/kto/names_of_occupations	http://www.yso.fi/onto/kto/p660	2012-10-15 17:32:19
http://www.yso.fi/onto/kto/compound_words	http://www.yso.fi/onto/kto/p661	2012-10-15 17:32:19
http://www.yso.fi/onto/kto/terminological_dictionaries	http://www.yso.fi/onto/kto/p662	2012-10-15 17:32:19
http://www.yso.fi/onto/kto/disjunctive	http://www.yso.fi/onto/kto/p663	2012-10-15 17:32:19
http://www.yso.fi/onto/kto/Latvian	http://www.yso.fi/onto/kto/p664	2012-10-15 17:32:19
http://www.yso.fi/onto/kto/signs	http://www.yso.fi/onto/kto/p665	2012-10-15 17:32:19
http://www.yso.fi/onto/kto/Chukchee	http://www.yso.fi/onto/kto/p666	2012-10-15 17:32:19
http://www.yso.fi/onto/kto/names_of_terrain	http://www.yso.fi/onto/kto/p667	2012-10-15 17:32:19
http://www.yso.fi/onto/kto/nouns_of_terrain	http://www.yso.fi/onto/kto/p668	2012-10-15 17:32:19
http://www.yso.fi/onto/kto/hydronyms	http://www.yso.fi/onto/kto/p669	2012-10-15 17:32:19
http://www.yso.fi/onto/kto/collocations	http://www.yso.fi/onto/kto/p670	2012-10-15 17:32:19
http://www.yso.fi/onto/kto/Chuvash	http://www.yso.fi/onto/kto/p671	2012-10-15 17:32:19
http://www.yso.fi/onto/kto/tabu	http://www.yso.fi/onto/kto/p672	2012-10-15 17:32:19
http://www.yso.fi/onto/kto/language_of_fiction	http://www.yso.fi/onto/kto/p673	2012-10-15 17:32:19
http://www.yso.fi/onto/kto/Class	http://www.yso.fi/onto/kto/p674	2012-10-15 17:32:19
http://www.yso.fi/onto/kto/logical_predicate	http://www.yso.fi/onto/kto/p675	2012-10-15 17:32:19
http://www.yso.fi/onto/kto/nominal_predicate	http://www.yso.fi/onto/kto/p676	2012-10-15 17:32:19
http://www.yso.fi/onto/kto/Finno-Permic	http://www.yso.fi/onto/kto/p677	2012-10-15 17:32:19
http://www.yso.fi/onto/kto/Bible_translations	http://www.yso.fi/onto/kto/p678	2012-10-15 17:32:19
http://www.yso.fi/onto/kto/Häme_dialects	http://www.yso.fi/onto/kto/p679	2012-10-15 17:32:19
http://www.yso.fi/onto/kto/Ostrobothnian_dialects	http://www.yso.fi/onto/kto/p680	2012-10-15 17:32:19
http://www.yso.fi/onto/kto/south-western_dialects	http://www.yso.fi/onto/kto/p681	2012-10-15 17:32:19
http://www.yso.fi/onto/kto/Indo-Iranian	http://www.yso.fi/onto/kto/p682	2012-10-15 17:32:19
http://www.yso.fi/onto/kto/women_s_language	http://www.yso.fi/onto/kto/p683	2012-10-15 17:32:19
http://www.yso.fi/onto/kto/statistical_analysis	http://www.yso.fi/onto/kto/p684	2012-10-15 17:32:19
http://www.yso.fi/onto/kto/mathematical_linguistics	http://www.yso.fi/onto/kto/p685	2012-10-15 17:32:19
http://www.yso.fi/onto/kto/frekvenssi_--_kielitiede	http://www.yso.fi/onto/kto/p686	2012-10-15 17:32:19
http://www.yso.fi/onto/kto/context	http://www.yso.fi/onto/kto/p687	2012-10-15 17:32:19
http://www.yso.fi/onto/kto/consonant_groups	http://www.yso.fi/onto/kto/p688	2012-10-15 17:32:19
http://www.yso.fi/onto/kto/foreign_accent	http://www.yso.fi/onto/kto/p689	2012-10-15 17:32:19
http://www.yso.fi/onto/kto/Old_Swedish	http://www.yso.fi/onto/kto/p690	2012-10-15 17:32:19
http://www.yso.fi/onto/kto/Aleut	http://www.yso.fi/onto/kto/p691	2012-10-15 17:32:19
http://www.yso.fi/onto/kto/Eskaleutic	http://www.yso.fi/onto/kto/p692	2012-10-15 17:32:19
http://www.yso.fi/onto/kto/interrogative_sentence	http://www.yso.fi/onto/kto/p693	2012-10-15 17:32:19
http://www.yso.fi/onto/kto/interrogation	http://www.yso.fi/onto/kto/p694	2012-10-15 17:32:19
http://www.yso.fi/onto/kto/Ainu	http://www.yso.fi/onto/kto/p695	2012-10-15 17:32:19
http://www.yso.fi/onto/kto/bilingual_dictionaries	http://www.yso.fi/onto/kto/p696	2012-10-15 17:32:20
http://www.yso.fi/onto/kto/diacritics	http://www.yso.fi/onto/kto/p697	2012-10-15 17:32:20
http://www.yso.fi/onto/kto/ambiguity	http://www.yso.fi/onto/kto/p698	2012-10-15 17:32:20
http://www.yso.fi/onto/kto/paraphrase	http://www.yso.fi/onto/kto/p699	2012-10-15 17:32:20
http://www.yso.fi/onto/kto/semantic_field	http://www.yso.fi/onto/kto/p700	2012-10-15 17:32:20
http://www.yso.fi/onto/kto/comprehensibility	http://www.yso.fi/onto/kto/p701	2012-10-15 17:32:20
http://www.yso.fi/onto/kto/mixed_presentation	http://www.yso.fi/onto/kto/p702	2012-10-15 17:32:20
http://www.yso.fi/onto/kto/indirect_presentation	http://www.yso.fi/onto/kto/p703	2012-10-15 17:32:20
http://www.yso.fi/onto/kto/direct_presentation	http://www.yso.fi/onto/kto/p704	2012-10-15 17:32:20
http://www.yso.fi/onto/kto/interior_monologue	http://www.yso.fi/onto/kto/p705	2012-10-15 17:32:20
http://www.yso.fi/onto/kto/names_on_town_plan	http://www.yso.fi/onto/kto/p706	2012-10-15 17:32:20
http://www.yso.fi/onto/kto/gerunds	http://www.yso.fi/onto/kto/p707	2012-10-15 17:32:20
http://www.yso.fi/onto/kto/negation	http://www.yso.fi/onto/kto/p708	2012-10-15 17:32:20
http://www.yso.fi/onto/kto/surnames	http://www.yso.fi/onto/kto/p709	2012-10-15 17:32:20
http://www.yso.fi/onto/kto/onomatopoeia	http://www.yso.fi/onto/kto/p710	2012-10-15 17:32:20
http://www.yso.fi/onto/kto/technical_colleges	http://www.yso.fi/onto/kto/p711	2012-10-15 17:32:20
http://www.yso.fi/onto/kto/educational_establishments	http://www.yso.fi/onto/kto/p712	2012-10-15 17:32:20
http://www.yso.fi/onto/kto/intelligentsia_names	http://www.yso.fi/onto/kto/p713	2012-10-15 17:32:20
http://www.yso.fi/onto/kto/peasant_names	http://www.yso.fi/onto/kto/p714	2012-10-15 17:32:20
http://www.yso.fi/onto/kto/military_names	http://www.yso.fi/onto/kto/p715	2012-10-15 17:32:20
http://www.yso.fi/onto/kto/noble_names	http://www.yso.fi/onto/kto/p716	2012-10-15 17:32:20
http://www.yso.fi/onto/kto/officials	http://www.yso.fi/onto/kto/p717	2012-10-15 17:32:20
http://www.yso.fi/onto/kto/firm_names	http://www.yso.fi/onto/kto/p718	2012-10-15 17:32:20
http://www.yso.fi/onto/kto/personal_descriptors	http://www.yso.fi/onto/kto/p719	2012-10-15 17:32:20
http://www.yso.fi/onto/kto/satellite	http://www.yso.fi/onto/kto/p720	2012-10-15 17:32:20
http://www.yso.fi/onto/kto/nucleus	http://www.yso.fi/onto/kto/p721	2012-10-15 17:32:20
http://www.yso.fi/onto/kto/argument	http://www.yso.fi/onto/kto/p722	2012-10-15 17:32:20
http://www.yso.fi/onto/kto/ethnological_vocabulary	http://www.yso.fi/onto/kto/p723	2012-10-15 17:32:20
http://www.yso.fi/onto/kto/general_linguistics	http://www.yso.fi/onto/kto/p724	2012-10-15 17:32:20
http://www.yso.fi/onto/kto/universals_of_the_language	http://www.yso.fi/onto/kto/p725	2012-10-15 17:32:20
http://www.yso.fi/onto/kto/elementary_school	http://www.yso.fi/onto/kto/p726	2012-10-15 17:32:20
http://www.yso.fi/onto/kto/Mansi	http://www.yso.fi/onto/kto/p727	2012-10-15 17:32:20
http://www.yso.fi/onto/kto/Khanty	http://www.yso.fi/onto/kto/p728	2012-10-15 17:32:20
http://www.yso.fi/onto/kto/translation_errors	http://www.yso.fi/onto/kto/p729	2012-10-15 17:32:20
http://www.yso.fi/onto/kto/language	http://www.yso.fi/onto/kto/p730	2012-10-15 17:32:20
http://www.yso.fi/onto/kto/aspect	http://www.yso.fi/onto/kto/p731	2012-10-15 17:32:20
http://www.yso.fi/onto/kto/Udmurt	http://www.yso.fi/onto/kto/p732	2012-10-15 17:32:20
http://www.yso.fi/onto/kto/American_Finnish	http://www.yso.fi/onto/kto/p733	2012-10-15 17:32:20
http://www.yso.fi/onto/kto/rakenneanalyysi--kielitiede	http://www.yso.fi/onto/kto/p734	2012-10-15 17:32:20
http://www.yso.fi/onto/kto/rakenne_--_kielitiede	http://www.yso.fi/onto/kto/p735	2012-10-15 17:32:20
http://www.yso.fi/onto/kto/markedness	http://www.yso.fi/onto/kto/p736	2012-10-15 17:32:20
http://www.yso.fi/onto/kto/spoken_language	http://www.yso.fi/onto/kto/p737	2012-10-15 17:32:20
http://www.yso.fi/onto/kto/literary_language	http://www.yso.fi/onto/kto/p738	2012-10-15 17:32:20
http://www.yso.fi/onto/kto/constituent_sentence	http://www.yso.fi/onto/kto/p739	2012-10-15 17:32:20
http://www.yso.fi/onto/kto/subordinate_clause	http://www.yso.fi/onto/kto/p740	2012-10-15 17:32:20
http://www.yso.fi/onto/kto/wordplays	http://www.yso.fi/onto/kto/p741	2012-10-15 17:32:20
http://www.yso.fi/onto/kto/bibliographies	http://www.yso.fi/onto/kto/p742	2012-10-15 17:32:20
http://www.yso.fi/onto/kto/Kott	http://www.yso.fi/onto/kto/p743	2012-10-15 17:32:20
http://www.yso.fi/onto/kto/Yeniseic	http://www.yso.fi/onto/kto/p744	2012-10-15 17:32:20
http://www.yso.fi/onto/kto/nasalization	http://www.yso.fi/onto/kto/p745	2012-10-15 17:32:20
http://www.yso.fi/onto/kto/culture	http://www.yso.fi/onto/kto/p746	2012-10-15 17:32:20
http://www.yso.fi/onto/kto/sentence_analysis	http://www.yso.fi/onto/kto/p747	2012-10-15 17:32:20
http://www.yso.fi/onto/kto/resultative_aspect	http://www.yso.fi/onto/kto/p748	2012-10-15 17:32:20
http://www.yso.fi/onto/kto/perfective_aspect	http://www.yso.fi/onto/kto/p749	2012-10-15 17:32:20
http://www.yso.fi/onto/kto/indefinite_conjugation_declension	http://www.yso.fi/onto/kto/p750	2012-10-15 17:32:20
http://www.yso.fi/onto/kto/definite_conjugation_declension	http://www.yso.fi/onto/kto/p751	2012-10-15 17:32:20
http://www.yso.fi/onto/kto/stratificational_grammar	http://www.yso.fi/onto/kto/p752	2012-10-15 17:32:20
http://www.yso.fi/onto/kto/logical_subject	http://www.yso.fi/onto/kto/p753	2012-10-15 17:32:20
http://www.yso.fi/onto/kto/native_words	http://www.yso.fi/onto/kto/p754	2012-10-15 17:32:20
http://www.yso.fi/onto/kto/kinship_terms	http://www.yso.fi/onto/kto/p755	2012-10-15 17:32:20
http://www.yso.fi/onto/kto/household_vocabulary	http://www.yso.fi/onto/kto/p756	2012-10-15 17:32:20
http://www.yso.fi/onto/kto/elements_of_names	http://www.yso.fi/onto/kto/p757	2012-10-15 17:32:20
http://www.yso.fi/onto/kto/sports_language	http://www.yso.fi/onto/kto/p758	2012-10-15 17:32:20
http://www.yso.fi/onto/kto/language_of_the_press	http://www.yso.fi/onto/kto/p759	2012-10-15 17:32:20
http://www.yso.fi/onto/kto/radio_language	http://www.yso.fi/onto/kto/p760	2012-10-15 17:32:20
http://www.yso.fi/onto/kto/religious_language	http://www.yso.fi/onto/kto/p761	2012-10-15 17:32:20
http://www.yso.fi/onto/kto/language_of_politics	http://www.yso.fi/onto/kto/p762	2012-10-15 17:32:20
http://www.yso.fi/onto/kto/Bashkir	http://www.yso.fi/onto/kto/p763	2012-10-15 17:32:20
http://www.yso.fi/onto/kto/existential_sentence	http://www.yso.fi/onto/kto/p764	2012-10-15 17:32:20
http://www.yso.fi/onto/kto/basic_principles_of_name_giving	http://www.yso.fi/onto/kto/p765	2012-10-15 17:32:20
http://www.yso.fi/onto/kto/active	http://www.yso.fi/onto/kto/p766	2012-10-15 17:32:20
http://www.yso.fi/onto/kto/use_of_names	http://www.yso.fi/onto/kto/p767	2012-10-15 17:32:20
http://www.yso.fi/onto/kto/parallel_names	http://www.yso.fi/onto/kto/p768	2012-10-15 17:32:20
http://www.yso.fi/onto/kto/transportation_vocabulary	http://www.yso.fi/onto/kto/p769	2012-10-15 17:32:20
http://www.yso.fi/onto/kto/men_s_language	http://www.yso.fi/onto/kto/p770	2012-10-15 17:32:20
http://www.yso.fi/onto/kto/children_s_language	http://www.yso.fi/onto/kto/p771	2012-10-15 17:32:20
http://www.yso.fi/onto/kto/Middle_Low_German	http://www.yso.fi/onto/kto/p772	2012-10-15 17:32:20
http://www.yso.fi/onto/kto/Low_German	http://www.yso.fi/onto/kto/p773	2012-10-15 17:32:20
http://www.yso.fi/onto/kto/names_of_furniture	http://www.yso.fi/onto/kto/p774	2012-10-15 17:32:20
http://www.yso.fi/onto/kto/metaphor	http://www.yso.fi/onto/kto/p775	2012-10-15 17:32:20
http://www.yso.fi/onto/kto/German	http://www.yso.fi/onto/kto/p776	2012-10-15 17:32:20
http://www.yso.fi/onto/kto/baking_vocabulary	http://www.yso.fi/onto/kto/p777	2012-10-15 17:32:20
http://www.yso.fi/onto/kto/methods	http://www.yso.fi/onto/kto/p778	2012-10-15 17:32:20
http://www.yso.fi/onto/kto/popularization_of_linguistics	http://www.yso.fi/onto/kto/p779	2012-10-15 17:32:20
http://www.yso.fi/onto/kto/history_of_linguistics	http://www.yso.fi/onto/kto/p780	2012-10-15 17:32:20
http://www.yso.fi/onto/kto/Bulgarian	http://www.yso.fi/onto/kto/p781	2012-10-15 17:32:21
http://www.yso.fi/onto/kto/Celtic	http://www.yso.fi/onto/kto/p782	2012-10-15 17:32:21
http://www.yso.fi/onto/kto/official_language	http://www.yso.fi/onto/kto/p783	2012-10-15 17:32:21
http://www.yso.fi/onto/kto/etymological_dictionaries	http://www.yso.fi/onto/kto/p784	2012-10-15 17:32:21
http://www.yso.fi/onto/kto/folk_etymologies	http://www.yso.fi/onto/kto/p785	2012-10-15 17:32:21
http://www.yso.fi/onto/kto/clerk_s_etymology	http://www.yso.fi/onto/kto/p786	2012-10-15 17:32:21
http://www.yso.fi/onto/kto/initial_letters	http://www.yso.fi/onto/kto/p787	2012-10-15 17:32:21
http://www.yso.fi/onto/kto/secret_languages	http://www.yso.fi/onto/kto/p788	2012-10-15 17:32:21
http://www.yso.fi/onto/kto/reindeer_vocabulary	http://www.yso.fi/onto/kto/p789	2012-10-15 17:32:21
http://www.yso.fi/onto/kto/Romanes	http://www.yso.fi/onto/kto/p790	2012-10-15 17:32:21
http://www.yso.fi/onto/kto/agricultural_names	http://www.yso.fi/onto/kto/p791	2012-10-15 17:32:21
http://www.yso.fi/onto/kto/artefacts	http://www.yso.fi/onto/kto/p792	2012-10-15 17:32:21
http://www.yso.fi/onto/kto/settlement_names	http://www.yso.fi/onto/kto/p793	2012-10-15 17:32:21
http://www.yso.fi/onto/kto/punctuation	http://www.yso.fi/onto/kto/p794	2012-10-15 17:32:21
http://www.yso.fi/onto/kto/clitic_theory	http://www.yso.fi/onto/kto/p795	2012-10-15 17:32:21
http://www.yso.fi/onto/kto/titles	http://www.yso.fi/onto/kto/p796	2012-10-15 17:32:21
http://www.yso.fi/onto/kto/language_guidance	http://www.yso.fi/onto/kto/p797	2012-10-15 17:32:21
http://www.yso.fi/onto/kto/vocabulary_of_usage_and_customs	http://www.yso.fi/onto/kto/p798	2012-10-15 17:32:21
http://www.yso.fi/onto/kto/stylistics	http://www.yso.fi/onto/kto/p799	2012-10-15 17:32:21
http://www.yso.fi/onto/kto/appellativization	http://www.yso.fi/onto/kto/p800	2012-10-15 17:32:21
http://www.yso.fi/onto/kto/graphemes	http://www.yso.fi/onto/kto/p801	2012-10-15 17:32:21
http://www.yso.fi/onto/kto/indirect_object	http://www.yso.fi/onto/kto/p802	2012-10-15 17:32:21
http://www.yso.fi/onto/kto/direct_object	http://www.yso.fi/onto/kto/p803	2012-10-15 17:32:21
http://www.yso.fi/onto/kto/scientific_institutions	http://www.yso.fi/onto/kto/p804	2012-10-15 17:32:21
http://www.yso.fi/onto/kto/word_order	http://www.yso.fi/onto/kto/p805	2012-10-15 17:32:21
http://www.yso.fi/onto/kto/aurally_handicapped	http://www.yso.fi/onto/kto/p806	2012-10-15 17:32:21
http://www.yso.fi/onto/kto/expressions_of_quantity	http://www.yso.fi/onto/kto/p807	2012-10-15 17:32:21
http://www.yso.fi/onto/kto/Mator	http://www.yso.fi/onto/kto/p808	2012-10-15 17:32:21
http://www.yso.fi/onto/kto/Samoyedic	http://www.yso.fi/onto/kto/p809	2012-10-15 17:32:21
http://www.yso.fi/onto/kto/mother_tongue	http://www.yso.fi/onto/kto/p810	2012-10-15 17:32:21
http://www.yso.fi/onto/kto/gender	http://www.yso.fi/onto/kto/p811	2012-10-15 17:32:21
http://www.yso.fi/onto/kto/names_of_parties	http://www.yso.fi/onto/kto/p812	2012-10-15 17:32:21
http://www.yso.fi/onto/kto/internal_reconstruction	http://www.yso.fi/onto/kto/p813	2012-10-15 17:32:21
http://www.yso.fi/onto/kto/abbreviations	http://www.yso.fi/onto/kto/p814	2012-10-15 17:32:21
http://www.yso.fi/onto/kto/specific_name_elements	http://www.yso.fi/onto/kto/p815	2012-10-15 17:32:21
http://www.yso.fi/onto/kto/basic_name_elements	http://www.yso.fi/onto/kto/p816	2012-10-15 17:32:21
http://www.yso.fi/onto/kto/plant_names	http://www.yso.fi/onto/kto/p817	2012-10-15 17:32:21
http://www.yso.fi/onto/kto/Livonian	http://www.yso.fi/onto/kto/p818	2012-10-15 17:32:21
http://www.yso.fi/onto/kto/relative_pronouns	http://www.yso.fi/onto/kto/p819	2012-10-15 17:32:21
http://www.yso.fi/onto/kto/personal_pronouns	http://www.yso.fi/onto/kto/p820	2012-10-15 17:32:21
http://www.yso.fi/onto/kto/Norwegian	http://www.yso.fi/onto/kto/p821	2012-10-15 17:32:21
http://www.yso.fi/onto/kto/temporal_expressions	http://www.yso.fi/onto/kto/p822	2012-10-15 17:32:21
http://www.yso.fi/onto/kto/abbreviation_words	http://www.yso.fi/onto/kto/p823	2012-10-15 17:32:21
http://www.yso.fi/onto/kto/philosophy_of_language	http://www.yso.fi/onto/kto/p824	2012-10-15 17:32:21
http://www.yso.fi/onto/kto/formal_subject	http://www.yso.fi/onto/kto/p825	2012-10-15 17:32:21
http://www.yso.fi/onto/kto/Merya	http://www.yso.fi/onto/kto/p826	2012-10-15 17:32:21
http://www.yso.fi/onto/kto/American_Indian	http://www.yso.fi/onto/kto/p827	2012-10-15 17:32:21
http://www.yso.fi/onto/kto/aviation_vocabulary	http://www.yso.fi/onto/kto/p828	2012-10-15 17:32:21
http://www.yso.fi/onto/kto/nouns_of_natural_water_system	http://www.yso.fi/onto/kto/p829	2012-10-15 17:32:21
http://www.yso.fi/onto/kto/Savo_dialects	http://www.yso.fi/onto/kto/p830	2012-10-15 17:32:21
http://www.yso.fi/onto/kto/south-eastern_dialects	http://www.yso.fi/onto/kto/p831	2012-10-15 17:32:21
http://www.yso.fi/onto/kto/trade_names	http://www.yso.fi/onto/kto/p832	2012-10-15 17:32:21
http://www.yso.fi/onto/kto/vocational_schools	http://www.yso.fi/onto/kto/p833	2012-10-15 17:32:21
http://www.yso.fi/onto/kto/travelogues	http://www.yso.fi/onto/kto/p834	2012-10-15 17:32:21
http://www.yso.fi/onto/kto/names_of_directions	http://www.yso.fi/onto/kto/p835	2012-10-15 17:32:21
http://www.yso.fi/onto/kto/choice_of_words	http://www.yso.fi/onto/kto/p836	2012-10-15 17:32:21
http://www.yso.fi/onto/kto/infinitives	http://www.yso.fi/onto/kto/p837	2012-10-15 17:32:21
http://www.yso.fi/onto/kto/popularization	http://www.yso.fi/onto/kto/p838	2012-10-15 17:32:21
http://www.yso.fi/onto/kto/handicraft_vocabulary	http://www.yso.fi/onto/kto/p839	2012-10-15 17:32:21
http://www.yso.fi/onto/kto/names_of_colours	http://www.yso.fi/onto/kto/p840	2012-10-15 17:32:21
http://www.yso.fi/onto/kto/French	http://www.yso.fi/onto/kto/p841	2012-10-15 17:32:21
http://www.yso.fi/onto/kto/Romance	http://www.yso.fi/onto/kto/p842	2012-10-15 17:32:21
http://www.yso.fi/onto/kto/simple_sentence	http://www.yso.fi/onto/kto/p843	2012-10-15 17:32:21
http://www.yso.fi/onto/kto/names_of_illnesses	http://www.yso.fi/onto/kto/p844	2012-10-15 17:32:21
http://www.yso.fi/onto/kto/Komi-Zyryan	http://www.yso.fi/onto/kto/p845	2012-10-15 17:32:21
http://www.yso.fi/onto/kto/Ingrian	http://www.yso.fi/onto/kto/p846	2012-10-15 17:32:21
http://www.yso.fi/onto/kto/nominal_derivatives	http://www.yso.fi/onto/kto/p847	2012-10-15 17:32:21
http://www.yso.fi/onto/kto/participles	http://www.yso.fi/onto/kto/p848	2012-10-15 17:32:21
http://www.yso.fi/onto/kto/reflexive_conjugation	http://www.yso.fi/onto/kto/p849	2012-10-15 17:32:21
http://www.yso.fi/onto/kto/possessive_declension	http://www.yso.fi/onto/kto/p850	2012-10-15 17:32:21
http://www.yso.fi/onto/kto/passive	http://www.yso.fi/onto/kto/p851	2012-10-15 17:32:21
http://www.yso.fi/onto/kto/person	http://www.yso.fi/onto/kto/p852	2012-10-15 17:32:21
http://www.yso.fi/onto/kto/Dutch	http://www.yso.fi/onto/kto/p853	2012-10-15 17:32:21
http://www.yso.fi/onto/kto/complex_sentence1	http://www.yso.fi/onto/kto/p854	2012-10-15 17:32:22
http://www.yso.fi/onto/kto/articulatory_setting	http://www.yso.fi/onto/kto/p855	2012-10-15 17:32:22
http://www.yso.fi/onto/kto/Latin	http://www.yso.fi/onto/kto/p856	2012-10-15 17:32:22
http://www.yso.fi/onto/kto/social_development	http://www.yso.fi/onto/kto/p857	2012-10-15 17:32:22
http://www.yso.fi/onto/kto/science_policy	http://www.yso.fi/onto/kto/p858	2012-10-15 17:32:22
http://www.yso.fi/onto/kto/parallel_derivatives	http://www.yso.fi/onto/kto/p859	2012-10-15 17:32:22
http://www.yso.fi/onto/kto/Danish	http://www.yso.fi/onto/kto/p860	2012-10-15 17:32:22
http://www.yso.fi/onto/kto/Serbo-Croatian	http://www.yso.fi/onto/kto/p861	2012-10-15 17:32:22
http://www.yso.fi/onto/kto/related	http://www.yso.fi/onto/kto/p862	2012-10-15 17:32:22
http://www.yso.fi/onto/kto/simplified_language	http://www.yso.fi/onto/kto/p863	2012-10-15 17:32:22
http://www.yso.fi/onto/kto/conventional_names	http://www.yso.fi/onto/kto/p864	2012-10-15 17:32:22
http://www.yso.fi/onto/kto/proper_names_of_domestic_animals	http://www.yso.fi/onto/kto/p865	2012-10-15 17:32:22
http://www.yso.fi/onto/kto/name_strata	http://www.yso.fi/onto/kto/p866	2012-10-15 17:32:22
http://www.yso.fi/onto/kto/birchbark_vocabulary	http://www.yso.fi/onto/kto/p867	2012-10-15 17:32:22
http://www.yso.fi/onto/kto/Nganasan	http://www.yso.fi/onto/kto/p868	2012-10-15 17:32:22
http://www.yso.fi/onto/kto/Mari	http://www.yso.fi/onto/kto/p869	2012-10-15 17:32:22
http://www.yso.fi/onto/kto/leatherwork_vocabulary	http://www.yso.fi/onto/kto/p870	2012-10-15 17:32:22
http://www.yso.fi/onto/kto/Old_Russian	http://www.yso.fi/onto/kto/p871	2012-10-15 17:32:22
http://www.yso.fi/onto/kto/Russian	http://www.yso.fi/onto/kto/p872	2012-10-15 17:32:22
http://www.yso.fi/onto/kto/middle_school	http://www.yso.fi/onto/kto/p873	2012-10-15 17:32:22
http://www.yso.fi/onto/kto/names_of_measures	http://www.yso.fi/onto/kto/p874	2012-10-15 17:32:22
http://www.yso.fi/onto/kto/subordinative_conjunctions	http://www.yso.fi/onto/kto/p875	2012-10-15 17:32:22
http://www.yso.fi/onto/kto/culinary_vocabulary	http://www.yso.fi/onto/kto/p876	2012-10-15 17:32:22
http://www.yso.fi/onto/kto/synchronic_analysis	http://www.yso.fi/onto/kto/p877	2012-10-15 17:32:22
http://www.yso.fi/onto/kto/agent_nouns	http://www.yso.fi/onto/kto/p878	2012-10-15 17:32:22
http://www.yso.fi/onto/kto/Czech	http://www.yso.fi/onto/kto/p879	2012-10-15 17:32:22
http://www.yso.fi/onto/kto/language_of_advertising	http://www.yso.fi/onto/kto/p880	2012-10-15 17:32:22
http://www.yso.fi/onto/kto/Lithuanian	http://www.yso.fi/onto/kto/p881	2012-10-15 17:32:22
http://www.yso.fi/onto/kto/Yupik	http://www.yso.fi/onto/kto/p882	2012-10-15 17:32:22
http://www.yso.fi/onto/kto/Eskimo	http://www.yso.fi/onto/kto/p883	2012-10-15 17:32:22
http://www.yso.fi/onto/kto/Inupiaq	http://www.yso.fi/onto/kto/p884	2012-10-15 17:32:22
http://www.yso.fi/onto/kto/Selkup	http://www.yso.fi/onto/kto/p885	2012-10-15 17:32:22
http://www.yso.fi/onto/kto/phrase_dictionaries	http://www.yso.fi/onto/kto/p886	2012-10-15 17:32:22
http://www.yso.fi/onto/kto/applied_linguistics	http://www.yso.fi/onto/kto/p887	2012-10-15 17:32:22
http://www.yso.fi/onto/kto/theoretical_linguistics	http://www.yso.fi/onto/kto/p888	2012-10-15 17:32:22
http://www.yso.fi/onto/kto/transitive_sentence	http://www.yso.fi/onto/kto/p889	2012-10-15 17:32:22
http://www.yso.fi/onto/kto/matriculation_examination	http://www.yso.fi/onto/kto/p890	2012-10-15 17:32:22
http://www.yso.fi/onto/kto/onomastic_geography	http://www.yso.fi/onto/kto/p891	2012-10-15 17:32:22
http://www.yso.fi/onto/kto/onomastic_theory	http://www.yso.fi/onto/kto/p892	2012-10-15 17:32:22
http://www.yso.fi/onto/kto/typology_of_names	http://www.yso.fi/onto/kto/p893	2012-10-15 17:32:22
http://www.yso.fi/onto/kto/secondary_school	http://www.yso.fi/onto/kto/p894	2012-10-15 17:32:22
http://www.yso.fi/onto/kto/co-ordinate_sentence	http://www.yso.fi/onto/kto/p895	2012-10-15 17:32:22
http://www.yso.fi/onto/kto/English	http://www.yso.fi/onto/kto/p896	2012-10-15 17:32:22
http://www.yso.fi/onto/kto/scientific_societies	http://www.yso.fi/onto/kto/p897	2012-10-15 17:32:22
http://www.yso.fi/onto/kto/census	http://www.yso.fi/onto/kto/p898	2012-10-15 17:32:22
http://www.yso.fi/onto/kto/verbal_derivatives	http://www.yso.fi/onto/kto/p899	2012-10-15 17:32:22
http://www.yso.fi/onto/kto/Finland-Swedish	http://www.yso.fi/onto/kto/p900	2012-10-15 17:32:22
http://www.yso.fi/onto/kto/noun_phrase	http://www.yso.fi/onto/kto/p901	2012-10-15 17:32:22
http://www.yso.fi/onto/kto/verbal_phrase	http://www.yso.fi/onto/kto/p902	2012-10-15 17:32:22
http://www.yso.fi/onto/kto/adverbial_phrase	http://www.yso.fi/onto/kto/p903	2012-10-15 17:32:22
http://www.yso.fi/onto/kto/music_vocabulary	http://www.yso.fi/onto/kto/p904	2012-10-15 17:32:22
http://www.yso.fi/onto/kto/Old_Low_German	http://www.yso.fi/onto/kto/p905	2012-10-15 17:32:22
http://www.yso.fi/onto/kto/poetic_language	http://www.yso.fi/onto/kto/p906	2012-10-15 17:32:22
http://www.yso.fi/onto/kto/jurisprudence	http://www.yso.fi/onto/kto/p907	2012-10-15 17:32:22
http://www.yso.fi/onto/kto/complementary_clause	http://www.yso.fi/onto/kto/p908	2012-10-15 17:32:22
http://www.yso.fi/onto/kto/intransitive_sentence	http://www.yso.fi/onto/kto/p909	2012-10-15 17:32:22
http://www.yso.fi/onto/kto/hunting_vocabulary	http://www.yso.fi/onto/kto/p910	2012-10-15 17:32:22
http://www.yso.fi/onto/kto/alienizing_of_names	http://www.yso.fi/onto/kto/p911	2012-10-15 17:32:22
http://www.yso.fi/onto/kto/grammars	http://www.yso.fi/onto/kto/p912	2012-10-15 17:32:22
http://www.yso.fi/onto/kto/Braille	http://www.yso.fi/onto/kto/p913	2012-10-15 17:32:23
http://www.yso.fi/onto/kto/Rumanian	http://www.yso.fi/onto/kto/p914	2012-10-15 17:32:23
http://www.yso.fi/onto/kto/elliptical_clause	http://www.yso.fi/onto/kto/p915	2012-10-15 17:32:23
http://www.yso.fi/onto/kto/history_of_consonants	http://www.yso.fi/onto/kto/p916	2012-10-15 17:32:23
http://www.yso.fi/onto/kto/actant	http://www.yso.fi/onto/kto/p917	2012-10-15 17:32:23
http://www.yso.fi/onto/kto/language_of_teaching	http://www.yso.fi/onto/kto/p918	2012-10-15 17:32:23
http://www.yso.fi/onto/kto/agricultural_vocabulary	http://www.yso.fi/onto/kto/p919	2012-10-15 17:32:23
http://www.yso.fi/onto/kto/folk_belief	http://www.yso.fi/onto/kto/p920	2012-10-15 17:32:23
http://www.yso.fi/onto/kto/Nivkh	http://www.yso.fi/onto/kto/p921	2012-10-15 17:32:23
http://www.yso.fi/onto/kto/Enets	http://www.yso.fi/onto/kto/p922	2012-10-15 17:32:23
http://www.yso.fi/onto/kto/names_of_festivals	http://www.yso.fi/onto/kto/p923	2012-10-15 17:32:23
http://www.yso.fi/onto/kto/Hungarian	http://www.yso.fi/onto/kto/p924	2012-10-15 17:32:23
http://www.yso.fi/onto/kto/names_of_stimulants	http://www.yso.fi/onto/kto/p925	2012-10-15 17:32:23
http://www.yso.fi/onto/kto/military_vocabulary	http://www.yso.fi/onto/kto/p926	2012-10-15 17:32:23
http://www.yso.fi/onto/kto/food_vocabulary	http://www.yso.fi/onto/kto/p927	2012-10-15 17:32:23
http://www.yso.fi/onto/kto/fishing_vocabulary	http://www.yso.fi/onto/kto/p928	2012-10-15 17:32:23
http://www.yso.fi/onto/kto/terminology	http://www.yso.fi/onto/kto/p929	2012-10-15 17:32:23
http://www.yso.fi/onto/kto/geographical_vocabulary	http://www.yso.fi/onto/kto/p930	2012-10-15 17:32:23
http://www.yso.fi/onto/kto/overland_traffic_vocabulary	http://www.yso.fi/onto/kto/p931	2012-10-15 17:32:23
http://www.yso.fi/onto/kto/fashionable_expressions	http://www.yso.fi/onto/kto/p932	2012-10-15 17:32:23
http://www.yso.fi/onto/kto/reciprocity	http://www.yso.fi/onto/kto/p933	2012-10-15 17:32:23
http://www.yso.fi/onto/kto/developers_of_language	http://www.yso.fi/onto/kto/p934	2012-10-15 17:32:23
http://www.yso.fi/onto/kto/Middle_High_German	http://www.yso.fi/onto/kto/p935	2012-10-15 17:32:23
http://www.yso.fi/onto/kto/Tatar	http://www.yso.fi/onto/kto/p936	2012-10-15 17:32:23
http://www.yso.fi/onto/kto/relative_clause	http://www.yso.fi/onto/kto/p937	2012-10-15 17:32:23
http://www.yso.fi/onto/kto/Sami	http://www.yso.fi/onto/kto/p938	2012-10-15 17:32:23
http://www.yso.fi/onto/kto/Cyrillic_alphabet	http://www.yso.fi/onto/kto/p939	2012-10-15 17:32:23
http://www.yso.fi/onto/kto/Latin_alphabet	http://www.yso.fi/onto/kto/p940	2012-10-15 17:32:23
http://www.yso.fi/onto/kto/high_school	http://www.yso.fi/onto/kto/p941	2012-10-15 17:32:23
http://www.yso.fi/onto/kto/names_of_the_target_of_actions	http://www.yso.fi/onto/kto/p942	2012-10-15 17:32:23
http://www.yso.fi/onto/kto/Italian	http://www.yso.fi/onto/kto/p943	2012-10-15 17:32:23
http://www.yso.fi/onto/kto/Ludian	http://www.yso.fi/onto/kto/p944	2012-10-15 17:32:23
http://www.yso.fi/onto/kto/Bolgar	http://www.yso.fi/onto/kto/p945	2012-10-15 17:32:23
http://www.yso.fi/onto/kto/Old_High_German	http://www.yso.fi/onto/kto/p946	2012-10-15 17:32:23
http://www.yso.fi/onto/kto/publishing_activities	http://www.yso.fi/onto/kto/p947	2012-10-15 17:32:23
http://www.yso.fi/onto/kto/Kamas	http://www.yso.fi/onto/kto/p948	2012-10-15 17:32:23
http://www.yso.fi/onto/kto/Vepsian	http://www.yso.fi/onto/kto/p949	2012-10-15 17:32:23
http://www.yso.fi/onto/kto/instrumental_derivatives	http://www.yso.fi/onto/kto/p950	2012-10-15 17:32:23
http://www.yso.fi/onto/kto/general_surveys	http://www.yso.fi/onto/kto/p951	2012-10-15 17:32:23
http://www.yso.fi/onto/kto/redundance	http://www.yso.fi/onto/kto/p952	2012-10-15 17:32:23
http://www.yso.fi/onto/kto/Nenets	http://www.yso.fi/onto/kto/p953	2012-10-15 17:32:23
http://www.yso.fi/onto/kto/Votian	http://www.yso.fi/onto/kto/p954	2012-10-15 17:32:23
http://www.yso.fi/onto/kto/universities	http://www.yso.fi/onto/kto/p955	2012-10-15 17:32:23
http://www.yso.fi/onto/kto/Ket	http://www.yso.fi/onto/kto/p956	2012-10-15 17:32:23
http://www.yso.fi/onto/kto/recordings	http://www.yso.fi/onto/kto/p957	2012-10-15 17:32:23
http://www.yso.fi/onto/kto/primary_school	http://www.yso.fi/onto/kto/p958	2012-10-15 17:32:23
