INFO: Don't know what to do with type http://www.yso.fi/onto/kauno-meta/Concept
INFO: Don't know what to do with type http://www.yso.fi/onto/yso-meta/Hierarchy
INFO: Don't know what to do with literal http://purl.org/dc/terms/source
WARNING: Stripping whitespace from label of http://www.yso.fi/onto/kauno/p5557: 'chick lit '
WARNING: Concept scheme has no label(s). Use --label option to set the concept scheme label.
INFO: Marking loose concept http://urn.fi/URN:NBN:fi:au:mts:g1 as top concept of scheme http://urn.fi/URN:NBN:fi:au:mts:
INFO: Marking loose concept http://urn.fi/URN:NBN:fi:au:mts:g2 as top concept of scheme http://urn.fi/URN:NBN:fi:au:mts:
INFO: Marking loose concept http://urn.fi/URN:NBN:fi:au:mts:g3 as top concept of scheme http://urn.fi/URN:NBN:fi:au:mts:
INFO: Marking loose concept http://www.yso.fi/onto/kauno/p103 as top concept of scheme http://urn.fi/URN:NBN:fi:au:mts:
INFO: Marking loose concept http://www.yso.fi/onto/kauno/p1090 as top concept of scheme http://urn.fi/URN:NBN:fi:au:mts:
INFO: Marking loose concept http://www.yso.fi/onto/kauno/p1100 as top concept of scheme http://urn.fi/URN:NBN:fi:au:mts:
INFO: Marking loose concept http://www.yso.fi/onto/kauno/p1150 as top concept of scheme http://urn.fi/URN:NBN:fi:au:mts:
INFO: Marking loose concept http://www.yso.fi/onto/kauno/p1166 as top concept of scheme http://urn.fi/URN:NBN:fi:au:mts:
INFO: Marking loose concept http://www.yso.fi/onto/kauno/p1192 as top concept of scheme http://urn.fi/URN:NBN:fi:au:mts:
INFO: Marking loose concept http://www.yso.fi/onto/kauno/p134 as top concept of scheme http://urn.fi/URN:NBN:fi:au:mts:
INFO: Marking loose concept http://www.yso.fi/onto/kauno/p1430 as top concept of scheme http://urn.fi/URN:NBN:fi:au:mts:
INFO: Marking loose concept http://www.yso.fi/onto/kauno/p1438 as top concept of scheme http://urn.fi/URN:NBN:fi:au:mts:
INFO: Marking loose concept http://www.yso.fi/onto/kauno/p144 as top concept of scheme http://urn.fi/URN:NBN:fi:au:mts:
INFO: Marking loose concept http://www.yso.fi/onto/kauno/p1447 as top concept of scheme http://urn.fi/URN:NBN:fi:au:mts:
INFO: Marking loose concept http://www.yso.fi/onto/kauno/p1567 as top concept of scheme http://urn.fi/URN:NBN:fi:au:mts:
INFO: Marking loose concept http://www.yso.fi/onto/kauno/p1604 as top concept of scheme http://urn.fi/URN:NBN:fi:au:mts:
INFO: Marking loose concept http://www.yso.fi/onto/kauno/p1620 as top concept of scheme http://urn.fi/URN:NBN:fi:au:mts:
INFO: Marking loose concept http://www.yso.fi/onto/kauno/p1663 as top concept of scheme http://urn.fi/URN:NBN:fi:au:mts:
INFO: Marking loose concept http://www.yso.fi/onto/kauno/p1728 as top concept of scheme http://urn.fi/URN:NBN:fi:au:mts:
INFO: Marking loose concept http://www.yso.fi/onto/kauno/p1737 as top concept of scheme http://urn.fi/URN:NBN:fi:au:mts:
INFO: Marking loose concept http://www.yso.fi/onto/kauno/p178 as top concept of scheme http://urn.fi/URN:NBN:fi:au:mts:
INFO: Marking loose concept http://www.yso.fi/onto/kauno/p1808 as top concept of scheme http://urn.fi/URN:NBN:fi:au:mts:
INFO: Marking loose concept http://www.yso.fi/onto/kauno/p187 as top concept of scheme http://urn.fi/URN:NBN:fi:au:mts:
INFO: Marking loose concept http://www.yso.fi/onto/kauno/p1886 as top concept of scheme http://urn.fi/URN:NBN:fi:au:mts:
INFO: Marking loose concept http://www.yso.fi/onto/kauno/p1910 as top concept of scheme http://urn.fi/URN:NBN:fi:au:mts:
INFO: Marking loose concept http://www.yso.fi/onto/kauno/p1976 as top concept of scheme http://urn.fi/URN:NBN:fi:au:mts:
INFO: Marking loose concept http://www.yso.fi/onto/kauno/p2040 as top concept of scheme http://urn.fi/URN:NBN:fi:au:mts:
INFO: Marking loose concept http://www.yso.fi/onto/kauno/p2048 as top concept of scheme http://urn.fi/URN:NBN:fi:au:mts:
INFO: Marking loose concept http://www.yso.fi/onto/kauno/p2050 as top concept of scheme http://urn.fi/URN:NBN:fi:au:mts:
INFO: Marking loose concept http://www.yso.fi/onto/kauno/p209 as top concept of scheme http://urn.fi/URN:NBN:fi:au:mts:
INFO: Marking loose concept http://www.yso.fi/onto/kauno/p2091 as top concept of scheme http://urn.fi/URN:NBN:fi:au:mts:
INFO: Marking loose concept http://www.yso.fi/onto/kauno/p2110 as top concept of scheme http://urn.fi/URN:NBN:fi:au:mts:
INFO: Marking loose concept http://www.yso.fi/onto/kauno/p2120 as top concept of scheme http://urn.fi/URN:NBN:fi:au:mts:
INFO: Marking loose concept http://www.yso.fi/onto/kauno/p2122 as top concept of scheme http://urn.fi/URN:NBN:fi:au:mts:
INFO: Marking loose concept http://www.yso.fi/onto/kauno/p2171 as top concept of scheme http://urn.fi/URN:NBN:fi:au:mts:
INFO: Marking loose concept http://www.yso.fi/onto/kauno/p2204 as top concept of scheme http://urn.fi/URN:NBN:fi:au:mts:
INFO: Marking loose concept http://www.yso.fi/onto/kauno/p2217 as top concept of scheme http://urn.fi/URN:NBN:fi:au:mts:
INFO: Marking loose concept http://www.yso.fi/onto/kauno/p2253 as top concept of scheme http://urn.fi/URN:NBN:fi:au:mts:
INFO: Marking loose concept http://www.yso.fi/onto/kauno/p2309 as top concept of scheme http://urn.fi/URN:NBN:fi:au:mts:
INFO: Marking loose concept http://www.yso.fi/onto/kauno/p2317 as top concept of scheme http://urn.fi/URN:NBN:fi:au:mts:
INFO: Marking loose concept http://www.yso.fi/onto/kauno/p2347 as top concept of scheme http://urn.fi/URN:NBN:fi:au:mts:
INFO: Marking loose concept http://www.yso.fi/onto/kauno/p2416 as top concept of scheme http://urn.fi/URN:NBN:fi:au:mts:
INFO: Marking loose concept http://www.yso.fi/onto/kauno/p2430 as top concept of scheme http://urn.fi/URN:NBN:fi:au:mts:
INFO: Marking loose concept http://www.yso.fi/onto/kauno/p2483 as top concept of scheme http://urn.fi/URN:NBN:fi:au:mts:
INFO: Marking loose concept http://www.yso.fi/onto/kauno/p2497 as top concept of scheme http://urn.fi/URN:NBN:fi:au:mts:
INFO: Marking loose concept http://www.yso.fi/onto/kauno/p2501 as top concept of scheme http://urn.fi/URN:NBN:fi:au:mts:
INFO: Marking loose concept http://www.yso.fi/onto/kauno/p2501_1 as top concept of scheme http://urn.fi/URN:NBN:fi:au:mts:
INFO: Marking loose concept http://www.yso.fi/onto/kauno/p2575 as top concept of scheme http://urn.fi/URN:NBN:fi:au:mts:
INFO: Marking loose concept http://www.yso.fi/onto/kauno/p2601 as top concept of scheme http://urn.fi/URN:NBN:fi:au:mts:
INFO: Marking loose concept http://www.yso.fi/onto/kauno/p2613 as top concept of scheme http://urn.fi/URN:NBN:fi:au:mts:
INFO: Marking loose concept http://www.yso.fi/onto/kauno/p2672 as top concept of scheme http://urn.fi/URN:NBN:fi:au:mts:
INFO: Marking loose concept http://www.yso.fi/onto/kauno/p2881 as top concept of scheme http://urn.fi/URN:NBN:fi:au:mts:
INFO: Marking loose concept http://www.yso.fi/onto/kauno/p3085 as top concept of scheme http://urn.fi/URN:NBN:fi:au:mts:
INFO: Marking loose concept http://www.yso.fi/onto/kauno/p3164 as top concept of scheme http://urn.fi/URN:NBN:fi:au:mts:
INFO: Marking loose concept http://www.yso.fi/onto/kauno/p3210 as top concept of scheme http://urn.fi/URN:NBN:fi:au:mts:
INFO: Marking loose concept http://www.yso.fi/onto/kauno/p3475 as top concept of scheme http://urn.fi/URN:NBN:fi:au:mts:
INFO: Marking loose concept http://www.yso.fi/onto/kauno/p352 as top concept of scheme http://urn.fi/URN:NBN:fi:au:mts:
INFO: Marking loose concept http://www.yso.fi/onto/kauno/p3584 as top concept of scheme http://urn.fi/URN:NBN:fi:au:mts:
INFO: Marking loose concept http://www.yso.fi/onto/kauno/p3658 as top concept of scheme http://urn.fi/URN:NBN:fi:au:mts:
INFO: Marking loose concept http://www.yso.fi/onto/kauno/p3692 as top concept of scheme http://urn.fi/URN:NBN:fi:au:mts:
INFO: Marking loose concept http://www.yso.fi/onto/kauno/p3696 as top concept of scheme http://urn.fi/URN:NBN:fi:au:mts:
INFO: Marking loose concept http://www.yso.fi/onto/kauno/p3722 as top concept of scheme http://urn.fi/URN:NBN:fi:au:mts:
INFO: Marking loose concept http://www.yso.fi/onto/kauno/p3764 as top concept of scheme http://urn.fi/URN:NBN:fi:au:mts:
INFO: Marking loose concept http://www.yso.fi/onto/kauno/p396 as top concept of scheme http://urn.fi/URN:NBN:fi:au:mts:
INFO: Marking loose concept http://www.yso.fi/onto/kauno/p3970 as top concept of scheme http://urn.fi/URN:NBN:fi:au:mts:
INFO: Marking loose concept http://www.yso.fi/onto/kauno/p4044 as top concept of scheme http://urn.fi/URN:NBN:fi:au:mts:
INFO: Marking loose concept http://www.yso.fi/onto/kauno/p4054 as top concept of scheme http://urn.fi/URN:NBN:fi:au:mts:
INFO: Marking loose concept http://www.yso.fi/onto/kauno/p407 as top concept of scheme http://urn.fi/URN:NBN:fi:au:mts:
INFO: Marking loose concept http://www.yso.fi/onto/kauno/p4075 as top concept of scheme http://urn.fi/URN:NBN:fi:au:mts:
INFO: Marking loose concept http://www.yso.fi/onto/kauno/p4167 as top concept of scheme http://urn.fi/URN:NBN:fi:au:mts:
INFO: Marking loose concept http://www.yso.fi/onto/kauno/p4179 as top concept of scheme http://urn.fi/URN:NBN:fi:au:mts:
INFO: Marking loose concept http://www.yso.fi/onto/kauno/p4193 as top concept of scheme http://urn.fi/URN:NBN:fi:au:mts:
INFO: Marking loose concept http://www.yso.fi/onto/kauno/p4257 as top concept of scheme http://urn.fi/URN:NBN:fi:au:mts:
INFO: Marking loose concept http://www.yso.fi/onto/kauno/p4272 as top concept of scheme http://urn.fi/URN:NBN:fi:au:mts:
INFO: Marking loose concept http://www.yso.fi/onto/kauno/p4336 as top concept of scheme http://urn.fi/URN:NBN:fi:au:mts:
INFO: Marking loose concept http://www.yso.fi/onto/kauno/p4418 as top concept of scheme http://urn.fi/URN:NBN:fi:au:mts:
INFO: Marking loose concept http://www.yso.fi/onto/kauno/p4541 as top concept of scheme http://urn.fi/URN:NBN:fi:au:mts:
INFO: Marking loose concept http://www.yso.fi/onto/kauno/p4555 as top concept of scheme http://urn.fi/URN:NBN:fi:au:mts:
INFO: Marking loose concept http://www.yso.fi/onto/kauno/p4665 as top concept of scheme http://urn.fi/URN:NBN:fi:au:mts:
INFO: Marking loose concept http://www.yso.fi/onto/kauno/p467 as top concept of scheme http://urn.fi/URN:NBN:fi:au:mts:
INFO: Marking loose concept http://www.yso.fi/onto/kauno/p5007 as top concept of scheme http://urn.fi/URN:NBN:fi:au:mts:
INFO: Marking loose concept http://www.yso.fi/onto/kauno/p5261 as top concept of scheme http://urn.fi/URN:NBN:fi:au:mts:
INFO: Marking loose concept http://www.yso.fi/onto/kauno/p5330 as top concept of scheme http://urn.fi/URN:NBN:fi:au:mts:
INFO: Marking loose concept http://www.yso.fi/onto/kauno/p5434 as top concept of scheme http://urn.fi/URN:NBN:fi:au:mts:
INFO: Marking loose concept http://www.yso.fi/onto/kauno/p5437 as top concept of scheme http://urn.fi/URN:NBN:fi:au:mts:
INFO: Marking loose concept http://www.yso.fi/onto/kauno/p546 as top concept of scheme http://urn.fi/URN:NBN:fi:au:mts:
INFO: Marking loose concept http://www.yso.fi/onto/kauno/p561 as top concept of scheme http://urn.fi/URN:NBN:fi:au:mts:
INFO: Marking loose concept http://www.yso.fi/onto/kauno/p5631 as top concept of scheme http://urn.fi/URN:NBN:fi:au:mts:
INFO: Marking loose concept http://www.yso.fi/onto/kauno/p57 as top concept of scheme http://urn.fi/URN:NBN:fi:au:mts:
INFO: Marking loose concept http://www.yso.fi/onto/kauno/p5732 as top concept of scheme http://urn.fi/URN:NBN:fi:au:mts:
INFO: Marking loose concept http://www.yso.fi/onto/kauno/p5791 as top concept of scheme http://urn.fi/URN:NBN:fi:au:mts:
INFO: Marking loose concept http://www.yso.fi/onto/kauno/p5826 as top concept of scheme http://urn.fi/URN:NBN:fi:au:mts:
INFO: Marking loose concept http://www.yso.fi/onto/kauno/p5881 as top concept of scheme http://urn.fi/URN:NBN:fi:au:mts:
INFO: Marking loose concept http://www.yso.fi/onto/kauno/p5901 as top concept of scheme http://urn.fi/URN:NBN:fi:au:mts:
INFO: Marking loose concept http://www.yso.fi/onto/kauno/p5905 as top concept of scheme http://urn.fi/URN:NBN:fi:au:mts:
INFO: Marking loose concept http://www.yso.fi/onto/kauno/p60 as top concept of scheme http://urn.fi/URN:NBN:fi:au:mts:
INFO: Marking loose concept http://www.yso.fi/onto/kauno/p603 as top concept of scheme http://urn.fi/URN:NBN:fi:au:mts:
INFO: Marking loose concept http://www.yso.fi/onto/kauno/p6065 as top concept of scheme http://urn.fi/URN:NBN:fi:au:mts:
INFO: Marking loose concept http://www.yso.fi/onto/kauno/p61 as top concept of scheme http://urn.fi/URN:NBN:fi:au:mts:
INFO: Marking loose concept http://www.yso.fi/onto/kauno/p6104 as top concept of scheme http://urn.fi/URN:NBN:fi:au:mts:
INFO: Marking loose concept http://www.yso.fi/onto/kauno/p6226 as top concept of scheme http://urn.fi/URN:NBN:fi:au:mts:
INFO: Marking loose concept http://www.yso.fi/onto/kauno/p6232 as top concept of scheme http://urn.fi/URN:NBN:fi:au:mts:
INFO: Marking loose concept http://www.yso.fi/onto/kauno/p6266 as top concept of scheme http://urn.fi/URN:NBN:fi:au:mts:
INFO: Marking loose concept http://www.yso.fi/onto/kauno/p6291 as top concept of scheme http://urn.fi/URN:NBN:fi:au:mts:
INFO: Marking loose concept http://www.yso.fi/onto/kauno/p6321 as top concept of scheme http://urn.fi/URN:NBN:fi:au:mts:
INFO: Marking loose concept http://www.yso.fi/onto/kauno/p6322 as top concept of scheme http://urn.fi/URN:NBN:fi:au:mts:
INFO: Marking loose concept http://www.yso.fi/onto/kauno/p6329 as top concept of scheme http://urn.fi/URN:NBN:fi:au:mts:
INFO: Marking loose concept http://www.yso.fi/onto/kauno/p6331 as top concept of scheme http://urn.fi/URN:NBN:fi:au:mts:
INFO: Marking loose concept http://www.yso.fi/onto/kauno/p6341 as top concept of scheme http://urn.fi/URN:NBN:fi:au:mts:
INFO: Marking loose concept http://www.yso.fi/onto/kauno/p648 as top concept of scheme http://urn.fi/URN:NBN:fi:au:mts:
INFO: Marking loose concept http://www.yso.fi/onto/kauno/p666 as top concept of scheme http://urn.fi/URN:NBN:fi:au:mts:
INFO: Marking loose concept http://www.yso.fi/onto/kauno/p711 as top concept of scheme http://urn.fi/URN:NBN:fi:au:mts:
INFO: Marking loose concept http://www.yso.fi/onto/kauno/p714 as top concept of scheme http://urn.fi/URN:NBN:fi:au:mts:
INFO: Marking loose concept http://www.yso.fi/onto/kauno/p757 as top concept of scheme http://urn.fi/URN:NBN:fi:au:mts:
INFO: Marking loose concept http://www.yso.fi/onto/kauno/p770 as top concept of scheme http://urn.fi/URN:NBN:fi:au:mts:
INFO: Marking loose concept http://www.yso.fi/onto/kauno/p797 as top concept of scheme http://urn.fi/URN:NBN:fi:au:mts:
INFO: Marking loose concept http://www.yso.fi/onto/kauno/p828 as top concept of scheme http://urn.fi/URN:NBN:fi:au:mts:
INFO: Marking loose concept http://www.yso.fi/onto/kauno/p92 as top concept of scheme http://urn.fi/URN:NBN:fi:au:mts:
INFO: Marking loose concept http://www.yso.fi/onto/kauno/p941 as top concept of scheme http://urn.fi/URN:NBN:fi:au:mts:
INFO: Marking loose concept http://www.yso.fi/onto/kauno/p949 as top concept of scheme http://urn.fi/URN:NBN:fi:au:mts:
INFO: Some concepts not reached in initial cycle detection. Re-checking for loose concepts.
WARNING: Concepts http://www.yso.fi/onto/kauno/p137 and http://www.yso.fi/onto/kauno/p1486 connected by both skos:broaderTransitive and skos:related, removing skos:related
WARNING: Concepts http://www.yso.fi/onto/kauno/p1516 and http://www.yso.fi/onto/kauno/p1542 connected by both skos:broaderTransitive and skos:related, removing skos:related
WARNING: Concepts http://www.yso.fi/onto/kauno/p1816 and http://www.yso.fi/onto/kauno/p5792 connected by both skos:broaderTransitive and skos:related, removing skos:related
WARNING: Concepts http://www.yso.fi/onto/kauno/p2103 and http://www.yso.fi/onto/kauno/p2110 connected by both skos:broaderTransitive and skos:related, removing skos:related
WARNING: Concepts http://www.yso.fi/onto/kauno/p2118 and http://www.yso.fi/onto/kauno/p4275 connected by both skos:broaderTransitive and skos:related, removing skos:related
WARNING: Concepts http://www.yso.fi/onto/kauno/p2272 and http://urn.fi/URN:NBN:fi:au:mts:m768 connected by both skos:broaderTransitive and skos:related, removing skos:related
WARNING: Concepts http://www.yso.fi/onto/kauno/p2704 and http://www.yso.fi/onto/kauno/p1152 connected by both skos:broaderTransitive and skos:related, removing skos:related
WARNING: Concepts http://www.yso.fi/onto/kauno/p2921 and http://www.yso.fi/onto/kauno/p2071 connected by both skos:broaderTransitive and skos:related, removing skos:related
WARNING: Concepts http://www.yso.fi/onto/kauno/p3159 and http://www.yso.fi/onto/kauno/p46 connected by both skos:broaderTransitive and skos:related, removing skos:related
WARNING: Concepts http://www.yso.fi/onto/kauno/p5994 and http://www.yso.fi/onto/kauno/p5489 connected by both skos:broaderTransitive and skos:related, removing skos:related
WARNING: Concepts http://www.yso.fi/onto/kauno/p633 and http://www.yso.fi/onto/kauno/p1886 connected by both skos:broaderTransitive and skos:related, removing skos:related
WARNING: Concepts http://www.yso.fi/onto/kauno/p817 and http://www.yso.fi/onto/kauno/p3085 connected by both skos:broaderTransitive and skos:related, removing skos:related
WARNING: Eliminating redundant hierarchical relationship: http://urn.fi/URN:NBN:fi:au:mts:m162 skos:broader http://urn.fi/URN:NBN:fi:au:mts:g3
WARNING: Eliminating redundant hierarchical relationship: http://urn.fi/URN:NBN:fi:au:mts:m194 skos:broader http://urn.fi/URN:NBN:fi:au:mts:g3
WARNING: Eliminating redundant hierarchical relationship: http://urn.fi/URN:NBN:fi:au:mts:m1087 skos:broader http://urn.fi/URN:NBN:fi:au:mts:g3
WARNING: Eliminating redundant hierarchical relationship: http://urn.fi/URN:NBN:fi:au:mts:m1128 skos:broader http://urn.fi/URN:NBN:fi:au:mts:g3
WARNING: Eliminating redundant hierarchical relationship: http://urn.fi/URN:NBN:fi:au:mts:m664 skos:broader http://urn.fi/URN:NBN:fi:au:mts:g3
WARNING: Eliminating redundant hierarchical relationship: http://urn.fi/URN:NBN:fi:au:mts:m583 skos:broader http://urn.fi/URN:NBN:fi:au:mts:g3
WARNING: Eliminating redundant hierarchical relationship: http://urn.fi/URN:NBN:fi:au:mts:m1225 skos:broader http://urn.fi/URN:NBN:fi:au:mts:g3
WARNING: Eliminating redundant hierarchical relationship: http://urn.fi/URN:NBN:fi:au:mts:m680 skos:broader http://urn.fi/URN:NBN:fi:au:mts:g3
WARNING: Eliminating redundant hierarchical relationship: http://urn.fi/URN:NBN:fi:au:mts:m1092 skos:broader http://urn.fi/URN:NBN:fi:au:mts:g3
WARNING: Eliminating redundant hierarchical relationship: http://urn.fi/URN:NBN:fi:au:mts:m542 skos:broader http://urn.fi/URN:NBN:fi:au:mts:g3
WARNING: Eliminating redundant hierarchical relationship: http://urn.fi/URN:NBN:fi:au:mts:m1004 skos:broader http://urn.fi/URN:NBN:fi:au:mts:g3
WARNING: Eliminating redundant hierarchical relationship: http://urn.fi/URN:NBN:fi:au:mts:m1165 skos:broader http://urn.fi/URN:NBN:fi:au:mts:g3
WARNING: Eliminating redundant hierarchical relationship: http://urn.fi/URN:NBN:fi:au:mts:m290 skos:broader http://urn.fi/URN:NBN:fi:au:mts:g3
WARNING: Eliminating redundant hierarchical relationship: http://urn.fi/URN:NBN:fi:au:mts:m970 skos:broader http://urn.fi/URN:NBN:fi:au:mts:g3
WARNING: Eliminating redundant hierarchical relationship: http://urn.fi/URN:NBN:fi:au:mts:m517 skos:broader http://urn.fi/URN:NBN:fi:au:mts:g3
WARNING: Eliminating redundant hierarchical relationship: http://urn.fi/URN:NBN:fi:au:mts:m442 skos:broader http://urn.fi/URN:NBN:fi:au:mts:g3
WARNING: Eliminating redundant hierarchical relationship: http://urn.fi/URN:NBN:fi:au:mts:m1441 skos:broader http://urn.fi/URN:NBN:fi:au:mts:g3
WARNING: Eliminating redundant hierarchical relationship: http://urn.fi/URN:NBN:fi:au:mts:m819 skos:broader http://urn.fi/URN:NBN:fi:au:mts:g3
WARNING: Eliminating redundant hierarchical relationship: http://urn.fi/URN:NBN:fi:au:mts:m1583 skos:broader http://urn.fi/URN:NBN:fi:au:mts:g3
WARNING: Eliminating redundant hierarchical relationship: http://urn.fi/URN:NBN:fi:au:mts:m210 skos:broader http://urn.fi/URN:NBN:fi:au:mts:g3
WARNING: Eliminating redundant hierarchical relationship: http://urn.fi/URN:NBN:fi:au:mts:m1484 skos:broader http://urn.fi/URN:NBN:fi:au:mts:g3
WARNING: Eliminating redundant hierarchical relationship: http://urn.fi/URN:NBN:fi:au:mts:m1511 skos:broader http://urn.fi/URN:NBN:fi:au:mts:g3
WARNING: Eliminating redundant hierarchical relationship: http://urn.fi/URN:NBN:fi:au:mts:m1022 skos:broader http://urn.fi/URN:NBN:fi:au:mts:g3
WARNING: Eliminating redundant hierarchical relationship: http://urn.fi/URN:NBN:fi:au:mts:m893 skos:broader http://urn.fi/URN:NBN:fi:au:mts:g3
WARNING: Eliminating redundant hierarchical relationship: http://urn.fi/URN:NBN:fi:au:mts:m484 skos:broader http://urn.fi/URN:NBN:fi:au:mts:g3
WARNING: Eliminating redundant hierarchical relationship: http://urn.fi/URN:NBN:fi:au:mts:m689 skos:broader http://urn.fi/URN:NBN:fi:au:mts:g3
WARNING: Eliminating redundant hierarchical relationship: http://urn.fi/URN:NBN:fi:au:mts:m799 skos:broader http://urn.fi/URN:NBN:fi:au:mts:g3
WARNING: Eliminating redundant hierarchical relationship: http://urn.fi/URN:NBN:fi:au:mts:m522 skos:broader http://urn.fi/URN:NBN:fi:au:mts:g2
WARNING: Eliminating redundant hierarchical relationship: http://urn.fi/URN:NBN:fi:au:mts:m896 skos:broader http://urn.fi/URN:NBN:fi:au:mts:g3
WARNING: Eliminating redundant hierarchical relationship: http://urn.fi/URN:NBN:fi:au:mts:m71 skos:broader http://urn.fi/URN:NBN:fi:au:mts:g3
WARNING: Eliminating redundant hierarchical relationship: http://urn.fi/URN:NBN:fi:au:mts:m80 skos:broader http://urn.fi/URN:NBN:fi:au:mts:g3
WARNING: Eliminating redundant hierarchical relationship: http://urn.fi/URN:NBN:fi:au:mts:m1196 skos:broader http://urn.fi/URN:NBN:fi:au:mts:g3
WARNING: Eliminating redundant hierarchical relationship: http://urn.fi/URN:NBN:fi:au:mts:m1340 skos:broader http://urn.fi/URN:NBN:fi:au:mts:g3
WARNING: Eliminating redundant hierarchical relationship: http://urn.fi/URN:NBN:fi:au:mts:m1634 skos:broader http://urn.fi/URN:NBN:fi:au:mts:g3
WARNING: Eliminating redundant hierarchical relationship: http://urn.fi/URN:NBN:fi:au:mts:m1121 skos:broader http://urn.fi/URN:NBN:fi:au:mts:g3
WARNING: Eliminating redundant hierarchical relationship: http://urn.fi/URN:NBN:fi:au:mts:m399 skos:broader http://urn.fi/URN:NBN:fi:au:mts:g3
WARNING: Eliminating redundant hierarchical relationship: http://urn.fi/URN:NBN:fi:au:mts:m443 skos:broader http://urn.fi/URN:NBN:fi:au:mts:g3
WARNING: Eliminating redundant hierarchical relationship: http://urn.fi/URN:NBN:fi:au:mts:m1594 skos:broader http://urn.fi/URN:NBN:fi:au:mts:g3
WARNING: Eliminating redundant hierarchical relationship: http://urn.fi/URN:NBN:fi:au:mts:m1643 skos:broader http://urn.fi/URN:NBN:fi:au:mts:g3
WARNING: Eliminating redundant hierarchical relationship: http://urn.fi/URN:NBN:fi:au:mts:m219 skos:broader http://urn.fi/URN:NBN:fi:au:mts:g3
WARNING: Eliminating redundant hierarchical relationship: http://urn.fi/URN:NBN:fi:au:mts:m129 skos:broader http://urn.fi/URN:NBN:fi:au:mts:g3
WARNING: Eliminating redundant hierarchical relationship: http://urn.fi/URN:NBN:fi:au:mts:m1234 skos:broader http://urn.fi/URN:NBN:fi:au:mts:g3
WARNING: Eliminating redundant hierarchical relationship: http://urn.fi/URN:NBN:fi:au:mts:m959 skos:broader http://urn.fi/URN:NBN:fi:au:mts:g3
WARNING: Eliminating redundant hierarchical relationship: http://urn.fi/URN:NBN:fi:au:mts:m864 skos:broader http://urn.fi/URN:NBN:fi:au:mts:g3
WARNING: Eliminating redundant hierarchical relationship: http://urn.fi/URN:NBN:fi:au:mts:m147 skos:broader http://urn.fi/URN:NBN:fi:au:mts:g3
WARNING: Eliminating redundant hierarchical relationship: http://urn.fi/URN:NBN:fi:au:mts:m1164 skos:broader http://urn.fi/URN:NBN:fi:au:mts:g3
WARNING: Eliminating redundant hierarchical relationship: http://urn.fi/URN:NBN:fi:au:mts:m929 skos:broader http://urn.fi/URN:NBN:fi:au:mts:g3
WARNING: Eliminating redundant hierarchical relationship: http://urn.fi/URN:NBN:fi:au:mts:m411 skos:broader http://urn.fi/URN:NBN:fi:au:mts:g3
WARNING: Eliminating redundant hierarchical relationship: http://urn.fi/URN:NBN:fi:au:mts:m673 skos:broader http://urn.fi/URN:NBN:fi:au:mts:g3
WARNING: Eliminating redundant hierarchical relationship: http://urn.fi/URN:NBN:fi:au:mts:m1262 skos:broader http://urn.fi/URN:NBN:fi:au:mts:g3
WARNING: Eliminating redundant hierarchical relationship: http://urn.fi/URN:NBN:fi:au:mts:m477 skos:broader http://urn.fi/URN:NBN:fi:au:mts:g3
WARNING: Eliminating redundant hierarchical relationship: http://urn.fi/URN:NBN:fi:au:mts:m985 skos:broader http://urn.fi/URN:NBN:fi:au:mts:g3
WARNING: Eliminating redundant hierarchical relationship: http://urn.fi/URN:NBN:fi:au:mts:m47 skos:broader http://urn.fi/URN:NBN:fi:au:mts:g3
WARNING: Eliminating redundant hierarchical relationship: http://urn.fi/URN:NBN:fi:au:mts:m937 skos:broader http://urn.fi/URN:NBN:fi:au:mts:g3
WARNING: Eliminating redundant hierarchical relationship: http://urn.fi/URN:NBN:fi:au:mts:m1308 skos:broader http://urn.fi/URN:NBN:fi:au:mts:g3
WARNING: Eliminating redundant hierarchical relationship: http://urn.fi/URN:NBN:fi:au:mts:m204 skos:broader http://urn.fi/URN:NBN:fi:au:mts:g3
WARNING: Eliminating redundant hierarchical relationship: http://urn.fi/URN:NBN:fi:au:mts:m776 skos:broader http://urn.fi/URN:NBN:fi:au:mts:g3
WARNING: Eliminating redundant hierarchical relationship: http://urn.fi/URN:NBN:fi:au:mts:m641 skos:broader http://urn.fi/URN:NBN:fi:au:mts:g3
WARNING: Eliminating redundant hierarchical relationship: http://urn.fi/URN:NBN:fi:au:mts:m350 skos:broader http://urn.fi/URN:NBN:fi:au:mts:g3
WARNING: Eliminating redundant hierarchical relationship: http://urn.fi/URN:NBN:fi:au:mts:m388 skos:broader http://urn.fi/URN:NBN:fi:au:mts:g3
WARNING: Eliminating redundant hierarchical relationship: http://urn.fi/URN:NBN:fi:au:mts:m1572 skos:broader http://urn.fi/URN:NBN:fi:au:mts:g3
WARNING: Eliminating redundant hierarchical relationship: http://urn.fi/URN:NBN:fi:au:mts:m1540 skos:broader http://urn.fi/URN:NBN:fi:au:mts:g3
WARNING: Eliminating redundant hierarchical relationship: http://urn.fi/URN:NBN:fi:au:mts:m1138 skos:broader http://urn.fi/URN:NBN:fi:au:mts:g3
WARNING: Eliminating redundant hierarchical relationship: http://urn.fi/URN:NBN:fi:au:mts:m626 skos:broader http://urn.fi/URN:NBN:fi:au:mts:g3
WARNING: Eliminating redundant hierarchical relationship: http://urn.fi/URN:NBN:fi:au:mts:m1090 skos:broader http://urn.fi/URN:NBN:fi:au:mts:g3
WARNING: Eliminating redundant hierarchical relationship: http://urn.fi/URN:NBN:fi:au:mts:m709 skos:broader http://urn.fi/URN:NBN:fi:au:mts:g3
WARNING: Resource http://urn.fi/URN:NBN:fi:au:mts:m739 has 'manuskript'@sv as both prefLabel and altLabel; removing altLabel
WARNING: Resource http://www.yso.fi/onto/kauno/p770 has 'farser'@sv as both prefLabel and altLabel; removing altLabel
