INFO: Don't know what to do with literal http://purl.org/dc/terms/created
WARNING: Setting default language of '1970-luvun lopulle ja 1980-luvun alkupuolelle ajoittuva punk rockiin pohjautuva rock- ja popmusiikin tyyli, jossa punkin tyylilliset ja asenteelliset seikat yhdistyivät siistitympään muotoon.' to fi
WARNING: Multiple concept schemes found. Selecting http://urn.fi/URN:NBN:fi:au:slm: as default concept scheme.
WARNING: Concept scheme has no label(s). Use --label option to set the concept scheme label.
INFO: Marking loose concept http://urn.fi/URN:NBN:fi:au:slm:s109 as top concept of scheme http://urn.fi/URN:NBN:fi:au:slm:
INFO: Marking loose concept http://urn.fi/URN:NBN:fi:au:slm:s1149 as top concept of scheme http://urn.fi/URN:NBN:fi:au:slm:
INFO: Marking loose concept http://urn.fi/URN:NBN:fi:au:slm:s1175 as top concept of scheme http://urn.fi/URN:NBN:fi:au:slm:
INFO: Marking loose concept http://urn.fi/URN:NBN:fi:au:slm:s1209 as top concept of scheme http://urn.fi/URN:NBN:fi:au:slm:
INFO: Marking loose concept http://urn.fi/URN:NBN:fi:au:slm:s1279 as top concept of scheme http://urn.fi/URN:NBN:fi:au:slm:
INFO: Marking loose concept http://urn.fi/URN:NBN:fi:au:slm:s1289 as top concept of scheme http://urn.fi/URN:NBN:fi:au:slm:
INFO: Marking loose concept http://urn.fi/URN:NBN:fi:au:slm:s1299 as top concept of scheme http://urn.fi/URN:NBN:fi:au:slm:
INFO: Marking loose concept http://urn.fi/URN:NBN:fi:au:slm:s170 as top concept of scheme http://urn.fi/URN:NBN:fi:au:slm:
INFO: Marking loose concept http://urn.fi/URN:NBN:fi:au:slm:s236 as top concept of scheme http://urn.fi/URN:NBN:fi:au:slm:
INFO: Marking loose concept http://urn.fi/URN:NBN:fi:au:slm:s312 as top concept of scheme http://urn.fi/URN:NBN:fi:au:slm:
INFO: Marking loose concept http://urn.fi/URN:NBN:fi:au:slm:s320 as top concept of scheme http://urn.fi/URN:NBN:fi:au:slm:
INFO: Marking loose concept http://urn.fi/URN:NBN:fi:au:slm:s450 as top concept of scheme http://urn.fi/URN:NBN:fi:au:slm:
INFO: Marking loose concept http://urn.fi/URN:NBN:fi:au:slm:s529 as top concept of scheme http://urn.fi/URN:NBN:fi:au:slm:
INFO: Marking loose concept http://urn.fi/URN:NBN:fi:au:slm:s556 as top concept of scheme http://urn.fi/URN:NBN:fi:au:slm:
INFO: Marking loose concept http://urn.fi/URN:NBN:fi:au:slm:s711 as top concept of scheme http://urn.fi/URN:NBN:fi:au:slm:
INFO: Marking loose concept http://urn.fi/URN:NBN:fi:au:slm:s807 as top concept of scheme http://urn.fi/URN:NBN:fi:au:slm:
INFO: Marking loose concept http://urn.fi/URN:NBN:fi:au:slm:s899 as top concept of scheme http://urn.fi/URN:NBN:fi:au:slm:
INFO: Marking loose concept http://urn.fi/URN:NBN:fi:au:slm:s9 as top concept of scheme http://urn.fi/URN:NBN:fi:au:slm:
INFO: Marking loose concept http://urn.fi/URN:NBN:fi:au:slm:s919 as top concept of scheme http://urn.fi/URN:NBN:fi:au:slm:
INFO: Marking loose concept http://urn.fi/URN:NBN:fi:au:slm:s930 as top concept of scheme http://urn.fi/URN:NBN:fi:au:slm:
INFO: Marking loose concept http://urn.fi/URN:NBN:fi:au:slm:s100 as top concept of scheme http://urn.fi/URN:NBN:fi:au:slm:s285
INFO: Marking loose concept http://urn.fi/URN:NBN:fi:au:slm:s1006 as top concept of scheme http://urn.fi/URN:NBN:fi:au:slm:s285
INFO: Marking loose concept http://urn.fi/URN:NBN:fi:au:slm:s1011 as top concept of scheme http://urn.fi/URN:NBN:fi:au:slm:s285
INFO: Marking loose concept http://urn.fi/URN:NBN:fi:au:slm:s1016 as top concept of scheme http://urn.fi/URN:NBN:fi:au:slm:s285
INFO: Marking loose concept http://urn.fi/URN:NBN:fi:au:slm:s1020 as top concept of scheme http://urn.fi/URN:NBN:fi:au:slm:s285
INFO: Marking loose concept http://urn.fi/URN:NBN:fi:au:slm:s1037 as top concept of scheme http://urn.fi/URN:NBN:fi:au:slm:s285
INFO: Marking loose concept http://urn.fi/URN:NBN:fi:au:slm:s1038 as top concept of scheme http://urn.fi/URN:NBN:fi:au:slm:s285
INFO: Marking loose concept http://urn.fi/URN:NBN:fi:au:slm:s1043 as top concept of scheme http://urn.fi/URN:NBN:fi:au:slm:s285
INFO: Marking loose concept http://urn.fi/URN:NBN:fi:au:slm:s1044 as top concept of scheme http://urn.fi/URN:NBN:fi:au:slm:s285
INFO: Marking loose concept http://urn.fi/URN:NBN:fi:au:slm:s1045 as top concept of scheme http://urn.fi/URN:NBN:fi:au:slm:s285
INFO: Marking loose concept http://urn.fi/URN:NBN:fi:au:slm:s1051 as top concept of scheme http://urn.fi/URN:NBN:fi:au:slm:s285
INFO: Marking loose concept http://urn.fi/URN:NBN:fi:au:slm:s1058 as top concept of scheme http://urn.fi/URN:NBN:fi:au:slm:s285
INFO: Marking loose concept http://urn.fi/URN:NBN:fi:au:slm:s1064 as top concept of scheme http://urn.fi/URN:NBN:fi:au:slm:s285
INFO: Marking loose concept http://urn.fi/URN:NBN:fi:au:slm:s1075 as top concept of scheme http://urn.fi/URN:NBN:fi:au:slm:s285
INFO: Marking loose concept http://urn.fi/URN:NBN:fi:au:slm:s1086 as top concept of scheme http://urn.fi/URN:NBN:fi:au:slm:s285
INFO: Marking loose concept http://urn.fi/URN:NBN:fi:au:slm:s1089 as top concept of scheme http://urn.fi/URN:NBN:fi:au:slm:s285
INFO: Marking loose concept http://urn.fi/URN:NBN:fi:au:slm:s1097 as top concept of scheme http://urn.fi/URN:NBN:fi:au:slm:s285
INFO: Marking loose concept http://urn.fi/URN:NBN:fi:au:slm:s1098 as top concept of scheme http://urn.fi/URN:NBN:fi:au:slm:s285
INFO: Marking loose concept http://urn.fi/URN:NBN:fi:au:slm:s110 as top concept of scheme http://urn.fi/URN:NBN:fi:au:slm:s285
INFO: Marking loose concept http://urn.fi/URN:NBN:fi:au:slm:s1109 as top concept of scheme http://urn.fi/URN:NBN:fi:au:slm:s285
INFO: Marking loose concept http://urn.fi/URN:NBN:fi:au:slm:s112 as top concept of scheme http://urn.fi/URN:NBN:fi:au:slm:s285
INFO: Marking loose concept http://urn.fi/URN:NBN:fi:au:slm:s1120 as top concept of scheme http://urn.fi/URN:NBN:fi:au:slm:s285
INFO: Marking loose concept http://urn.fi/URN:NBN:fi:au:slm:s1125 as top concept of scheme http://urn.fi/URN:NBN:fi:au:slm:s285
INFO: Marking loose concept http://urn.fi/URN:NBN:fi:au:slm:s1128 as top concept of scheme http://urn.fi/URN:NBN:fi:au:slm:s285
INFO: Marking loose concept http://urn.fi/URN:NBN:fi:au:slm:s114 as top concept of scheme http://urn.fi/URN:NBN:fi:au:slm:s285
INFO: Marking loose concept http://urn.fi/URN:NBN:fi:au:slm:s1144 as top concept of scheme http://urn.fi/URN:NBN:fi:au:slm:s285
INFO: Marking loose concept http://urn.fi/URN:NBN:fi:au:slm:s1148 as top concept of scheme http://urn.fi/URN:NBN:fi:au:slm:s285
INFO: Marking loose concept http://urn.fi/URN:NBN:fi:au:slm:s1162 as top concept of scheme http://urn.fi/URN:NBN:fi:au:slm:s285
INFO: Marking loose concept http://urn.fi/URN:NBN:fi:au:slm:s1167 as top concept of scheme http://urn.fi/URN:NBN:fi:au:slm:s285
INFO: Marking loose concept http://urn.fi/URN:NBN:fi:au:slm:s1181 as top concept of scheme http://urn.fi/URN:NBN:fi:au:slm:s285
INFO: Marking loose concept http://urn.fi/URN:NBN:fi:au:slm:s1191 as top concept of scheme http://urn.fi/URN:NBN:fi:au:slm:s285
INFO: Marking loose concept http://urn.fi/URN:NBN:fi:au:slm:s1206 as top concept of scheme http://urn.fi/URN:NBN:fi:au:slm:s285
INFO: Marking loose concept http://urn.fi/URN:NBN:fi:au:slm:s1207 as top concept of scheme http://urn.fi/URN:NBN:fi:au:slm:s285
INFO: Marking loose concept http://urn.fi/URN:NBN:fi:au:slm:s1210 as top concept of scheme http://urn.fi/URN:NBN:fi:au:slm:s285
INFO: Marking loose concept http://urn.fi/URN:NBN:fi:au:slm:s1213 as top concept of scheme http://urn.fi/URN:NBN:fi:au:slm:s285
INFO: Marking loose concept http://urn.fi/URN:NBN:fi:au:slm:s122 as top concept of scheme http://urn.fi/URN:NBN:fi:au:slm:s285
INFO: Marking loose concept http://urn.fi/URN:NBN:fi:au:slm:s1230 as top concept of scheme http://urn.fi/URN:NBN:fi:au:slm:s285
INFO: Marking loose concept http://urn.fi/URN:NBN:fi:au:slm:s1270 as top concept of scheme http://urn.fi/URN:NBN:fi:au:slm:s285
INFO: Marking loose concept http://urn.fi/URN:NBN:fi:au:slm:s1280 as top concept of scheme http://urn.fi/URN:NBN:fi:au:slm:s285
INFO: Marking loose concept http://urn.fi/URN:NBN:fi:au:slm:s1285 as top concept of scheme http://urn.fi/URN:NBN:fi:au:slm:s285
INFO: Marking loose concept http://urn.fi/URN:NBN:fi:au:slm:s1286 as top concept of scheme http://urn.fi/URN:NBN:fi:au:slm:s285
INFO: Marking loose concept http://urn.fi/URN:NBN:fi:au:slm:s1287 as top concept of scheme http://urn.fi/URN:NBN:fi:au:slm:s285
INFO: Marking loose concept http://urn.fi/URN:NBN:fi:au:slm:s1296 as top concept of scheme http://urn.fi/URN:NBN:fi:au:slm:s285
INFO: Marking loose concept http://urn.fi/URN:NBN:fi:au:slm:s132 as top concept of scheme http://urn.fi/URN:NBN:fi:au:slm:s285
INFO: Marking loose concept http://urn.fi/URN:NBN:fi:au:slm:s139 as top concept of scheme http://urn.fi/URN:NBN:fi:au:slm:s285
INFO: Marking loose concept http://urn.fi/URN:NBN:fi:au:slm:s140 as top concept of scheme http://urn.fi/URN:NBN:fi:au:slm:s285
INFO: Marking loose concept http://urn.fi/URN:NBN:fi:au:slm:s149 as top concept of scheme http://urn.fi/URN:NBN:fi:au:slm:s285
INFO: Marking loose concept http://urn.fi/URN:NBN:fi:au:slm:s153 as top concept of scheme http://urn.fi/URN:NBN:fi:au:slm:s285
INFO: Marking loose concept http://urn.fi/URN:NBN:fi:au:slm:s155 as top concept of scheme http://urn.fi/URN:NBN:fi:au:slm:s285
INFO: Marking loose concept http://urn.fi/URN:NBN:fi:au:slm:s16 as top concept of scheme http://urn.fi/URN:NBN:fi:au:slm:s285
INFO: Marking loose concept http://urn.fi/URN:NBN:fi:au:slm:s168 as top concept of scheme http://urn.fi/URN:NBN:fi:au:slm:s285
INFO: Marking loose concept http://urn.fi/URN:NBN:fi:au:slm:s172 as top concept of scheme http://urn.fi/URN:NBN:fi:au:slm:s285
INFO: Marking loose concept http://urn.fi/URN:NBN:fi:au:slm:s181 as top concept of scheme http://urn.fi/URN:NBN:fi:au:slm:s285
INFO: Marking loose concept http://urn.fi/URN:NBN:fi:au:slm:s184 as top concept of scheme http://urn.fi/URN:NBN:fi:au:slm:s285
INFO: Marking loose concept http://urn.fi/URN:NBN:fi:au:slm:s193 as top concept of scheme http://urn.fi/URN:NBN:fi:au:slm:s285
INFO: Marking loose concept http://urn.fi/URN:NBN:fi:au:slm:s197 as top concept of scheme http://urn.fi/URN:NBN:fi:au:slm:s285
INFO: Marking loose concept http://urn.fi/URN:NBN:fi:au:slm:s202 as top concept of scheme http://urn.fi/URN:NBN:fi:au:slm:s285
INFO: Marking loose concept http://urn.fi/URN:NBN:fi:au:slm:s205 as top concept of scheme http://urn.fi/URN:NBN:fi:au:slm:s285
INFO: Marking loose concept http://urn.fi/URN:NBN:fi:au:slm:s206 as top concept of scheme http://urn.fi/URN:NBN:fi:au:slm:s285
INFO: Marking loose concept http://urn.fi/URN:NBN:fi:au:slm:s208 as top concept of scheme http://urn.fi/URN:NBN:fi:au:slm:s285
INFO: Marking loose concept http://urn.fi/URN:NBN:fi:au:slm:s215 as top concept of scheme http://urn.fi/URN:NBN:fi:au:slm:s285
INFO: Marking loose concept http://urn.fi/URN:NBN:fi:au:slm:s218 as top concept of scheme http://urn.fi/URN:NBN:fi:au:slm:s285
INFO: Marking loose concept http://urn.fi/URN:NBN:fi:au:slm:s220 as top concept of scheme http://urn.fi/URN:NBN:fi:au:slm:s285
INFO: Marking loose concept http://urn.fi/URN:NBN:fi:au:slm:s245 as top concept of scheme http://urn.fi/URN:NBN:fi:au:slm:s285
INFO: Marking loose concept http://urn.fi/URN:NBN:fi:au:slm:s253 as top concept of scheme http://urn.fi/URN:NBN:fi:au:slm:s285
INFO: Marking loose concept http://urn.fi/URN:NBN:fi:au:slm:s254 as top concept of scheme http://urn.fi/URN:NBN:fi:au:slm:s285
INFO: Marking loose concept http://urn.fi/URN:NBN:fi:au:slm:s257 as top concept of scheme http://urn.fi/URN:NBN:fi:au:slm:s285
INFO: Marking loose concept http://urn.fi/URN:NBN:fi:au:slm:s262 as top concept of scheme http://urn.fi/URN:NBN:fi:au:slm:s285
INFO: Marking loose concept http://urn.fi/URN:NBN:fi:au:slm:s269 as top concept of scheme http://urn.fi/URN:NBN:fi:au:slm:s285
INFO: Marking loose concept http://urn.fi/URN:NBN:fi:au:slm:s276 as top concept of scheme http://urn.fi/URN:NBN:fi:au:slm:s285
INFO: Marking loose concept http://urn.fi/URN:NBN:fi:au:slm:s279 as top concept of scheme http://urn.fi/URN:NBN:fi:au:slm:s285
INFO: Marking loose concept http://urn.fi/URN:NBN:fi:au:slm:s286 as top concept of scheme http://urn.fi/URN:NBN:fi:au:slm:s285
INFO: Marking loose concept http://urn.fi/URN:NBN:fi:au:slm:s291 as top concept of scheme http://urn.fi/URN:NBN:fi:au:slm:s285
INFO: Marking loose concept http://urn.fi/URN:NBN:fi:au:slm:s308 as top concept of scheme http://urn.fi/URN:NBN:fi:au:slm:s285
INFO: Marking loose concept http://urn.fi/URN:NBN:fi:au:slm:s313 as top concept of scheme http://urn.fi/URN:NBN:fi:au:slm:s285
INFO: Marking loose concept http://urn.fi/URN:NBN:fi:au:slm:s329 as top concept of scheme http://urn.fi/URN:NBN:fi:au:slm:s285
INFO: Marking loose concept http://urn.fi/URN:NBN:fi:au:slm:s341 as top concept of scheme http://urn.fi/URN:NBN:fi:au:slm:s285
INFO: Marking loose concept http://urn.fi/URN:NBN:fi:au:slm:s352 as top concept of scheme http://urn.fi/URN:NBN:fi:au:slm:s285
INFO: Marking loose concept http://urn.fi/URN:NBN:fi:au:slm:s356 as top concept of scheme http://urn.fi/URN:NBN:fi:au:slm:s285
INFO: Marking loose concept http://urn.fi/URN:NBN:fi:au:slm:s365 as top concept of scheme http://urn.fi/URN:NBN:fi:au:slm:s285
INFO: Marking loose concept http://urn.fi/URN:NBN:fi:au:slm:s392 as top concept of scheme http://urn.fi/URN:NBN:fi:au:slm:s285
INFO: Marking loose concept http://urn.fi/URN:NBN:fi:au:slm:s394 as top concept of scheme http://urn.fi/URN:NBN:fi:au:slm:s285
INFO: Marking loose concept http://urn.fi/URN:NBN:fi:au:slm:s399 as top concept of scheme http://urn.fi/URN:NBN:fi:au:slm:s285
INFO: Marking loose concept http://urn.fi/URN:NBN:fi:au:slm:s402 as top concept of scheme http://urn.fi/URN:NBN:fi:au:slm:s285
INFO: Marking loose concept http://urn.fi/URN:NBN:fi:au:slm:s407 as top concept of scheme http://urn.fi/URN:NBN:fi:au:slm:s285
INFO: Marking loose concept http://urn.fi/URN:NBN:fi:au:slm:s409 as top concept of scheme http://urn.fi/URN:NBN:fi:au:slm:s285
INFO: Marking loose concept http://urn.fi/URN:NBN:fi:au:slm:s427 as top concept of scheme http://urn.fi/URN:NBN:fi:au:slm:s285
INFO: Marking loose concept http://urn.fi/URN:NBN:fi:au:slm:s435 as top concept of scheme http://urn.fi/URN:NBN:fi:au:slm:s285
INFO: Marking loose concept http://urn.fi/URN:NBN:fi:au:slm:s443 as top concept of scheme http://urn.fi/URN:NBN:fi:au:slm:s285
INFO: Marking loose concept http://urn.fi/URN:NBN:fi:au:slm:s451 as top concept of scheme http://urn.fi/URN:NBN:fi:au:slm:s285
INFO: Marking loose concept http://urn.fi/URN:NBN:fi:au:slm:s457 as top concept of scheme http://urn.fi/URN:NBN:fi:au:slm:s285
INFO: Marking loose concept http://urn.fi/URN:NBN:fi:au:slm:s477 as top concept of scheme http://urn.fi/URN:NBN:fi:au:slm:s285
INFO: Marking loose concept http://urn.fi/URN:NBN:fi:au:slm:s478 as top concept of scheme http://urn.fi/URN:NBN:fi:au:slm:s285
INFO: Marking loose concept http://urn.fi/URN:NBN:fi:au:slm:s481 as top concept of scheme http://urn.fi/URN:NBN:fi:au:slm:s285
INFO: Marking loose concept http://urn.fi/URN:NBN:fi:au:slm:s487 as top concept of scheme http://urn.fi/URN:NBN:fi:au:slm:s285
INFO: Marking loose concept http://urn.fi/URN:NBN:fi:au:slm:s501 as top concept of scheme http://urn.fi/URN:NBN:fi:au:slm:s285
INFO: Marking loose concept http://urn.fi/URN:NBN:fi:au:slm:s505 as top concept of scheme http://urn.fi/URN:NBN:fi:au:slm:s285
INFO: Marking loose concept http://urn.fi/URN:NBN:fi:au:slm:s506 as top concept of scheme http://urn.fi/URN:NBN:fi:au:slm:s285
INFO: Marking loose concept http://urn.fi/URN:NBN:fi:au:slm:s536 as top concept of scheme http://urn.fi/URN:NBN:fi:au:slm:s285
INFO: Marking loose concept http://urn.fi/URN:NBN:fi:au:slm:s540 as top concept of scheme http://urn.fi/URN:NBN:fi:au:slm:s285
INFO: Marking loose concept http://urn.fi/URN:NBN:fi:au:slm:s544 as top concept of scheme http://urn.fi/URN:NBN:fi:au:slm:s285
INFO: Marking loose concept http://urn.fi/URN:NBN:fi:au:slm:s550 as top concept of scheme http://urn.fi/URN:NBN:fi:au:slm:s285
INFO: Marking loose concept http://urn.fi/URN:NBN:fi:au:slm:s552 as top concept of scheme http://urn.fi/URN:NBN:fi:au:slm:s285
INFO: Marking loose concept http://urn.fi/URN:NBN:fi:au:slm:s558 as top concept of scheme http://urn.fi/URN:NBN:fi:au:slm:s285
INFO: Marking loose concept http://urn.fi/URN:NBN:fi:au:slm:s561 as top concept of scheme http://urn.fi/URN:NBN:fi:au:slm:s285
INFO: Marking loose concept http://urn.fi/URN:NBN:fi:au:slm:s562 as top concept of scheme http://urn.fi/URN:NBN:fi:au:slm:s285
INFO: Marking loose concept http://urn.fi/URN:NBN:fi:au:slm:s569 as top concept of scheme http://urn.fi/URN:NBN:fi:au:slm:s285
INFO: Marking loose concept http://urn.fi/URN:NBN:fi:au:slm:s573 as top concept of scheme http://urn.fi/URN:NBN:fi:au:slm:s285
INFO: Marking loose concept http://urn.fi/URN:NBN:fi:au:slm:s576 as top concept of scheme http://urn.fi/URN:NBN:fi:au:slm:s285
INFO: Marking loose concept http://urn.fi/URN:NBN:fi:au:slm:s579 as top concept of scheme http://urn.fi/URN:NBN:fi:au:slm:s285
INFO: Marking loose concept http://urn.fi/URN:NBN:fi:au:slm:s597 as top concept of scheme http://urn.fi/URN:NBN:fi:au:slm:s285
INFO: Marking loose concept http://urn.fi/URN:NBN:fi:au:slm:s606 as top concept of scheme http://urn.fi/URN:NBN:fi:au:slm:s285
INFO: Marking loose concept http://urn.fi/URN:NBN:fi:au:slm:s611 as top concept of scheme http://urn.fi/URN:NBN:fi:au:slm:s285
INFO: Marking loose concept http://urn.fi/URN:NBN:fi:au:slm:s618 as top concept of scheme http://urn.fi/URN:NBN:fi:au:slm:s285
INFO: Marking loose concept http://urn.fi/URN:NBN:fi:au:slm:s62 as top concept of scheme http://urn.fi/URN:NBN:fi:au:slm:s285
INFO: Marking loose concept http://urn.fi/URN:NBN:fi:au:slm:s622 as top concept of scheme http://urn.fi/URN:NBN:fi:au:slm:s285
INFO: Marking loose concept http://urn.fi/URN:NBN:fi:au:slm:s623 as top concept of scheme http://urn.fi/URN:NBN:fi:au:slm:s285
INFO: Marking loose concept http://urn.fi/URN:NBN:fi:au:slm:s63 as top concept of scheme http://urn.fi/URN:NBN:fi:au:slm:s285
INFO: Marking loose concept http://urn.fi/URN:NBN:fi:au:slm:s631 as top concept of scheme http://urn.fi/URN:NBN:fi:au:slm:s285
INFO: Marking loose concept http://urn.fi/URN:NBN:fi:au:slm:s633 as top concept of scheme http://urn.fi/URN:NBN:fi:au:slm:s285
INFO: Marking loose concept http://urn.fi/URN:NBN:fi:au:slm:s64 as top concept of scheme http://urn.fi/URN:NBN:fi:au:slm:s285
INFO: Marking loose concept http://urn.fi/URN:NBN:fi:au:slm:s654 as top concept of scheme http://urn.fi/URN:NBN:fi:au:slm:s285
INFO: Marking loose concept http://urn.fi/URN:NBN:fi:au:slm:s657 as top concept of scheme http://urn.fi/URN:NBN:fi:au:slm:s285
INFO: Marking loose concept http://urn.fi/URN:NBN:fi:au:slm:s661 as top concept of scheme http://urn.fi/URN:NBN:fi:au:slm:s285
INFO: Marking loose concept http://urn.fi/URN:NBN:fi:au:slm:s677 as top concept of scheme http://urn.fi/URN:NBN:fi:au:slm:s285
INFO: Marking loose concept http://urn.fi/URN:NBN:fi:au:slm:s686 as top concept of scheme http://urn.fi/URN:NBN:fi:au:slm:s285
INFO: Marking loose concept http://urn.fi/URN:NBN:fi:au:slm:s694 as top concept of scheme http://urn.fi/URN:NBN:fi:au:slm:s285
INFO: Marking loose concept http://urn.fi/URN:NBN:fi:au:slm:s697 as top concept of scheme http://urn.fi/URN:NBN:fi:au:slm:s285
INFO: Marking loose concept http://urn.fi/URN:NBN:fi:au:slm:s70 as top concept of scheme http://urn.fi/URN:NBN:fi:au:slm:s285
INFO: Marking loose concept http://urn.fi/URN:NBN:fi:au:slm:s719 as top concept of scheme http://urn.fi/URN:NBN:fi:au:slm:s285
INFO: Marking loose concept http://urn.fi/URN:NBN:fi:au:slm:s72 as top concept of scheme http://urn.fi/URN:NBN:fi:au:slm:s285
INFO: Marking loose concept http://urn.fi/URN:NBN:fi:au:slm:s729 as top concept of scheme http://urn.fi/URN:NBN:fi:au:slm:s285
INFO: Marking loose concept http://urn.fi/URN:NBN:fi:au:slm:s732 as top concept of scheme http://urn.fi/URN:NBN:fi:au:slm:s285
INFO: Marking loose concept http://urn.fi/URN:NBN:fi:au:slm:s739 as top concept of scheme http://urn.fi/URN:NBN:fi:au:slm:s285
INFO: Marking loose concept http://urn.fi/URN:NBN:fi:au:slm:s74 as top concept of scheme http://urn.fi/URN:NBN:fi:au:slm:s285
INFO: Marking loose concept http://urn.fi/URN:NBN:fi:au:slm:s765 as top concept of scheme http://urn.fi/URN:NBN:fi:au:slm:s285
INFO: Marking loose concept http://urn.fi/URN:NBN:fi:au:slm:s768 as top concept of scheme http://urn.fi/URN:NBN:fi:au:slm:s285
INFO: Marking loose concept http://urn.fi/URN:NBN:fi:au:slm:s775 as top concept of scheme http://urn.fi/URN:NBN:fi:au:slm:s285
INFO: Marking loose concept http://urn.fi/URN:NBN:fi:au:slm:s812 as top concept of scheme http://urn.fi/URN:NBN:fi:au:slm:s285
INFO: Marking loose concept http://urn.fi/URN:NBN:fi:au:slm:s817 as top concept of scheme http://urn.fi/URN:NBN:fi:au:slm:s285
INFO: Marking loose concept http://urn.fi/URN:NBN:fi:au:slm:s820 as top concept of scheme http://urn.fi/URN:NBN:fi:au:slm:s285
INFO: Marking loose concept http://urn.fi/URN:NBN:fi:au:slm:s821 as top concept of scheme http://urn.fi/URN:NBN:fi:au:slm:s285
INFO: Marking loose concept http://urn.fi/URN:NBN:fi:au:slm:s825 as top concept of scheme http://urn.fi/URN:NBN:fi:au:slm:s285
INFO: Marking loose concept http://urn.fi/URN:NBN:fi:au:slm:s827 as top concept of scheme http://urn.fi/URN:NBN:fi:au:slm:s285
INFO: Marking loose concept http://urn.fi/URN:NBN:fi:au:slm:s833 as top concept of scheme http://urn.fi/URN:NBN:fi:au:slm:s285
INFO: Marking loose concept http://urn.fi/URN:NBN:fi:au:slm:s834 as top concept of scheme http://urn.fi/URN:NBN:fi:au:slm:s285
INFO: Marking loose concept http://urn.fi/URN:NBN:fi:au:slm:s841 as top concept of scheme http://urn.fi/URN:NBN:fi:au:slm:s285
INFO: Marking loose concept http://urn.fi/URN:NBN:fi:au:slm:s851 as top concept of scheme http://urn.fi/URN:NBN:fi:au:slm:s285
INFO: Marking loose concept http://urn.fi/URN:NBN:fi:au:slm:s854 as top concept of scheme http://urn.fi/URN:NBN:fi:au:slm:s285
INFO: Marking loose concept http://urn.fi/URN:NBN:fi:au:slm:s855 as top concept of scheme http://urn.fi/URN:NBN:fi:au:slm:s285
INFO: Marking loose concept http://urn.fi/URN:NBN:fi:au:slm:s862 as top concept of scheme http://urn.fi/URN:NBN:fi:au:slm:s285
INFO: Marking loose concept http://urn.fi/URN:NBN:fi:au:slm:s876 as top concept of scheme http://urn.fi/URN:NBN:fi:au:slm:s285
INFO: Marking loose concept http://urn.fi/URN:NBN:fi:au:slm:s877 as top concept of scheme http://urn.fi/URN:NBN:fi:au:slm:s285
INFO: Marking loose concept http://urn.fi/URN:NBN:fi:au:slm:s889 as top concept of scheme http://urn.fi/URN:NBN:fi:au:slm:s285
INFO: Marking loose concept http://urn.fi/URN:NBN:fi:au:slm:s896 as top concept of scheme http://urn.fi/URN:NBN:fi:au:slm:s285
INFO: Marking loose concept http://urn.fi/URN:NBN:fi:au:slm:s897 as top concept of scheme http://urn.fi/URN:NBN:fi:au:slm:s285
INFO: Marking loose concept http://urn.fi/URN:NBN:fi:au:slm:s906 as top concept of scheme http://urn.fi/URN:NBN:fi:au:slm:s285
INFO: Marking loose concept http://urn.fi/URN:NBN:fi:au:slm:s907 as top concept of scheme http://urn.fi/URN:NBN:fi:au:slm:s285
INFO: Marking loose concept http://urn.fi/URN:NBN:fi:au:slm:s909 as top concept of scheme http://urn.fi/URN:NBN:fi:au:slm:s285
INFO: Marking loose concept http://urn.fi/URN:NBN:fi:au:slm:s912 as top concept of scheme http://urn.fi/URN:NBN:fi:au:slm:s285
INFO: Marking loose concept http://urn.fi/URN:NBN:fi:au:slm:s915 as top concept of scheme http://urn.fi/URN:NBN:fi:au:slm:s285
INFO: Marking loose concept http://urn.fi/URN:NBN:fi:au:slm:s922 as top concept of scheme http://urn.fi/URN:NBN:fi:au:slm:s285
INFO: Marking loose concept http://urn.fi/URN:NBN:fi:au:slm:s929 as top concept of scheme http://urn.fi/URN:NBN:fi:au:slm:s285
INFO: Marking loose concept http://urn.fi/URN:NBN:fi:au:slm:s942 as top concept of scheme http://urn.fi/URN:NBN:fi:au:slm:s285
INFO: Marking loose concept http://urn.fi/URN:NBN:fi:au:slm:s943 as top concept of scheme http://urn.fi/URN:NBN:fi:au:slm:s285
INFO: Marking loose concept http://urn.fi/URN:NBN:fi:au:slm:s95 as top concept of scheme http://urn.fi/URN:NBN:fi:au:slm:s285
INFO: Marking loose concept http://urn.fi/URN:NBN:fi:au:slm:s956 as top concept of scheme http://urn.fi/URN:NBN:fi:au:slm:s285
INFO: Marking loose concept http://urn.fi/URN:NBN:fi:au:slm:s958 as top concept of scheme http://urn.fi/URN:NBN:fi:au:slm:s285
INFO: Marking loose concept http://urn.fi/URN:NBN:fi:au:slm:s960 as top concept of scheme http://urn.fi/URN:NBN:fi:au:slm:s285
INFO: Marking loose concept http://urn.fi/URN:NBN:fi:au:slm:s963 as top concept of scheme http://urn.fi/URN:NBN:fi:au:slm:s285
INFO: Marking loose concept http://urn.fi/URN:NBN:fi:au:slm:s964 as top concept of scheme http://urn.fi/URN:NBN:fi:au:slm:s285
INFO: Marking loose concept http://urn.fi/URN:NBN:fi:au:slm:s97 as top concept of scheme http://urn.fi/URN:NBN:fi:au:slm:s285
INFO: Marking loose concept http://urn.fi/URN:NBN:fi:au:slm:s970 as top concept of scheme http://urn.fi/URN:NBN:fi:au:slm:s285
INFO: Marking loose concept http://urn.fi/URN:NBN:fi:au:slm:s975 as top concept of scheme http://urn.fi/URN:NBN:fi:au:slm:s285
INFO: Marking loose concept http://urn.fi/URN:NBN:fi:au:slm:s983 as top concept of scheme http://urn.fi/URN:NBN:fi:au:slm:s285
INFO: Marking loose concept http://urn.fi/URN:NBN:fi:au:slm:s985 as top concept of scheme http://urn.fi/URN:NBN:fi:au:slm:s285
INFO: Marking loose concept http://urn.fi/URN:NBN:fi:au:slm:s992 as top concept of scheme http://urn.fi/URN:NBN:fi:au:slm:s285
INFO: Marking loose concept http://urn.fi/URN:NBN:fi:au:slm:s998 as top concept of scheme http://urn.fi/URN:NBN:fi:au:slm:s285
INFO: Marking loose concept http://urn.fi/URN:NBN:fi:au:slm:s1012 as top concept of scheme http://urn.fi/URN:NBN:fi:au:slm:s593
INFO: Marking loose concept http://urn.fi/URN:NBN:fi:au:slm:s1036 as top concept of scheme http://urn.fi/URN:NBN:fi:au:slm:s593
INFO: Marking loose concept http://urn.fi/URN:NBN:fi:au:slm:s1086 as top concept of scheme http://urn.fi/URN:NBN:fi:au:slm:s593
INFO: Marking loose concept http://urn.fi/URN:NBN:fi:au:slm:s125 as top concept of scheme http://urn.fi/URN:NBN:fi:au:slm:s593
INFO: Marking loose concept http://urn.fi/URN:NBN:fi:au:slm:s151 as top concept of scheme http://urn.fi/URN:NBN:fi:au:slm:s593
INFO: Marking loose concept http://urn.fi/URN:NBN:fi:au:slm:s224 as top concept of scheme http://urn.fi/URN:NBN:fi:au:slm:s593
INFO: Marking loose concept http://urn.fi/URN:NBN:fi:au:slm:s298 as top concept of scheme http://urn.fi/URN:NBN:fi:au:slm:s593
INFO: Marking loose concept http://urn.fi/URN:NBN:fi:au:slm:s319 as top concept of scheme http://urn.fi/URN:NBN:fi:au:slm:s593
INFO: Marking loose concept http://urn.fi/URN:NBN:fi:au:slm:s323 as top concept of scheme http://urn.fi/URN:NBN:fi:au:slm:s593
INFO: Marking loose concept http://urn.fi/URN:NBN:fi:au:slm:s342 as top concept of scheme http://urn.fi/URN:NBN:fi:au:slm:s593
INFO: Marking loose concept http://urn.fi/URN:NBN:fi:au:slm:s356 as top concept of scheme http://urn.fi/URN:NBN:fi:au:slm:s593
INFO: Marking loose concept http://urn.fi/URN:NBN:fi:au:slm:s39 as top concept of scheme http://urn.fi/URN:NBN:fi:au:slm:s593
INFO: Marking loose concept http://urn.fi/URN:NBN:fi:au:slm:s50 as top concept of scheme http://urn.fi/URN:NBN:fi:au:slm:s593
INFO: Marking loose concept http://urn.fi/URN:NBN:fi:au:slm:s575 as top concept of scheme http://urn.fi/URN:NBN:fi:au:slm:s593
INFO: Marking loose concept http://urn.fi/URN:NBN:fi:au:slm:s595 as top concept of scheme http://urn.fi/URN:NBN:fi:au:slm:s593
INFO: Marking loose concept http://urn.fi/URN:NBN:fi:au:slm:s599 as top concept of scheme http://urn.fi/URN:NBN:fi:au:slm:s593
INFO: Marking loose concept http://urn.fi/URN:NBN:fi:au:slm:s7 as top concept of scheme http://urn.fi/URN:NBN:fi:au:slm:s593
INFO: Marking loose concept http://urn.fi/URN:NBN:fi:au:slm:s850 as top concept of scheme http://urn.fi/URN:NBN:fi:au:slm:s593
INFO: Marking loose concept http://urn.fi/URN:NBN:fi:au:slm:s1 as top concept of scheme http://urn.fi/URN:NBN:fi:au:slm:s861
INFO: Marking loose concept http://urn.fi/URN:NBN:fi:au:slm:s1008 as top concept of scheme http://urn.fi/URN:NBN:fi:au:slm:s861
INFO: Marking loose concept http://urn.fi/URN:NBN:fi:au:slm:s1010 as top concept of scheme http://urn.fi/URN:NBN:fi:au:slm:s861
INFO: Marking loose concept http://urn.fi/URN:NBN:fi:au:slm:s1017 as top concept of scheme http://urn.fi/URN:NBN:fi:au:slm:s861
INFO: Marking loose concept http://urn.fi/URN:NBN:fi:au:slm:s1019 as top concept of scheme http://urn.fi/URN:NBN:fi:au:slm:s861
INFO: Marking loose concept http://urn.fi/URN:NBN:fi:au:slm:s1035 as top concept of scheme http://urn.fi/URN:NBN:fi:au:slm:s861
INFO: Marking loose concept http://urn.fi/URN:NBN:fi:au:slm:s1039 as top concept of scheme http://urn.fi/URN:NBN:fi:au:slm:s861
INFO: Marking loose concept http://urn.fi/URN:NBN:fi:au:slm:s1040 as top concept of scheme http://urn.fi/URN:NBN:fi:au:slm:s861
INFO: Marking loose concept http://urn.fi/URN:NBN:fi:au:slm:s1047 as top concept of scheme http://urn.fi/URN:NBN:fi:au:slm:s861
INFO: Marking loose concept http://urn.fi/URN:NBN:fi:au:slm:s1049 as top concept of scheme http://urn.fi/URN:NBN:fi:au:slm:s861
INFO: Marking loose concept http://urn.fi/URN:NBN:fi:au:slm:s1062 as top concept of scheme http://urn.fi/URN:NBN:fi:au:slm:s861
INFO: Marking loose concept http://urn.fi/URN:NBN:fi:au:slm:s107 as top concept of scheme http://urn.fi/URN:NBN:fi:au:slm:s861
INFO: Marking loose concept http://urn.fi/URN:NBN:fi:au:slm:s1077 as top concept of scheme http://urn.fi/URN:NBN:fi:au:slm:s861
INFO: Marking loose concept http://urn.fi/URN:NBN:fi:au:slm:s1081 as top concept of scheme http://urn.fi/URN:NBN:fi:au:slm:s861
INFO: Marking loose concept http://urn.fi/URN:NBN:fi:au:slm:s11 as top concept of scheme http://urn.fi/URN:NBN:fi:au:slm:s861
INFO: Marking loose concept http://urn.fi/URN:NBN:fi:au:slm:s1103 as top concept of scheme http://urn.fi/URN:NBN:fi:au:slm:s861
INFO: Marking loose concept http://urn.fi/URN:NBN:fi:au:slm:s1105 as top concept of scheme http://urn.fi/URN:NBN:fi:au:slm:s861
INFO: Marking loose concept http://urn.fi/URN:NBN:fi:au:slm:s1106 as top concept of scheme http://urn.fi/URN:NBN:fi:au:slm:s861
INFO: Marking loose concept http://urn.fi/URN:NBN:fi:au:slm:s1113 as top concept of scheme http://urn.fi/URN:NBN:fi:au:slm:s861
INFO: Marking loose concept http://urn.fi/URN:NBN:fi:au:slm:s1133 as top concept of scheme http://urn.fi/URN:NBN:fi:au:slm:s861
INFO: Marking loose concept http://urn.fi/URN:NBN:fi:au:slm:s1137 as top concept of scheme http://urn.fi/URN:NBN:fi:au:slm:s861
INFO: Marking loose concept http://urn.fi/URN:NBN:fi:au:slm:s1139 as top concept of scheme http://urn.fi/URN:NBN:fi:au:slm:s861
INFO: Marking loose concept http://urn.fi/URN:NBN:fi:au:slm:s1159 as top concept of scheme http://urn.fi/URN:NBN:fi:au:slm:s861
INFO: Marking loose concept http://urn.fi/URN:NBN:fi:au:slm:s116 as top concept of scheme http://urn.fi/URN:NBN:fi:au:slm:s861
INFO: Marking loose concept http://urn.fi/URN:NBN:fi:au:slm:s1178 as top concept of scheme http://urn.fi/URN:NBN:fi:au:slm:s861
INFO: Marking loose concept http://urn.fi/URN:NBN:fi:au:slm:s1182 as top concept of scheme http://urn.fi/URN:NBN:fi:au:slm:s861
INFO: Marking loose concept http://urn.fi/URN:NBN:fi:au:slm:s1191 as top concept of scheme http://urn.fi/URN:NBN:fi:au:slm:s861
INFO: Marking loose concept http://urn.fi/URN:NBN:fi:au:slm:s12 as top concept of scheme http://urn.fi/URN:NBN:fi:au:slm:s861
INFO: Marking loose concept http://urn.fi/URN:NBN:fi:au:slm:s1210 as top concept of scheme http://urn.fi/URN:NBN:fi:au:slm:s861
INFO: Marking loose concept http://urn.fi/URN:NBN:fi:au:slm:s1216 as top concept of scheme http://urn.fi/URN:NBN:fi:au:slm:s861
INFO: Marking loose concept http://urn.fi/URN:NBN:fi:au:slm:s1218 as top concept of scheme http://urn.fi/URN:NBN:fi:au:slm:s861
INFO: Marking loose concept http://urn.fi/URN:NBN:fi:au:slm:s1224 as top concept of scheme http://urn.fi/URN:NBN:fi:au:slm:s861
INFO: Marking loose concept http://urn.fi/URN:NBN:fi:au:slm:s1228 as top concept of scheme http://urn.fi/URN:NBN:fi:au:slm:s861
INFO: Marking loose concept http://urn.fi/URN:NBN:fi:au:slm:s1235 as top concept of scheme http://urn.fi/URN:NBN:fi:au:slm:s861
INFO: Marking loose concept http://urn.fi/URN:NBN:fi:au:slm:s1249 as top concept of scheme http://urn.fi/URN:NBN:fi:au:slm:s861
INFO: Marking loose concept http://urn.fi/URN:NBN:fi:au:slm:s1252 as top concept of scheme http://urn.fi/URN:NBN:fi:au:slm:s861
INFO: Marking loose concept http://urn.fi/URN:NBN:fi:au:slm:s1257 as top concept of scheme http://urn.fi/URN:NBN:fi:au:slm:s861
INFO: Marking loose concept http://urn.fi/URN:NBN:fi:au:slm:s1277 as top concept of scheme http://urn.fi/URN:NBN:fi:au:slm:s861
INFO: Marking loose concept http://urn.fi/URN:NBN:fi:au:slm:s1284 as top concept of scheme http://urn.fi/URN:NBN:fi:au:slm:s861
INFO: Marking loose concept http://urn.fi/URN:NBN:fi:au:slm:s129 as top concept of scheme http://urn.fi/URN:NBN:fi:au:slm:s861
INFO: Marking loose concept http://urn.fi/URN:NBN:fi:au:slm:s1291 as top concept of scheme http://urn.fi/URN:NBN:fi:au:slm:s861
INFO: Marking loose concept http://urn.fi/URN:NBN:fi:au:slm:s1293 as top concept of scheme http://urn.fi/URN:NBN:fi:au:slm:s861
INFO: Marking loose concept http://urn.fi/URN:NBN:fi:au:slm:s1294 as top concept of scheme http://urn.fi/URN:NBN:fi:au:slm:s861
INFO: Marking loose concept http://urn.fi/URN:NBN:fi:au:slm:s1295 as top concept of scheme http://urn.fi/URN:NBN:fi:au:slm:s861
INFO: Marking loose concept http://urn.fi/URN:NBN:fi:au:slm:s1300 as top concept of scheme http://urn.fi/URN:NBN:fi:au:slm:s861
INFO: Marking loose concept http://urn.fi/URN:NBN:fi:au:slm:s131 as top concept of scheme http://urn.fi/URN:NBN:fi:au:slm:s861
INFO: Marking loose concept http://urn.fi/URN:NBN:fi:au:slm:s137 as top concept of scheme http://urn.fi/URN:NBN:fi:au:slm:s861
INFO: Marking loose concept http://urn.fi/URN:NBN:fi:au:slm:s144 as top concept of scheme http://urn.fi/URN:NBN:fi:au:slm:s861
INFO: Marking loose concept http://urn.fi/URN:NBN:fi:au:slm:s146 as top concept of scheme http://urn.fi/URN:NBN:fi:au:slm:s861
INFO: Marking loose concept http://urn.fi/URN:NBN:fi:au:slm:s150 as top concept of scheme http://urn.fi/URN:NBN:fi:au:slm:s861
INFO: Marking loose concept http://urn.fi/URN:NBN:fi:au:slm:s163 as top concept of scheme http://urn.fi/URN:NBN:fi:au:slm:s861
INFO: Marking loose concept http://urn.fi/URN:NBN:fi:au:slm:s174 as top concept of scheme http://urn.fi/URN:NBN:fi:au:slm:s861
INFO: Marking loose concept http://urn.fi/URN:NBN:fi:au:slm:s175 as top concept of scheme http://urn.fi/URN:NBN:fi:au:slm:s861
INFO: Marking loose concept http://urn.fi/URN:NBN:fi:au:slm:s178 as top concept of scheme http://urn.fi/URN:NBN:fi:au:slm:s861
INFO: Marking loose concept http://urn.fi/URN:NBN:fi:au:slm:s187 as top concept of scheme http://urn.fi/URN:NBN:fi:au:slm:s861
INFO: Marking loose concept http://urn.fi/URN:NBN:fi:au:slm:s19 as top concept of scheme http://urn.fi/URN:NBN:fi:au:slm:s861
INFO: Marking loose concept http://urn.fi/URN:NBN:fi:au:slm:s2 as top concept of scheme http://urn.fi/URN:NBN:fi:au:slm:s861
INFO: Marking loose concept http://urn.fi/URN:NBN:fi:au:slm:s210 as top concept of scheme http://urn.fi/URN:NBN:fi:au:slm:s861
INFO: Marking loose concept http://urn.fi/URN:NBN:fi:au:slm:s226 as top concept of scheme http://urn.fi/URN:NBN:fi:au:slm:s861
INFO: Marking loose concept http://urn.fi/URN:NBN:fi:au:slm:s23 as top concept of scheme http://urn.fi/URN:NBN:fi:au:slm:s861
INFO: Marking loose concept http://urn.fi/URN:NBN:fi:au:slm:s232 as top concept of scheme http://urn.fi/URN:NBN:fi:au:slm:s861
INFO: Marking loose concept http://urn.fi/URN:NBN:fi:au:slm:s233 as top concept of scheme http://urn.fi/URN:NBN:fi:au:slm:s861
INFO: Marking loose concept http://urn.fi/URN:NBN:fi:au:slm:s238 as top concept of scheme http://urn.fi/URN:NBN:fi:au:slm:s861
INFO: Marking loose concept http://urn.fi/URN:NBN:fi:au:slm:s242 as top concept of scheme http://urn.fi/URN:NBN:fi:au:slm:s861
INFO: Marking loose concept http://urn.fi/URN:NBN:fi:au:slm:s251 as top concept of scheme http://urn.fi/URN:NBN:fi:au:slm:s861
INFO: Marking loose concept http://urn.fi/URN:NBN:fi:au:slm:s256 as top concept of scheme http://urn.fi/URN:NBN:fi:au:slm:s861
INFO: Marking loose concept http://urn.fi/URN:NBN:fi:au:slm:s258 as top concept of scheme http://urn.fi/URN:NBN:fi:au:slm:s861
INFO: Marking loose concept http://urn.fi/URN:NBN:fi:au:slm:s265 as top concept of scheme http://urn.fi/URN:NBN:fi:au:slm:s861
INFO: Marking loose concept http://urn.fi/URN:NBN:fi:au:slm:s280 as top concept of scheme http://urn.fi/URN:NBN:fi:au:slm:s861
INFO: Marking loose concept http://urn.fi/URN:NBN:fi:au:slm:s283 as top concept of scheme http://urn.fi/URN:NBN:fi:au:slm:s861
INFO: Marking loose concept http://urn.fi/URN:NBN:fi:au:slm:s288 as top concept of scheme http://urn.fi/URN:NBN:fi:au:slm:s861
INFO: Marking loose concept http://urn.fi/URN:NBN:fi:au:slm:s300 as top concept of scheme http://urn.fi/URN:NBN:fi:au:slm:s861
INFO: Marking loose concept http://urn.fi/URN:NBN:fi:au:slm:s309 as top concept of scheme http://urn.fi/URN:NBN:fi:au:slm:s861
INFO: Marking loose concept http://urn.fi/URN:NBN:fi:au:slm:s321 as top concept of scheme http://urn.fi/URN:NBN:fi:au:slm:s861
INFO: Marking loose concept http://urn.fi/URN:NBN:fi:au:slm:s325 as top concept of scheme http://urn.fi/URN:NBN:fi:au:slm:s861
INFO: Marking loose concept http://urn.fi/URN:NBN:fi:au:slm:s33 as top concept of scheme http://urn.fi/URN:NBN:fi:au:slm:s861
INFO: Marking loose concept http://urn.fi/URN:NBN:fi:au:slm:s330 as top concept of scheme http://urn.fi/URN:NBN:fi:au:slm:s861
INFO: Marking loose concept http://urn.fi/URN:NBN:fi:au:slm:s334 as top concept of scheme http://urn.fi/URN:NBN:fi:au:slm:s861
INFO: Marking loose concept http://urn.fi/URN:NBN:fi:au:slm:s343 as top concept of scheme http://urn.fi/URN:NBN:fi:au:slm:s861
INFO: Marking loose concept http://urn.fi/URN:NBN:fi:au:slm:s345 as top concept of scheme http://urn.fi/URN:NBN:fi:au:slm:s861
INFO: Marking loose concept http://urn.fi/URN:NBN:fi:au:slm:s347 as top concept of scheme http://urn.fi/URN:NBN:fi:au:slm:s861
INFO: Marking loose concept http://urn.fi/URN:NBN:fi:au:slm:s348 as top concept of scheme http://urn.fi/URN:NBN:fi:au:slm:s861
INFO: Marking loose concept http://urn.fi/URN:NBN:fi:au:slm:s349 as top concept of scheme http://urn.fi/URN:NBN:fi:au:slm:s861
INFO: Marking loose concept http://urn.fi/URN:NBN:fi:au:slm:s351 as top concept of scheme http://urn.fi/URN:NBN:fi:au:slm:s861
INFO: Marking loose concept http://urn.fi/URN:NBN:fi:au:slm:s353 as top concept of scheme http://urn.fi/URN:NBN:fi:au:slm:s861
INFO: Marking loose concept http://urn.fi/URN:NBN:fi:au:slm:s361 as top concept of scheme http://urn.fi/URN:NBN:fi:au:slm:s861
INFO: Marking loose concept http://urn.fi/URN:NBN:fi:au:slm:s362 as top concept of scheme http://urn.fi/URN:NBN:fi:au:slm:s861
INFO: Marking loose concept http://urn.fi/URN:NBN:fi:au:slm:s369 as top concept of scheme http://urn.fi/URN:NBN:fi:au:slm:s861
INFO: Marking loose concept http://urn.fi/URN:NBN:fi:au:slm:s37 as top concept of scheme http://urn.fi/URN:NBN:fi:au:slm:s861
INFO: Marking loose concept http://urn.fi/URN:NBN:fi:au:slm:s370 as top concept of scheme http://urn.fi/URN:NBN:fi:au:slm:s861
INFO: Marking loose concept http://urn.fi/URN:NBN:fi:au:slm:s375 as top concept of scheme http://urn.fi/URN:NBN:fi:au:slm:s861
INFO: Marking loose concept http://urn.fi/URN:NBN:fi:au:slm:s378 as top concept of scheme http://urn.fi/URN:NBN:fi:au:slm:s861
INFO: Marking loose concept http://urn.fi/URN:NBN:fi:au:slm:s386 as top concept of scheme http://urn.fi/URN:NBN:fi:au:slm:s861
INFO: Marking loose concept http://urn.fi/URN:NBN:fi:au:slm:s391 as top concept of scheme http://urn.fi/URN:NBN:fi:au:slm:s861
INFO: Marking loose concept http://urn.fi/URN:NBN:fi:au:slm:s395 as top concept of scheme http://urn.fi/URN:NBN:fi:au:slm:s861
INFO: Marking loose concept http://urn.fi/URN:NBN:fi:au:slm:s40 as top concept of scheme http://urn.fi/URN:NBN:fi:au:slm:s861
INFO: Marking loose concept http://urn.fi/URN:NBN:fi:au:slm:s413 as top concept of scheme http://urn.fi/URN:NBN:fi:au:slm:s861
INFO: Marking loose concept http://urn.fi/URN:NBN:fi:au:slm:s416 as top concept of scheme http://urn.fi/URN:NBN:fi:au:slm:s861
INFO: Marking loose concept http://urn.fi/URN:NBN:fi:au:slm:s426 as top concept of scheme http://urn.fi/URN:NBN:fi:au:slm:s861
INFO: Marking loose concept http://urn.fi/URN:NBN:fi:au:slm:s428 as top concept of scheme http://urn.fi/URN:NBN:fi:au:slm:s861
INFO: Marking loose concept http://urn.fi/URN:NBN:fi:au:slm:s438 as top concept of scheme http://urn.fi/URN:NBN:fi:au:slm:s861
INFO: Marking loose concept http://urn.fi/URN:NBN:fi:au:slm:s443 as top concept of scheme http://urn.fi/URN:NBN:fi:au:slm:s861
INFO: Marking loose concept http://urn.fi/URN:NBN:fi:au:slm:s447 as top concept of scheme http://urn.fi/URN:NBN:fi:au:slm:s861
INFO: Marking loose concept http://urn.fi/URN:NBN:fi:au:slm:s456 as top concept of scheme http://urn.fi/URN:NBN:fi:au:slm:s861
INFO: Marking loose concept http://urn.fi/URN:NBN:fi:au:slm:s458 as top concept of scheme http://urn.fi/URN:NBN:fi:au:slm:s861
INFO: Marking loose concept http://urn.fi/URN:NBN:fi:au:slm:s459 as top concept of scheme http://urn.fi/URN:NBN:fi:au:slm:s861
INFO: Marking loose concept http://urn.fi/URN:NBN:fi:au:slm:s466 as top concept of scheme http://urn.fi/URN:NBN:fi:au:slm:s861
INFO: Marking loose concept http://urn.fi/URN:NBN:fi:au:slm:s474 as top concept of scheme http://urn.fi/URN:NBN:fi:au:slm:s861
INFO: Marking loose concept http://urn.fi/URN:NBN:fi:au:slm:s476 as top concept of scheme http://urn.fi/URN:NBN:fi:au:slm:s861
INFO: Marking loose concept http://urn.fi/URN:NBN:fi:au:slm:s48 as top concept of scheme http://urn.fi/URN:NBN:fi:au:slm:s861
INFO: Marking loose concept http://urn.fi/URN:NBN:fi:au:slm:s484 as top concept of scheme http://urn.fi/URN:NBN:fi:au:slm:s861
INFO: Marking loose concept http://urn.fi/URN:NBN:fi:au:slm:s489 as top concept of scheme http://urn.fi/URN:NBN:fi:au:slm:s861
INFO: Marking loose concept http://urn.fi/URN:NBN:fi:au:slm:s490 as top concept of scheme http://urn.fi/URN:NBN:fi:au:slm:s861
INFO: Marking loose concept http://urn.fi/URN:NBN:fi:au:slm:s491 as top concept of scheme http://urn.fi/URN:NBN:fi:au:slm:s861
INFO: Marking loose concept http://urn.fi/URN:NBN:fi:au:slm:s494 as top concept of scheme http://urn.fi/URN:NBN:fi:au:slm:s861
INFO: Marking loose concept http://urn.fi/URN:NBN:fi:au:slm:s499 as top concept of scheme http://urn.fi/URN:NBN:fi:au:slm:s861
INFO: Marking loose concept http://urn.fi/URN:NBN:fi:au:slm:s500 as top concept of scheme http://urn.fi/URN:NBN:fi:au:slm:s861
INFO: Marking loose concept http://urn.fi/URN:NBN:fi:au:slm:s510 as top concept of scheme http://urn.fi/URN:NBN:fi:au:slm:s861
INFO: Marking loose concept http://urn.fi/URN:NBN:fi:au:slm:s516 as top concept of scheme http://urn.fi/URN:NBN:fi:au:slm:s861
INFO: Marking loose concept http://urn.fi/URN:NBN:fi:au:slm:s517 as top concept of scheme http://urn.fi/URN:NBN:fi:au:slm:s861
INFO: Marking loose concept http://urn.fi/URN:NBN:fi:au:slm:s533 as top concept of scheme http://urn.fi/URN:NBN:fi:au:slm:s861
INFO: Marking loose concept http://urn.fi/URN:NBN:fi:au:slm:s535 as top concept of scheme http://urn.fi/URN:NBN:fi:au:slm:s861
INFO: Marking loose concept http://urn.fi/URN:NBN:fi:au:slm:s537 as top concept of scheme http://urn.fi/URN:NBN:fi:au:slm:s861
INFO: Marking loose concept http://urn.fi/URN:NBN:fi:au:slm:s538 as top concept of scheme http://urn.fi/URN:NBN:fi:au:slm:s861
INFO: Marking loose concept http://urn.fi/URN:NBN:fi:au:slm:s541 as top concept of scheme http://urn.fi/URN:NBN:fi:au:slm:s861
INFO: Marking loose concept http://urn.fi/URN:NBN:fi:au:slm:s543 as top concept of scheme http://urn.fi/URN:NBN:fi:au:slm:s861
INFO: Marking loose concept http://urn.fi/URN:NBN:fi:au:slm:s565 as top concept of scheme http://urn.fi/URN:NBN:fi:au:slm:s861
INFO: Marking loose concept http://urn.fi/URN:NBN:fi:au:slm:s567 as top concept of scheme http://urn.fi/URN:NBN:fi:au:slm:s861
INFO: Marking loose concept http://urn.fi/URN:NBN:fi:au:slm:s568 as top concept of scheme http://urn.fi/URN:NBN:fi:au:slm:s861
INFO: Marking loose concept http://urn.fi/URN:NBN:fi:au:slm:s572 as top concept of scheme http://urn.fi/URN:NBN:fi:au:slm:s861
INFO: Marking loose concept http://urn.fi/URN:NBN:fi:au:slm:s580 as top concept of scheme http://urn.fi/URN:NBN:fi:au:slm:s861
INFO: Marking loose concept http://urn.fi/URN:NBN:fi:au:slm:s585 as top concept of scheme http://urn.fi/URN:NBN:fi:au:slm:s861
INFO: Marking loose concept http://urn.fi/URN:NBN:fi:au:slm:s590 as top concept of scheme http://urn.fi/URN:NBN:fi:au:slm:s861
INFO: Marking loose concept http://urn.fi/URN:NBN:fi:au:slm:s592 as top concept of scheme http://urn.fi/URN:NBN:fi:au:slm:s861
INFO: Marking loose concept http://urn.fi/URN:NBN:fi:au:slm:s596 as top concept of scheme http://urn.fi/URN:NBN:fi:au:slm:s861
INFO: Marking loose concept http://urn.fi/URN:NBN:fi:au:slm:s609 as top concept of scheme http://urn.fi/URN:NBN:fi:au:slm:s861
INFO: Marking loose concept http://urn.fi/URN:NBN:fi:au:slm:s61 as top concept of scheme http://urn.fi/URN:NBN:fi:au:slm:s861
INFO: Marking loose concept http://urn.fi/URN:NBN:fi:au:slm:s614 as top concept of scheme http://urn.fi/URN:NBN:fi:au:slm:s861
INFO: Marking loose concept http://urn.fi/URN:NBN:fi:au:slm:s615 as top concept of scheme http://urn.fi/URN:NBN:fi:au:slm:s861
INFO: Marking loose concept http://urn.fi/URN:NBN:fi:au:slm:s629 as top concept of scheme http://urn.fi/URN:NBN:fi:au:slm:s861
INFO: Marking loose concept http://urn.fi/URN:NBN:fi:au:slm:s636 as top concept of scheme http://urn.fi/URN:NBN:fi:au:slm:s861
INFO: Marking loose concept http://urn.fi/URN:NBN:fi:au:slm:s642 as top concept of scheme http://urn.fi/URN:NBN:fi:au:slm:s861
INFO: Marking loose concept http://urn.fi/URN:NBN:fi:au:slm:s662 as top concept of scheme http://urn.fi/URN:NBN:fi:au:slm:s861
INFO: Marking loose concept http://urn.fi/URN:NBN:fi:au:slm:s667 as top concept of scheme http://urn.fi/URN:NBN:fi:au:slm:s861
INFO: Marking loose concept http://urn.fi/URN:NBN:fi:au:slm:s671 as top concept of scheme http://urn.fi/URN:NBN:fi:au:slm:s861
INFO: Marking loose concept http://urn.fi/URN:NBN:fi:au:slm:s687 as top concept of scheme http://urn.fi/URN:NBN:fi:au:slm:s861
INFO: Marking loose concept http://urn.fi/URN:NBN:fi:au:slm:s689 as top concept of scheme http://urn.fi/URN:NBN:fi:au:slm:s861
INFO: Marking loose concept http://urn.fi/URN:NBN:fi:au:slm:s702 as top concept of scheme http://urn.fi/URN:NBN:fi:au:slm:s861
INFO: Marking loose concept http://urn.fi/URN:NBN:fi:au:slm:s705 as top concept of scheme http://urn.fi/URN:NBN:fi:au:slm:s861
INFO: Marking loose concept http://urn.fi/URN:NBN:fi:au:slm:s706 as top concept of scheme http://urn.fi/URN:NBN:fi:au:slm:s861
INFO: Marking loose concept http://urn.fi/URN:NBN:fi:au:slm:s708 as top concept of scheme http://urn.fi/URN:NBN:fi:au:slm:s861
INFO: Marking loose concept http://urn.fi/URN:NBN:fi:au:slm:s713 as top concept of scheme http://urn.fi/URN:NBN:fi:au:slm:s861
INFO: Marking loose concept http://urn.fi/URN:NBN:fi:au:slm:s718 as top concept of scheme http://urn.fi/URN:NBN:fi:au:slm:s861
INFO: Marking loose concept http://urn.fi/URN:NBN:fi:au:slm:s727 as top concept of scheme http://urn.fi/URN:NBN:fi:au:slm:s861
INFO: Marking loose concept http://urn.fi/URN:NBN:fi:au:slm:s728 as top concept of scheme http://urn.fi/URN:NBN:fi:au:slm:s861
INFO: Marking loose concept http://urn.fi/URN:NBN:fi:au:slm:s738 as top concept of scheme http://urn.fi/URN:NBN:fi:au:slm:s861
INFO: Marking loose concept http://urn.fi/URN:NBN:fi:au:slm:s740 as top concept of scheme http://urn.fi/URN:NBN:fi:au:slm:s861
INFO: Marking loose concept http://urn.fi/URN:NBN:fi:au:slm:s743 as top concept of scheme http://urn.fi/URN:NBN:fi:au:slm:s861
INFO: Marking loose concept http://urn.fi/URN:NBN:fi:au:slm:s750 as top concept of scheme http://urn.fi/URN:NBN:fi:au:slm:s861
INFO: Marking loose concept http://urn.fi/URN:NBN:fi:au:slm:s764 as top concept of scheme http://urn.fi/URN:NBN:fi:au:slm:s861
INFO: Marking loose concept http://urn.fi/URN:NBN:fi:au:slm:s771 as top concept of scheme http://urn.fi/URN:NBN:fi:au:slm:s861
INFO: Marking loose concept http://urn.fi/URN:NBN:fi:au:slm:s773 as top concept of scheme http://urn.fi/URN:NBN:fi:au:slm:s861
INFO: Marking loose concept http://urn.fi/URN:NBN:fi:au:slm:s774 as top concept of scheme http://urn.fi/URN:NBN:fi:au:slm:s861
INFO: Marking loose concept http://urn.fi/URN:NBN:fi:au:slm:s776 as top concept of scheme http://urn.fi/URN:NBN:fi:au:slm:s861
INFO: Marking loose concept http://urn.fi/URN:NBN:fi:au:slm:s783 as top concept of scheme http://urn.fi/URN:NBN:fi:au:slm:s861
INFO: Marking loose concept http://urn.fi/URN:NBN:fi:au:slm:s786 as top concept of scheme http://urn.fi/URN:NBN:fi:au:slm:s861
INFO: Marking loose concept http://urn.fi/URN:NBN:fi:au:slm:s79 as top concept of scheme http://urn.fi/URN:NBN:fi:au:slm:s861
INFO: Marking loose concept http://urn.fi/URN:NBN:fi:au:slm:s798 as top concept of scheme http://urn.fi/URN:NBN:fi:au:slm:s861
INFO: Marking loose concept http://urn.fi/URN:NBN:fi:au:slm:s803 as top concept of scheme http://urn.fi/URN:NBN:fi:au:slm:s861
INFO: Marking loose concept http://urn.fi/URN:NBN:fi:au:slm:s804 as top concept of scheme http://urn.fi/URN:NBN:fi:au:slm:s861
INFO: Marking loose concept http://urn.fi/URN:NBN:fi:au:slm:s810 as top concept of scheme http://urn.fi/URN:NBN:fi:au:slm:s861
INFO: Marking loose concept http://urn.fi/URN:NBN:fi:au:slm:s814 as top concept of scheme http://urn.fi/URN:NBN:fi:au:slm:s861
INFO: Marking loose concept http://urn.fi/URN:NBN:fi:au:slm:s823 as top concept of scheme http://urn.fi/URN:NBN:fi:au:slm:s861
INFO: Marking loose concept http://urn.fi/URN:NBN:fi:au:slm:s83 as top concept of scheme http://urn.fi/URN:NBN:fi:au:slm:s861
INFO: Marking loose concept http://urn.fi/URN:NBN:fi:au:slm:s830 as top concept of scheme http://urn.fi/URN:NBN:fi:au:slm:s861
INFO: Marking loose concept http://urn.fi/URN:NBN:fi:au:slm:s832 as top concept of scheme http://urn.fi/URN:NBN:fi:au:slm:s861
INFO: Marking loose concept http://urn.fi/URN:NBN:fi:au:slm:s837 as top concept of scheme http://urn.fi/URN:NBN:fi:au:slm:s861
INFO: Marking loose concept http://urn.fi/URN:NBN:fi:au:slm:s863 as top concept of scheme http://urn.fi/URN:NBN:fi:au:slm:s861
INFO: Marking loose concept http://urn.fi/URN:NBN:fi:au:slm:s874 as top concept of scheme http://urn.fi/URN:NBN:fi:au:slm:s861
INFO: Marking loose concept http://urn.fi/URN:NBN:fi:au:slm:s883 as top concept of scheme http://urn.fi/URN:NBN:fi:au:slm:s861
INFO: Marking loose concept http://urn.fi/URN:NBN:fi:au:slm:s887 as top concept of scheme http://urn.fi/URN:NBN:fi:au:slm:s861
INFO: Marking loose concept http://urn.fi/URN:NBN:fi:au:slm:s892 as top concept of scheme http://urn.fi/URN:NBN:fi:au:slm:s861
INFO: Marking loose concept http://urn.fi/URN:NBN:fi:au:slm:s90 as top concept of scheme http://urn.fi/URN:NBN:fi:au:slm:s861
INFO: Marking loose concept http://urn.fi/URN:NBN:fi:au:slm:s909 as top concept of scheme http://urn.fi/URN:NBN:fi:au:slm:s861
INFO: Marking loose concept http://urn.fi/URN:NBN:fi:au:slm:s91 as top concept of scheme http://urn.fi/URN:NBN:fi:au:slm:s861
INFO: Marking loose concept http://urn.fi/URN:NBN:fi:au:slm:s913 as top concept of scheme http://urn.fi/URN:NBN:fi:au:slm:s861
INFO: Marking loose concept http://urn.fi/URN:NBN:fi:au:slm:s917 as top concept of scheme http://urn.fi/URN:NBN:fi:au:slm:s861
INFO: Marking loose concept http://urn.fi/URN:NBN:fi:au:slm:s920 as top concept of scheme http://urn.fi/URN:NBN:fi:au:slm:s861
INFO: Marking loose concept http://urn.fi/URN:NBN:fi:au:slm:s922 as top concept of scheme http://urn.fi/URN:NBN:fi:au:slm:s861
INFO: Marking loose concept http://urn.fi/URN:NBN:fi:au:slm:s932 as top concept of scheme http://urn.fi/URN:NBN:fi:au:slm:s861
INFO: Marking loose concept http://urn.fi/URN:NBN:fi:au:slm:s949 as top concept of scheme http://urn.fi/URN:NBN:fi:au:slm:s861
INFO: Marking loose concept http://urn.fi/URN:NBN:fi:au:slm:s955 as top concept of scheme http://urn.fi/URN:NBN:fi:au:slm:s861
INFO: Marking loose concept http://urn.fi/URN:NBN:fi:au:slm:s96 as top concept of scheme http://urn.fi/URN:NBN:fi:au:slm:s861
INFO: Marking loose concept http://urn.fi/URN:NBN:fi:au:slm:s966 as top concept of scheme http://urn.fi/URN:NBN:fi:au:slm:s861
INFO: Marking loose concept http://urn.fi/URN:NBN:fi:au:slm:s967 as top concept of scheme http://urn.fi/URN:NBN:fi:au:slm:s861
INFO: Marking loose concept http://urn.fi/URN:NBN:fi:au:slm:s969 as top concept of scheme http://urn.fi/URN:NBN:fi:au:slm:s861
INFO: Marking loose concept http://urn.fi/URN:NBN:fi:au:slm:s972 as top concept of scheme http://urn.fi/URN:NBN:fi:au:slm:s861
INFO: Marking loose concept http://urn.fi/URN:NBN:fi:au:slm:s973 as top concept of scheme http://urn.fi/URN:NBN:fi:au:slm:s861
WARNING: Concepts http://urn.fi/URN:NBN:fi:au:slm:s1014 and http://urn.fi/URN:NBN:fi:au:slm:s929 connected by both skos:broaderTransitive and skos:related, removing skos:related
WARNING: Concepts http://urn.fi/URN:NBN:fi:au:slm:s1015 and http://urn.fi/URN:NBN:fi:au:slm:s1177 connected by both skos:broaderTransitive and skos:related, removing skos:related
WARNING: Concepts http://urn.fi/URN:NBN:fi:au:slm:s160 and http://urn.fi/URN:NBN:fi:au:slm:s749 connected by both skos:broaderTransitive and skos:related, removing skos:related
WARNING: Concepts http://urn.fi/URN:NBN:fi:au:slm:s162 and http://urn.fi/URN:NBN:fi:au:slm:s1181 connected by both skos:broaderTransitive and skos:related, removing skos:related
WARNING: Concepts http://urn.fi/URN:NBN:fi:au:slm:s162 and http://urn.fi/URN:NBN:fi:au:slm:s168 connected by both skos:broaderTransitive and skos:related, removing skos:related
WARNING: Concepts http://urn.fi/URN:NBN:fi:au:slm:s185 and http://urn.fi/URN:NBN:fi:au:slm:s356 connected by both skos:broaderTransitive and skos:related, removing skos:related
WARNING: Concepts http://urn.fi/URN:NBN:fi:au:slm:s198 and http://urn.fi/URN:NBN:fi:au:slm:s139 connected by both skos:broaderTransitive and skos:related, removing skos:related
WARNING: Concepts http://urn.fi/URN:NBN:fi:au:slm:s227 and http://urn.fi/URN:NBN:fi:au:slm:s1177 connected by both skos:broaderTransitive and skos:related, removing skos:related
WARNING: Concepts http://urn.fi/URN:NBN:fi:au:slm:s454 and http://urn.fi/URN:NBN:fi:au:slm:s930 connected by both skos:broaderTransitive and skos:related, removing skos:related
WARNING: Concepts http://urn.fi/URN:NBN:fi:au:slm:s479 and http://urn.fi/URN:NBN:fi:au:slm:s352 connected by both skos:broaderTransitive and skos:related, removing skos:related
WARNING: Concepts http://urn.fi/URN:NBN:fi:au:slm:s493 and http://urn.fi/URN:NBN:fi:au:slm:s930 connected by both skos:broaderTransitive and skos:related, removing skos:related
WARNING: Concepts http://urn.fi/URN:NBN:fi:au:slm:s670 and http://urn.fi/URN:NBN:fi:au:slm:s875 connected by both skos:broaderTransitive and skos:related, removing skos:related
WARNING: Concepts http://urn.fi/URN:NBN:fi:au:slm:s69 and http://urn.fi/URN:NBN:fi:au:slm:s287 connected by both skos:broaderTransitive and skos:related, removing skos:related
WARNING: Concepts http://urn.fi/URN:NBN:fi:au:slm:s800 and http://urn.fi/URN:NBN:fi:au:slm:s1150 connected by both skos:broaderTransitive and skos:related, removing skos:related
WARNING: Concepts http://urn.fi/URN:NBN:fi:au:slm:s839 and http://urn.fi/URN:NBN:fi:au:slm:s880 connected by both skos:broaderTransitive and skos:related, removing skos:related
WARNING: Concepts http://urn.fi/URN:NBN:fi:au:slm:s868 and http://urn.fi/URN:NBN:fi:au:slm:s929 connected by both skos:broaderTransitive and skos:related, removing skos:related
WARNING: Concepts http://urn.fi/URN:NBN:fi:au:slm:s910 and http://urn.fi/URN:NBN:fi:au:slm:s1181 connected by both skos:broaderTransitive and skos:related, removing skos:related
WARNING: Concepts http://urn.fi/URN:NBN:fi:au:slm:s910 and http://urn.fi/URN:NBN:fi:au:slm:s739 connected by both skos:broaderTransitive and skos:related, removing skos:related
WARNING: Concepts http://urn.fi/URN:NBN:fi:au:slm:s938 and http://urn.fi/URN:NBN:fi:au:slm:s170 connected by both skos:broaderTransitive and skos:related, removing skos:related
WARNING: Concepts http://urn.fi/URN:NBN:fi:au:slm:s94 and http://urn.fi/URN:NBN:fi:au:slm:s1140 connected by both skos:broaderTransitive and skos:related, removing skos:related
WARNING: Concepts http://urn.fi/URN:NBN:fi:au:slm:s997 and http://urn.fi/URN:NBN:fi:au:slm:s520 connected by both skos:broaderTransitive and skos:related, removing skos:related
