WARNING: Failed to convert Literal lexical form to value. Datatype=http://www.w3.org/2001/XMLSchema#date, Converter=<function parse_date at 0x7f7413619700>
Traceback (most recent call last):
  File "/usr/local/virtualenvs/skosify/lib64/python3.9/site-packages/rdflib/term.py", line 2084, in _castLexicalToPython
    return conv_func(lexical)  # type: ignore[arg-type]
  File "/usr/local/virtualenvs/skosify/lib64/python3.9/site-packages/isodate/isodates.py", line 203, in parse_date
    raise ISO8601Error('Unrecognised ISO 8601 date format: %r' % datestring)
isodate.isoerror.ISO8601Error: Unrecognised ISO 8601 date format: '-0001-12-31'
WARNING: Failed to convert Literal lexical form to value. Datatype=http://www.w3.org/2001/XMLSchema#date, Converter=<function parse_date at 0x7f7413619700>
Traceback (most recent call last):
  File "/usr/local/virtualenvs/skosify/lib64/python3.9/site-packages/rdflib/term.py", line 2084, in _castLexicalToPython
    return conv_func(lexical)  # type: ignore[arg-type]
  File "/usr/local/virtualenvs/skosify/lib64/python3.9/site-packages/isodate/isodates.py", line 203, in parse_date
    raise ISO8601Error('Unrecognised ISO 8601 date format: %r' % datestring)
isodate.isoerror.ISO8601Error: Unrecognised ISO 8601 date format: '-0099-01-01'
WARNING: Failed to convert Literal lexical form to value. Datatype=http://www.w3.org/2001/XMLSchema#date, Converter=<function parse_date at 0x7f7413619700>
Traceback (most recent call last):
  File "/usr/local/virtualenvs/skosify/lib64/python3.9/site-packages/rdflib/term.py", line 2084, in _castLexicalToPython
    return conv_func(lexical)  # type: ignore[arg-type]
  File "/usr/local/virtualenvs/skosify/lib64/python3.9/site-packages/isodate/isodates.py", line 203, in parse_date
    raise ISO8601Error('Unrecognised ISO 8601 date format: %r' % datestring)
isodate.isoerror.ISO8601Error: Unrecognised ISO 8601 date format: '-0100-12-31'
WARNING: Failed to convert Literal lexical form to value. Datatype=http://www.w3.org/2001/XMLSchema#date, Converter=<function parse_date at 0x7f7413619700>
Traceback (most recent call last):
  File "/usr/local/virtualenvs/skosify/lib64/python3.9/site-packages/rdflib/term.py", line 2084, in _castLexicalToPython
    return conv_func(lexical)  # type: ignore[arg-type]
  File "/usr/local/virtualenvs/skosify/lib64/python3.9/site-packages/isodate/isodates.py", line 203, in parse_date
    raise ISO8601Error('Unrecognised ISO 8601 date format: %r' % datestring)
isodate.isoerror.ISO8601Error: Unrecognised ISO 8601 date format: '-0199-01-01'
WARNING: Failed to convert Literal lexical form to value. Datatype=http://www.w3.org/2001/XMLSchema#date, Converter=<function parse_date at 0x7f7413619700>
Traceback (most recent call last):
  File "/usr/local/virtualenvs/skosify/lib64/python3.9/site-packages/rdflib/term.py", line 2084, in _castLexicalToPython
    return conv_func(lexical)  # type: ignore[arg-type]
  File "/usr/local/virtualenvs/skosify/lib64/python3.9/site-packages/isodate/isodates.py", line 203, in parse_date
    raise ISO8601Error('Unrecognised ISO 8601 date format: %r' % datestring)
isodate.isoerror.ISO8601Error: Unrecognised ISO 8601 date format: '-0200-12-31'
WARNING: Failed to convert Literal lexical form to value. Datatype=http://www.w3.org/2001/XMLSchema#date, Converter=<function parse_date at 0x7f7413619700>
Traceback (most recent call last):
  File "/usr/local/virtualenvs/skosify/lib64/python3.9/site-packages/rdflib/term.py", line 2084, in _castLexicalToPython
    return conv_func(lexical)  # type: ignore[arg-type]
  File "/usr/local/virtualenvs/skosify/lib64/python3.9/site-packages/isodate/isodates.py", line 203, in parse_date
    raise ISO8601Error('Unrecognised ISO 8601 date format: %r' % datestring)
isodate.isoerror.ISO8601Error: Unrecognised ISO 8601 date format: '-0299-01-01'
WARNING: Failed to convert Literal lexical form to value. Datatype=http://www.w3.org/2001/XMLSchema#date, Converter=<function parse_date at 0x7f7413619700>
Traceback (most recent call last):
  File "/usr/local/virtualenvs/skosify/lib64/python3.9/site-packages/rdflib/term.py", line 2084, in _castLexicalToPython
    return conv_func(lexical)  # type: ignore[arg-type]
  File "/usr/local/virtualenvs/skosify/lib64/python3.9/site-packages/isodate/isodates.py", line 203, in parse_date
    raise ISO8601Error('Unrecognised ISO 8601 date format: %r' % datestring)
isodate.isoerror.ISO8601Error: Unrecognised ISO 8601 date format: '-0300-12-31'
WARNING: Failed to convert Literal lexical form to value. Datatype=http://www.w3.org/2001/XMLSchema#date, Converter=<function parse_date at 0x7f7413619700>
Traceback (most recent call last):
  File "/usr/local/virtualenvs/skosify/lib64/python3.9/site-packages/rdflib/term.py", line 2084, in _castLexicalToPython
    return conv_func(lexical)  # type: ignore[arg-type]
  File "/usr/local/virtualenvs/skosify/lib64/python3.9/site-packages/isodate/isodates.py", line 203, in parse_date
    raise ISO8601Error('Unrecognised ISO 8601 date format: %r' % datestring)
isodate.isoerror.ISO8601Error: Unrecognised ISO 8601 date format: '-0399-01-01'
WARNING: Failed to convert Literal lexical form to value. Datatype=http://www.w3.org/2001/XMLSchema#date, Converter=<function parse_date at 0x7f7413619700>
Traceback (most recent call last):
  File "/usr/local/virtualenvs/skosify/lib64/python3.9/site-packages/rdflib/term.py", line 2084, in _castLexicalToPython
    return conv_func(lexical)  # type: ignore[arg-type]
  File "/usr/local/virtualenvs/skosify/lib64/python3.9/site-packages/isodate/isodates.py", line 203, in parse_date
    raise ISO8601Error('Unrecognised ISO 8601 date format: %r' % datestring)
isodate.isoerror.ISO8601Error: Unrecognised ISO 8601 date format: '-0400-12-31'
WARNING: Failed to convert Literal lexical form to value. Datatype=http://www.w3.org/2001/XMLSchema#date, Converter=<function parse_date at 0x7f7413619700>
Traceback (most recent call last):
  File "/usr/local/virtualenvs/skosify/lib64/python3.9/site-packages/rdflib/term.py", line 2084, in _castLexicalToPython
    return conv_func(lexical)  # type: ignore[arg-type]
  File "/usr/local/virtualenvs/skosify/lib64/python3.9/site-packages/isodate/isodates.py", line 203, in parse_date
    raise ISO8601Error('Unrecognised ISO 8601 date format: %r' % datestring)
isodate.isoerror.ISO8601Error: Unrecognised ISO 8601 date format: '-0499-01-01'
WARNING: Failed to convert Literal lexical form to value. Datatype=http://www.w3.org/2001/XMLSchema#date, Converter=<function parse_date at 0x7f7413619700>
Traceback (most recent call last):
  File "/usr/local/virtualenvs/skosify/lib64/python3.9/site-packages/rdflib/term.py", line 2084, in _castLexicalToPython
    return conv_func(lexical)  # type: ignore[arg-type]
  File "/usr/local/virtualenvs/skosify/lib64/python3.9/site-packages/isodate/isodates.py", line 203, in parse_date
    raise ISO8601Error('Unrecognised ISO 8601 date format: %r' % datestring)
isodate.isoerror.ISO8601Error: Unrecognised ISO 8601 date format: '-0500-12-31'
WARNING: Failed to convert Literal lexical form to value. Datatype=http://www.w3.org/2001/XMLSchema#date, Converter=<function parse_date at 0x7f7413619700>
Traceback (most recent call last):
  File "/usr/local/virtualenvs/skosify/lib64/python3.9/site-packages/rdflib/term.py", line 2084, in _castLexicalToPython
    return conv_func(lexical)  # type: ignore[arg-type]
  File "/usr/local/virtualenvs/skosify/lib64/python3.9/site-packages/isodate/isodates.py", line 203, in parse_date
    raise ISO8601Error('Unrecognised ISO 8601 date format: %r' % datestring)
isodate.isoerror.ISO8601Error: Unrecognised ISO 8601 date format: '-0599-01-01'
WARNING: Failed to convert Literal lexical form to value. Datatype=http://www.w3.org/2001/XMLSchema#date, Converter=<function parse_date at 0x7f7413619700>
Traceback (most recent call last):
  File "/usr/local/virtualenvs/skosify/lib64/python3.9/site-packages/rdflib/term.py", line 2084, in _castLexicalToPython
    return conv_func(lexical)  # type: ignore[arg-type]
  File "/usr/local/virtualenvs/skosify/lib64/python3.9/site-packages/isodate/isodates.py", line 203, in parse_date
    raise ISO8601Error('Unrecognised ISO 8601 date format: %r' % datestring)
isodate.isoerror.ISO8601Error: Unrecognised ISO 8601 date format: '-0600-12-31'
WARNING: Failed to convert Literal lexical form to value. Datatype=http://www.w3.org/2001/XMLSchema#date, Converter=<function parse_date at 0x7f7413619700>
Traceback (most recent call last):
  File "/usr/local/virtualenvs/skosify/lib64/python3.9/site-packages/rdflib/term.py", line 2084, in _castLexicalToPython
    return conv_func(lexical)  # type: ignore[arg-type]
  File "/usr/local/virtualenvs/skosify/lib64/python3.9/site-packages/isodate/isodates.py", line 203, in parse_date
    raise ISO8601Error('Unrecognised ISO 8601 date format: %r' % datestring)
isodate.isoerror.ISO8601Error: Unrecognised ISO 8601 date format: '-0699-01-01'
WARNING: Failed to convert Literal lexical form to value. Datatype=http://www.w3.org/2001/XMLSchema#date, Converter=<function parse_date at 0x7f7413619700>
Traceback (most recent call last):
  File "/usr/local/virtualenvs/skosify/lib64/python3.9/site-packages/rdflib/term.py", line 2084, in _castLexicalToPython
    return conv_func(lexical)  # type: ignore[arg-type]
  File "/usr/local/virtualenvs/skosify/lib64/python3.9/site-packages/isodate/isodates.py", line 203, in parse_date
    raise ISO8601Error('Unrecognised ISO 8601 date format: %r' % datestring)
isodate.isoerror.ISO8601Error: Unrecognised ISO 8601 date format: '-0700-12-31'
WARNING: Failed to convert Literal lexical form to value. Datatype=http://www.w3.org/2001/XMLSchema#date, Converter=<function parse_date at 0x7f7413619700>
Traceback (most recent call last):
  File "/usr/local/virtualenvs/skosify/lib64/python3.9/site-packages/rdflib/term.py", line 2084, in _castLexicalToPython
    return conv_func(lexical)  # type: ignore[arg-type]
  File "/usr/local/virtualenvs/skosify/lib64/python3.9/site-packages/isodate/isodates.py", line 203, in parse_date
    raise ISO8601Error('Unrecognised ISO 8601 date format: %r' % datestring)
isodate.isoerror.ISO8601Error: Unrecognised ISO 8601 date format: '-0799-01-01'
WARNING: Failed to convert Literal lexical form to value. Datatype=http://www.w3.org/2001/XMLSchema#date, Converter=<function parse_date at 0x7f7413619700>
Traceback (most recent call last):
  File "/usr/local/virtualenvs/skosify/lib64/python3.9/site-packages/rdflib/term.py", line 2084, in _castLexicalToPython
    return conv_func(lexical)  # type: ignore[arg-type]
  File "/usr/local/virtualenvs/skosify/lib64/python3.9/site-packages/isodate/isodates.py", line 203, in parse_date
    raise ISO8601Error('Unrecognised ISO 8601 date format: %r' % datestring)
isodate.isoerror.ISO8601Error: Unrecognised ISO 8601 date format: '-0800-12-31'
WARNING: Failed to convert Literal lexical form to value. Datatype=http://www.w3.org/2001/XMLSchema#date, Converter=<function parse_date at 0x7f7413619700>
Traceback (most recent call last):
  File "/usr/local/virtualenvs/skosify/lib64/python3.9/site-packages/rdflib/term.py", line 2084, in _castLexicalToPython
    return conv_func(lexical)  # type: ignore[arg-type]
  File "/usr/local/virtualenvs/skosify/lib64/python3.9/site-packages/isodate/isodates.py", line 203, in parse_date
    raise ISO8601Error('Unrecognised ISO 8601 date format: %r' % datestring)
isodate.isoerror.ISO8601Error: Unrecognised ISO 8601 date format: '-0899-01-01'
WARNING: Failed to convert Literal lexical form to value. Datatype=http://www.w3.org/2001/XMLSchema#date, Converter=<function parse_date at 0x7f7413619700>
Traceback (most recent call last):
  File "/usr/local/virtualenvs/skosify/lib64/python3.9/site-packages/rdflib/term.py", line 2084, in _castLexicalToPython
    return conv_func(lexical)  # type: ignore[arg-type]
  File "/usr/local/virtualenvs/skosify/lib64/python3.9/site-packages/isodate/isodates.py", line 203, in parse_date
    raise ISO8601Error('Unrecognised ISO 8601 date format: %r' % datestring)
isodate.isoerror.ISO8601Error: Unrecognised ISO 8601 date format: '-0001-12-31'
WARNING: Failed to convert Literal lexical form to value. Datatype=http://www.w3.org/2001/XMLSchema#date, Converter=<function parse_date at 0x7f7413619700>
Traceback (most recent call last):
  File "/usr/local/virtualenvs/skosify/lib64/python3.9/site-packages/rdflib/term.py", line 2084, in _castLexicalToPython
    return conv_func(lexical)  # type: ignore[arg-type]
  File "/usr/local/virtualenvs/skosify/lib64/python3.9/site-packages/isodate/isodates.py", line 203, in parse_date
    raise ISO8601Error('Unrecognised ISO 8601 date format: %r' % datestring)
isodate.isoerror.ISO8601Error: Unrecognised ISO 8601 date format: '-0999-01-01'
WARNING: Failed to convert Literal lexical form to value. Datatype=http://www.w3.org/2001/XMLSchema#date, Converter=<function parse_date at 0x7f7413619700>
Traceback (most recent call last):
  File "/usr/local/virtualenvs/skosify/lib64/python3.9/site-packages/rdflib/term.py", line 2084, in _castLexicalToPython
    return conv_func(lexical)  # type: ignore[arg-type]
  File "/usr/local/virtualenvs/skosify/lib64/python3.9/site-packages/isodate/isodates.py", line 203, in parse_date
    raise ISO8601Error('Unrecognised ISO 8601 date format: %r' % datestring)
isodate.isoerror.ISO8601Error: Unrecognised ISO 8601 date format: '-0900-12-31'
WARNING: Failed to convert Literal lexical form to value. Datatype=http://www.w3.org/2001/XMLSchema#date, Converter=<function parse_date at 0x7f7413619700>
Traceback (most recent call last):
  File "/usr/local/virtualenvs/skosify/lib64/python3.9/site-packages/rdflib/term.py", line 2084, in _castLexicalToPython
    return conv_func(lexical)  # type: ignore[arg-type]
  File "/usr/local/virtualenvs/skosify/lib64/python3.9/site-packages/isodate/isodates.py", line 203, in parse_date
    raise ISO8601Error('Unrecognised ISO 8601 date format: %r' % datestring)
isodate.isoerror.ISO8601Error: Unrecognised ISO 8601 date format: '-0999-01-01'
WARNING: Failed to convert Literal lexical form to value. Datatype=http://www.w3.org/2001/XMLSchema#date, Converter=<function parse_date at 0x7f7413619700>
Traceback (most recent call last):
  File "/usr/local/virtualenvs/skosify/lib64/python3.9/site-packages/rdflib/term.py", line 2084, in _castLexicalToPython
    return conv_func(lexical)  # type: ignore[arg-type]
  File "/usr/local/virtualenvs/skosify/lib64/python3.9/site-packages/isodate/isodates.py", line 203, in parse_date
    raise ISO8601Error('Unrecognised ISO 8601 date format: %r' % datestring)
isodate.isoerror.ISO8601Error: Unrecognised ISO 8601 date format: '-1000-12-31'
WARNING: Failed to convert Literal lexical form to value. Datatype=http://www.w3.org/2001/XMLSchema#date, Converter=<function parse_date at 0x7f7413619700>
Traceback (most recent call last):
  File "/usr/local/virtualenvs/skosify/lib64/python3.9/site-packages/rdflib/term.py", line 2084, in _castLexicalToPython
    return conv_func(lexical)  # type: ignore[arg-type]
  File "/usr/local/virtualenvs/skosify/lib64/python3.9/site-packages/isodate/isodates.py", line 203, in parse_date
    raise ISO8601Error('Unrecognised ISO 8601 date format: %r' % datestring)
isodate.isoerror.ISO8601Error: Unrecognised ISO 8601 date format: '-1099-01-01'
WARNING: Failed to convert Literal lexical form to value. Datatype=http://www.w3.org/2001/XMLSchema#date, Converter=<function parse_date at 0x7f7413619700>
Traceback (most recent call last):
  File "/usr/local/virtualenvs/skosify/lib64/python3.9/site-packages/rdflib/term.py", line 2084, in _castLexicalToPython
    return conv_func(lexical)  # type: ignore[arg-type]
  File "/usr/local/virtualenvs/skosify/lib64/python3.9/site-packages/isodate/isodates.py", line 203, in parse_date
    raise ISO8601Error('Unrecognised ISO 8601 date format: %r' % datestring)
isodate.isoerror.ISO8601Error: Unrecognised ISO 8601 date format: '-1100-12-31'
WARNING: Failed to convert Literal lexical form to value. Datatype=http://www.w3.org/2001/XMLSchema#date, Converter=<function parse_date at 0x7f7413619700>
Traceback (most recent call last):
  File "/usr/local/virtualenvs/skosify/lib64/python3.9/site-packages/rdflib/term.py", line 2084, in _castLexicalToPython
    return conv_func(lexical)  # type: ignore[arg-type]
  File "/usr/local/virtualenvs/skosify/lib64/python3.9/site-packages/isodate/isodates.py", line 203, in parse_date
    raise ISO8601Error('Unrecognised ISO 8601 date format: %r' % datestring)
isodate.isoerror.ISO8601Error: Unrecognised ISO 8601 date format: '-1199-01-01'
WARNING: Failed to convert Literal lexical form to value. Datatype=http://www.w3.org/2001/XMLSchema#date, Converter=<function parse_date at 0x7f7413619700>
Traceback (most recent call last):
  File "/usr/local/virtualenvs/skosify/lib64/python3.9/site-packages/rdflib/term.py", line 2084, in _castLexicalToPython
    return conv_func(lexical)  # type: ignore[arg-type]
  File "/usr/local/virtualenvs/skosify/lib64/python3.9/site-packages/isodate/isodates.py", line 203, in parse_date
    raise ISO8601Error('Unrecognised ISO 8601 date format: %r' % datestring)
isodate.isoerror.ISO8601Error: Unrecognised ISO 8601 date format: '-1200-12-31'
WARNING: Failed to convert Literal lexical form to value. Datatype=http://www.w3.org/2001/XMLSchema#date, Converter=<function parse_date at 0x7f7413619700>
Traceback (most recent call last):
  File "/usr/local/virtualenvs/skosify/lib64/python3.9/site-packages/rdflib/term.py", line 2084, in _castLexicalToPython
    return conv_func(lexical)  # type: ignore[arg-type]
  File "/usr/local/virtualenvs/skosify/lib64/python3.9/site-packages/isodate/isodates.py", line 203, in parse_date
    raise ISO8601Error('Unrecognised ISO 8601 date format: %r' % datestring)
isodate.isoerror.ISO8601Error: Unrecognised ISO 8601 date format: '-1299-01-01'
WARNING: Failed to convert Literal lexical form to value. Datatype=http://www.w3.org/2001/XMLSchema#date, Converter=<function parse_date at 0x7f7413619700>
Traceback (most recent call last):
  File "/usr/local/virtualenvs/skosify/lib64/python3.9/site-packages/rdflib/term.py", line 2084, in _castLexicalToPython
    return conv_func(lexical)  # type: ignore[arg-type]
  File "/usr/local/virtualenvs/skosify/lib64/python3.9/site-packages/isodate/isodates.py", line 203, in parse_date
    raise ISO8601Error('Unrecognised ISO 8601 date format: %r' % datestring)
isodate.isoerror.ISO8601Error: Unrecognised ISO 8601 date format: '-1300-12-31'
WARNING: Failed to convert Literal lexical form to value. Datatype=http://www.w3.org/2001/XMLSchema#date, Converter=<function parse_date at 0x7f7413619700>
Traceback (most recent call last):
  File "/usr/local/virtualenvs/skosify/lib64/python3.9/site-packages/rdflib/term.py", line 2084, in _castLexicalToPython
    return conv_func(lexical)  # type: ignore[arg-type]
  File "/usr/local/virtualenvs/skosify/lib64/python3.9/site-packages/isodate/isodates.py", line 203, in parse_date
    raise ISO8601Error('Unrecognised ISO 8601 date format: %r' % datestring)
isodate.isoerror.ISO8601Error: Unrecognised ISO 8601 date format: '-1399-01-01'
WARNING: Failed to convert Literal lexical form to value. Datatype=http://www.w3.org/2001/XMLSchema#date, Converter=<function parse_date at 0x7f7413619700>
Traceback (most recent call last):
  File "/usr/local/virtualenvs/skosify/lib64/python3.9/site-packages/rdflib/term.py", line 2084, in _castLexicalToPython
    return conv_func(lexical)  # type: ignore[arg-type]
  File "/usr/local/virtualenvs/skosify/lib64/python3.9/site-packages/isodate/isodates.py", line 203, in parse_date
    raise ISO8601Error('Unrecognised ISO 8601 date format: %r' % datestring)
isodate.isoerror.ISO8601Error: Unrecognised ISO 8601 date format: '-1400-12-31'
WARNING: Failed to convert Literal lexical form to value. Datatype=http://www.w3.org/2001/XMLSchema#date, Converter=<function parse_date at 0x7f7413619700>
Traceback (most recent call last):
  File "/usr/local/virtualenvs/skosify/lib64/python3.9/site-packages/rdflib/term.py", line 2084, in _castLexicalToPython
    return conv_func(lexical)  # type: ignore[arg-type]
  File "/usr/local/virtualenvs/skosify/lib64/python3.9/site-packages/isodate/isodates.py", line 203, in parse_date
    raise ISO8601Error('Unrecognised ISO 8601 date format: %r' % datestring)
isodate.isoerror.ISO8601Error: Unrecognised ISO 8601 date format: '-1499-01-01'
WARNING: Failed to convert Literal lexical form to value. Datatype=http://www.w3.org/2001/XMLSchema#date, Converter=<function parse_date at 0x7f7413619700>
Traceback (most recent call last):
  File "/usr/local/virtualenvs/skosify/lib64/python3.9/site-packages/rdflib/term.py", line 2084, in _castLexicalToPython
    return conv_func(lexical)  # type: ignore[arg-type]
  File "/usr/local/virtualenvs/skosify/lib64/python3.9/site-packages/isodate/isodates.py", line 203, in parse_date
    raise ISO8601Error('Unrecognised ISO 8601 date format: %r' % datestring)
isodate.isoerror.ISO8601Error: Unrecognised ISO 8601 date format: '-1500-12-31'
WARNING: Failed to convert Literal lexical form to value. Datatype=http://www.w3.org/2001/XMLSchema#date, Converter=<function parse_date at 0x7f7413619700>
Traceback (most recent call last):
  File "/usr/local/virtualenvs/skosify/lib64/python3.9/site-packages/rdflib/term.py", line 2084, in _castLexicalToPython
    return conv_func(lexical)  # type: ignore[arg-type]
  File "/usr/local/virtualenvs/skosify/lib64/python3.9/site-packages/isodate/isodates.py", line 203, in parse_date
    raise ISO8601Error('Unrecognised ISO 8601 date format: %r' % datestring)
isodate.isoerror.ISO8601Error: Unrecognised ISO 8601 date format: '-1599-01-01'
WARNING: Failed to convert Literal lexical form to value. Datatype=http://www.w3.org/2001/XMLSchema#date, Converter=<function parse_date at 0x7f7413619700>
Traceback (most recent call last):
  File "/usr/local/virtualenvs/skosify/lib64/python3.9/site-packages/rdflib/term.py", line 2084, in _castLexicalToPython
    return conv_func(lexical)  # type: ignore[arg-type]
  File "/usr/local/virtualenvs/skosify/lib64/python3.9/site-packages/isodate/isodates.py", line 203, in parse_date
    raise ISO8601Error('Unrecognised ISO 8601 date format: %r' % datestring)
isodate.isoerror.ISO8601Error: Unrecognised ISO 8601 date format: '-1600-12-31'
WARNING: Failed to convert Literal lexical form to value. Datatype=http://www.w3.org/2001/XMLSchema#date, Converter=<function parse_date at 0x7f7413619700>
Traceback (most recent call last):
  File "/usr/local/virtualenvs/skosify/lib64/python3.9/site-packages/rdflib/term.py", line 2084, in _castLexicalToPython
    return conv_func(lexical)  # type: ignore[arg-type]
  File "/usr/local/virtualenvs/skosify/lib64/python3.9/site-packages/isodate/isodates.py", line 203, in parse_date
    raise ISO8601Error('Unrecognised ISO 8601 date format: %r' % datestring)
isodate.isoerror.ISO8601Error: Unrecognised ISO 8601 date format: '-1699-01-01'
WARNING: Failed to convert Literal lexical form to value. Datatype=http://www.w3.org/2001/XMLSchema#date, Converter=<function parse_date at 0x7f7413619700>
Traceback (most recent call last):
  File "/usr/local/virtualenvs/skosify/lib64/python3.9/site-packages/rdflib/term.py", line 2084, in _castLexicalToPython
    return conv_func(lexical)  # type: ignore[arg-type]
  File "/usr/local/virtualenvs/skosify/lib64/python3.9/site-packages/isodate/isodates.py", line 203, in parse_date
    raise ISO8601Error('Unrecognised ISO 8601 date format: %r' % datestring)
isodate.isoerror.ISO8601Error: Unrecognised ISO 8601 date format: '-1700-12-31'
WARNING: Failed to convert Literal lexical form to value. Datatype=http://www.w3.org/2001/XMLSchema#date, Converter=<function parse_date at 0x7f7413619700>
Traceback (most recent call last):
  File "/usr/local/virtualenvs/skosify/lib64/python3.9/site-packages/rdflib/term.py", line 2084, in _castLexicalToPython
    return conv_func(lexical)  # type: ignore[arg-type]
  File "/usr/local/virtualenvs/skosify/lib64/python3.9/site-packages/isodate/isodates.py", line 203, in parse_date
    raise ISO8601Error('Unrecognised ISO 8601 date format: %r' % datestring)
isodate.isoerror.ISO8601Error: Unrecognised ISO 8601 date format: '-1799-01-01'
WARNING: Failed to convert Literal lexical form to value. Datatype=http://www.w3.org/2001/XMLSchema#date, Converter=<function parse_date at 0x7f7413619700>
Traceback (most recent call last):
  File "/usr/local/virtualenvs/skosify/lib64/python3.9/site-packages/rdflib/term.py", line 2084, in _castLexicalToPython
    return conv_func(lexical)  # type: ignore[arg-type]
  File "/usr/local/virtualenvs/skosify/lib64/python3.9/site-packages/isodate/isodates.py", line 203, in parse_date
    raise ISO8601Error('Unrecognised ISO 8601 date format: %r' % datestring)
isodate.isoerror.ISO8601Error: Unrecognised ISO 8601 date format: '-1800-12-31'
WARNING: Failed to convert Literal lexical form to value. Datatype=http://www.w3.org/2001/XMLSchema#date, Converter=<function parse_date at 0x7f7413619700>
Traceback (most recent call last):
  File "/usr/local/virtualenvs/skosify/lib64/python3.9/site-packages/rdflib/term.py", line 2084, in _castLexicalToPython
    return conv_func(lexical)  # type: ignore[arg-type]
  File "/usr/local/virtualenvs/skosify/lib64/python3.9/site-packages/isodate/isodates.py", line 203, in parse_date
    raise ISO8601Error('Unrecognised ISO 8601 date format: %r' % datestring)
isodate.isoerror.ISO8601Error: Unrecognised ISO 8601 date format: '-1899-01-01'
WARNING: Failed to convert Literal lexical form to value. Datatype=http://www.w3.org/2001/XMLSchema#date, Converter=<function parse_date at 0x7f7413619700>
Traceback (most recent call last):
  File "/usr/local/virtualenvs/skosify/lib64/python3.9/site-packages/rdflib/term.py", line 2084, in _castLexicalToPython
    return conv_func(lexical)  # type: ignore[arg-type]
  File "/usr/local/virtualenvs/skosify/lib64/python3.9/site-packages/isodate/isodates.py", line 203, in parse_date
    raise ISO8601Error('Unrecognised ISO 8601 date format: %r' % datestring)
isodate.isoerror.ISO8601Error: Unrecognised ISO 8601 date format: '-1000-12-31'
WARNING: Failed to convert Literal lexical form to value. Datatype=http://www.w3.org/2001/XMLSchema#date, Converter=<function parse_date at 0x7f7413619700>
Traceback (most recent call last):
  File "/usr/local/virtualenvs/skosify/lib64/python3.9/site-packages/rdflib/term.py", line 2084, in _castLexicalToPython
    return conv_func(lexical)  # type: ignore[arg-type]
  File "/usr/local/virtualenvs/skosify/lib64/python3.9/site-packages/isodate/isodates.py", line 203, in parse_date
    raise ISO8601Error('Unrecognised ISO 8601 date format: %r' % datestring)
isodate.isoerror.ISO8601Error: Unrecognised ISO 8601 date format: '-1999-01-01'
WARNING: Failed to convert Literal lexical form to value. Datatype=http://www.w3.org/2001/XMLSchema#date, Converter=<function parse_date at 0x7f7413619700>
Traceback (most recent call last):
  File "/usr/local/virtualenvs/skosify/lib64/python3.9/site-packages/rdflib/term.py", line 2084, in _castLexicalToPython
    return conv_func(lexical)  # type: ignore[arg-type]
  File "/usr/local/virtualenvs/skosify/lib64/python3.9/site-packages/isodate/isodates.py", line 203, in parse_date
    raise ISO8601Error('Unrecognised ISO 8601 date format: %r' % datestring)
isodate.isoerror.ISO8601Error: Unrecognised ISO 8601 date format: '-1900-12-31'
WARNING: Failed to convert Literal lexical form to value. Datatype=http://www.w3.org/2001/XMLSchema#date, Converter=<function parse_date at 0x7f7413619700>
Traceback (most recent call last):
  File "/usr/local/virtualenvs/skosify/lib64/python3.9/site-packages/rdflib/term.py", line 2084, in _castLexicalToPython
    return conv_func(lexical)  # type: ignore[arg-type]
  File "/usr/local/virtualenvs/skosify/lib64/python3.9/site-packages/isodate/isodates.py", line 203, in parse_date
    raise ISO8601Error('Unrecognised ISO 8601 date format: %r' % datestring)
isodate.isoerror.ISO8601Error: Unrecognised ISO 8601 date format: '-1999-01-01'
WARNING: Failed to convert Literal lexical form to value. Datatype=http://www.w3.org/2001/XMLSchema#date, Converter=<function parse_date at 0x7f7413619700>
Traceback (most recent call last):
  File "/usr/local/virtualenvs/skosify/lib64/python3.9/site-packages/rdflib/term.py", line 2084, in _castLexicalToPython
    return conv_func(lexical)  # type: ignore[arg-type]
  File "/usr/local/virtualenvs/skosify/lib64/python3.9/site-packages/isodate/isodates.py", line 203, in parse_date
    raise ISO8601Error('Unrecognised ISO 8601 date format: %r' % datestring)
isodate.isoerror.ISO8601Error: Unrecognised ISO 8601 date format: '-2000-12-31'
WARNING: Failed to convert Literal lexical form to value. Datatype=http://www.w3.org/2001/XMLSchema#date, Converter=<function parse_date at 0x7f7413619700>
Traceback (most recent call last):
  File "/usr/local/virtualenvs/skosify/lib64/python3.9/site-packages/rdflib/term.py", line 2084, in _castLexicalToPython
    return conv_func(lexical)  # type: ignore[arg-type]
  File "/usr/local/virtualenvs/skosify/lib64/python3.9/site-packages/isodate/isodates.py", line 203, in parse_date
    raise ISO8601Error('Unrecognised ISO 8601 date format: %r' % datestring)
isodate.isoerror.ISO8601Error: Unrecognised ISO 8601 date format: '-2099-01-01'
WARNING: Failed to convert Literal lexical form to value. Datatype=http://www.w3.org/2001/XMLSchema#date, Converter=<function parse_date at 0x7f7413619700>
Traceback (most recent call last):
  File "/usr/local/virtualenvs/skosify/lib64/python3.9/site-packages/rdflib/term.py", line 2084, in _castLexicalToPython
    return conv_func(lexical)  # type: ignore[arg-type]
  File "/usr/local/virtualenvs/skosify/lib64/python3.9/site-packages/isodate/isodates.py", line 203, in parse_date
    raise ISO8601Error('Unrecognised ISO 8601 date format: %r' % datestring)
isodate.isoerror.ISO8601Error: Unrecognised ISO 8601 date format: '-2100-12-31'
WARNING: Failed to convert Literal lexical form to value. Datatype=http://www.w3.org/2001/XMLSchema#date, Converter=<function parse_date at 0x7f7413619700>
Traceback (most recent call last):
  File "/usr/local/virtualenvs/skosify/lib64/python3.9/site-packages/rdflib/term.py", line 2084, in _castLexicalToPython
    return conv_func(lexical)  # type: ignore[arg-type]
  File "/usr/local/virtualenvs/skosify/lib64/python3.9/site-packages/isodate/isodates.py", line 203, in parse_date
    raise ISO8601Error('Unrecognised ISO 8601 date format: %r' % datestring)
isodate.isoerror.ISO8601Error: Unrecognised ISO 8601 date format: '-2199-01-01'
WARNING: Failed to convert Literal lexical form to value. Datatype=http://www.w3.org/2001/XMLSchema#date, Converter=<function parse_date at 0x7f7413619700>
Traceback (most recent call last):
  File "/usr/local/virtualenvs/skosify/lib64/python3.9/site-packages/rdflib/term.py", line 2084, in _castLexicalToPython
    return conv_func(lexical)  # type: ignore[arg-type]
  File "/usr/local/virtualenvs/skosify/lib64/python3.9/site-packages/isodate/isodates.py", line 203, in parse_date
    raise ISO8601Error('Unrecognised ISO 8601 date format: %r' % datestring)
isodate.isoerror.ISO8601Error: Unrecognised ISO 8601 date format: '-2200-12-31'
WARNING: Failed to convert Literal lexical form to value. Datatype=http://www.w3.org/2001/XMLSchema#date, Converter=<function parse_date at 0x7f7413619700>
Traceback (most recent call last):
  File "/usr/local/virtualenvs/skosify/lib64/python3.9/site-packages/rdflib/term.py", line 2084, in _castLexicalToPython
    return conv_func(lexical)  # type: ignore[arg-type]
  File "/usr/local/virtualenvs/skosify/lib64/python3.9/site-packages/isodate/isodates.py", line 203, in parse_date
    raise ISO8601Error('Unrecognised ISO 8601 date format: %r' % datestring)
isodate.isoerror.ISO8601Error: Unrecognised ISO 8601 date format: '-2299-01-01'
WARNING: Failed to convert Literal lexical form to value. Datatype=http://www.w3.org/2001/XMLSchema#date, Converter=<function parse_date at 0x7f7413619700>
Traceback (most recent call last):
  File "/usr/local/virtualenvs/skosify/lib64/python3.9/site-packages/rdflib/term.py", line 2084, in _castLexicalToPython
    return conv_func(lexical)  # type: ignore[arg-type]
  File "/usr/local/virtualenvs/skosify/lib64/python3.9/site-packages/isodate/isodates.py", line 203, in parse_date
    raise ISO8601Error('Unrecognised ISO 8601 date format: %r' % datestring)
isodate.isoerror.ISO8601Error: Unrecognised ISO 8601 date format: '-2300-12-31'
WARNING: Failed to convert Literal lexical form to value. Datatype=http://www.w3.org/2001/XMLSchema#date, Converter=<function parse_date at 0x7f7413619700>
Traceback (most recent call last):
  File "/usr/local/virtualenvs/skosify/lib64/python3.9/site-packages/rdflib/term.py", line 2084, in _castLexicalToPython
    return conv_func(lexical)  # type: ignore[arg-type]
  File "/usr/local/virtualenvs/skosify/lib64/python3.9/site-packages/isodate/isodates.py", line 203, in parse_date
    raise ISO8601Error('Unrecognised ISO 8601 date format: %r' % datestring)
isodate.isoerror.ISO8601Error: Unrecognised ISO 8601 date format: '-2399-01-01'
WARNING: Failed to convert Literal lexical form to value. Datatype=http://www.w3.org/2001/XMLSchema#date, Converter=<function parse_date at 0x7f7413619700>
Traceback (most recent call last):
  File "/usr/local/virtualenvs/skosify/lib64/python3.9/site-packages/rdflib/term.py", line 2084, in _castLexicalToPython
    return conv_func(lexical)  # type: ignore[arg-type]
  File "/usr/local/virtualenvs/skosify/lib64/python3.9/site-packages/isodate/isodates.py", line 203, in parse_date
    raise ISO8601Error('Unrecognised ISO 8601 date format: %r' % datestring)
isodate.isoerror.ISO8601Error: Unrecognised ISO 8601 date format: '-2400-12-31'
WARNING: Failed to convert Literal lexical form to value. Datatype=http://www.w3.org/2001/XMLSchema#date, Converter=<function parse_date at 0x7f7413619700>
Traceback (most recent call last):
  File "/usr/local/virtualenvs/skosify/lib64/python3.9/site-packages/rdflib/term.py", line 2084, in _castLexicalToPython
    return conv_func(lexical)  # type: ignore[arg-type]
  File "/usr/local/virtualenvs/skosify/lib64/python3.9/site-packages/isodate/isodates.py", line 203, in parse_date
    raise ISO8601Error('Unrecognised ISO 8601 date format: %r' % datestring)
isodate.isoerror.ISO8601Error: Unrecognised ISO 8601 date format: '-2499-01-01'
WARNING: Failed to convert Literal lexical form to value. Datatype=http://www.w3.org/2001/XMLSchema#date, Converter=<function parse_date at 0x7f7413619700>
Traceback (most recent call last):
  File "/usr/local/virtualenvs/skosify/lib64/python3.9/site-packages/rdflib/term.py", line 2084, in _castLexicalToPython
    return conv_func(lexical)  # type: ignore[arg-type]
  File "/usr/local/virtualenvs/skosify/lib64/python3.9/site-packages/isodate/isodates.py", line 203, in parse_date
    raise ISO8601Error('Unrecognised ISO 8601 date format: %r' % datestring)
isodate.isoerror.ISO8601Error: Unrecognised ISO 8601 date format: '-2500-12-31'
WARNING: Failed to convert Literal lexical form to value. Datatype=http://www.w3.org/2001/XMLSchema#date, Converter=<function parse_date at 0x7f7413619700>
Traceback (most recent call last):
  File "/usr/local/virtualenvs/skosify/lib64/python3.9/site-packages/rdflib/term.py", line 2084, in _castLexicalToPython
    return conv_func(lexical)  # type: ignore[arg-type]
  File "/usr/local/virtualenvs/skosify/lib64/python3.9/site-packages/isodate/isodates.py", line 203, in parse_date
    raise ISO8601Error('Unrecognised ISO 8601 date format: %r' % datestring)
isodate.isoerror.ISO8601Error: Unrecognised ISO 8601 date format: '-2599-01-01'
WARNING: Failed to convert Literal lexical form to value. Datatype=http://www.w3.org/2001/XMLSchema#date, Converter=<function parse_date at 0x7f7413619700>
Traceback (most recent call last):
  File "/usr/local/virtualenvs/skosify/lib64/python3.9/site-packages/rdflib/term.py", line 2084, in _castLexicalToPython
    return conv_func(lexical)  # type: ignore[arg-type]
  File "/usr/local/virtualenvs/skosify/lib64/python3.9/site-packages/isodate/isodates.py", line 203, in parse_date
    raise ISO8601Error('Unrecognised ISO 8601 date format: %r' % datestring)
isodate.isoerror.ISO8601Error: Unrecognised ISO 8601 date format: '-2600-12-31'
WARNING: Failed to convert Literal lexical form to value. Datatype=http://www.w3.org/2001/XMLSchema#date, Converter=<function parse_date at 0x7f7413619700>
Traceback (most recent call last):
  File "/usr/local/virtualenvs/skosify/lib64/python3.9/site-packages/rdflib/term.py", line 2084, in _castLexicalToPython
    return conv_func(lexical)  # type: ignore[arg-type]
  File "/usr/local/virtualenvs/skosify/lib64/python3.9/site-packages/isodate/isodates.py", line 203, in parse_date
    raise ISO8601Error('Unrecognised ISO 8601 date format: %r' % datestring)
isodate.isoerror.ISO8601Error: Unrecognised ISO 8601 date format: '-2699-01-01'
WARNING: Failed to convert Literal lexical form to value. Datatype=http://www.w3.org/2001/XMLSchema#date, Converter=<function parse_date at 0x7f7413619700>
Traceback (most recent call last):
  File "/usr/local/virtualenvs/skosify/lib64/python3.9/site-packages/rdflib/term.py", line 2084, in _castLexicalToPython
    return conv_func(lexical)  # type: ignore[arg-type]
  File "/usr/local/virtualenvs/skosify/lib64/python3.9/site-packages/isodate/isodates.py", line 203, in parse_date
    raise ISO8601Error('Unrecognised ISO 8601 date format: %r' % datestring)
isodate.isoerror.ISO8601Error: Unrecognised ISO 8601 date format: '-2700-12-31'
WARNING: Failed to convert Literal lexical form to value. Datatype=http://www.w3.org/2001/XMLSchema#date, Converter=<function parse_date at 0x7f7413619700>
Traceback (most recent call last):
  File "/usr/local/virtualenvs/skosify/lib64/python3.9/site-packages/rdflib/term.py", line 2084, in _castLexicalToPython
    return conv_func(lexical)  # type: ignore[arg-type]
  File "/usr/local/virtualenvs/skosify/lib64/python3.9/site-packages/isodate/isodates.py", line 203, in parse_date
    raise ISO8601Error('Unrecognised ISO 8601 date format: %r' % datestring)
isodate.isoerror.ISO8601Error: Unrecognised ISO 8601 date format: '-2799-01-01'
WARNING: Failed to convert Literal lexical form to value. Datatype=http://www.w3.org/2001/XMLSchema#date, Converter=<function parse_date at 0x7f7413619700>
Traceback (most recent call last):
  File "/usr/local/virtualenvs/skosify/lib64/python3.9/site-packages/rdflib/term.py", line 2084, in _castLexicalToPython
    return conv_func(lexical)  # type: ignore[arg-type]
  File "/usr/local/virtualenvs/skosify/lib64/python3.9/site-packages/isodate/isodates.py", line 203, in parse_date
    raise ISO8601Error('Unrecognised ISO 8601 date format: %r' % datestring)
isodate.isoerror.ISO8601Error: Unrecognised ISO 8601 date format: '-2800-12-31'
WARNING: Failed to convert Literal lexical form to value. Datatype=http://www.w3.org/2001/XMLSchema#date, Converter=<function parse_date at 0x7f7413619700>
Traceback (most recent call last):
  File "/usr/local/virtualenvs/skosify/lib64/python3.9/site-packages/rdflib/term.py", line 2084, in _castLexicalToPython
    return conv_func(lexical)  # type: ignore[arg-type]
  File "/usr/local/virtualenvs/skosify/lib64/python3.9/site-packages/isodate/isodates.py", line 203, in parse_date
    raise ISO8601Error('Unrecognised ISO 8601 date format: %r' % datestring)
isodate.isoerror.ISO8601Error: Unrecognised ISO 8601 date format: '-2899-01-01'
WARNING: Failed to convert Literal lexical form to value. Datatype=http://www.w3.org/2001/XMLSchema#date, Converter=<function parse_date at 0x7f7413619700>
Traceback (most recent call last):
  File "/usr/local/virtualenvs/skosify/lib64/python3.9/site-packages/rdflib/term.py", line 2084, in _castLexicalToPython
    return conv_func(lexical)  # type: ignore[arg-type]
  File "/usr/local/virtualenvs/skosify/lib64/python3.9/site-packages/isodate/isodates.py", line 203, in parse_date
    raise ISO8601Error('Unrecognised ISO 8601 date format: %r' % datestring)
isodate.isoerror.ISO8601Error: Unrecognised ISO 8601 date format: '-2000-12-31'
WARNING: Failed to convert Literal lexical form to value. Datatype=http://www.w3.org/2001/XMLSchema#date, Converter=<function parse_date at 0x7f7413619700>
Traceback (most recent call last):
  File "/usr/local/virtualenvs/skosify/lib64/python3.9/site-packages/rdflib/term.py", line 2084, in _castLexicalToPython
    return conv_func(lexical)  # type: ignore[arg-type]
  File "/usr/local/virtualenvs/skosify/lib64/python3.9/site-packages/isodate/isodates.py", line 203, in parse_date
    raise ISO8601Error('Unrecognised ISO 8601 date format: %r' % datestring)
isodate.isoerror.ISO8601Error: Unrecognised ISO 8601 date format: '-2999-01-01'
WARNING: Failed to convert Literal lexical form to value. Datatype=http://www.w3.org/2001/XMLSchema#date, Converter=<function parse_date at 0x7f7413619700>
Traceback (most recent call last):
  File "/usr/local/virtualenvs/skosify/lib64/python3.9/site-packages/rdflib/term.py", line 2084, in _castLexicalToPython
    return conv_func(lexical)  # type: ignore[arg-type]
  File "/usr/local/virtualenvs/skosify/lib64/python3.9/site-packages/isodate/isodates.py", line 203, in parse_date
    raise ISO8601Error('Unrecognised ISO 8601 date format: %r' % datestring)
isodate.isoerror.ISO8601Error: Unrecognised ISO 8601 date format: '-2900-12-31'
WARNING: Failed to convert Literal lexical form to value. Datatype=http://www.w3.org/2001/XMLSchema#date, Converter=<function parse_date at 0x7f7413619700>
Traceback (most recent call last):
  File "/usr/local/virtualenvs/skosify/lib64/python3.9/site-packages/rdflib/term.py", line 2084, in _castLexicalToPython
    return conv_func(lexical)  # type: ignore[arg-type]
  File "/usr/local/virtualenvs/skosify/lib64/python3.9/site-packages/isodate/isodates.py", line 203, in parse_date
    raise ISO8601Error('Unrecognised ISO 8601 date format: %r' % datestring)
isodate.isoerror.ISO8601Error: Unrecognised ISO 8601 date format: '-2999-01-01'
WARNING: Failed to convert Literal lexical form to value. Datatype=http://www.w3.org/2001/XMLSchema#date, Converter=<function parse_date at 0x7f7413619700>
Traceback (most recent call last):
  File "/usr/local/virtualenvs/skosify/lib64/python3.9/site-packages/rdflib/term.py", line 2084, in _castLexicalToPython
    return conv_func(lexical)  # type: ignore[arg-type]
  File "/usr/local/virtualenvs/skosify/lib64/python3.9/site-packages/isodate/isodates.py", line 203, in parse_date
    raise ISO8601Error('Unrecognised ISO 8601 date format: %r' % datestring)
isodate.isoerror.ISO8601Error: Unrecognised ISO 8601 date format: '-3000-12-31'
WARNING: Failed to convert Literal lexical form to value. Datatype=http://www.w3.org/2001/XMLSchema#date, Converter=<function parse_date at 0x7f7413619700>
Traceback (most recent call last):
  File "/usr/local/virtualenvs/skosify/lib64/python3.9/site-packages/rdflib/term.py", line 2084, in _castLexicalToPython
    return conv_func(lexical)  # type: ignore[arg-type]
  File "/usr/local/virtualenvs/skosify/lib64/python3.9/site-packages/isodate/isodates.py", line 203, in parse_date
    raise ISO8601Error('Unrecognised ISO 8601 date format: %r' % datestring)
isodate.isoerror.ISO8601Error: Unrecognised ISO 8601 date format: '-3099-01-01'
WARNING: Failed to convert Literal lexical form to value. Datatype=http://www.w3.org/2001/XMLSchema#date, Converter=<function parse_date at 0x7f7413619700>
Traceback (most recent call last):
  File "/usr/local/virtualenvs/skosify/lib64/python3.9/site-packages/rdflib/term.py", line 2084, in _castLexicalToPython
    return conv_func(lexical)  # type: ignore[arg-type]
  File "/usr/local/virtualenvs/skosify/lib64/python3.9/site-packages/isodate/isodates.py", line 203, in parse_date
    raise ISO8601Error('Unrecognised ISO 8601 date format: %r' % datestring)
isodate.isoerror.ISO8601Error: Unrecognised ISO 8601 date format: '-3100-12-31'
WARNING: Failed to convert Literal lexical form to value. Datatype=http://www.w3.org/2001/XMLSchema#date, Converter=<function parse_date at 0x7f7413619700>
Traceback (most recent call last):
  File "/usr/local/virtualenvs/skosify/lib64/python3.9/site-packages/rdflib/term.py", line 2084, in _castLexicalToPython
    return conv_func(lexical)  # type: ignore[arg-type]
  File "/usr/local/virtualenvs/skosify/lib64/python3.9/site-packages/isodate/isodates.py", line 203, in parse_date
    raise ISO8601Error('Unrecognised ISO 8601 date format: %r' % datestring)
isodate.isoerror.ISO8601Error: Unrecognised ISO 8601 date format: '-3199-01-01'
WARNING: Failed to convert Literal lexical form to value. Datatype=http://www.w3.org/2001/XMLSchema#date, Converter=<function parse_date at 0x7f7413619700>
Traceback (most recent call last):
  File "/usr/local/virtualenvs/skosify/lib64/python3.9/site-packages/rdflib/term.py", line 2084, in _castLexicalToPython
    return conv_func(lexical)  # type: ignore[arg-type]
  File "/usr/local/virtualenvs/skosify/lib64/python3.9/site-packages/isodate/isodates.py", line 203, in parse_date
    raise ISO8601Error('Unrecognised ISO 8601 date format: %r' % datestring)
isodate.isoerror.ISO8601Error: Unrecognised ISO 8601 date format: '-3200-12-31'
WARNING: Failed to convert Literal lexical form to value. Datatype=http://www.w3.org/2001/XMLSchema#date, Converter=<function parse_date at 0x7f7413619700>
Traceback (most recent call last):
  File "/usr/local/virtualenvs/skosify/lib64/python3.9/site-packages/rdflib/term.py", line 2084, in _castLexicalToPython
    return conv_func(lexical)  # type: ignore[arg-type]
  File "/usr/local/virtualenvs/skosify/lib64/python3.9/site-packages/isodate/isodates.py", line 203, in parse_date
    raise ISO8601Error('Unrecognised ISO 8601 date format: %r' % datestring)
isodate.isoerror.ISO8601Error: Unrecognised ISO 8601 date format: '-3299-01-01'
WARNING: Failed to convert Literal lexical form to value. Datatype=http://www.w3.org/2001/XMLSchema#date, Converter=<function parse_date at 0x7f7413619700>
Traceback (most recent call last):
  File "/usr/local/virtualenvs/skosify/lib64/python3.9/site-packages/rdflib/term.py", line 2084, in _castLexicalToPython
    return conv_func(lexical)  # type: ignore[arg-type]
  File "/usr/local/virtualenvs/skosify/lib64/python3.9/site-packages/isodate/isodates.py", line 203, in parse_date
    raise ISO8601Error('Unrecognised ISO 8601 date format: %r' % datestring)
isodate.isoerror.ISO8601Error: Unrecognised ISO 8601 date format: '-3300-12-31'
WARNING: Failed to convert Literal lexical form to value. Datatype=http://www.w3.org/2001/XMLSchema#date, Converter=<function parse_date at 0x7f7413619700>
Traceback (most recent call last):
  File "/usr/local/virtualenvs/skosify/lib64/python3.9/site-packages/rdflib/term.py", line 2084, in _castLexicalToPython
    return conv_func(lexical)  # type: ignore[arg-type]
  File "/usr/local/virtualenvs/skosify/lib64/python3.9/site-packages/isodate/isodates.py", line 203, in parse_date
    raise ISO8601Error('Unrecognised ISO 8601 date format: %r' % datestring)
isodate.isoerror.ISO8601Error: Unrecognised ISO 8601 date format: '-3399-01-01'
WARNING: Failed to convert Literal lexical form to value. Datatype=http://www.w3.org/2001/XMLSchema#date, Converter=<function parse_date at 0x7f7413619700>
Traceback (most recent call last):
  File "/usr/local/virtualenvs/skosify/lib64/python3.9/site-packages/rdflib/term.py", line 2084, in _castLexicalToPython
    return conv_func(lexical)  # type: ignore[arg-type]
  File "/usr/local/virtualenvs/skosify/lib64/python3.9/site-packages/isodate/isodates.py", line 203, in parse_date
    raise ISO8601Error('Unrecognised ISO 8601 date format: %r' % datestring)
isodate.isoerror.ISO8601Error: Unrecognised ISO 8601 date format: '-3400-12-31'
WARNING: Failed to convert Literal lexical form to value. Datatype=http://www.w3.org/2001/XMLSchema#date, Converter=<function parse_date at 0x7f7413619700>
Traceback (most recent call last):
  File "/usr/local/virtualenvs/skosify/lib64/python3.9/site-packages/rdflib/term.py", line 2084, in _castLexicalToPython
    return conv_func(lexical)  # type: ignore[arg-type]
  File "/usr/local/virtualenvs/skosify/lib64/python3.9/site-packages/isodate/isodates.py", line 203, in parse_date
    raise ISO8601Error('Unrecognised ISO 8601 date format: %r' % datestring)
isodate.isoerror.ISO8601Error: Unrecognised ISO 8601 date format: '-3499-01-01'
WARNING: Failed to convert Literal lexical form to value. Datatype=http://www.w3.org/2001/XMLSchema#date, Converter=<function parse_date at 0x7f7413619700>
Traceback (most recent call last):
  File "/usr/local/virtualenvs/skosify/lib64/python3.9/site-packages/rdflib/term.py", line 2084, in _castLexicalToPython
    return conv_func(lexical)  # type: ignore[arg-type]
  File "/usr/local/virtualenvs/skosify/lib64/python3.9/site-packages/isodate/isodates.py", line 203, in parse_date
    raise ISO8601Error('Unrecognised ISO 8601 date format: %r' % datestring)
isodate.isoerror.ISO8601Error: Unrecognised ISO 8601 date format: '-3500-12-31'
WARNING: Failed to convert Literal lexical form to value. Datatype=http://www.w3.org/2001/XMLSchema#date, Converter=<function parse_date at 0x7f7413619700>
Traceback (most recent call last):
  File "/usr/local/virtualenvs/skosify/lib64/python3.9/site-packages/rdflib/term.py", line 2084, in _castLexicalToPython
    return conv_func(lexical)  # type: ignore[arg-type]
  File "/usr/local/virtualenvs/skosify/lib64/python3.9/site-packages/isodate/isodates.py", line 203, in parse_date
    raise ISO8601Error('Unrecognised ISO 8601 date format: %r' % datestring)
isodate.isoerror.ISO8601Error: Unrecognised ISO 8601 date format: '-3599-01-01'
WARNING: Failed to convert Literal lexical form to value. Datatype=http://www.w3.org/2001/XMLSchema#date, Converter=<function parse_date at 0x7f7413619700>
Traceback (most recent call last):
  File "/usr/local/virtualenvs/skosify/lib64/python3.9/site-packages/rdflib/term.py", line 2084, in _castLexicalToPython
    return conv_func(lexical)  # type: ignore[arg-type]
  File "/usr/local/virtualenvs/skosify/lib64/python3.9/site-packages/isodate/isodates.py", line 203, in parse_date
    raise ISO8601Error('Unrecognised ISO 8601 date format: %r' % datestring)
isodate.isoerror.ISO8601Error: Unrecognised ISO 8601 date format: '-3600-12-31'
WARNING: Failed to convert Literal lexical form to value. Datatype=http://www.w3.org/2001/XMLSchema#date, Converter=<function parse_date at 0x7f7413619700>
Traceback (most recent call last):
  File "/usr/local/virtualenvs/skosify/lib64/python3.9/site-packages/rdflib/term.py", line 2084, in _castLexicalToPython
    return conv_func(lexical)  # type: ignore[arg-type]
  File "/usr/local/virtualenvs/skosify/lib64/python3.9/site-packages/isodate/isodates.py", line 203, in parse_date
    raise ISO8601Error('Unrecognised ISO 8601 date format: %r' % datestring)
isodate.isoerror.ISO8601Error: Unrecognised ISO 8601 date format: '-3699-01-01'
WARNING: Failed to convert Literal lexical form to value. Datatype=http://www.w3.org/2001/XMLSchema#date, Converter=<function parse_date at 0x7f7413619700>
Traceback (most recent call last):
  File "/usr/local/virtualenvs/skosify/lib64/python3.9/site-packages/rdflib/term.py", line 2084, in _castLexicalToPython
    return conv_func(lexical)  # type: ignore[arg-type]
  File "/usr/local/virtualenvs/skosify/lib64/python3.9/site-packages/isodate/isodates.py", line 203, in parse_date
    raise ISO8601Error('Unrecognised ISO 8601 date format: %r' % datestring)
isodate.isoerror.ISO8601Error: Unrecognised ISO 8601 date format: '-3700-12-31'
WARNING: Failed to convert Literal lexical form to value. Datatype=http://www.w3.org/2001/XMLSchema#date, Converter=<function parse_date at 0x7f7413619700>
Traceback (most recent call last):
  File "/usr/local/virtualenvs/skosify/lib64/python3.9/site-packages/rdflib/term.py", line 2084, in _castLexicalToPython
    return conv_func(lexical)  # type: ignore[arg-type]
  File "/usr/local/virtualenvs/skosify/lib64/python3.9/site-packages/isodate/isodates.py", line 203, in parse_date
    raise ISO8601Error('Unrecognised ISO 8601 date format: %r' % datestring)
isodate.isoerror.ISO8601Error: Unrecognised ISO 8601 date format: '-3799-01-01'
WARNING: Failed to convert Literal lexical form to value. Datatype=http://www.w3.org/2001/XMLSchema#date, Converter=<function parse_date at 0x7f7413619700>
Traceback (most recent call last):
  File "/usr/local/virtualenvs/skosify/lib64/python3.9/site-packages/rdflib/term.py", line 2084, in _castLexicalToPython
    return conv_func(lexical)  # type: ignore[arg-type]
  File "/usr/local/virtualenvs/skosify/lib64/python3.9/site-packages/isodate/isodates.py", line 203, in parse_date
    raise ISO8601Error('Unrecognised ISO 8601 date format: %r' % datestring)
isodate.isoerror.ISO8601Error: Unrecognised ISO 8601 date format: '-3800-12-31'
WARNING: Failed to convert Literal lexical form to value. Datatype=http://www.w3.org/2001/XMLSchema#date, Converter=<function parse_date at 0x7f7413619700>
Traceback (most recent call last):
  File "/usr/local/virtualenvs/skosify/lib64/python3.9/site-packages/rdflib/term.py", line 2084, in _castLexicalToPython
    return conv_func(lexical)  # type: ignore[arg-type]
  File "/usr/local/virtualenvs/skosify/lib64/python3.9/site-packages/isodate/isodates.py", line 203, in parse_date
    raise ISO8601Error('Unrecognised ISO 8601 date format: %r' % datestring)
isodate.isoerror.ISO8601Error: Unrecognised ISO 8601 date format: '-3899-01-01'
WARNING: Failed to convert Literal lexical form to value. Datatype=http://www.w3.org/2001/XMLSchema#date, Converter=<function parse_date at 0x7f7413619700>
Traceback (most recent call last):
  File "/usr/local/virtualenvs/skosify/lib64/python3.9/site-packages/rdflib/term.py", line 2084, in _castLexicalToPython
    return conv_func(lexical)  # type: ignore[arg-type]
  File "/usr/local/virtualenvs/skosify/lib64/python3.9/site-packages/isodate/isodates.py", line 203, in parse_date
    raise ISO8601Error('Unrecognised ISO 8601 date format: %r' % datestring)
isodate.isoerror.ISO8601Error: Unrecognised ISO 8601 date format: '-3000-12-31'
WARNING: Failed to convert Literal lexical form to value. Datatype=http://www.w3.org/2001/XMLSchema#date, Converter=<function parse_date at 0x7f7413619700>
Traceback (most recent call last):
  File "/usr/local/virtualenvs/skosify/lib64/python3.9/site-packages/rdflib/term.py", line 2084, in _castLexicalToPython
    return conv_func(lexical)  # type: ignore[arg-type]
  File "/usr/local/virtualenvs/skosify/lib64/python3.9/site-packages/isodate/isodates.py", line 203, in parse_date
    raise ISO8601Error('Unrecognised ISO 8601 date format: %r' % datestring)
isodate.isoerror.ISO8601Error: Unrecognised ISO 8601 date format: '-3999-01-01'
WARNING: Failed to convert Literal lexical form to value. Datatype=http://www.w3.org/2001/XMLSchema#date, Converter=<function parse_date at 0x7f7413619700>
Traceback (most recent call last):
  File "/usr/local/virtualenvs/skosify/lib64/python3.9/site-packages/rdflib/term.py", line 2084, in _castLexicalToPython
    return conv_func(lexical)  # type: ignore[arg-type]
  File "/usr/local/virtualenvs/skosify/lib64/python3.9/site-packages/isodate/isodates.py", line 203, in parse_date
    raise ISO8601Error('Unrecognised ISO 8601 date format: %r' % datestring)
isodate.isoerror.ISO8601Error: Unrecognised ISO 8601 date format: '-3900-12-31'
WARNING: Failed to convert Literal lexical form to value. Datatype=http://www.w3.org/2001/XMLSchema#date, Converter=<function parse_date at 0x7f7413619700>
Traceback (most recent call last):
  File "/usr/local/virtualenvs/skosify/lib64/python3.9/site-packages/rdflib/term.py", line 2084, in _castLexicalToPython
    return conv_func(lexical)  # type: ignore[arg-type]
  File "/usr/local/virtualenvs/skosify/lib64/python3.9/site-packages/isodate/isodates.py", line 203, in parse_date
    raise ISO8601Error('Unrecognised ISO 8601 date format: %r' % datestring)
isodate.isoerror.ISO8601Error: Unrecognised ISO 8601 date format: '-3999-01-01'
WARNING: Failed to convert Literal lexical form to value. Datatype=http://www.w3.org/2001/XMLSchema#date, Converter=<function parse_date at 0x7f7413619700>
Traceback (most recent call last):
  File "/usr/local/virtualenvs/skosify/lib64/python3.9/site-packages/rdflib/term.py", line 2084, in _castLexicalToPython
    return conv_func(lexical)  # type: ignore[arg-type]
  File "/usr/local/virtualenvs/skosify/lib64/python3.9/site-packages/isodate/isodates.py", line 203, in parse_date
    raise ISO8601Error('Unrecognised ISO 8601 date format: %r' % datestring)
isodate.isoerror.ISO8601Error: Unrecognised ISO 8601 date format: '-4000-12-31'
WARNING: Failed to convert Literal lexical form to value. Datatype=http://www.w3.org/2001/XMLSchema#date, Converter=<function parse_date at 0x7f7413619700>
Traceback (most recent call last):
  File "/usr/local/virtualenvs/skosify/lib64/python3.9/site-packages/rdflib/term.py", line 2084, in _castLexicalToPython
    return conv_func(lexical)  # type: ignore[arg-type]
  File "/usr/local/virtualenvs/skosify/lib64/python3.9/site-packages/isodate/isodates.py", line 203, in parse_date
    raise ISO8601Error('Unrecognised ISO 8601 date format: %r' % datestring)
isodate.isoerror.ISO8601Error: Unrecognised ISO 8601 date format: '-4099-01-01'
WARNING: Failed to convert Literal lexical form to value. Datatype=http://www.w3.org/2001/XMLSchema#date, Converter=<function parse_date at 0x7f7413619700>
Traceback (most recent call last):
  File "/usr/local/virtualenvs/skosify/lib64/python3.9/site-packages/rdflib/term.py", line 2084, in _castLexicalToPython
    return conv_func(lexical)  # type: ignore[arg-type]
  File "/usr/local/virtualenvs/skosify/lib64/python3.9/site-packages/isodate/isodates.py", line 203, in parse_date
    raise ISO8601Error('Unrecognised ISO 8601 date format: %r' % datestring)
isodate.isoerror.ISO8601Error: Unrecognised ISO 8601 date format: '-4100-12-31'
WARNING: Failed to convert Literal lexical form to value. Datatype=http://www.w3.org/2001/XMLSchema#date, Converter=<function parse_date at 0x7f7413619700>
Traceback (most recent call last):
  File "/usr/local/virtualenvs/skosify/lib64/python3.9/site-packages/rdflib/term.py", line 2084, in _castLexicalToPython
    return conv_func(lexical)  # type: ignore[arg-type]
  File "/usr/local/virtualenvs/skosify/lib64/python3.9/site-packages/isodate/isodates.py", line 203, in parse_date
    raise ISO8601Error('Unrecognised ISO 8601 date format: %r' % datestring)
isodate.isoerror.ISO8601Error: Unrecognised ISO 8601 date format: '-4199-01-01'
WARNING: Failed to convert Literal lexical form to value. Datatype=http://www.w3.org/2001/XMLSchema#date, Converter=<function parse_date at 0x7f7413619700>
Traceback (most recent call last):
  File "/usr/local/virtualenvs/skosify/lib64/python3.9/site-packages/rdflib/term.py", line 2084, in _castLexicalToPython
    return conv_func(lexical)  # type: ignore[arg-type]
  File "/usr/local/virtualenvs/skosify/lib64/python3.9/site-packages/isodate/isodates.py", line 203, in parse_date
    raise ISO8601Error('Unrecognised ISO 8601 date format: %r' % datestring)
isodate.isoerror.ISO8601Error: Unrecognised ISO 8601 date format: '-4200-12-31'
WARNING: Failed to convert Literal lexical form to value. Datatype=http://www.w3.org/2001/XMLSchema#date, Converter=<function parse_date at 0x7f7413619700>
Traceback (most recent call last):
  File "/usr/local/virtualenvs/skosify/lib64/python3.9/site-packages/rdflib/term.py", line 2084, in _castLexicalToPython
    return conv_func(lexical)  # type: ignore[arg-type]
  File "/usr/local/virtualenvs/skosify/lib64/python3.9/site-packages/isodate/isodates.py", line 203, in parse_date
    raise ISO8601Error('Unrecognised ISO 8601 date format: %r' % datestring)
isodate.isoerror.ISO8601Error: Unrecognised ISO 8601 date format: '-4299-01-01'
WARNING: Failed to convert Literal lexical form to value. Datatype=http://www.w3.org/2001/XMLSchema#date, Converter=<function parse_date at 0x7f7413619700>
Traceback (most recent call last):
  File "/usr/local/virtualenvs/skosify/lib64/python3.9/site-packages/rdflib/term.py", line 2084, in _castLexicalToPython
    return conv_func(lexical)  # type: ignore[arg-type]
  File "/usr/local/virtualenvs/skosify/lib64/python3.9/site-packages/isodate/isodates.py", line 203, in parse_date
    raise ISO8601Error('Unrecognised ISO 8601 date format: %r' % datestring)
isodate.isoerror.ISO8601Error: Unrecognised ISO 8601 date format: '-4300-12-31'
WARNING: Failed to convert Literal lexical form to value. Datatype=http://www.w3.org/2001/XMLSchema#date, Converter=<function parse_date at 0x7f7413619700>
Traceback (most recent call last):
  File "/usr/local/virtualenvs/skosify/lib64/python3.9/site-packages/rdflib/term.py", line 2084, in _castLexicalToPython
    return conv_func(lexical)  # type: ignore[arg-type]
  File "/usr/local/virtualenvs/skosify/lib64/python3.9/site-packages/isodate/isodates.py", line 203, in parse_date
    raise ISO8601Error('Unrecognised ISO 8601 date format: %r' % datestring)
isodate.isoerror.ISO8601Error: Unrecognised ISO 8601 date format: '-4399-01-01'
WARNING: Failed to convert Literal lexical form to value. Datatype=http://www.w3.org/2001/XMLSchema#date, Converter=<function parse_date at 0x7f7413619700>
Traceback (most recent call last):
  File "/usr/local/virtualenvs/skosify/lib64/python3.9/site-packages/rdflib/term.py", line 2084, in _castLexicalToPython
    return conv_func(lexical)  # type: ignore[arg-type]
  File "/usr/local/virtualenvs/skosify/lib64/python3.9/site-packages/isodate/isodates.py", line 203, in parse_date
    raise ISO8601Error('Unrecognised ISO 8601 date format: %r' % datestring)
isodate.isoerror.ISO8601Error: Unrecognised ISO 8601 date format: '-4400-12-31'
WARNING: Failed to convert Literal lexical form to value. Datatype=http://www.w3.org/2001/XMLSchema#date, Converter=<function parse_date at 0x7f7413619700>
Traceback (most recent call last):
  File "/usr/local/virtualenvs/skosify/lib64/python3.9/site-packages/rdflib/term.py", line 2084, in _castLexicalToPython
    return conv_func(lexical)  # type: ignore[arg-type]
  File "/usr/local/virtualenvs/skosify/lib64/python3.9/site-packages/isodate/isodates.py", line 203, in parse_date
    raise ISO8601Error('Unrecognised ISO 8601 date format: %r' % datestring)
isodate.isoerror.ISO8601Error: Unrecognised ISO 8601 date format: '-4499-01-01'
WARNING: Failed to convert Literal lexical form to value. Datatype=http://www.w3.org/2001/XMLSchema#date, Converter=<function parse_date at 0x7f7413619700>
Traceback (most recent call last):
  File "/usr/local/virtualenvs/skosify/lib64/python3.9/site-packages/rdflib/term.py", line 2084, in _castLexicalToPython
    return conv_func(lexical)  # type: ignore[arg-type]
  File "/usr/local/virtualenvs/skosify/lib64/python3.9/site-packages/isodate/isodates.py", line 203, in parse_date
    raise ISO8601Error('Unrecognised ISO 8601 date format: %r' % datestring)
isodate.isoerror.ISO8601Error: Unrecognised ISO 8601 date format: '-4500-12-31'
WARNING: Failed to convert Literal lexical form to value. Datatype=http://www.w3.org/2001/XMLSchema#date, Converter=<function parse_date at 0x7f7413619700>
Traceback (most recent call last):
  File "/usr/local/virtualenvs/skosify/lib64/python3.9/site-packages/rdflib/term.py", line 2084, in _castLexicalToPython
    return conv_func(lexical)  # type: ignore[arg-type]
  File "/usr/local/virtualenvs/skosify/lib64/python3.9/site-packages/isodate/isodates.py", line 203, in parse_date
    raise ISO8601Error('Unrecognised ISO 8601 date format: %r' % datestring)
isodate.isoerror.ISO8601Error: Unrecognised ISO 8601 date format: '-4599-01-01'
WARNING: Failed to convert Literal lexical form to value. Datatype=http://www.w3.org/2001/XMLSchema#date, Converter=<function parse_date at 0x7f7413619700>
Traceback (most recent call last):
  File "/usr/local/virtualenvs/skosify/lib64/python3.9/site-packages/rdflib/term.py", line 2084, in _castLexicalToPython
    return conv_func(lexical)  # type: ignore[arg-type]
  File "/usr/local/virtualenvs/skosify/lib64/python3.9/site-packages/isodate/isodates.py", line 203, in parse_date
    raise ISO8601Error('Unrecognised ISO 8601 date format: %r' % datestring)
isodate.isoerror.ISO8601Error: Unrecognised ISO 8601 date format: '-4600-12-31'
WARNING: Failed to convert Literal lexical form to value. Datatype=http://www.w3.org/2001/XMLSchema#date, Converter=<function parse_date at 0x7f7413619700>
Traceback (most recent call last):
  File "/usr/local/virtualenvs/skosify/lib64/python3.9/site-packages/rdflib/term.py", line 2084, in _castLexicalToPython
    return conv_func(lexical)  # type: ignore[arg-type]
  File "/usr/local/virtualenvs/skosify/lib64/python3.9/site-packages/isodate/isodates.py", line 203, in parse_date
    raise ISO8601Error('Unrecognised ISO 8601 date format: %r' % datestring)
isodate.isoerror.ISO8601Error: Unrecognised ISO 8601 date format: '-4699-01-01'
WARNING: Failed to convert Literal lexical form to value. Datatype=http://www.w3.org/2001/XMLSchema#date, Converter=<function parse_date at 0x7f7413619700>
Traceback (most recent call last):
  File "/usr/local/virtualenvs/skosify/lib64/python3.9/site-packages/rdflib/term.py", line 2084, in _castLexicalToPython
    return conv_func(lexical)  # type: ignore[arg-type]
  File "/usr/local/virtualenvs/skosify/lib64/python3.9/site-packages/isodate/isodates.py", line 203, in parse_date
    raise ISO8601Error('Unrecognised ISO 8601 date format: %r' % datestring)
isodate.isoerror.ISO8601Error: Unrecognised ISO 8601 date format: '-4700-12-31'
WARNING: Failed to convert Literal lexical form to value. Datatype=http://www.w3.org/2001/XMLSchema#date, Converter=<function parse_date at 0x7f7413619700>
Traceback (most recent call last):
  File "/usr/local/virtualenvs/skosify/lib64/python3.9/site-packages/rdflib/term.py", line 2084, in _castLexicalToPython
    return conv_func(lexical)  # type: ignore[arg-type]
  File "/usr/local/virtualenvs/skosify/lib64/python3.9/site-packages/isodate/isodates.py", line 203, in parse_date
    raise ISO8601Error('Unrecognised ISO 8601 date format: %r' % datestring)
isodate.isoerror.ISO8601Error: Unrecognised ISO 8601 date format: '-4799-01-01'
WARNING: Failed to convert Literal lexical form to value. Datatype=http://www.w3.org/2001/XMLSchema#date, Converter=<function parse_date at 0x7f7413619700>
Traceback (most recent call last):
  File "/usr/local/virtualenvs/skosify/lib64/python3.9/site-packages/rdflib/term.py", line 2084, in _castLexicalToPython
    return conv_func(lexical)  # type: ignore[arg-type]
  File "/usr/local/virtualenvs/skosify/lib64/python3.9/site-packages/isodate/isodates.py", line 203, in parse_date
    raise ISO8601Error('Unrecognised ISO 8601 date format: %r' % datestring)
isodate.isoerror.ISO8601Error: Unrecognised ISO 8601 date format: '-4800-12-31'
WARNING: Failed to convert Literal lexical form to value. Datatype=http://www.w3.org/2001/XMLSchema#date, Converter=<function parse_date at 0x7f7413619700>
Traceback (most recent call last):
  File "/usr/local/virtualenvs/skosify/lib64/python3.9/site-packages/rdflib/term.py", line 2084, in _castLexicalToPython
    return conv_func(lexical)  # type: ignore[arg-type]
  File "/usr/local/virtualenvs/skosify/lib64/python3.9/site-packages/isodate/isodates.py", line 203, in parse_date
    raise ISO8601Error('Unrecognised ISO 8601 date format: %r' % datestring)
isodate.isoerror.ISO8601Error: Unrecognised ISO 8601 date format: '-4899-01-01'
WARNING: Failed to convert Literal lexical form to value. Datatype=http://www.w3.org/2001/XMLSchema#date, Converter=<function parse_date at 0x7f7413619700>
Traceback (most recent call last):
  File "/usr/local/virtualenvs/skosify/lib64/python3.9/site-packages/rdflib/term.py", line 2084, in _castLexicalToPython
    return conv_func(lexical)  # type: ignore[arg-type]
  File "/usr/local/virtualenvs/skosify/lib64/python3.9/site-packages/isodate/isodates.py", line 203, in parse_date
    raise ISO8601Error('Unrecognised ISO 8601 date format: %r' % datestring)
isodate.isoerror.ISO8601Error: Unrecognised ISO 8601 date format: '-4000-12-31'
WARNING: Failed to convert Literal lexical form to value. Datatype=http://www.w3.org/2001/XMLSchema#date, Converter=<function parse_date at 0x7f7413619700>
Traceback (most recent call last):
  File "/usr/local/virtualenvs/skosify/lib64/python3.9/site-packages/rdflib/term.py", line 2084, in _castLexicalToPython
    return conv_func(lexical)  # type: ignore[arg-type]
  File "/usr/local/virtualenvs/skosify/lib64/python3.9/site-packages/isodate/isodates.py", line 203, in parse_date
    raise ISO8601Error('Unrecognised ISO 8601 date format: %r' % datestring)
isodate.isoerror.ISO8601Error: Unrecognised ISO 8601 date format: '-4999-01-01'
WARNING: Failed to convert Literal lexical form to value. Datatype=http://www.w3.org/2001/XMLSchema#date, Converter=<function parse_date at 0x7f7413619700>
Traceback (most recent call last):
  File "/usr/local/virtualenvs/skosify/lib64/python3.9/site-packages/rdflib/term.py", line 2084, in _castLexicalToPython
    return conv_func(lexical)  # type: ignore[arg-type]
  File "/usr/local/virtualenvs/skosify/lib64/python3.9/site-packages/isodate/isodates.py", line 203, in parse_date
    raise ISO8601Error('Unrecognised ISO 8601 date format: %r' % datestring)
isodate.isoerror.ISO8601Error: Unrecognised ISO 8601 date format: '-4900-12-31'
WARNING: Failed to convert Literal lexical form to value. Datatype=http://www.w3.org/2001/XMLSchema#date, Converter=<function parse_date at 0x7f7413619700>
Traceback (most recent call last):
  File "/usr/local/virtualenvs/skosify/lib64/python3.9/site-packages/rdflib/term.py", line 2084, in _castLexicalToPython
    return conv_func(lexical)  # type: ignore[arg-type]
  File "/usr/local/virtualenvs/skosify/lib64/python3.9/site-packages/isodate/isodates.py", line 203, in parse_date
    raise ISO8601Error('Unrecognised ISO 8601 date format: %r' % datestring)
isodate.isoerror.ISO8601Error: Unrecognised ISO 8601 date format: '-4999-01-01'
INFO: Don't know what to do with type http://www.yso.fi/onto/yso-meta/Century
INFO: Don't know what to do with type http://www.yso.fi/onto/yso-meta/Decade
INFO: Don't know what to do with type http://www.yso.fi/onto/yso-meta/Millennium
INFO: Don't know what to do with literal http://purl.org/dc/terms/created
INFO: Don't know what to do with literal http://purl.org/dc/terms/modified
INFO: Don't know what to do with literal http://schema.org/endDate
INFO: Don't know what to do with literal http://schema.org/startDate
INFO: Don't know what to do with relation http://purl.org/iso25964/skos-thes#narrowerPartitive
WARNING: Stripping whitespace from label of http://www.yso.fi/onto/yso/p1099910001: ' frsta rtusendet f.v.t.'
