unknown 510/511 $w value for <http://urn.fi/URN:NBN:fi:au:cn:27444A>: .
unknown 510/511 $w value for <http://urn.fi/URN:NBN:fi:au:cn:28016A>: r
unknown 510/511 $w value for <http://urn.fi/URN:NBN:fi:au:cn:41313A>: .
unknown 510/511 $w value for <http://urn.fi/URN:NBN:fi:au:cn:41313A>: .
unknown 510/511 $w value for <http://urn.fi/URN:NBN:fi:au:cn:51681A>: Taid
unknown 510/511 $w value for <http://urn.fi/URN:NBN:fi:au:cn:55643A>: ba
unknown 510/511 $w value for <http://urn.fi/URN:NBN:fi:au:cn:70147A>: Meri
unknown 510/511 $w value for <http://urn.fi/URN:NBN:fi:au:cn:83251A>: g
unknown 510/511 $w value for <http://urn.fi/URN:NBN:fi:au:cn:116549A>: .
unknown 510/511 $w value for <http://urn.fi/URN:NBN:fi:au:cn:116749A>: a Tampereen teknillinen korkeakoulu
unknown 510/511 $w value for <http://urn.fi/URN:NBN:fi:au:cn:118302A>: .
unknown 510/511 $w value for <http://urn.fi/URN:NBN:fi:au:cn:120874A>: .
unknown 510/511 $w value for <http://urn.fi/URN:NBN:fi:au:cn:122474A>: b.
unknown 510/511 $w value for <http://urn.fi/URN:NBN:fi:au:cn:122475A>: b.
unknown 510/511 $w value for <http://urn.fi/URN:NBN:fi:au:cn:126263A>: .
unknown 510/511 $w value for <http://urn.fi/URN:NBN:fi:au:cn:131075A>: .
unknown 510/511 $w value for <http://urn.fi/URN:NBN:fi:au:cn:142348A>: d
unknown 510/511 $w value for <http://urn.fi/URN:NBN:fi:au:cn:143355A>: .
unknown 510/511 $w value for <http://urn.fi/URN:NBN:fi:au:cn:152070A>: b Lappeenrannan taideyhdistys
unknown 510/511 $w value for <http://urn.fi/URN:NBN:fi:au:cn:160776A>: i
unknown 510/511 $w value for <http://urn.fi/URN:NBN:fi:au:cn:172890A>: g
unknown 510/511 $w value for <http://urn.fi/URN:NBN:fi:au:cn:184415A>: r
unknown 510/511 $w value for <http://urn.fi/URN:NBN:fi:au:cn:189311A>: d
unknown 510/511 $w value for <http://urn.fi/URN:NBN:fi:au:cn:196653A>: d
unknown 510/511 $w value for <http://urn.fi/URN:NBN:fi:au:cn:199954A>: d
unknown 510/511 $w value for <http://urn.fi/URN:NBN:fi:au:cn:201564A>: i
unknown 510/511 $w value for <http://urn.fi/URN:NBN:fi:au:cn:201565A>: i
unknown 510/511 $w value for <http://urn.fi/URN:NBN:fi:au:cn:201565A>: i
Request to LAS failed (status code 503, response length 1037)
- retrying 1, url: 'http://demo.seco.tkk.fi/las/identify?text=Suomen+Konepajainsin%C3%B6%C3%B6riyhdistys+%E2%80%93+Verkstadsingeni%C3%B6rsf%C3%B6reningen+i+Finland+r.y.'
Request to LAS failed (status code 503, response length 1037)
- retrying 2, url: 'http://demo.seco.tkk.fi/las/identify?text=Suomen+Konepajainsin%C3%B6%C3%B6riyhdistys+%E2%80%93+Verkstadsingeni%C3%B6rsf%C3%B6reningen+i+Finland+r.y.'
Request to LAS failed (status code 503, response length 1037)
- retrying 3, url: 'http://demo.seco.tkk.fi/las/identify?text=Suomen+Konepajainsin%C3%B6%C3%B6riyhdistys+%E2%80%93+Verkstadsingeni%C3%B6rsf%C3%B6reningen+i+Finland+r.y.'
Request to LAS failed (status code 503, response length 1037)
- retrying 4, url: 'http://demo.seco.tkk.fi/las/identify?text=Suomen+Konepajainsin%C3%B6%C3%B6riyhdistys+%E2%80%93+Verkstadsingeni%C3%B6rsf%C3%B6reningen+i+Finland+r.y.'
Request to LAS failed (status code 503, response length 1037)
- retrying 5, url: 'http://demo.seco.tkk.fi/las/identify?text=Suomen+Konepajainsin%C3%B6%C3%B6riyhdistys+%E2%80%93+Verkstadsingeni%C3%B6rsf%C3%B6reningen+i+Finland+r.y.'
Request to LAS failed (status code 503, response length 1037)
- retrying 6, url: 'http://demo.seco.tkk.fi/las/identify?text=Suomen+Konepajainsin%C3%B6%C3%B6riyhdistys+%E2%80%93+Verkstadsingeni%C3%B6rsf%C3%B6reningen+i+Finland+r.y.'
Request to LAS failed (status code 503, response length 1037)
- retrying 7, url: 'http://demo.seco.tkk.fi/las/identify?text=Suomen+Konepajainsin%C3%B6%C3%B6riyhdistys+%E2%80%93+Verkstadsingeni%C3%B6rsf%C3%B6reningen+i+Finland+r.y.'
Request to LAS failed (status code 503, response length 1037)
- retrying 8, url: 'http://demo.seco.tkk.fi/las/identify?text=Suomen+Konepajainsin%C3%B6%C3%B6riyhdistys+%E2%80%93+Verkstadsingeni%C3%B6rsf%C3%B6reningen+i+Finland+r.y.'
Request to LAS failed (status code 503, response length 1037)
- retrying 9, url: 'http://demo.seco.tkk.fi/las/identify?text=Suomen+Konepajainsin%C3%B6%C3%B6riyhdistys+%E2%80%93+Verkstadsingeni%C3%B6rsf%C3%B6reningen+i+Finland+r.y.'
Request to LAS failed (status code 503, response length 1037)
- retrying 10, url: 'http://demo.seco.tkk.fi/las/identify?text=Suomen+Konepajainsin%C3%B6%C3%B6riyhdistys+%E2%80%93+Verkstadsingeni%C3%B6rsf%C3%B6reningen+i+Finland+r.y.'
Traceback (most recent call last):
  File "./convert-cn-to-skos.py", line 233, in <module>
    convert_record(oaipmhrec)
  File "./convert-cn-to-skos.py", line 170, in convert_record
    varlit = Literal(varname, lang=guess_language(varname))
  File "./convert-cn-to-skos.py", line 74, in guess_language
    print >>sys.stderr, "Giving up LAS identify request for text '%s' for uri <%s>" % (text.encode('UTF-8'), uri)
NameError: global name 'uri' is not defined
