unknown 510 $w value: .
unknown 510 $w value: .
unknown 510 $w value: .
unknown 510 $w value: Taid
unknown 510 $w value: ba
unknown 510 $w value: .
unknown 510 $w value: a Tampereen teknillinen korkeakoulu
unknown 510 $w value: .
unknown 510 $w value: .
unknown 510 $w value: b.
unknown 510 $w value: b.
unknown 510 $w value: .
unknown 510 $w value: .
unknown 510 $w value: .
unknown 510 $w value: b Lappeenrannan taideyhdistys
unknown 510 $w value: g
unknown 510 $w value: g
unknown 510 $w value: r
unknown 510 $w value: r
unknown 510 $w value: Meri
unknown 510 $w value: d
unknown 510 $w value: d
no resource found for 'Kerava. rakennusvirasto'
no resource found for 'Kerava. Nuorisotoimisto'
no resource found for 'Saimaa Navigation Museum Association'
no resource found for 'Kirkkonummi. Kuntasuunnittelutoimikunta'
no resource found for 'Mäntsälä. Museo- ja kotiseutulautakunta'
no resource found for 'Hailuoto. Kulttuuri- ja kotiseutulautakunta'
no resource found for 'Ilmasotakoulu. Lentokadettikurssi 44'
no resource found for 'Ylöjärvi. Ympäristönsuojelulautakunta'
no resource found for 'Äänekoski. Energialaitos'
no resource found for 'Utsjoki. Päiväkoti'
no resource found for 'Äänekoski. Sosiaalilautakunta'
no resource found for 'Vantaa. Ympäristöasiainkeskus'
no resource found for 'Vantaa. Kuntatekniikan keskus'
no resource found for 'Tampere. Liikennelaitos'
no resource found for 'Helsinkimissio'
no resource found for 'Jyväskylä. Rakennusvirasto'
no resource found for 'Textil- och konfektionsindustrin'
no resource found for 'Lapinjärvi'
no resource found for 'Karinainen. Kunnanhallitus'
no resource found for 'Kuorevesi. Nuorisolautakunta'
no resource found for 'Nurmijärvi. Kotiseutulautakunta'
no resource found for 'Kemin kaupunki. Kehittämissuunnittelu'
no resource found for 'Kangasala. Mittaus- ja kiinteistötoimi'
no resource found for 'Kirkkonummi. Ympäristönsuojelulautakunta'
no resource found for 'Selin (yhtiö)'
no resource found for 'Vaasa. Koululautakunta'
no resource found for 'Kouvola. Ympäristöpalvelut'
no resource found for 'Oulu. Ympäristövirasto. Ympäristönsuojelu'
no resource found for 'Jyväskylän yliopisto. Filosofinen tiedekunta. Matemaattis-luonnontieteellinen osasto'
no resource found for 'b Haaga instituutti'
no resource found for 'Espoo. Ympäristönsuojelulautakunta'
no resource found for 'Nokian helluntaiseurakunta'
no resource found for 'Jyväskylä. Raittiuslautakunta'
no resource found for 'Veritas-ryhmä'
no resource found for 'Kitee. Nuorisotoimi'
no resource found for 'Pello. Tekninen toimisto'
no resource found for 'Tampere. Matkailutoimisto'
no resource found for 'Kemi. Ympäristölautakunta'
no resource found for 'Nokia. Kulttuurilautakunta'
no resource found for 'Kitee. Tekninen osasto'
no resource found for 'Oulu. Sosiaalivirasto'
no resource found for 'Anjalankoski. Kiinteistö- ja mittaustoimisto'
no resource found for 'Vantaa. Tekninen toimiala'
no resource found for 'Rauma'
no resource found for 'Malax Pensionärshemsförening'
no resource found for 'Tornion kauppaoppilaitos'
no resource found for 'Kaustinen. Kulttuurilautakunta'
no resource found for 'Muhos. Tekninen osasto'
no resource found for 'Lapinlahden osuuskassa'
no resource found for 'Genimap (2001-2006)'
no resource found for 'Mäntsälä. Rakennustoimisto'
no resource found for 'Mänttä. Ympäristölautakunta'
no resource found for 'Kortesjärvi. Kulttuurilautakunta'
no resource found for 'Hämeenlinna. Kaavoitustoimisto'
no resource found for 'Loviisa. Mittaustoimisto'
no resource found for 'Helsinki. Katuosasto'
no resource found for 'Kuopio. Keskushallinnon suunnittelutoimisto'
no resource found for 'Helsingin kaupungin kulttuuriasiainkeskus. Kanneltalo'
no resource found for 'Jyväskylä. Terveyskeskus'
no resource found for 'Ylikiiminki. Kulttuurilautakunta'
no resource found for 'Enontekiö. Koululaitos'
no resource found for 'Jyväskylä. Sosiaalikeskus'
no resource found for 'Vaasa. Yleiskaavaosasto'
no resource found for 'Tuusula. Koulutoimisto'
no resource found for 'Kullaa. Koululaitos'
no resource found for 'Halikon kunta. Kunnanhallitus'
no resource found for 'Joensuu. Kiinteistö- ja mittaustoimisto'
no resource found for 'Kälviä. Ympäristönsuojelulautakunta'
no resource found for 'Vaasa. Kaupunkisuunnitteluvirasto'
no resource found for 'Jyväskylä. Matkailutoimisto'
no resource found for 'Lahti. Kaupunkisuunnitteluyksikkö'
no resource found for 'Kemi. Kulttuurilautakunta'
no resource found for 'Helsinki. Tietokeskus. Kaupunginarkisto'
no resource found for 'Viitasaari. Kulttuuritoimisto'
no resource found for 'Tampere. Sosiaali- ja terveyslautakunta'
no resource found for 'Haaparanta'
no resource found for 'Iisalmi. Raittiuslautakunta'
no resource found for 'Taivalkoski. Liikennelautakunta'
no resource found for 'Kemi. Musiikkilautakunta'
no resource found for 'Suolahti. Ympäristölautakunta'
no resource found for 'Vantaa. Tilasto ja tutkimus'
no resource found for 'Kuusamon kaupunki. Naturpolis Kuusamo. Koulutus- ja kehittämispalvelut'
no resource found for 'Marttatyttöjen partioliitto'
no resource found for 'Novartis'
no resource found for 'Kunnallishallinnon atk-neuvottelukunta. Sosiaalitoimen atk-toimikunta'
no resource found for 'Viitasaari. Maatalouslautakunta'
no resource found for 'Turku. Vammaisneuvosto'
no resource found for 'Kuusankoski. Mittausosasto'
no resource found for 'Hyvinkää. Kiinteistö- ja mittausosasto'
no resource found for 'Veritas-ryhmä'
no resource found for 'Kouvola. Kiinteistö- ja mittausosasto'
no resource found for 'Kerava. Kouluvirasto'
no resource found for 'Kadettikoulu. Merikadettikurssi 32'
no resource found for 'Jyväskylä. Opetusvirasto'
no resource found for 'Kemi. Ympäristöosasto'
no resource found for 'H. G. Paloheimo (yhtiö)'
no resource found for 'Vilppula. Ympäristölautakunta'
no resource found for 'Tornio. Koululautakunta'
no resource found for 'Jyväskylä. Keskusvirasto. Suunnitteluosasto'
no resource found for 'Suomen evankelis-luterilainen kirkko. Kiukaisten seurakunta'
no resource found for 'Kustavi. Kulttuurilautakunta'
no resource found for 'Kulta-Ajan Kodit'
no resource found for 'Veteli. Kulttuurilautakunta'
no resource found for 'Evijärvi. Koululaitos'
no resource found for 'Kirkkonummi. Tiedotustoimikunta'
no resource found for 'Kuusiluodon lukio'
no resource found for 'Vesi- ja ympäristötekniikka'
no resource found for 'Muonio'
no resource found for 'Helsingin yliopisto. Elektromikroskopian laitos'
no resource found for 'Keuruu. Kaavoitus- ja mittaustoimisto'
no resource found for 'Helsinki. Suomenkielinen työväenopisto'
no resource found for 'Kuopio. Kaupunginkanslia. Suunnitteluosasto'
no resource found for 'Ylivieska. Kulttuurilautakunta'
no resource found for 'Lahden teollisuusneuvosto n:o 9'
no resource found for 'Kuopio. Tietotekniikan osasto'
no resource found for 'Turku. Kulttuurilautakunta'
no resource found for 'Helsingforsmission'
no resource found for 'Vantaa. Terveysvirasto'
no resource found for 'Porin rykmentti'
no resource found for 'polaarineuvottelukunta'
no resource found for 'Oulu. Rakennusvalvontavirasto'
no resource found for 'Oulu. Ympäristönsuojelutoimisto'
no resource found for 'National Institute of Business Management'
no resource found for 'Pyhäjoki. Kulttuurilautakunta'
no resource found for 'Tornion kauppakoulu'
no resource found for 'Pirkanmaan kulttuurirahasto'
no resource found for 'Veritas-ryhmä'
no resource found for 'Kuusiluodon lukio'
no resource found for 'Veritas-ryhmä'
no resource found for 'Svenska oratoriekören i Helsingfors'
no resource found for 'Kuopio. Energialaitos'
no resource found for 'Kauhava. Kaavoitus- ja mittaustoimisto'
no resource found for 'Urjala. Tekninen toimisto'
no resource found for 'Kuopion sos.dem naispiiri'
no resource found for 'w $a Siipikarjanhoitajain liitto'
no resource found for 'Kadettikoulu. Merikadettikurssi 31'
no resource found for 'Halikko. Kulttuurilautakunta'
no resource found for 'Jyväskylä. Sosiaali- ja terveyspalvelukeskus'
no resource found for 'Pöyry PLC'
no resource found for 'Vaasa. Kulttuurilautakunta'
no resource found for 'a Hotelli- ja ravintolaopisto'
no resource found for 'Kirkkonummi. Kulttuurilautakunta'
no resource found for 'KVKL'
no resource found for 'Kerava. Kulttuurilautakunta'
no resource found for 'Eura. Kaavatoimikunta'
no resource found for 'Wienan karjalaisten liitto'
no resource found for 'Vehkalahti. Kaavoitus- ja mittaustoimisto'
no resource found for 'MSD Animal Health Intervet'
no resource found for 'Tornion liiketalouden ja tietotekniikan instituutti'
no resource found for 'Kemi. Matkailutoimisto'
no resource found for 'Kerava. Liikuntalautakunta'
no resource found for 'Viitasaari. Kulttuurilautakunta'
no resource found for 'Vantaa. Matkailutoimisto'
no resource found for 'Tampere. Nuorisolautakunta'
no resource found for 'Turku. Elinkeinotoimisto'
no resource found for 'Pietarsaari. Kulttuurilautakunta'
no resource found for 'Karinainen. Kulttuurilautakunta'
no resource found for 'Veritas-ryhmä'
no resource found for 'Nokia. Kiinteistö- ja mittausosasto'
no resource found for 'Lahden teollisuusneuvosto n:o 9'
no resource found for 'Vantaa'
no resource found for 'Borgå hantverks- och konstindustriskola'
no resource found for 'Pirkanmaan rauhanturvaajat'
no resource found for 'Kolari'
no resource found for 'Kuopio. Ympäristökeskus'
no resource found for 'Kotka. Satamalaitos'
no resource found for 'Juupajoki. Kirjasto- ja kulttuurilautakunta'
no resource found for 'Jyväskylä. Terveysvirasto'
no resource found for 'Kotka. Sosiaali- ja terveysvirasto'
no resource found for 'Oulu. Terveysvirasto'
no resource found for 'Tampere. Sähkölaitos'
no resource found for 'Vihti. Ympäristölautakunta'
no resource found for 'Joensuu. Tekninen virasto'
no resource found for 'Tuusula. Kultuurilautakunta'
no resource found for 'Jalasjärvi. Mittausosasto'
no resource found for 'Pyhäjoki. Koululaitos'
no resource found for 'Veritas-ryhmä'
no resource found for 'Pello. Kulttuuri- ja kirjastolautakunta'
no resource found for 'Kerava. Kaavoitusosasto'
no resource found for 'Kiikala. Kunnanhallitus'
no resource found for 'Suomijos viešojo administravimo institutas'
no resource found for 'Mouhijärvi. Kulttuurilautakunta'
no resource found for 'Gummerus-konserni'
no resource found for 'Helsinki. Talonsuunnitteluosasto'
no resource found for 'Lappeenranta. Hallinto- ja henkilöstöjaosto'
no resource found for 'Vuoksenniska (yhtiö). Imatran rautatehdas'
no resource found for 'Kuru. Nuorisolautakunta'
no resource found for 'Helsingin kaupunki. Terveysvirasto. Valvontaosasto. Epidemiologinen toimisto'
no resource found for 'Lahden kotiteollisuusopettajaopisto'
no resource found for 'Åländska lantmannagillenas delegation'
no resource found for 'OKO Osuuspankkien Keskuspankki'
no resource found for 'Lahden kotiteollisuusopettajaopisto'
no resource found for 'Etnologiska institutionen vid Åbo Akademi'
no resource found for 'Affenpinserit'
no resource found for 'Joensuun puhelin'
no resource found for 'Karjaan maalaiskunta'
no resource found for 'Suomen kuoroliitto. Helsingin piiri'
no resource found for 'Kuopion yliopisto. Ortodontian ja sosiaalihammaslääketieteen laitos'
no resource found for 'Itä-Hämeen metsän hoitoyhdistys.'
no resource found for 'Valtion mieskotiteollisuusopisto'
no resource found for 'Aktia säästöpankki'
no resource found for 'Vihreä elämä'
no resource found for 'Itä-Hämeen maamieskäsityökoulu'
no resource found for 'Helsingin yliopisto. Käsityönopettajain koulutuslinja'
no resource found for 'Naantalin maalaiskunta'
no resource found for 'Luonnontieteellinen keskusmuseo. Kasvimuseo.'
no resource found for 'Seinäjoen  reservialiupseerit'
no resource found for 'Keravan seudun eläinsuojeluyhdistys'
no resource found for 'Saarijärven metsäoppilaitos'
no resource found for 'Ruska-Aromatica'
no resource found for 'Mäntyharjun metsänhoitoyhdistys'
no resource found for 'Lahden kotiteollisuuskoulu'
no resource found for 'Satakunnan ammattikorkeakoulun opiskelijat - SAMMAKKO'
no resource found for 'Senaatin kirkollis- ja opetusasiaintoimikunta'
no resource found for 'Tytärsaaren kalastajainseura'
no resource found for 'Oulun  suomalainen tyttökoulu'
no resource found for 'Kymenlaakson suojeluskuntapiirin kannatusyhdistys'
no resource found for 'Koulujen musiikkikeskus'
no resource found for 'Nikelin sairaala'
no resource found for 'Ylimaan metsäteknikot'
no resource found for 'Palovakuutusoakeyhtiö Imatra'
no resource found for 'Lahden kotiteollisuusopettajaopisto'
no resource found for 'Itä-Suomen faktorikerho'
no resource found for 'Oulun  suomalainen tyttökoulu'
no resource found for 'Varsinais-Suomen kanttori-urkuriyhdistys'
no resource found for 'Suomen Herefordkerho'
no resource found for 'Kiehiset'
no resource found for 'Saab Valmet'
no resource found for 'Helsingin yliopisto. Tutkimus- ja koulutuskeskus Palmenia'
no resource found for 'Rakennusalan Projektitiedosto'
no resource found for 'Oulun  suomalainen tyttökoulu'
no resource found for 'Majoitus- ja ravitsemiselinkeinon neuvosto'
no resource found for 'Savonlinnan kieli-instituutti'
no resource found for 'Loglift Jonsered Cranes'
no resource found for 'Laivaston Toimiupseeriveteraanit'
no resource found for 'Salon seudun puhelin'
no resource found for 'Maatalouden toimihenkilöliitto'
no resource found for 'Mietoisten osuuskassa'
no resource found for 'Helsinki. Talosuunnitteluosasto'
no resource found for 'Iisalmen maalaiskunta'
no resource found for 'Luoma-aho ja Mäkelä (läkkiastiatehdas)'
no resource found for 'Keski-Pohjanmaan erikoissairaanhoitopiiri'
no resource found for 'Suomen Science Fiction -kirjoittajat'
no resource found for 'Kuhmon kulttuurikornitsa-säätiö (1985-2000)'
no resource found for 'Kuusiluodon lukio'
no resource found for 'Tieteojenkäsittelyn palveluyritysten liitto'
no resource found for 'EAN-Finland'
no resource found for 'Teknillinen korkeakoulu. Sovelletun metallurgian laboratorio'
no resource found for 'Jyväskylän yliopisto. ATK-keskus'
no resource found for 'F. Heinon perilliset (tukkuliike)'
no resource found for 'Jyväskylän yliopisto. Perhetutkimusyksikkö'
no resource found for 'Uudenkaupungin maalaiskunta'
no resource found for 'Valtionhallinnon koulutuskeskus'
no resource found for 'Helsingin suomalainen tyttökoulu (1869-1919)'
no resource found for 'Starckjohann & Co'
no resource found for 'Kuopion korkeakoulu. Ehkäisevän hammaslääketieteen ja kariologian laitos'
no resource found for 'Pyhåjårven kunta (Uudenmaan lääni)'
no resource found for 'Suomen liikuntatoimenjohtajat'
no resource found for 'Omatarvepainojen esimiehet.'
no resource found for 'Eläkevakuutusyhtiö Ilmarinen'
no resource found for 'Seinänaapurien matkailu (yhtiö)'
no resource found for 'Suomen höyrykattilayhdistys'
no resource found for 'Lahden kultaseppäopisto'
no resource found for 'Suomen maa- ja sekatyöväen liitto'
no resource found for 'Sokos Hotels'
no resource found for 'Centralskogsnämnden skogskultur'
no resource found for 'Borgåbygdens svenska pensionärsförening'
no resource found for 'Oulu. Ympäristövirasto'
no resource found for 'Laitilan yksityisyrittäjät'
no resource found for 'Tampereen yliopisto. Tieteen-, teknologian- ja innovaatiotutkimuksen yksikkö.'
no resource found for 'Lahden kotiteollisuusopisto'
no resource found for 'Christopher Reusners Witwe  (kirjapaino, Tallinna, 1637-1638)'
no resource found for 'Turun hiippakunta'
no resource found for 'Naisten kansainvälinen rauhan ja vapauden liitto. Suomen osasto.'
no resource found for 'Maaseutupolitiikan yhteistöryhmä. Maaseutumatkailun teemaryhmä'
no resource found for 'Raisio  yhtymä'
no resource found for 'Vaasan rakentajat'
no resource found for 'Keski-Suomen allegiayhdistys'
no resource found for 'Itä-Uudenmaan sosiaalilähetys'
no resource found for 'Suomen uusperheellisten liitto'
no resource found for 'Kymenlaakson matkailuvaunuyhdistys SF-Caravan'
no resource found for 'Mutterikerho'
no resource found for 'Turun seudun kanttori-urkuriyhdistys'
no resource found for 'Itä-Suomen matkailuvaunuyhdistys SF-Caravan'
no resource found for 'Lahden kotiteollisuusopisto'
no resource found for 'Lapin piirirakennustoimisto'
no resource found for 'Suomen Assitej-keskus'
no resource found for 'Helsinki. Katu- ja viemäriosasto'
no resource found for 'Lahden taideinstituutti'
no resource found for 'Vaasan suomalainen Siion'
no resource found for 'Tilastokeskus. Tietojekäsittelyosasto'
no resource found for 'Loimaan maalaiskunta'
no resource found for 'Vieremän osuuskassa'
no resource found for 'Helsingin kaupunki. Kiinteistöyhtiöt.'
no resource found for 'Kuopion korkeakoulu. Ekologisen ympäristöhygienian laitos'
no resource found for 'Oulun yliopistollinen keskussairaala (Kliinisen genetiikan osasto)'
no resource found for 'Suomen huonekaluteollisuuden liitto'
no resource found for 'Hyvinkään maatalousopisto'
no resource found for 'Pyhän-säätiö'
no resource found for 'Norpe (Järvenpää)'
no resource found for 'Suomen opettajain raittiusliitto'
no resource found for 'Lappeenrannan teknillinen korkeakoulu. Sähkötekniikan osasto'
no resource found for 'Tampereen teknillinen yliopisto. Tiedonhallinnan laitos'
no resource found for 'Tilamarkkina-yhtiöt'
no resource found for 'Lohjan maalaiskunta'
no resource found for 'Jyväskylän yrittäjänaiset.'
no resource found for 'Pohjois-Savon ammattikorkeakoulu (Peltosalmi). Maaseutuopetus'
no resource found for 'Tähtitieteen harrastajain yhdistys Porin karhunvartijat'
no resource found for 'Kymen Lehtimedia'
no resource found for 'University of Tampere. Department of Social Policy'
no resource found for 'Hinnerjoen metsänhoitoyhdistys'
no resource found for 'Suomi. Helsingin raastuvanoikeus'
no resource found for 'Salon raakasokeritehdas (yhtiö)'
no resource found for 'Draamallinen lautakunta'
no resource found for 'Helsinki. Asemakaavaosasto'
no resource found for 'Tampereen Kauppaopiskelijat'
no resource found for 'Suomen Työväen Keksinäinen Paloapuyhdistys Turva'
no resource found for 'Paraisten maalaiskunta'
no resource found for 'Finnish Assitej Centre'
no resource found for 'Naiset 96'
no resource found for 'Valtion teknillinen tutkimuskeskus. Teknillinen infromaatiopalvelulaitos'
no resource found for 'Varsinais-Suomen maatalousteknikkojen kerho'
no resource found for 'Metsälan toimihenkilöliitto'
no resource found for 'Keisarillisen Suomen senaatin kirkollistoimituskunta'
no resource found for 'Etelä-Pirkanmaan  metsänhoitoyhdistys'
no resource found for 'Graninge Kainuu'
no resource found for 'Lahden taideoppilaitokset'
no resource found for 'Oulun  suomalainen tyttökoulu'
no resource found for 'Lahden kultaseppäopisto'
no resource found for 'Suomen kutomateollisuuden työnantajaliitto'
no resource found for 'Helsingin V yhteiskoulu'
no resource found for 'Kotiseutuliitto'
no resource found for 'Balineesin ja javaneesin rotukissayhdistys'
no resource found for 'Myyntimiehet Karjalan osasto'
no resource found for 'Reusner Christopher (kirjapaino, Tallinna, 1634-1637)'
no resource found for 'Helsingin yliopisto. Suukirurgian laitos'
no resource found for 'Suomen osteoporoosiliitto'
no resource found for 'Kuopion Puhelin'
no resource found for 'Suomen kutomateollisuuden työnantajaliitto'
no resource found for 'Pieksämäen keinosiemenyhdistys'
no resource found for 'Suomen teollisuuden harjoittajain keskinäinen tapaturmavakuutusyhdistys.'
no resource found for 'Helsingin työväen teatteri'
no resource found for 'Saimaan seudun matkailuvaunuyhdistys SF-Caravan'
no resource found for 'Metsänhoitoyhdistys Salpausselkä.'
no resource found for 'Friitalan nahkatehdas'
no resource found for 'Helsingin suomalainen tyttökoulu (1869-1919)'
no resource found for 'Suomen kääpiökoirayhdistys. Schipperke-alajaosto.'
no resource found for 'Suomen liikuntapaikkamestarit'
no resource found for 'Alavuden opetusalan ammattiyhdistys'
no resource found for 'Keski-Suomen työttömien yhdistys'
no resource found for 'Helsingin yliopisto. Käsityönopettajain koulutus'
no resource found for 'Helsingin yliopisto. Tutkimuspalvelut'
no resource found for 'ProAgria Pirkanmaan Maaseutukeskus'
no resource found for 'Tampereen teknillinen korkeakoulu. digitaali--ja tietokonetekniikan laboratorio'
no resource found for 'Etelä-Hämeen Nuorisoseurojen liitto'
no resource found for 'Deutsches Institut'
no resource found for 'Enator'
no resource found for 'Mainosmiesten Kerho'
no resource found for 'Yleisesikunta'
no resource found for 'Yleisesikunta'
no resource found for 'Suomen Työväen Keksinäinen Paloapuyhdistys Turva'
no resource found for 'Borgå stift. Stiftrådet. Avdelningen för ungdomsarbete'
no resource found for 'Maarian kunta'
no resource found for 'Vantaan kaupunki. Kaupunkisuunnitteluyksikkö.'
no resource found for 'Viipurin hovioikeus'
no resource found for 'Järvenpään kauppala.'
no resource found for 'Turun teknillisten laitosten ammattiosasto 93'
no resource found for 'Lohjan maalaiskunta'
no resource found for 'Tammisaaren maalaiskunta'
no resource found for 'Radioliikkeiden liitto. Turun piiriyhdistys'
no resource found for 'Merita pankki'
no resource found for 'Keisarillisen Suomen senaatin kirkollistoimituskunta'
no resource found for 'Finlands Assitej-centrum'
no resource found for 'Oulun yliopisto. Taloustieteiden osasto'
no resource found for 'Pohjolan A-Vakuutus'
no resource found for 'K-noutotukku'
no resource found for 'Helsingin yliopistollinen keskussairaala. Silmä- ja korvaklinikka'
no resource found for 'Kappa-Keskus'
no resource found for 'Ährärinseudun työttömät'
no resource found for 'Paraisten maalaiskunta'
no resource found for 'Kuopion maalaiskunta'
no resource found for 'Sibelius-akatemia. Musiikkikasvatuksen osasto.'
no resource found for 'Säteilyturvallisuuskeskus. Ydinturvallisuusosasto'
no resource found for 'Eurajoki. Kulttuurilautakunta'
no resource found for 'Suomen lääketieteellinen isotooppiyhdistys'
no resource found for 'Alzheimer-Keskusliitto'
no resource found for 'Lahden kotiteollisuuskoulu'
no resource found for 'Uutislehti UL 100'
no resource found for 'Etelä-Pirkanmaan kansanterveystyön kuntainliitto'
no resource found for 'Lahden taideoppilaitokset'
no resource found for 'Svenskt förbund för fysisk fostran för Finlands kvinnor.'
no resource found for 'Kuopion korkeakoulu. Fysiologian laitos'
no resource found for 'Turun kaupungin teknillisten laitosten työntekijäin ammattiosasto'
no resource found for 'Nuoren Keskustan liitto'
no resource found for 'Opiskelijaravintola Kesäleski'
no resource found for 'Suomen ongelmajäte'
no resource found for 'Suomen pankin virkailijayhdistys'
no resource found for 'Suomen  maaseudun puolue'
no resource found for 'Lahden taidekoulu'
no resource found for 'Tampereen seudun työttömät'
no resource found for 'Tanskandogiharrastajat'
no resource found for 'Borgå stift. Stiftrådet. Avdelningen för ungdomsarbete'
no resource found for 'Lahden kotiteollisuusopisto'
no resource found for 'Suomen viljakonttori'
no resource found for 'Kouluylihallitus'
no resource found for 'Martinlaakson yhteiskoulu'
no resource found for 'KWH Pipe'
no resource found for 'Mikkelin mielisairaanhoitokodin kuntainliitto'
no resource found for 'Tikkurila Coatings'
no resource found for 'Mainosmiesten Kerho'
no resource found for 'Kuopion korkeakoulu. Kliinisen kemian laitos'
no resource found for 'Lahden taideoppilaitokset'
no resource found for 'Nordea unioni Suomi.'
no resource found for 'Draamallinen lautakunta'
no resource found for 'Itä-Hämeen maamieskäsityökoulu'
no resource found for 'LC Kemijärvi/Koillistunturit'
no resource found for 'Suomen kanottiliitto'
no resource found for 'Malmin sairaala'
no resource found for 'Vihtijärven kylätoimikunta'
no resource found for 'Fredrik Mäkelä (läkkiastiatehdas)'
no resource found for 'Helsingin kunnallisrakennusmestarit'
no resource found for 'Luoma-aho ja Mäkelä (läkkiastiatehdas)'
no resource found for 'Teknologiakeskus Tietotaajama.'
no resource found for 'Suomen maa- ja sekatyöväen liitto'
no resource found for 'Suomen  kaasupuolustusyhdistys'
no resource found for 'Viherlaakson omakotiyhdistys'
no resource found for 'Kuopion korkeakoulu. Koe-eläinkeskus'
no resource found for 'Fredrik Mäkelä (läkkiastiatehdas)'
no resource found for 'Suomen hammashoitajat'
no resource found for 'Helsingi musiikkiopisto'
no resource found for 'Siivouskeskus'
no resource found for 'Fredrik Mäkelä (läkkiastiatehdas)'
no resource found for 'Tampereen teknilllisen korkeakoulun ylioppilaskunta'
no resource found for 'Keravan seudun lehdenjakajat'
no resource found for 'Norpe (Järvenpää)'
no resource found for 'Valtion mieskotiteollisuusopisto'
no resource found for 'Lappeenrannan teknillinen korkeakoulu. Hallintovirasto'
no resource found for 'Senaatin kirkollis- ja opetusasiaintoimikunta'
no resource found for 'Kalevan Nuorten Etelä-Hämeen piiri'
no resource found for 'Vaasan korkeakoulu. Laskentakeskus'
no resource found for 'Suomen Työväen Keksinäinen Paloapuyhdistys Turva'
no resource found for 'Salon kauppala'
no resource found for 'Suomen osastoavustajain yhdistys'
no resource found for 'Suomen kioskikauppiaat'
no resource found for 'Karjaan kauppala'
no resource found for 'Vauvamyönteisyys (yhdistys)'
no resource found for 'Helsingin Työväen Pyörä-Veikot'
no resource found for 'Suomen nuorisokirjallisuuden instituutti.'
no resource found for 'Senaatin kirkollis- ja opetusasiaintoimikunta'
no resource found for 'Kungliga Finska hushållningssällskapet'
no resource found for 'Suomen talkoot'
no resource found for 'Uudenmaan Nuuskut'
no resource found for 'Helsingin V yhteiskoulu'
no resource found for 'Musiikkikoulu Kantele'
no resource found for 'Vaasan korkeakoulun kirjasto'
no resource found for 'Uudenmaan Erityispalvelut -kuntayhtymä'
no resource found for 'Tampereen kauppa-apulaisseura'
no resource found for 'Startel'
no resource found for 'Markku Purho (toiminimi)'
no resource found for 'Myyntimiehet Karjalan osasto'
no resource found for 'Lahden kultaseppäopisto'
no resource found for 'Suomen autokorjaamojen liitto'
no resource found for 'Suomen jalkineliikkeenharjoittajain liitto'
no resource found for 'Tampereen kansaneläkeläisten yhdistys'
no resource found for 'Suomen kuntien teknikot'
no resource found for 'Porin maalaiskunta'
no resource found for 'Suomen vaatturityönantajain liitto'
no resource found for 'Kouluylihallitus'
no resource found for 'Kotkan Vanhainkodin kannatusyhdistys'
no resource found for 'Oulun  suomalainen tyttökoulu'
no resource found for 'Kuopion korkeakoulu. Parodontologian laitos'
no resource found for 'Korson työväenyhdistys'
no resource found for 'Pohjois-Savon maatalouskeskus'
no resource found for 'Kuopion maalaiskunta'
no resource found for 'Kuopion korkeakoulu. Farmasian teknologian laitos'
no resource found for 'Eesti Maaparandusprojekti. Geoloogiaosakond'
no resource found for 'Huolto- ja avustustoiminnan neuvottelukunt'
no resource found for 'Hämeen kansanopisto'
no resource found for 'Suomen nyrkkeilyn ystävät'
no resource found for 'Helsinki. Katurakennusosasto'
no resource found for 'Keisarillisen Suomen senaatin kirkollistoimituskunta'
no resource found for 'Suomen katsastusmarkkinointi'
no resource found for 'Koteva'
no resource found for 'Helsingin kaksoisyhteislyeso'
no resource found for 'Helsinki. Kaupunkisuunnitteluvirasto. Kansliaosasto'
no resource found for 'Teknillinen korkeakoulu. Vesirakennuksen laboratorio'
no resource found for 'Suomen teollisuuden vartionti'
no resource found for 'Hotelli- ja Ravintolahenkilökunnan Liitto'
no resource found for 'Muoviserres'
no resource found for 'Kiinteistötyöntekijäin Liitto'
no resource found for 'Sosiaali- ja terveysministeriö. Terveydenhuolto-osasto'
no resource found for 'Yleinen ylioppilaskirjasto'
no resource found for 'Suomi. Verohallitus'
no resource found for 'Kontiolahden osuuskassa'
no resource found for 'Helsingin suomalainen tyttökoulu (1869-1919)'
no resource found for 'Kliinisten labotatoriotutkimusten laaduntarkkailu'
no resource found for 'Österbottens centralyrkesskola'
no resource found for 'Turun ja Porin läänin kesyrotta- ja gerbiiliyhdistys'
no resource found for 'Kuopion korkeakoulu. Biokemian laitos'
no resource found for 'Seinäjoen Ursa'
no resource found for 'Tampereen kauppa-apulaisseura'
no resource found for 'Ristiinan metsänhoitoyhdistys'
no resource found for 'Päijät-Hämeen sairaanhoitopiirin kuntayhtymä'
no resource found for 'Voutilaisten sukuseura'
no resource found for 'Teo-Mar'
no resource found for 'Lahden kotiteollisuuskoulu'
no resource found for 'Siivoustietopalvelu'
no resource found for 'Hausjärven yhteislukio'
no resource found for 'Kirjastovirkailijayhdistys'
no resource found for 'Outokumpu. Terästeollisuus.'
no resource found for 'Turun kaupunki. Sosiaalikeskus'
no resource found for 'Suomen Punainen Risti. Viherlaakson osasto'
no resource found for 'Lahden taideoppilaitokset'
no resource found for 'LVY:n Pohjolan Kerho'
no resource found for 'Finlands svenska Nykterhetsförbund'
no resource found for 'Suomenkielisten teknikkojen seura'
no resource found for 'Marttatyttöjen partioliitto'
no resource found for 'Suomen lääkintävahtimestarien ja sairaankuljettajien yhdistys'
no resource found for 'Tampereen teknillinen yliopisto. Tuotantotalouden ja rakentamisen tiedekunta.'
no resource found for 'Eesti NSV Teaduste Akadeemia Teaduslik Raamatukogu'
no resource found for 'Osuuskassatyöntekijäin liitto'
no resource found for 'Valtion mieskotiteollisuusopisto'
no resource found for 'Teknillinen korkeakoulu. Teoreettisen metallurgian laboratorio'
no resource found for 'Metsäntutkimuslaitos. Suonenjoen tutkimusasema.'
no resource found for 'Suomen tullimiesliitto'
no resource found for 'Yleinen ylioppilaskirjasto'
no resource found for 'Synskadades bibliotek'
no resource found for 'Kuopion korkeakoulu. Laskentakeskus'
no resource found for 'Uotilanrinteen lukio'
no resource found for 'Kuopion korkeakoulu. Kielikeskus'
no resource found for 'Helsinki. Satamalaitos'
no resource found for 'Heinolan maalaiskunta'
no resource found for 'Mustasaaren musiikkijuhlat'
no resource found for 'Toijalan seudun reservialiupseerit'
no resource found for 'Turva, työväen Keskinäinen Vakuutusyhtiö'
no resource found for 'Luoma-aho ja Mäkelä (läkkiastiatehdas)'
no resource found for 'Helsingin suomalainen tyttökoulu (1869-1919)'
no resource found for 'Ekonoomiliitto'
no resource found for 'Suomenkielisen kirkollisen työn keskus (Saksa)'
no resource found for 'Oulun seudun ammattikorkeakoulun opiskelijat'
no resource found for 'Martinlaakson yhteiskoulu'
no resource found for 'Helsingin yliopisto. Systemaattisen teologian ja uskontotieteen laitos'
no resource found for 'Helsingin yliopisto. Systemaattisen teologian ja uskontotieteen laitos'
no resource found for 'Wienan karjalaisten liitto'
no resource found for 'Tuottajain mylly'
no resource found for 'Outokumpu. Terästeollisuus.'
no resource found for 'Helsingin yliopisto. Prosessioikeuden laitos'
no resource found for 'Keisarillisen Suomen senaatin kirkollistoimituskunta'
no resource found for 'Itä-Hämeen maamieskäsityökoulu'
no resource found for 'Suomen Forsiitti-Dynamiitti Osakeyhtiö – Finska Forcit-Dynamit Aktiebolaget'
no resource found for 'Suomen rotukissayhdistys. Siam-orientjaosto.'
no resource found for 'Suomen oppikoulujen toverikuntien liitto.'
no resource found for 'Koulutuspäälliköiden yhdistys'
no resource found for 'Mainosmiesten Kerho'
no resource found for 'Joensuun korkeakoulun kirjasto'
no resource found for 'Wärtsilä Meriteollisuus. Ylivieskan tehdas.'
no resource found for 'Metsänhoitoyhdistys Päijät-Häme'
no resource found for 'Ekotori'
no resource found for 'Leaf-Finland'
no resource found for 'Metsänhoitoyhdistys Itä-Häme'
no resource found for 'Etnologi vid Åbo Akademi'
no resource found for 'Tielaitoksen insinöörit'
no resource found for 'Sibelius-akatemia. Musiikkikasvatuksen, jazzin ja kansanmusiikin osasto.'
no resource found for 'Lappeenrannan teknillinen yliopisto. Kauppatieteiden tiedekunta'
no resource found for 'Suomen osteoporoosiliitto'
no resource found for 'Merita pankki'
no resource found for 'Pyörä toverit'
no resource found for 'Pohjois-Satakunnan säästöpankki'
no resource found for 'Suomen Osto- ja Logistiikkayhdistys LOGY'
no resource found for 'Pirkanmaan taitokeskus :'
no resource found for 'Helsingin kaksoisyhteislyeso'
no resource found for 'Pirkanmaan taitokeskus :'
no resource found for 'Maatalouden toimihenkilöliitto'
no resource found for 'TT-Koulutus'
no resource found for '6. Ohjuslaivue'
no resource found for 'Kuopion yliopisto. Opintotoimisto'
no resource found for 'Helsingin yliopisto. Atk-keskus. Ohjelmistojaosto'
no resource found for 'Kuusiluodon lukio'
no resource found for 'Pohjois-Savon ammattikorkeakoulu. Maaseutuopetus.'
no resource found for 'Suomi. Opetus- ja kulttuuriministeriö. Koulutuspolitiikan osasto.'
no resource found for 'M.A.S.I. Company'
no resource found for 'Helsinki. Liikuntavirasto'
no resource found for 'Suomen lastenpsykiatriayhdistys'
no resource found for 'Helsingin energia'
no resource found for 'MARK Suomen Markkinointiliitto'
no resource found for 'Turun yliopisto. Rehtorinvirasto'
no resource found for 'Merenkulkulaitos. M Merikarttaosasto'
no resource found for 'Eesti TA. Zooloogia ja Botaanika Instituut'
no resource found for 'Harlu-seura'
no resource found for 'Työturvallisuuskekus. Sähköalojen työalatoimikunta'
no resource found for 'Suomen Tykistömuseo'
no resource found for 'Tampereen teknillinen yliopisto. Arkkitehtuurin historian ja teorian laitos'
no resource found for 'Turva, työväen Keskinäinen Vakuutusyhtiö'
no resource found for 'Åbo hemslöjdslälrarinstitut - Åbolands vårdutbildning'
no resource found for 'Lappeenranta. Hallinto- ja henkilöstöjaosto'
no resource found for 'Myllyn paras'
no resource found for 'Talviuimarien kerho'
no resource found for 'Pro-Agria Pohjois-Savo'
no resource found for 'Suomen Sjögrenin syndrooma -yhdistys.'
no resource found for 'Kuopion yliopisto. Suupatologian, röntgenologian ja oikeushammaslääketieteen laitos'
no resource found for 'Borgå stift. Stiftsrådet. Avdelningen för barn-, ungdoms- och familjearbete'
no resource found for 'Sibelius-akatemia. Musiikkikasvatuksen, jazzin ja kansanmusiikin osasto.'
no resource found for 'Kirkon diakonia ja yhteiskuntatyö'
no resource found for 'Merita pankki'
no resource found for 'Helsingin taidemuseo (Tennispalatsi)'
no resource found for 'Kirkon av-toimitus'
no resource found for 'Saariston yläaste'
no resource found for 'Oulu yliopisto. Materiaalitekniikan laboratorio'
no resource found for 'Irti huumeista'
no resource found for 'Helsingin yliopisto. Elintarvike- ja ympäristötieteiden laitos.'
no resource found for 'Kuopion ympäristöhygienian opiskelijayhdistys Hyeena (Kuopion yliopisto)'
no resource found for 'Siivouskeskus'
no resource found for 'Kuusamon kaupunki. Vapaa-aikatoimi'
no resource found for 'Borgå hantverks- och konstindustriskola'
no resource found for 'Kauhavan kunta'
no resource found for 'OpusCapita'
no resource found for 'Suomen sosialidemokraattinen raittiusliitto'
no resource found for 'Kuopion yliopisto. Kliinisen patologian ja oikeuslääketieteen laitos'
no resource found for 'Kuopion yliopisto. Hammas- ja suukirurgian laitos'
no resource found for 'Oulun energia'
no resource found for 'Peräpohjolan nuorisoseurain liitto'
no resource found for 'Majoitus- ja ravitsemiselinkeinon neuvosto'
no resource found for 'Kauhajoen evankelinen opisto'
no resource found for 'ProAgria Satakunnan maaseutukeskus'
no resource found for 'Centralskogsnämnden skogskultur'
no resource found for 'Suomen welsh -poniyhdistys'
no resource found for 'Turva, työväen Keskinäinen Vakuutusyhtiö'
no resource found for 'Kuopion yliopisto. Toksikologian jatkokoulutusohjelma'
no resource found for 'Helsingin yliopisto. Lääketieteellisen kemian laitos'
no resource found for 'Suomen Työväen Keksinäinen Paloapuyhdistys Turva'
no resource found for 'Hausjärven yhteislukio'
no resource found for 'Borgå stift. Stiftsrådet. Avdelningen för barn-, ungdoms- och familjearbete'
no resource found for 'Tampereen yliopisto. Tiedon, tieteen-, teknologian- ja innovaatioiden tutkimuskeskus'
no resource found for 'Haapaveden ammattioppilaitos. Palvelu- ja luontoalan yksikkö Nora'
no resource found for 'Elektronikkainsinöörien seura'
no resource found for 'Valtakunnallinen työpajayhdistys.'
no resource found for 'Pohjois-Savon ammattikorkeakoulu. Maaseutuopetus.'
no resource found for 'Etelä-Pohjanmaan agronomit'
no resource found for '6. Ohjuslaivue'
no resource found for 'Suomen ulosottomiesten yhdistys.'
no resource found for 'Manskören Raseborg'
no resource found for 'Merita pankki'
no resource found for 'Jyväskylän yliopisto. Taloustieteellinen osasto. Tutkimuskeskus'
no resource found for 'Metalliteollisuuden Keskusliitto'
no resource found for 'Suomen Moottoriliitto'
no resource found for 'YIT-Huber'
no resource found for 'Suomen tullimiesliitto'
no resource found for 'G. W.Sohlberg (yhtiö)'
no resource found for 'Kirkon diakonia ja yhteiskuntatyö'
no resource found for 'LSA Foods'
no resource found for 'Suomen kiinteistövälittäjäliitto'
no resource found for 'Rajaturvallisuusunioni.'
no resource found for 'Aalto-yliopiston teknillinen korkeakoulu. Sovelletun mekaniikan laitos.'
no resource found for 'Veritas-ryhmä'
no resource found for 'Suomen yrittäjäopiston oppilasyhdistys'
no resource found for 'Siunauksela'
no resource found for 'Luoma-aho ja Mäkelä (läkkiastiatehdas)'
no resource found for 'Artemis Finland'
no resource found for 'EVTEK-Muotoiluinstituutti'
no resource found for 'Vaasan yliopisto. Käännösteorian, ammattikielten ja monikielisyyden tutkijaryhmä'
no resource found for 'Tampere. Kaupunginhallitus'
no resource found for 'Pohjois-Karjalan Prikaatin Kilta'
no resource found for 'Metsänhoitoyhdistys Itä-Häme'
no resource found for 'UPM Kymmene'
no resource found for 'Saarijärven metsäoppilaitos'
no resource found for 'Kymenlaakson Sähkö'
no resource found for 'suomen palontorjuntaliitto'
no resource found for 'Suomen Liikunnanopettajain Liitto'
no resource found for 'Veritas-ryhmä'
no resource found for 'Tampereen teknillinen yliopisto. Tuotantotalouden ja rakentamisen tiedekunta.'
no resource found for 'Kotiseutuliitto'
no resource found for 'Hausjärven yhteislukio'
no resource found for 'Turun yliopisto. UTULab'
no resource found for 'Wall, Johan Larsson  (kirjapaino, Turku, 1679-1710)'
no resource found for 'Huittisten kotiseutuyhdistys.'
no resource found for 'Kraft, Peter (kirjapaino, Västerås, 1801-1811)'
no resource found for 'Savonia-ammattikorkeakoulu. Sosiaali- ja terveysala'
no resource found for 'Eurooppanaiset'
no resource found for 'Kuusamon kaupunki. Kulttuuritoiminta'
no resource found for 'IC-98.'
no resource found for 'Jyväskylän lastentarhaseminaari'
no resource found for 'Vaasan yliopisto. Johtamisen yksikkö'
no resource found for 'Kulttuuriyhdistys Keri'
no resource found for 'Linjakori'
no resource found for 'Pohjois-Savon ammattikorkeakoulu. Maaseutuopetus.'
no resource found for 'Suomi. Maavoimat. Vienan Heimosoturipataljoona'
no resource found for 'Varhaisiän musiikinopettajat'
no resource found for 'Käsi- ja taideteollisuusliitto  Taito'
no resource found for 'Suomen vatamerentakainen kauppa (yhtiö)'
no resource found for 'Uudenmaan munuais- ja maksayhdistys UUMU'
no resource found for 'Finnish Music (yhdistys)'
no resource found for 'Varsinais-Suomen kiinteistöyhdistys.'
no resource found for 'Suomen huonekaluteollisuuden liitto'
no resource found for 'Suomi. Opetus- ja kulttuuriministeriö. Korkeakoulu- ja tiedepolitiikan osasto.'
no resource found for 'Impilahti-Seura'
no resource found for 'Turo Tailor'
no resource found for 'A. Ahlström (yhtiö). Åkerlund & Rausing'
no resource found for 'Aalto-yliopiston teknillinen korkeakoulu. Materiaalitekniikan laitos.'
no resource found for 'Marttatyttöjen partioliitto'
no resource found for 'Metsäalan teknisten liitto.'
no resource found for 'F. Heinon perilliset (tukkuliike)'
no resource found for 'Työväen Pyörä-Veikot'
no resource found for 'Suomi. Opetusministeriö. Koulutus- ja tiedepoliittinen osasto'
no resource found for 'Kumblinska tryckeriet  (kirjapaino, Tukholma, 1779-1805)'
no resource found for 'Inkeroisten lukio'
no resource found for 'Helsingin yliopisto. Käyttäytymistieteellisen tiedekunnan kirjasto'
no resource found for 'Tampereen teknillinen yliopisto. Sähkötekniikan osasto'
no resource found for 'Käsi- ja taideteollisuusliitto  Taito'
no resource found for 'Veritas keskinäinen vahinkovakuutusyhtiö'
no resource found for 'Helsinki. Ympäristökeskus'
no resource found for 'Keskustapuolueen naiset. Varsinais-Suomen piiri'
no resource found for 'Karjaan sosialidemokraattinen yhdistys'
no resource found for 'Tampereen kaupunki. Ympäristövirasto. Kaavoitusyksikkö'
no resource found for 'Haapaveden ammattioppilaitos. Palvelu- ja luontoalan yksikkö Nora'
no resource found for 'Kainuun yhteislyseo'
no resource found for 'Keski-Suomen Yrittäjänaiset'
no resource found for 'Leaf-Finland'
no resource found for 'Satakunnan sairaala'
no resource found for 'Helsingin energia'
no resource found for 'Matkailu- ravintolapalvelut MaRa'
no resource found for 'Suomen maallikkotuomarit'
no resource found for 'Nordea pankki Suomi'
no resource found for 'Matkailu- ravintolapalvelut MaRa'
no resource found for 'Yliopistojen ja korkeakoulujen Itä- ja Kaakkois-Aasian koulutusverkosto. Koordinaatioyksikkö'
no resource found for 'Suomi. Helsingin käräjäoikeus'
no resource found for 'Tilastokeskus. Tietojekäsittelyosasto'
no resource found for 'Alavuden opetusalan ammattiyhdistys'
no resource found for 'Inkeroisten yläaste'
no resource found for 'Postiliiton Kouvolan osasto 124'
no resource found for 'Tampereen teknillinen yliopisto. Tehoelektroniikka'
no resource found for 'Etelä-Hämeen Kalevan Nuoret'
no resource found for 'International Organization for Migration. Regional Office for the Nordic and  Baltic States and the European Neightbourhood countries (East)'
no resource found for 'Soste Suomen sosiaali ja terveys (yhdistys)'
no resource found for 'Sepsi-78'
no resource found for 'Satakunnan ammattikorkeakoulun opiskelijakunta SAMMAKKO'
no resource found for 'Helsingin evankelis-luterilainen opiskelija- ja koululaislähetys.'
no resource found for 'Rintamaveteraaniliitto. Uudenmaan piiri.'
no resource found for 'Stormossen'
no resource found for 'Metsänhoitoyhdistys Metsä-Saimaa'
no resource found for 'M.A.S.I. Company'
no resource found for 'Savonia-ammattikorkeakoulu. Sosiaali- ja terveysala'
no resource found for 'Kymijoen vesi ja ympäristö'
no resource found for 'JOT-yhtiö'
no resource found for 'Pirkanmaan taitokeskus :'
no resource found for 'Reposaaren peruskoulu'
no resource found for 'Itä- ja Keski-Suomen keinosiemenyhdistys'
no resource found for 'Unioni Naisasialiitto Suomessa'
no resource found for 'Espoon ja Kauniaisten opettajien ammattiyhdistys'
no resource found for 'Valtion teknillinentutkimuskeskus. Tietoratkaisut'
no resource found for 'Oulun yliopisto. Atk-keskus'
no resource found for 'Teknillinen korkeakoulu. Valaistuslaboratorio'
no resource found for 'Helsingin yliopisto. Parodontologian osasto'
no resource found for 'Suomen Puutyöväen liitto'
no resource found for 'Suomen rauhanliitto - YK-yhdistys'
no resource found for 'Haapaveden ammattioppilaitos. Palvelu- ja luontoalan yksikkö Nora'
no resource found for 'Työsuojelun vastuualueiden tukipalveluyksikkö'
no resource found for 'Maanmittauslaitos. Paikkatietokeskus'
no resource found for 'Helsingin taidemuseo (Meilahti)'
no resource found for 'Pirkanmaan taitokeskus :'
no resource found for 'Suomi. Maavoimat. Aunuksen Heimosoturipataljoona'
no resource found for 'VAV-asunnot'
no resource found for 'Tampereen yliopisto. Hallintotieteiden opintosuunta. Julkisoikeus'
no resource found for 'Jyväskylän lastentarhaopettajaopisto'
no resource found for 'Typis Gymnasii (kirjapaino, Viipuri, 1705-1706)'
no resource found for 'Pirkanmaan taitokeskus :'
no resource found for 'Turun yliopisto. Satakunnan ympäristöntutkuslaitos'
no resource found for 'Fredrik Mäkelä (läkkiastiatehdas)'
no resource found for 'A-Vakuutus'
no resource found for 'Turva, työväen Keskinäinen Vakuutusyhtiö'
no resource found for 'A-Vakuutus'
no resource found for 'Suomi. Sisäasiainministeriö. Hallinto-osasto'
no resource found for 'Hämeenlinnan suomalainen yhteiskoulu'
no resource found for 'MARK Suomen Markkinointiliitto'
no resource found for 'Etelä-Hämeen Nuorisoseurat'
no resource found for 'Helsingin yliopisto. Germaaninen filologia.'
no resource found for 'Saarijärven metsäoppilaitos'
no resource found for 'Malax-Korsnäs JHL'
no resource found for 'M.A.S.I. Company'
no resource found for 'Norpe (Järvenpää)'
no resource found for 'University of Tampere. Institute of Social Policy and Social Work'
no resource found for 'Metsäteknikkojen keskusliitto.'
no resource found for 'Terveys ja talous (yhdistys)'
no resource found for 'Metsäteknikkoliitto.'
no resource found for 'Suomi. Sisäasiainministeriö. Hallinto-osasto'
no resource found for 'TKP tieto'
no resource found for 'Herttoniemen yhteiskoulu'
no resource found for 'Helsingin yliopisto. Yksityismetsätalous'
no resource found for 'Lange, Johan Georg (kirjapaino, Tukholma, 1758-1792)'
no resource found for 'Borgå stift. Stiftsrådet. Avdelningen för barn-, ungdoms- och familjearbete'
no resource found for 'Karjalan tasavalta. Lainsäädäntökokous'
no resource found for 'Svenska  teatern'
no resource found for 'Sibelius-akatemia. Musiikkikasvatuksen, jazzin ja kansanmusiikin osasto.'
no resource found for 'Pohjois-Pohjanmaan sairaanhoitopiirin kuntainliitto'
no resource found for 'Tampereen teknillinen yliopisto. Elektroniikan ja tietoliikennetekniikan laitos'
no resource found for 'Lapuan ammatti-instituutti. Kauppa- ja hallintoala'
no resource found for 'Kuusiluodon lukio'
no resource found for 'Metsänhoitoyhdistys Metsä-Saimaa'
no resource found for 'Vaasan yliopisto. Kielten laitos'
no resource found for 'Metsäalan toimihenkilöliitto.'
no resource found for 'Helsingin kaupungin energialaitos. Työtoimisto'
no resource found for 'Hengitysliitto. Verve'
no resource found for 'Metsämiesten keskusseura.'
no resource found for 'Karjalan tasavalta. Lainsäädäntökokous'
no resource found for 'Varsinais-Suomen teleosuuskunta'
no resource found for 'Sibelius-Akatemia'
no resource found for 'Tampereen yliopisto. Hallintotieteiden opintosuunta. Julkishallinto'
no resource found for 'Suomen Vammaisurheilu ja -liikunta VAU'
no resource found for 'Neuvonta- ja palvelualojen toimihenkilöliitto.'
no resource found for 'Langinkosken yläaste'
no resource found for 'Aerosoli- ja ympäristöfysiikan laboratorio'
no resource found for 'JOT-yhtiö'
no resource found for 'Impilahti-Seura'
no resource found for 'Vaasan lääni'
no resource found for 'Helsingin teknillinen korkeakoulu'
no resource found for 'Suojoen seudun kyläyhdistys'
no resource found for 'Etelä-Suomen lääni'
no resource found for 'Helsingin rakennusmestarit ja insinöörit AMK'
no resource found for 'Iso-Britannia'
no resource found for 'Aalto yliopisto'
no resource found for 'Halikko'
no resource found for 'Kuopion lääni'
no resource found for 'Lahti'
no resource found for 'Viro'
no resource found for 'Tuusulan taidemuseo'
no resource found for 'Pudasjärven kansalaisopisto'
no resource found for 'Kuuba'
no resource found for 'Ruotsi'
no resource found for 'Ruotsi'
no resource found for 'Keski-Suomen lääni'
no resource found for 'Ruotsi'
no resource found for 'Venäjän sosialistinen federatiivinen neuvostotasavalta'
no resource found for 'Helsingin kaupungin ja Helsingin yliopiston neuvottelukunta'
no resource found for 'Uudenmaan lääni'
no resource found for 'International Association of Educational and Vocational Guidance'
no resource found for 'Outokumpu'
no resource found for 'Pyhän Lasaruksen ritarikunta'
no resource found for 'Sisu Terminal Systems'
no resource found for 'Naturpolis Kuusamo'
no resource found for 'Visulahden matkailukeskus'
no resource found for 'Gosudarstvennoe russkoe geografičeskoe obŝestvo'
no resource found for 'Pääesikunta'
no resource found for 'Pääesikunta'
no resource found for 'Organisation for Economic Co-operation and Development'
no resource found for 'Turun ja Porin lääni'
no resource found for 'Ålands landskapsstyrelse'
no resource found for 'Helsingin IV terveydenhuolto-oppilaitos'
no resource found for 'Helsingin energia'
no resource found for 'Ålands landskapsregering'
no resource found for 'Lapin lääni'
no resource found for 'Länsi-Suomen lääni'
no resource found for 'Keski-Suomen lääni'
no resource found for 'Omaiset mielenterveystyön tukena'
no resource found for 'Ruotsi'
no resource found for 'Heinolan ilmailukerho'
no resource found for 'Instrumentarium'
no resource found for 'Pohjoismainen eläinlääkäriyhdistys mastiitin tutkimiseksi ja vastustamiseksi'
no resource found for 'Järvenpään kotitalousopettajaopisto'
no resource found for 'Pohjois-Karjalan lääni'
no resource found for 'Pääesikunta'
no resource found for 'Alahärmä'
no resource found for 'Venäjän sosialistinen federatiivinen neuvostotasavalta'
no resource found for 'Pääesikunta'
no resource found for 'Keuruun kansalaisopisto'
no resource found for 'Etelä-Pohjanmaan työvoima- ja elinkeinokeskus'
no resource found for 'Viro'
no resource found for 'Helsinki'
no resource found for 'Uudenmaan lääni'
no resource found for 'Metalliteollisuuden liitto'
no resource found for 'Lahti'
no resource found for 'International Academy of Comparative Law'
no resource found for 'Suomen Pankki,'
no resource found for 'Hämeen lääni'
no resource found for 'Vaasan lääni'
no resource found for 'Sosiaali- ja terveysministeriö'
no resource found for 'Espoon kaupunginkanslia'
no resource found for 'Helsingin elintarviketyöntekijät'
no resource found for 'Oulun lääni'
no resource found for 'Pääesikunta'
no resource found for 'Omaiset mielenterveystyön tukena'
no resource found for 'Pedagos'
no resource found for 'Satakunnan helluntaiseurakunnat'
no resource found for 'Hämeen lääni'
no resource found for 'Helsingin yliopiston kirjasto'
no resource found for 'Ammatinvalinnanohjausneuvosto'
no resource found for 'University of the Arctic'
no resource found for 'Vaasan lääni'
no resource found for 'Pohjois-Karjalan lääni'
no resource found for 'Pohjois-Savon yliopistollisen sairaanhoitopiirin kuntainliitto'
no resource found for 'Masalan Kisa'
no resource found for 'Nordiska ministerrådet'
no resource found for 'Lapin lääni'
no resource found for 'European Accounting Association'
no resource found for 'Helsinki'
no resource found for 'PAM-Tampereen seudun liiketyöntekijät'
no resource found for 'Lapin lääni'
no resource found for 'Länsi-Suomen lääni'
no resource found for 'Suomen asianajajien liitto'
no resource found for 'Helsingin yliopiston kirjasto'
no resource found for 'Kenia'
no resource found for 'NOFOMA'
no resource found for 'Uudenmaan läänin keskiasteen koulunuudistuksen suunnittelulautakunta'
no resource found for 'Turun yliopisto (Rauma)'
no resource found for 'Myyntimiehet'
no resource found for 'European Histamine Research Society'
no resource found for 'Juvan kansalaisopisto'
no resource found for 'Yhteiskirjapaino'
no resource found for 'Rautatieläisten työttömyyskassa'
no resource found for 'Meksiko'
no resource found for 'Ympäristönsuojelun pohjoismainen virkamieskomitea'
no resource found for 'Myyntimiehet'
no resource found for 'Hollměn-suku'
no resource found for 'Leningradin alue'
no resource found for 'Terveydenhuolto 2000-luvulle'
no resource found for 'Lapin lääni'
no resource found for 'Paltamon kansalaisopisto'
no resource found for 'Savonia-ammattikorkeakoulu (Iisalmi)'
no resource found for 'European Geophysical Society'
no resource found for 'Venezuela'
no resource found for 'Københavns universitet'
no resource found for 'Instrumentarium'
no resource found for 'Kommittén för jämställdhetsfrågor'
no resource found for 'Rikkihappo'
no resource found for 'Umeå universitet'
no resource found for 'Kansainvälinen adoptiokeskus'
no resource found for 'Uudenmaan läänin Liikenneturvallisuuslautakunta'
no resource found for 'Ruotsi'
no resource found for 'Ruotsi'
no resource found for 'European Federation of Immunological Societies'
no resource found for 'Ruotsi'
no resource found for 'Tekninen korkeakoulu'
no resource found for 'Terveydenhuolto 2000-luvulle'
no resource found for 'Kulkkilan vapaa-aikakerho'
no resource found for 'Helsingin yliopiston kirjasto'
no resource found for 'Pohjois-Karjalan lääni'
no resource found for 'Malawi'
no resource found for 'Pohjoisen Keski-Suomen oppimiskeskus'
no resource found for 'Pääesikunta'
no resource found for 'Ruotsi'
no resource found for 'Summit Lighthouse'
no resource found for 'Etelä-Afrikka'
no resource found for 'Lapin lääni'
no resource found for 'Liettua'
no resource found for 'Mikkelin lääni'
no resource found for 'Vanhuspalveluprojekti'
no resource found for 'Ålands landskapsstyrelse'
no resource found for 'Hämeenlinnaan kaupunki'
no resource found for 'Kauppa- ja teollisuusministeriö'
no resource found for 'Sudan'
no resource found for 'Suomen teknologiatieto'
no resource found for 'United Nations'
no resource found for 'Etelä-Karjalan maakuntamuseo'
no resource found for 'Forsknings- och utvecklingsinstitutet Aronia vid Åbo Akademi och Yrkeshögskolan Sydväst'
no resource found for 'Rauman ammatti-instituutti'
no resource found for 'Lemminkäinen'
no resource found for 'Lapin lääninneuvottelukunta'
no resource found for 'Turun ja Porin lääni'
no resource found for 'Ålands landskapsregering'
no resource found for 'Kymen lääninhallitus'
no resource found for 'Närpes kommun'
no resource found for 'Jerusalemin kansainvälinen kristillinen suurlähetystö'
no resource found for 'Jyväskylä'
no resource found for 'Uudenmaan läänin keskiasteen koulunuudistuksen suunnittelulautakunta'
no resource found for 'Nordic Committee of the Humanities Research Councils'
no resource found for 'Lapin lääni'
no resource found for 'Pohjois-Karjalan lääni'
no resource found for 'Pohjoismainen forum'
no resource found for 'International Committee for Literary Museums'
no resource found for 'Integrated Land Ecosystem - Atmosphere Processes Study'
no resource found for 'Itä-Helsingin musiikkiopisto'
no resource found for 'Association démocratique des français à l'étranger'
no resource found for 'Ammatinvalinnanohjausneuvosto'
no resource found for 'Cyanamid international'
no resource found for 'Hämeen lääni'
no resource found for 'Akademija nauk Gruzinskoj SSR'
no resource found for 'Ruotsi'
no resource found for 'Nordiska juristmötena'
no resource found for 'Lapin lääni'
no resource found for 'Suomen nahanjalostustyöntekiäin liitto'
no resource found for 'Lapin lääni'
no resource found for 'Pohjois-Karjalan lääni'
no resource found for 'Pääesikunta'
no resource found for 'Etelä-Suomen lääni'
no resource found for 'Bird Strike Committee Europe'
no resource found for 'Svensk ungdom'
no resource found for 'Terveydenhuolto 2000-luvulle'
no resource found for 'Ruotsi'
no resource found for 'Graduate school of molecular medicine'
no resource found for 'Keski-Suomen lääni'
no resource found for 'National Library of Canada'
no resource found for 'Lapin lääni'
no resource found for 'Vaasan lääni'
no resource found for 'Indonesia'
no resource found for 'Maa- ja metsätalousministeriö'
no resource found for 'Uudenmaan lääni'
no resource found for 'Zonta International'
no resource found for 'Ruotsi'
no resource found for 'Viro'
no resource found for 'Etelä-Suomen lääni'
no resource found for 'Ruotsi'
no resource found for 'Vaasan lääni'
no resource found for 'Hämeen ammatti-instituutti'
no resource found for 'Liver Intensive Care Group of Europe'
no resource found for 'Keuruun kansalaisopisto'
no resource found for 'Turun ja Porin lääni'
no resource found for 'Rossijskaâ akademiâ nauk'
no resource found for 'Pohjoismainen konservaattoriliitto'
no resource found for 'VR urheilu'
no resource found for 'Kaivoslautakunta'
no resource found for 'Pääesikunta'
no resource found for 'Suurtalouspalvelu'
no resource found for 'Rikkihappo'
no resource found for 'United Nations'
no resource found for 'WILPF'
no resource found for 'Helsingin yliopiston kirjasto'
no resource found for 'United Nations'
no resource found for 'Alkuperäiskansojen maailmanneuvosto'
no resource found for 'European Accounting Association'
no resource found for 'Rauman kansalaisopisto'
no resource found for 'Ålands landskapsstyrelse'
no resource found for 'Outokumpu'
no resource found for 'Hämeen ammatti-instituutti'
no resource found for 'Lapin lääni'
no resource found for 'Pohjois-Karjalan lääni'
no resource found for 'Viro'
no resource found for 'Itä-Suomen lääni'
no resource found for 'Keski-Suomen lääni'
no resource found for 'Suomen vapaakirkon teologinen opisto'
no resource found for 'Pirkanmaan taitokeskus :'
no resource found for 'Hämeen lääni'
no resource found for 'Kankaanpään urheilijat'
no resource found for 'Ruotsi'
no resource found for 'Helsingin yliopiston kirjasto'
no resource found for 'Suomen sosialidemokraattisen opiskelijanuorison keskusliitto'
no resource found for 'European Round Table of Industrialists'
no resource found for 'Uudenmaan lääni'
no resource found for 'Mikkelin lääni'
no resource found for 'Uudenmaan lääni'
no resource found for 'Pääesikunta'
no resource found for 'Finlands evangelisk-lutherska kyrka'
no resource found for 'Scandinavian Society of Anaesthesiologists'
no resource found for 'Vanajaveden opisto'
no resource found for 'Mikkelin lääni'
no resource found for 'Vampula'
no resource found for 'International Road Federation'
no resource found for 'Kymidesign'
no resource found for 'Eurydice'
no resource found for 'Outokumpu'
no resource found for 'Myyntimiehet'
no resource found for 'International Council of Museums'
no resource found for 'Aalto-yliopiston avoin yliopisto'
no resource found for 'Terveydenhuolto 2000-luvulle'
no resource found for 'Pääesikunta'
no resource found for 'Textile Institute'
no resource found for 'Lappeenrannan keilailuliitto'
no resource found for 'Pääesikunta'
no resource found for 'Turun yliopisto :'
no resource found for 'Keski-Uudenmaan vesiensuojelun kuntainliitto'
no resource found for 'Liljendals församling'
no resource found for 'Chuo Kikuu cha Dar es Salaam'
no resource found for 'FIDEM'
no resource found for 'Sukuyhdistys Colliander'
no resource found for 'Forskningscentralen för de inhemska språken'
no resource found for 'Katolinen kirkko'
no resource found for 'Etelä-Pohjanmaan työvoima- ja elinkeinokeskus'
no resource found for 'Helsingin yliopiston kirjasto'
no resource found for 'Uudenmaan lääni'
no resource found for 'Pääesikunta'
no resource found for 'International Federation of Societies of Hand Therapists'
no resource found for 'Mikkelin lääni'
no resource found for 'Aalto yliopiston kauppakorkeakoulu'
no resource found for 'Turun ja Porin lääni'
no resource found for 'Kuopion lääni'
no resource found for 'Turun ja Porin lääni'
no resource found for 'Helsingin yliopiston kirjasto'
no resource found for 'Outokumpu'
no resource found for 'European Diabetic Nephropathy Study Group'
no resource found for 'Turun ja Porin lääni'
no resource found for 'Pohjois-Savon ammatillinen instituutti'
no resource found for 'Porin sosiaalialan oppilaitos'
no resource found for 'Matrosskij klub'
no resource found for 'International Society for STD Research'
no resource found for 'Kälviä'
no resource found for 'Kymen lääni'
no resource found for 'Sri Lanka'
no resource found for 'Helsinki'
no resource found for 'Ruotsi'
no resource found for 'Pääesikunta'
no resource found for 'Kanada'
no resource found for 'Porvoo'
no resource found for 'Katolinen kirkko'
no resource found for 'Pääesikunta'
no resource found for 'Keskussotilassairaala'
no resource found for 'National Research Council'
no resource found for 'Espoon työväenopisto'
no resource found for 'Ålands landskapsstyrelse'
no resource found for 'The Helsinki School of Economics'
no resource found for 'Oulun lääni'
no resource found for 'European Distance and E-Learning Network'
no resource found for 'Pääesikunta'
no resource found for 'Irak'
no resource found for 'International Society of Biomechanics'
no resource found for 'Scandinavian Endovascular Study Group'
no resource found for 'International Society of Technology Assessment in Health Care'
no resource found for 'Hämeen lääni'
no resource found for 'Helsinki'
no resource found for 'Turun ja Porin lääni'
no resource found for 'YK:n naisten kehitysrahasto'
no resource found for 'Etelä-Afrikka'
no resource found for 'Iso-Britannia'
no resource found for 'World town planning day'
no resource found for 'Vaasan lääni'
no resource found for 'Scandinavian Society for Clinical Chemistry and Clinical Physiology'
no resource found for 'Bahà'i-maailmankeskus'
no resource found for 'Philips'
no resource found for 'Länsi-Suomen lääni'
no resource found for 'Itä-Suomen lääni'
no resource found for 'Venäjän sosialistinen federatiivinen neuvostotasavalta'
no resource found for 'Organisation for Economic Co-operation and Development'
no resource found for 'Naisten kansainvälinen rauhan ja vapauden liitto'
no resource found for 'Military and Hospitaller Order of  Saint Lazarus of Jerusalem'
no resource found for 'Lapin lääni'
no resource found for 'International Association of Seismology and Physics of the Earth's Interior'
no resource found for 'United Nations'
no resource found for 'Turun ja Porin lääni'
no resource found for 'Finlands evangelisk-lutherska kyrka'
no resource found for 'Ålands landskapsstyrelse'
no resource found for 'Metsäteollisuus'
no resource found for 'Kenia'
no resource found for 'Posti'
no resource found for 'Suurpadot'
no resource found for 'International Council of Museums'
no resource found for 'Irako-työryhmä'
no resource found for 'Pääesikunta'
no resource found for 'Valmet-Rauma'
no resource found for 'Korpivaara'
no resource found for 'Maanpuolustuksen suunnittelukunta'
no resource found for 'Algol'
no resource found for 'Vaasan lääni'
no resource found for 'Helsingin sotainvalidit'
no resource found for 'Suomen Asianajajaliitto'
no resource found for 'Jyväskylän JHL'
no resource found for 'Sosiaali- ja terveysministeriö'
no resource found for 'Finlands evangelisk-lutherska kyrka'
no resource found for 'Helsinginki'
no resource found for 'Helsingin evankelis-luterilaiset seurakunnat'
no resource found for 'Keski-Suomen Mestarikilta'
no resource found for 'Pääesikunta'
no resource found for 'Ruotsi'
no resource found for 'Helsingin yliopiston kansantaloustieteen opiskelijat'
no resource found for 'Israel'
no resource found for 'Lapin lääni'
no resource found for 'Ålands landskapsstyrelse'
no resource found for 'Pohjois-Karjalan lääni'
no resource found for 'Pääesikunta'
no resource found for 'Hangö sommaruniversitet'
no resource found for 'Ruotsi'
no resource found for 'Lapin lääni'
no resource found for 'Terveydenhuolto 2000-luvulle'
no resource found for 'Keski-Pohjanmaan musiikkiopisto'
no resource found for 'Sosiaali- ja terveysministeriö'
no resource found for 'Pääesikunta'
no resource found for 'Liikenneliitto'
no resource found for 'Vantaan käsi- ja taideteollisuusoppilaitos'
no resource found for 'Alankomaat'
no resource found for 'Keski-Suomen lääni'
no resource found for 'Etelä-Suomen lääni'
no resource found for 'J. Hallenberg (yhtiö)'
no resource found for 'Jyväskylän ammatillinen aikuiskoulutuskeskus'
no resource found for 'Leningradin alue'
no resource found for 'Pääesikunta'
no resource found for 'Liikenneturva'
no resource found for 'Keski-Suomen lääni'
no resource found for 'Venäjän tiedeakatemia'
no resource found for 'Finlands evangelisk-lutherska kyrka'
no resource found for 'Helsingin yliopiston kirjasto'
no resource found for 'Helsingin yliopiston kirjasto'
no resource found for 'International Wine & Food Society'
no resource found for 'Suomen lakimiesyhdistys'
no resource found for 'Finlands evangelisk-lutherska kyrka'
no resource found for 'European Prosthodontic Association (EPA)'
no resource found for 'Varkauden kauppala'
no resource found for 'Merimasku'
no resource found for 'Turun ja Porin lääni'
no resource found for 'Vaasan lääni'
no resource found for 'International Institute of Administrative Sciences'
no resource found for 'Fiskars'
no resource found for 'Ranska'
no resource found for 'Uudenmaan lääni'
no resource found for 'Uudenmaan lääni'
no resource found for 'Keski-Uudenmaan ammattikoulutusyhtymä'
no resource found for 'Ikaalistenseudun sähkötyöntekijät'
no resource found for 'Turun kesäyliopisto'
no resource found for 'Keski-Savon hoivakehitys'
no resource found for 'Raute'
no resource found for 'Australia'
no resource found for 'Terveydenhuolto 2000-luvulle'
no resource found for 'Keski-Suomen lääni'
no resource found for 'Espanja (Suomi)'
no resource found for 'Terveydenhuolto 2000-luvulle'
no resource found for 'Tšekkoslovakia'
no resource found for 'Finlandia Foundation'
no resource found for 'Universitetet i Oslo'
no resource found for 'Espoon kapunki'
no resource found for 'Metsäylioppilaat'
no resource found for 'Kymen lääni'
no resource found for 'Arma Aboa'
no resource found for 'Valtion teknillinen tutkimuskeskus (Tampere)'
no resource found for 'Sosiaali- ja terveysministeriö'
no resource found for 'Mikkelin lääni'
no resource found for 'Uudenmaan lääni'
no resource found for 'Kyösti Haatajan rahasto'
no resource found for 'Ruth D. Lechuga -kokoelma (Museo Ruth Lechuga de Arte popular (Ruth D. Lechuga -kokoelma)'
no resource found for 'Viro'
no resource found for 'Hämeen lääni'
no resource found for 'Keski-Suomen lääni'
no resource found for 'Mikkelin lääni'
no resource found for 'Pohjois-Karjalan lääni'
no resource found for 'Pohjois-Karjalan lääni'
no resource found for 'Ruotsi'
no resource found for 'Lapin lääni'
no resource found for 'Pohjois-Karjalan lääni'
no resource found for 'Vsesojuznyi nautšno-issledovatelski institut sovetskogo zakonodatelstva'
no resource found for 'Oulun lääni'
no resource found for 'Ulkomaankaupan agenttiliitto'
no resource found for 'Vaasan lääni'
no resource found for 'Uudenmaanläänin sosialidemokraattinen vaalipiiri'
no resource found for 'Vasa svenska flicklyceum'
no resource found for 'Unkari (Suomi)'
no resource found for 'Suomen muuraustyöntekijäin liitto'
no resource found for 'Metodistikirkko'
no resource found for 'Keski-Suomen lääni'
no resource found for 'Etelä-Suomen lääni'
no resource found for 'Suomen lasi- ja posliinityöväenliitto'
no resource found for 'Oulun lääni'
no resource found for 'International Federation for Theatre Research'
no resource found for 'Kouvolan seudun kansanterveystyön kuntayhtymä'
no resource found for 'Maanpuolustuskoulutus'
no resource found for 'International Association for the Study of Popular Music'
no resource found for 'Myyntimiehet'
no resource found for 'Malax-Korsnäs medborgarinstitut'
no resource found for 'Merimasku'
no resource found for 'Pääesikunta'
no resource found for 'Suomen työnantajain keskusliitto ja Suomen teollisuustoimihenkilöiden liitto'
no resource found for 'Finlands evangelisk-lutherska kyrka'
no resource found for 'Kymmene'
no resource found for 'Energiateollisuus'
no resource found for 'Vaasan lääni'
no resource found for 'Svenska lyceet i Åbo'
no resource found for 'Alahärmän sotaveteraanit'
no resource found for 'Helsingin yliopiston kirjasto'
no resource found for 'Pääesikunta'
no resource found for 'Lahti'
no resource found for 'Pääesikunta'
no resource found for 'Österbottniska nationen vid Åbo Akademi'
no resource found for 'European Airlines Committee for Materials Technology'
no resource found for 'Wärtsilä Meriteollisuus'
no resource found for 'Pohjoismainen audiologian seura'
no resource found for 'Valtion teknillinen tutkimuskeskus (Oulu)'
no resource found for 'Pohjois-Karjalan lääni'
no resource found for 'Katolinen kirkko'
no resource found for 'Hämeen lääni'
no resource found for 'Finnforest'
no resource found for 'Universitätsbibliothek Berlin'
no resource found for 'Kittilä'
no resource found for 'Halikko'
no resource found for 'Turun ja Porin lääni'
no resource found for 'Nordisk litteratur- og bibliotekskommitten'
no resource found for 'Ammatti-instituutti Iisakki'
no resource found for 'Ruotsi'
no resource found for 'Pohjois-Karjalan lääni'
no resource found for 'Opetusministeriö'
no resource found for 'Instrumentarium'
no resource found for 'Ruotsi'
no resource found for 'Japanese Chin'
no resource found for 'Kiipun kyläyhdistys'
no resource found for 'Iso-Britannia'
no resource found for 'Pääesikunta'
no resource found for 'Leningradin alue'
no resource found for 'Pääesikunta'
no resource found for 'Pudasjärven kansalaisopisto'
no resource found for 'Turun ja Porin lääni'
no resource found for 'Suomen lähetysseura'
no resource found for 'Uudenmaan lääni'
no resource found for 'Helsingin yliopiston kirjasto'
no resource found for 'Kiuruveden seurakunta'
no resource found for 'Suomalais-ugrilainen kulttuuritoimikunta'
no resource found for 'Hämeen lääni'
no resource found for 'Helsingin yliopiston kirjasto'
no resource found for 'International Law Commission'
no resource found for 'Oppikoulunopettajain keskusjärjestö'
no resource found for 'Terveydenhuolto 2000-luvulle'
no resource found for 'European Underwater and Baromedical Society'
no resource found for 'Turun yliopisto :'
no resource found for 'Akademiâ nauk SSSR'
no resource found for 'Lapin lääni'
no resource found for 'Oulun lääni'
no resource found for 'Kanada'
no resource found for 'Terveydenhuolto 2000-luvulle'
no resource found for 'Kuopion lääni'
no resource found for 'Lapin lääni'
no resource found for 'Rikkihappo'
no resource found for 'Ahmadu Bello University (Zaria, Nigeria)'
no resource found for 'Pohjois-Karjalan lääni'
no resource found for 'Etelä-Suomen lääninhallitus'
no resource found for 'Lapin lääni'
no resource found for 'Motiva Services'
no resource found for 'Turun ja Porin lääni'
no resource found for 'Kymen lääni'
no resource found for 'Lapin Ryijy- ja Mattokutomo'
no resource found for 'Keski-Savon hoivakehitys (yhdistys)'
no resource found for 'Fiskars'
no resource found for 'Akademija nauk Estonskoi SSR'
no resource found for 'Keskustanaiset'
no resource found for 'Espanja'
no resource found for 'Maaseutupolitiikan yhteistöryhmä'
no resource found for 'UPM'
no resource found for 'Suomen posteljooniyhdistys'
no resource found for 'Kokkola'
no resource found for 'Saksanpaimenkoiraliitto'
no resource found for 'UBC Commission on Urban Planning'
no resource found for 'Sisäasiainministeriö'
no resource found for 'Bulgaria'
no resource found for 'Finlands evangelisk-lutherska kyrka'
no resource found for 'Lapin lääni'
no resource found for 'International Committee for Prevention and Treatment of Depression'
no resource found for 'Ekono'
no resource found for 'Ruotsi'
no resource found for 'Pääesikunta'
no resource found for 'Pääesikunta'
no resource found for 'Itä-Suomen lääni'
no resource found for 'Limingan Niittomiehet'
no resource found for 'Alankomaat'
no resource found for 'Pohjois-Karjalan lääni'
no resource found for 'Helsingin meijeri- ja juustotyöntekijät'
no resource found for 'Ålands landskapsstyrelse'
no resource found for 'Kansainvälinen taidearvostelijain liitto, AICA'
no resource found for 'Agricultural Research Corporation (Sudan)'
no resource found for 'Vaasan lääni'
no resource found for 'Ruotsi'
no resource found for 'Kanada'
no resource found for 'European Social Leagues Against Rheumatism'
no resource found for 'European Cooperation in the Field of Scientific and Technical Research'
no resource found for 'Terveydenhuolto 2000-luvulle'
no resource found for 'Pohjois-Karjalan työvoima- ja elinkeinokeskus'
no resource found for 'Ruotsi'
no resource found for 'Chalmers tekniska högskola'
no resource found for 'Helsingin teknillinen korkeakoulu'
no resource found for 'Sund kommun'
no resource found for 'Pohjois-Karjalan lääni'
no resource found for 'Society for Invertebrate Pathology'
no resource found for 'International Police Association'
no resource found for 'Oulun lääni'
no resource found for 'Turun ja Porin lääni'
no resource found for 'Venäjän sosialistinen federatiivinen neuvostotasavalta'
no resource found for 'Terveydenhuolto 2000-luvulle'
no resource found for 'Jyväskylän maalaiskunnan JHL'
no resource found for 'Keski-Suomen lääni'
no resource found for 'Lapin lääni'
no resource found for 'Helsingin yliopiston kirjasto'
no resource found for 'Alma Media Kustannus'
no resource found for 'Kooperativa förbundet (Ruotsi)'
no resource found for 'Aleksanteri Instituutti'
no resource found for 'Länsi-Suomen lääni'
no resource found for 'Puola'
no resource found for 'Suomen pyhäkouluyhdistys'
no resource found for 'Kauppa- ja teollisuusministeriö'
no resource found for 'Turun yliopiston kauppakorkeakoulu'
no resource found for 'Työväen ja pienviljelijäin sosialidemokrattinen liitto'
no resource found for 'Helsingin yliopiston kirjasto'
no resource found for 'Helsingin yliopiston kirjasto'
no resource found for 'Posti'
no resource found for 'Yhdyskunta- ja rakennustutkimuksen neuvottelukunta'
no resource found for 'Vaasan lääni'
no resource found for 'Suomen Kiinteistöliitto'
no resource found for 'Mikkelin lääni'
no resource found for 'Keskustanaiset'
no resource found for 'Itä-Suomen lääni'
no resource found for 'Ruotsi'
no resource found for 'Comité international des sciences historiques'
no resource found for 'Pääesikunta'
no resource found for 'Hämeen lääni'
no resource found for 'Helsingin yliopiston kirjasto'
no resource found for 'Kymen lääni'
no resource found for 'Uudenmaan lääni'
no resource found for 'Uudenmaan lääni'
no resource found for 'Leningradskaâ gosudarstvennaâ konservatoriâ'
no resource found for 'Opstock-yhtiöt'
no resource found for 'Rossijskaâ akademiâ nauk'
no resource found for 'Suomen luotsi- ja majakkalaitos'
no resource found for 'Kannuksen kunta'
no resource found for 'Handelshøjskolen i Århus'
no resource found for 'Akademiet for de tekniske videnskaper'
no resource found for 'Ruotsi'
no resource found for 'Etelä-Suomen lääninhallitus'
no resource found for 'Lapin kunta Tl'
no resource found for 'Oulun lääni'
no resource found for 'Uudenmaan lääni'
no resource found for 'Association of European Open Air Museums'
no resource found for 'Uudenmaan lääni'
no resource found for 'Hämeen lääni'
no resource found for 'Tornion kaupungin työntekijät ja viranhaltijat'
no resource found for 'Etelä-suomen sosiaalialan osaamiskeskus'
no resource found for 'Lapin lääni'
no resource found for 'Lapin lääni'
no resource found for 'Hämeen lääni'
no resource found for 'Turun ja Porin lääni'
no resource found for 'Rauman ammatti-instituutti'
no resource found for 'Lapin lääni'
no resource found for 'International Institute of Public Finance'
no resource found for 'Eesti Maaparandusprojekti'
no resource found for 'Pohjois-Karjalan lääni'
no resource found for 'Metalliteollisuuden liitto'
no resource found for 'Eesti Evangeeliumi Luteri Usu Kirik Eksiilis (Kanada)'
no resource found for 'Uudenmaan lääni'
no resource found for 'Hämeen lääni'
no resource found for 'Pohjois-Savon ammatillinen instituutti'
no resource found for 'Vaasan lääni'
no resource found for 'Uudenmaan lääni'
no resource found for 'Akademija meditsinskih nauk SSSR'
no resource found for 'Lapin lääni'
no resource found for 'Suurpadot'
no resource found for 'Rauta- ja metallityöväen liitto'
no resource found for 'Sjundeå kommun'
no resource found for 'Luonnontieteellinen keskusmuseo LUOMUS'
no resource found for 'Tapiolan koulu'
no resource found for 'Österbottens högskola'
no resource found for 'Laukaan kansalaisopisto'
no resource found for 'Lapin lääni'
no resource found for 'Venäjä'
no resource found for 'Kymen työvoima- ja elinkeinokeskus'
no resource found for 'Teollisuusvakuutus'
no resource found for 'Sibbo Vargarna'
no resource found for 'Pohjois-Karjalan lääni'
no resource found for 'Finlands evangelisk-lutherska kyrka'
no resource found for 'Kouvolan-Valkealan kansanterveystyön kuntayhtymä'
no resource found for 'Mikkelin lääni'
no resource found for 'Keski-Suomen lääni'
no resource found for 'Jalasjärven kansalaisopisto'
no resource found for 'Lapin lääni'
no resource found for 'Ruotsi'
no resource found for 'Etelä-Suomen lääni'
no resource found for 'Pohjois-Karjalan lääni'
no resource found for 'Hämeen lääni'
no resource found for 'Sosiaali- ja terveysministeriö'
no resource found for 'Ålands landskapsstyrelse'
no resource found for 'IMS-87'
no resource found for 'European Association of South Asian Archaeologists'
no resource found for 'Outokumpu'
no resource found for 'Scandinavian Neurosurgical Society'
no resource found for 'Sotainvalidien Veljesliitto'
no resource found for 'Malax-Korsnäs medborgarinstitutet'
no resource found for 'International Flame Research Foundation'
no resource found for 'Katolinen kirkko'
no resource found for 'Karstulan yhteiskoulun teinikunta'
no resource found for 'Starckjohann'
no resource found for 'Lapin lääni'
no resource found for 'Teknisen kaupan liitto'
no resource found for 'Nordisk veterinärförening för husdjurreproduktion'
no resource found for 'Kymen lääni'
no resource found for 'Lapin lääni'
no resource found for 'Asylum Seekers' Active Partnership'
no resource found for 'Liikenneministeriö'
no resource found for 'Etelä-Suomen lääninhallitus'
no resource found for 'Lapin lääni'
no resource found for 'Eurajoki'
no resource found for 'Terveyttä 2000-luvulle'
no resource found for 'Ruotsi'
no resource found for 'Kiina'
no resource found for 'Hämeen lääni'
no resource found for 'International Association for Mass Communication Research'
no resource found for 'Helsingin työväenopisto'
no resource found for 'Pohjois-Karjalan työvoima- ja elinkeinokeskus'
no resource found for 'Ruotsi'
no resource found for 'Turun ja Porin lääni'
no resource found for 'Akademiâ nauk SSSR'
no resource found for 'Aalto yliopiston teknillinen korkeakoulu'
no resource found for 'International Society for Horticultural Science'
no resource found for 'Kenia'
no resource found for 'Esikoislestadiolaiset'
no resource found for 'Kuopion lääni'
no resource found for 'Mikkelin lääni'
no resource found for 'Sotatieteen laitos'
no resource found for 'Suomen lähetysseura'
no resource found for 'Intia'
no resource found for 'Finlands evangelisk-lutherska kyrka'
no resource found for 'Vaasan lääni'
no resource found for 'Nurmijärven kaupunki'
no resource found for 'Kommunistinen akatemia'
no resource found for 'Abo Akademi'
no resource found for 'Suomen metsäkeskus'
no resource found for 'Roche'
no resource found for 'Gosudarstvennyj russkij muzej'
no resource found for 'University of Dar es Salaam'
no resource found for 'Akateemiset maaseudun nuoret'
no resource found for 'European Society for Paediatric Infectious Diseases'
no resource found for 'European Society for Paediatric Research'
no resource found for 'Rakennusalan työttömyyskassa'
no resource found for 'Euroopan kulttuurisäätiö'
no resource found for 'Nordiska rådet'
no resource found for 'Keuruun kansalaisopisto'
no resource found for 'Hämeen lääni'
no resource found for 'Keski-Pohjanmaan maaseutuopisto'
no resource found for 'Lapin lääninneuvottelukunta'
no resource found for 'Sosiaali- ja terveysmnisteriö'
no resource found for 'Turun ja Porin lääni'
no resource found for 'Terveydenhuolto 2000-luvulle'
no resource found for 'Hämeen ratsurykmentti'
no resource found for 'Lapin lääni'
no resource found for 'Hämeen lääninhallitus'
no resource found for 'Suomen sähkötyöntekijäinliitto'
no resource found for 'Turun ja Porin lääni'
no resource found for 'Osuuspankkikeskus'
no resource found for 'Ingå-Sjundeånejdens miljövårdsförening'
no resource found for 'Kommunističeskaja partija Sovetskogo Sojuza'
no resource found for 'Oulujoki-opisto'
no resource found for 'Ruotsi'
no resource found for 'Fédération cynologique internationale'
no resource found for 'Etelä-Suomen lääni'
no resource found for 'Länsi-Suomen lääni'
no resource found for 'Aeronautical information service'
no resource found for 'Pohjois-Karjalan lääni'
no resource found for 'Käsi- ja pienteollisuuden keskusliitto'
no resource found for 'Alko-yhtiöt'
no resource found for 'Terveydenhuolto 2000-luvulle'
no resource found for 'Latvia'
no resource found for 'Venäjän sosialistinen federatiivinen neuvostotasavalta'
no resource found for 'Bahà'i-maailmankeskus'
no resource found for 'Hämeen ammatti-instituutti'
no resource found for 'Lapin lääni'
no resource found for 'Kartastoasiain neuvottelukunta'
no resource found for 'Mikkelin seurakuntayhtymä'
no resource found for 'Uudenmaan lääni'
no resource found for 'Göteborgs universitet'
no resource found for 'Finnish hot road association'
no resource found for 'Pohjois-Karjalan lääni'
no resource found for 'Karjalohja'
no resource found for 'Vaatturiliitto'
no resource found for 'Saarijärven kansalaisopisto'
no resource found for 'Länsi-Suomen lääni'
no resource found for 'Keski-Suomen lääni'
no resource found for 'Naisiin kohdistuvan väkivallan ehkäisyprojekti 1998-2002'
no resource found for 'International Police Association'
no resource found for 'Ilmavoimat'
no resource found for 'Kymen lääni'
no resource found for 'Keski-Suomen lääni'
no resource found for 'Oulun lääni'
no resource found for 'Stockholms universitet'
no resource found for 'Marxilainen työväenliitto'
no resource found for 'Leningradskaja gosudarstvennaja konservatorija'
no resource found for 'Liperi'
no resource found for 'Committee for Literature and Art Archives'
no resource found for 'Vatikaanin kirkolliskokous :'
no resource found for 'Namibia'
no resource found for 'Suomen sosialidemokraattisen opiskelijanuorison keskusliitto'
no resource found for 'Aalto yliopiston teknillinen korkeakoulu'
no resource found for 'Ålands landskapsstyrelse'
no resource found for 'Suomen kulttuurirahasto'
no resource found for 'Uudenmaan lääni'
no resource found for 'Oulun lääni'
no resource found for 'Kanada'
no resource found for 'Lapin lääni'
no resource found for 'Paltamon kansalaisopisto'
no resource found for 'Suomen kylätoiminta'
no resource found for 'Turun poliisilaitos'
no resource found for 'Lokalahden kunta'
no resource found for 'Sähköliitto'
no resource found for 'Revolutionary Government of Zanzibar'
no resource found for 'Iran'
no resource found for 'Ruotsi'
no resource found for 'Lappeenrannan työväenyhdistys'
no resource found for 'Kanada'
no resource found for 'Seksuaalinen tasavertaisuus'
no resource found for 'Pääesikunta'
no resource found for 'Turun ja Porin lääni'
no resource found for 'Sosiaali- ja terveysministeriö'
no resource found for 'Lapin lääni'
no resource found for 'Japani'
no resource found for 'International Police Association'
no resource found for 'Pääesikunta'
no resource found for 'Oulun lääni'
no resource found for 'Helsingin yliopiston kirjasto'
no resource found for 'Hämeen lääni'
no resource found for 'Pirkanmaan ammattiopisto'
no resource found for 'Deutsche Bischofskonferenz'
no resource found for 'Terveydenhuolto 2000-luvulle'
no resource found for 'European Institute of Public Administration'
no resource found for 'Outokumpu'
no resource found for 'Suomen Meripelastusseura'
no resource found for 'Uudenmaan lääni'
no resource found for 'Metallityöväen työttömyyskassa'
no resource found for 'Espoon seudun koulutuskuntayhtymä'
no resource found for 'Helsingin yliopiston kirjasto'
no resource found for 'NaTur-projekti'
no resource found for 'Helsingin yliopiston kehityspalvelut'
no resource found for 'Helsinki'
no resource found for 'Helsingin yliopiston kirjasto'
no resource found for 'Viro'
no resource found for 'Irako-työryhmä'
no resource found for 'Itä-Suomen lääni'
no resource found for 'Keski-Pohjanmaan maaseutuakatemia'
no resource found for 'Mölnlycke'
no resource found for 'Krigsinvalidernas brödraförbund'
no resource found for 'Ruotsi'
no resource found for 'Mikkelin lääni'
no resource found for 'International Society for Addiction Medicine'
no resource found for 'EU-matkailuasiain neuvottelukunta'
no resource found for 'International Law Association'
no resource found for 'Uudenmaan karjalaisseurojen piiri'
no resource found for 'Peru'
no resource found for 'Kymi Kymmene'
no resource found for 'Lievestuoreen varikko'
no resource found for 'Lapin lääni'
no resource found for 'Pääesikunta'
no resource found for 'Truckers International Association'
no resource found for 'Otava (kustannusosakeyhtiö)'
no resource found for 'International Association of Judges'
no resource found for 'Helsingin yliopiston kemianopiskelijat'
no resource found for 'Opstock-yhtiöt'
no resource found for 'Nordisk barnkirurgisk förening'
no resource found for 'Ruotsi'
no resource found for 'Kuopion lääni'
no resource found for 'Itä-Suomen lääni'
no resource found for 'Ilves'
no resource found for 'Hämeen ammatti-instituutti'
no resource found for 'Ruotsi'
no resource found for 'Työterveyssäätiö'
no resource found for 'Euoropean Diabetic Nephropathy Study Group'
no resource found for 'Ruotsi'
no resource found for 'Jakobstads arbetarinstitut'
no resource found for 'Rakennustyöväen liitto'
no resource found for 'PAM-Valkeakosken liiketyöntekijät'
no resource found for 'Vaasan lääni'
no resource found for 'Congress of the International Association of Gerontology'
no resource found for 'Stockholms universitet'
no resource found for 'Katolinen kirkko'
no resource found for 'Pohjois-Savon työvoima- ja elinkeinokeskus'
no resource found for 'Frihetskrigarnas vårdstiftelse'
no resource found for 'Forssan seudun aluekeskusohjelma'
no resource found for 'International Association of Women in Radio and Television'
no resource found for 'Mikkelin lääni'
no resource found for 'Gosstroj'
no resource found for 'Romania'
no resource found for 'International Council of Museums'
no resource found for 'Ruotsi'
no resource found for 'Kartastoasiain neuvottelukunta'
no resource found for 'Pudasjärven kansalaisopisto'
no resource found for 'Sotatieteen laitos'
no resource found for 'Norja'
no resource found for 'Islanti'
no resource found for 'National Research Council'
no resource found for 'Kynnys'
no resource found for 'Umeå universitet'
no resource found for 'Outokumpu'
no resource found for 'International Federation of Hard of Hearing People'
no resource found for 'Organisation for Economic Co-operation and Development'
no resource found for 'Suomen sosialidemokraattinen raittiusliitto'
no resource found for 'Turun ja Porin lääni'
no resource found for 'Arbetets vänner'
no resource found for 'Hämeenlinnan Tiikerit'
no resource found for 'Ruotsi'
no resource found for 'Pohjois-Karjalan lääni'
no resource found for 'International Association of Judges'
no resource found for 'Svenskakyrkans församlingsnämnd'
no resource found for 'Ilmeen nuorisoseura'
no resource found for 'Rossijskaâ akademiâ nauk'
no resource found for 'Ruotsi'
no resource found for 'Tsekkoslovakia'
no resource found for 'Rauman ammatti-instituutti'
no resource found for 'European Union for School and University Health and Medicine'
no resource found for 'Pohjois-Karjalan lääni'
no resource found for 'Uudenmaan lääni'
no resource found for 'Ruotsi'
no resource found for 'FC HIK'
no resource found for 'Hämeen lääni'
no resource found for 'Lääketukku'
no resource found for 'Viro'
no resource found for 'Società Dante Alighieri'
no resource found for 'Turun ja Porin lääni'
no resource found for 'Agder distriktshøgskole'
no resource found for 'Kronoby kommun'
no resource found for 'Permanent International Association of Road Congresses'
no resource found for 'Rehabilitation International'
no resource found for 'Turun ja Porin lääni'
no resource found for 'Uudenmaan lääni'
no resource found for 'Pohjois-Savon ammatillinen instituutti (Siilinjärvi)'
no resource found for 'ABB Service'
no resource found for 'Vaasan tiedekirjasto'
no resource found for 'Somalia'
no resource found for 'Aalto-yliopiston'
no resource found for 'Kunnallinen terveydenhoitoyhdistys'
no resource found for 'Pohjan karhukoirayhdistys'
