INFO: Don't know what to do with type http://rdaregistry.info/Elements/c/C10005
INFO: Don't know what to do with literal http://rdaregistry.info/Elements/a/P50023
INFO: Don't know what to do with literal http://rdaregistry.info/Elements/a/P50237
INFO: Don't know what to do with literal http://purl.org/dc/terms/modified
INFO: Don't know what to do with literal http://rdaregistry.info/Elements/a/P50037
INFO: Don't know what to do with literal http://rdaregistry.info/Elements/a/P50035
INFO: Don't know what to do with literal http://rdaregistry.info/Elements/a/P50041
INFO: Don't know what to do with literal http://rdaregistry.info/Elements/a/P50238
INFO: Don't know what to do with literal http://purl.org/dc/terms/created
INFO: Don't know what to do with literal http://rdaregistry.info/Elements/a/P50022
INFO: Don't know what to do with literal http://rdaregistry.info/Elements/a/P50025
INFO: Don't know what to do with literal http://rdaregistry.info/Elements/a/P50031
INFO: Don't know what to do with literal http://rdaregistry.info/Elements/a/P50038
INFO: Don't know what to do with relation http://rdaregistry.info/Elements/a/P50237
INFO: Don't know what to do with relation http://rdaregistry.info/Elements/a/P50218
INFO: Don't know what to do with relation http://rdaregistry.info/Elements/a/P50238
INFO: Don't know what to do with relation http://rdaregistry.info/Elements/a/P50008
INFO: Don't know what to do with relation http://rdaregistry.info/Elements/a/P50010
INFO: Don't know what to do with relation http://rdaregistry.info/Elements/a/P50012
INFO: Don't know what to do with relation http://rdaregistry.info/Elements/a/P50016
WARNING: Concept scheme has no label(s). Use --label option to set the concept scheme label.
INFO: Some concepts not reached in initial cycle detection. Re-checking for loose concepts.
WARNING: Redundant hierarchical relationship http://urn.fi/URN:NBN:fi:au:cn:219923A skos:broader http://urn.fi/URN:NBN:fi:au:cn:198317A found, but not eliminated because eliminate_redundancy is not set
WARNING: Redundant hierarchical relationship http://urn.fi/URN:NBN:fi:au:cn:92414A skos:broader http://urn.fi/URN:NBN:fi:au:cn:37150A found, but not eliminated because eliminate_redundancy is not set
WARNING: Redundant hierarchical relationship http://urn.fi/URN:NBN:fi:au:cn:28403A skos:broader http://urn.fi/URN:NBN:fi:au:cn:28411A found, but not eliminated because eliminate_redundancy is not set
WARNING: Redundant hierarchical relationship http://urn.fi/URN:NBN:fi:au:cn:218003A skos:broader http://urn.fi/URN:NBN:fi:au:cn:52991A found, but not eliminated because eliminate_redundancy is not set
WARNING: Resource http://urn.fi/URN:NBN:fi:au:cn:135793A has 'Turun kauppakorkeakoulu. Yritystoiminnan tutkimus- ja koulutuskeskus. Mediaryhmä'@fi as both prefLabel and altLabel; removing altLabel
WARNING: Resource http://urn.fi/URN:NBN:fi:au:cn:144901A has 'Työväen sivistysliitto. Turun opintojärjestö'@fi as both prefLabel and altLabel; removing altLabel
WARNING: Resource http://urn.fi/URN:NBN:fi:au:cn:146680A has 'Sisäasiainministeriön kansalais- ja kansalaisjärjestöstrategia -työryhmä'@fi as both prefLabel and altLabel; removing altLabel
WARNING: Resource http://urn.fi/URN:NBN:fi:au:cn:148803A has 'Oulas-opiston kirjoittajaryhmä'@fi as both prefLabel and altLabel; removing altLabel
WARNING: Resource http://urn.fi/URN:NBN:fi:au:cn:152006A has 'Detroitin suom. ev. lut Bethlehemin seurakunta'@fi as both prefLabel and altLabel; removing altLabel
WARNING: Resource http://urn.fi/URN:NBN:fi:au:cn:171240A has 'Anders Björckmans enka (kirjapaino, Tukholma, 1728-1731)'@fi as both prefLabel and altLabel; removing altLabel
WARNING: Resource http://urn.fi/URN:NBN:fi:au:cn:173014A has 'Cederwaller, Anders (kirjapaino, Viipuri, 1815-1837)'@fi as both prefLabel and altLabel; removing altLabel
WARNING: Resource http://urn.fi/URN:NBN:fi:au:cn:18738A has 'Lääninoikeuksien oikeustapausrekisterin perustamistyöryhmä'@fi as both prefLabel and altLabel; removing altLabel
WARNING: Resource http://urn.fi/URN:NBN:fi:au:cn:18740A has 'Oikeustapausrekisterityöryhmä'@fi as both prefLabel and altLabel; removing altLabel
WARNING: Resource http://urn.fi/URN:NBN:fi:au:cn:187982A has 'Suomi. Opetusministeriö. Viestintäkulttuuriyksikkö'@fi as both prefLabel and altLabel; removing altLabel
WARNING: Resource http://urn.fi/URN:NBN:fi:au:cn:26046A has 'Suomi. Sosiaali- ja terveysministeriö. VALTAVA-koulutustyöryhmä'@fi as both prefLabel and altLabel; removing altLabel
WARNING: Resource http://urn.fi/URN:NBN:fi:au:cn:37255A has 'Ahvenanmaan työryhmä'@fi as both prefLabel and altLabel; removing altLabel
WARNING: Resource http://urn.fi/URN:NBN:fi:au:cn:49324A has 'Suomi. Eduskunnan kanslia. Keskuskanslia'@fi as both prefLabel and altLabel; removing altLabel
WARNING: Resource http://urn.fi/URN:NBN:fi:au:cn:74297A has 'Suomi (suuriruhtinaskunta). Kansliatoimituskunta'@fi as both prefLabel and altLabel; removing altLabel
