INFO: Don't know what to do with type http://www.yso.fi/onto/paikat/T614
INFO: Don't know what to do with type http://www.yso.fi/onto/paikat/T490
INFO: Don't know what to do with type http://www.yso.fi/onto/paikat/T612
INFO: Don't know what to do with type http://www.yso.fi/onto/paikat/T590
INFO: Don't know what to do with type http://www.yso.fi/onto/paikat/T540
INFO: Don't know what to do with type http://www.yso.fi/onto/paikat/T575
INFO: Don't know what to do with type http://www.yso.fi/onto/paikat/T330
INFO: Don't know what to do with type http://www.yso.fi/onto/paikat/T570
INFO: Don't know what to do with type http://www.yso.fi/onto/paikat/T335
INFO: Don't know what to do with type http://www.yso.fi/onto/paikat/T350
INFO: Don't know what to do with type http://www.opengis.net/ont/geosparql#Point
INFO: Don't know what to do with type http://www.yso.fi/onto/paikat/T410
INFO: Don't know what to do with type http://www.yso.fi/onto/paikat/T415
INFO: Don't know what to do with type http://www.yso.fi/onto/paikat/T430
INFO: Don't know what to do with type http://www.yso.fi/onto/paikat/T230
INFO: Don't know what to do with type http://www.yso.fi/onto/paikat/T435
INFO: Don't know what to do with type http://www.yso.fi/onto/paikat/T225
INFO: Don't know what to do with type http://www.yso.fi/onto/paikat/T510
INFO: Don't know what to do with type http://www.yso.fi/onto/paikat/T390
INFO: Don't know what to do with type http://www.yso.fi/onto/paikat/T200
INFO: Don't know what to do with type http://www.yso.fi/onto/paikat/T630
INFO: Don't know what to do with type http://www.yso.fi/onto/paikat/T550
INFO: Don't know what to do with type http://www.yso.fi/onto/paikat/T640
INFO: Don't know what to do with type http://www.yso.fi/onto/paikat/T560
INFO: Don't know what to do with type http://www.yso.fi/onto/paikat/T325
INFO: Don't know what to do with type http://www.yso.fi/onto/paikat/T340
INFO: Don't know what to do with type http://www.yso.fi/onto/paikat/T320
INFO: Don't know what to do with type http://www.yso.fi/onto/paikat/T345
INFO: Don't know what to do with type http://www.yso.fi/onto/paikat/T500
INFO: Don't know what to do with type http://www.yso.fi/onto/paikat/T425
INFO: Don't know what to do with type http://www.yso.fi/onto/paikat/T420
INFO: Don't know what to do with type http://www.yso.fi/onto/paikat/T602
INFO: Don't know what to do with type http://www.yso.fi/onto/paikat/T600
INFO: Don't know what to do with type http://www.yso.fi/onto/paikat/T604
INFO: Don't know what to do with relation http://www.opengis.net/ont/geosparql#hasGeometry
WARNING: Unlabeled concept scheme detected. Use --label option to set the concept scheme label.
INFO: Some concepts not reached in initial cycle detection. Re-checking for loose concepts.
WARNING: Resource http://www.yso.fi/onto/paikat/P10001222 has more than one prefLabel@fi: choosing Porinlahti (policy: shortest)
WARNING: Resource http://www.yso.fi/onto/paikat/P10008366 has more than one prefLabel@fi: choosing Nytkyn (policy: shortest)
WARNING: Resource http://www.yso.fi/onto/paikat/P10022149 has more than one prefLabel@fi: choosing Rajalanvaara (policy: shortest)
WARNING: Resource http://www.yso.fi/onto/paikat/P10022824 has more than one prefLabel@fi: choosing Kotijärvi (policy: shortest)
WARNING: Resource http://www.yso.fi/onto/paikat/P10028279 has more than one prefLabel@fi: choosing Uuronjärvi (policy: shortest)
WARNING: Resource http://www.yso.fi/onto/paikat/P10061287 has more than one prefLabel@fi: choosing Alikylä (policy: shortest)
WARNING: Resource http://www.yso.fi/onto/paikat/P10066613 has more than one prefLabel@fi: choosing Lahnusta (policy: shortest)
WARNING: Resource http://www.yso.fi/onto/paikat/P10071656 has more than one prefLabel@fi: choosing Finnoo (policy: shortest)
WARNING: Resource http://www.yso.fi/onto/paikat/P10078569 has more than one prefLabel@fi: choosing Iso-Simi (policy: shortest)
WARNING: Resource http://www.yso.fi/onto/paikat/P10095920 has more than one prefLabel@fi: choosing Pääjärvi (policy: shortest)
WARNING: Resource http://www.yso.fi/onto/paikat/P10098475 has more than one prefLabel@sv: choosing Agnisbäck (policy: shortest)
WARNING: Resource http://www.yso.fi/onto/paikat/P10106438 has more than one prefLabel@fi: choosing Ylisalo (policy: shortest)
WARNING: Resource http://www.yso.fi/onto/paikat/P10123183 has more than one prefLabel@fi: choosing Santosenkari (policy: shortest)
WARNING: Resource http://www.yso.fi/onto/paikat/P10125332 has more than one prefLabel@fi: choosing Luhdanjoki (policy: shortest)
WARNING: Resource http://www.yso.fi/onto/paikat/P10178776 has more than one prefLabel@fi: choosing Alalampi (policy: shortest)
WARNING: Resource http://www.yso.fi/onto/paikat/P10180193 has more than one prefLabel@fi: choosing Koivujärvi (policy: shortest)
WARNING: Resource http://www.yso.fi/onto/paikat/P10270844 has more than one prefLabel@fi: choosing Haaposelkä (policy: shortest)
WARNING: Resource http://www.yso.fi/onto/paikat/P10271496 has more than one prefLabel@fi: choosing Ala-Mainua (policy: shortest)
WARNING: Resource http://www.yso.fi/onto/paikat/P10271597 has more than one prefLabel@fi: choosing Keskijärvi (policy: shortest)
WARNING: Resource http://www.yso.fi/onto/paikat/P10284102 has more than one prefLabel@fi: choosing Loukeenluoto (policy: shortest)
WARNING: Resource http://www.yso.fi/onto/paikat/P10285759 has more than one prefLabel@fi: choosing Nihde (policy: shortest)
WARNING: Resource http://www.yso.fi/onto/paikat/P10285760 has more than one prefLabel@fi: choosing Saarenkylä (policy: shortest)
WARNING: Resource http://www.yso.fi/onto/paikat/P10295485 has more than one prefLabel@fi: choosing Kustö (policy: shortest)
WARNING: Resource http://www.yso.fi/onto/paikat/P10296872 has more than one prefLabel@fi: choosing Lypertö (policy: shortest)
WARNING: Resource http://www.yso.fi/onto/paikat/P10296909 has more than one prefLabel@fi: choosing Varskeri (policy: shortest)
WARNING: Resource http://www.yso.fi/onto/paikat/P10297518 has more than one prefLabel@fi: choosing Isoluoto (policy: shortest)
WARNING: Resource http://www.yso.fi/onto/paikat/P10308202 has more than one prefLabel@sv: choosing Träskön (policy: shortest)
WARNING: Resource http://www.yso.fi/onto/paikat/P10311403 has more than one prefLabel@sv: choosing Storkålen (policy: shortest)
WARNING: Resource http://www.yso.fi/onto/paikat/P10311614 has more than one prefLabel@sv: choosing Russarö (policy: shortest)
WARNING: Resource http://www.yso.fi/onto/paikat/P10322396 has more than one prefLabel@fi: choosing Kelkankylä (policy: shortest)
WARNING: Resource http://www.yso.fi/onto/paikat/P10323095 has more than one prefLabel@fi: choosing Vesijako (policy: shortest)
WARNING: Resource http://www.yso.fi/onto/paikat/P10323765 has more than one prefLabel@fi: choosing Salonsaari (policy: shortest)
WARNING: Resource http://www.yso.fi/onto/paikat/P10324466 has more than one prefLabel@fi: choosing Kaurate (policy: shortest)
WARNING: Resource http://www.yso.fi/onto/paikat/P10324622 has more than one prefLabel@fi: choosing Vasikkasalo (policy: shortest)
WARNING: Resource http://www.yso.fi/onto/paikat/P10330290 has more than one prefLabel@fi: choosing Vaskisalo (policy: shortest)
WARNING: Resource http://www.yso.fi/onto/paikat/P10336794 has more than one prefLabel@fi: choosing Oinen (policy: shortest)
WARNING: Resource http://www.yso.fi/onto/paikat/P10340780 has more than one prefLabel@fi: choosing Valkeinen (policy: shortest)
WARNING: Resource http://www.yso.fi/onto/paikat/P10342779 has more than one prefLabel@fi: choosing Länsitoukki (policy: shortest)
WARNING: Resource http://www.yso.fi/onto/paikat/P10348025 has more than one prefLabel@fi: choosing Syrjäjärvi (policy: shortest)
WARNING: Resource http://www.yso.fi/onto/paikat/P10355059 has more than one prefLabel@fi: choosing Pyhänsalo (policy: shortest)
WARNING: Resource http://www.yso.fi/onto/paikat/P10359574 has more than one prefLabel@fi: choosing Pohjankylä (policy: shortest)
WARNING: Resource http://www.yso.fi/onto/paikat/P10359810 has more than one prefLabel@fi: choosing Räminki (policy: shortest)
WARNING: Resource http://www.yso.fi/onto/paikat/P10360355 has more than one prefLabel@fi: choosing Mäkelänjärvi (policy: shortest)
WARNING: Resource http://www.yso.fi/onto/paikat/P10360729 has more than one prefLabel@fi: choosing Isosaari (policy: shortest)
WARNING: Resource http://www.yso.fi/onto/paikat/P10360872 has more than one prefLabel@fi: choosing Parkkuu (policy: shortest)
WARNING: Resource http://www.yso.fi/onto/paikat/P10361751 has more than one prefLabel@fi: choosing Sulusselkä (policy: shortest)
WARNING: Resource http://www.yso.fi/onto/paikat/P10363084 has more than one prefLabel@fi: choosing Toivolansaari (policy: shortest)
WARNING: Resource http://www.yso.fi/onto/paikat/P10366720 has more than one prefLabel@fi: choosing Saikonkylä (policy: shortest)
WARNING: Resource http://www.yso.fi/onto/paikat/P10367536 has more than one prefLabel@fi: choosing Haukiselkä (policy: shortest)
WARNING: Resource http://www.yso.fi/onto/paikat/P10378397 has more than one prefLabel@fi: choosing Elosaari (policy: shortest)
WARNING: Resource http://www.yso.fi/onto/paikat/P10379046 has more than one prefLabel@fi: choosing Löytälä (policy: shortest)
WARNING: Resource http://www.yso.fi/onto/paikat/P10380367 has more than one prefLabel@fi: choosing Iissalo (policy: shortest)
WARNING: Resource http://www.yso.fi/onto/paikat/P10397056 has more than one prefLabel@fi: choosing Pajulampi (policy: shortest)
WARNING: Resource http://www.yso.fi/onto/paikat/P10405708 has more than one prefLabel@fi: choosing Petäjäinen (policy: shortest)
WARNING: Resource http://www.yso.fi/onto/paikat/P10409533 has more than one prefLabel@fi: choosing Portimo (policy: shortest)
WARNING: Resource http://www.yso.fi/onto/paikat/P10424624 has more than one prefLabel@fi: choosing Petäys (policy: shortest)
WARNING: Resource http://www.yso.fi/onto/paikat/P10434102 has more than one prefLabel@fi: choosing Karpalolampi (policy: shortest)
WARNING: Resource http://www.yso.fi/onto/paikat/P10441445 has more than one prefLabel@fi: choosing Raatosaari (policy: shortest)
WARNING: Resource http://www.yso.fi/onto/paikat/P10450229 has more than one prefLabel@fi: choosing Ylijoki (policy: shortest)
WARNING: Resource http://www.yso.fi/onto/paikat/P10451086 has more than one prefLabel@fi: choosing Ikosenkangas (policy: shortest)
WARNING: Resource http://www.yso.fi/onto/paikat/P10458891 has more than one prefLabel@fi: choosing Iso-Vuotto (policy: shortest)
WARNING: Resource http://www.yso.fi/onto/paikat/P10474261 has more than one prefLabel@fi: choosing Ylijoki (policy: shortest)
WARNING: Resource http://www.yso.fi/onto/paikat/P10478661 has more than one prefLabel@fi: choosing Loukusa (policy: shortest)
WARNING: Resource http://www.yso.fi/onto/paikat/P10493823 has more than one prefLabel@fi: choosing Väärälampi (policy: shortest)
WARNING: Resource http://www.yso.fi/onto/paikat/P10497297 has more than one prefLabel@fi: choosing Koulujärvi (policy: shortest)
WARNING: Resource http://www.yso.fi/onto/paikat/P10501439 has more than one prefLabel@fi: choosing Larinsaari (policy: shortest)
WARNING: Resource http://www.yso.fi/onto/paikat/P10501996 has more than one prefLabel@fi: choosing Poroselkä (policy: shortest)
WARNING: Resource http://www.yso.fi/onto/paikat/P10502170 has more than one prefLabel@fi: choosing Ristiselkä (policy: shortest)
WARNING: Resource http://www.yso.fi/onto/paikat/P10535212 has more than one prefLabel@fi: choosing Isosuo (policy: shortest)
WARNING: Resource http://www.yso.fi/onto/paikat/P10548422 has more than one prefLabel@fi: choosing Suuri-Valkea (policy: shortest)
WARNING: Resource http://www.yso.fi/onto/paikat/P10563844 has more than one prefLabel@fi: choosing Isovaara (policy: shortest)
WARNING: Resource http://www.yso.fi/onto/paikat/P10591084 has more than one prefLabel@fi: choosing Iso Korkiakari (policy: shortest)
WARNING: Resource http://www.yso.fi/onto/paikat/P10594014 has more than one prefLabel@fi: choosing Marju (policy: shortest)
WARNING: Resource http://www.yso.fi/onto/paikat/P10597873 has more than one prefLabel@fi: choosing Punaparrat (policy: shortest)
WARNING: Resource http://www.yso.fi/onto/paikat/P10608099 has more than one prefLabel@fi: choosing Suolivesi (policy: shortest)
WARNING: Resource http://www.yso.fi/onto/paikat/P10608790 has more than one prefLabel@fi: choosing Alanen (policy: shortest)
WARNING: Resource http://www.yso.fi/onto/paikat/P10608809 has more than one prefLabel@fi: choosing Naulajärvi (policy: shortest)
WARNING: Resource http://www.yso.fi/onto/paikat/P10621410 has more than one prefLabel@fi: choosing Vähäjoki (policy: shortest)
WARNING: Resource http://www.yso.fi/onto/paikat/P10634829 has more than one prefLabel@fi: choosing Porosaari (policy: shortest)
WARNING: Resource http://www.yso.fi/onto/paikat/P10635854 has more than one prefLabel@fi: choosing Hiidenjärvi (policy: shortest)
WARNING: Resource http://www.yso.fi/onto/paikat/P10666505 has more than one prefLabel@fi: choosing Perhonjoki (policy: shortest)
WARNING: Resource http://www.yso.fi/onto/paikat/P10666505 has more than one prefLabel@sv: choosing Perho å (policy: shortest)
WARNING: Resource http://www.yso.fi/onto/paikat/P10670547 has more than one prefLabel@fi: choosing Myllyjärvi (policy: shortest)
WARNING: Resource http://www.yso.fi/onto/paikat/P10671146 has more than one prefLabel@fi: choosing Jäämäjärvi (policy: shortest)
WARNING: Resource http://www.yso.fi/onto/paikat/P10675526 has more than one prefLabel@fi: choosing Niinivesi (policy: shortest)
WARNING: Resource http://www.yso.fi/onto/paikat/P10683402 has more than one prefLabel@fi: choosing Prepula (policy: shortest)
WARNING: Resource http://www.yso.fi/onto/paikat/P10685299 has more than one prefLabel@fi: choosing Punkaharju (policy: shortest)
WARNING: Resource http://www.yso.fi/onto/paikat/P10697476 has more than one prefLabel@fi: choosing Hautjärvi (policy: shortest)
WARNING: Resource http://www.yso.fi/onto/paikat/P10703473 has more than one prefLabel@sv: choosing Sexsjön (policy: shortest)
WARNING: Resource http://www.yso.fi/onto/paikat/P10718329 has more than one prefLabel@fi: choosing Majavuori (policy: shortest)
WARNING: Resource http://www.yso.fi/onto/paikat/P10721622 has more than one prefLabel@fi: choosing Ala-Kousa (policy: shortest)
WARNING: Resource http://www.yso.fi/onto/paikat/P10724094 has more than one prefLabel@fi: choosing Ala-Ruokovesi (policy: shortest)
WARNING: Resource http://www.yso.fi/onto/paikat/P10724442 has more than one prefLabel@fi: choosing Ylä-Ruokovesi (policy: shortest)
WARNING: Resource http://www.yso.fi/onto/paikat/P10741355 has more than one prefLabel@fi: choosing Kumpu-Lauas (policy: shortest)
WARNING: Resource http://www.yso.fi/onto/paikat/P10742974 has more than one prefLabel@fi: choosing Viitasaari (policy: shortest)
WARNING: Resource http://www.yso.fi/onto/paikat/P10749183 has more than one prefLabel@fi: choosing Palojärvi (policy: shortest)
WARNING: Resource http://www.yso.fi/onto/paikat/P10756690 has more than one prefLabel@fi: choosing Petäistö (policy: shortest)
WARNING: Resource http://www.yso.fi/onto/paikat/P10764471 has more than one prefLabel@fi: choosing Isosuo (policy: shortest)
WARNING: Resource http://www.yso.fi/onto/paikat/P10776070 has more than one prefLabel@fi: choosing Ylivaara (policy: shortest)
WARNING: Resource http://www.yso.fi/onto/paikat/P10785458 has more than one prefLabel@sme: choosing Šilismalla (policy: shortest)
WARNING: Resource http://www.yso.fi/onto/paikat/P10786189 has more than one prefLabel@sme: choosing Bearanibba (policy: shortest)
WARNING: Resource http://www.yso.fi/onto/paikat/P10786244 has more than one prefLabel@sme: choosing Jágonajávri (policy: shortest)
WARNING: Resource http://www.yso.fi/onto/paikat/P10787727 has more than one prefLabel@fi: choosing Rasti (policy: shortest)
WARNING: Resource http://www.yso.fi/onto/paikat/P10788891 has more than one prefLabel@fi: choosing Isovaara (policy: shortest)
WARNING: Resource http://www.yso.fi/onto/paikat/P10789939 has more than one prefLabel@fi: choosing Pyhätunturi (policy: shortest)
WARNING: Resource http://www.yso.fi/onto/paikat/P10790848 has more than one prefLabel@fi: choosing Multatunturi (policy: shortest)
WARNING: Resource http://www.yso.fi/onto/paikat/P10791092 has more than one prefLabel@sme: choosing Alla-Fášku (policy: shortest)
WARNING: Resource http://www.yso.fi/onto/paikat/P10791109 has more than one prefLabel@sme: choosing Mäddeeb Šäddivääri (policy: shortest)
WARNING: Resource http://www.yso.fi/onto/paikat/P10791119 has more than one prefLabel@sme: choosing Suolovárri (policy: shortest)
WARNING: Resource http://www.yso.fi/onto/paikat/P10791268 has more than one prefLabel@smn: choosing Kečiluobâl (policy: shortest)
WARNING: Resource http://www.yso.fi/onto/paikat/P10792007 has more than one prefLabel@sme: choosing Vađđaskáidi (policy: shortest)
WARNING: Resource http://www.yso.fi/onto/paikat/P10793746 has more than one prefLabel@fi: choosing Iso Palovaara (policy: shortest)
WARNING: Resource http://www.yso.fi/onto/paikat/P10794136 has more than one prefLabel@smn: choosing Pennuuvääri (policy: shortest)
WARNING: Resource http://www.yso.fi/onto/paikat/P10794347 has more than one prefLabel@smn: choosing Ruáhujävri (policy: shortest)
WARNING: Resource http://www.yso.fi/onto/paikat/P10794413 has more than one prefLabel@smn: choosing Vaševääri (policy: shortest)
WARNING: Resource http://www.yso.fi/onto/paikat/P10796518 has more than one prefLabel@fi: choosing Ahvenjärvi (policy: shortest)
WARNING: Resource http://www.yso.fi/onto/paikat/P10803568 has more than one prefLabel@fi: choosing Muurepää (policy: shortest)
WARNING: Resource http://www.yso.fi/onto/paikat/P10803822 has more than one prefLabel@fi: choosing Iso-Ollove (policy: shortest)
WARNING: Resource http://www.yso.fi/onto/paikat/P10804168 has more than one prefLabel@fi: choosing Kumiseva (policy: shortest)
WARNING: Resource http://www.yso.fi/onto/paikat/P10818967 has more than one prefLabel@fi: choosing Ahmasaari (policy: shortest)
WARNING: Resource http://www.yso.fi/onto/paikat/P10818972 has more than one prefLabel@smn: choosing Kuhespecsuálui (policy: shortest)
WARNING: Resource http://www.yso.fi/onto/paikat/P10820668 has more than one prefLabel@fi: choosing Inkajärvi (policy: shortest)
WARNING: Resource http://www.yso.fi/onto/paikat/P10822172 has more than one prefLabel@sme: choosing Cuokkágoahtejávri (policy: shortest)
WARNING: Resource http://www.yso.fi/onto/paikat/P10822319 has more than one prefLabel@sme: choosing Jorba-Mávnna (policy: shortest)
WARNING: Resource http://www.yso.fi/onto/paikat/P10822671 has more than one prefLabel@sme: choosing Skáidejávri (policy: shortest)
WARNING: Resource http://www.yso.fi/onto/paikat/P10823774 has more than one prefLabel@sme: choosing Luossavárri (policy: shortest)
WARNING: Resource http://www.yso.fi/onto/paikat/P10823777 has more than one prefLabel@sme: choosing Roavvevárri (policy: shortest)
WARNING: Resource http://www.yso.fi/onto/paikat/P10823905 has more than one prefLabel@sme: choosing Bárit (policy: shortest)
WARNING: Resource http://www.yso.fi/onto/paikat/P10823916 has more than one prefLabel@sme: choosing Alla-Bárit (policy: shortest)
WARNING: Resource http://www.yso.fi/onto/paikat/P10824465 has more than one prefLabel@smn: choosing Jõnnjäu'rr (policy: shortest)
WARNING: Resource http://www.yso.fi/onto/paikat/P10825749 has more than one prefLabel@sme: choosing Urroaivi (policy: shortest)
WARNING: Resource http://www.yso.fi/onto/paikat/P10825836 has more than one prefLabel@fi: choosing Vipujärvi (policy: shortest)
WARNING: Resource http://www.yso.fi/onto/paikat/P10826002 has more than one prefLabel@fi: choosing Käyräjärvi (policy: shortest)
WARNING: Resource http://www.yso.fi/onto/paikat/P10854920 has more than one prefLabel@fi: choosing Allasjärvi (policy: shortest)
WARNING: Resource http://www.yso.fi/onto/paikat/P10856897 has more than one prefLabel@fi: choosing Kirkkojärvi (policy: shortest)
WARNING: Resource http://www.yso.fi/onto/paikat/P10863758 has more than one prefLabel@fi: choosing Viitasaari (policy: shortest)
WARNING: Resource http://www.yso.fi/onto/paikat/P10871216 has more than one prefLabel@fi: choosing Hankajärvi (policy: shortest)
WARNING: Resource http://www.yso.fi/onto/paikat/P10876248 has more than one prefLabel@fi: choosing Krunni (policy: shortest)
WARNING: Resource http://www.yso.fi/onto/paikat/P10879636 has more than one prefLabel@fi: choosing Kylmäjärvi (policy: shortest)
WARNING: Resource http://www.yso.fi/onto/paikat/P10886398 has more than one prefLabel@fi: choosing Taivaskero (policy: shortest)
WARNING: Resource http://www.yso.fi/onto/paikat/P10886919 has more than one prefLabel@fi: choosing Peräjärvi (policy: shortest)
WARNING: Resource http://www.yso.fi/onto/paikat/P10892792 has more than one prefLabel@fi: choosing Paadesjoenmurusta (policy: shortest)
WARNING: Resource http://www.yso.fi/onto/paikat/P10893325 has more than one prefLabel@fi: choosing Vähä Kuopusjärvi (policy: shortest)
WARNING: Resource http://www.yso.fi/onto/paikat/P10895268 has more than one prefLabel@fi: choosing Isolommol (policy: shortest)
WARNING: Resource http://www.yso.fi/onto/paikat/P10897699 has more than one prefLabel@fi: choosing Palovaara (policy: shortest)
WARNING: Resource http://www.yso.fi/onto/paikat/P10897782 has more than one prefLabel@fi: choosing Patavaara (policy: shortest)
WARNING: Resource http://www.yso.fi/onto/paikat/P10898142 has more than one prefLabel@sme: choosing Riškavárri (policy: shortest)
WARNING: Resource http://www.yso.fi/onto/paikat/P10898439 has more than one prefLabel@sme: choosing Jollán-Malla (policy: shortest)
WARNING: Resource http://www.yso.fi/onto/paikat/P10899010 has more than one prefLabel@fi: choosing Hietajärvi (policy: shortest)
WARNING: Resource http://www.yso.fi/onto/paikat/P10899080 has more than one prefLabel@fi: choosing Hiitamolampi (policy: shortest)
WARNING: Resource http://www.yso.fi/onto/paikat/P10899514 has more than one prefLabel@fi: choosing Kalatonjärvi (policy: shortest)
WARNING: Resource http://www.yso.fi/onto/paikat/P10899698 has more than one prefLabel@fi: choosing Etu-Halti (policy: shortest)
WARNING: Resource http://www.yso.fi/onto/paikat/P10899833 has more than one prefLabel@sme: choosing Vuopme-Bearttošvárri (policy: shortest)
WARNING: Resource http://www.yso.fi/onto/paikat/P10900841 has more than one prefLabel@fi: choosing Nuottikylä (policy: shortest)
WARNING: Resource http://www.yso.fi/onto/paikat/P10901992 has more than one prefLabel@sme: choosing Juovva-Mávnna (policy: shortest)
WARNING: Resource http://www.yso.fi/onto/paikat/P10902248 has more than one prefLabel@fi: choosing Kolsa (policy: shortest)
WARNING: Resource http://www.yso.fi/onto/paikat/P10902322 has more than one prefLabel@fi: choosing Kotivaara (policy: shortest)
WARNING: Resource http://www.yso.fi/onto/paikat/P10903134 has more than one prefLabel@fi: choosing Asemakylä (policy: shortest)
