http://www.yso.fi/onto/allars/Y49668 linked via altLabel 'Kiiminki -- Alakylä' to http://www.yso.fi/onto/ysa/Y202436, should be 'Oulu -- Alakylä'
http://www.yso.fi/onto/allars/Y47738 linked via altLabel 'Nilsiä -- Siikajärvi' to http://www.yso.fi/onto/ysa/Y158728, should be 'Kuopio -- Siikajärvi'
http://www.yso.fi/onto/allars/Y43198 linked via altLabel 'verohinnat -- luettelot' to http://www.yso.fi/onto/ysa/Y111061, should be 'verohintaluettelot'
http://www.yso.fi/onto/allars/Y31792 linked via altLabel 'Inarinjoki' to http://www.yso.fi/onto/ysa/Y111885, should be 'Inarijoki'
http://www.yso.fi/onto/allars/Y46623 linked via altLabel 'Elimäki -- Mustila' to http://www.yso.fi/onto/ysa/Y138651, should be 'Kouvola -- Mustila'
http://www.yso.fi/onto/allars/Y47771 linked via altLabel 'Nurmo -- Lyly' to http://www.yso.fi/onto/ysa/Y145424, should be 'Seinäjoki -- Lyly'
http://www.yso.fi/onto/allars/Y46551 linked via altLabel 'Tornio -- Kaakama' to http://www.yso.fi/onto/ysa/Y105310, should be 'Tornio -- Kaakamo'
http://www.yso.fi/onto/allars/Y48699 linked via altLabel 'Peräseinäjoki -- Viitala' to http://www.yso.fi/onto/ysa/Y188566, should be 'Seinäjoki -- Viitala'
http://www.yso.fi/onto/allars/Y47193 linked via altLabel 'Kiikka -- Leikkuu' to http://www.yso.fi/onto/ysa/Y111277, should be 'Sastamala -- Leikkuu'
http://www.yso.fi/onto/allars/Y42534 linked via altLabel 'mytologia -- Pohjoismaat' to http://www.yso.fi/onto/ysa/Y106218, should be 'skandinaavinen mytologia'
http://www.yso.fi/onto/allars/Y31458 linked via altLabel 'tottelevaisuus' to http://www.yso.fi/onto/ysa/Y215434, should be 'totteleminen'
http://www.yso.fi/onto/allars/Y31458 linked via altLabel 'tottelevaisuus' to http://www.yso.fi/onto/ysa/Y364400, should be 'tottelevaisuuskoulutus'
http://www.yso.fi/onto/allars/Y47499 linked via altLabel 'Lammi -- Lieso' to http://www.yso.fi/onto/ysa/Y109640, should be 'Hämeenlinna -- Lieso'
http://www.yso.fi/onto/allars/Y46769 linked via altLabel 'Haukipudas -- Martinniemi' to http://www.yso.fi/onto/ysa/Y144433, should be 'Oulu -- Martinniemi'
http://www.yso.fi/onto/allars/Y46731 linked via altLabel 'Halikko -- Rikala' to http://www.yso.fi/onto/ysa/Y150756, should be 'Salo -- Rikala'
http://www.yso.fi/onto/allars/Y47741 linked via altLabel 'Nilsiä -- Tihvonjärvi' to http://www.yso.fi/onto/ysa/Y156070, should be 'Kuopio -- Tihvonjärvi'
http://www.yso.fi/onto/allars/Y48641 linked via altLabel 'Vuolijoki -- Otanmäki' to http://www.yso.fi/onto/ysa/Y124921, should be 'Kajaani -- Otanmäki'
http://www.yso.fi/onto/allars/Y17026 linked via altLabel 'eläimet -- äänet' to http://www.yso.fi/onto/ysa/Y95022, should be 'eläinten äänet'
http://www.yso.fi/onto/allars/Y48963 linked via altLabel 'Kuusankoski -- Koppelinnotko' to http://www.yso.fi/onto/ysa/Y193060, should be 'Kouvola -- Koppelinnotko'
http://www.yso.fi/onto/allars/Y32361 linked via altLabel 'Kisko -- Haapaniemi' to http://www.yso.fi/onto/ysa/Y106072, should be 'Salo -- Haapaniemi'
http://www.yso.fi/onto/allars/Y48649 linked via altLabel 'Yli-Ii -- Karjalankylä' to http://www.yso.fi/onto/ysa/Y163860, should be 'Oulu -- Karjalankylä'
http://www.yso.fi/onto/allars/Y47729 linked via altLabel 'Nastola -- Arrajoki' to http://www.yso.fi/onto/ysa/Y112664, should be 'Lahti -- Arrajoki'
http://www.yso.fi/onto/allars/Y47734 linked via altLabel 'Nilsiä -- Keyritty' to http://www.yso.fi/onto/ysa/Y111835, should be 'Kuopio -- Keyritty'
http://www.yso.fi/onto/allars/Y50262 linked via altLabel 'geezin kieli' to http://www.yso.fi/onto/ysa/Y205441, should be 'ge'ezin kieli'
http://www.yso.fi/onto/allars/Y33513 linked via altLabel 'Perniö -- Kaukonpyöli' to http://www.yso.fi/onto/ysa/Y141767, should be 'Salo -- Kaukonpyöli'
http://www.yso.fi/onto/allars/Y47938 linked via altLabel 'Porin maalaiskunta -- Viasvesi' to http://www.yso.fi/onto/ysa/Y112344, should be 'Pori -- Viasvesi'
http://www.yso.fi/onto/allars/Y47129 linked via altLabel 'Karttula -- Syvänniemi' to http://www.yso.fi/onto/ysa/Y120317, should be 'Kuopio -- Syvänniemi'
http://www.yso.fi/onto/allars/Y32684 linked via altLabel 'Kuusankoski -- Voikkaa' to http://www.yso.fi/onto/ysa/Y110638, should be 'Kouvola -- Voikkaa'
http://www.yso.fi/onto/allars/Y48505 linked via altLabel 'Valkeala -- Jokela' to http://www.yso.fi/onto/ysa/Y164858, should be 'Kouvola -- Jokela'
http://www.yso.fi/onto/allars/Y31468 linked via altLabel 'Haukipudas -- Kello' to http://www.yso.fi/onto/ysa/Y112039, should be 'Oulu -- Kello'
http://www.yso.fi/onto/allars/Y33828 linked via altLabel 'Pyhätunturi -- Salla' to http://www.yso.fi/onto/ysa/Y116422, should be 'Sallatunturit'
http://www.yso.fi/onto/allars/Y21614 linked via altLabel 'tunnusmerkit' to http://www.yso.fi/onto/ysa/Y215381, should be 'rikostunnusmerkistö'
http://www.yso.fi/onto/allars/Y21614 linked via altLabel 'tunnusmerkit' to http://www.yso.fi/onto/ysa/Y99647, should be 'tunnukset'
http://www.yso.fi/onto/allars/Y42380 linked via altLabel 'lämpö -- talteenotto' to http://www.yso.fi/onto/ysa/Y108421, should be 'lämmön talteenotto'
http://www.yso.fi/onto/allars/Y31835 equivalent term 'Isojoki -- Vanhakylä' not found
http://www.yso.fi/onto/allars/Y47430 linked via altLabel 'Kuusankoski -- Naukio' to http://www.yso.fi/onto/ysa/Y171095, should be 'Kouvola -- Naukio'
http://www.yso.fi/onto/allars/Y46582 linked via altLabel 'Anjalankoski -- Mämmälä' to http://www.yso.fi/onto/ysa/Y105765, should be 'Kouvola -- Mämmälä'
http://www.yso.fi/onto/allars/Y48423 linked via altLabel 'Tarvasjoki -- Suurila' to http://www.yso.fi/onto/ysa/Y130599, should be 'Lieto -- Suurila'
http://www.yso.fi/onto/allars/Y48519 linked via altLabel 'Valkeala -- Verla' to http://www.yso.fi/onto/ysa/Y115307, should be 'Kouvola -- Verla'
http://www.yso.fi/onto/allars/Y33641 linked via altLabel 'Porvoon maalaiskunta -- Voolahti' to http://www.yso.fi/onto/ysa/Y113726, should be 'Porvo -- Voolahti'
http://www.yso.fi/onto/allars/Y46573 linked via altLabel 'Anjalankoski -- Hirvelä' to http://www.yso.fi/onto/ysa/Y162549, should be 'Kouvola -- Hirvelä'
http://www.yso.fi/onto/allars/Y49236 linked via altLabel 'Tuulos -- Sairiala' to http://www.yso.fi/onto/ysa/Y197130, should be 'Hämeenlinna -- Sairiala'
http://www.yso.fi/onto/allars/Y28821 linked via altLabel 'paju' to http://www.yso.fi/onto/ysa/Y97938, should be 'pajut'
http://www.yso.fi/onto/allars/Y47656 linked via altLabel 'Maaninka -- Tavinsalmi' to http://www.yso.fi/onto/ysa/Y107739, should be 'Kuopio -- Tavinsalmi'
http://www.yso.fi/onto/allars/Y46550 linked via altLabel 'Alatornio -- Kaakama' to http://www.yso.fi/onto/ysa/Y105309, should be 'Alatornio -- Kaakamo'
http://www.yso.fi/onto/allars/Y34539 linked via altLabel 'Töysä -- Hakojärvi' to http://www.yso.fi/onto/ysa/Y131464, should be 'Alavus -- Hakojärvi'
http://www.yso.fi/onto/allars/Y48640 linked via altLabel 'Vuolijoki -- Ojanperä' to http://www.yso.fi/onto/ysa/Y164563, should be 'Kajaani -- Ojanperä'
http://www.yso.fi/onto/allars/Y48721 linked via altLabel 'Dragsfjärd -- Rosala' to http://www.yso.fi/onto/ysa/Y153717, should be 'Kemiönsaari -- Rosala'
http://www.yso.fi/onto/allars/Y47740 linked via altLabel 'Nilsiä -- Sänkimäki' to http://www.yso.fi/onto/ysa/Y127421, should be 'Kuopio -- Sänkimäki'
http://www.yso.fi/onto/allars/Y34749 linked via altLabel 'Vallisaari' to http://www.yso.fi/onto/ysa/Y123262, should be 'Helsinki -- Vallisaari'
http://www.yso.fi/onto/allars/Y41822 equivalent term 'dissosiaatiohäiriö' not found
http://www.yso.fi/onto/allars/Y30849 linked via altLabel 'Dragsfjärd -- Högsåra' to http://www.yso.fi/onto/ysa/Y119413, should be 'Kemiönsaari -- Högsåra'
http://www.yso.fi/onto/allars/Y48511 linked via altLabel 'Valkeala -- Pihlajasaari' to http://www.yso.fi/onto/ysa/Y108307, should be 'Kouvola -- Pihlajasaari'
http://www.yso.fi/onto/allars/Y48518 linked via altLabel 'Valkeala -- Utti' to http://www.yso.fi/onto/ysa/Y106887, should be 'Kouvola -- Utti'
http://www.yso.fi/onto/allars/Y48543 linked via altLabel 'Vammala -- Tyrväänkylä' to http://www.yso.fi/onto/ysa/Y175135, should be 'Sastamala -- Tyrväänkylä'
http://www.yso.fi/onto/allars/Y47351 linked via altLabel 'Kuhmalahti -- Haapasaari' to http://www.yso.fi/onto/ysa/Y160305, should be 'Kangasala -- Haapasaari'
http://www.yso.fi/onto/allars/Y47195 linked via altLabel 'Kiiminki -- Huttukylä' to http://www.yso.fi/onto/ysa/Y111827, should be 'Oulu -- Huttukylä'
http://www.yso.fi/onto/allars/Y34426 linked via altLabel 'Tenhola -- Skogby' to http://www.yso.fi/onto/ysa/Y111278, should be 'Raasepori -- Skogby'
http://www.yso.fi/onto/allars/Y49655 linked via altLabel 'Jaala -- Pökölä' to http://www.yso.fi/onto/ysa/Y201217, should be 'Kouvola -- Pökölä'
http://www.yso.fi/onto/allars/Y47882 linked via altLabel 'Perniö -- Ylikulma' to http://www.yso.fi/onto/ysa/Y146523, should be 'Salo -- Ylikulma'
http://www.yso.fi/onto/allars/Y49235 linked via altLabel 'Tuulos -- Syrjäntaka' to http://www.yso.fi/onto/ysa/Y185101, should be 'Hämeenlinna -- Syrjäntaka'
http://www.yso.fi/onto/allars/Y48660 linked via altLabel 'Ylikiiminki -- Yli-Vuotto' to http://www.yso.fi/onto/ysa/Y108514, should be 'Oulu -- Yli-Vuotto'
http://www.yso.fi/onto/allars/Y46626 linked via altLabel 'Elimäki -- Joensuu' to http://www.yso.fi/onto/ysa/Y147684, should be 'Kouvola -- Joensuu'
http://www.yso.fi/onto/allars/Y48639 linked via altLabel 'Vuolijoki -- Käkisaari' to http://www.yso.fi/onto/ysa/Y144439, should be 'Kajaani -- Käkisaari'
http://www.yso.fi/onto/allars/Y47657 linked via altLabel 'Maaninka -- Tuovilanlahti' to http://www.yso.fi/onto/ysa/Y115519, should be 'Kuopio -- Tuovilanlahti'
http://www.yso.fi/onto/allars/Y33629 linked via altLabel 'Porvoon maalaiskunta -- Emäsalo' to http://www.yso.fi/onto/ysa/Y107648, should be 'Porvoo -- Emäsalo'
http://www.yso.fi/onto/allars/Y48565 linked via altLabel 'Vehmersalmi -- Rytökylä' to http://www.yso.fi/onto/ysa/Y117779, should be 'Kuopio -- Rytökylä'
http://www.yso.fi/onto/allars/Y48510 linked via altLabel 'Valkeala -- Oravala' to http://www.yso.fi/onto/ysa/Y146538, should be 'Kouvola -- Oravala'
http://www.yso.fi/onto/allars/Y47092 linked via altLabel 'Kalvola -- Kanajärvi' to http://www.yso.fi/onto/ysa/Y178216, should be 'Hämeenlinna -- Kanajärvi'
http://www.yso.fi/onto/allars/Y49656 linked via altLabel 'Jaala -- Paljakka' to http://www.yso.fi/onto/ysa/Y201216, should be 'Kouvola -- Paljakka'
http://www.yso.fi/onto/allars/Y49031 linked via altLabel 'Lavia -- Mustajoki' to http://www.yso.fi/onto/ysa/Y199001, should be 'Pori -- Mustajoki'
http://www.yso.fi/onto/allars/Y33642 linked via altLabel 'Porvoon maalaiskunta -- Yli-Vekkoski' to http://www.yso.fi/onto/ysa/Y196636, should be 'Porvoo -- Yli-Vekkoski'
http://www.yso.fi/onto/allars/Y20762 linked via altLabel 'vaatetussuunnittelu' to http://www.yso.fi/onto/ysa/Y103585, should be 'vaatesuunnittelu'
http://www.yso.fi/onto/allars/Y30853 linked via altLabel 'Dragsfjärd -- Söderlångvik' to http://www.yso.fi/onto/ysa/Y121322, should be 'Kemiönsaari -- Söderlångvik'
http://www.yso.fi/onto/allars/Y49094 linked via altLabel 'Paltamo -- Paltaniemi' to http://www.yso.fi/onto/ysa/Y108256, should be 'Kajaani -- Paltaniemi'
http://www.yso.fi/onto/allars/Y33633 linked via altLabel 'Porvoon maalaiskunta -- Kardrag' to http://www.yso.fi/onto/ysa/Y109464, should be 'Porvoo -- Kardrag'
http://www.yso.fi/onto/allars/Y33355 linked via altLabel 'Noormarkku -- Söörmarkku' to http://www.yso.fi/onto/ysa/Y139501, should be 'Pori -- Söörmarkku'
http://www.yso.fi/onto/allars/Y34302 linked via altLabel 'prostituutio -- lapset' to http://www.yso.fi/onto/ysa/Y109971, should be 'lapsiprostituutio'
http://www.yso.fi/onto/allars/Y31467 linked via altLabel 'Haukipudas -- Asemakylä' to http://www.yso.fi/onto/ysa/Y112513, should be 'Oulu -- Asemakylä'
http://www.yso.fi/onto/allars/Y29772 equivalent term 'kannet' not found
http://www.yso.fi/onto/allars/Y42522 linked via altLabel 'murteet -- kartat' to http://www.yso.fi/onto/ysa/Y107937, should be 'murrekartat'
http://www.yso.fi/onto/allars/Y47550 linked via altLabel 'Lavia -- Kivijärvenmaa' to http://www.yso.fi/onto/ysa/Y113806, should be 'Pori -- Kivijärvenmaa'
http://www.yso.fi/onto/allars/Y33636 linked via altLabel 'Porvoon maalaiskunta -- Mickelsböle' to http://www.yso.fi/onto/ysa/Y108546, should be 'Porvoo -- Mickelsböle'
http://www.yso.fi/onto/allars/Y46580 linked via altLabel 'Anjalankoski -- Myllykoski' to http://www.yso.fi/onto/ysa/Y193782, should be 'Kouvola -- Myllykoski'
http://www.yso.fi/onto/allars/Y33516 linked via altLabel 'Perniö -- Lintilä' to http://www.yso.fi/onto/ysa/Y111525, should be 'Salo -- Lintilä'
http://www.yso.fi/onto/allars/Y17036 linked via altLabel 'eläimet -- jäljet' to http://www.yso.fi/onto/ysa/Y101218, should be 'eläinten jäljet'
http://www.yso.fi/onto/allars/Y32681 linked via altLabel 'Kuusankoski -- Kuusaanniemi' to http://www.yso.fi/onto/ysa/Y113533, should be 'Kouvola -- Kuusaanniemi'
http://www.yso.fi/onto/allars/Y49059 linked via altLabel 'Maaria -- Saramäki' to http://www.yso.fi/onto/ysa/Y200635, should be 'Turku -- Saramäki'
http://www.yso.fi/onto/allars/Y46574 linked via altLabel 'Anjalankoski -- Inkeroinen' to http://www.yso.fi/onto/ysa/Y203497, should be 'Kouvola -- Inkeroinen'
http://www.yso.fi/onto/allars/Y28201 linked via altLabel 'kehitysmaapolitiikka' to http://www.yso.fi/onto/ysa/Y96042, should be 'kehityspolitiikka'
http://www.yso.fi/onto/allars/Y30561 linked via altLabel 'Porvoon maalaiskunta -- Anttila' to http://www.yso.fi/onto/ysa/Y196635, should be 'Porvoo -- Anttila'
http://www.yso.fi/onto/allars/Y33635 linked via altLabel 'Porvoon maalaiskunta -- Kulloo' to http://www.yso.fi/onto/ysa/Y181131, should be 'Porvoo -- Kulloo'
http://www.yso.fi/onto/allars/Y48516 linked via altLabel 'Valkeala -- Tuohikotti' to http://www.yso.fi/onto/ysa/Y108395, should be 'Kouvola -- Tuohikotti'
http://www.yso.fi/onto/allars/Y20949 linked via altLabel 'vaatetusteollisuus' to http://www.yso.fi/onto/ysa/Y99960, should be 'vaateteollisuus'
http://www.yso.fi/onto/allars/Y20544 linked via altLabel 'kaniinit' to http://www.yso.fi/onto/ysa/Y102160, should be 'kani'
http://www.yso.fi/onto/allars/Y37961 equivalent term 'Teijo' not found
http://www.yso.fi/onto/allars/Y48978 linked via altLabel 'Kuhmalahti -- Iso-Pento' to http://www.yso.fi/onto/ysa/Y191007, should be 'Kangasala -- Iso-Pento'
http://www.yso.fi/onto/allars/Y33640 linked via altLabel 'Porvoon maalaiskunta -- Vessölandet' to http://www.yso.fi/onto/ysa/Y196804, should be 'Porvoo -- Vessölandet'
http://www.yso.fi/onto/allars/Y35129 equivalent term 'yksityistyminen' not found
http://www.yso.fi/onto/allars/Y46732 linked via altLabel 'Halikko -- Vaskio' to http://www.yso.fi/onto/ysa/Y162832, should be 'Salo -- Vaskio'
http://www.yso.fi/onto/allars/Y48650 linked via altLabel 'Yli-Ii -- Kierikki' to http://www.yso.fi/onto/ysa/Y111568, should be 'Oulu -- Kierikki'
http://www.yso.fi/onto/allars/Y20541 equivalent term 'kanavat' not found
http://www.yso.fi/onto/allars/Y32683 linked via altLabel 'Kuusankoski -- Tähtee' to http://www.yso.fi/onto/ysa/Y126693, should be 'Kouvola -- Tähtee'
http://www.yso.fi/onto/allars/Y49231 linked via altLabel 'Tyrvää -- Roismala' to http://www.yso.fi/onto/ysa/Y189904, should be 'Sastamala -- Roismala'
http://www.yso.fi/onto/allars/Y35965 linked via altLabel 'wari-kieli' to http://www.yso.fi/onto/ysa/Y140929, should be 'wari'n kieli'
http://www.yso.fi/onto/allars/Y48512 linked via altLabel 'Valkeala -- Rämälä' to http://www.yso.fi/onto/ysa/Y156516, should be 'Kouvola -- Rämälä'
http://www.yso.fi/onto/allars/Y47736 linked via altLabel 'Nilsiä -- Murtolahti' to http://www.yso.fi/onto/ysa/Y156069, should be 'Kuopio -- Murtolahti'
http://www.yso.fi/onto/allars/Y33353 linked via altLabel 'Noormarkku -- Kairila' to http://www.yso.fi/onto/ysa/Y113801, should be 'Pori -- Kairila'
http://www.yso.fi/onto/allars/Y30854 linked via altLabel 'Dragsfjärd -- Söglö' to http://www.yso.fi/onto/ysa/Y118929, should be 'Kemiönsaari -- Söglö'
http://www.yso.fi/onto/allars/Y48703 linked via altLabel 'Ahlainen -- Kellahti' to http://www.yso.fi/onto/ysa/Y145062, should be 'Pori -- Kellahti'
http://www.yso.fi/onto/allars/Y42537 linked via altLabel 'mytologia -- suomalaiset' to http://www.yso.fi/onto/ysa/Y106207, should be 'suomalainen mytologia'
http://www.yso.fi/onto/allars/Y47737 linked via altLabel 'Nilsiä -- Palonurmi' to http://www.yso.fi/onto/ysa/Y111834, should be 'Kuopio -- Palonurmi'
http://www.yso.fi/onto/allars/Y47498 linked via altLabel 'Lammi -- Kataloinen' to http://www.yso.fi/onto/ysa/Y109641, should be 'Hämeenlinna -- Kataloinen'
http://www.yso.fi/onto/allars/Y47648 linked via altLabel 'Maaninka -- Haapamäki' to http://www.yso.fi/onto/ysa/Y139884, should be 'Kuopio -- Haapamäki'
http://www.yso.fi/onto/allars/Y47993 linked via altLabel 'Punkaharju -- Putikko' to http://www.yso.fi/onto/ysa/Y112173, should be 'Savonlinna -- Putikko'
http://www.yso.fi/onto/allars/Y47192 linked via altLabel 'Kiikka -- Haapaniemi' to http://www.yso.fi/onto/ysa/Y111275, should be 'Sastamala -- Haapaniemi'
http://www.yso.fi/onto/allars/Y48655 linked via altLabel 'Ylikiiminki -- Hiltukylä' to http://www.yso.fi/onto/ysa/Y147465, should be 'Oulu -- Hiltukylä'
http://www.yso.fi/onto/allars/Y38469 linked via altLabel 'Valkeala -- Vuohijärvi' to http://www.yso.fi/onto/ysa/Y106021, should be 'Kouvola -- Vuohijärvi'
http://www.yso.fi/onto/allars/Y47224 linked via altLabel 'Kisko -- Kurkela' to http://www.yso.fi/onto/ysa/Y149179, should be 'Salo -- Kurkela'
http://www.yso.fi/onto/allars/Y43213 linked via altLabel 'võro-seton kieli' to http://www.yso.fi/onto/ysa/Y113532, should be 'võrun kieli'
http://www.yso.fi/onto/allars/Y47126 linked via altLabel 'Karttula -- Koskenkylä' to http://www.yso.fi/onto/ysa/Y129629, should be 'Kuopio -- Koskenkylä'
http://www.yso.fi/onto/allars/Y47549 linked via altLabel 'Lavia -- Aluskylä' to http://www.yso.fi/onto/ysa/Y108498, should be 'Pori -- Aluskylä'
http://www.yso.fi/onto/allars/Y29773 equivalent term 'kannet' not found
http://www.yso.fi/onto/allars/Y47223 linked via altLabel 'Kisko -- Aijala' to http://www.yso.fi/onto/ysa/Y152595, should be 'Salo -- Aijala'
http://www.yso.fi/onto/allars/Y33627 linked via altLabel 'Porvoon maalaiskunta -- Ali-Vekkoski' to http://www.yso.fi/onto/ysa/Y115790, should be 'Porvoo -- Ali-Vekkoski'
http://www.yso.fi/onto/allars/Y47991 linked via altLabel 'Punkaharju -- Hiukkajoki' to http://www.yso.fi/onto/ysa/Y111837, should be 'Savonlinna -- Hiukkajoki'
http://www.yso.fi/onto/allars/Y43707 linked via altLabel 'ATLAS/ti' to http://www.yso.fi/onto/ysa/Y108499, should be 'ATLAS.ti'
http://www.yso.fi/onto/allars/Y48656 linked via altLabel 'Ylikiiminki -- Joloskylä' to http://www.yso.fi/onto/ysa/Y113014, should be 'Oulu -- Joloskylä'
http://www.yso.fi/onto/allars/Y23854 equivalent term 'uusinnat' not found
http://www.yso.fi/onto/allars/Y37828 linked via altLabel 'metsät -- lannoitus' to http://www.yso.fi/onto/ysa/Y106128, should be 'metsänlannoitus'
http://www.yso.fi/onto/allars/Y47706 linked via altLabel 'Mouhijärvi -- Häijää' to http://www.yso.fi/onto/ysa/Y178090, should be 'Sastamala -- Häijää'
http://www.yso.fi/onto/allars/Y26900 linked via altLabel 'tyyli' to http://www.yso.fi/onto/ysa/Y99740, should be 'tyylit'
http://www.yso.fi/onto/allars/Y33080 linked via altLabel 'Porvoon maalaiskunta -- Mustijoki' to http://www.yso.fi/onto/ysa/Y112160, should be 'Porvoo -- Mustijoki'
http://www.yso.fi/onto/allars/Y48783 linked via altLabel 'Ilmajoki -- Lehtimäenkylä' to http://www.yso.fi/onto/ysa/Y193033, should be 'Seinäjoki -- Lehtimäenkylä'
http://www.yso.fi/onto/allars/Y48504 linked via altLabel 'Valkeala -- Anttila' to http://www.yso.fi/onto/ysa/Y108396, should be 'Kouvola -- Anttila'
http://www.yso.fi/onto/allars/Y51324 equivalent term 'valtiopäivät' not found
http://www.yso.fi/onto/allars/Y47096 linked via altLabel 'Kalvola -- Taljala' to http://www.yso.fi/onto/ysa/Y120570, should be 'Hämeenlinna -- Taljala'
http://www.yso.fi/onto/allars/Y47730 linked via altLabel 'Nastola -- Immilä' to http://www.yso.fi/onto/ysa/Y112663, should be 'Lahti -- Immilä'
http://www.yso.fi/onto/allars/Y33501 linked via altLabel 'Porvoon maalaiskunta -- Pellinki' to http://www.yso.fi/onto/ysa/Y176119, should be 'Porvoo -- Pellinki'
http://www.yso.fi/onto/allars/Y25211 equivalent term 'valtiopäivät' not found
http://www.yso.fi/onto/allars/Y46768 linked via altLabel 'Hauho -- Sappee' to http://www.yso.fi/onto/ysa/Y160697, should be 'Hämeenlinna -- Sappee'
http://www.yso.fi/onto/allars/Y48084 linked via altLabel 'Riistavesi -- Talvisalo' to http://www.yso.fi/onto/ysa/Y108277, should be 'Kuopio -- Talvisalo'
http://www.yso.fi/onto/allars/Y36826 linked via altLabel 'nettivalvonta' to http://www.yso.fi/onto/ysa/Y161762, should be 'verkkovalvonta'
http://www.yso.fi/onto/allars/Y33517 linked via altLabel 'Perniö -- Mathildedal' to http://www.yso.fi/onto/ysa/Y107504, should be 'Salo -- Mathildedal'
http://www.yso.fi/onto/allars/Y48654 linked via altLabel 'Ylikiiminki -- Ala-Vuotto' to http://www.yso.fi/onto/ysa/Y124385, should be 'Oulu -- Ala-Vuotto'
http://www.yso.fi/onto/allars/Y50672 linked via altLabel 'vihreä viinimarja' to http://www.yso.fi/onto/ysa/Y208627, should be 'viherherukka'
http://www.yso.fi/onto/allars/Y39012 linked via altLabel 'skeittaus' to http://www.yso.fi/onto/ysa/Y104208, should be 'rullalautailu'
http://www.yso.fi/onto/allars/Y32682 linked via altLabel 'Kuusankoski -- Myllykallio' to http://www.yso.fi/onto/ysa/Y113797, should be 'Kouvola -- Myllykallio'
http://www.yso.fi/onto/allars/Y30847 linked via altLabel 'Dragsfjärd -- Bolax' to http://www.yso.fi/onto/ysa/Y106681, should be 'Kemiönsaari -- Bolax'
http://www.yso.fi/onto/allars/Y47649 linked via altLabel 'Maaninka -- Kinnulanlahti' to http://www.yso.fi/onto/ysa/Y139885, should be 'Kuopio -- Kinnulanlahti'
http://www.yso.fi/onto/allars/Y47128 linked via altLabel 'Karttula -- Savikoski' to http://www.yso.fi/onto/ysa/Y119947, should be 'Kuopio -- Savikoski'
http://www.yso.fi/onto/allars/Y38416 linked via altLabel 'keltavalmuskat' to http://www.yso.fi/onto/ysa/Y165925, should be 'valmuskat'
http://www.yso.fi/onto/allars/Y48506 linked via altLabel 'Valkeala -- Karhula' to http://www.yso.fi/onto/ysa/Y112678, should be 'Kouvola -- Karhula'
http://www.yso.fi/onto/allars/Y48564 linked via altLabel 'Vehmersalmi -- Mustinlahti' to http://www.yso.fi/onto/ysa/Y124924, should be 'Kuopio -- Mustinlahti'
http://www.yso.fi/onto/allars/Y46583 linked via altLabel 'Anjalankoski -- Savero' to http://www.yso.fi/onto/ysa/Y118602, should be 'Kouvola -- Savero'
http://www.yso.fi/onto/allars/Y48749 linked via altLabel 'Halikko -- Märynummi' to http://www.yso.fi/onto/ysa/Y191273, should be 'Salo -- Märynummi'
http://www.yso.fi/onto/allars/Y47427 linked via altLabel 'Kuusankoski -- Kunnanpelto' to http://www.yso.fi/onto/ysa/Y149183, should be 'Kouvola -- Kunnanpelto'
http://www.yso.fi/onto/allars/Y29771 equivalent term 'kannet' not found
http://www.yso.fi/onto/allars/Y47097 equivalent term 'Haapasaari (Kangasala)' not found
http://www.yso.fi/onto/allars/Y30850 linked via altLabel 'Dragsfjärd -- Kaxskäla' to http://www.yso.fi/onto/ysa/Y119411, should be 'Kemiönsaari -- Kaxskäla'
http://www.yso.fi/onto/allars/Y48132 linked via altLabel 'Ruukki -- Luohua' to http://www.yso.fi/onto/ysa/Y133156, should be 'Siikajoki (kunta) -- Luohua'
http://www.yso.fi/onto/allars/Y30851 linked via altLabel 'Dragsfjärd -- Lövö' to http://www.yso.fi/onto/ysa/Y112163, should be 'Kemiönsaari -- Lövö'
http://www.yso.fi/onto/allars/Y29168 linked via altLabel 'vaihtolämpöisyys' to http://www.yso.fi/onto/ysa/Y103275, should be 'vaihtolämpöiset eläimet'
http://www.yso.fi/onto/allars/Y33634 linked via altLabel 'Porvoon maalaiskunta -- Kerkkoo' to http://www.yso.fi/onto/ysa/Y126457, should be 'Porvoo -- Kerkkoo'
http://www.yso.fi/onto/allars/Y33630 linked via altLabel 'Porvoon maalaiskunta -- Gammelbacka' to http://www.yso.fi/onto/ysa/Y110002, should be 'Porvoo -- Gammelbacka'
http://www.yso.fi/onto/allars/Y47881 linked via altLabel 'Perniö -- Pyhäjoki' to http://www.yso.fi/onto/ysa/Y113795, should be 'Salo -- Pyhäjoki'
http://www.yso.fi/onto/allars/Y25126 equivalent term 'uusinnat' not found
http://www.yso.fi/onto/allars/Y47426 linked via altLabel 'Kuusankoski -- Keltti' to http://www.yso.fi/onto/ysa/Y149182, should be 'Kouvola -- Keltti'
http://www.yso.fi/onto/allars/Y28536 equivalent term 'kotiutus' not found
http://www.yso.fi/onto/allars/Y47651 linked via altLabel 'Maaninka -- Käärmelahti' to http://www.yso.fi/onto/ysa/Y139886, should be 'Kuopio -- Käärmelahti'
http://www.yso.fi/onto/allars/Y24959 linked via altLabel 'uskonpuhdistus' to http://www.yso.fi/onto/ysa/Y99927, should be 'reformaatio'
http://www.yso.fi/onto/allars/Y48348 linked via altLabel 'Särkisalo -- Hästö' to http://www.yso.fi/onto/ysa/Y181510, should be 'Salo -- Hästö'
http://www.yso.fi/onto/allars/Y48648 linked via altLabel 'Yli-Ii -- Jakkukylä' to http://www.yso.fi/onto/ysa/Y110548, should be 'Oulu -- Jakkukylä'
http://www.yso.fi/onto/allars/Y48651 linked via altLabel 'Yli-Ii -- Maalismaa' to http://www.yso.fi/onto/ysa/Y113448, should be 'Oulu -- Maalismaa'
http://www.yso.fi/onto/allars/Y33981 linked via altLabel 'Šanghai' to http://www.yso.fi/onto/ysa/Y108743, should be 'Shanghai'
http://www.yso.fi/onto/allars/Y47428 linked via altLabel 'Kuusankoski -- Maunuksela' to http://www.yso.fi/onto/ysa/Y171100, should be 'Kouvola -- Maunuksela'
http://www.yso.fi/onto/allars/Y47094 linked via altLabel 'Kalvola -- Kutila' to http://www.yso.fi/onto/ysa/Y108534, should be 'Hämeenlinna -- Kutila'
http://www.yso.fi/onto/allars/Y46625 linked via altLabel 'Elimäki -- Koria' to http://www.yso.fi/onto/ysa/Y153011, should be 'Kouvola -- Koria'
http://www.yso.fi/onto/allars/Y33785 linked via altLabel 'vaatetussuunnittelijat' to http://www.yso.fi/onto/ysa/Y148436, should be 'vaatesuunnittelijat'
http://www.yso.fi/onto/allars/Y46934 linked via altLabel 'Jaala -- Verla' to http://www.yso.fi/onto/ysa/Y115307, should be 'Kouvola -- Verla'
http://www.yso.fi/onto/allars/Y30869 linked via altLabel 'Elimäki -- Ratula' to http://www.yso.fi/onto/ysa/Y123289, should be 'Kouvola -- Ratula'
http://www.yso.fi/onto/allars/Y48562 linked via altLabel 'Vehmersalmi -- Enonlahti' to http://www.yso.fi/onto/ysa/Y133044, should be 'Kuopio -- Enonlahti'
http://www.yso.fi/onto/allars/Y42410 linked via altLabel 'liike-elämä -- viestintä' to http://www.yso.fi/onto/ysa/Y105624, should be 'liikeviestintä'
http://www.yso.fi/onto/allars/Y47190 linked via altLabel 'Kiikala -- Johannislund' to http://www.yso.fi/onto/ysa/Y111336, should be 'Salo -- Johannislund'
http://www.yso.fi/onto/allars/Y34301 linked via altLabel 'loispistiäiset' to http://www.yso.fi/onto/ysa/Y206708, should be 'kätköpistiäiset'
http://www.yso.fi/onto/allars/Y47655 linked via altLabel 'Maaninka -- Pulkonkoski' to http://www.yso.fi/onto/ysa/Y125912, should be 'Kuopio -- Pulkonkoski'
http://www.yso.fi/onto/allars/Y47654 linked via altLabel 'Maaninka -- Pohjois-Haatala' to http://www.yso.fi/onto/ysa/Y113119, should be 'Kuopio -- Pohjois-Haatala'
http://www.yso.fi/onto/allars/Y48503 linked via altLabel 'Valkeala -- Aitomäki' to http://www.yso.fi/onto/ysa/Y112677, should be 'Kouvola -- Aitomäki'
http://www.yso.fi/onto/allars/Y48508 linked via altLabel 'Valkeala -- Kuivala' to http://www.yso.fi/onto/ysa/Y148842, should be 'Kouvola -- Kuivala'
http://www.yso.fi/onto/allars/Y33354 linked via altLabel 'Noormarkku -- Lassila' to http://www.yso.fi/onto/ysa/Y210115, should be 'Pori -- Lassila'
http://www.yso.fi/onto/allars/Y30856 linked via altLabel 'Dragsfjärd -- Vänö' to http://www.yso.fi/onto/ysa/Y124374, should be 'Kemiönsaari -- Vänö'
http://www.yso.fi/onto/allars/Y33632 linked via altLabel 'Porvoon maalaiskunta -- Ilola' to http://www.yso.fi/onto/ysa/Y123524, should be 'Porvoo -- Ilola'
http://www.yso.fi/onto/allars/Y49237 linked via altLabel 'Tuulos -- Juttila' to http://www.yso.fi/onto/ysa/Y197132, should be 'Hämeenlinna -- Juttila'
http://www.yso.fi/onto/allars/Y49030 linked via altLabel 'Lavia -- Riuttala' to http://www.yso.fi/onto/ysa/Y199000, should be 'Pori -- Riuttala'
http://www.yso.fi/onto/allars/Y36405 linked via altLabel 'Hiittinen -- Biskopsö' to http://www.yso.fi/onto/ysa/Y137479, should be 'Kemiönsaari -- Biskopsö'
http://www.yso.fi/onto/allars/Y34354 linked via altLabel 'Särkisalo -- Kraila' to http://www.yso.fi/onto/ysa/Y109663, should be 'Salo -- Kraila'
http://www.yso.fi/onto/allars/Y47502 linked via altLabel 'Lammi -- Porraskoski' to http://www.yso.fi/onto/ysa/Y109639, should be 'Hämeenlinna -- Porraskoski'
http://www.yso.fi/onto/allars/Y48507 linked via altLabel 'Valkeala -- Kouvolankylä' to http://www.yso.fi/onto/ysa/Y107853, should be 'Kouvola -- Kouvolankylä'
http://www.yso.fi/onto/allars/Y23002 linked via altLabel 'uudenaikaistuminen' to http://www.yso.fi/onto/ysa/Y128382, should be 'modernisaatio'
http://www.yso.fi/onto/allars/Y46766 linked via altLabel 'Hauho -- Alvettula' to http://www.yso.fi/onto/ysa/Y115788, should be 'Hämeenlinna -- Alvettula'
http://www.yso.fi/onto/allars/Y46578 equivalent term 'Anjalankoski -- Keltakoski' not found
http://www.yso.fi/onto/allars/Y33638 linked via altLabel 'Porvoon maalaiskunta -- Tolkkinen' to http://www.yso.fi/onto/ysa/Y149175, should be 'Porvoo -- Tolkkinen'
http://www.yso.fi/onto/allars/Y48637 linked via altLabel 'Vuolijoki -- Kallionperä' to http://www.yso.fi/onto/ysa/Y144440, should be 'Kajaani -- Kallionperä'
http://www.yso.fi/onto/allars/Y47650 linked via altLabel 'Maaninka -- Kurolanlahti' to http://www.yso.fi/onto/ysa/Y171104, should be 'Kuopio -- Kurolanlahti'
http://www.yso.fi/onto/allars/Y33631 linked via altLabel 'Porvoon maalaiskunta -- Hamari' to http://www.yso.fi/onto/ysa/Y176182, should be 'Porvoo -- Hamari'
http://www.yso.fi/onto/allars/Y46786 linked via altLabel 'Heinolan maalaiskunta -- Vaippila' to http://www.yso.fi/onto/ysa/Y110373, should be 'Heinola -- Vaippila'
http://www.yso.fi/onto/allars/Y50582 linked via altLabel 'Kuusankoski -- Pilkanmaa' to http://www.yso.fi/onto/ysa/Y209751, should be 'Kouvola -- Pilkanmaa'
http://www.yso.fi/onto/allars/Y30870 linked via altLabel 'Elimäki -- Vilppula' to http://www.yso.fi/onto/ysa/Y113309, should be 'Kouvola -- Vilppula'
http://www.yso.fi/onto/allars/Y33518 linked via altLabel 'Perniö -- Teijo' to http://www.yso.fi/onto/ysa/Y113785, should be 'Salo -- Teijo'
http://www.yso.fi/onto/allars/Y47093 linked via altLabel 'Kalvola -- Kotkajärvi' to http://www.yso.fi/onto/ysa/Y138844, should be 'Hämeenlinna -- Kotkajärvi'
http://www.yso.fi/onto/allars/Y47969 linked via altLabel 'Porvoon maalaiskunta -- Tuorila' to http://www.yso.fi/onto/ysa/Y175563, should be 'Porvoo -- Tuorila'
http://www.yso.fi/onto/allars/Y47653 linked via altLabel 'Maaninka -- Petsamo' to http://www.yso.fi/onto/ysa/Y171105, should be 'Kuopio -- Petsamo'
http://www.yso.fi/onto/allars/Y49234 linked via altLabel 'Tuulos -- Toivaala' to http://www.yso.fi/onto/ysa/Y197131, should be 'Hämeenlinna -- Toivaala'
http://www.yso.fi/onto/allars/Y46576 linked via altLabel 'Anjalankoski -- Kaipiainen' to http://www.yso.fi/onto/ysa/Y123521, should be 'Kouvola -- Kaipiainen'
http://www.yso.fi/onto/allars/Y47992 linked via altLabel 'Punkaharju -- Lahdenkylä' to http://www.yso.fi/onto/ysa/Y162827, should be 'Savonlinna -- Lahdenkylä'
http://www.yso.fi/onto/allars/Y47770 linked via altLabel 'Nurmo -- Louko' to http://www.yso.fi/onto/ysa/Y145422, should be 'Seinäjoki -- Louko'
http://www.yso.fi/onto/allars/Y48514 linked via altLabel 'Valkeala -- Selänpää' to http://www.yso.fi/onto/ysa/Y200842, should be 'Kouvola -- Selänpää'
http://www.yso.fi/onto/allars/Y48515 linked via altLabel 'Valkeala -- Sorsala' to http://www.yso.fi/onto/ysa/Y108845, should be 'Kouvola -- Sorsala'
http://www.yso.fi/onto/allars/Y17016 linked via altLabel 'eläimet -- käyttäytyminen' to http://www.yso.fi/onto/ysa/Y95020, should be 'eläinten käyttäytyminen'
http://www.yso.fi/onto/allars/Y24793 linked via altLabel 'murrosikäiset' to http://www.yso.fi/onto/ysa/Y97542, should be 'teini-ikäiset'
http://www.yso.fi/onto/allars/Y24793 linked via altLabel 'murrosikäiset' to http://www.yso.fi/onto/ysa/Y97541, should be 'murrosikä'
http://www.yso.fi/onto/allars/Y48513 linked via altLabel 'Valkeala -- Saarento' to http://www.yso.fi/onto/ysa/Y164859, should be 'Kouvola -- Saarento'
http://www.yso.fi/onto/allars/Y46575 linked via altLabel 'Sippola -- Inkeroinen' to http://www.yso.fi/onto/ysa/Y203497, should be 'Kouvola -- Inkeroinen'
http://www.yso.fi/onto/allars/Y47095 linked via altLabel 'Kalvola -- Lintumaa' to http://www.yso.fi/onto/ysa/Y171098, should be 'Hämeenlinna -- Lintumaa'
http://www.yso.fi/onto/allars/Y47085 linked via altLabel 'Kajaanin maalaiskunta -- Teppana' to http://www.yso.fi/onto/ysa/Y124384, should be 'Kajaani -- Teppana'
http://www.yso.fi/onto/allars/Y48659 linked via altLabel 'Ylikiiminki -- Vepsä' to http://www.yso.fi/onto/ysa/Y148988, should be 'Oulu -- Vepsä'
http://www.yso.fi/onto/allars/Y46932 linked via altLabel 'Jaala -- Kimola' to http://www.yso.fi/onto/ysa/Y138281, should be 'Kouvola -- Kimola'
http://www.yso.fi/onto/allars/Y49709 linked via altLabel 'Nilsiä -- Aholansaari' to http://www.yso.fi/onto/ysa/Y201226, should be 'Kuopio -- Aholansaari'
http://www.yso.fi/onto/allars/Y48563 linked via altLabel 'Vehmersalmi -- Jänissalo' to http://www.yso.fi/onto/ysa/Y122559, should be 'Kuopio -- Jänissalo'
http://www.yso.fi/onto/allars/Y19437 equivalent term 'kotiutus' not found
http://www.yso.fi/onto/allars/Y47732 linked via altLabel 'Nilsiä -- Haluna' to http://www.yso.fi/onto/ysa/Y178696, should be 'Kuopio -- Haluna'
http://www.yso.fi/onto/allars/Y48455 linked via altLabel 'Tyrväntö -- Lepaa' to http://www.yso.fi/onto/ysa/Y163367, should be 'Hattula -- Lepaa'
http://www.yso.fi/onto/allars/Y33514 linked via altLabel 'Perniö -- Kirjakkala' to http://www.yso.fi/onto/ysa/Y131449, should be 'Salo -- Kirjakkala'
http://www.yso.fi/onto/allars/Y48461 linked via altLabel 'Tyrvää -- Tapiola' to http://www.yso.fi/onto/ysa/Y162835, should be 'Sastamala -- Tapiola'
http://www.yso.fi/onto/allars/Y46584 linked via altLabel 'Anjalankoski -- Ummeljoki' to http://www.yso.fi/onto/ysa/Y131465, should be 'Kouvola -- Ummeljoki'
http://www.yso.fi/onto/allars/Y46935 linked via altLabel 'Jaala -- Vesala' to http://www.yso.fi/onto/ysa/Y109344, should be 'Kouvola -- Vesala'
http://www.yso.fi/onto/allars/Y48083 linked via altLabel 'Riistavesi -- Melalahti' to http://www.yso.fi/onto/ysa/Y138644, should be 'Kuopio -- Melalahti'
http://www.yso.fi/onto/allars/Y47731 linked via altLabel 'Nastola -- Uusikylä' to http://www.yso.fi/onto/ysa/Y163741, should be 'Lahti -- Uusikylä'
http://www.yso.fi/onto/allars/Y47884 linked via altLabel 'Pertteli -- Kurajoki' to http://www.yso.fi/onto/ysa/Y146542, should be 'Salo -- Kurajoki'
http://www.yso.fi/onto/allars/Y33639 linked via altLabel 'Porvoon maalaiskunta -- Uddas' to http://www.yso.fi/onto/ysa/Y108334, should be 'Porvoo -- Uddas'
http://www.yso.fi/onto/allars/Y31402 linked via altLabel 'Halikko -- Topjoki' to http://www.yso.fi/onto/ysa/Y118923, should be 'Salo -- Topjoki'
http://www.yso.fi/onto/allars/Y46624 linked via altLabel 'Elimäki -- Teuroinen' to http://www.yso.fi/onto/ysa/Y145412, should be 'Kouvola -- Teuroinen'
http://www.yso.fi/onto/allars/Y47739 linked via altLabel 'Nilsiä -- Syvärilä' to http://www.yso.fi/onto/ysa/Y111836, should be 'Kuopio -- Syvärilä'
http://www.yso.fi/onto/allars/Y32362 linked via altLabel 'Kisko -- Orijärvi' to http://www.yso.fi/onto/ysa/Y110119, should be 'Salo -- Orijärvi'
http://www.yso.fi/onto/allars/Y48638 linked via altLabel 'Vuolijoki -- Käkilahti' to http://www.yso.fi/onto/ysa/Y144438, should be 'Kajaani -- Käkilahti'
http://www.yso.fi/onto/allars/Y46767 linked via altLabel 'Hauho -- Ilmoila' to http://www.yso.fi/onto/ysa/Y170637, should be 'Hämeenlinna -- Ilmoila'
http://www.yso.fi/onto/allars/Y48541 linked via altLabel 'Vammala -- Raivio' to http://www.yso.fi/onto/ysa/Y125470, should be 'Sastamala -- Raivio'
http://www.yso.fi/onto/allars/Y47890 linked via altLabel 'Peräseinäjoki -- Kihniä' to http://www.yso.fi/onto/ysa/Y125105, should be 'Seinäjoki -- Kihniä'
http://www.yso.fi/onto/allars/Y42535 linked via altLabel 'mytologia -- antiikki' to http://www.yso.fi/onto/ysa/Y106221, should be 'antiikin mytologia'
http://www.yso.fi/onto/allars/Y48517 linked via altLabel 'Valkeala -- Tyrri' to http://www.yso.fi/onto/ysa/Y120329, should be 'Kouvola -- Tyrri'
http://www.yso.fi/onto/allars/Y46577 equivalent term 'Sippola -- Keltakoski' not found
http://www.yso.fi/onto/allars/Y46730 linked via altLabel 'Halikko -- Kihinen' to http://www.yso.fi/onto/ysa/Y150936, should be 'Salo -- Kihinen'
http://www.yso.fi/onto/allars/Y48280 linked via altLabel 'Suodenniemi -- Lahdenperä' to http://www.yso.fi/onto/ysa/Y145056, should be 'Sastamala -- Lahdenperä'
http://www.yso.fi/onto/allars/Y40277 linked via altLabel 'rajbanshin kieli' to http://www.yso.fi/onto/ysa/Y161301, should be 'radžbanshin kieli'
http://www.yso.fi/onto/allars/Y47127 linked via altLabel 'Karttula -- Riuttala' to http://www.yso.fi/onto/ysa/Y125478, should be 'Kuopio -- Riuttala'
http://www.yso.fi/onto/allars/Y24960 linked via altLabel 'uskonpuhdistusaika' to http://www.yso.fi/onto/ysa/Y104751, should be 'reformaation aika'
http://www.yso.fi/onto/allars/Y48509 linked via altLabel 'Valkeala -- Nuolniemi' to http://www.yso.fi/onto/ysa/Y147485, should be 'Kouvola -- Nuolniemi'
http://www.yso.fi/onto/allars/Y47191 linked via altLabel 'Kiikala -- Rekijoki' to http://www.yso.fi/onto/ysa/Y112882, should be 'Salo -- Rekijoki'
http://www.yso.fi/onto/allars/Y47429 linked via altLabel 'Kuusankoski -- Mäyrämäki' to http://www.yso.fi/onto/ysa/Y137291, should be 'Kouvola -- Mäyrämäki'
http://www.yso.fi/onto/allars/Y32672 linked via altLabel 'Kustaanmiekka' to http://www.yso.fi/onto/ysa/Y110903, should be 'Helsinki -- Kustaanmiekka'
http://www.yso.fi/onto/allars/Y47994 linked via altLabel 'Punkaharju -- Vaara' to http://www.yso.fi/onto/ysa/Y109454, should be 'Savonlinna -- Vaara'
http://www.yso.fi/onto/allars/Y47883 linked via altLabel 'Pertteli -- Hiisi' to http://www.yso.fi/onto/ysa/Y148835, should be 'Salo -- Hiisi'
http://www.yso.fi/onto/allars/Y17027 linked via altLabel 'eläimet -- merkintä' to http://www.yso.fi/onto/ysa/Y101220, should be 'eläinten merkintä'
http://www.yso.fi/onto/allars/Y47735 linked via altLabel 'Nilsiä -- Kinahmi' to http://www.yso.fi/onto/ysa/Y130597, should be 'Kuopio -- Kinahmi'
http://www.yso.fi/onto/allars/Y18406 linked via altLabel 'siemen' to http://www.yso.fi/onto/ysa/Y102887, should be 'siemenet'
http://www.yso.fi/onto/allars/Y34743 linked via altLabel 'Valkeala -- Haukjärvi' to http://www.yso.fi/onto/ysa/Y110117, should be 'Kouvola -- Haukjärvi'
http://www.yso.fi/onto/allars/Y48977 linked via altLabel 'Kuhmalahti -- Rautio' to http://www.yso.fi/onto/ysa/Y191009, should be 'Kangasala -- Rautio'
http://www.yso.fi/onto/allars/Y47194 linked via altLabel 'Kiikka -- Vähähaara' to http://www.yso.fi/onto/ysa/Y129144, should be 'Sastamala -- Vähähaara'
http://www.yso.fi/onto/allars/Y46931 linked via altLabel 'Jaala -- Huhdasjärvi' to http://www.yso.fi/onto/ysa/Y109343, should be 'Kouvola -- Huhdasjärvi'
http://www.yso.fi/onto/allars/Y48976 linked via altLabel 'Kuhmalahti -- Vähä-Pento' to http://www.yso.fi/onto/ysa/Y191008, should be 'Kangasala -- Vähä-Pento'
http://www.yso.fi/onto/allars/Y47551 linked via altLabel 'Lavia -- Niemenkylä' to http://www.yso.fi/onto/ysa/Y106577, should be 'Pori -- Niemenkylä'
http://www.yso.fi/onto/allars/Y49642 linked via altLabel 'Elimäki -- Takamaa' to http://www.yso.fi/onto/ysa/Y201975, should be 'Kouvola -- Takamaa'
http://www.yso.fi/onto/allars/Y48462 linked via altLabel 'Töysä -- Tuuri' to http://www.yso.fi/onto/ysa/Y109560, should be 'Alavus -- Tuuri'
http://www.yso.fi/onto/allars/Y33356 linked via altLabel 'Noormarkku -- Torajärvi' to http://www.yso.fi/onto/ysa/Y125932, should be 'Pori -- Torajärvi'
http://www.yso.fi/onto/allars/Y46585 linked via altLabel 'Anjalankoski -- Viiala' to http://www.yso.fi/onto/ysa/Y111738, should be 'Kouvola -- Viiala'
http://www.yso.fi/onto/allars/Y46933 linked via altLabel 'Jaala -- Siikava' to http://www.yso.fi/onto/ysa/Y146883, should be 'Kouvola -- Siikava'
http://www.yso.fi/onto/allars/Y46579 linked via altLabel 'Anjalankoski -- Liikkala' to http://www.yso.fi/onto/ysa/Y110139, should be 'Kouvola -- Liikkala'
Inconsistent mappings: http://www.yso.fi/onto/ysa/Y97541 -> http://www.yso.fi/onto/allars/Y24793 -> [rdflib.term.URIRef(u'http://www.yso.fi/onto/ysa/Y97542'), rdflib.term.URIRef(u'http://www.yso.fi/onto/ysa/Y97541')]
Inconsistent mappings: http://www.yso.fi/onto/ysa/Y99647 -> http://www.yso.fi/onto/allars/Y21614 -> [rdflib.term.URIRef(u'http://www.yso.fi/onto/ysa/Y215381'), rdflib.term.URIRef(u'http://www.yso.fi/onto/ysa/Y99647')]
YSO concept http://www.yso.fi/onto/yso/p8082 linked to nonexistent Allars concept http://www.yso.fi/onto/allars/Y30301
YSO concept http://www.yso.fi/onto/yso/p3592 linked to nonexistent Allars concept http://www.yso.fi/onto/allars/Y20737
YSO concept http://www.yso.fi/onto/yso/p9067 linked to nonexistent Allars concept http://www.yso.fi/onto/allars/Y32850
YSO concept http://www.yso.fi/onto/yso/p3592 linked to nonexistent Allars concept http://www.yso.fi/onto/allars/Y20741
YSO concept http://www.yso.fi/onto/yso/p24749 linked to nonexistent Allars concept http://www.yso.fi/onto/allars/Y25719
YSO concept http://www.yso.fi/onto/yso/p8082 linked to nonexistent Allars concept http://www.yso.fi/onto/allars/Y20745
YSO concept http://www.yso.fi/onto/yso/p8082 linked to nonexistent Allars concept http://www.yso.fi/onto/allars/Y26257
YSO concept http://www.yso.fi/onto/yso/p9067 linked to nonexistent Allars concept http://www.yso.fi/onto/allars/Y36001
YSO concept http://www.yso.fi/onto/yso/p24749 linked to nonexistent YSA concept http://www.yso.fi/onto/ysa/Y101469
YSO concept http://www.yso.fi/onto/yso/p14708 linked to nonexistent Allars concept http://www.yso.fi/onto/allars/Y44149
YSO concept http://www.yso.fi/onto/yso/p8690 linked to nonexistent YSA concept http://www.yso.fi/onto/ysa/Y118977
YSO concept http://www.yso.fi/onto/yso/p1100 linked to nonexistent YSA concept http://www.yso.fi/onto/ysa/Y97007
YSO concept http://www.yso.fi/onto/yso/p7391 linked to nonexistent Allars concept http://www.yso.fi/onto/allars/Y18435
YSO concept http://www.yso.fi/onto/yso/p24460 linked to nonexistent Allars concept http://www.yso.fi/onto/allars/Y38822
YSO concept http://www.yso.fi/onto/yso/p16005 linked to nonexistent Allars concept http://www.yso.fi/onto/allars/Y44175
YSO concept http://www.yso.fi/onto/yso/p15538 linked to nonexistent YSA concept http://www.yso.fi/onto/ysa/Y111176
YSO concept http://www.yso.fi/onto/yso/p4827 linked to nonexistent Allars concept http://www.yso.fi/onto/allars/Y18401
YSO concept http://www.yso.fi/onto/yso/p23710 linked to nonexistent Allars concept http://www.yso.fi/onto/allars/Y44261
YSO concept http://www.yso.fi/onto/yso/p20556 linked to nonexistent YSA concept http://www.yso.fi/onto/ysa/Y101225
YSO concept http://www.yso.fi/onto/yso/p12944 linked to nonexistent Allars concept http://www.yso.fi/onto/allars/Y15725
YSO concept http://www.yso.fi/onto/yso/p14708 linked to nonexistent YSA concept http://www.yso.fi/onto/ysa/Y94170
YSO concept http://www.yso.fi/onto/yso/p1269 linked to nonexistent Allars concept http://www.yso.fi/onto/allars/Y28280
YSO concept http://www.yso.fi/onto/yso/p27124 linked to nonexistent Allars concept http://www.yso.fi/onto/allars/Y45375
YSO concept http://www.yso.fi/onto/yso/p16005 linked to nonexistent YSA concept http://www.yso.fi/onto/ysa/Y111181
YSO concept http://www.yso.fi/onto/yso/p14969 linked to nonexistent YSA concept http://www.yso.fi/onto/ysa/Y109918
YSO concept http://www.yso.fi/onto/yso/p2489 linked to nonexistent Allars concept http://www.yso.fi/onto/allars/Y40828
YSO concept http://www.yso.fi/onto/yso/p23711 linked to nonexistent Allars concept http://www.yso.fi/onto/allars/Y44131
YSO concept http://www.yso.fi/onto/yso/p7730 linked to nonexistent Allars concept http://www.yso.fi/onto/allars/Y19851
YSO concept http://www.yso.fi/onto/yso/p15538 linked to nonexistent Allars concept http://www.yso.fi/onto/allars/Y40123
YSO concept http://www.yso.fi/onto/yso/p18088 linked to nonexistent Allars concept http://www.yso.fi/onto/allars/Y41758
YSO concept http://www.yso.fi/onto/yso/p1269 linked to nonexistent YSA concept http://www.yso.fi/onto/ysa/Y107110
YSO concept http://www.yso.fi/onto/yso/p13766 linked to nonexistent Allars concept http://www.yso.fi/onto/allars/Y41774
YSO concept http://www.yso.fi/onto/yso/p1100 linked to nonexistent Allars concept http://www.yso.fi/onto/allars/Y42387
YSO concept http://www.yso.fi/onto/yso/p18631 linked to nonexistent YSA concept http://www.yso.fi/onto/ysa/Y134560
YSO concept http://www.yso.fi/onto/yso/p7901 linked to nonexistent YSA concept http://www.yso.fi/onto/ysa/Y99938
YSO concept http://www.yso.fi/onto/yso/p23327 linked to nonexistent Allars concept http://www.yso.fi/onto/allars/Y37717
YSO concept http://www.yso.fi/onto/yso/p23327 linked to nonexistent YSA concept http://www.yso.fi/onto/ysa/Y156362
YSO concept http://www.yso.fi/onto/yso/p15135 linked to nonexistent Allars concept http://www.yso.fi/onto/allars/Y31921
YSO concept http://www.yso.fi/onto/yso/p16237 linked to nonexistent YSA concept http://www.yso.fi/onto/ysa/Y100916
YSO concept http://www.yso.fi/onto/yso/p12944 linked to nonexistent YSA concept http://www.yso.fi/onto/ysa/Y109608
YSO concept http://www.yso.fi/onto/yso/p13490 linked to nonexistent Allars concept http://www.yso.fi/onto/allars/Y17164
YSO concept http://www.yso.fi/onto/yso/p16237 linked to nonexistent Allars concept http://www.yso.fi/onto/allars/Y40797
YSO concept http://www.yso.fi/onto/yso/p19475 linked to nonexistent Allars concept http://www.yso.fi/onto/allars/Y18434
YSO concept http://www.yso.fi/onto/yso/p13453 linked to nonexistent Allars concept http://www.yso.fi/onto/allars/Y28198
YSO concept http://www.yso.fi/onto/yso/p13102 linked to nonexistent Allars concept http://www.yso.fi/onto/allars/Y18711
YSO concept http://www.yso.fi/onto/yso/p15244 linked to nonexistent YSA concept http://www.yso.fi/onto/ysa/Y107826
YSO concept http://www.yso.fi/onto/yso/p13766 linked to nonexistent YSA concept http://www.yso.fi/onto/ysa/Y112808
YSO concept http://www.yso.fi/onto/yso/p20556 linked to nonexistent Allars concept http://www.yso.fi/onto/allars/Y35699
YSO concept http://www.yso.fi/onto/yso/p1432 linked to nonexistent YSA concept http://www.yso.fi/onto/ysa/Y104697
YSO concept http://www.yso.fi/onto/yso/p24460 linked to nonexistent YSA concept http://www.yso.fi/onto/ysa/Y171494
YSO concept http://www.yso.fi/onto/yso/p13490 linked to nonexistent YSA concept http://www.yso.fi/onto/ysa/Y108137
YSO concept http://www.yso.fi/onto/yso/p23710 linked to nonexistent YSA concept http://www.yso.fi/onto/ysa/Y154015
YSO concept http://www.yso.fi/onto/yso/p23711 linked to nonexistent YSA concept http://www.yso.fi/onto/ysa/Y154016
YSO concept http://www.yso.fi/onto/yso/p15146 linked to nonexistent Allars concept http://www.yso.fi/onto/allars/Y31921
YSO concept http://www.yso.fi/onto/yso/p19099 linked to nonexistent Allars concept http://www.yso.fi/onto/allars/Y41758
YSO concept http://www.yso.fi/onto/yso/p11590 linked to nonexistent Allars concept http://www.yso.fi/onto/allars/Y28279
YSO concept http://www.yso.fi/onto/yso/p13102 linked to nonexistent YSA concept http://www.yso.fi/onto/ysa/Y108560
YSO concept http://www.yso.fi/onto/yso/p15244 linked to nonexistent Allars concept http://www.yso.fi/onto/allars/Y44427
YSO concept http://www.yso.fi/onto/yso/p5145 linked to nonexistent Allars concept http://www.yso.fi/onto/allars/Y19851
YSO concept http://www.yso.fi/onto/yso/p2489 linked to nonexistent YSA concept http://www.yso.fi/onto/ysa/Y111182
YSO concept http://www.yso.fi/onto/yso/p18651 linked to nonexistent Allars concept http://www.yso.fi/onto/allars/Y18401
YSO concept http://www.yso.fi/onto/yso/p24027 linked to nonexistent YSA concept http://www.yso.fi/onto/ysa/Y172987
YSO concept http://www.yso.fi/onto/yso/p18342 linked to nonexistent YSA concept http://www.yso.fi/onto/ysa/Y140874
