INFO: Don't know what to do with type http://www.yso.fi/onto/yso-meta/2007-03-02/GroupConcept
INFO: Don't know what to do with type http://www.yso.fi/onto/yso-meta/2007-03-02/StructuringClass
INFO: Don't know what to do with type http://www.yso.fi/onto/yso-translate/statukset
INFO: Don't know what to do with type http://www.yso.fi/onto/yso-meta/2007-03-02/DeprecatedAggregateConcept
INFO: Don't know what to do with type http://www.yso.fi/onto/yso-meta/2007-03-02/Hierarchy
INFO: Don't know what to do with type http://purl.org/dc/terms/LinguisticSystem
INFO: Don't know what to do with type http://www.yso.fi/onto/yso-meta/2007-03-02/DeprecatedConcept
INFO: Don't know what to do with type http://spinrdf.org/sp#Construct
INFO: Don't know what to do with type http://www.yso.fi/onto/yso-meta/2007-03-02/Concept
INFO: Don't know what to do with type http://www.yso.fi/onto/yso-meta/2007-03-02/DeprecatedGroupConcept
INFO: Don't know what to do with type http://www.yso.fi/onto/yso-meta/2007-03-02/ThematicGroup
INFO: Don't know what to do with type http://www.yso.fi/onto/yso-meta/2007-03-02/Individual
INFO: Don't know what to do with type http://www.yso.fi/onto/valo-meta/VAOconcept
INFO: Don't know what to do with type http://www.yso.fi/onto/valo-meta/VAOgroupConcept
WARNING: Stripping whitespace from label of http://www.yso.fi/onto/yso/p9200: 'legal aid '
WARNING: Stripping whitespace from label of http://www.yso.fi/onto/yso/p13966: 'Allärs: panter (pantsättning) '
WARNING: Stripping whitespace from label of http://www.yso.fi/onto/yso/p18631: 'Pitäisi poistaa YSOsta, kuten YSAssa nyt tehty: loispistiäiset KÄYTÄ kätköpistiäiset. Näin on oikein ja sen jälkeen myös ruotsink. ongelma on ratkaistu. https://laji.fi/taxon/MX.53685?locale=fi '
WARNING: Stripping whitespace from label of http://www.yso.fi/onto/yso/p25208: 'YSAan ei otettu tätä jakoa joten jako kannattanee poistaa YSOstakin. kumpi poistetaan? ks. https://github.com/Finto-ehdotus/YSE/issues/6626  '
WARNING: Stripping whitespace from label of http://www.yso.fi/onto/yso/p26616: 'Päätetty YSO-kokouksessa: löydöt=fynd. '
WARNING: Stripping whitespace from label of http://www.yso.fi/onto/yso/p27851: 'Pitäisin tätä pikemminkin laitteen osana kuin laitteena. '
WARNING: Stripping whitespace from label of http://www.yso.fi/onto/yso/p27929: 'Pitäisin tätä pikemminkin laitteen osana kuin laitteena. '
WARNING: Stripping whitespace from label of http://www.yso.fi/onto/yso/p28406: 'Onko tämä nyt kristinuskoa as we know it? Ortodoksi.netin mukaan tämä on harhaoppi. Oisko parempi LT uskonnolliset liikkeet (vrt gnostilaisuus), tai jumalakäsitykset? Maria: on teologinen oppi/suuntaus aikaisessa kristinuskossa 300-luvulta mutta joo julistettiin harhaopiksi v. 381. Osa kristinuskon oppien kehityshistoriaa. '
WARNING: Stripping whitespace from label of http://www.yso.fi/onto/yso/p29346: 'YSOssa tulisi kai juhlapäivät-käsitteen alle, jonka LT on vuotuisjuhlat, mutta en ole ihan varma onko tuo hierarkia ok. '
WARNING: Stripping whitespace from label of http://www.yso.fi/onto/yso/p30044: 'Huom: Ruotsiksi monikossa. Näin myös SAOssa. '
WARNING: Stripping whitespace from label of http://www.yso.fi/onto/yso/p30215: 'poistetaan YSOsta vanha "työmatkat" ja tälle uudelleenohjaus  kahteen uuteen '
WARNING: Stripping whitespace from label of http://www.yso.fi/onto/yso/p31796: 'Musiikkijuhlat=musikfestspel ei ole ruotsiksi sopiva yläkäsite. Musikfestival tms. olisi ok. '
WARNING: Stripping whitespace from label of http://www.yso.fi/onto/yso/p3512: 'En-käännös opetushallinnon sanastosta. '
WARNING: Stripping whitespace from label of http://www.yso.fi/onto/yso/p37742: 'Tuomas loi tällaisen uuden käsitteen. vanhat jälkihoito-käsitteet deprekoitiin. ks. https://github.com/Finto-ehdotus/YSE/issues/5483 '
WARNING: Stripping whitespace from label of http://www.yso.fi/onto/yso/p4204: 'SATU: en-käännös väitöskirjasta Aspvik: Psyykkisesti vajaakuntoisten avotyötoiminta '
WARNING: Stripping whitespace from label of http://www.yso.fi/onto/yso/p4292: 'SATU: en-vastineen lähde: evl.fi. '
WARNING: Stripping whitespace from label of http://www.yso.fi/onto/yso/p4367: 'Lat. Petromyzontiformes. '
WARNING: Stripping whitespace from label of http://www.yso.fi/onto/yso/p8930: 'Käytetty myös esim. vankien vapautumisesta, johon ei ruotsin frigörelse sovi. '
WARNING: Concept scheme has no label(s). Use --label option to set the concept scheme label.
WARNING: Concepts http://www.yso.fi/onto/yso/p12271 and http://www.yso.fi/onto/yso/p12270 connected by both skos:broaderTransitive and skos:related, removing skos:related
WARNING: Resource http://www.yso.fi/onto/yso-meta/2007-03-02/DeprecatedConcept has more than one prefLabel@fi: choosing deprecated concept (policy: shortest)
WARNING: Resource http://www.yso.fi/onto/yso/p27113 has more than one prefLabel@sv: choosing trosfrid (policy: shortest)
WARNING: Resource http://www.yso.fi/onto/yso/p6466 has more than one prefLabel@sv: choosing placering (policy: shortest)
WARNING: Resource http://www.yso.fi/onto/yso/p8924 has more than one prefLabel@sv: choosing placering (policy: shortest)
WARNING: Resource http://www.yso.fi/onto/yso/p1007 has 'värde'@sv as both prefLabel and altLabel; removing altLabel
WARNING: Resource http://www.yso.fi/onto/yso/p10074 has 'myntenheter'@sv as both prefLabel and altLabel; removing altLabel
WARNING: Resource http://www.yso.fi/onto/yso/p10119 has 'hållbarhet (resistens)'@sv as both prefLabel and altLabel; removing altLabel
WARNING: Resource http://www.yso.fi/onto/yso/p10155 has 'plocksallad'@sv as both prefLabel and altLabel; removing altLabel
WARNING: Resource http://www.yso.fi/onto/yso/p10679 has 'musiikkiarkistot'@fi as both prefLabel and altLabel; removing altLabel
WARNING: Resource http://www.yso.fi/onto/yso/p11181 has 'Venus (planeetat)'@fi as both prefLabel and altLabel; removing altLabel
WARNING: Resource http://www.yso.fi/onto/yso/p1190 has 'flodvågor (vågor)'@sv as both prefLabel and altLabel; removing altLabel
WARNING: Resource http://www.yso.fi/onto/yso/p12574 has 'vaihtolämpöisyys'@fi as both prefLabel and altLabel; removing altLabel
WARNING: Resource http://www.yso.fi/onto/yso/p12602 has 'läsning enligt objekt'@sv as both prefLabel and altLabel; removing altLabel
WARNING: Resource http://www.yso.fi/onto/yso/p13129 has 'reformaatio'@fi as both prefLabel and altLabel; removing altLabel
WARNING: Resource http://www.yso.fi/onto/yso/p13383 has 'elektroniska tidskrifter'@sv as both prefLabel and altLabel; removing altLabel
WARNING: Resource http://www.yso.fi/onto/yso/p13801 has 'metsänlannoitus'@fi as both prefLabel and altLabel; removing altLabel
WARNING: Resource http://www.yso.fi/onto/yso/p15459 has 'urheilujoukkueet'@fi as both prefLabel and altLabel; removing altLabel
WARNING: Resource http://www.yso.fi/onto/yso/p16080 has 'gastroenterologia'@fi as both prefLabel and altLabel; removing altLabel
WARNING: Resource http://www.yso.fi/onto/yso/p16237 has 'kuulonmittaus'@fi as both prefLabel and altLabel; removing altLabel
WARNING: Resource http://www.yso.fi/onto/yso/p16484 has 'lasi'@fi as both prefLabel and altLabel; removing altLabel
WARNING: Resource http://www.yso.fi/onto/yso/p1676 has 'filipino'@fi as both prefLabel and altLabel; removing altLabel
WARNING: Resource http://www.yso.fi/onto/yso/p18456 has 'skenografia'@fi as both prefLabel and altLabel; removing altLabel
WARNING: Resource http://www.yso.fi/onto/yso/p19218 has 'keskiajan latina'@fi as both prefLabel and altLabel; removing altLabel
WARNING: Resource http://www.yso.fi/onto/yso/p19419 has 'kuntavaalit'@fi as both prefLabel and altLabel; removing altLabel
WARNING: Resource http://www.yso.fi/onto/yso/p2011 has 'tietoyhteiskunta'@fi as both prefLabel and altLabel; removing altLabel
WARNING: Resource http://www.yso.fi/onto/yso/p2765 has 'lajit'@fi as both prefLabel and altLabel; removing altLabel
WARNING: Resource http://www.yso.fi/onto/yso/p3768 has 'offsetlitografia'@fi as both prefLabel and altLabel; removing altLabel
WARNING: Resource http://www.yso.fi/onto/yso/p38174 has 'ECEC partnership'@en as both prefLabel and altLabel; removing altLabel
WARNING: Resource http://www.yso.fi/onto/yso/p4277 has 'kahvi'@fi as both prefLabel and altLabel; removing altLabel
WARNING: Resource http://www.yso.fi/onto/yso/p520 has 'flygledning (organisationer)'@sv as both prefLabel and altLabel; removing altLabel
WARNING: Resource http://www.yso.fi/onto/yso/p6466 has 'placering'@sv as both prefLabel and altLabel; removing altLabel
WARNING: Resource http://www.yso.fi/onto/yso/p6680 has 'människa-maskinsystem'@sv as both prefLabel and altLabel; removing altLabel
WARNING: Resource http://www.yso.fi/onto/yso/p673 has 'kaniinit'@fi as both prefLabel and altLabel; removing altLabel
WARNING: Resource http://www.yso.fi/onto/yso/p7555 has 'maatalousyhteiskunta'@fi as both prefLabel and altLabel; removing altLabel
WARNING: Resource http://www.yso.fi/onto/yso/p7786 has 'porvaristo'@fi as both prefLabel and altLabel; removing altLabel
WARNING: Resource http://www.yso.fi/onto/yso/p8002 has 'apassit'@fi as both prefLabel and altLabel; removing altLabel
WARNING: Resource http://www.yso.fi/onto/yso/p8119 has 'lämpötalous'@fi as both prefLabel and altLabel; removing altLabel
WARNING: Resource http://www.yso.fi/onto/yso/p8376 has 'kaakao'@fi as both prefLabel and altLabel; removing altLabel
WARNING: Resource http://www.yso.fi/onto/yso/p882 has 'julkisuus'@fi as both prefLabel and altLabel; removing altLabel
WARNING: Resource http://www.yso.fi/onto/yso/p8924 has 'placering'@sv as both prefLabel and altLabel; removing altLabel
WARNING: Resource http://www.yso.fi/onto/yso/p9863 has 'miljöförstöring'@sv as both prefLabel and altLabel; removing altLabel
