INFO: Don't know what to do with type http://purl.org/iso25964/skos-thes#ConceptGroup
INFO: Don't know what to do with relation http://purl.org/iso25964/skos-thes#broaderGeneric
WARNING: Stripping whitespace from label of http://urn.fi/URN:NBN:fi:au:mts:m79: 'manusförfattare '
WARNING: Concept scheme has no label(s). Use --label option to set the concept scheme label.
INFO: Some concepts not reached in initial cycle detection. Re-checking for loose concepts.
WARNING: Eliminating redundant hierarchical relationship: http://urn.fi/URN:NBN:fi:au:mts:m3463 skos:broader http://urn.fi/URN:NBN:fi:au:mts:m837
WARNING: Eliminating redundant hierarchical relationship: http://urn.fi/URN:NBN:fi:au:mts:m3457 skos:broader http://urn.fi/URN:NBN:fi:au:mts:m837
WARNING: Eliminating redundant hierarchical relationship: http://urn.fi/URN:NBN:fi:au:mts:m613 skos:broader http://urn.fi/URN:NBN:fi:au:mts:m3469
WARNING: Eliminating redundant hierarchical relationship: http://urn.fi/URN:NBN:fi:au:mts:m613 skos:broader http://urn.fi/URN:NBN:fi:au:mts:m837
WARNING: Eliminating redundant hierarchical relationship: http://urn.fi/URN:NBN:fi:au:mts:m1624 skos:broader http://urn.fi/URN:NBN:fi:au:mts:m3469
WARNING: Eliminating redundant hierarchical relationship: http://urn.fi/URN:NBN:fi:au:mts:m1624 skos:broader http://urn.fi/URN:NBN:fi:au:mts:m837
WARNING: Eliminating redundant hierarchical relationship: http://urn.fi/URN:NBN:fi:au:mts:m3456 skos:broader http://urn.fi/URN:NBN:fi:au:mts:m837
WARNING: Eliminating redundant hierarchical relationship: http://urn.fi/URN:NBN:fi:au:mts:m3461 skos:broader http://urn.fi/URN:NBN:fi:au:mts:m837
WARNING: Eliminating redundant hierarchical relationship: http://urn.fi/URN:NBN:fi:au:mts:m3460 skos:broader http://urn.fi/URN:NBN:fi:au:mts:m837
WARNING: Eliminating redundant hierarchical relationship: http://urn.fi/URN:NBN:fi:au:mts:m3459 skos:broader http://urn.fi/URN:NBN:fi:au:mts:m837
WARNING: Eliminating redundant hierarchical relationship: http://urn.fi/URN:NBN:fi:au:mts:m3451 skos:broader http://urn.fi/URN:NBN:fi:au:mts:m837
WARNING: Eliminating redundant hierarchical relationship: http://urn.fi/URN:NBN:fi:au:mts:m3468 skos:broader http://urn.fi/URN:NBN:fi:au:mts:m837
WARNING: Eliminating redundant hierarchical relationship: http://urn.fi/URN:NBN:fi:au:mts:m2262 skos:broader http://urn.fi/URN:NBN:fi:au:mts:m837
WARNING: Eliminating redundant hierarchical relationship: http://urn.fi/URN:NBN:fi:au:mts:m2262 skos:broader http://urn.fi/URN:NBN:fi:au:mts:m3469
WARNING: Eliminating redundant hierarchical relationship: http://urn.fi/URN:NBN:fi:au:mts:m1579 skos:broader http://urn.fi/URN:NBN:fi:au:mts:m837
WARNING: Eliminating redundant hierarchical relationship: http://urn.fi/URN:NBN:fi:au:mts:m1579 skos:broader http://urn.fi/URN:NBN:fi:au:mts:m3469
WARNING: Eliminating redundant hierarchical relationship: http://urn.fi/URN:NBN:fi:au:mts:m3465 skos:broader http://urn.fi/URN:NBN:fi:au:mts:m837
WARNING: Eliminating redundant hierarchical relationship: http://urn.fi/URN:NBN:fi:au:mts:m3466 skos:broader http://urn.fi/URN:NBN:fi:au:mts:m837
WARNING: Eliminating redundant hierarchical relationship: http://urn.fi/URN:NBN:fi:au:mts:m1228 skos:broader http://urn.fi/URN:NBN:fi:au:mts:m3469
WARNING: Eliminating redundant hierarchical relationship: http://urn.fi/URN:NBN:fi:au:mts:m1228 skos:broader http://urn.fi/URN:NBN:fi:au:mts:m837
WARNING: Eliminating redundant hierarchical relationship: http://urn.fi/URN:NBN:fi:au:mts:m1545 skos:broader http://urn.fi/URN:NBN:fi:au:mts:m837
WARNING: Eliminating redundant hierarchical relationship: http://urn.fi/URN:NBN:fi:au:mts:m1545 skos:broader http://urn.fi/URN:NBN:fi:au:mts:m3469
