Warning: no results for <http://www.yso.fi/onto/afo/p1566> 'petrol [Br]'
Warning: no results for <http://www.yso.fi/onto/afo/p2696> 'saddle horse'
Warning: no results for <http://www.yso.fi/onto/afo/p2055> 'labor cost'
Warning: no results for <http://www.yso.fi/onto/afo/p3998> 'plastic'
Warning: no results for <http://www.yso.fi/onto/afo/p4117> 'maintenance breeding use'
Warning: no results for <http://www.yso.fi/onto/afo/p2316> 'cultured milks'
Warning: no results for <http://www.yso.fi/onto/afo/p5920> 'Medicago sartiva'
Warning: no results for <http://www.yso.fi/onto/afo/p3200> 'domestic product'
Warning: no results for <http://www.yso.fi/onto/afo/p1110> 'sterility'
Warning: no results for <http://www.yso.fi/onto/afo/p3612> 'integrated production'
Warning: no results for <http://www.yso.fi/onto/afo/p5125> 'production quotas'
Warning: no results for <http://www.yso.fi/onto/afo/p5083> 'vegetable juice'
Warning: no results for <http://www.yso.fi/onto/afo/p4048> 'tropical forestry'
Warning: no results for <http://www.yso.fi/onto/afo/p4614> 'PCBs'
Warning: no results for <http://www.yso.fi/onto/afo/p4541> 'diversity'
Warning: no results for <http://www.yso.fi/onto/afo/p1790> 'radiations'
Warning: no results for <http://www.yso.fi/onto/afo/p4682> 'spike[s]'
Warning: no results for <http://www.yso.fi/onto/afo/p3604> 'Zea mayas'
Warning: no results for <http://www.yso.fi/onto/afo/p1599> 'swans'
Warning: no results for <http://www.yso.fi/onto/afo/p6603> 'sports'
Warning: no results for <http://www.yso.fi/onto/afo/p6148> 'residual effect[s]'
Warning: no results for <http://www.yso.fi/onto/afo/p5921> 'drills'
Warning: no results for <http://www.yso.fi/onto/afo/p5778> 'moraine'
Warning: no results for <http://www.yso.fi/onto/afo/p4106> 'Junipus'
Warning: no results for <http://www.yso.fi/onto/afo/p4590> 'mutations'
Warning: no results for <http://www.yso.fi/onto/afo/p6104> 'interest'
Warning: no results for <http://www.yso.fi/onto/afo/p6473> 'elasticities'
Warning: no results for <http://www.yso.fi/onto/afo/p5223> 'Humulus lupus'
Warning: no results for <http://www.yso.fi/onto/afo/p4303> 'preys'
Warning: no results for <http://www.yso.fi/onto/afo/p2279> 'Vaccinium vitis-idaea'
Warning: no results for <http://www.yso.fi/onto/afo/p746> 'triticale'
Warning: no results for <http://www.yso.fi/onto/afo/p4756> 'substitutes'
Warning: no results for <http://www.yso.fi/onto/afo/p7346> 'changes'
Warning: no results for <http://www.yso.fi/onto/afo/p2428> 'yeast'
Warning: no results for <http://www.yso.fi/onto/afo/p4938> 'seed potato[es]'
Warning: no results for <http://www.yso.fi/onto/afo/p2507> 'night soil'
Warning: no results for <http://www.yso.fi/onto/afo/p4717> 'tissues'
Warning: no results for <http://www.yso.fi/onto/afo/p2480> 'intermediate host'
Warning: no results for <http://www.yso.fi/onto/afo/p3804> 'field capasity'
Warning: no results for <http://www.yso.fi/onto/afo/p5972> 'Ow'
Warning: no results for <http://www.yso.fi/onto/afo/p5547> ''
Warning: no results for <http://www.yso.fi/onto/afo/p5782> 'brussels sprout'
Warning: no results for <http://www.yso.fi/onto/afo/p3402> 'health policy'
Warning: no results for <http://www.yso.fi/onto/afo/p5024> 'glycine'
Warning: no results for <http://www.yso.fi/onto/afo/p4185> 'alcoholic bewerages'
Warning: no results for <http://www.yso.fi/onto/afo/p2757> 'right of acces'
Warning: no results for <http://www.yso.fi/onto/afo/p485> 'fur-bearing animals'
Warning: no results for <http://www.yso.fi/onto/afo/p6846> 'correlation'
Warning: no results for <http://www.yso.fi/onto/afo/p6900> 'fitness'
Warning: no results for <http://www.yso.fi/onto/afo/p6276> 'single cell proteins'
Warning: no results for <http://www.yso.fi/onto/afo/p7210> 'substitutes'
Warning: no results for <http://www.yso.fi/onto/afo/p3480> 'on farm research'
Warning: no results for <http://www.yso.fi/onto/afo/p1320> 'celluloses'
Warning: no results for <http://www.yso.fi/onto/afo/p3170> 'part-time farming'
Warning: no results for <http://www.yso.fi/onto/afo/p4523> 'low-fat foods'
Warning: no results for <http://www.yso.fi/onto/afo/p4182> 'self-sufficiency'
Warning: no results for <http://www.yso.fi/onto/afo/p3409> 'Thymus vulgaris'
Warning: no results for <http://www.yso.fi/onto/afo/p3928> 'biocoenoses'
Warning: no results for <http://www.yso.fi/onto/afo/p1524> 'moisture'
Warning: no results for <http://www.yso.fi/onto/afo/p7216> 'business'
Warning: no results for <http://www.yso.fi/onto/afo/p4312> 'compound feftilizers'
Warning: no results for <http://www.yso.fi/onto/afo/p112> 'machines'
Warning: no results for <http://www.yso.fi/onto/afo/p7056> 'inheritance'
Warning: no results for <http://www.yso.fi/onto/afo/p2420> 'washing equipment'
Warning: no results for <http://www.yso.fi/onto/afo/p6932> 'crises'
Warning: no results for <http://www.yso.fi/onto/afo/p6887> 'debts [vai: velka: debt'
