INFO: Don't know what to do with literal http://www.yso.fi/onto/ucum-meta/isMetric
INFO: Don't know what to do with literal http://www.yso.fi/onto/ucum-meta/code
INFO: Don't know what to do with literal http://www.yso.fi/onto/ucum-meta/CODE
INFO: Don't know what to do with literal http://www.yso.fi/onto/ucum-meta/isSpecial
WARNING: Literal value http://www.yso.fi/onto/ucum/ for skos:inScheme detected, ignoring.
WARNING: Literal value http://www.yso.fi/onto/ucum/ for skos:inScheme detected, ignoring.
WARNING: Literal value http://www.yso.fi/onto/ucum/ for skos:inScheme detected, ignoring.
WARNING: Literal value http://www.yso.fi/onto/ucum/ for skos:inScheme detected, ignoring.
WARNING: Literal value http://www.yso.fi/onto/ucum/ for skos:inScheme detected, ignoring.
WARNING: Literal value http://www.yso.fi/onto/ucum/ for skos:inScheme detected, ignoring.
WARNING: Literal value http://www.yso.fi/onto/ucum/ for skos:inScheme detected, ignoring.
WARNING: Literal value http://www.yso.fi/onto/ucum/ for skos:inScheme detected, ignoring.
WARNING: Literal value http://www.yso.fi/onto/ucum/ for skos:inScheme detected, ignoring.
WARNING: Literal value http://www.yso.fi/onto/ucum/ for skos:inScheme detected, ignoring.
WARNING: Literal value http://www.yso.fi/onto/ucum/ for skos:inScheme detected, ignoring.
WARNING: Literal value http://www.yso.fi/onto/ucum/ for skos:inScheme detected, ignoring.
WARNING: Literal value http://www.yso.fi/onto/ucum/ for skos:inScheme detected, ignoring.
WARNING: Literal value http://www.yso.fi/onto/ucum/ for skos:inScheme detected, ignoring.
WARNING: Literal value http://www.yso.fi/onto/ucum/ for skos:inScheme detected, ignoring.
WARNING: Literal value http://www.yso.fi/onto/ucum/ for skos:inScheme detected, ignoring.
WARNING: Literal value http://www.yso.fi/onto/ucum/ for skos:inScheme detected, ignoring.
WARNING: Literal value http://www.yso.fi/onto/ucum/ for skos:inScheme detected, ignoring.
WARNING: Literal value http://www.yso.fi/onto/ucum/ for skos:inScheme detected, ignoring.
WARNING: Literal value http://www.yso.fi/onto/ucum/ for skos:inScheme detected, ignoring.
WARNING: Literal value http://www.yso.fi/onto/ucum/ for skos:inScheme detected, ignoring.
WARNING: Literal value http://www.yso.fi/onto/ucum/ for skos:inScheme detected, ignoring.
WARNING: Literal value http://www.yso.fi/onto/ucum/ for skos:inScheme detected, ignoring.
WARNING: Literal value http://www.yso.fi/onto/ucum/ for skos:inScheme detected, ignoring.
WARNING: Literal value http://www.yso.fi/onto/ucum/ for skos:inScheme detected, ignoring.
WARNING: Literal value http://www.yso.fi/onto/ucum/ for skos:inScheme detected, ignoring.
WARNING: Literal value http://www.yso.fi/onto/ucum/ for skos:inScheme detected, ignoring.
WARNING: Literal value http://www.yso.fi/onto/ucum/ for skos:inScheme detected, ignoring.
WARNING: Literal value http://www.yso.fi/onto/ucum/ for skos:inScheme detected, ignoring.
WARNING: Literal value http://www.yso.fi/onto/ucum/ for skos:inScheme detected, ignoring.
WARNING: Literal value http://www.yso.fi/onto/ucum/ for skos:inScheme detected, ignoring.
WARNING: Literal value http://www.yso.fi/onto/ucum/ for skos:inScheme detected, ignoring.
WARNING: Literal value http://www.yso.fi/onto/ucum/ for skos:inScheme detected, ignoring.
WARNING: Literal value http://www.yso.fi/onto/ucum/ for skos:inScheme detected, ignoring.
WARNING: Literal value http://www.yso.fi/onto/ucum/ for skos:inScheme detected, ignoring.
WARNING: Literal value http://www.yso.fi/onto/ucum/ for skos:inScheme detected, ignoring.
WARNING: Literal value http://www.yso.fi/onto/ucum/ for skos:inScheme detected, ignoring.
WARNING: Literal value http://www.yso.fi/onto/ucum/ for skos:inScheme detected, ignoring.
WARNING: Literal value http://www.yso.fi/onto/ucum/ for skos:inScheme detected, ignoring.
WARNING: Literal value http://www.yso.fi/onto/ucum/ for skos:inScheme detected, ignoring.
WARNING: Literal value http://www.yso.fi/onto/ucum/ for skos:inScheme detected, ignoring.
WARNING: Literal value http://www.yso.fi/onto/ucum/ for skos:inScheme detected, ignoring.
WARNING: Literal value http://www.yso.fi/onto/ucum/ for skos:inScheme detected, ignoring.
WARNING: Literal value http://www.yso.fi/onto/ucum/ for skos:inScheme detected, ignoring.
WARNING: Literal value http://www.yso.fi/onto/ucum/ for skos:inScheme detected, ignoring.
WARNING: Literal value http://www.yso.fi/onto/ucum/ for skos:inScheme detected, ignoring.
WARNING: Literal value http://www.yso.fi/onto/ucum/ for skos:inScheme detected, ignoring.
WARNING: Literal value http://www.yso.fi/onto/ucum/ for skos:inScheme detected, ignoring.
WARNING: Literal value http://www.yso.fi/onto/ucum/ for skos:inScheme detected, ignoring.
WARNING: Literal value http://www.yso.fi/onto/ucum/ for skos:inScheme detected, ignoring.
WARNING: Literal value http://www.yso.fi/onto/ucum/ for skos:inScheme detected, ignoring.
WARNING: Literal value http://www.yso.fi/onto/ucum/ for skos:inScheme detected, ignoring.
WARNING: Literal value http://www.yso.fi/onto/ucum/ for skos:inScheme detected, ignoring.
WARNING: Literal value http://www.yso.fi/onto/ucum/ for skos:inScheme detected, ignoring.
WARNING: Literal value http://www.yso.fi/onto/ucum/ for skos:inScheme detected, ignoring.
WARNING: Literal value http://www.yso.fi/onto/ucum/ for skos:inScheme detected, ignoring.
WARNING: Literal value http://www.yso.fi/onto/ucum/ for skos:inScheme detected, ignoring.
WARNING: Literal value http://www.yso.fi/onto/ucum/ for skos:inScheme detected, ignoring.
WARNING: Literal value http://www.yso.fi/onto/ucum/ for skos:inScheme detected, ignoring.
WARNING: Literal value http://www.yso.fi/onto/ucum/ for skos:inScheme detected, ignoring.
WARNING: Literal value http://www.yso.fi/onto/ucum/ for skos:inScheme detected, ignoring.
WARNING: Literal value http://www.yso.fi/onto/ucum/ for skos:inScheme detected, ignoring.
WARNING: Literal value http://www.yso.fi/onto/ucum/ for skos:inScheme detected, ignoring.
WARNING: Literal value http://www.yso.fi/onto/ucum/ for skos:inScheme detected, ignoring.
WARNING: Literal value http://www.yso.fi/onto/ucum/ for skos:inScheme detected, ignoring.
WARNING: Literal value http://www.yso.fi/onto/ucum/ for skos:inScheme detected, ignoring.
WARNING: Literal value http://www.yso.fi/onto/ucum/ for skos:inScheme detected, ignoring.
WARNING: Literal value http://www.yso.fi/onto/ucum/ for skos:inScheme detected, ignoring.
WARNING: Literal value http://www.yso.fi/onto/ucum/ for skos:inScheme detected, ignoring.
WARNING: Literal value http://www.yso.fi/onto/ucum/ for skos:inScheme detected, ignoring.
WARNING: Literal value http://www.yso.fi/onto/ucum/ for skos:inScheme detected, ignoring.
WARNING: Literal value http://www.yso.fi/onto/ucum/ for skos:inScheme detected, ignoring.
WARNING: Literal value http://www.yso.fi/onto/ucum/ for skos:inScheme detected, ignoring.
WARNING: Literal value http://www.yso.fi/onto/ucum/ for skos:inScheme detected, ignoring.
WARNING: Literal value http://www.yso.fi/onto/ucum/ for skos:inScheme detected, ignoring.
WARNING: Literal value http://www.yso.fi/onto/ucum/ for skos:inScheme detected, ignoring.
WARNING: Literal value http://www.yso.fi/onto/ucum/ for skos:inScheme detected, ignoring.
WARNING: Literal value http://www.yso.fi/onto/ucum/ for skos:inScheme detected, ignoring.
WARNING: Literal value http://www.yso.fi/onto/ucum/ for skos:inScheme detected, ignoring.
WARNING: Literal value http://www.yso.fi/onto/ucum/ for skos:inScheme detected, ignoring.
WARNING: Literal value http://www.yso.fi/onto/ucum/ for skos:inScheme detected, ignoring.
WARNING: Literal value http://www.yso.fi/onto/ucum/ for skos:inScheme detected, ignoring.
WARNING: Literal value http://www.yso.fi/onto/ucum/ for skos:inScheme detected, ignoring.
WARNING: Literal value http://www.yso.fi/onto/ucum/ for skos:inScheme detected, ignoring.
WARNING: Literal value http://www.yso.fi/onto/ucum/ for skos:inScheme detected, ignoring.
WARNING: Literal value http://www.yso.fi/onto/ucum/ for skos:inScheme detected, ignoring.
WARNING: Literal value http://www.yso.fi/onto/ucum/ for skos:inScheme detected, ignoring.
WARNING: Literal value http://www.yso.fi/onto/ucum/ for skos:inScheme detected, ignoring.
WARNING: Literal value http://www.yso.fi/onto/ucum/ for skos:inScheme detected, ignoring.
WARNING: Literal value http://www.yso.fi/onto/ucum/ for skos:inScheme detected, ignoring.
WARNING: Literal value http://www.yso.fi/onto/ucum/ for skos:inScheme detected, ignoring.
WARNING: Literal value http://www.yso.fi/onto/ucum/ for skos:inScheme detected, ignoring.
WARNING: Literal value http://www.yso.fi/onto/ucum/ for skos:inScheme detected, ignoring.
WARNING: Literal value http://www.yso.fi/onto/ucum/ for skos:inScheme detected, ignoring.
WARNING: Literal value http://www.yso.fi/onto/ucum/ for skos:inScheme detected, ignoring.
WARNING: Literal value http://www.yso.fi/onto/ucum/ for skos:inScheme detected, ignoring.
WARNING: Literal value http://www.yso.fi/onto/ucum/ for skos:inScheme detected, ignoring.
WARNING: Literal value http://www.yso.fi/onto/ucum/ for skos:inScheme detected, ignoring.
WARNING: Literal value http://www.yso.fi/onto/ucum/ for skos:inScheme detected, ignoring.
WARNING: Literal value http://www.yso.fi/onto/ucum/ for skos:inScheme detected, ignoring.
WARNING: Literal value http://www.yso.fi/onto/ucum/ for skos:inScheme detected, ignoring.
WARNING: Literal value http://www.yso.fi/onto/ucum/ for skos:inScheme detected, ignoring.
WARNING: Literal value http://www.yso.fi/onto/ucum/ for skos:inScheme detected, ignoring.
WARNING: Literal value http://www.yso.fi/onto/ucum/ for skos:inScheme detected, ignoring.
WARNING: Literal value http://www.yso.fi/onto/ucum/ for skos:inScheme detected, ignoring.
WARNING: Literal value http://www.yso.fi/onto/ucum/ for skos:inScheme detected, ignoring.
WARNING: Literal value http://www.yso.fi/onto/ucum/ for skos:inScheme detected, ignoring.
WARNING: Literal value http://www.yso.fi/onto/ucum/ for skos:inScheme detected, ignoring.
WARNING: Literal value http://www.yso.fi/onto/ucum/ for skos:inScheme detected, ignoring.
WARNING: Literal value http://www.yso.fi/onto/ucum/ for skos:inScheme detected, ignoring.
WARNING: Literal value http://www.yso.fi/onto/ucum/ for skos:inScheme detected, ignoring.
WARNING: Literal value http://www.yso.fi/onto/ucum/ for skos:inScheme detected, ignoring.
WARNING: Literal value http://www.yso.fi/onto/ucum/ for skos:inScheme detected, ignoring.
WARNING: Literal value http://www.yso.fi/onto/ucum/ for skos:inScheme detected, ignoring.
WARNING: Literal value http://www.yso.fi/onto/ucum/ for skos:inScheme detected, ignoring.
WARNING: Literal value http://www.yso.fi/onto/ucum/ for skos:inScheme detected, ignoring.
WARNING: Literal value http://www.yso.fi/onto/ucum/ for skos:inScheme detected, ignoring.
WARNING: Literal value http://www.yso.fi/onto/ucum/ for skos:inScheme detected, ignoring.
WARNING: Literal value http://www.yso.fi/onto/ucum/ for skos:inScheme detected, ignoring.
WARNING: Literal value http://www.yso.fi/onto/ucum/ for skos:inScheme detected, ignoring.
WARNING: Literal value http://www.yso.fi/onto/ucum/ for skos:inScheme detected, ignoring.
WARNING: Literal value http://www.yso.fi/onto/ucum/ for skos:inScheme detected, ignoring.
WARNING: Literal value http://www.yso.fi/onto/ucum/ for skos:inScheme detected, ignoring.
WARNING: Literal value http://www.yso.fi/onto/ucum/ for skos:inScheme detected, ignoring.
WARNING: Literal value http://www.yso.fi/onto/ucum/ for skos:inScheme detected, ignoring.
WARNING: Literal value http://www.yso.fi/onto/ucum/ for skos:inScheme detected, ignoring.
WARNING: Literal value http://www.yso.fi/onto/ucum/ for skos:inScheme detected, ignoring.
WARNING: Literal value http://www.yso.fi/onto/ucum/ for skos:inScheme detected, ignoring.
WARNING: Literal value http://www.yso.fi/onto/ucum/ for skos:inScheme detected, ignoring.
WARNING: Literal value http://www.yso.fi/onto/ucum/ for skos:inScheme detected, ignoring.
WARNING: Literal value http://www.yso.fi/onto/ucum/ for skos:inScheme detected, ignoring.
WARNING: Literal value http://www.yso.fi/onto/ucum/ for skos:inScheme detected, ignoring.
WARNING: Literal value http://www.yso.fi/onto/ucum/ for skos:inScheme detected, ignoring.
WARNING: Literal value http://www.yso.fi/onto/ucum/ for skos:inScheme detected, ignoring.
WARNING: Literal value http://www.yso.fi/onto/ucum/ for skos:inScheme detected, ignoring.
WARNING: Literal value http://www.yso.fi/onto/ucum/ for skos:inScheme detected, ignoring.
WARNING: Literal value http://www.yso.fi/onto/ucum/ for skos:inScheme detected, ignoring.
WARNING: Literal value http://www.yso.fi/onto/ucum/ for skos:inScheme detected, ignoring.
WARNING: Literal value http://www.yso.fi/onto/ucum/ for skos:inScheme detected, ignoring.
WARNING: Literal value http://www.yso.fi/onto/ucum/ for skos:inScheme detected, ignoring.
WARNING: Literal value http://www.yso.fi/onto/ucum/ for skos:inScheme detected, ignoring.
WARNING: Literal value http://www.yso.fi/onto/ucum/ for skos:inScheme detected, ignoring.
WARNING: Literal value http://www.yso.fi/onto/ucum/ for skos:inScheme detected, ignoring.
WARNING: Literal value http://www.yso.fi/onto/ucum/ for skos:inScheme detected, ignoring.
WARNING: Literal value http://www.yso.fi/onto/ucum/ for skos:inScheme detected, ignoring.
WARNING: Literal value http://www.yso.fi/onto/ucum/ for skos:inScheme detected, ignoring.
WARNING: Literal value http://www.yso.fi/onto/ucum/ for skos:inScheme detected, ignoring.
WARNING: Literal value http://www.yso.fi/onto/ucum/ for skos:inScheme detected, ignoring.
WARNING: Literal value http://www.yso.fi/onto/ucum/ for skos:inScheme detected, ignoring.
WARNING: Literal value http://www.yso.fi/onto/ucum/ for skos:inScheme detected, ignoring.
WARNING: Literal value http://www.yso.fi/onto/ucum/ for skos:inScheme detected, ignoring.
WARNING: Literal value http://www.yso.fi/onto/ucum/ for skos:inScheme detected, ignoring.
WARNING: Literal value http://www.yso.fi/onto/ucum/ for skos:inScheme detected, ignoring.
WARNING: Literal value http://www.yso.fi/onto/ucum/ for skos:inScheme detected, ignoring.
WARNING: Literal value http://www.yso.fi/onto/ucum/ for skos:inScheme detected, ignoring.
WARNING: Literal value http://www.yso.fi/onto/ucum/ for skos:inScheme detected, ignoring.
WARNING: Literal value http://www.yso.fi/onto/ucum/ for skos:inScheme detected, ignoring.
WARNING: Literal value http://www.yso.fi/onto/ucum/ for skos:inScheme detected, ignoring.
WARNING: Literal value http://www.yso.fi/onto/ucum/ for skos:inScheme detected, ignoring.
WARNING: Literal value http://www.yso.fi/onto/ucum/ for skos:inScheme detected, ignoring.
WARNING: Literal value http://www.yso.fi/onto/ucum/ for skos:inScheme detected, ignoring.
WARNING: Literal value http://www.yso.fi/onto/ucum/ for skos:inScheme detected, ignoring.
WARNING: Literal value http://www.yso.fi/onto/ucum/ for skos:inScheme detected, ignoring.
WARNING: Literal value http://www.yso.fi/onto/ucum/ for skos:inScheme detected, ignoring.
WARNING: Literal value http://www.yso.fi/onto/ucum/ for skos:inScheme detected, ignoring.
WARNING: Literal value http://www.yso.fi/onto/ucum/ for skos:inScheme detected, ignoring.
WARNING: Literal value http://www.yso.fi/onto/ucum/ for skos:inScheme detected, ignoring.
WARNING: Literal value http://www.yso.fi/onto/ucum/ for skos:inScheme detected, ignoring.
WARNING: Literal value http://www.yso.fi/onto/ucum/ for skos:inScheme detected, ignoring.
WARNING: Literal value http://www.yso.fi/onto/ucum/ for skos:inScheme detected, ignoring.
WARNING: Literal value http://www.yso.fi/onto/ucum/ for skos:inScheme detected, ignoring.
WARNING: Literal value http://www.yso.fi/onto/ucum/ for skos:inScheme detected, ignoring.
WARNING: Literal value http://www.yso.fi/onto/ucum/ for skos:inScheme detected, ignoring.
WARNING: Literal value http://www.yso.fi/onto/ucum/ for skos:inScheme detected, ignoring.
WARNING: Literal value http://www.yso.fi/onto/ucum/ for skos:inScheme detected, ignoring.
WARNING: Literal value http://www.yso.fi/onto/ucum/ for skos:inScheme detected, ignoring.
WARNING: Literal value http://www.yso.fi/onto/ucum/ for skos:inScheme detected, ignoring.
WARNING: Literal value http://www.yso.fi/onto/ucum/ for skos:inScheme detected, ignoring.
WARNING: Literal value http://www.yso.fi/onto/ucum/ for skos:inScheme detected, ignoring.
WARNING: Literal value http://www.yso.fi/onto/ucum/ for skos:inScheme detected, ignoring.
WARNING: Literal value http://www.yso.fi/onto/ucum/ for skos:inScheme detected, ignoring.
WARNING: Literal value http://www.yso.fi/onto/ucum/ for skos:inScheme detected, ignoring.
WARNING: Literal value http://www.yso.fi/onto/ucum/ for skos:inScheme detected, ignoring.
WARNING: Literal value http://www.yso.fi/onto/ucum/ for skos:inScheme detected, ignoring.
WARNING: Literal value http://www.yso.fi/onto/ucum/ for skos:inScheme detected, ignoring.
WARNING: Literal value http://www.yso.fi/onto/ucum/ for skos:inScheme detected, ignoring.
WARNING: Literal value http://www.yso.fi/onto/ucum/ for skos:inScheme detected, ignoring.
WARNING: Literal value http://www.yso.fi/onto/ucum/ for skos:inScheme detected, ignoring.
WARNING: Literal value http://www.yso.fi/onto/ucum/ for skos:inScheme detected, ignoring.
WARNING: Literal value http://www.yso.fi/onto/ucum/ for skos:inScheme detected, ignoring.
WARNING: Literal value http://www.yso.fi/onto/ucum/ for skos:inScheme detected, ignoring.
WARNING: Literal value http://www.yso.fi/onto/ucum/ for skos:inScheme detected, ignoring.
WARNING: Literal value http://www.yso.fi/onto/ucum/ for skos:inScheme detected, ignoring.
WARNING: Literal value http://www.yso.fi/onto/ucum/ for skos:inScheme detected, ignoring.
WARNING: Literal value http://www.yso.fi/onto/ucum/ for skos:inScheme detected, ignoring.
WARNING: Literal value http://www.yso.fi/onto/ucum/ for skos:inScheme detected, ignoring.
WARNING: Literal value http://www.yso.fi/onto/ucum/ for skos:inScheme detected, ignoring.
WARNING: Literal value http://www.yso.fi/onto/ucum/ for skos:inScheme detected, ignoring.
WARNING: Literal value http://www.yso.fi/onto/ucum/ for skos:inScheme detected, ignoring.
WARNING: Literal value http://www.yso.fi/onto/ucum/ for skos:inScheme detected, ignoring.
WARNING: Literal value http://www.yso.fi/onto/ucum/ for skos:inScheme detected, ignoring.
WARNING: Literal value http://www.yso.fi/onto/ucum/ for skos:inScheme detected, ignoring.
WARNING: Literal value http://www.yso.fi/onto/ucum/ for skos:inScheme detected, ignoring.
WARNING: Literal value http://www.yso.fi/onto/ucum/ for skos:inScheme detected, ignoring.
WARNING: Literal value http://www.yso.fi/onto/ucum/ for skos:inScheme detected, ignoring.
WARNING: Literal value http://www.yso.fi/onto/ucum/ for skos:inScheme detected, ignoring.
WARNING: Literal value http://www.yso.fi/onto/ucum/ for skos:inScheme detected, ignoring.
WARNING: Literal value http://www.yso.fi/onto/ucum/ for skos:inScheme detected, ignoring.
WARNING: Literal value http://www.yso.fi/onto/ucum/ for skos:inScheme detected, ignoring.
WARNING: Literal value http://www.yso.fi/onto/ucum/ for skos:inScheme detected, ignoring.
WARNING: Literal value http://www.yso.fi/onto/ucum/ for skos:inScheme detected, ignoring.
WARNING: Literal value http://www.yso.fi/onto/ucum/ for skos:inScheme detected, ignoring.
WARNING: Literal value http://www.yso.fi/onto/ucum/ for skos:inScheme detected, ignoring.
WARNING: Literal value http://www.yso.fi/onto/ucum/ for skos:inScheme detected, ignoring.
WARNING: Literal value http://www.yso.fi/onto/ucum/ for skos:inScheme detected, ignoring.
WARNING: Literal value http://www.yso.fi/onto/ucum/ for skos:inScheme detected, ignoring.
WARNING: Literal value http://www.yso.fi/onto/ucum/ for skos:inScheme detected, ignoring.
WARNING: Literal value http://www.yso.fi/onto/ucum/ for skos:inScheme detected, ignoring.
WARNING: Literal value http://www.yso.fi/onto/ucum/ for skos:inScheme detected, ignoring.
WARNING: Literal value http://www.yso.fi/onto/ucum/ for skos:inScheme detected, ignoring.
WARNING: Literal value http://www.yso.fi/onto/ucum/ for skos:inScheme detected, ignoring.
WARNING: Literal value http://www.yso.fi/onto/ucum/ for skos:inScheme detected, ignoring.
WARNING: Literal value http://www.yso.fi/onto/ucum/ for skos:inScheme detected, ignoring.
WARNING: Literal value http://www.yso.fi/onto/ucum/ for skos:inScheme detected, ignoring.
WARNING: Literal value http://www.yso.fi/onto/ucum/ for skos:inScheme detected, ignoring.
WARNING: Literal value http://www.yso.fi/onto/ucum/ for skos:inScheme detected, ignoring.
WARNING: Literal value http://www.yso.fi/onto/ucum/ for skos:inScheme detected, ignoring.
WARNING: Literal value http://www.yso.fi/onto/ucum/ for skos:inScheme detected, ignoring.
WARNING: Literal value http://www.yso.fi/onto/ucum/ for skos:inScheme detected, ignoring.
WARNING: Literal value http://www.yso.fi/onto/ucum/ for skos:inScheme detected, ignoring.
WARNING: Literal value http://www.yso.fi/onto/ucum/ for skos:inScheme detected, ignoring.
WARNING: Literal value http://www.yso.fi/onto/ucum/ for skos:inScheme detected, ignoring.
WARNING: Literal value http://www.yso.fi/onto/ucum/ for skos:inScheme detected, ignoring.
WARNING: Literal value http://www.yso.fi/onto/ucum/ for skos:inScheme detected, ignoring.
WARNING: Literal value http://www.yso.fi/onto/ucum/ for skos:inScheme detected, ignoring.
WARNING: Literal value http://www.yso.fi/onto/ucum/ for skos:inScheme detected, ignoring.
WARNING: Literal value http://www.yso.fi/onto/ucum/ for skos:inScheme detected, ignoring.
WARNING: Literal value http://www.yso.fi/onto/ucum/ for skos:inScheme detected, ignoring.
WARNING: Literal value http://www.yso.fi/onto/ucum/ for skos:inScheme detected, ignoring.
WARNING: Literal value http://www.yso.fi/onto/ucum/ for skos:inScheme detected, ignoring.
WARNING: Literal value http://www.yso.fi/onto/ucum/ for skos:inScheme detected, ignoring.
WARNING: Literal value http://www.yso.fi/onto/ucum/ for skos:inScheme detected, ignoring.
WARNING: Literal value http://www.yso.fi/onto/ucum/ for skos:inScheme detected, ignoring.
WARNING: Literal value http://www.yso.fi/onto/ucum/ for skos:inScheme detected, ignoring.
WARNING: Literal value http://www.yso.fi/onto/ucum/ for skos:inScheme detected, ignoring.
WARNING: Literal value http://www.yso.fi/onto/ucum/ for skos:inScheme detected, ignoring.
WARNING: Literal value http://www.yso.fi/onto/ucum/ for skos:inScheme detected, ignoring.
WARNING: Literal value http://www.yso.fi/onto/ucum/ for skos:inScheme detected, ignoring.
WARNING: Literal value http://www.yso.fi/onto/ucum/ for skos:inScheme detected, ignoring.
WARNING: Literal value http://www.yso.fi/onto/ucum/ for skos:inScheme detected, ignoring.
WARNING: Literal value http://www.yso.fi/onto/ucum/ for skos:inScheme detected, ignoring.
WARNING: Literal value http://www.yso.fi/onto/ucum/ for skos:inScheme detected, ignoring.
WARNING: Literal value http://www.yso.fi/onto/ucum/ for skos:inScheme detected, ignoring.
WARNING: Literal value http://www.yso.fi/onto/ucum/ for skos:inScheme detected, ignoring.
WARNING: Literal value http://www.yso.fi/onto/ucum/ for skos:inScheme detected, ignoring.
WARNING: Literal value http://www.yso.fi/onto/ucum/ for skos:inScheme detected, ignoring.
WARNING: Literal value http://www.yso.fi/onto/ucum/ for skos:inScheme detected, ignoring.
WARNING: Literal value http://www.yso.fi/onto/ucum/ for skos:inScheme detected, ignoring.
WARNING: Literal value http://www.yso.fi/onto/ucum/ for skos:inScheme detected, ignoring.
WARNING: Literal value http://www.yso.fi/onto/ucum/ for skos:inScheme detected, ignoring.
WARNING: Literal value http://www.yso.fi/onto/ucum/ for skos:inScheme detected, ignoring.
WARNING: Literal value http://www.yso.fi/onto/ucum/ for skos:inScheme detected, ignoring.
WARNING: Literal value http://www.yso.fi/onto/ucum/ for skos:inScheme detected, ignoring.
WARNING: Literal value http://www.yso.fi/onto/ucum/ for skos:inScheme detected, ignoring.
WARNING: Literal value http://www.yso.fi/onto/ucum/ for skos:inScheme detected, ignoring.
WARNING: Literal value http://www.yso.fi/onto/ucum/ for skos:inScheme detected, ignoring.
WARNING: Literal value http://www.yso.fi/onto/ucum/ for skos:inScheme detected, ignoring.
WARNING: Literal value http://www.yso.fi/onto/ucum/ for skos:inScheme detected, ignoring.
WARNING: Literal value http://www.yso.fi/onto/ucum/ for skos:inScheme detected, ignoring.
WARNING: Literal value http://www.yso.fi/onto/ucum/ for skos:inScheme detected, ignoring.
WARNING: Literal value http://www.yso.fi/onto/ucum/ for skos:inScheme detected, ignoring.
WARNING: Literal value http://www.yso.fi/onto/ucum/ for skos:inScheme detected, ignoring.
WARNING: Literal value http://www.yso.fi/onto/ucum/ for skos:inScheme detected, ignoring.
WARNING: Literal value http://www.yso.fi/onto/ucum/ for skos:inScheme detected, ignoring.
WARNING: Literal value http://www.yso.fi/onto/ucum/ for skos:inScheme detected, ignoring.
WARNING: Literal value http://www.yso.fi/onto/ucum/ for skos:inScheme detected, ignoring.
WARNING: Literal value http://www.yso.fi/onto/ucum/ for skos:inScheme detected, ignoring.
WARNING: Literal value http://www.yso.fi/onto/ucum/ for skos:inScheme detected, ignoring.
WARNING: Literal value http://www.yso.fi/onto/ucum/ for skos:inScheme detected, ignoring.
WARNING: Literal value http://www.yso.fi/onto/ucum/ for skos:inScheme detected, ignoring.
WARNING: Literal value http://www.yso.fi/onto/ucum/ for skos:inScheme detected, ignoring.
WARNING: Literal value http://www.yso.fi/onto/ucum/ for skos:inScheme detected, ignoring.
WARNING: Literal value http://www.yso.fi/onto/ucum/ for skos:inScheme detected, ignoring.
WARNING: Literal value http://www.yso.fi/onto/ucum/ for skos:inScheme detected, ignoring.
WARNING: Literal value http://www.yso.fi/onto/ucum/ for skos:inScheme detected, ignoring.
WARNING: Literal value http://www.yso.fi/onto/ucum/ for skos:inScheme detected, ignoring.
WARNING: Literal value http://www.yso.fi/onto/ucum/ for skos:inScheme detected, ignoring.
WARNING: Literal value http://www.yso.fi/onto/ucum/ for skos:inScheme detected, ignoring.
WARNING: Literal value http://www.yso.fi/onto/ucum/ for skos:inScheme detected, ignoring.
WARNING: Literal value http://www.yso.fi/onto/ucum/ for skos:inScheme detected, ignoring.
WARNING: Literal value http://www.yso.fi/onto/ucum/ for skos:inScheme detected, ignoring.
WARNING: Literal value http://www.yso.fi/onto/ucum/ for skos:inScheme detected, ignoring.
WARNING: Literal value http://www.yso.fi/onto/ucum/ for skos:inScheme detected, ignoring.
WARNING: Literal value http://www.yso.fi/onto/ucum/ for skos:inScheme detected, ignoring.
WARNING: Literal value http://www.yso.fi/onto/ucum/ for skos:inScheme detected, ignoring.
WARNING: Literal value http://www.yso.fi/onto/ucum/ for skos:inScheme detected, ignoring.
WARNING: Literal value http://www.yso.fi/onto/ucum/ for skos:inScheme detected, ignoring.
WARNING: Literal value http://www.yso.fi/onto/ucum/ for skos:inScheme detected, ignoring.
WARNING: Literal value http://www.yso.fi/onto/ucum/ for skos:inScheme detected, ignoring.
WARNING: Literal value http://www.yso.fi/onto/ucum/ for skos:inScheme detected, ignoring.
WARNING: Literal value http://www.yso.fi/onto/ucum/ for skos:inScheme detected, ignoring.
WARNING: Literal value http://www.yso.fi/onto/ucum/ for skos:inScheme detected, ignoring.
WARNING: Literal value http://www.yso.fi/onto/ucum/ for skos:inScheme detected, ignoring.
WARNING: Literal value http://www.yso.fi/onto/ucum/ for skos:inScheme detected, ignoring.
WARNING: Literal value http://www.yso.fi/onto/ucum/ for skos:inScheme detected, ignoring.
WARNING: Literal value http://www.yso.fi/onto/ucum/ for skos:inScheme detected, ignoring.
WARNING: Literal value http://www.yso.fi/onto/ucum/ for skos:inScheme detected, ignoring.
WARNING: Literal value http://www.yso.fi/onto/ucum/ for skos:inScheme detected, ignoring.
WARNING: Literal value http://www.yso.fi/onto/ucum/ for skos:inScheme detected, ignoring.
WARNING: Literal value http://www.yso.fi/onto/ucum/ for skos:inScheme detected, ignoring.
WARNING: Concept scheme has no label(s). Use --label option to set the concept scheme label.
INFO: Marking loose concept http://www.yso.fi/onto/ucum/p118 as top concept of scheme http://www.yso.fi/onto/ucum/
INFO: Marking loose concept http://www.yso.fi/onto/ucum/p146 as top concept of scheme http://www.yso.fi/onto/ucum/
INFO: Marking loose concept http://www.yso.fi/onto/ucum/p16 as top concept of scheme http://www.yso.fi/onto/ucum/
INFO: Marking loose concept http://www.yso.fi/onto/ucum/p167 as top concept of scheme http://www.yso.fi/onto/ucum/
INFO: Marking loose concept http://www.yso.fi/onto/ucum/p185 as top concept of scheme http://www.yso.fi/onto/ucum/
INFO: Marking loose concept http://www.yso.fi/onto/ucum/p198 as top concept of scheme http://www.yso.fi/onto/ucum/
INFO: Marking loose concept http://www.yso.fi/onto/ucum/p222 as top concept of scheme http://www.yso.fi/onto/ucum/
INFO: Marking loose concept http://www.yso.fi/onto/ucum/p232 as top concept of scheme http://www.yso.fi/onto/ucum/
INFO: Marking loose concept http://www.yso.fi/onto/ucum/p242 as top concept of scheme http://www.yso.fi/onto/ucum/
INFO: Marking loose concept http://www.yso.fi/onto/ucum/p246 as top concept of scheme http://www.yso.fi/onto/ucum/
INFO: Marking loose concept http://www.yso.fi/onto/ucum/p252 as top concept of scheme http://www.yso.fi/onto/ucum/
INFO: Marking loose concept http://www.yso.fi/onto/ucum/p263 as top concept of scheme http://www.yso.fi/onto/ucum/
INFO: Marking loose concept http://www.yso.fi/onto/ucum/p27 as top concept of scheme http://www.yso.fi/onto/ucum/
INFO: Marking loose concept http://www.yso.fi/onto/ucum/p285 as top concept of scheme http://www.yso.fi/onto/ucum/
INFO: Marking loose concept http://www.yso.fi/onto/ucum/p322 as top concept of scheme http://www.yso.fi/onto/ucum/
INFO: Marking loose concept http://www.yso.fi/onto/ucum/p395 as top concept of scheme http://www.yso.fi/onto/ucum/
INFO: Marking loose concept http://www.yso.fi/onto/ucum/p409 as top concept of scheme http://www.yso.fi/onto/ucum/
INFO: Marking loose concept http://www.yso.fi/onto/ucum/p425 as top concept of scheme http://www.yso.fi/onto/ucum/
INFO: Marking loose concept http://www.yso.fi/onto/ucum/p69 as top concept of scheme http://www.yso.fi/onto/ucum/
INFO: Marking loose concept http://www.yso.fi/onto/ucum/p97 as top concept of scheme http://www.yso.fi/onto/ucum/
INFO: Some concepts not reached in initial cycle detection. Re-checking for loose concepts.
WARNING: Resource http://www.yso.fi/onto/ucum/p171 has more than one prefLabel@en: choosing Gunter's chain (policy: shortest)
WARNING: Resource http://www.yso.fi/onto/ucum/p173 has more than one prefLabel@en: choosing Ramden's chain (policy: shortest)
WARNING: Resource http://www.yso.fi/onto/ucum/p236 has more than one prefLabel@en: choosing U.S. hundredweight (policy: shortest)
WARNING: Resource http://www.yso.fi/onto/ucum/p237 has more than one prefLabel@en: choosing long hunderdweight (policy: shortest)
WARNING: Resource http://www.yso.fi/onto/ucum/p238 has more than one prefLabel@en: choosing U.S. ton (policy: shortest)
WARNING: Resource http://www.yso.fi/onto/ucum/p239 has more than one prefLabel@en: choosing long ton (policy: shortest)
WARNING: Resource http://www.yso.fi/onto/ucum/p240 has more than one prefLabel@en: choosing stone (policy: shortest)
WARNING: Resource http://www.yso.fi/onto/ucum/p247 has more than one prefLabel@en: choosing dram (policy: shortest)
WARNING: Resource http://www.yso.fi/onto/ucum/p257 has more than one prefLabel@en: choosing pied (policy: shortest)
WARNING: Resource http://www.yso.fi/onto/ucum/p258 has more than one prefLabel@en: choosing pouce (policy: shortest)
WARNING: Resource http://www.yso.fi/onto/ucum/p259 has more than one prefLabel@en: choosing ligne (policy: shortest)
WARNING: Resource http://www.yso.fi/onto/ucum/p260 has more than one prefLabel@en: choosing didot (policy: shortest)
WARNING: Resource http://www.yso.fi/onto/ucum/p261 has more than one prefLabel@en: choosing cicero (policy: shortest)
WARNING: Resource http://www.yso.fi/onto/ucum/p299 has more than one prefLabel@en: choosing french (policy: shortest)
WARNING: Resource http://www.yso.fi/onto/ucum/p68 has more than one prefLabel@en: choosing gon (policy: shortest)
