WARNING: http://urn.fi/URN:NBN:fi:au:ykl:67. 67.1 does not look like a valid URI, trying to serialize this will break.
INFO: Don't know what to do with type http://www.yso.fi/onto/hklj-meta/Concept
INFO: Don't know what to do with type http://www.yso.fi/onto/hklj-meta/FormClass
WARNING: Concept scheme has no label(s). Use --label option to set the concept scheme label.
INFO: Marking loose concept http://urn.fi/URN:NBN:fi:au:hklj:000 as top concept of scheme http://urn.fi/URN:NBN:fi:au:hklj:
INFO: Marking loose concept http://urn.fi/URN:NBN:fi:au:hklj:100 as top concept of scheme http://urn.fi/URN:NBN:fi:au:hklj:
INFO: Marking loose concept http://urn.fi/URN:NBN:fi:au:hklj:200 as top concept of scheme http://urn.fi/URN:NBN:fi:au:hklj:
INFO: Marking loose concept http://urn.fi/URN:NBN:fi:au:hklj:300 as top concept of scheme http://urn.fi/URN:NBN:fi:au:hklj:
INFO: Marking loose concept http://urn.fi/URN:NBN:fi:au:hklj:400 as top concept of scheme http://urn.fi/URN:NBN:fi:au:hklj:
INFO: Marking loose concept http://urn.fi/URN:NBN:fi:au:hklj:500 as top concept of scheme http://urn.fi/URN:NBN:fi:au:hklj:
INFO: Marking loose concept http://urn.fi/URN:NBN:fi:au:hklj:600 as top concept of scheme http://urn.fi/URN:NBN:fi:au:hklj:
INFO: Marking loose concept http://urn.fi/URN:NBN:fi:au:hklj:700 as top concept of scheme http://urn.fi/URN:NBN:fi:au:hklj:
INFO: Marking loose concept http://urn.fi/URN:NBN:fi:au:hklj:800 as top concept of scheme http://urn.fi/URN:NBN:fi:au:hklj:
INFO: Marking loose concept http://urn.fi/URN:NBN:fi:au:hklj:900 as top concept of scheme http://urn.fi/URN:NBN:fi:au:hklj:
INFO: Marking loose concept http://urn.fi/URN:NBN:fi:au:hklj:fiktioMuotoluokka as top concept of scheme http://urn.fi/URN:NBN:fi:au:hklj:
INFO: Marking loose concept http://urn.fi/URN:NBN:fi:au:hklj:muotoluokka as top concept of scheme http://urn.fi/URN:NBN:fi:au:hklj:
WARNING: Concepts http://urn.fi/URN:NBN:fi:au:hklj:001 and http://urn.fi/URN:NBN:fi:au:hklj:000 connected by both skos:broaderTransitive and skos:related, removing skos:related
WARNING: Concepts http://urn.fi/URN:NBN:fi:au:hklj:001.09 and http://urn.fi/URN:NBN:fi:au:hklj:001 connected by both skos:broaderTransitive and skos:related, removing skos:related
WARNING: Concepts http://urn.fi/URN:NBN:fi:au:hklj:003 and http://urn.fi/URN:NBN:fi:au:hklj:000 connected by both skos:broaderTransitive and skos:related, removing skos:related
WARNING: Concepts http://urn.fi/URN:NBN:fi:au:hklj:004 and http://urn.fi/URN:NBN:fi:au:hklj:000 connected by both skos:broaderTransitive and skos:related, removing skos:related
WARNING: Concepts http://urn.fi/URN:NBN:fi:au:hklj:007 and http://urn.fi/URN:NBN:fi:au:hklj:000 connected by both skos:broaderTransitive and skos:related, removing skos:related
WARNING: Concepts http://urn.fi/URN:NBN:fi:au:hklj:010 and http://urn.fi/URN:NBN:fi:au:hklj:000 connected by both skos:broaderTransitive and skos:related, removing skos:related
WARNING: Concepts http://urn.fi/URN:NBN:fi:au:hklj:015 and http://urn.fi/URN:NBN:fi:au:hklj:010 connected by both skos:broaderTransitive and skos:related, removing skos:related
WARNING: Concepts http://urn.fi/URN:NBN:fi:au:hklj:018 and http://urn.fi/URN:NBN:fi:au:hklj:010 connected by both skos:broaderTransitive and skos:related, removing skos:related
WARNING: Concepts http://urn.fi/URN:NBN:fi:au:hklj:020 and http://urn.fi/URN:NBN:fi:au:hklj:000 connected by both skos:broaderTransitive and skos:related, removing skos:related
WARNING: Concepts http://urn.fi/URN:NBN:fi:au:hklj:021.1 and http://urn.fi/URN:NBN:fi:au:hklj:021 connected by both skos:broaderTransitive and skos:related, removing skos:related
WARNING: Concepts http://urn.fi/URN:NBN:fi:au:hklj:029 and http://urn.fi/URN:NBN:fi:au:hklj:020 connected by both skos:broaderTransitive and skos:related, removing skos:related
WARNING: Concepts http://urn.fi/URN:NBN:fi:au:hklj:060.3 and http://urn.fi/URN:NBN:fi:au:hklj:060.3 connected by both skos:broaderTransitive and skos:related, removing skos:related
WARNING: Concepts http://urn.fi/URN:NBN:fi:au:hklj:061 and http://urn.fi/URN:NBN:fi:au:hklj:060 connected by both skos:broaderTransitive and skos:related, removing skos:related
WARNING: Concepts http://urn.fi/URN:NBN:fi:au:hklj:063 and http://urn.fi/URN:NBN:fi:au:hklj:060 connected by both skos:broaderTransitive and skos:related, removing skos:related
WARNING: Concepts http://urn.fi/URN:NBN:fi:au:hklj:102 and http://urn.fi/URN:NBN:fi:au:hklj:100 connected by both skos:broaderTransitive and skos:related, removing skos:related
WARNING: Concepts http://urn.fi/URN:NBN:fi:au:hklj:108 and http://urn.fi/URN:NBN:fi:au:hklj:100 connected by both skos:broaderTransitive and skos:related, removing skos:related
WARNING: Concepts http://urn.fi/URN:NBN:fi:au:hklj:110 and http://urn.fi/URN:NBN:fi:au:hklj:100 connected by both skos:broaderTransitive and skos:related, removing skos:related
WARNING: Concepts http://urn.fi/URN:NBN:fi:au:hklj:123 and http://urn.fi/URN:NBN:fi:au:hklj:120 connected by both skos:broaderTransitive and skos:related, removing skos:related
WARNING: Concepts http://urn.fi/URN:NBN:fi:au:hklj:128 and http://urn.fi/URN:NBN:fi:au:hklj:120 connected by both skos:broaderTransitive and skos:related, removing skos:related
WARNING: Concepts http://urn.fi/URN:NBN:fi:au:hklj:128.3 and http://urn.fi/URN:NBN:fi:au:hklj:120 connected by both skos:broaderTransitive and skos:related, removing skos:related
WARNING: Concepts http://urn.fi/URN:NBN:fi:au:hklj:129 and http://urn.fi/URN:NBN:fi:au:hklj:120 connected by both skos:broaderTransitive and skos:related, removing skos:related
WARNING: Concepts http://urn.fi/URN:NBN:fi:au:hklj:130 and http://urn.fi/URN:NBN:fi:au:hklj:100 connected by both skos:broaderTransitive and skos:related, removing skos:related
WARNING: Concepts http://urn.fi/URN:NBN:fi:au:hklj:140 and http://urn.fi/URN:NBN:fi:au:hklj:100 connected by both skos:broaderTransitive and skos:related, removing skos:related
WARNING: Concepts http://urn.fi/URN:NBN:fi:au:hklj:150 and http://urn.fi/URN:NBN:fi:au:hklj:100 connected by both skos:broaderTransitive and skos:related, removing skos:related
WARNING: Concepts http://urn.fi/URN:NBN:fi:au:hklj:160 and http://urn.fi/URN:NBN:fi:au:hklj:100 connected by both skos:broaderTransitive and skos:related, removing skos:related
WARNING: Concepts http://urn.fi/URN:NBN:fi:au:hklj:170 and http://urn.fi/URN:NBN:fi:au:hklj:100 connected by both skos:broaderTransitive and skos:related, removing skos:related
WARNING: Concepts http://urn.fi/URN:NBN:fi:au:hklj:180.1 and http://urn.fi/URN:NBN:fi:au:hklj:180 connected by both skos:broaderTransitive and skos:related, removing skos:related
WARNING: Concepts http://urn.fi/URN:NBN:fi:au:hklj:181 and http://urn.fi/URN:NBN:fi:au:hklj:180 connected by both skos:broaderTransitive and skos:related, removing skos:related
WARNING: Concepts http://urn.fi/URN:NBN:fi:au:hklj:181.7 and http://urn.fi/URN:NBN:fi:au:hklj:180 connected by both skos:broaderTransitive and skos:related, removing skos:related
WARNING: Concepts http://urn.fi/URN:NBN:fi:au:hklj:182 and http://urn.fi/URN:NBN:fi:au:hklj:180 connected by both skos:broaderTransitive and skos:related, removing skos:related
WARNING: Concepts http://urn.fi/URN:NBN:fi:au:hklj:183 and http://urn.fi/URN:NBN:fi:au:hklj:180 connected by both skos:broaderTransitive and skos:related, removing skos:related
WARNING: Concepts http://urn.fi/URN:NBN:fi:au:hklj:183.5 and http://urn.fi/URN:NBN:fi:au:hklj:180 connected by both skos:broaderTransitive and skos:related, removing skos:related
WARNING: Concepts http://urn.fi/URN:NBN:fi:au:hklj:183.7 and http://urn.fi/URN:NBN:fi:au:hklj:180 connected by both skos:broaderTransitive and skos:related, removing skos:related
WARNING: Concepts http://urn.fi/URN:NBN:fi:au:hklj:183.9 and http://urn.fi/URN:NBN:fi:au:hklj:180 connected by both skos:broaderTransitive and skos:related, removing skos:related
WARNING: Concepts http://urn.fi/URN:NBN:fi:au:hklj:183.9 and http://urn.fi/URN:NBN:fi:au:hklj:183 connected by both skos:broaderTransitive and skos:related, removing skos:related
WARNING: Concepts http://urn.fi/URN:NBN:fi:au:hklj:183.9 and http://urn.fi/URN:NBN:fi:au:hklj:183.9 connected by both skos:broaderTransitive and skos:related, removing skos:related
WARNING: Concepts http://urn.fi/URN:NBN:fi:au:hklj:184 and http://urn.fi/URN:NBN:fi:au:hklj:180 connected by both skos:broaderTransitive and skos:related, removing skos:related
WARNING: Concepts http://urn.fi/URN:NBN:fi:au:hklj:184.9 and http://urn.fi/URN:NBN:fi:au:hklj:180 connected by both skos:broaderTransitive and skos:related, removing skos:related
WARNING: Concepts http://urn.fi/URN:NBN:fi:au:hklj:184.9 and http://urn.fi/URN:NBN:fi:au:hklj:184 connected by both skos:broaderTransitive and skos:related, removing skos:related
WARNING: Concepts http://urn.fi/URN:NBN:fi:au:hklj:185 and http://urn.fi/URN:NBN:fi:au:hklj:180 connected by both skos:broaderTransitive and skos:related, removing skos:related
WARNING: Concepts http://urn.fi/URN:NBN:fi:au:hklj:188 and http://urn.fi/URN:NBN:fi:au:hklj:100 connected by both skos:broaderTransitive and skos:related, removing skos:related
WARNING: Concepts http://urn.fi/URN:NBN:fi:au:hklj:188.4 and http://urn.fi/URN:NBN:fi:au:hklj:180 connected by both skos:broaderTransitive and skos:related, removing skos:related
WARNING: Concepts http://urn.fi/URN:NBN:fi:au:hklj:189 and http://urn.fi/URN:NBN:fi:au:hklj:180 connected by both skos:broaderTransitive and skos:related, removing skos:related
WARNING: Concepts http://urn.fi/URN:NBN:fi:au:hklj:190 and http://urn.fi/URN:NBN:fi:au:hklj:100 connected by both skos:broaderTransitive and skos:related, removing skos:related
WARNING: Concepts http://urn.fi/URN:NBN:fi:au:hklj:201 and http://urn.fi/URN:NBN:fi:au:hklj:200 connected by both skos:broaderTransitive and skos:related, removing skos:related
WARNING: Concepts http://urn.fi/URN:NBN:fi:au:hklj:209 and http://urn.fi/URN:NBN:fi:au:hklj:200 connected by both skos:broaderTransitive and skos:related, removing skos:related
WARNING: Concepts http://urn.fi/URN:NBN:fi:au:hklj:210 and http://urn.fi/URN:NBN:fi:au:hklj:200 connected by both skos:broaderTransitive and skos:related, removing skos:related
WARNING: Concepts http://urn.fi/URN:NBN:fi:au:hklj:211 and http://urn.fi/URN:NBN:fi:au:hklj:210 connected by both skos:broaderTransitive and skos:related, removing skos:related
WARNING: Concepts http://urn.fi/URN:NBN:fi:au:hklj:212 and http://urn.fi/URN:NBN:fi:au:hklj:200 connected by both skos:broaderTransitive and skos:related, removing skos:related
WARNING: Concepts http://urn.fi/URN:NBN:fi:au:hklj:219 and http://urn.fi/URN:NBN:fi:au:hklj:210 connected by both skos:broaderTransitive and skos:related, removing skos:related
WARNING: Concepts http://urn.fi/URN:NBN:fi:au:hklj:242.1 and http://urn.fi/URN:NBN:fi:au:hklj:242 connected by both skos:broaderTransitive and skos:related, removing skos:related
WARNING: Concepts http://urn.fi/URN:NBN:fi:au:hklj:259 and http://urn.fi/URN:NBN:fi:au:hklj:250 connected by both skos:broaderTransitive and skos:related, removing skos:related
WARNING: Concepts http://urn.fi/URN:NBN:fi:au:hklj:270 and http://urn.fi/URN:NBN:fi:au:hklj:200 connected by both skos:broaderTransitive and skos:related, removing skos:related
WARNING: Concepts http://urn.fi/URN:NBN:fi:au:hklj:279.1 and http://urn.fi/URN:NBN:fi:au:hklj:200 connected by both skos:broaderTransitive and skos:related, removing skos:related
WARNING: Concepts http://urn.fi/URN:NBN:fi:au:hklj:280 and http://urn.fi/URN:NBN:fi:au:hklj:200 connected by both skos:broaderTransitive and skos:related, removing skos:related
WARNING: Concepts http://urn.fi/URN:NBN:fi:au:hklj:282 and http://urn.fi/URN:NBN:fi:au:hklj:280 connected by both skos:broaderTransitive and skos:related, removing skos:related
WARNING: Concepts http://urn.fi/URN:NBN:fi:au:hklj:283 and http://urn.fi/URN:NBN:fi:au:hklj:280 connected by both skos:broaderTransitive and skos:related, removing skos:related
WARNING: Concepts http://urn.fi/URN:NBN:fi:au:hklj:287 and http://urn.fi/URN:NBN:fi:au:hklj:280 connected by both skos:broaderTransitive and skos:related, removing skos:related
WARNING: Concepts http://urn.fi/URN:NBN:fi:au:hklj:310 and http://urn.fi/URN:NBN:fi:au:hklj:300 connected by both skos:broaderTransitive and skos:related, removing skos:related
WARNING: Concepts http://urn.fi/URN:NBN:fi:au:hklj:312.1 and http://urn.fi/URN:NBN:fi:au:hklj:312 connected by both skos:broaderTransitive and skos:related, removing skos:related
WARNING: Concepts http://urn.fi/URN:NBN:fi:au:hklj:316 and http://urn.fi/URN:NBN:fi:au:hklj:316 connected by both skos:broaderTransitive and skos:related, removing skos:related
WARNING: Concepts http://urn.fi/URN:NBN:fi:au:hklj:320 and http://urn.fi/URN:NBN:fi:au:hklj:300 connected by both skos:broaderTransitive and skos:related, removing skos:related
WARNING: Concepts http://urn.fi/URN:NBN:fi:au:hklj:321 and http://urn.fi/URN:NBN:fi:au:hklj:320 connected by both skos:broaderTransitive and skos:related, removing skos:related
WARNING: Concepts http://urn.fi/URN:NBN:fi:au:hklj:324 and http://urn.fi/URN:NBN:fi:au:hklj:320 connected by both skos:broaderTransitive and skos:related, removing skos:related
WARNING: Concepts http://urn.fi/URN:NBN:fi:au:hklj:324.1 and http://urn.fi/URN:NBN:fi:au:hklj:320 connected by both skos:broaderTransitive and skos:related, removing skos:related
WARNING: Concepts http://urn.fi/URN:NBN:fi:au:hklj:324.1 and http://urn.fi/URN:NBN:fi:au:hklj:324 connected by both skos:broaderTransitive and skos:related, removing skos:related
WARNING: Concepts http://urn.fi/URN:NBN:fi:au:hklj:325 and http://urn.fi/URN:NBN:fi:au:hklj:320 connected by both skos:broaderTransitive and skos:related, removing skos:related
WARNING: Concepts http://urn.fi/URN:NBN:fi:au:hklj:325.1 and http://urn.fi/URN:NBN:fi:au:hklj:325 connected by both skos:broaderTransitive and skos:related, removing skos:related
WARNING: Concepts http://urn.fi/URN:NBN:fi:au:hklj:326 and http://urn.fi/URN:NBN:fi:au:hklj:320 connected by both skos:broaderTransitive and skos:related, removing skos:related
WARNING: Concepts http://urn.fi/URN:NBN:fi:au:hklj:327 and http://urn.fi/URN:NBN:fi:au:hklj:320 connected by both skos:broaderTransitive and skos:related, removing skos:related
WARNING: Concepts http://urn.fi/URN:NBN:fi:au:hklj:327.1 and http://urn.fi/URN:NBN:fi:au:hklj:327 connected by both skos:broaderTransitive and skos:related, removing skos:related
WARNING: Concepts http://urn.fi/URN:NBN:fi:au:hklj:328 and http://urn.fi/URN:NBN:fi:au:hklj:320 connected by both skos:broaderTransitive and skos:related, removing skos:related
WARNING: Concepts http://urn.fi/URN:NBN:fi:au:hklj:330 and http://urn.fi/URN:NBN:fi:au:hklj:300 connected by both skos:broaderTransitive and skos:related, removing skos:related
WARNING: Concepts http://urn.fi/URN:NBN:fi:au:hklj:332.2 and http://urn.fi/URN:NBN:fi:au:hklj:332 connected by both skos:broaderTransitive and skos:related, removing skos:related
WARNING: Concepts http://urn.fi/URN:NBN:fi:au:hklj:332.22 and http://urn.fi/URN:NBN:fi:au:hklj:332.2 connected by both skos:broaderTransitive and skos:related, removing skos:related
WARNING: Concepts http://urn.fi/URN:NBN:fi:au:hklj:333.1 and http://urn.fi/URN:NBN:fi:au:hklj:333 connected by both skos:broaderTransitive and skos:related, removing skos:related
WARNING: Concepts http://urn.fi/URN:NBN:fi:au:hklj:333.4 and http://urn.fi/URN:NBN:fi:au:hklj:333 connected by both skos:broaderTransitive and skos:related, removing skos:related
WARNING: Concepts http://urn.fi/URN:NBN:fi:au:hklj:334.3 and http://urn.fi/URN:NBN:fi:au:hklj:334 connected by both skos:broaderTransitive and skos:related, removing skos:related
WARNING: Concepts http://urn.fi/URN:NBN:fi:au:hklj:334.4 and http://urn.fi/URN:NBN:fi:au:hklj:334 connected by both skos:broaderTransitive and skos:related, removing skos:related
WARNING: Concepts http://urn.fi/URN:NBN:fi:au:hklj:334.5 and http://urn.fi/URN:NBN:fi:au:hklj:334 connected by both skos:broaderTransitive and skos:related, removing skos:related
WARNING: Concepts http://urn.fi/URN:NBN:fi:au:hklj:336 and http://urn.fi/URN:NBN:fi:au:hklj:330 connected by both skos:broaderTransitive and skos:related, removing skos:related
WARNING: Concepts http://urn.fi/URN:NBN:fi:au:hklj:337 and http://urn.fi/URN:NBN:fi:au:hklj:330 connected by both skos:broaderTransitive and skos:related, removing skos:related
WARNING: Concepts http://urn.fi/URN:NBN:fi:au:hklj:339 and http://urn.fi/URN:NBN:fi:au:hklj:330 connected by both skos:broaderTransitive and skos:related, removing skos:related
WARNING: Concepts http://urn.fi/URN:NBN:fi:au:hklj:340 and http://urn.fi/URN:NBN:fi:au:hklj:300 connected by both skos:broaderTransitive and skos:related, removing skos:related
WARNING: Concepts http://urn.fi/URN:NBN:fi:au:hklj:348 and http://urn.fi/URN:NBN:fi:au:hklj:340 connected by both skos:broaderTransitive and skos:related, removing skos:related
WARNING: Concepts http://urn.fi/URN:NBN:fi:au:hklj:350 and http://urn.fi/URN:NBN:fi:au:hklj:300 connected by both skos:broaderTransitive and skos:related, removing skos:related
WARNING: Concepts http://urn.fi/URN:NBN:fi:au:hklj:351 and http://urn.fi/URN:NBN:fi:au:hklj:350 connected by both skos:broaderTransitive and skos:related, removing skos:related
WARNING: Concepts http://urn.fi/URN:NBN:fi:au:hklj:360 and http://urn.fi/URN:NBN:fi:au:hklj:300 connected by both skos:broaderTransitive and skos:related, removing skos:related
WARNING: Concepts http://urn.fi/URN:NBN:fi:au:hklj:362 and http://urn.fi/URN:NBN:fi:au:hklj:360 connected by both skos:broaderTransitive and skos:related, removing skos:related
WARNING: Concepts http://urn.fi/URN:NBN:fi:au:hklj:363 and http://urn.fi/URN:NBN:fi:au:hklj:360 connected by both skos:broaderTransitive and skos:related, removing skos:related
WARNING: Concepts http://urn.fi/URN:NBN:fi:au:hklj:366 and http://urn.fi/URN:NBN:fi:au:hklj:360 connected by both skos:broaderTransitive and skos:related, removing skos:related
WARNING: Concepts http://urn.fi/URN:NBN:fi:au:hklj:367 and http://urn.fi/URN:NBN:fi:au:hklj:360 connected by both skos:broaderTransitive and skos:related, removing skos:related
WARNING: Concepts http://urn.fi/URN:NBN:fi:au:hklj:367.2 and http://urn.fi/URN:NBN:fi:au:hklj:367.2 connected by both skos:broaderTransitive and skos:related, removing skos:related
WARNING: Concepts http://urn.fi/URN:NBN:fi:au:hklj:368 and http://urn.fi/URN:NBN:fi:au:hklj:360 connected by both skos:broaderTransitive and skos:related, removing skos:related
WARNING: Concepts http://urn.fi/URN:NBN:fi:au:hklj:368.4 and http://urn.fi/URN:NBN:fi:au:hklj:360 connected by both skos:broaderTransitive and skos:related, removing skos:related
WARNING: Concepts http://urn.fi/URN:NBN:fi:au:hklj:369 and http://urn.fi/URN:NBN:fi:au:hklj:360 connected by both skos:broaderTransitive and skos:related, removing skos:related
WARNING: Concepts http://urn.fi/URN:NBN:fi:au:hklj:370 and http://urn.fi/URN:NBN:fi:au:hklj:300 connected by both skos:broaderTransitive and skos:related, removing skos:related
WARNING: Concepts http://urn.fi/URN:NBN:fi:au:hklj:371 and http://urn.fi/URN:NBN:fi:au:hklj:370 connected by both skos:broaderTransitive and skos:related, removing skos:related
WARNING: Concepts http://urn.fi/URN:NBN:fi:au:hklj:372 and http://urn.fi/URN:NBN:fi:au:hklj:370 connected by both skos:broaderTransitive and skos:related, removing skos:related
WARNING: Concepts http://urn.fi/URN:NBN:fi:au:hklj:372.1 and http://urn.fi/URN:NBN:fi:au:hklj:372 connected by both skos:broaderTransitive and skos:related, removing skos:related
WARNING: Concepts http://urn.fi/URN:NBN:fi:au:hklj:373 and http://urn.fi/URN:NBN:fi:au:hklj:370 connected by both skos:broaderTransitive and skos:related, removing skos:related
WARNING: Concepts http://urn.fi/URN:NBN:fi:au:hklj:374 and http://urn.fi/URN:NBN:fi:au:hklj:370 connected by both skos:broaderTransitive and skos:related, removing skos:related
WARNING: Concepts http://urn.fi/URN:NBN:fi:au:hklj:377.1 and http://urn.fi/URN:NBN:fi:au:hklj:377 connected by both skos:broaderTransitive and skos:related, removing skos:related
WARNING: Concepts http://urn.fi/URN:NBN:fi:au:hklj:377.2 and http://urn.fi/URN:NBN:fi:au:hklj:377 connected by both skos:broaderTransitive and skos:related, removing skos:related
WARNING: Concepts http://urn.fi/URN:NBN:fi:au:hklj:377.4 and http://urn.fi/URN:NBN:fi:au:hklj:377 connected by both skos:broaderTransitive and skos:related, removing skos:related
WARNING: Concepts http://urn.fi/URN:NBN:fi:au:hklj:377.7 and http://urn.fi/URN:NBN:fi:au:hklj:377 connected by both skos:broaderTransitive and skos:related, removing skos:related
WARNING: Concepts http://urn.fi/URN:NBN:fi:au:hklj:377.8 and http://urn.fi/URN:NBN:fi:au:hklj:377 connected by both skos:broaderTransitive and skos:related, removing skos:related
WARNING: Concepts http://urn.fi/URN:NBN:fi:au:hklj:380 and http://urn.fi/URN:NBN:fi:au:hklj:300 connected by both skos:broaderTransitive and skos:related, removing skos:related
WARNING: Concepts http://urn.fi/URN:NBN:fi:au:hklj:385 and http://urn.fi/URN:NBN:fi:au:hklj:380 connected by both skos:broaderTransitive and skos:related, removing skos:related
WARNING: Concepts http://urn.fi/URN:NBN:fi:au:hklj:386.1 and http://urn.fi/URN:NBN:fi:au:hklj:380 connected by both skos:broaderTransitive and skos:related, removing skos:related
WARNING: Concepts http://urn.fi/URN:NBN:fi:au:hklj:386.2 and http://urn.fi/URN:NBN:fi:au:hklj:380 connected by both skos:broaderTransitive and skos:related, removing skos:related
WARNING: Concepts http://urn.fi/URN:NBN:fi:au:hklj:387 and http://urn.fi/URN:NBN:fi:au:hklj:380 connected by both skos:broaderTransitive and skos:related, removing skos:related
WARNING: Concepts http://urn.fi/URN:NBN:fi:au:hklj:390 and http://urn.fi/URN:NBN:fi:au:hklj:300 connected by both skos:broaderTransitive and skos:related, removing skos:related
WARNING: Concepts http://urn.fi/URN:NBN:fi:au:hklj:397 and http://urn.fi/URN:NBN:fi:au:hklj:390 connected by both skos:broaderTransitive and skos:related, removing skos:related
WARNING: Concepts http://urn.fi/URN:NBN:fi:au:hklj:398 and http://urn.fi/URN:NBN:fi:au:hklj:390 connected by both skos:broaderTransitive and skos:related, removing skos:related
WARNING: Concepts http://urn.fi/URN:NBN:fi:au:hklj:399 and http://urn.fi/URN:NBN:fi:au:hklj:390 connected by both skos:broaderTransitive and skos:related, removing skos:related
WARNING: Concepts http://urn.fi/URN:NBN:fi:au:hklj:409 and http://urn.fi/URN:NBN:fi:au:hklj:400 connected by both skos:broaderTransitive and skos:related, removing skos:related
WARNING: Concepts http://urn.fi/URN:NBN:fi:au:hklj:410 and http://urn.fi/URN:NBN:fi:au:hklj:400 connected by both skos:broaderTransitive and skos:related, removing skos:related
WARNING: Concepts http://urn.fi/URN:NBN:fi:au:hklj:411 and http://urn.fi/URN:NBN:fi:au:hklj:410 connected by both skos:broaderTransitive and skos:related, removing skos:related
WARNING: Concepts http://urn.fi/URN:NBN:fi:au:hklj:411.5 and http://urn.fi/URN:NBN:fi:au:hklj:410 connected by both skos:broaderTransitive and skos:related, removing skos:related
WARNING: Concepts http://urn.fi/URN:NBN:fi:au:hklj:411.5 and http://urn.fi/URN:NBN:fi:au:hklj:411 connected by both skos:broaderTransitive and skos:related, removing skos:related
WARNING: Concepts http://urn.fi/URN:NBN:fi:au:hklj:412 and http://urn.fi/URN:NBN:fi:au:hklj:410 connected by both skos:broaderTransitive and skos:related, removing skos:related
WARNING: Concepts http://urn.fi/URN:NBN:fi:au:hklj:412.91 and http://urn.fi/URN:NBN:fi:au:hklj:410 connected by both skos:broaderTransitive and skos:related, removing skos:related
WARNING: Concepts http://urn.fi/URN:NBN:fi:au:hklj:413 and http://urn.fi/URN:NBN:fi:au:hklj:410 connected by both skos:broaderTransitive and skos:related, removing skos:related
WARNING: Concepts http://urn.fi/URN:NBN:fi:au:hklj:415 and http://urn.fi/URN:NBN:fi:au:hklj:410 connected by both skos:broaderTransitive and skos:related, removing skos:related
WARNING: Concepts http://urn.fi/URN:NBN:fi:au:hklj:417.2 and http://urn.fi/URN:NBN:fi:au:hklj:417 connected by both skos:broaderTransitive and skos:related, removing skos:related
WARNING: Concepts http://urn.fi/URN:NBN:fi:au:hklj:417.22 and http://urn.fi/URN:NBN:fi:au:hklj:417 connected by both skos:broaderTransitive and skos:related, removing skos:related
WARNING: Concepts http://urn.fi/URN:NBN:fi:au:hklj:419 and http://urn.fi/URN:NBN:fi:au:hklj:410 connected by both skos:broaderTransitive and skos:related, removing skos:related
WARNING: Concepts http://urn.fi/URN:NBN:fi:au:hklj:420 and http://urn.fi/URN:NBN:fi:au:hklj:400 connected by both skos:broaderTransitive and skos:related, removing skos:related
WARNING: Concepts http://urn.fi/URN:NBN:fi:au:hklj:430 and http://urn.fi/URN:NBN:fi:au:hklj:400 connected by both skos:broaderTransitive and skos:related, removing skos:related
WARNING: Concepts http://urn.fi/URN:NBN:fi:au:hklj:440 and http://urn.fi/URN:NBN:fi:au:hklj:400 connected by both skos:broaderTransitive and skos:related, removing skos:related
WARNING: Concepts http://urn.fi/URN:NBN:fi:au:hklj:450 and http://urn.fi/URN:NBN:fi:au:hklj:400 connected by both skos:broaderTransitive and skos:related, removing skos:related
WARNING: Concepts http://urn.fi/URN:NBN:fi:au:hklj:461 and http://urn.fi/URN:NBN:fi:au:hklj:460 connected by both skos:broaderTransitive and skos:related, removing skos:related
WARNING: Concepts http://urn.fi/URN:NBN:fi:au:hklj:462 and http://urn.fi/URN:NBN:fi:au:hklj:460 connected by both skos:broaderTransitive and skos:related, removing skos:related
WARNING: Concepts http://urn.fi/URN:NBN:fi:au:hklj:480 and http://urn.fi/URN:NBN:fi:au:hklj:400 connected by both skos:broaderTransitive and skos:related, removing skos:related
WARNING: Concepts http://urn.fi/URN:NBN:fi:au:hklj:490 and http://urn.fi/URN:NBN:fi:au:hklj:400 connected by both skos:broaderTransitive and skos:related, removing skos:related
WARNING: Concepts http://urn.fi/URN:NBN:fi:au:hklj:492 and http://urn.fi/URN:NBN:fi:au:hklj:490 connected by both skos:broaderTransitive and skos:related, removing skos:related
WARNING: Concepts http://urn.fi/URN:NBN:fi:au:hklj:493 and http://urn.fi/URN:NBN:fi:au:hklj:490 connected by both skos:broaderTransitive and skos:related, removing skos:related
WARNING: Concepts http://urn.fi/URN:NBN:fi:au:hklj:495 and http://urn.fi/URN:NBN:fi:au:hklj:490 connected by both skos:broaderTransitive and skos:related, removing skos:related
WARNING: Concepts http://urn.fi/URN:NBN:fi:au:hklj:498 and http://urn.fi/URN:NBN:fi:au:hklj:490 connected by both skos:broaderTransitive and skos:related, removing skos:related
WARNING: Concepts http://urn.fi/URN:NBN:fi:au:hklj:499 and http://urn.fi/URN:NBN:fi:au:hklj:490 connected by both skos:broaderTransitive and skos:related, removing skos:related
WARNING: Concepts http://urn.fi/URN:NBN:fi:au:hklj:522.1 and http://urn.fi/URN:NBN:fi:au:hklj:520 connected by both skos:broaderTransitive and skos:related, removing skos:related
WARNING: Concepts http://urn.fi/URN:NBN:fi:au:hklj:528 and http://urn.fi/URN:NBN:fi:au:hklj:520 connected by both skos:broaderTransitive and skos:related, removing skos:related
WARNING: Concepts http://urn.fi/URN:NBN:fi:au:hklj:531 and http://urn.fi/URN:NBN:fi:au:hklj:530 connected by both skos:broaderTransitive and skos:related, removing skos:related
WARNING: Concepts http://urn.fi/URN:NBN:fi:au:hklj:532 and http://urn.fi/URN:NBN:fi:au:hklj:530 connected by both skos:broaderTransitive and skos:related, removing skos:related
WARNING: Concepts http://urn.fi/URN:NBN:fi:au:hklj:542 and http://urn.fi/URN:NBN:fi:au:hklj:540 connected by both skos:broaderTransitive and skos:related, removing skos:related
WARNING: Concepts http://urn.fi/URN:NBN:fi:au:hklj:579 and http://urn.fi/URN:NBN:fi:au:hklj:570 connected by both skos:broaderTransitive and skos:related, removing skos:related
WARNING: Concepts http://urn.fi/URN:NBN:fi:au:hklj:587 and http://urn.fi/URN:NBN:fi:au:hklj:580 connected by both skos:broaderTransitive and skos:related, removing skos:related
WARNING: Concepts http://urn.fi/URN:NBN:fi:au:hklj:587.1 and http://urn.fi/URN:NBN:fi:au:hklj:587 connected by both skos:broaderTransitive and skos:related, removing skos:related
WARNING: Concepts http://urn.fi/URN:NBN:fi:au:hklj:587.11 and http://urn.fi/URN:NBN:fi:au:hklj:580 connected by both skos:broaderTransitive and skos:related, removing skos:related
WARNING: Concepts http://urn.fi/URN:NBN:fi:au:hklj:587.4 and http://urn.fi/URN:NBN:fi:au:hklj:587 connected by both skos:broaderTransitive and skos:related, removing skos:related
WARNING: Concepts http://urn.fi/URN:NBN:fi:au:hklj:597 and http://urn.fi/URN:NBN:fi:au:hklj:590 connected by both skos:broaderTransitive and skos:related, removing skos:related
WARNING: Concepts http://urn.fi/URN:NBN:fi:au:hklj:597.61 and http://urn.fi/URN:NBN:fi:au:hklj:597.6 connected by both skos:broaderTransitive and skos:related, removing skos:related
WARNING: Concepts http://urn.fi/URN:NBN:fi:au:hklj:610 and http://urn.fi/URN:NBN:fi:au:hklj:600 connected by both skos:broaderTransitive and skos:related, removing skos:related
WARNING: Concepts http://urn.fi/URN:NBN:fi:au:hklj:610.7 and http://urn.fi/URN:NBN:fi:au:hklj:610 connected by both skos:broaderTransitive and skos:related, removing skos:related
WARNING: Concepts http://urn.fi/URN:NBN:fi:au:hklj:610.71 and http://urn.fi/URN:NBN:fi:au:hklj:610.7 connected by both skos:broaderTransitive and skos:related, removing skos:related
WARNING: Concepts http://urn.fi/URN:NBN:fi:au:hklj:610.73 and http://urn.fi/URN:NBN:fi:au:hklj:610.7 connected by both skos:broaderTransitive and skos:related, removing skos:related
WARNING: Concepts http://urn.fi/URN:NBN:fi:au:hklj:610.74 and http://urn.fi/URN:NBN:fi:au:hklj:610.7 connected by both skos:broaderTransitive and skos:related, removing skos:related
WARNING: Concepts http://urn.fi/URN:NBN:fi:au:hklj:611 and http://urn.fi/URN:NBN:fi:au:hklj:610 connected by both skos:broaderTransitive and skos:related, removing skos:related
WARNING: Concepts http://urn.fi/URN:NBN:fi:au:hklj:612 and http://urn.fi/URN:NBN:fi:au:hklj:610 connected by both skos:broaderTransitive and skos:related, removing skos:related
WARNING: Concepts http://urn.fi/URN:NBN:fi:au:hklj:613 and http://urn.fi/URN:NBN:fi:au:hklj:610 connected by both skos:broaderTransitive and skos:related, removing skos:related
WARNING: Concepts http://urn.fi/URN:NBN:fi:au:hklj:613.1 and http://urn.fi/URN:NBN:fi:au:hklj:613 connected by both skos:broaderTransitive and skos:related, removing skos:related
WARNING: Concepts http://urn.fi/URN:NBN:fi:au:hklj:613.2 and http://urn.fi/URN:NBN:fi:au:hklj:613 connected by both skos:broaderTransitive and skos:related, removing skos:related
WARNING: Concepts http://urn.fi/URN:NBN:fi:au:hklj:613.3 and http://urn.fi/URN:NBN:fi:au:hklj:613 connected by both skos:broaderTransitive and skos:related, removing skos:related
WARNING: Concepts http://urn.fi/URN:NBN:fi:au:hklj:613.31 and http://urn.fi/URN:NBN:fi:au:hklj:613.3 connected by both skos:broaderTransitive and skos:related, removing skos:related
WARNING: Concepts http://urn.fi/URN:NBN:fi:au:hklj:613.4 and http://urn.fi/URN:NBN:fi:au:hklj:613 connected by both skos:broaderTransitive and skos:related, removing skos:related
WARNING: Concepts http://urn.fi/URN:NBN:fi:au:hklj:613.5 and http://urn.fi/URN:NBN:fi:au:hklj:613 connected by both skos:broaderTransitive and skos:related, removing skos:related
WARNING: Concepts http://urn.fi/URN:NBN:fi:au:hklj:613.6 and http://urn.fi/URN:NBN:fi:au:hklj:613 connected by both skos:broaderTransitive and skos:related, removing skos:related
WARNING: Concepts http://urn.fi/URN:NBN:fi:au:hklj:615 and http://urn.fi/URN:NBN:fi:au:hklj:610 connected by both skos:broaderTransitive and skos:related, removing skos:related
WARNING: Concepts http://urn.fi/URN:NBN:fi:au:hklj:615.11 and http://urn.fi/URN:NBN:fi:au:hklj:615.1 connected by both skos:broaderTransitive and skos:related, removing skos:related
WARNING: Concepts http://urn.fi/URN:NBN:fi:au:hklj:615.5 and http://urn.fi/URN:NBN:fi:au:hklj:615.5 connected by both skos:broaderTransitive and skos:related, removing skos:related
WARNING: Concepts http://urn.fi/URN:NBN:fi:au:hklj:615.9 and http://urn.fi/URN:NBN:fi:au:hklj:615 connected by both skos:broaderTransitive and skos:related, removing skos:related
WARNING: Concepts http://urn.fi/URN:NBN:fi:au:hklj:616 and http://urn.fi/URN:NBN:fi:au:hklj:610 connected by both skos:broaderTransitive and skos:related, removing skos:related
WARNING: Concepts http://urn.fi/URN:NBN:fi:au:hklj:616.1 and http://urn.fi/URN:NBN:fi:au:hklj:616 connected by both skos:broaderTransitive and skos:related, removing skos:related
WARNING: Concepts http://urn.fi/URN:NBN:fi:au:hklj:617 and http://urn.fi/URN:NBN:fi:au:hklj:610 connected by both skos:broaderTransitive and skos:related, removing skos:related
WARNING: Concepts http://urn.fi/URN:NBN:fi:au:hklj:617.1 and http://urn.fi/URN:NBN:fi:au:hklj:617 connected by both skos:broaderTransitive and skos:related, removing skos:related
WARNING: Concepts http://urn.fi/URN:NBN:fi:au:hklj:617.2 and http://urn.fi/URN:NBN:fi:au:hklj:617 connected by both skos:broaderTransitive and skos:related, removing skos:related
WARNING: Concepts http://urn.fi/URN:NBN:fi:au:hklj:617.3 and http://urn.fi/URN:NBN:fi:au:hklj:617 connected by both skos:broaderTransitive and skos:related, removing skos:related
WARNING: Concepts http://urn.fi/URN:NBN:fi:au:hklj:617.31 and http://urn.fi/URN:NBN:fi:au:hklj:617.3 connected by both skos:broaderTransitive and skos:related, removing skos:related
WARNING: Concepts http://urn.fi/URN:NBN:fi:au:hklj:617.32 and http://urn.fi/URN:NBN:fi:au:hklj:617.3 connected by both skos:broaderTransitive and skos:related, removing skos:related
WARNING: Concepts http://urn.fi/URN:NBN:fi:au:hklj:617.4 and http://urn.fi/URN:NBN:fi:au:hklj:617 connected by both skos:broaderTransitive and skos:related, removing skos:related
WARNING: Concepts http://urn.fi/URN:NBN:fi:au:hklj:617.5 and http://urn.fi/URN:NBN:fi:au:hklj:617 connected by both skos:broaderTransitive and skos:related, removing skos:related
WARNING: Concepts http://urn.fi/URN:NBN:fi:au:hklj:617.6 and http://urn.fi/URN:NBN:fi:au:hklj:617 connected by both skos:broaderTransitive and skos:related, removing skos:related
WARNING: Concepts http://urn.fi/URN:NBN:fi:au:hklj:617.7 and http://urn.fi/URN:NBN:fi:au:hklj:617 connected by both skos:broaderTransitive and skos:related, removing skos:related
WARNING: Concepts http://urn.fi/URN:NBN:fi:au:hklj:617.8 and http://urn.fi/URN:NBN:fi:au:hklj:617 connected by both skos:broaderTransitive and skos:related, removing skos:related
WARNING: Concepts http://urn.fi/URN:NBN:fi:au:hklj:617.9 and http://urn.fi/URN:NBN:fi:au:hklj:617 connected by both skos:broaderTransitive and skos:related, removing skos:related
WARNING: Concepts http://urn.fi/URN:NBN:fi:au:hklj:618 and http://urn.fi/URN:NBN:fi:au:hklj:610 connected by both skos:broaderTransitive and skos:related, removing skos:related
WARNING: Concepts http://urn.fi/URN:NBN:fi:au:hklj:618.2 and http://urn.fi/URN:NBN:fi:au:hklj:618 connected by both skos:broaderTransitive and skos:related, removing skos:related
WARNING: Concepts http://urn.fi/URN:NBN:fi:au:hklj:618.6 and http://urn.fi/URN:NBN:fi:au:hklj:618 connected by both skos:broaderTransitive and skos:related, removing skos:related
WARNING: Concepts http://urn.fi/URN:NBN:fi:au:hklj:618.8 and http://urn.fi/URN:NBN:fi:au:hklj:618 connected by both skos:broaderTransitive and skos:related, removing skos:related
WARNING: Concepts http://urn.fi/URN:NBN:fi:au:hklj:618.9 and http://urn.fi/URN:NBN:fi:au:hklj:618 connected by both skos:broaderTransitive and skos:related, removing skos:related
WARNING: Concepts http://urn.fi/URN:NBN:fi:au:hklj:620 and http://urn.fi/URN:NBN:fi:au:hklj:600 connected by both skos:broaderTransitive and skos:related, removing skos:related
WARNING: Concepts http://urn.fi/URN:NBN:fi:au:hklj:620.11 and http://urn.fi/URN:NBN:fi:au:hklj:620 connected by both skos:broaderTransitive and skos:related, removing skos:related
WARNING: Concepts http://urn.fi/URN:NBN:fi:au:hklj:621 and http://urn.fi/URN:NBN:fi:au:hklj:620 connected by both skos:broaderTransitive and skos:related, removing skos:related
WARNING: Concepts http://urn.fi/URN:NBN:fi:au:hklj:622.1 and http://urn.fi/URN:NBN:fi:au:hklj:622 connected by both skos:broaderTransitive and skos:related, removing skos:related
WARNING: Concepts http://urn.fi/URN:NBN:fi:au:hklj:624.2 and http://urn.fi/URN:NBN:fi:au:hklj:624 connected by both skos:broaderTransitive and skos:related, removing skos:related
WARNING: Concepts http://urn.fi/URN:NBN:fi:au:hklj:627.74 and http://urn.fi/URN:NBN:fi:au:hklj:627.7 connected by both skos:broaderTransitive and skos:related, removing skos:related
WARNING: Concepts http://urn.fi/URN:NBN:fi:au:hklj:627.75 and http://urn.fi/URN:NBN:fi:au:hklj:627 connected by both skos:broaderTransitive and skos:related, removing skos:related
WARNING: Concepts http://urn.fi/URN:NBN:fi:au:hklj:627.75 and http://urn.fi/URN:NBN:fi:au:hklj:627.7 connected by both skos:broaderTransitive and skos:related, removing skos:related
WARNING: Concepts http://urn.fi/URN:NBN:fi:au:hklj:627.7512 and http://urn.fi/URN:NBN:fi:au:hklj:627.751 connected by both skos:broaderTransitive and skos:related, removing skos:related
WARNING: Concepts http://urn.fi/URN:NBN:fi:au:hklj:627.753 and http://urn.fi/URN:NBN:fi:au:hklj:627 connected by both skos:broaderTransitive and skos:related, removing skos:related
WARNING: Concepts http://urn.fi/URN:NBN:fi:au:hklj:646 and http://urn.fi/URN:NBN:fi:au:hklj:640 connected by both skos:broaderTransitive and skos:related, removing skos:related
WARNING: Concepts http://urn.fi/URN:NBN:fi:au:hklj:648 and http://urn.fi/URN:NBN:fi:au:hklj:640 connected by both skos:broaderTransitive and skos:related, removing skos:related
WARNING: Concepts http://urn.fi/URN:NBN:fi:au:hklj:650 and http://urn.fi/URN:NBN:fi:au:hklj:600 connected by both skos:broaderTransitive and skos:related, removing skos:related
WARNING: Concepts http://urn.fi/URN:NBN:fi:au:hklj:650.1 and http://urn.fi/URN:NBN:fi:au:hklj:650 connected by both skos:broaderTransitive and skos:related, removing skos:related
WARNING: Concepts http://urn.fi/URN:NBN:fi:au:hklj:650.2 and http://urn.fi/URN:NBN:fi:au:hklj:650 connected by both skos:broaderTransitive and skos:related, removing skos:related
WARNING: Concepts http://urn.fi/URN:NBN:fi:au:hklj:651 and http://urn.fi/URN:NBN:fi:au:hklj:650 connected by both skos:broaderTransitive and skos:related, removing skos:related
WARNING: Concepts http://urn.fi/URN:NBN:fi:au:hklj:652 and http://urn.fi/URN:NBN:fi:au:hklj:650 connected by both skos:broaderTransitive and skos:related, removing skos:related
WARNING: Concepts http://urn.fi/URN:NBN:fi:au:hklj:653.1 and http://urn.fi/URN:NBN:fi:au:hklj:653 connected by both skos:broaderTransitive and skos:related, removing skos:related
WARNING: Concepts http://urn.fi/URN:NBN:fi:au:hklj:653.2 and http://urn.fi/URN:NBN:fi:au:hklj:653 connected by both skos:broaderTransitive and skos:related, removing skos:related
WARNING: Concepts http://urn.fi/URN:NBN:fi:au:hklj:653.21 and http://urn.fi/URN:NBN:fi:au:hklj:653.2 connected by both skos:broaderTransitive and skos:related, removing skos:related
WARNING: Concepts http://urn.fi/URN:NBN:fi:au:hklj:653.22 and http://urn.fi/URN:NBN:fi:au:hklj:653.2 connected by both skos:broaderTransitive and skos:related, removing skos:related
WARNING: Concepts http://urn.fi/URN:NBN:fi:au:hklj:653.9 and http://urn.fi/URN:NBN:fi:au:hklj:653 connected by both skos:broaderTransitive and skos:related, removing skos:related
WARNING: Concepts http://urn.fi/URN:NBN:fi:au:hklj:654 and http://urn.fi/URN:NBN:fi:au:hklj:650 connected by both skos:broaderTransitive and skos:related, removing skos:related
WARNING: Concepts http://urn.fi/URN:NBN:fi:au:hklj:657 and http://urn.fi/URN:NBN:fi:au:hklj:650 connected by both skos:broaderTransitive and skos:related, removing skos:related
WARNING: Concepts http://urn.fi/URN:NBN:fi:au:hklj:658 and http://urn.fi/URN:NBN:fi:au:hklj:650 connected by both skos:broaderTransitive and skos:related, removing skos:related
WARNING: Concepts http://urn.fi/URN:NBN:fi:au:hklj:662 and http://urn.fi/URN:NBN:fi:au:hklj:660 connected by both skos:broaderTransitive and skos:related, removing skos:related
WARNING: Concepts http://urn.fi/URN:NBN:fi:au:hklj:667 and http://urn.fi/URN:NBN:fi:au:hklj:660 connected by both skos:broaderTransitive and skos:related, removing skos:related
WARNING: Concepts http://urn.fi/URN:NBN:fi:au:hklj:667.1 and http://urn.fi/URN:NBN:fi:au:hklj:660 connected by both skos:broaderTransitive and skos:related, removing skos:related
WARNING: Concepts http://urn.fi/URN:NBN:fi:au:hklj:667.12 and http://urn.fi/URN:NBN:fi:au:hklj:667.1 connected by both skos:broaderTransitive and skos:related, removing skos:related
WARNING: Concepts http://urn.fi/URN:NBN:fi:au:hklj:667.711 and http://urn.fi/URN:NBN:fi:au:hklj:667.71 connected by both skos:broaderTransitive and skos:related, removing skos:related
WARNING: Concepts http://urn.fi/URN:NBN:fi:au:hklj:667.9 and http://urn.fi/URN:NBN:fi:au:hklj:667 connected by both skos:broaderTransitive and skos:related, removing skos:related
WARNING: Concepts http://urn.fi/URN:NBN:fi:au:hklj:670 and http://urn.fi/URN:NBN:fi:au:hklj:600 connected by both skos:broaderTransitive and skos:related, removing skos:related
WARNING: Concepts http://urn.fi/URN:NBN:fi:au:hklj:674 and http://urn.fi/URN:NBN:fi:au:hklj:670 connected by both skos:broaderTransitive and skos:related, removing skos:related
WARNING: Concepts http://urn.fi/URN:NBN:fi:au:hklj:675 and http://urn.fi/URN:NBN:fi:au:hklj:670 connected by both skos:broaderTransitive and skos:related, removing skos:related
WARNING: Concepts http://urn.fi/URN:NBN:fi:au:hklj:675.8 and http://urn.fi/URN:NBN:fi:au:hklj:670 connected by both skos:broaderTransitive and skos:related, removing skos:related
WARNING: Concepts http://urn.fi/URN:NBN:fi:au:hklj:675.8 and http://urn.fi/URN:NBN:fi:au:hklj:675 connected by both skos:broaderTransitive and skos:related, removing skos:related
WARNING: Concepts http://urn.fi/URN:NBN:fi:au:hklj:676 and http://urn.fi/URN:NBN:fi:au:hklj:670 connected by both skos:broaderTransitive and skos:related, removing skos:related
WARNING: Concepts http://urn.fi/URN:NBN:fi:au:hklj:680 and http://urn.fi/URN:NBN:fi:au:hklj:600 connected by both skos:broaderTransitive and skos:related, removing skos:related
WARNING: Concepts http://urn.fi/URN:NBN:fi:au:hklj:690 and http://urn.fi/URN:NBN:fi:au:hklj:600 connected by both skos:broaderTransitive and skos:related, removing skos:related
WARNING: Concepts http://urn.fi/URN:NBN:fi:au:hklj:691.11 and http://urn.fi/URN:NBN:fi:au:hklj:691.1 connected by both skos:broaderTransitive and skos:related, removing skos:related
WARNING: Concepts http://urn.fi/URN:NBN:fi:au:hklj:691.3 and http://urn.fi/URN:NBN:fi:au:hklj:691 connected by both skos:broaderTransitive and skos:related, removing skos:related
WARNING: Concepts http://urn.fi/URN:NBN:fi:au:hklj:701 and http://urn.fi/URN:NBN:fi:au:hklj:700 connected by both skos:broaderTransitive and skos:related, removing skos:related
WARNING: Concepts http://urn.fi/URN:NBN:fi:au:hklj:704 and http://urn.fi/URN:NBN:fi:au:hklj:700 connected by both skos:broaderTransitive and skos:related, removing skos:related
WARNING: Concepts http://urn.fi/URN:NBN:fi:au:hklj:707 and http://urn.fi/URN:NBN:fi:au:hklj:700 connected by both skos:broaderTransitive and skos:related, removing skos:related
WARNING: Concepts http://urn.fi/URN:NBN:fi:au:hklj:709 and http://urn.fi/URN:NBN:fi:au:hklj:700 connected by both skos:broaderTransitive and skos:related, removing skos:related
WARNING: Concepts http://urn.fi/URN:NBN:fi:au:hklj:710 and http://urn.fi/URN:NBN:fi:au:hklj:700 connected by both skos:broaderTransitive and skos:related, removing skos:related
WARNING: Concepts http://urn.fi/URN:NBN:fi:au:hklj:720 and http://urn.fi/URN:NBN:fi:au:hklj:700 connected by both skos:broaderTransitive and skos:related, removing skos:related
WARNING: Concepts http://urn.fi/URN:NBN:fi:au:hklj:720.9 and http://urn.fi/URN:NBN:fi:au:hklj:720 connected by both skos:broaderTransitive and skos:related, removing skos:related
WARNING: Concepts http://urn.fi/URN:NBN:fi:au:hklj:726 and http://urn.fi/URN:NBN:fi:au:hklj:720 connected by both skos:broaderTransitive and skos:related, removing skos:related
WARNING: Concepts http://urn.fi/URN:NBN:fi:au:hklj:730 and http://urn.fi/URN:NBN:fi:au:hklj:700 connected by both skos:broaderTransitive and skos:related, removing skos:related
WARNING: Concepts http://urn.fi/URN:NBN:fi:au:hklj:739 and http://urn.fi/URN:NBN:fi:au:hklj:730 connected by both skos:broaderTransitive and skos:related, removing skos:related
WARNING: Concepts http://urn.fi/URN:NBN:fi:au:hklj:740 and http://urn.fi/URN:NBN:fi:au:hklj:700 connected by both skos:broaderTransitive and skos:related, removing skos:related
WARNING: Concepts http://urn.fi/URN:NBN:fi:au:hklj:741 and http://urn.fi/URN:NBN:fi:au:hklj:740 connected by both skos:broaderTransitive and skos:related, removing skos:related
WARNING: Concepts http://urn.fi/URN:NBN:fi:au:hklj:742 and http://urn.fi/URN:NBN:fi:au:hklj:740 connected by both skos:broaderTransitive and skos:related, removing skos:related
WARNING: Concepts http://urn.fi/URN:NBN:fi:au:hklj:742.1 and http://urn.fi/URN:NBN:fi:au:hklj:740 connected by both skos:broaderTransitive and skos:related, removing skos:related
WARNING: Concepts http://urn.fi/URN:NBN:fi:au:hklj:747 and http://urn.fi/URN:NBN:fi:au:hklj:740 connected by both skos:broaderTransitive and skos:related, removing skos:related
WARNING: Concepts http://urn.fi/URN:NBN:fi:au:hklj:748 and http://urn.fi/URN:NBN:fi:au:hklj:740 connected by both skos:broaderTransitive and skos:related, removing skos:related
WARNING: Concepts http://urn.fi/URN:NBN:fi:au:hklj:749 and http://urn.fi/URN:NBN:fi:au:hklj:740 connected by both skos:broaderTransitive and skos:related, removing skos:related
WARNING: Concepts http://urn.fi/URN:NBN:fi:au:hklj:749.1 and http://urn.fi/URN:NBN:fi:au:hklj:740 connected by both skos:broaderTransitive and skos:related, removing skos:related
WARNING: Concepts http://urn.fi/URN:NBN:fi:au:hklj:750 and http://urn.fi/URN:NBN:fi:au:hklj:700 connected by both skos:broaderTransitive and skos:related, removing skos:related
WARNING: Concepts http://urn.fi/URN:NBN:fi:au:hklj:756 and http://urn.fi/URN:NBN:fi:au:hklj:700 connected by both skos:broaderTransitive and skos:related, removing skos:related
WARNING: Concepts http://urn.fi/URN:NBN:fi:au:hklj:756 and http://urn.fi/URN:NBN:fi:au:hklj:750 connected by both skos:broaderTransitive and skos:related, removing skos:related
WARNING: Concepts http://urn.fi/URN:NBN:fi:au:hklj:760 and http://urn.fi/URN:NBN:fi:au:hklj:700 connected by both skos:broaderTransitive and skos:related, removing skos:related
WARNING: Concepts http://urn.fi/URN:NBN:fi:au:hklj:769 and http://urn.fi/URN:NBN:fi:au:hklj:760 connected by both skos:broaderTransitive and skos:related, removing skos:related
WARNING: Concepts http://urn.fi/URN:NBN:fi:au:hklj:770 and http://urn.fi/URN:NBN:fi:au:hklj:700 connected by both skos:broaderTransitive and skos:related, removing skos:related
WARNING: Concepts http://urn.fi/URN:NBN:fi:au:hklj:770.1 and http://urn.fi/URN:NBN:fi:au:hklj:770 connected by both skos:broaderTransitive and skos:related, removing skos:related
WARNING: Concepts http://urn.fi/URN:NBN:fi:au:hklj:770.2 and http://urn.fi/URN:NBN:fi:au:hklj:770 connected by both skos:broaderTransitive and skos:related, removing skos:related
WARNING: Concepts http://urn.fi/URN:NBN:fi:au:hklj:770.9 and http://urn.fi/URN:NBN:fi:au:hklj:770 connected by both skos:broaderTransitive and skos:related, removing skos:related
WARNING: Concepts http://urn.fi/URN:NBN:fi:au:hklj:771 and http://urn.fi/URN:NBN:fi:au:hklj:770 connected by both skos:broaderTransitive and skos:related, removing skos:related
WARNING: Concepts http://urn.fi/URN:NBN:fi:au:hklj:772 and http://urn.fi/URN:NBN:fi:au:hklj:770 connected by both skos:broaderTransitive and skos:related, removing skos:related
WARNING: Concepts http://urn.fi/URN:NBN:fi:au:hklj:773 and http://urn.fi/URN:NBN:fi:au:hklj:770 connected by both skos:broaderTransitive and skos:related, removing skos:related
WARNING: Concepts http://urn.fi/URN:NBN:fi:au:hklj:774 and http://urn.fi/URN:NBN:fi:au:hklj:770 connected by both skos:broaderTransitive and skos:related, removing skos:related
WARNING: Concepts http://urn.fi/URN:NBN:fi:au:hklj:775 and http://urn.fi/URN:NBN:fi:au:hklj:770 connected by both skos:broaderTransitive and skos:related, removing skos:related
WARNING: Concepts http://urn.fi/URN:NBN:fi:au:hklj:776 and http://urn.fi/URN:NBN:fi:au:hklj:770 connected by both skos:broaderTransitive and skos:related, removing skos:related
WARNING: Concepts http://urn.fi/URN:NBN:fi:au:hklj:777 and http://urn.fi/URN:NBN:fi:au:hklj:700 connected by both skos:broaderTransitive and skos:related, removing skos:related
WARNING: Concepts http://urn.fi/URN:NBN:fi:au:hklj:777 and http://urn.fi/URN:NBN:fi:au:hklj:770 connected by both skos:broaderTransitive and skos:related, removing skos:related
WARNING: Concepts http://urn.fi/URN:NBN:fi:au:hklj:777.1 and http://urn.fi/URN:NBN:fi:au:hklj:777 connected by both skos:broaderTransitive and skos:related, removing skos:related
WARNING: Concepts http://urn.fi/URN:NBN:fi:au:hklj:777.9 and http://urn.fi/URN:NBN:fi:au:hklj:777 connected by both skos:broaderTransitive and skos:related, removing skos:related
WARNING: Concepts http://urn.fi/URN:NBN:fi:au:hklj:778 and http://urn.fi/URN:NBN:fi:au:hklj:700 connected by both skos:broaderTransitive and skos:related, removing skos:related
WARNING: Concepts http://urn.fi/URN:NBN:fi:au:hklj:780 and http://urn.fi/URN:NBN:fi:au:hklj:700 connected by both skos:broaderTransitive and skos:related, removing skos:related
WARNING: Concepts http://urn.fi/URN:NBN:fi:au:hklj:781.1 and http://urn.fi/URN:NBN:fi:au:hklj:780 connected by both skos:broaderTransitive and skos:related, removing skos:related
WARNING: Concepts http://urn.fi/URN:NBN:fi:au:hklj:781.5 and http://urn.fi/URN:NBN:fi:au:hklj:780 connected by both skos:broaderTransitive and skos:related, removing skos:related
WARNING: Concepts http://urn.fi/URN:NBN:fi:au:hklj:782 and http://urn.fi/URN:NBN:fi:au:hklj:780 connected by both skos:broaderTransitive and skos:related, removing skos:related
WARNING: Concepts http://urn.fi/URN:NBN:fi:au:hklj:783.1 and http://urn.fi/URN:NBN:fi:au:hklj:783 connected by both skos:broaderTransitive and skos:related, removing skos:related
WARNING: Concepts http://urn.fi/URN:NBN:fi:au:hklj:783.6 and http://urn.fi/URN:NBN:fi:au:hklj:783 connected by both skos:broaderTransitive and skos:related, removing skos:related
WARNING: Concepts http://urn.fi/URN:NBN:fi:au:hklj:784.254 and http://urn.fi/URN:NBN:fi:au:hklj:784.25 connected by both skos:broaderTransitive and skos:related, removing skos:related
WARNING: Concepts http://urn.fi/URN:NBN:fi:au:hklj:788.333 and http://urn.fi/URN:NBN:fi:au:hklj:788 connected by both skos:broaderTransitive and skos:related, removing skos:related
WARNING: Concepts http://urn.fi/URN:NBN:fi:au:hklj:789.1 and http://urn.fi/URN:NBN:fi:au:hklj:789 connected by both skos:broaderTransitive and skos:related, removing skos:related
WARNING: Concepts http://urn.fi/URN:NBN:fi:au:hklj:789.234 and http://urn.fi/URN:NBN:fi:au:hklj:789.23 connected by both skos:broaderTransitive and skos:related, removing skos:related
WARNING: Concepts http://urn.fi/URN:NBN:fi:au:hklj:789.354 and http://urn.fi/URN:NBN:fi:au:hklj:789.35 connected by both skos:broaderTransitive and skos:related, removing skos:related
WARNING: Concepts http://urn.fi/URN:NBN:fi:au:hklj:790.1 and http://urn.fi/URN:NBN:fi:au:hklj:790 connected by both skos:broaderTransitive and skos:related, removing skos:related
WARNING: Concepts http://urn.fi/URN:NBN:fi:au:hklj:790.9 and http://urn.fi/URN:NBN:fi:au:hklj:790 connected by both skos:broaderTransitive and skos:related, removing skos:related
WARNING: Concepts http://urn.fi/URN:NBN:fi:au:hklj:791 and http://urn.fi/URN:NBN:fi:au:hklj:790 connected by both skos:broaderTransitive and skos:related, removing skos:related
WARNING: Concepts http://urn.fi/URN:NBN:fi:au:hklj:791.1 and http://urn.fi/URN:NBN:fi:au:hklj:790 connected by both skos:broaderTransitive and skos:related, removing skos:related
WARNING: Concepts http://urn.fi/URN:NBN:fi:au:hklj:791.1 and http://urn.fi/URN:NBN:fi:au:hklj:791 connected by both skos:broaderTransitive and skos:related, removing skos:related
WARNING: Concepts http://urn.fi/URN:NBN:fi:au:hklj:791.2 and http://urn.fi/URN:NBN:fi:au:hklj:790 connected by both skos:broaderTransitive and skos:related, removing skos:related
WARNING: Concepts http://urn.fi/URN:NBN:fi:au:hklj:791.2 and http://urn.fi/URN:NBN:fi:au:hklj:791 connected by both skos:broaderTransitive and skos:related, removing skos:related
WARNING: Concepts http://urn.fi/URN:NBN:fi:au:hklj:791.3 and http://urn.fi/URN:NBN:fi:au:hklj:790 connected by both skos:broaderTransitive and skos:related, removing skos:related
WARNING: Concepts http://urn.fi/URN:NBN:fi:au:hklj:791.3 and http://urn.fi/URN:NBN:fi:au:hklj:791 connected by both skos:broaderTransitive and skos:related, removing skos:related
WARNING: Concepts http://urn.fi/URN:NBN:fi:au:hklj:791.4 and http://urn.fi/URN:NBN:fi:au:hklj:790 connected by both skos:broaderTransitive and skos:related, removing skos:related
WARNING: Concepts http://urn.fi/URN:NBN:fi:au:hklj:791.4 and http://urn.fi/URN:NBN:fi:au:hklj:791 connected by both skos:broaderTransitive and skos:related, removing skos:related
WARNING: Concepts http://urn.fi/URN:NBN:fi:au:hklj:791.5 and http://urn.fi/URN:NBN:fi:au:hklj:790 connected by both skos:broaderTransitive and skos:related, removing skos:related
WARNING: Concepts http://urn.fi/URN:NBN:fi:au:hklj:791.5 and http://urn.fi/URN:NBN:fi:au:hklj:791 connected by both skos:broaderTransitive and skos:related, removing skos:related
WARNING: Concepts http://urn.fi/URN:NBN:fi:au:hklj:791.6 and http://urn.fi/URN:NBN:fi:au:hklj:790 connected by both skos:broaderTransitive and skos:related, removing skos:related
WARNING: Concepts http://urn.fi/URN:NBN:fi:au:hklj:791.6 and http://urn.fi/URN:NBN:fi:au:hklj:791 connected by both skos:broaderTransitive and skos:related, removing skos:related
WARNING: Concepts http://urn.fi/URN:NBN:fi:au:hklj:791.7 and http://urn.fi/URN:NBN:fi:au:hklj:790 connected by both skos:broaderTransitive and skos:related, removing skos:related
WARNING: Concepts http://urn.fi/URN:NBN:fi:au:hklj:791.7 and http://urn.fi/URN:NBN:fi:au:hklj:791 connected by both skos:broaderTransitive and skos:related, removing skos:related
WARNING: Concepts http://urn.fi/URN:NBN:fi:au:hklj:791.8 and http://urn.fi/URN:NBN:fi:au:hklj:790 connected by both skos:broaderTransitive and skos:related, removing skos:related
WARNING: Concepts http://urn.fi/URN:NBN:fi:au:hklj:791.8 and http://urn.fi/URN:NBN:fi:au:hklj:791 connected by both skos:broaderTransitive and skos:related, removing skos:related
WARNING: Concepts http://urn.fi/URN:NBN:fi:au:hklj:791.9 and http://urn.fi/URN:NBN:fi:au:hklj:790 connected by both skos:broaderTransitive and skos:related, removing skos:related
WARNING: Concepts http://urn.fi/URN:NBN:fi:au:hklj:791.9 and http://urn.fi/URN:NBN:fi:au:hklj:791 connected by both skos:broaderTransitive and skos:related, removing skos:related
WARNING: Concepts http://urn.fi/URN:NBN:fi:au:hklj:797 and http://urn.fi/URN:NBN:fi:au:hklj:790 connected by both skos:broaderTransitive and skos:related, removing skos:related
WARNING: Concepts http://urn.fi/URN:NBN:fi:au:hklj:797.2 and http://urn.fi/URN:NBN:fi:au:hklj:797 connected by both skos:broaderTransitive and skos:related, removing skos:related
WARNING: Concepts http://urn.fi/URN:NBN:fi:au:hklj:798 and http://urn.fi/URN:NBN:fi:au:hklj:790 connected by both skos:broaderTransitive and skos:related, removing skos:related
WARNING: Concepts http://urn.fi/URN:NBN:fi:au:hklj:798.1 and http://urn.fi/URN:NBN:fi:au:hklj:798 connected by both skos:broaderTransitive and skos:related, removing skos:related
WARNING: Concepts http://urn.fi/URN:NBN:fi:au:hklj:799 and http://urn.fi/URN:NBN:fi:au:hklj:790 connected by both skos:broaderTransitive and skos:related, removing skos:related
WARNING: Concepts http://urn.fi/URN:NBN:fi:au:hklj:805 and http://urn.fi/URN:NBN:fi:au:hklj:800 connected by both skos:broaderTransitive and skos:related, removing skos:related
WARNING: Concepts http://urn.fi/URN:NBN:fi:au:hklj:807 and http://urn.fi/URN:NBN:fi:au:hklj:800 connected by both skos:broaderTransitive and skos:related, removing skos:related
WARNING: Concepts http://urn.fi/URN:NBN:fi:au:hklj:809 and http://urn.fi/URN:NBN:fi:au:hklj:800 connected by both skos:broaderTransitive and skos:related, removing skos:related
WARNING: Concepts http://urn.fi/URN:NBN:fi:au:hklj:810 and http://urn.fi/URN:NBN:fi:au:hklj:800 connected by both skos:broaderTransitive and skos:related, removing skos:related
WARNING: Concepts http://urn.fi/URN:NBN:fi:au:hklj:820 and http://urn.fi/URN:NBN:fi:au:hklj:800 connected by both skos:broaderTransitive and skos:related, removing skos:related
WARNING: Concepts http://urn.fi/URN:NBN:fi:au:hklj:830 and http://urn.fi/URN:NBN:fi:au:hklj:800 connected by both skos:broaderTransitive and skos:related, removing skos:related
WARNING: Concepts http://urn.fi/URN:NBN:fi:au:hklj:840 and http://urn.fi/URN:NBN:fi:au:hklj:800 connected by both skos:broaderTransitive and skos:related, removing skos:related
WARNING: Concepts http://urn.fi/URN:NBN:fi:au:hklj:850 and http://urn.fi/URN:NBN:fi:au:hklj:800 connected by both skos:broaderTransitive and skos:related, removing skos:related
WARNING: Concepts http://urn.fi/URN:NBN:fi:au:hklj:859 and http://urn.fi/URN:NBN:fi:au:hklj:850 connected by both skos:broaderTransitive and skos:related, removing skos:related
WARNING: Concepts http://urn.fi/URN:NBN:fi:au:hklj:860 and http://urn.fi/URN:NBN:fi:au:hklj:800 connected by both skos:broaderTransitive and skos:related, removing skos:related
WARNING: Concepts http://urn.fi/URN:NBN:fi:au:hklj:862 and http://urn.fi/URN:NBN:fi:au:hklj:860 connected by both skos:broaderTransitive and skos:related, removing skos:related
WARNING: Concepts http://urn.fi/URN:NBN:fi:au:hklj:863 and http://urn.fi/URN:NBN:fi:au:hklj:860 connected by both skos:broaderTransitive and skos:related, removing skos:related
WARNING: Concepts http://urn.fi/URN:NBN:fi:au:hklj:870 and http://urn.fi/URN:NBN:fi:au:hklj:800 connected by both skos:broaderTransitive and skos:related, removing skos:related
WARNING: Concepts http://urn.fi/URN:NBN:fi:au:hklj:872.8 and http://urn.fi/URN:NBN:fi:au:hklj:872 connected by both skos:broaderTransitive and skos:related, removing skos:related
WARNING: Concepts http://urn.fi/URN:NBN:fi:au:hklj:875.7 and http://urn.fi/URN:NBN:fi:au:hklj:875 connected by both skos:broaderTransitive and skos:related, removing skos:related
WARNING: Concepts http://urn.fi/URN:NBN:fi:au:hklj:880 and http://urn.fi/URN:NBN:fi:au:hklj:800 connected by both skos:broaderTransitive and skos:related, removing skos:related
WARNING: Concepts http://urn.fi/URN:NBN:fi:au:hklj:884.8 and http://urn.fi/URN:NBN:fi:au:hklj:884 connected by both skos:broaderTransitive and skos:related, removing skos:related
WARNING: Concepts http://urn.fi/URN:NBN:fi:au:hklj:890 and http://urn.fi/URN:NBN:fi:au:hklj:800 connected by both skos:broaderTransitive and skos:related, removing skos:related
WARNING: Concepts http://urn.fi/URN:NBN:fi:au:hklj:909 and http://urn.fi/URN:NBN:fi:au:hklj:900 connected by both skos:broaderTransitive and skos:related, removing skos:related
WARNING: Concepts http://urn.fi/URN:NBN:fi:au:hklj:910 and http://urn.fi/URN:NBN:fi:au:hklj:900 connected by both skos:broaderTransitive and skos:related, removing skos:related
WARNING: Concepts http://urn.fi/URN:NBN:fi:au:hklj:910.1 and http://urn.fi/URN:NBN:fi:au:hklj:900 connected by both skos:broaderTransitive and skos:related, removing skos:related
WARNING: Concepts http://urn.fi/URN:NBN:fi:au:hklj:910.1 and http://urn.fi/URN:NBN:fi:au:hklj:910 connected by both skos:broaderTransitive and skos:related, removing skos:related
WARNING: Concepts http://urn.fi/URN:NBN:fi:au:hklj:911 and http://urn.fi/URN:NBN:fi:au:hklj:910 connected by both skos:broaderTransitive and skos:related, removing skos:related
WARNING: Concepts http://urn.fi/URN:NBN:fi:au:hklj:914 and http://urn.fi/URN:NBN:fi:au:hklj:900 connected by both skos:broaderTransitive and skos:related, removing skos:related
WARNING: Concepts http://urn.fi/URN:NBN:fi:au:hklj:914 and http://urn.fi/URN:NBN:fi:au:hklj:910 connected by both skos:broaderTransitive and skos:related, removing skos:related
WARNING: Concepts http://urn.fi/URN:NBN:fi:au:hklj:915 and http://urn.fi/URN:NBN:fi:au:hklj:900 connected by both skos:broaderTransitive and skos:related, removing skos:related
WARNING: Concepts http://urn.fi/URN:NBN:fi:au:hklj:915 and http://urn.fi/URN:NBN:fi:au:hklj:910 connected by both skos:broaderTransitive and skos:related, removing skos:related
WARNING: Concepts http://urn.fi/URN:NBN:fi:au:hklj:916 and http://urn.fi/URN:NBN:fi:au:hklj:900 connected by both skos:broaderTransitive and skos:related, removing skos:related
WARNING: Concepts http://urn.fi/URN:NBN:fi:au:hklj:917 and http://urn.fi/URN:NBN:fi:au:hklj:900 connected by both skos:broaderTransitive and skos:related, removing skos:related
WARNING: Concepts http://urn.fi/URN:NBN:fi:au:hklj:918 and http://urn.fi/URN:NBN:fi:au:hklj:900 connected by both skos:broaderTransitive and skos:related, removing skos:related
WARNING: Concepts http://urn.fi/URN:NBN:fi:au:hklj:919 and http://urn.fi/URN:NBN:fi:au:hklj:900 connected by both skos:broaderTransitive and skos:related, removing skos:related
WARNING: Concepts http://urn.fi/URN:NBN:fi:au:hklj:919 and http://urn.fi/URN:NBN:fi:au:hklj:910 connected by both skos:broaderTransitive and skos:related, removing skos:related
WARNING: Concepts http://urn.fi/URN:NBN:fi:au:hklj:920 and http://urn.fi/URN:NBN:fi:au:hklj:900 connected by both skos:broaderTransitive and skos:related, removing skos:related
WARNING: Concepts http://urn.fi/URN:NBN:fi:au:hklj:930 and http://urn.fi/URN:NBN:fi:au:hklj:900 connected by both skos:broaderTransitive and skos:related, removing skos:related
WARNING: Concepts http://urn.fi/URN:NBN:fi:au:hklj:931 and http://urn.fi/URN:NBN:fi:au:hklj:930 connected by both skos:broaderTransitive and skos:related, removing skos:related
WARNING: Concepts http://urn.fi/URN:NBN:fi:au:hklj:932 and http://urn.fi/URN:NBN:fi:au:hklj:930 connected by both skos:broaderTransitive and skos:related, removing skos:related
WARNING: Concepts http://urn.fi/URN:NBN:fi:au:hklj:933 and http://urn.fi/URN:NBN:fi:au:hklj:930 connected by both skos:broaderTransitive and skos:related, removing skos:related
WARNING: Concepts http://urn.fi/URN:NBN:fi:au:hklj:934 and http://urn.fi/URN:NBN:fi:au:hklj:930 connected by both skos:broaderTransitive and skos:related, removing skos:related
WARNING: Concepts http://urn.fi/URN:NBN:fi:au:hklj:935 and http://urn.fi/URN:NBN:fi:au:hklj:930 connected by both skos:broaderTransitive and skos:related, removing skos:related
WARNING: Concepts http://urn.fi/URN:NBN:fi:au:hklj:936 and http://urn.fi/URN:NBN:fi:au:hklj:930 connected by both skos:broaderTransitive and skos:related, removing skos:related
WARNING: Concepts http://urn.fi/URN:NBN:fi:au:hklj:937 and http://urn.fi/URN:NBN:fi:au:hklj:930 connected by both skos:broaderTransitive and skos:related, removing skos:related
WARNING: Concepts http://urn.fi/URN:NBN:fi:au:hklj:938 and http://urn.fi/URN:NBN:fi:au:hklj:930 connected by both skos:broaderTransitive and skos:related, removing skos:related
WARNING: Concepts http://urn.fi/URN:NBN:fi:au:hklj:939 and http://urn.fi/URN:NBN:fi:au:hklj:930 connected by both skos:broaderTransitive and skos:related, removing skos:related
WARNING: Concepts http://urn.fi/URN:NBN:fi:au:hklj:940 and http://urn.fi/URN:NBN:fi:au:hklj:900 connected by both skos:broaderTransitive and skos:related, removing skos:related
WARNING: Concepts http://urn.fi/URN:NBN:fi:au:hklj:950 and http://urn.fi/URN:NBN:fi:au:hklj:900 connected by both skos:broaderTransitive and skos:related, removing skos:related
WARNING: Concepts http://urn.fi/URN:NBN:fi:au:hklj:958 and http://urn.fi/URN:NBN:fi:au:hklj:950 connected by both skos:broaderTransitive and skos:related, removing skos:related
WARNING: Concepts http://urn.fi/URN:NBN:fi:au:hklj:958.1 and http://urn.fi/URN:NBN:fi:au:hklj:950 connected by both skos:broaderTransitive and skos:related, removing skos:related
WARNING: Concepts http://urn.fi/URN:NBN:fi:au:hklj:958.2 and http://urn.fi/URN:NBN:fi:au:hklj:950 connected by both skos:broaderTransitive and skos:related, removing skos:related
WARNING: Concepts http://urn.fi/URN:NBN:fi:au:hklj:960 and http://urn.fi/URN:NBN:fi:au:hklj:900 connected by both skos:broaderTransitive and skos:related, removing skos:related
WARNING: Concepts http://urn.fi/URN:NBN:fi:au:hklj:970 and http://urn.fi/URN:NBN:fi:au:hklj:900 connected by both skos:broaderTransitive and skos:related, removing skos:related
WARNING: Concepts http://urn.fi/URN:NBN:fi:au:hklj:971.8 and http://urn.fi/URN:NBN:fi:au:hklj:970 connected by both skos:broaderTransitive and skos:related, removing skos:related
WARNING: Concepts http://urn.fi/URN:NBN:fi:au:hklj:971.9 and http://urn.fi/URN:NBN:fi:au:hklj:970 connected by both skos:broaderTransitive and skos:related, removing skos:related
WARNING: Concepts http://urn.fi/URN:NBN:fi:au:hklj:971.9 and http://urn.fi/URN:NBN:fi:au:hklj:971 connected by both skos:broaderTransitive and skos:related, removing skos:related
WARNING: Concepts http://urn.fi/URN:NBN:fi:au:hklj:976 and http://urn.fi/URN:NBN:fi:au:hklj:970 connected by both skos:broaderTransitive and skos:related, removing skos:related
WARNING: Concepts http://urn.fi/URN:NBN:fi:au:hklj:977 and http://urn.fi/URN:NBN:fi:au:hklj:970 connected by both skos:broaderTransitive and skos:related, removing skos:related
WARNING: Concepts http://urn.fi/URN:NBN:fi:au:hklj:979 and http://urn.fi/URN:NBN:fi:au:hklj:970 connected by both skos:broaderTransitive and skos:related, removing skos:related
WARNING: Concepts http://urn.fi/URN:NBN:fi:au:hklj:979.8 and http://urn.fi/URN:NBN:fi:au:hklj:979.8 connected by both skos:broaderTransitive and skos:related, removing skos:related
WARNING: Concepts http://urn.fi/URN:NBN:fi:au:hklj:980 and http://urn.fi/URN:NBN:fi:au:hklj:900 connected by both skos:broaderTransitive and skos:related, removing skos:related
WARNING: Concepts http://urn.fi/URN:NBN:fi:au:hklj:990 and http://urn.fi/URN:NBN:fi:au:hklj:900 connected by both skos:broaderTransitive and skos:related, removing skos:related
WARNING: Concepts http://urn.fi/URN:NBN:fi:au:hklj:999 and http://urn.fi/URN:NBN:fi:au:hklj:990 connected by both skos:broaderTransitive and skos:related, removing skos:related
Traceback (most recent call last):
  File "../../tools/skosify//skosify.py", line 8, in <module>
    main()
  File "/home/local/joelitak/git/Finto-data/tools/skosify/skosify/cli.py", line 221, in main
    write_rdf(voc, output, to_format)
  File "/home/local/joelitak/git/Finto-data/tools/skosify/skosify/rdftools/io.py", line 60, in write_rdf
    rdf.serialize(destination=out, format=fmt)
  File "/home/joelitak/.local/lib/python2.7/site-packages/rdflib/graph.py", line 943, in serialize
    serializer.serialize(stream, base=base, encoding=encoding, **args)
  File "/home/joelitak/.local/lib/python2.7/site-packages/rdflib/plugins/serializers/turtle.py", line 231, in serialize
    if self.statement(subject) and not firstTime:
  File "/home/joelitak/.local/lib/python2.7/site-packages/rdflib/plugins/serializers/turtle.py", line 292, in statement
    return self.s_squared(subject) or self.s_default(subject)
  File "/home/joelitak/.local/lib/python2.7/site-packages/rdflib/plugins/serializers/turtle.py", line 296, in s_default
    self.path(subject, SUBJECT)
  File "/home/joelitak/.local/lib/python2.7/site-packages/rdflib/plugins/serializers/turtle.py", line 311, in path
    or self.p_default(node, position, newline)):
  File "/home/joelitak/.local/lib/python2.7/site-packages/rdflib/plugins/serializers/turtle.py", line 317, in p_default
    self.write(self.label(node, position))
  File "/home/joelitak/.local/lib/python2.7/site-packages/rdflib/plugins/serializers/turtle.py", line 333, in label
    return self.getQName(node, position == VERB) or node.n3()
  File "/home/joelitak/.local/lib/python2.7/site-packages/rdflib/term.py", line 247, in n3
    raise Exception('"%s" does not look like a valid URI, I cannot serialize this as N3/Turtle. Perhaps you wanted to urlencode it?'%self)
Exception: "http://urn.fi/URN:NBN:fi:au:ykl:67. 67.1" does not look like a valid URI, I cannot serialize this as N3/Turtle. Perhaps you wanted to urlencode it?
