http://www.yso.fi/onto/mero/mittaus	http://www.yso.fi/onto/mero/m9617	2016-04-05 16:58:50
http://www.yso.fi/onto/mero/kansipäällystö	http://www.yso.fi/onto/mero/m9616	2016-04-05 16:58:50
http://www.yso.fi/onto/mero/konepäällystö	http://www.yso.fi/onto/mero/m9615	2016-04-05 16:58:50
http://www.yso.fi/onto/mero/uitto	http://www.yso.fi/onto/mero/m9614	2016-04-05 16:58:50
http://www.yso.fi/onto/mero/aluksen_tilat	http://www.yso.fi/onto/mero/m9613	2016-04-05 16:58:50
http://www.yso.fi/onto/mero/laivaväki	http://www.yso.fi/onto/mero/m9612	2016-04-05 16:58:50
http://www.yso.fi/onto/mero/palvelut	http://www.yso.fi/onto/mero/m9611	2016-04-05 16:58:50
http://www.yso.fi/onto/mero/sulutus_2	http://www.yso.fi/onto/mero/m9610	2016-04-05 16:58:50
http://www.yso.fi/onto/mero/alukset	http://www.yso.fi/onto/mero/m9609	2016-04-05 16:58:50
http://www.yso.fi/onto/mero/luotsipalvelut	http://www.yso.fi/onto/mero/m9608	2016-04-05 16:58:50
http://www.yso.fi/onto/mero/konemiehistö	http://www.yso.fi/onto/mero/m9607	2016-04-05 16:58:50
http://www.yso.fi/onto/mero/satamatyöntekijät	http://www.yso.fi/onto/mero/m9606	2016-04-05 16:58:50
http://www.yso.fi/onto/mero/kansimiehistö	http://www.yso.fi/onto/mero/m9605	2016-04-05 16:58:50
http://www.yso.fi/onto/mero/laivurit	http://www.yso.fi/onto/mero/m9604	2016-04-05 16:58:50
http://www.yso.fi/onto/mero/taloushenkilöstö	http://www.yso.fi/onto/mero/m9603	2016-04-05 16:58:50
http://www.yso.fi/onto/mero/päällystö	http://www.yso.fi/onto/mero/m9602	2016-04-05 16:58:50
http://www.yso.fi/onto/mero/talouspäällystö	http://www.yso.fi/onto/mero/m9601	2016-04-05 16:58:50
http://www.yso.fi/onto/mero/turvallisuus	http://www.yso.fi/onto/mero/m9600	2016-04-05 16:58:50
http://www.yso.fi/onto/mero/avomerilaivurit	http://www.yso.fi/onto/mero/m9599	2016-04-05 16:58:50
http://www.yso.fi/onto/mero/aluksen_ominaisuudet	http://www.yso.fi/onto/mero/m9598	2016-04-05 16:58:50
http://www.yso.fi/onto/mero/saaristolaivurit	http://www.yso.fi/onto/mero/m9597	2016-04-05 16:58:50
http://www.yso.fi/onto/mero/miehistö	http://www.yso.fi/onto/mero/m9596	2016-04-05 16:58:50
http://www.yso.fi/onto/mero/partOf	http://www.yso.fi/onto/mero/m9595	2016-04-05 16:58:50
http://www.yso.fi/onto/mero/aluksen_osat	http://www.yso.fi/onto/mero/m9594	2016-04-05 16:58:50
http://www.yso.fi/onto/mero/ammatit	http://www.yso.fi/onto/mero/m9593	2016-04-05 16:58:50
http://www.yso.fi/onto/mero/semTag	http://www.yso.fi/onto/mero/m9592	2016-04-05 16:58:50
http://www.yso.fi/onto/mero/MeroConcept	http://www.yso.fi/onto/mero/m9591	2016-04-05 16:58:50
