INFO: Don't know what to do with type http://purl.org/iso25964/skos-thes#ConceptGroup
INFO: Don't know what to do with literal http://www.yso.fi/onto/mero/m9592
INFO: Don't know what to do with relation http://www.yso.fi/onto/mero/m9595
WARNING: Stripping whitespace from label of http://www.yso.fi/onto/mero/m8932: 'bostadsfartyg	'
WARNING: Stripping whitespace from label of http://www.yso.fi/onto/mero/m9315: 'lyhenne: SSAS
'
WARNING: Stripping whitespace from label of http://www.yso.fi/onto/mero/m9317: 'lyhenne: SSO
'
WARNING: Stripping whitespace from label of http://www.yso.fi/onto/mero/m9318: 'alusten ja satamarakenteiden kansainvälinen turvasäännöstö; internationella koden för sjöfartsskydd på fartyg och i hamnanläggningar; International Code for the Security of Ships and Port facilities
'
WARNING: Stripping whitespace from label of http://www.yso.fi/onto/mero/m9319: 'lyhenne: PFSO
'
WARNING: Stripping whitespace from label of http://www.yso.fi/onto/mero/m9376: 'International Hydrographic Organization '
WARNING: Concept scheme has no label(s). Use --label option to set the concept scheme label.
INFO: Marking loose concept http://www.yso.fi/onto/mero/m7896 as top concept of scheme http://www.yso.fi/onto/mero/
INFO: Marking loose concept http://www.yso.fi/onto/mero/m7916 as top concept of scheme http://www.yso.fi/onto/mero/
INFO: Marking loose concept http://www.yso.fi/onto/mero/m8003 as top concept of scheme http://www.yso.fi/onto/mero/
INFO: Marking loose concept http://www.yso.fi/onto/mero/m8004 as top concept of scheme http://www.yso.fi/onto/mero/
INFO: Marking loose concept http://www.yso.fi/onto/mero/m8011 as top concept of scheme http://www.yso.fi/onto/mero/
INFO: Marking loose concept http://www.yso.fi/onto/mero/m8033 as top concept of scheme http://www.yso.fi/onto/mero/
INFO: Marking loose concept http://www.yso.fi/onto/mero/m8038 as top concept of scheme http://www.yso.fi/onto/mero/
INFO: Marking loose concept http://www.yso.fi/onto/mero/m8041 as top concept of scheme http://www.yso.fi/onto/mero/
INFO: Marking loose concept http://www.yso.fi/onto/mero/m8042 as top concept of scheme http://www.yso.fi/onto/mero/
INFO: Marking loose concept http://www.yso.fi/onto/mero/m8043 as top concept of scheme http://www.yso.fi/onto/mero/
INFO: Marking loose concept http://www.yso.fi/onto/mero/m8049 as top concept of scheme http://www.yso.fi/onto/mero/
INFO: Marking loose concept http://www.yso.fi/onto/mero/m8053 as top concept of scheme http://www.yso.fi/onto/mero/
INFO: Marking loose concept http://www.yso.fi/onto/mero/m8132 as top concept of scheme http://www.yso.fi/onto/mero/
INFO: Marking loose concept http://www.yso.fi/onto/mero/m8149 as top concept of scheme http://www.yso.fi/onto/mero/
INFO: Marking loose concept http://www.yso.fi/onto/mero/m8167 as top concept of scheme http://www.yso.fi/onto/mero/
INFO: Marking loose concept http://www.yso.fi/onto/mero/m8168 as top concept of scheme http://www.yso.fi/onto/mero/
INFO: Marking loose concept http://www.yso.fi/onto/mero/m8169 as top concept of scheme http://www.yso.fi/onto/mero/
INFO: Marking loose concept http://www.yso.fi/onto/mero/m8170 as top concept of scheme http://www.yso.fi/onto/mero/
INFO: Marking loose concept http://www.yso.fi/onto/mero/m8206 as top concept of scheme http://www.yso.fi/onto/mero/
INFO: Marking loose concept http://www.yso.fi/onto/mero/m8221 as top concept of scheme http://www.yso.fi/onto/mero/
INFO: Marking loose concept http://www.yso.fi/onto/mero/m8224 as top concept of scheme http://www.yso.fi/onto/mero/
INFO: Marking loose concept http://www.yso.fi/onto/mero/m8238 as top concept of scheme http://www.yso.fi/onto/mero/
INFO: Marking loose concept http://www.yso.fi/onto/mero/m8239 as top concept of scheme http://www.yso.fi/onto/mero/
INFO: Marking loose concept http://www.yso.fi/onto/mero/m8241 as top concept of scheme http://www.yso.fi/onto/mero/
INFO: Marking loose concept http://www.yso.fi/onto/mero/m8267 as top concept of scheme http://www.yso.fi/onto/mero/
INFO: Marking loose concept http://www.yso.fi/onto/mero/m8271 as top concept of scheme http://www.yso.fi/onto/mero/
INFO: Marking loose concept http://www.yso.fi/onto/mero/m8272 as top concept of scheme http://www.yso.fi/onto/mero/
INFO: Marking loose concept http://www.yso.fi/onto/mero/m8273 as top concept of scheme http://www.yso.fi/onto/mero/
INFO: Marking loose concept http://www.yso.fi/onto/mero/m8274 as top concept of scheme http://www.yso.fi/onto/mero/
INFO: Marking loose concept http://www.yso.fi/onto/mero/m8275 as top concept of scheme http://www.yso.fi/onto/mero/
INFO: Marking loose concept http://www.yso.fi/onto/mero/m8276 as top concept of scheme http://www.yso.fi/onto/mero/
INFO: Marking loose concept http://www.yso.fi/onto/mero/m8279 as top concept of scheme http://www.yso.fi/onto/mero/
INFO: Marking loose concept http://www.yso.fi/onto/mero/m8280 as top concept of scheme http://www.yso.fi/onto/mero/
INFO: Marking loose concept http://www.yso.fi/onto/mero/m8281 as top concept of scheme http://www.yso.fi/onto/mero/
INFO: Marking loose concept http://www.yso.fi/onto/mero/m8282 as top concept of scheme http://www.yso.fi/onto/mero/
INFO: Marking loose concept http://www.yso.fi/onto/mero/m8283 as top concept of scheme http://www.yso.fi/onto/mero/
INFO: Marking loose concept http://www.yso.fi/onto/mero/m8284 as top concept of scheme http://www.yso.fi/onto/mero/
INFO: Marking loose concept http://www.yso.fi/onto/mero/m8285 as top concept of scheme http://www.yso.fi/onto/mero/
INFO: Marking loose concept http://www.yso.fi/onto/mero/m8286 as top concept of scheme http://www.yso.fi/onto/mero/
INFO: Marking loose concept http://www.yso.fi/onto/mero/m8287 as top concept of scheme http://www.yso.fi/onto/mero/
INFO: Marking loose concept http://www.yso.fi/onto/mero/m8289 as top concept of scheme http://www.yso.fi/onto/mero/
INFO: Marking loose concept http://www.yso.fi/onto/mero/m8290 as top concept of scheme http://www.yso.fi/onto/mero/
INFO: Marking loose concept http://www.yso.fi/onto/mero/m8292 as top concept of scheme http://www.yso.fi/onto/mero/
INFO: Marking loose concept http://www.yso.fi/onto/mero/m8293 as top concept of scheme http://www.yso.fi/onto/mero/
INFO: Marking loose concept http://www.yso.fi/onto/mero/m8294 as top concept of scheme http://www.yso.fi/onto/mero/
INFO: Marking loose concept http://www.yso.fi/onto/mero/m8295 as top concept of scheme http://www.yso.fi/onto/mero/
INFO: Marking loose concept http://www.yso.fi/onto/mero/m8297 as top concept of scheme http://www.yso.fi/onto/mero/
INFO: Marking loose concept http://www.yso.fi/onto/mero/m8298 as top concept of scheme http://www.yso.fi/onto/mero/
INFO: Marking loose concept http://www.yso.fi/onto/mero/m8302 as top concept of scheme http://www.yso.fi/onto/mero/
INFO: Marking loose concept http://www.yso.fi/onto/mero/m8311 as top concept of scheme http://www.yso.fi/onto/mero/
INFO: Marking loose concept http://www.yso.fi/onto/mero/m8313 as top concept of scheme http://www.yso.fi/onto/mero/
INFO: Marking loose concept http://www.yso.fi/onto/mero/m8314 as top concept of scheme http://www.yso.fi/onto/mero/
INFO: Marking loose concept http://www.yso.fi/onto/mero/m8317 as top concept of scheme http://www.yso.fi/onto/mero/
INFO: Marking loose concept http://www.yso.fi/onto/mero/m8318 as top concept of scheme http://www.yso.fi/onto/mero/
INFO: Marking loose concept http://www.yso.fi/onto/mero/m8319 as top concept of scheme http://www.yso.fi/onto/mero/
INFO: Marking loose concept http://www.yso.fi/onto/mero/m8321 as top concept of scheme http://www.yso.fi/onto/mero/
INFO: Marking loose concept http://www.yso.fi/onto/mero/m8322 as top concept of scheme http://www.yso.fi/onto/mero/
INFO: Marking loose concept http://www.yso.fi/onto/mero/m8332 as top concept of scheme http://www.yso.fi/onto/mero/
INFO: Marking loose concept http://www.yso.fi/onto/mero/m8333 as top concept of scheme http://www.yso.fi/onto/mero/
INFO: Marking loose concept http://www.yso.fi/onto/mero/m8336 as top concept of scheme http://www.yso.fi/onto/mero/
INFO: Marking loose concept http://www.yso.fi/onto/mero/m8356 as top concept of scheme http://www.yso.fi/onto/mero/
INFO: Marking loose concept http://www.yso.fi/onto/mero/m8357 as top concept of scheme http://www.yso.fi/onto/mero/
INFO: Marking loose concept http://www.yso.fi/onto/mero/m8374 as top concept of scheme http://www.yso.fi/onto/mero/
INFO: Marking loose concept http://www.yso.fi/onto/mero/m8390 as top concept of scheme http://www.yso.fi/onto/mero/
INFO: Marking loose concept http://www.yso.fi/onto/mero/m8413 as top concept of scheme http://www.yso.fi/onto/mero/
INFO: Marking loose concept http://www.yso.fi/onto/mero/m8419 as top concept of scheme http://www.yso.fi/onto/mero/
INFO: Marking loose concept http://www.yso.fi/onto/mero/m8486 as top concept of scheme http://www.yso.fi/onto/mero/
INFO: Marking loose concept http://www.yso.fi/onto/mero/m8507 as top concept of scheme http://www.yso.fi/onto/mero/
INFO: Marking loose concept http://www.yso.fi/onto/mero/m8532 as top concept of scheme http://www.yso.fi/onto/mero/
INFO: Marking loose concept http://www.yso.fi/onto/mero/m8536 as top concept of scheme http://www.yso.fi/onto/mero/
INFO: Marking loose concept http://www.yso.fi/onto/mero/m8578 as top concept of scheme http://www.yso.fi/onto/mero/
INFO: Marking loose concept http://www.yso.fi/onto/mero/m8609 as top concept of scheme http://www.yso.fi/onto/mero/
INFO: Marking loose concept http://www.yso.fi/onto/mero/m8651 as top concept of scheme http://www.yso.fi/onto/mero/
INFO: Marking loose concept http://www.yso.fi/onto/mero/m8659 as top concept of scheme http://www.yso.fi/onto/mero/
INFO: Marking loose concept http://www.yso.fi/onto/mero/m8677 as top concept of scheme http://www.yso.fi/onto/mero/
INFO: Marking loose concept http://www.yso.fi/onto/mero/m8681 as top concept of scheme http://www.yso.fi/onto/mero/
INFO: Marking loose concept http://www.yso.fi/onto/mero/m8684 as top concept of scheme http://www.yso.fi/onto/mero/
INFO: Marking loose concept http://www.yso.fi/onto/mero/m8687 as top concept of scheme http://www.yso.fi/onto/mero/
INFO: Marking loose concept http://www.yso.fi/onto/mero/m8688 as top concept of scheme http://www.yso.fi/onto/mero/
INFO: Marking loose concept http://www.yso.fi/onto/mero/m8714 as top concept of scheme http://www.yso.fi/onto/mero/
INFO: Marking loose concept http://www.yso.fi/onto/mero/m8736 as top concept of scheme http://www.yso.fi/onto/mero/
INFO: Marking loose concept http://www.yso.fi/onto/mero/m8793 as top concept of scheme http://www.yso.fi/onto/mero/
INFO: Marking loose concept http://www.yso.fi/onto/mero/m8805 as top concept of scheme http://www.yso.fi/onto/mero/
INFO: Marking loose concept http://www.yso.fi/onto/mero/m8847 as top concept of scheme http://www.yso.fi/onto/mero/
INFO: Marking loose concept http://www.yso.fi/onto/mero/m8851 as top concept of scheme http://www.yso.fi/onto/mero/
INFO: Marking loose concept http://www.yso.fi/onto/mero/m8873 as top concept of scheme http://www.yso.fi/onto/mero/
INFO: Marking loose concept http://www.yso.fi/onto/mero/m8888 as top concept of scheme http://www.yso.fi/onto/mero/
INFO: Marking loose concept http://www.yso.fi/onto/mero/m8892 as top concept of scheme http://www.yso.fi/onto/mero/
INFO: Marking loose concept http://www.yso.fi/onto/mero/m8932 as top concept of scheme http://www.yso.fi/onto/mero/
INFO: Marking loose concept http://www.yso.fi/onto/mero/m8945 as top concept of scheme http://www.yso.fi/onto/mero/
INFO: Marking loose concept http://www.yso.fi/onto/mero/m8950 as top concept of scheme http://www.yso.fi/onto/mero/
INFO: Marking loose concept http://www.yso.fi/onto/mero/m8953 as top concept of scheme http://www.yso.fi/onto/mero/
INFO: Marking loose concept http://www.yso.fi/onto/mero/m8962 as top concept of scheme http://www.yso.fi/onto/mero/
INFO: Marking loose concept http://www.yso.fi/onto/mero/m8969 as top concept of scheme http://www.yso.fi/onto/mero/
INFO: Marking loose concept http://www.yso.fi/onto/mero/m9002 as top concept of scheme http://www.yso.fi/onto/mero/
INFO: Marking loose concept http://www.yso.fi/onto/mero/m9049 as top concept of scheme http://www.yso.fi/onto/mero/
INFO: Marking loose concept http://www.yso.fi/onto/mero/m9060 as top concept of scheme http://www.yso.fi/onto/mero/
INFO: Marking loose concept http://www.yso.fi/onto/mero/m9073 as top concept of scheme http://www.yso.fi/onto/mero/
INFO: Marking loose concept http://www.yso.fi/onto/mero/m9075 as top concept of scheme http://www.yso.fi/onto/mero/
INFO: Marking loose concept http://www.yso.fi/onto/mero/m9079 as top concept of scheme http://www.yso.fi/onto/mero/
INFO: Marking loose concept http://www.yso.fi/onto/mero/m9080 as top concept of scheme http://www.yso.fi/onto/mero/
INFO: Marking loose concept http://www.yso.fi/onto/mero/m9081 as top concept of scheme http://www.yso.fi/onto/mero/
INFO: Marking loose concept http://www.yso.fi/onto/mero/m9084 as top concept of scheme http://www.yso.fi/onto/mero/
INFO: Marking loose concept http://www.yso.fi/onto/mero/m9088 as top concept of scheme http://www.yso.fi/onto/mero/
INFO: Marking loose concept http://www.yso.fi/onto/mero/m9092 as top concept of scheme http://www.yso.fi/onto/mero/
INFO: Marking loose concept http://www.yso.fi/onto/mero/m9094 as top concept of scheme http://www.yso.fi/onto/mero/
INFO: Marking loose concept http://www.yso.fi/onto/mero/m9095 as top concept of scheme http://www.yso.fi/onto/mero/
INFO: Marking loose concept http://www.yso.fi/onto/mero/m9116 as top concept of scheme http://www.yso.fi/onto/mero/
INFO: Marking loose concept http://www.yso.fi/onto/mero/m9169 as top concept of scheme http://www.yso.fi/onto/mero/
INFO: Marking loose concept http://www.yso.fi/onto/mero/m9233 as top concept of scheme http://www.yso.fi/onto/mero/
INFO: Marking loose concept http://www.yso.fi/onto/mero/m9279 as top concept of scheme http://www.yso.fi/onto/mero/
INFO: Marking loose concept http://www.yso.fi/onto/mero/m9287 as top concept of scheme http://www.yso.fi/onto/mero/
INFO: Marking loose concept http://www.yso.fi/onto/mero/m9366 as top concept of scheme http://www.yso.fi/onto/mero/
INFO: Marking loose concept http://www.yso.fi/onto/mero/m9381 as top concept of scheme http://www.yso.fi/onto/mero/
INFO: Marking loose concept http://www.yso.fi/onto/mero/m9386 as top concept of scheme http://www.yso.fi/onto/mero/
INFO: Marking loose concept http://www.yso.fi/onto/mero/m9387 as top concept of scheme http://www.yso.fi/onto/mero/
INFO: Marking loose concept http://www.yso.fi/onto/mero/m9388 as top concept of scheme http://www.yso.fi/onto/mero/
INFO: Marking loose concept http://www.yso.fi/onto/mero/m9389 as top concept of scheme http://www.yso.fi/onto/mero/
INFO: Marking loose concept http://www.yso.fi/onto/mero/m9390 as top concept of scheme http://www.yso.fi/onto/mero/
INFO: Marking loose concept http://www.yso.fi/onto/mero/m9401 as top concept of scheme http://www.yso.fi/onto/mero/
INFO: Marking loose concept http://www.yso.fi/onto/mero/m9432 as top concept of scheme http://www.yso.fi/onto/mero/
INFO: Marking loose concept http://www.yso.fi/onto/mero/m9527 as top concept of scheme http://www.yso.fi/onto/mero/
INFO: Marking loose concept http://www.yso.fi/onto/mero/m9558 as top concept of scheme http://www.yso.fi/onto/mero/
INFO: Marking loose concept http://www.yso.fi/onto/mero/m9584 as top concept of scheme http://www.yso.fi/onto/mero/
INFO: Marking loose concept http://www.yso.fi/onto/mero/m9593 as top concept of scheme http://www.yso.fi/onto/mero/
INFO: Marking loose concept http://www.yso.fi/onto/mero/m9596 as top concept of scheme http://www.yso.fi/onto/mero/
INFO: Marking loose concept http://www.yso.fi/onto/mero/m9600 as top concept of scheme http://www.yso.fi/onto/mero/
INFO: Marking loose concept http://www.yso.fi/onto/mero/m9602 as top concept of scheme http://www.yso.fi/onto/mero/
INFO: Marking loose concept http://www.yso.fi/onto/mero/m9604 as top concept of scheme http://www.yso.fi/onto/mero/
INFO: Marking loose concept http://www.yso.fi/onto/mero/m9606 as top concept of scheme http://www.yso.fi/onto/mero/
INFO: Marking loose concept http://www.yso.fi/onto/mero/m9611 as top concept of scheme http://www.yso.fi/onto/mero/
INFO: Marking loose concept http://www.yso.fi/onto/mero/m9617 as top concept of scheme http://www.yso.fi/onto/mero/
INFO: Some concepts not reached in initial cycle detection. Re-checking for loose concepts.
WARNING: Concepts http://www.yso.fi/onto/mero/m8068 and http://www.yso.fi/onto/mero/m8065 connected by both skos:broaderTransitive and skos:related, removing skos:related
WARNING: Concepts http://www.yso.fi/onto/mero/m8181 and http://www.yso.fi/onto/mero/m8177 connected by both skos:broaderTransitive and skos:related, removing skos:related
WARNING: Concepts http://www.yso.fi/onto/mero/m8236 and http://www.yso.fi/onto/mero/m8227 connected by both skos:broaderTransitive and skos:related, removing skos:related
WARNING: Concepts http://www.yso.fi/onto/mero/m8237 and http://www.yso.fi/onto/mero/m8227 connected by both skos:broaderTransitive and skos:related, removing skos:related
WARNING: Concepts http://www.yso.fi/onto/mero/m8240 and http://www.yso.fi/onto/mero/m8239 connected by both skos:broaderTransitive and skos:related, removing skos:related
WARNING: Concepts http://www.yso.fi/onto/mero/m8245 and http://www.yso.fi/onto/mero/m8244 connected by both skos:broaderTransitive and skos:related, removing skos:related
WARNING: Concepts http://www.yso.fi/onto/mero/m8260 and http://www.yso.fi/onto/mero/m8259 connected by both skos:broaderTransitive and skos:related, removing skos:related
WARNING: Concepts http://www.yso.fi/onto/mero/m8299 and http://www.yso.fi/onto/mero/m8298 connected by both skos:broaderTransitive and skos:related, removing skos:related
WARNING: Concepts http://www.yso.fi/onto/mero/m8367 and http://www.yso.fi/onto/mero/m8366 connected by both skos:broaderTransitive and skos:related, removing skos:related
WARNING: Concepts http://www.yso.fi/onto/mero/m8824 and http://www.yso.fi/onto/mero/m8822 connected by both skos:broaderTransitive and skos:related, removing skos:related
WARNING: Concepts http://www.yso.fi/onto/mero/m8825 and http://www.yso.fi/onto/mero/m8822 connected by both skos:broaderTransitive and skos:related, removing skos:related
WARNING: Concepts http://www.yso.fi/onto/mero/m8874 and http://www.yso.fi/onto/mero/m8873 connected by both skos:broaderTransitive and skos:related, removing skos:related
WARNING: Concepts http://www.yso.fi/onto/mero/m8875 and http://www.yso.fi/onto/mero/m8873 connected by both skos:broaderTransitive and skos:related, removing skos:related
WARNING: Concepts http://www.yso.fi/onto/mero/m8876 and http://www.yso.fi/onto/mero/m8873 connected by both skos:broaderTransitive and skos:related, removing skos:related
WARNING: Concepts http://www.yso.fi/onto/mero/m8877 and http://www.yso.fi/onto/mero/m8873 connected by both skos:broaderTransitive and skos:related, removing skos:related
WARNING: Concepts http://www.yso.fi/onto/mero/m8878 and http://www.yso.fi/onto/mero/m8873 connected by both skos:broaderTransitive and skos:related, removing skos:related
WARNING: Concepts http://www.yso.fi/onto/mero/m8879 and http://www.yso.fi/onto/mero/m8873 connected by both skos:broaderTransitive and skos:related, removing skos:related
WARNING: Concepts http://www.yso.fi/onto/mero/m8880 and http://www.yso.fi/onto/mero/m8873 connected by both skos:broaderTransitive and skos:related, removing skos:related
WARNING: Concepts http://www.yso.fi/onto/mero/m8881 and http://www.yso.fi/onto/mero/m8873 connected by both skos:broaderTransitive and skos:related, removing skos:related
WARNING: Concepts http://www.yso.fi/onto/mero/m8882 and http://www.yso.fi/onto/mero/m8873 connected by both skos:broaderTransitive and skos:related, removing skos:related
WARNING: Concepts http://www.yso.fi/onto/mero/m8883 and http://www.yso.fi/onto/mero/m8873 connected by both skos:broaderTransitive and skos:related, removing skos:related
WARNING: Concepts http://www.yso.fi/onto/mero/m8884 and http://www.yso.fi/onto/mero/m8873 connected by both skos:broaderTransitive and skos:related, removing skos:related
WARNING: Concepts http://www.yso.fi/onto/mero/m8916 and http://www.yso.fi/onto/mero/m8915 connected by both skos:broaderTransitive and skos:related, removing skos:related
WARNING: Concepts http://www.yso.fi/onto/mero/m8917 and http://www.yso.fi/onto/mero/m8915 connected by both skos:broaderTransitive and skos:related, removing skos:related
WARNING: Concepts http://www.yso.fi/onto/mero/m8923 and http://www.yso.fi/onto/mero/m8923 connected by both skos:broaderTransitive and skos:related, removing skos:related
WARNING: Concepts http://www.yso.fi/onto/mero/m8954 and http://www.yso.fi/onto/mero/m8953 connected by both skos:broaderTransitive and skos:related, removing skos:related
WARNING: Concepts http://www.yso.fi/onto/mero/m8956 and http://www.yso.fi/onto/mero/m8953 connected by both skos:broaderTransitive and skos:related, removing skos:related
WARNING: Concepts http://www.yso.fi/onto/mero/m8958 and http://www.yso.fi/onto/mero/m8953 connected by both skos:broaderTransitive and skos:related, removing skos:related
WARNING: Concepts http://www.yso.fi/onto/mero/m8961 and http://www.yso.fi/onto/mero/m8953 connected by both skos:broaderTransitive and skos:related, removing skos:related
WARNING: Concepts http://www.yso.fi/onto/mero/m8963 and http://www.yso.fi/onto/mero/m8962 connected by both skos:broaderTransitive and skos:related, removing skos:related
WARNING: Concepts http://www.yso.fi/onto/mero/m8965 and http://www.yso.fi/onto/mero/m8962 connected by both skos:broaderTransitive and skos:related, removing skos:related
WARNING: Concepts http://www.yso.fi/onto/mero/m8966 and http://www.yso.fi/onto/mero/m8962 connected by both skos:broaderTransitive and skos:related, removing skos:related
WARNING: Concepts http://www.yso.fi/onto/mero/m8970 and http://www.yso.fi/onto/mero/m8969 connected by both skos:broaderTransitive and skos:related, removing skos:related
WARNING: Concepts http://www.yso.fi/onto/mero/m8971 and http://www.yso.fi/onto/mero/m8969 connected by both skos:broaderTransitive and skos:related, removing skos:related
WARNING: Concepts http://www.yso.fi/onto/mero/m8976 and http://www.yso.fi/onto/mero/m8975 connected by both skos:broaderTransitive and skos:related, removing skos:related
WARNING: Concepts http://www.yso.fi/onto/mero/m8978 and http://www.yso.fi/onto/mero/m8975 connected by both skos:broaderTransitive and skos:related, removing skos:related
WARNING: Concepts http://www.yso.fi/onto/mero/m8979 and http://www.yso.fi/onto/mero/m8975 connected by both skos:broaderTransitive and skos:related, removing skos:related
WARNING: Concepts http://www.yso.fi/onto/mero/m9023 and http://www.yso.fi/onto/mero/m9024 connected by both skos:broaderTransitive and skos:related, removing skos:related
WARNING: Concepts http://www.yso.fi/onto/mero/m9025 and http://www.yso.fi/onto/mero/m9024 connected by both skos:broaderTransitive and skos:related, removing skos:related
WARNING: Concepts http://www.yso.fi/onto/mero/m9037 and http://www.yso.fi/onto/mero/m9032 connected by both skos:broaderTransitive and skos:related, removing skos:related
WARNING: Concepts http://www.yso.fi/onto/mero/m9038 and http://www.yso.fi/onto/mero/m9032 connected by both skos:broaderTransitive and skos:related, removing skos:related
WARNING: Concepts http://www.yso.fi/onto/mero/m9040 and http://www.yso.fi/onto/mero/m9039 connected by both skos:broaderTransitive and skos:related, removing skos:related
WARNING: Concepts http://www.yso.fi/onto/mero/m9045 and http://www.yso.fi/onto/mero/m9039 connected by both skos:broaderTransitive and skos:related, removing skos:related
WARNING: Concepts http://www.yso.fi/onto/mero/m9046 and http://www.yso.fi/onto/mero/m9039 connected by both skos:broaderTransitive and skos:related, removing skos:related
WARNING: Concepts http://www.yso.fi/onto/mero/m9047 and http://www.yso.fi/onto/mero/m9039 connected by both skos:broaderTransitive and skos:related, removing skos:related
WARNING: Concepts http://www.yso.fi/onto/mero/m9050 and http://www.yso.fi/onto/mero/m9049 connected by both skos:broaderTransitive and skos:related, removing skos:related
WARNING: Concepts http://www.yso.fi/onto/mero/m9051 and http://www.yso.fi/onto/mero/m9049 connected by both skos:broaderTransitive and skos:related, removing skos:related
WARNING: Concepts http://www.yso.fi/onto/mero/m9061 and http://www.yso.fi/onto/mero/m9049 connected by both skos:broaderTransitive and skos:related, removing skos:related
WARNING: Concepts http://www.yso.fi/onto/mero/m9063 and http://www.yso.fi/onto/mero/m9049 connected by both skos:broaderTransitive and skos:related, removing skos:related
WARNING: Concepts http://www.yso.fi/onto/mero/m9066 and http://www.yso.fi/onto/mero/m9049 connected by both skos:broaderTransitive and skos:related, removing skos:related
WARNING: Concepts http://www.yso.fi/onto/mero/m9068 and http://www.yso.fi/onto/mero/m9049 connected by both skos:broaderTransitive and skos:related, removing skos:related
WARNING: Concepts http://www.yso.fi/onto/mero/m9070 and http://www.yso.fi/onto/mero/m9068 connected by both skos:broaderTransitive and skos:related, removing skos:related
WARNING: Concepts http://www.yso.fi/onto/mero/m9071 and http://www.yso.fi/onto/mero/m9049 connected by both skos:broaderTransitive and skos:related, removing skos:related
WARNING: Concepts http://www.yso.fi/onto/mero/m9072 and http://www.yso.fi/onto/mero/m9049 connected by both skos:broaderTransitive and skos:related, removing skos:related
WARNING: Concepts http://www.yso.fi/onto/mero/m9162 and http://www.yso.fi/onto/mero/m9161 connected by both skos:broaderTransitive and skos:related, removing skos:related
WARNING: Concepts http://www.yso.fi/onto/mero/m9163 and http://www.yso.fi/onto/mero/m9161 connected by both skos:broaderTransitive and skos:related, removing skos:related
WARNING: Concepts http://www.yso.fi/onto/mero/m9187 and http://www.yso.fi/onto/mero/m9174 connected by both skos:broaderTransitive and skos:related, removing skos:related
WARNING: Concepts http://www.yso.fi/onto/mero/m9190 and http://www.yso.fi/onto/mero/m8975 connected by both skos:broaderTransitive and skos:related, removing skos:related
WARNING: Concepts http://www.yso.fi/onto/mero/m9312 and http://www.yso.fi/onto/mero/m8873 connected by both skos:broaderTransitive and skos:related, removing skos:related
WARNING: Concepts http://www.yso.fi/onto/mero/m9333 and http://www.yso.fi/onto/mero/m8953 connected by both skos:broaderTransitive and skos:related, removing skos:related
WARNING: Concepts http://www.yso.fi/onto/mero/m9367 and http://www.yso.fi/onto/mero/m9366 connected by both skos:broaderTransitive and skos:related, removing skos:related
WARNING: Concepts http://www.yso.fi/onto/mero/m9368 and http://www.yso.fi/onto/mero/m9366 connected by both skos:broaderTransitive and skos:related, removing skos:related
WARNING: Concepts http://www.yso.fi/onto/mero/m9369 and http://www.yso.fi/onto/mero/m9366 connected by both skos:broaderTransitive and skos:related, removing skos:related
WARNING: Concepts http://www.yso.fi/onto/mero/m9498 and http://www.yso.fi/onto/mero/m9485 connected by both skos:broaderTransitive and skos:related, removing skos:related
WARNING: Concepts http://www.yso.fi/onto/mero/m9614 and http://www.yso.fi/onto/mero/m9049 connected by both skos:broaderTransitive and skos:related, removing skos:related
WARNING: Redundant hierarchical relationship http://www.yso.fi/onto/mero/m8762 skos:broader http://www.yso.fi/onto/mero/m9593 found, but not eliminated because eliminate_redundancy is not set
WARNING: Redundant hierarchical relationship http://www.yso.fi/onto/mero/m7993 skos:broader http://www.yso.fi/onto/mero/m9609 found, but not eliminated because eliminate_redundancy is not set
WARNING: Redundant hierarchical relationship http://www.yso.fi/onto/mero/m7998 skos:broader http://www.yso.fi/onto/mero/m9609 found, but not eliminated because eliminate_redundancy is not set
WARNING: Redundant hierarchical relationship http://www.yso.fi/onto/mero/m7997 skos:broader http://www.yso.fi/onto/mero/m9609 found, but not eliminated because eliminate_redundancy is not set
WARNING: Redundant hierarchical relationship http://www.yso.fi/onto/mero/m9293 skos:broader http://www.yso.fi/onto/yso/p13769 found, but not eliminated because eliminate_redundancy is not set
WARNING: Redundant hierarchical relationship http://www.yso.fi/onto/mero/m9293 skos:broader http://www.yso.fi/onto/mero/m8659 found, but not eliminated because eliminate_redundancy is not set
WARNING: Redundant hierarchical relationship http://www.yso.fi/onto/mero/m9250 skos:broader http://www.yso.fi/onto/mero/m9594 found, but not eliminated because eliminate_redundancy is not set
WARNING: Redundant hierarchical relationship http://www.yso.fi/onto/mero/m9180 skos:broader http://www.yso.fi/onto/mero/m9598 found, but not eliminated because eliminate_redundancy is not set
WARNING: Redundant hierarchical relationship http://www.yso.fi/onto/mero/m9498 skos:broader http://www.yso.fi/onto/yso/p1179 found, but not eliminated because eliminate_redundancy is not set
WARNING: Redundant hierarchical relationship http://www.yso.fi/onto/mero/m9498 skos:broader http://www.yso.fi/onto/mero/m9593 found, but not eliminated because eliminate_redundancy is not set
WARNING: Redundant hierarchical relationship http://www.yso.fi/onto/mero/m8220 skos:broader http://www.yso.fi/onto/mero/m9594 found, but not eliminated because eliminate_redundancy is not set
WARNING: Redundant hierarchical relationship http://www.yso.fi/onto/mero/m9179 skos:broader http://www.yso.fi/onto/mero/m9598 found, but not eliminated because eliminate_redundancy is not set
WARNING: Redundant hierarchical relationship http://www.yso.fi/onto/mero/m8839 skos:broader http://www.yso.fi/onto/yso/p7349 found, but not eliminated because eliminate_redundancy is not set
WARNING: Redundant hierarchical relationship http://www.yso.fi/onto/mero/m8839 skos:broader http://www.yso.fi/onto/mero/m9600 found, but not eliminated because eliminate_redundancy is not set
WARNING: Redundant hierarchical relationship http://www.yso.fi/onto/mero/m9344 skos:broader http://www.yso.fi/onto/mero/m9335 found, but not eliminated because eliminate_redundancy is not set
WARNING: Redundant hierarchical relationship http://www.yso.fi/onto/mero/m8703 skos:broader http://www.yso.fi/onto/mero/m8659 found, but not eliminated because eliminate_redundancy is not set
WARNING: Redundant hierarchical relationship http://www.yso.fi/onto/mero/m8703 skos:broader http://www.yso.fi/onto/yso/p13769 found, but not eliminated because eliminate_redundancy is not set
WARNING: Redundant hierarchical relationship http://www.yso.fi/onto/mero/m9486 skos:broader http://www.yso.fi/onto/yso/p1179 found, but not eliminated because eliminate_redundancy is not set
WARNING: Redundant hierarchical relationship http://www.yso.fi/onto/mero/m9181 skos:broader http://www.yso.fi/onto/mero/m9598 found, but not eliminated because eliminate_redundancy is not set
WARNING: Redundant hierarchical relationship http://www.yso.fi/onto/mero/m8840 skos:broader http://www.yso.fi/onto/yso/p7349 found, but not eliminated because eliminate_redundancy is not set
WARNING: Redundant hierarchical relationship http://www.yso.fi/onto/mero/m9347 skos:broader http://www.yso.fi/onto/mero/m9335 found, but not eliminated because eliminate_redundancy is not set
WARNING: Redundant hierarchical relationship http://www.yso.fi/onto/mero/m9065 skos:broader http://www.yso.fi/onto/mero/m9063 found, but not eliminated because eliminate_redundancy is not set
WARNING: Redundant hierarchical relationship http://www.yso.fi/onto/mero/m8758 skos:broader http://www.yso.fi/onto/mero/m9593 found, but not eliminated because eliminate_redundancy is not set
WARNING: Redundant hierarchical relationship http://www.yso.fi/onto/mero/m8841 skos:broader http://www.yso.fi/onto/yso/p7349 found, but not eliminated because eliminate_redundancy is not set
WARNING: Redundant hierarchical relationship http://www.yso.fi/onto/mero/m9044 skos:broader http://www.yso.fi/onto/mero/m9040 found, but not eliminated because eliminate_redundancy is not set
WARNING: Redundant hierarchical relationship http://www.yso.fi/onto/mero/m8754 skos:broader http://www.yso.fi/onto/mero/m9593 found, but not eliminated because eliminate_redundancy is not set
WARNING: Redundant hierarchical relationship http://www.yso.fi/onto/mero/m8662 skos:broader http://www.yso.fi/onto/mero/m8659 found, but not eliminated because eliminate_redundancy is not set
WARNING: Redundant hierarchical relationship http://www.yso.fi/onto/mero/m8633 skos:broader http://www.yso.fi/onto/mero/m8609 found, but not eliminated because eliminate_redundancy is not set
WARNING: Redundant hierarchical relationship http://www.yso.fi/onto/mero/m8838 skos:broader http://www.yso.fi/onto/mero/m9600 found, but not eliminated because eliminate_redundancy is not set
WARNING: Redundant hierarchical relationship http://www.yso.fi/onto/mero/m8838 skos:broader http://www.yso.fi/onto/yso/p7349 found, but not eliminated because eliminate_redundancy is not set
WARNING: Redundant hierarchical relationship http://www.yso.fi/onto/mero/m8306 skos:broader http://www.yso.fi/onto/yso/p2536 found, but not eliminated because eliminate_redundancy is not set
WARNING: Resource http://www.yso.fi/onto/mero/m9494 has more than one prefLabel@fi: choosing talousesimiehet (policy: shortest)
WARNING: Resource http://www.yso.fi/onto/mero/m9486 has 'henkilöstöpurserit'@fi as both prefLabel and altLabel; removing altLabel
