INFO: Don't know what to do with literal http://purl.org/dc/terms/created
INFO: Don't know what to do with literal http://purl.org/dc/terms/modified
WARNING: Concept scheme has no label(s). Use --label option to set the concept scheme label.
INFO: Marking loose concept http://www.yso.fi/onto/seko/p75417 as top concept of scheme http://www.yso.fi/onto/seko/
INFO: Marking loose concept http://www.yso.fi/onto/seko/p75533 as top concept of scheme http://www.yso.fi/onto/seko/
INFO: Marking loose concept http://www.yso.fi/onto/seko/p75754 as top concept of scheme http://www.yso.fi/onto/seko/
INFO: Marking loose concept http://www.yso.fi/onto/seko/p75760 as top concept of scheme http://www.yso.fi/onto/seko/
INFO: Marking loose concept http://www.yso.fi/onto/seko/p75769 as top concept of scheme http://www.yso.fi/onto/seko/
INFO: Marking loose concept http://www.yso.fi/onto/seko/p75802 as top concept of scheme http://www.yso.fi/onto/seko/
INFO: Marking loose concept http://www.yso.fi/onto/seko/p76151 as top concept of scheme http://www.yso.fi/onto/seko/
INFO: Marking loose concept http://www.yso.fi/onto/seko/p76272 as top concept of scheme http://www.yso.fi/onto/seko/
INFO: Marking loose concept http://www.yso.fi/onto/seko/p76314 as top concept of scheme http://www.yso.fi/onto/seko/
WARNING: Redundant hierarchical relationship http://www.yso.fi/onto/seko/p75553 skos:broader http://www.yso.fi/onto/seko/p75591 found, but not eliminated because eliminate_redundancy is not set
WARNING: Resource http://www.yso.fi/onto/seko/p75217 has 'bassosinkki'@fi as both prefLabel and altLabel; removing altLabel
WARNING: Resource http://www.yso.fi/onto/seko/p75409 has 'ektara'@fi as both prefLabel and altLabel; removing altLabel
WARNING: Resource http://www.yso.fi/onto/seko/p75535 has 'jousiklaveri'@fi as both prefLabel and altLabel; removing altLabel
WARNING: Resource http://www.yso.fi/onto/seko/p76231 has 'tuohi'@fi as both prefLabel and altLabel; removing altLabel
WARNING: Resource http://www.yso.fi/onto/seko/p75177 has 'banam'@fi as both prefLabel and hiddenLabel; removing hiddenLabel
WARNING: Resource http://www.yso.fi/onto/seko/p75180 has 'bandoneon'@fi as both prefLabel and hiddenLabel; removing hiddenLabel
WARNING: Resource http://www.yso.fi/onto/seko/p75276 has 'carillon'@fi as both prefLabel and hiddenLabel; removing hiddenLabel
WARNING: Resource http://www.yso.fi/onto/seko/p75409 has 'ektara'@fi as both prefLabel and hiddenLabel; removing hiddenLabel
WARNING: Resource http://www.yso.fi/onto/seko/p75458 has 'gender'@fi as both prefLabel and hiddenLabel; removing hiddenLabel
WARNING: Resource http://www.yso.fi/onto/seko/p75472 has 'guan'@fi as both prefLabel and hiddenLabel; removing hiddenLabel
WARNING: Resource http://www.yso.fi/onto/seko/p75478 has 'guiro'@fi as both prefLabel and hiddenLabel; removing hiddenLabel
WARNING: Resource http://www.yso.fi/onto/seko/p75996 has 'saz'@fi as both prefLabel and hiddenLabel; removing hiddenLabel
WARNING: Resource http://www.yso.fi/onto/seko/p76022 has 'sihu'@fi as both prefLabel and hiddenLabel; removing hiddenLabel
WARNING: Resource http://www.yso.fi/onto/seko/p76273 has 'vina'@fi as both prefLabel and hiddenLabel; removing hiddenLabel
WARNING: Resource http://www.yso.fi/onto/seko/p75145 has 'argul'@fi as both altLabel and hiddenLabel; removing hiddenLabel
WARNING: Resource http://www.yso.fi/onto/seko/p75225 has 'beresta'@fi as both altLabel and hiddenLabel; removing hiddenLabel
WARNING: Resource http://www.yso.fi/onto/seko/p75317 has 'timbula'@fi as both altLabel and hiddenLabel; removing hiddenLabel
WARNING: Resource http://www.yso.fi/onto/seko/p75347 has 'cumbus'@fi as both altLabel and hiddenLabel; removing hiddenLabel
WARNING: Resource http://www.yso.fi/onto/seko/p75409 has 'ektar'@fi as both altLabel and hiddenLabel; removing hiddenLabel
WARNING: Resource http://www.yso.fi/onto/seko/p75463 has 'giga'@fi as both altLabel and hiddenLabel; removing hiddenLabel
WARNING: Resource http://www.yso.fi/onto/seko/p75508 has 'flute'@fi as both altLabel and hiddenLabel; removing hiddenLabel
WARNING: Resource http://www.yso.fi/onto/seko/p75562 has 'qanun'@fi as both altLabel and hiddenLabel; removing hiddenLabel
WARNING: Resource http://www.yso.fi/onto/seko/p75591 has 'kendra'@fi as both altLabel and hiddenLabel; removing hiddenLabel
WARNING: Resource http://www.yso.fi/onto/seko/p75614 has 'kum'@fi as both altLabel and hiddenLabel; removing hiddenLabel
WARNING: Resource http://www.yso.fi/onto/seko/p75725 has 'madal'@fi as both altLabel and hiddenLabel; removing hiddenLabel
WARNING: Resource http://www.yso.fi/onto/seko/p75887 has 'organo positivo'@fi as both altLabel and hiddenLabel; removing hiddenLabel
WARNING: Resource http://www.yso.fi/onto/seko/p75985 has 'sarinda'@fi as both altLabel and hiddenLabel; removing hiddenLabel
