INFO: Don't know what to do with literal http://www.yso.fi/onto/liito-meta/muuMerkitys
INFO: Don't know what to do with literal http://www.yso.fi/onto/liito-meta/linja
WARNING: Stripping whitespace from label of http://www.yso.fi/onto/liito/p12084: 'Jobs and Society '
WARNING: Stripping whitespace from label of http://www.yso.fi/onto/liito/p12084: 'NyföretagarCentrum '
WARNING: Stripping whitespace from label of http://www.yso.fi/onto/liito/p12902: 'Employment and Economic Development Office '
WARNING: Removing concept relation related -> http://www.yso.fi/onto/yso/p19079 from collection http://www.yso.fi/onto/yso/p3749
WARNING: Removing concept relation related <- http://www.yso.fi/onto/yso/p19079 from collection http://www.yso.fi/onto/yso/p3749
WARNING: Unlabeled concept scheme created. Use --label option to set the concept scheme label.
WARNING: Unlabeled concept scheme created. Use --label option to set the concept scheme label.
INFO: Marking loose concept http://www.yso.fi/onto/liito/p99999 as top concept of scheme http://www.yso.fi/onto/liito/
INFO: Marking loose concept http://www.yso.fi/onto/yso/p4205 as top concept of scheme http://www.yso.fi/onto/liito/
INFO: Marking loose concept http://www.yso.fi/onto/yso/Suomenlinna_kooste as top concept of scheme http://www.yso.fi/onto/liito/aggregateconceptscheme
INFO: Marking loose concept http://www.yso.fi/onto/yso/aanenvoimakkuus_kooste as top concept of scheme http://www.yso.fi/onto/liito/aggregateconceptscheme
INFO: Marking loose concept http://www.yso.fi/onto/yso/ainemaara_kooste as top concept of scheme http://www.yso.fi/onto/liito/aggregateconceptscheme
INFO: Marking loose concept http://www.yso.fi/onto/yso/aura_kooste as top concept of scheme http://www.yso.fi/onto/liito/aggregateconceptscheme
INFO: Marking loose concept http://www.yso.fi/onto/yso/elavan_mallin_maalaus_kooste as top concept of scheme http://www.yso.fi/onto/liito/aggregateconceptscheme
INFO: Marking loose concept http://www.yso.fi/onto/yso/elavan_mallin_piirustus_kooste as top concept of scheme http://www.yso.fi/onto/liito/aggregateconceptscheme
INFO: Marking loose concept http://www.yso.fi/onto/yso/esiteollinen_yhteiskunta_kooste as top concept of scheme http://www.yso.fi/onto/liito/aggregateconceptscheme
INFO: Marking loose concept http://www.yso.fi/onto/yso/hallinnollinen_piiri_kooste as top concept of scheme http://www.yso.fi/onto/liito/aggregateconceptscheme
INFO: Marking loose concept http://www.yso.fi/onto/yso/henkilokohtainen_hygienia_kooste as top concept of scheme http://www.yso.fi/onto/liito/aggregateconceptscheme
INFO: Marking loose concept http://www.yso.fi/onto/yso/hyotysuhde_kooste as top concept of scheme http://www.yso.fi/onto/liito/aggregateconceptscheme
INFO: Marking loose concept http://www.yso.fi/onto/yso/jalkiteollinen_yhteiskunta_kooste as top concept of scheme http://www.yso.fi/onto/liito/aggregateconceptscheme
INFO: Marking loose concept http://www.yso.fi/onto/yso/jannite_kooste as top concept of scheme http://www.yso.fi/onto/liito/aggregateconceptscheme
INFO: Marking loose concept http://www.yso.fi/onto/yso/julkiset_osakeyhtiot_kooste as top concept of scheme http://www.yso.fi/onto/liito/aggregateconceptscheme
INFO: Marking loose concept http://www.yso.fi/onto/yso/kaavat_kooste as top concept of scheme http://www.yso.fi/onto/liito/aggregateconceptscheme
INFO: Marking loose concept http://www.yso.fi/onto/yso/kasityot_kooste as top concept of scheme http://www.yso.fi/onto/liito/aggregateconceptscheme
INFO: Marking loose concept http://www.yso.fi/onto/yso/kasvullinen_lisays_kooste as top concept of scheme http://www.yso.fi/onto/liito/aggregateconceptscheme
INFO: Marking loose concept http://www.yso.fi/onto/yso/kemiallinen_analyysi_kooste as top concept of scheme http://www.yso.fi/onto/liito/aggregateconceptscheme
INFO: Marking loose concept http://www.yso.fi/onto/yso/kertomukset_kooste as top concept of scheme http://www.yso.fi/onto/liito/aggregateconceptscheme
INFO: Marking loose concept http://www.yso.fi/onto/yso/kilvet_kooste as top concept of scheme http://www.yso.fi/onto/liito/aggregateconceptscheme
INFO: Marking loose concept http://www.yso.fi/onto/yso/korit_kooste as top concept of scheme http://www.yso.fi/onto/liito/aggregateconceptscheme
INFO: Marking loose concept http://www.yso.fi/onto/yso/kotelot_kooste as top concept of scheme http://www.yso.fi/onto/liito/aggregateconceptscheme
INFO: Marking loose concept http://www.yso.fi/onto/yso/kristallilasi_kooste as top concept of scheme http://www.yso.fi/onto/liito/aggregateconceptscheme
INFO: Marking loose concept http://www.yso.fi/onto/yso/kuori_kooste as top concept of scheme http://www.yso.fi/onto/liito/aggregateconceptscheme
INFO: Marking loose concept http://www.yso.fi/onto/yso/lainat_kooste as top concept of scheme http://www.yso.fi/onto/liito/aggregateconceptscheme
INFO: Marking loose concept http://www.yso.fi/onto/yso/lampokapasiteetti_kooste as top concept of scheme http://www.yso.fi/onto/liito/aggregateconceptscheme
INFO: Marking loose concept http://www.yso.fi/onto/yso/lampotila_kooste as top concept of scheme http://www.yso.fi/onto/liito/aggregateconceptscheme
INFO: Marking loose concept http://www.yso.fi/onto/yso/liittymat_kooste as top concept of scheme http://www.yso.fi/onto/liito/aggregateconceptscheme
INFO: Marking loose concept http://www.yso.fi/onto/yso/lingua_franca_kooste as top concept of scheme http://www.yso.fi/onto/liito/aggregateconceptscheme
INFO: Marking loose concept http://www.yso.fi/onto/yso/lämpötalous_kooste as top concept of scheme http://www.yso.fi/onto/liito/aggregateconceptscheme
INFO: Marking loose concept http://www.yso.fi/onto/yso/maito_kooste as top concept of scheme http://www.yso.fi/onto/liito/aggregateconceptscheme
INFO: Marking loose concept http://www.yso.fi/onto/yso/massa_kooste as top concept of scheme http://www.yso.fi/onto/liito/aggregateconceptscheme
INFO: Marking loose concept http://www.yso.fi/onto/yso/mediataide_kooste as top concept of scheme http://www.yso.fi/onto/liito/aggregateconceptscheme
INFO: Marking loose concept http://www.yso.fi/onto/yso/moolimassa_kooste as top concept of scheme http://www.yso.fi/onto/liito/aggregateconceptscheme
INFO: Marking loose concept http://www.yso.fi/onto/yso/musiikki_kooste as top concept of scheme http://www.yso.fi/onto/liito/aggregateconceptscheme
INFO: Marking loose concept http://www.yso.fi/onto/yso/nopeus_kooste as top concept of scheme http://www.yso.fi/onto/liito/aggregateconceptscheme
INFO: Marking loose concept http://www.yso.fi/onto/yso/ontologia_kooste as top concept of scheme http://www.yso.fi/onto/liito/aggregateconceptscheme
INFO: Marking loose concept http://www.yso.fi/onto/yso/p10037 as top concept of scheme http://www.yso.fi/onto/liito/aggregateconceptscheme
INFO: Marking loose concept http://www.yso.fi/onto/yso/p10146 as top concept of scheme http://www.yso.fi/onto/liito/aggregateconceptscheme
INFO: Marking loose concept http://www.yso.fi/onto/yso/p10208 as top concept of scheme http://www.yso.fi/onto/liito/aggregateconceptscheme
INFO: Marking loose concept http://www.yso.fi/onto/yso/p10314 as top concept of scheme http://www.yso.fi/onto/liito/aggregateconceptscheme
INFO: Marking loose concept http://www.yso.fi/onto/yso/p10356 as top concept of scheme http://www.yso.fi/onto/liito/aggregateconceptscheme
INFO: Marking loose concept http://www.yso.fi/onto/yso/p10597 as top concept of scheme http://www.yso.fi/onto/liito/aggregateconceptscheme
INFO: Marking loose concept http://www.yso.fi/onto/yso/p10667 as top concept of scheme http://www.yso.fi/onto/liito/aggregateconceptscheme
INFO: Marking loose concept http://www.yso.fi/onto/yso/p10707 as top concept of scheme http://www.yso.fi/onto/liito/aggregateconceptscheme
INFO: Marking loose concept http://www.yso.fi/onto/yso/p10756 as top concept of scheme http://www.yso.fi/onto/liito/aggregateconceptscheme
INFO: Marking loose concept http://www.yso.fi/onto/yso/p11081 as top concept of scheme http://www.yso.fi/onto/liito/aggregateconceptscheme
INFO: Marking loose concept http://www.yso.fi/onto/yso/p11125 as top concept of scheme http://www.yso.fi/onto/liito/aggregateconceptscheme
INFO: Marking loose concept http://www.yso.fi/onto/yso/p11620 as top concept of scheme http://www.yso.fi/onto/liito/aggregateconceptscheme
INFO: Marking loose concept http://www.yso.fi/onto/yso/p11658 as top concept of scheme http://www.yso.fi/onto/liito/aggregateconceptscheme
INFO: Marking loose concept http://www.yso.fi/onto/yso/p11665 as top concept of scheme http://www.yso.fi/onto/liito/aggregateconceptscheme
INFO: Marking loose concept http://www.yso.fi/onto/yso/p11783 as top concept of scheme http://www.yso.fi/onto/liito/aggregateconceptscheme
INFO: Marking loose concept http://www.yso.fi/onto/yso/p11865 as top concept of scheme http://www.yso.fi/onto/liito/aggregateconceptscheme
INFO: Marking loose concept http://www.yso.fi/onto/yso/p11922 as top concept of scheme http://www.yso.fi/onto/liito/aggregateconceptscheme
INFO: Marking loose concept http://www.yso.fi/onto/yso/p12008 as top concept of scheme http://www.yso.fi/onto/liito/aggregateconceptscheme
INFO: Marking loose concept http://www.yso.fi/onto/yso/p12135 as top concept of scheme http://www.yso.fi/onto/liito/aggregateconceptscheme
INFO: Marking loose concept http://www.yso.fi/onto/yso/p12137 as top concept of scheme http://www.yso.fi/onto/liito/aggregateconceptscheme
INFO: Marking loose concept http://www.yso.fi/onto/yso/p12262 as top concept of scheme http://www.yso.fi/onto/liito/aggregateconceptscheme
INFO: Marking loose concept http://www.yso.fi/onto/yso/p12327 as top concept of scheme http://www.yso.fi/onto/liito/aggregateconceptscheme
INFO: Marking loose concept http://www.yso.fi/onto/yso/p12363 as top concept of scheme http://www.yso.fi/onto/liito/aggregateconceptscheme
INFO: Marking loose concept http://www.yso.fi/onto/yso/p12421 as top concept of scheme http://www.yso.fi/onto/liito/aggregateconceptscheme
INFO: Marking loose concept http://www.yso.fi/onto/yso/p12479 as top concept of scheme http://www.yso.fi/onto/liito/aggregateconceptscheme
INFO: Marking loose concept http://www.yso.fi/onto/yso/p12495 as top concept of scheme http://www.yso.fi/onto/liito/aggregateconceptscheme
INFO: Marking loose concept http://www.yso.fi/onto/yso/p12527 as top concept of scheme http://www.yso.fi/onto/liito/aggregateconceptscheme
INFO: Marking loose concept http://www.yso.fi/onto/yso/p12553 as top concept of scheme http://www.yso.fi/onto/liito/aggregateconceptscheme
INFO: Marking loose concept http://www.yso.fi/onto/yso/p12601 as top concept of scheme http://www.yso.fi/onto/liito/aggregateconceptscheme
INFO: Marking loose concept http://www.yso.fi/onto/yso/p12759 as top concept of scheme http://www.yso.fi/onto/liito/aggregateconceptscheme
INFO: Marking loose concept http://www.yso.fi/onto/yso/p12792 as top concept of scheme http://www.yso.fi/onto/liito/aggregateconceptscheme
INFO: Marking loose concept http://www.yso.fi/onto/yso/p12822 as top concept of scheme http://www.yso.fi/onto/liito/aggregateconceptscheme
INFO: Marking loose concept http://www.yso.fi/onto/yso/p12845 as top concept of scheme http://www.yso.fi/onto/liito/aggregateconceptscheme
INFO: Marking loose concept http://www.yso.fi/onto/yso/p12912 as top concept of scheme http://www.yso.fi/onto/liito/aggregateconceptscheme
INFO: Marking loose concept http://www.yso.fi/onto/yso/p12972 as top concept of scheme http://www.yso.fi/onto/liito/aggregateconceptscheme
INFO: Marking loose concept http://www.yso.fi/onto/yso/p12997 as top concept of scheme http://www.yso.fi/onto/liito/aggregateconceptscheme
INFO: Marking loose concept http://www.yso.fi/onto/yso/p13081 as top concept of scheme http://www.yso.fi/onto/liito/aggregateconceptscheme
INFO: Marking loose concept http://www.yso.fi/onto/yso/p13138 as top concept of scheme http://www.yso.fi/onto/liito/aggregateconceptscheme
INFO: Marking loose concept http://www.yso.fi/onto/yso/p13173 as top concept of scheme http://www.yso.fi/onto/liito/aggregateconceptscheme
INFO: Marking loose concept http://www.yso.fi/onto/yso/p13239 as top concept of scheme http://www.yso.fi/onto/liito/aggregateconceptscheme
INFO: Marking loose concept http://www.yso.fi/onto/yso/p13251 as top concept of scheme http://www.yso.fi/onto/liito/aggregateconceptscheme
INFO: Marking loose concept http://www.yso.fi/onto/yso/p13254 as top concept of scheme http://www.yso.fi/onto/liito/aggregateconceptscheme
INFO: Marking loose concept http://www.yso.fi/onto/yso/p13267 as top concept of scheme http://www.yso.fi/onto/liito/aggregateconceptscheme
INFO: Marking loose concept http://www.yso.fi/onto/yso/p13424 as top concept of scheme http://www.yso.fi/onto/liito/aggregateconceptscheme
INFO: Marking loose concept http://www.yso.fi/onto/yso/p13446 as top concept of scheme http://www.yso.fi/onto/liito/aggregateconceptscheme
INFO: Marking loose concept http://www.yso.fi/onto/yso/p13521 as top concept of scheme http://www.yso.fi/onto/liito/aggregateconceptscheme
INFO: Marking loose concept http://www.yso.fi/onto/yso/p13530 as top concept of scheme http://www.yso.fi/onto/liito/aggregateconceptscheme
INFO: Marking loose concept http://www.yso.fi/onto/yso/p13545 as top concept of scheme http://www.yso.fi/onto/liito/aggregateconceptscheme
INFO: Marking loose concept http://www.yso.fi/onto/yso/p13576 as top concept of scheme http://www.yso.fi/onto/liito/aggregateconceptscheme
INFO: Marking loose concept http://www.yso.fi/onto/yso/p13585 as top concept of scheme http://www.yso.fi/onto/liito/aggregateconceptscheme
INFO: Marking loose concept http://www.yso.fi/onto/yso/p13586 as top concept of scheme http://www.yso.fi/onto/liito/aggregateconceptscheme
INFO: Marking loose concept http://www.yso.fi/onto/yso/p13598 as top concept of scheme http://www.yso.fi/onto/liito/aggregateconceptscheme
INFO: Marking loose concept http://www.yso.fi/onto/yso/p13709 as top concept of scheme http://www.yso.fi/onto/liito/aggregateconceptscheme
INFO: Marking loose concept http://www.yso.fi/onto/yso/p13713 as top concept of scheme http://www.yso.fi/onto/liito/aggregateconceptscheme
INFO: Marking loose concept http://www.yso.fi/onto/yso/p13782 as top concept of scheme http://www.yso.fi/onto/liito/aggregateconceptscheme
INFO: Marking loose concept http://www.yso.fi/onto/yso/p13906 as top concept of scheme http://www.yso.fi/onto/liito/aggregateconceptscheme
INFO: Marking loose concept http://www.yso.fi/onto/yso/p13959 as top concept of scheme http://www.yso.fi/onto/liito/aggregateconceptscheme
INFO: Marking loose concept http://www.yso.fi/onto/yso/p14001 as top concept of scheme http://www.yso.fi/onto/liito/aggregateconceptscheme
INFO: Marking loose concept http://www.yso.fi/onto/yso/p14063 as top concept of scheme http://www.yso.fi/onto/liito/aggregateconceptscheme
INFO: Marking loose concept http://www.yso.fi/onto/yso/p14257 as top concept of scheme http://www.yso.fi/onto/liito/aggregateconceptscheme
INFO: Marking loose concept http://www.yso.fi/onto/yso/p14267 as top concept of scheme http://www.yso.fi/onto/liito/aggregateconceptscheme
INFO: Marking loose concept http://www.yso.fi/onto/yso/p14445 as top concept of scheme http://www.yso.fi/onto/liito/aggregateconceptscheme
INFO: Marking loose concept http://www.yso.fi/onto/yso/p14472 as top concept of scheme http://www.yso.fi/onto/liito/aggregateconceptscheme
INFO: Marking loose concept http://www.yso.fi/onto/yso/p14515 as top concept of scheme http://www.yso.fi/onto/liito/aggregateconceptscheme
INFO: Marking loose concept http://www.yso.fi/onto/yso/p1455 as top concept of scheme http://www.yso.fi/onto/liito/aggregateconceptscheme
INFO: Marking loose concept http://www.yso.fi/onto/yso/p14554 as top concept of scheme http://www.yso.fi/onto/liito/aggregateconceptscheme
INFO: Marking loose concept http://www.yso.fi/onto/yso/p14583 as top concept of scheme http://www.yso.fi/onto/liito/aggregateconceptscheme
INFO: Marking loose concept http://www.yso.fi/onto/yso/p14645 as top concept of scheme http://www.yso.fi/onto/liito/aggregateconceptscheme
INFO: Marking loose concept http://www.yso.fi/onto/yso/p14672 as top concept of scheme http://www.yso.fi/onto/liito/aggregateconceptscheme
INFO: Marking loose concept http://www.yso.fi/onto/yso/p14773 as top concept of scheme http://www.yso.fi/onto/liito/aggregateconceptscheme
INFO: Marking loose concept http://www.yso.fi/onto/yso/p14852 as top concept of scheme http://www.yso.fi/onto/liito/aggregateconceptscheme
INFO: Marking loose concept http://www.yso.fi/onto/yso/p14956 as top concept of scheme http://www.yso.fi/onto/liito/aggregateconceptscheme
INFO: Marking loose concept http://www.yso.fi/onto/yso/p15021 as top concept of scheme http://www.yso.fi/onto/liito/aggregateconceptscheme
INFO: Marking loose concept http://www.yso.fi/onto/yso/p15032 as top concept of scheme http://www.yso.fi/onto/liito/aggregateconceptscheme
INFO: Marking loose concept http://www.yso.fi/onto/yso/p15142 as top concept of scheme http://www.yso.fi/onto/liito/aggregateconceptscheme
INFO: Marking loose concept http://www.yso.fi/onto/yso/p15299 as top concept of scheme http://www.yso.fi/onto/liito/aggregateconceptscheme
INFO: Marking loose concept http://www.yso.fi/onto/yso/p15317 as top concept of scheme http://www.yso.fi/onto/liito/aggregateconceptscheme
INFO: Marking loose concept http://www.yso.fi/onto/yso/p15321 as top concept of scheme http://www.yso.fi/onto/liito/aggregateconceptscheme
INFO: Marking loose concept http://www.yso.fi/onto/yso/p15516 as top concept of scheme http://www.yso.fi/onto/liito/aggregateconceptscheme
INFO: Marking loose concept http://www.yso.fi/onto/yso/p15577 as top concept of scheme http://www.yso.fi/onto/liito/aggregateconceptscheme
INFO: Marking loose concept http://www.yso.fi/onto/yso/p15606 as top concept of scheme http://www.yso.fi/onto/liito/aggregateconceptscheme
INFO: Marking loose concept http://www.yso.fi/onto/yso/p15611 as top concept of scheme http://www.yso.fi/onto/liito/aggregateconceptscheme
INFO: Marking loose concept http://www.yso.fi/onto/yso/p15648 as top concept of scheme http://www.yso.fi/onto/liito/aggregateconceptscheme
INFO: Marking loose concept http://www.yso.fi/onto/yso/p15733 as top concept of scheme http://www.yso.fi/onto/liito/aggregateconceptscheme
INFO: Marking loose concept http://www.yso.fi/onto/yso/p15758 as top concept of scheme http://www.yso.fi/onto/liito/aggregateconceptscheme
INFO: Marking loose concept http://www.yso.fi/onto/yso/p15885 as top concept of scheme http://www.yso.fi/onto/liito/aggregateconceptscheme
INFO: Marking loose concept http://www.yso.fi/onto/yso/p15934 as top concept of scheme http://www.yso.fi/onto/liito/aggregateconceptscheme
INFO: Marking loose concept http://www.yso.fi/onto/yso/p15942 as top concept of scheme http://www.yso.fi/onto/liito/aggregateconceptscheme
INFO: Marking loose concept http://www.yso.fi/onto/yso/p16002 as top concept of scheme http://www.yso.fi/onto/liito/aggregateconceptscheme
INFO: Marking loose concept http://www.yso.fi/onto/yso/p16023 as top concept of scheme http://www.yso.fi/onto/liito/aggregateconceptscheme
INFO: Marking loose concept http://www.yso.fi/onto/yso/p16084 as top concept of scheme http://www.yso.fi/onto/liito/aggregateconceptscheme
INFO: Marking loose concept http://www.yso.fi/onto/yso/p16189 as top concept of scheme http://www.yso.fi/onto/liito/aggregateconceptscheme
INFO: Marking loose concept http://www.yso.fi/onto/yso/p16242 as top concept of scheme http://www.yso.fi/onto/liito/aggregateconceptscheme
INFO: Marking loose concept http://www.yso.fi/onto/yso/p16370 as top concept of scheme http://www.yso.fi/onto/liito/aggregateconceptscheme
INFO: Marking loose concept http://www.yso.fi/onto/yso/p16375 as top concept of scheme http://www.yso.fi/onto/liito/aggregateconceptscheme
INFO: Marking loose concept http://www.yso.fi/onto/yso/p16434 as top concept of scheme http://www.yso.fi/onto/liito/aggregateconceptscheme
INFO: Marking loose concept http://www.yso.fi/onto/yso/p16492 as top concept of scheme http://www.yso.fi/onto/liito/aggregateconceptscheme
INFO: Marking loose concept http://www.yso.fi/onto/yso/p16503 as top concept of scheme http://www.yso.fi/onto/liito/aggregateconceptscheme
INFO: Marking loose concept http://www.yso.fi/onto/yso/p16520 as top concept of scheme http://www.yso.fi/onto/liito/aggregateconceptscheme
INFO: Marking loose concept http://www.yso.fi/onto/yso/p16525 as top concept of scheme http://www.yso.fi/onto/liito/aggregateconceptscheme
INFO: Marking loose concept http://www.yso.fi/onto/yso/p16559 as top concept of scheme http://www.yso.fi/onto/liito/aggregateconceptscheme
INFO: Marking loose concept http://www.yso.fi/onto/yso/p16580 as top concept of scheme http://www.yso.fi/onto/liito/aggregateconceptscheme
INFO: Marking loose concept http://www.yso.fi/onto/yso/p16591 as top concept of scheme http://www.yso.fi/onto/liito/aggregateconceptscheme
INFO: Marking loose concept http://www.yso.fi/onto/yso/p16607 as top concept of scheme http://www.yso.fi/onto/liito/aggregateconceptscheme
INFO: Marking loose concept http://www.yso.fi/onto/yso/p16632 as top concept of scheme http://www.yso.fi/onto/liito/aggregateconceptscheme
INFO: Marking loose concept http://www.yso.fi/onto/yso/p16651 as top concept of scheme http://www.yso.fi/onto/liito/aggregateconceptscheme
INFO: Marking loose concept http://www.yso.fi/onto/yso/p16653 as top concept of scheme http://www.yso.fi/onto/liito/aggregateconceptscheme
INFO: Marking loose concept http://www.yso.fi/onto/yso/p16714 as top concept of scheme http://www.yso.fi/onto/liito/aggregateconceptscheme
INFO: Marking loose concept http://www.yso.fi/onto/yso/p16727 as top concept of scheme http://www.yso.fi/onto/liito/aggregateconceptscheme
INFO: Marking loose concept http://www.yso.fi/onto/yso/p16745 as top concept of scheme http://www.yso.fi/onto/liito/aggregateconceptscheme
INFO: Marking loose concept http://www.yso.fi/onto/yso/p1682 as top concept of scheme http://www.yso.fi/onto/liito/aggregateconceptscheme
INFO: Marking loose concept http://www.yso.fi/onto/yso/p16825 as top concept of scheme http://www.yso.fi/onto/liito/aggregateconceptscheme
INFO: Marking loose concept http://www.yso.fi/onto/yso/p16877 as top concept of scheme http://www.yso.fi/onto/liito/aggregateconceptscheme
INFO: Marking loose concept http://www.yso.fi/onto/yso/p16898 as top concept of scheme http://www.yso.fi/onto/liito/aggregateconceptscheme
INFO: Marking loose concept http://www.yso.fi/onto/yso/p16971 as top concept of scheme http://www.yso.fi/onto/liito/aggregateconceptscheme
INFO: Marking loose concept http://www.yso.fi/onto/yso/p17096 as top concept of scheme http://www.yso.fi/onto/liito/aggregateconceptscheme
INFO: Marking loose concept http://www.yso.fi/onto/yso/p17106 as top concept of scheme http://www.yso.fi/onto/liito/aggregateconceptscheme
INFO: Marking loose concept http://www.yso.fi/onto/yso/p17264 as top concept of scheme http://www.yso.fi/onto/liito/aggregateconceptscheme
INFO: Marking loose concept http://www.yso.fi/onto/yso/p17329 as top concept of scheme http://www.yso.fi/onto/liito/aggregateconceptscheme
INFO: Marking loose concept http://www.yso.fi/onto/yso/p17348 as top concept of scheme http://www.yso.fi/onto/liito/aggregateconceptscheme
INFO: Marking loose concept http://www.yso.fi/onto/yso/p17356 as top concept of scheme http://www.yso.fi/onto/liito/aggregateconceptscheme
INFO: Marking loose concept http://www.yso.fi/onto/yso/p17380 as top concept of scheme http://www.yso.fi/onto/liito/aggregateconceptscheme
INFO: Marking loose concept http://www.yso.fi/onto/yso/p17450 as top concept of scheme http://www.yso.fi/onto/liito/aggregateconceptscheme
INFO: Marking loose concept http://www.yso.fi/onto/yso/p17484 as top concept of scheme http://www.yso.fi/onto/liito/aggregateconceptscheme
INFO: Marking loose concept http://www.yso.fi/onto/yso/p17495 as top concept of scheme http://www.yso.fi/onto/liito/aggregateconceptscheme
INFO: Marking loose concept http://www.yso.fi/onto/yso/p17507 as top concept of scheme http://www.yso.fi/onto/liito/aggregateconceptscheme
INFO: Marking loose concept http://www.yso.fi/onto/yso/p17590 as top concept of scheme http://www.yso.fi/onto/liito/aggregateconceptscheme
INFO: Marking loose concept http://www.yso.fi/onto/yso/p17620 as top concept of scheme http://www.yso.fi/onto/liito/aggregateconceptscheme
INFO: Marking loose concept http://www.yso.fi/onto/yso/p17755 as top concept of scheme http://www.yso.fi/onto/liito/aggregateconceptscheme
INFO: Marking loose concept http://www.yso.fi/onto/yso/p17882 as top concept of scheme http://www.yso.fi/onto/liito/aggregateconceptscheme
INFO: Marking loose concept http://www.yso.fi/onto/yso/p17901 as top concept of scheme http://www.yso.fi/onto/liito/aggregateconceptscheme
INFO: Marking loose concept http://www.yso.fi/onto/yso/p17908 as top concept of scheme http://www.yso.fi/onto/liito/aggregateconceptscheme
INFO: Marking loose concept http://www.yso.fi/onto/yso/p17949 as top concept of scheme http://www.yso.fi/onto/liito/aggregateconceptscheme
INFO: Marking loose concept http://www.yso.fi/onto/yso/p18013 as top concept of scheme http://www.yso.fi/onto/liito/aggregateconceptscheme
INFO: Marking loose concept http://www.yso.fi/onto/yso/p1806 as top concept of scheme http://www.yso.fi/onto/liito/aggregateconceptscheme
INFO: Marking loose concept http://www.yso.fi/onto/yso/p18061 as top concept of scheme http://www.yso.fi/onto/liito/aggregateconceptscheme
INFO: Marking loose concept http://www.yso.fi/onto/yso/p18064 as top concept of scheme http://www.yso.fi/onto/liito/aggregateconceptscheme
INFO: Marking loose concept http://www.yso.fi/onto/yso/p18080 as top concept of scheme http://www.yso.fi/onto/liito/aggregateconceptscheme
INFO: Marking loose concept http://www.yso.fi/onto/yso/p18110 as top concept of scheme http://www.yso.fi/onto/liito/aggregateconceptscheme
INFO: Marking loose concept http://www.yso.fi/onto/yso/p18112 as top concept of scheme http://www.yso.fi/onto/liito/aggregateconceptscheme
INFO: Marking loose concept http://www.yso.fi/onto/yso/p18157 as top concept of scheme http://www.yso.fi/onto/liito/aggregateconceptscheme
INFO: Marking loose concept http://www.yso.fi/onto/yso/p18358 as top concept of scheme http://www.yso.fi/onto/liito/aggregateconceptscheme
INFO: Marking loose concept http://www.yso.fi/onto/yso/p18380 as top concept of scheme http://www.yso.fi/onto/liito/aggregateconceptscheme
INFO: Marking loose concept http://www.yso.fi/onto/yso/p184 as top concept of scheme http://www.yso.fi/onto/liito/aggregateconceptscheme
INFO: Marking loose concept http://www.yso.fi/onto/yso/p18437 as top concept of scheme http://www.yso.fi/onto/liito/aggregateconceptscheme
INFO: Marking loose concept http://www.yso.fi/onto/yso/p18593 as top concept of scheme http://www.yso.fi/onto/liito/aggregateconceptscheme
INFO: Marking loose concept http://www.yso.fi/onto/yso/p18598 as top concept of scheme http://www.yso.fi/onto/liito/aggregateconceptscheme
INFO: Marking loose concept http://www.yso.fi/onto/yso/p18637 as top concept of scheme http://www.yso.fi/onto/liito/aggregateconceptscheme
INFO: Marking loose concept http://www.yso.fi/onto/yso/p18648 as top concept of scheme http://www.yso.fi/onto/liito/aggregateconceptscheme
INFO: Marking loose concept http://www.yso.fi/onto/yso/p18728 as top concept of scheme http://www.yso.fi/onto/liito/aggregateconceptscheme
INFO: Marking loose concept http://www.yso.fi/onto/yso/p18744 as top concept of scheme http://www.yso.fi/onto/liito/aggregateconceptscheme
INFO: Marking loose concept http://www.yso.fi/onto/yso/p18758 as top concept of scheme http://www.yso.fi/onto/liito/aggregateconceptscheme
INFO: Marking loose concept http://www.yso.fi/onto/yso/p18885 as top concept of scheme http://www.yso.fi/onto/liito/aggregateconceptscheme
INFO: Marking loose concept http://www.yso.fi/onto/yso/p18944 as top concept of scheme http://www.yso.fi/onto/liito/aggregateconceptscheme
INFO: Marking loose concept http://www.yso.fi/onto/yso/p19002 as top concept of scheme http://www.yso.fi/onto/liito/aggregateconceptscheme
INFO: Marking loose concept http://www.yso.fi/onto/yso/p1905 as top concept of scheme http://www.yso.fi/onto/liito/aggregateconceptscheme
INFO: Marking loose concept http://www.yso.fi/onto/yso/p19070 as top concept of scheme http://www.yso.fi/onto/liito/aggregateconceptscheme
INFO: Marking loose concept http://www.yso.fi/onto/yso/p19078 as top concept of scheme http://www.yso.fi/onto/liito/aggregateconceptscheme
INFO: Marking loose concept http://www.yso.fi/onto/yso/p19082 as top concept of scheme http://www.yso.fi/onto/liito/aggregateconceptscheme
INFO: Marking loose concept http://www.yso.fi/onto/yso/p19085 as top concept of scheme http://www.yso.fi/onto/liito/aggregateconceptscheme
INFO: Marking loose concept http://www.yso.fi/onto/yso/p19168 as top concept of scheme http://www.yso.fi/onto/liito/aggregateconceptscheme
INFO: Marking loose concept http://www.yso.fi/onto/yso/p19181 as top concept of scheme http://www.yso.fi/onto/liito/aggregateconceptscheme
INFO: Marking loose concept http://www.yso.fi/onto/yso/p19202 as top concept of scheme http://www.yso.fi/onto/liito/aggregateconceptscheme
INFO: Marking loose concept http://www.yso.fi/onto/yso/p19264 as top concept of scheme http://www.yso.fi/onto/liito/aggregateconceptscheme
INFO: Marking loose concept http://www.yso.fi/onto/yso/p19281 as top concept of scheme http://www.yso.fi/onto/liito/aggregateconceptscheme
INFO: Marking loose concept http://www.yso.fi/onto/yso/p19318 as top concept of scheme http://www.yso.fi/onto/liito/aggregateconceptscheme
INFO: Marking loose concept http://www.yso.fi/onto/yso/p19334 as top concept of scheme http://www.yso.fi/onto/liito/aggregateconceptscheme
INFO: Marking loose concept http://www.yso.fi/onto/yso/p19357 as top concept of scheme http://www.yso.fi/onto/liito/aggregateconceptscheme
INFO: Marking loose concept http://www.yso.fi/onto/yso/p19383 as top concept of scheme http://www.yso.fi/onto/liito/aggregateconceptscheme
INFO: Marking loose concept http://www.yso.fi/onto/yso/p19384 as top concept of scheme http://www.yso.fi/onto/liito/aggregateconceptscheme
INFO: Marking loose concept http://www.yso.fi/onto/yso/p19403 as top concept of scheme http://www.yso.fi/onto/liito/aggregateconceptscheme
INFO: Marking loose concept http://www.yso.fi/onto/yso/p19531 as top concept of scheme http://www.yso.fi/onto/liito/aggregateconceptscheme
INFO: Marking loose concept http://www.yso.fi/onto/yso/p19702 as top concept of scheme http://www.yso.fi/onto/liito/aggregateconceptscheme
INFO: Marking loose concept http://www.yso.fi/onto/yso/p19758 as top concept of scheme http://www.yso.fi/onto/liito/aggregateconceptscheme
INFO: Marking loose concept http://www.yso.fi/onto/yso/p19763 as top concept of scheme http://www.yso.fi/onto/liito/aggregateconceptscheme
INFO: Marking loose concept http://www.yso.fi/onto/yso/p19768 as top concept of scheme http://www.yso.fi/onto/liito/aggregateconceptscheme
INFO: Marking loose concept http://www.yso.fi/onto/yso/p19789 as top concept of scheme http://www.yso.fi/onto/liito/aggregateconceptscheme
INFO: Marking loose concept http://www.yso.fi/onto/yso/p19800 as top concept of scheme http://www.yso.fi/onto/liito/aggregateconceptscheme
INFO: Marking loose concept http://www.yso.fi/onto/yso/p19883 as top concept of scheme http://www.yso.fi/onto/liito/aggregateconceptscheme
INFO: Marking loose concept http://www.yso.fi/onto/yso/p19893 as top concept of scheme http://www.yso.fi/onto/liito/aggregateconceptscheme
INFO: Marking loose concept http://www.yso.fi/onto/yso/p19908 as top concept of scheme http://www.yso.fi/onto/liito/aggregateconceptscheme
INFO: Marking loose concept http://www.yso.fi/onto/yso/p19947 as top concept of scheme http://www.yso.fi/onto/liito/aggregateconceptscheme
INFO: Marking loose concept http://www.yso.fi/onto/yso/p19962 as top concept of scheme http://www.yso.fi/onto/liito/aggregateconceptscheme
INFO: Marking loose concept http://www.yso.fi/onto/yso/p19971 as top concept of scheme http://www.yso.fi/onto/liito/aggregateconceptscheme
INFO: Marking loose concept http://www.yso.fi/onto/yso/p20031 as top concept of scheme http://www.yso.fi/onto/liito/aggregateconceptscheme
INFO: Marking loose concept http://www.yso.fi/onto/yso/p20038 as top concept of scheme http://www.yso.fi/onto/liito/aggregateconceptscheme
INFO: Marking loose concept http://www.yso.fi/onto/yso/p20130 as top concept of scheme http://www.yso.fi/onto/liito/aggregateconceptscheme
INFO: Marking loose concept http://www.yso.fi/onto/yso/p20216 as top concept of scheme http://www.yso.fi/onto/liito/aggregateconceptscheme
INFO: Marking loose concept http://www.yso.fi/onto/yso/p20232 as top concept of scheme http://www.yso.fi/onto/liito/aggregateconceptscheme
INFO: Marking loose concept http://www.yso.fi/onto/yso/p20238 as top concept of scheme http://www.yso.fi/onto/liito/aggregateconceptscheme
INFO: Marking loose concept http://www.yso.fi/onto/yso/p20254 as top concept of scheme http://www.yso.fi/onto/liito/aggregateconceptscheme
INFO: Marking loose concept http://www.yso.fi/onto/yso/p20263 as top concept of scheme http://www.yso.fi/onto/liito/aggregateconceptscheme
INFO: Marking loose concept http://www.yso.fi/onto/yso/p20312 as top concept of scheme http://www.yso.fi/onto/liito/aggregateconceptscheme
INFO: Marking loose concept http://www.yso.fi/onto/yso/p20433 as top concept of scheme http://www.yso.fi/onto/liito/aggregateconceptscheme
INFO: Marking loose concept http://www.yso.fi/onto/yso/p20435 as top concept of scheme http://www.yso.fi/onto/liito/aggregateconceptscheme
INFO: Marking loose concept http://www.yso.fi/onto/yso/p20439 as top concept of scheme http://www.yso.fi/onto/liito/aggregateconceptscheme
INFO: Marking loose concept http://www.yso.fi/onto/yso/p20449 as top concept of scheme http://www.yso.fi/onto/liito/aggregateconceptscheme
INFO: Marking loose concept http://www.yso.fi/onto/yso/p20562 as top concept of scheme http://www.yso.fi/onto/liito/aggregateconceptscheme
INFO: Marking loose concept http://www.yso.fi/onto/yso/p20565 as top concept of scheme http://www.yso.fi/onto/liito/aggregateconceptscheme
INFO: Marking loose concept http://www.yso.fi/onto/yso/p20593 as top concept of scheme http://www.yso.fi/onto/liito/aggregateconceptscheme
INFO: Marking loose concept http://www.yso.fi/onto/yso/p20602 as top concept of scheme http://www.yso.fi/onto/liito/aggregateconceptscheme
INFO: Marking loose concept http://www.yso.fi/onto/yso/p2090 as top concept of scheme http://www.yso.fi/onto/liito/aggregateconceptscheme
INFO: Marking loose concept http://www.yso.fi/onto/yso/p2091 as top concept of scheme http://www.yso.fi/onto/liito/aggregateconceptscheme
INFO: Marking loose concept http://www.yso.fi/onto/yso/p2115 as top concept of scheme http://www.yso.fi/onto/liito/aggregateconceptscheme
INFO: Marking loose concept http://www.yso.fi/onto/yso/p2121 as top concept of scheme http://www.yso.fi/onto/liito/aggregateconceptscheme
INFO: Marking loose concept http://www.yso.fi/onto/yso/p2129 as top concept of scheme http://www.yso.fi/onto/liito/aggregateconceptscheme
INFO: Marking loose concept http://www.yso.fi/onto/yso/p2278 as top concept of scheme http://www.yso.fi/onto/liito/aggregateconceptscheme
INFO: Marking loose concept http://www.yso.fi/onto/yso/p2491 as top concept of scheme http://www.yso.fi/onto/liito/aggregateconceptscheme
INFO: Marking loose concept http://www.yso.fi/onto/yso/p2516 as top concept of scheme http://www.yso.fi/onto/liito/aggregateconceptscheme
INFO: Marking loose concept http://www.yso.fi/onto/yso/p2673 as top concept of scheme http://www.yso.fi/onto/liito/aggregateconceptscheme
INFO: Marking loose concept http://www.yso.fi/onto/yso/p2706 as top concept of scheme http://www.yso.fi/onto/liito/aggregateconceptscheme
INFO: Marking loose concept http://www.yso.fi/onto/yso/p2731 as top concept of scheme http://www.yso.fi/onto/liito/aggregateconceptscheme
INFO: Marking loose concept http://www.yso.fi/onto/yso/p2801 as top concept of scheme http://www.yso.fi/onto/liito/aggregateconceptscheme
INFO: Marking loose concept http://www.yso.fi/onto/yso/p2864 as top concept of scheme http://www.yso.fi/onto/liito/aggregateconceptscheme
INFO: Marking loose concept http://www.yso.fi/onto/yso/p293 as top concept of scheme http://www.yso.fi/onto/liito/aggregateconceptscheme
INFO: Marking loose concept http://www.yso.fi/onto/yso/p2979 as top concept of scheme http://www.yso.fi/onto/liito/aggregateconceptscheme
INFO: Marking loose concept http://www.yso.fi/onto/yso/p3112 as top concept of scheme http://www.yso.fi/onto/liito/aggregateconceptscheme
INFO: Marking loose concept http://www.yso.fi/onto/yso/p3198 as top concept of scheme http://www.yso.fi/onto/liito/aggregateconceptscheme
INFO: Marking loose concept http://www.yso.fi/onto/yso/p3380 as top concept of scheme http://www.yso.fi/onto/liito/aggregateconceptscheme
INFO: Marking loose concept http://www.yso.fi/onto/yso/p3411 as top concept of scheme http://www.yso.fi/onto/liito/aggregateconceptscheme
INFO: Marking loose concept http://www.yso.fi/onto/yso/p3471 as top concept of scheme http://www.yso.fi/onto/liito/aggregateconceptscheme
INFO: Marking loose concept http://www.yso.fi/onto/yso/p353 as top concept of scheme http://www.yso.fi/onto/liito/aggregateconceptscheme
INFO: Marking loose concept http://www.yso.fi/onto/yso/p3530 as top concept of scheme http://www.yso.fi/onto/liito/aggregateconceptscheme
INFO: Marking loose concept http://www.yso.fi/onto/yso/p3623 as top concept of scheme http://www.yso.fi/onto/liito/aggregateconceptscheme
INFO: Marking loose concept http://www.yso.fi/onto/yso/p4309 as top concept of scheme http://www.yso.fi/onto/liito/aggregateconceptscheme
INFO: Marking loose concept http://www.yso.fi/onto/yso/p4338 as top concept of scheme http://www.yso.fi/onto/liito/aggregateconceptscheme
INFO: Marking loose concept http://www.yso.fi/onto/yso/p4425 as top concept of scheme http://www.yso.fi/onto/liito/aggregateconceptscheme
INFO: Marking loose concept http://www.yso.fi/onto/yso/p4428 as top concept of scheme http://www.yso.fi/onto/liito/aggregateconceptscheme
INFO: Marking loose concept http://www.yso.fi/onto/yso/p4431 as top concept of scheme http://www.yso.fi/onto/liito/aggregateconceptscheme
INFO: Marking loose concept http://www.yso.fi/onto/yso/p4497 as top concept of scheme http://www.yso.fi/onto/liito/aggregateconceptscheme
INFO: Marking loose concept http://www.yso.fi/onto/yso/p4578 as top concept of scheme http://www.yso.fi/onto/liito/aggregateconceptscheme
INFO: Marking loose concept http://www.yso.fi/onto/yso/p4590 as top concept of scheme http://www.yso.fi/onto/liito/aggregateconceptscheme
INFO: Marking loose concept http://www.yso.fi/onto/yso/p4681 as top concept of scheme http://www.yso.fi/onto/liito/aggregateconceptscheme
INFO: Marking loose concept http://www.yso.fi/onto/yso/p4838 as top concept of scheme http://www.yso.fi/onto/liito/aggregateconceptscheme
INFO: Marking loose concept http://www.yso.fi/onto/yso/p5050 as top concept of scheme http://www.yso.fi/onto/liito/aggregateconceptscheme
INFO: Marking loose concept http://www.yso.fi/onto/yso/p5093 as top concept of scheme http://www.yso.fi/onto/liito/aggregateconceptscheme
INFO: Marking loose concept http://www.yso.fi/onto/yso/p5136 as top concept of scheme http://www.yso.fi/onto/liito/aggregateconceptscheme
INFO: Marking loose concept http://www.yso.fi/onto/yso/p5143 as top concept of scheme http://www.yso.fi/onto/liito/aggregateconceptscheme
INFO: Marking loose concept http://www.yso.fi/onto/yso/p5185 as top concept of scheme http://www.yso.fi/onto/liito/aggregateconceptscheme
INFO: Marking loose concept http://www.yso.fi/onto/yso/p5345 as top concept of scheme http://www.yso.fi/onto/liito/aggregateconceptscheme
INFO: Marking loose concept http://www.yso.fi/onto/yso/p5474 as top concept of scheme http://www.yso.fi/onto/liito/aggregateconceptscheme
INFO: Marking loose concept http://www.yso.fi/onto/yso/p5494 as top concept of scheme http://www.yso.fi/onto/liito/aggregateconceptscheme
INFO: Marking loose concept http://www.yso.fi/onto/yso/p5532 as top concept of scheme http://www.yso.fi/onto/liito/aggregateconceptscheme
INFO: Marking loose concept http://www.yso.fi/onto/yso/p5545 as top concept of scheme http://www.yso.fi/onto/liito/aggregateconceptscheme
INFO: Marking loose concept http://www.yso.fi/onto/yso/p5596 as top concept of scheme http://www.yso.fi/onto/liito/aggregateconceptscheme
INFO: Marking loose concept http://www.yso.fi/onto/yso/p596 as top concept of scheme http://www.yso.fi/onto/liito/aggregateconceptscheme
INFO: Marking loose concept http://www.yso.fi/onto/yso/p60 as top concept of scheme http://www.yso.fi/onto/liito/aggregateconceptscheme
INFO: Marking loose concept http://www.yso.fi/onto/yso/p6143 as top concept of scheme http://www.yso.fi/onto/liito/aggregateconceptscheme
INFO: Marking loose concept http://www.yso.fi/onto/yso/p6208 as top concept of scheme http://www.yso.fi/onto/liito/aggregateconceptscheme
INFO: Marking loose concept http://www.yso.fi/onto/yso/p6429 as top concept of scheme http://www.yso.fi/onto/liito/aggregateconceptscheme
INFO: Marking loose concept http://www.yso.fi/onto/yso/p6637 as top concept of scheme http://www.yso.fi/onto/liito/aggregateconceptscheme
INFO: Marking loose concept http://www.yso.fi/onto/yso/p6650 as top concept of scheme http://www.yso.fi/onto/liito/aggregateconceptscheme
INFO: Marking loose concept http://www.yso.fi/onto/yso/p6764 as top concept of scheme http://www.yso.fi/onto/liito/aggregateconceptscheme
INFO: Marking loose concept http://www.yso.fi/onto/yso/p6843 as top concept of scheme http://www.yso.fi/onto/liito/aggregateconceptscheme
INFO: Marking loose concept http://www.yso.fi/onto/yso/p6863 as top concept of scheme http://www.yso.fi/onto/liito/aggregateconceptscheme
INFO: Marking loose concept http://www.yso.fi/onto/yso/p6995 as top concept of scheme http://www.yso.fi/onto/liito/aggregateconceptscheme
INFO: Marking loose concept http://www.yso.fi/onto/yso/p7018 as top concept of scheme http://www.yso.fi/onto/liito/aggregateconceptscheme
INFO: Marking loose concept http://www.yso.fi/onto/yso/p7022 as top concept of scheme http://www.yso.fi/onto/liito/aggregateconceptscheme
INFO: Marking loose concept http://www.yso.fi/onto/yso/p7168 as top concept of scheme http://www.yso.fi/onto/liito/aggregateconceptscheme
INFO: Marking loose concept http://www.yso.fi/onto/yso/p7353 as top concept of scheme http://www.yso.fi/onto/liito/aggregateconceptscheme
INFO: Marking loose concept http://www.yso.fi/onto/yso/p7364 as top concept of scheme http://www.yso.fi/onto/liito/aggregateconceptscheme
INFO: Marking loose concept http://www.yso.fi/onto/yso/p7388 as top concept of scheme http://www.yso.fi/onto/liito/aggregateconceptscheme
INFO: Marking loose concept http://www.yso.fi/onto/yso/p7669 as top concept of scheme http://www.yso.fi/onto/liito/aggregateconceptscheme
INFO: Marking loose concept http://www.yso.fi/onto/yso/p781 as top concept of scheme http://www.yso.fi/onto/liito/aggregateconceptscheme
INFO: Marking loose concept http://www.yso.fi/onto/yso/p7844 as top concept of scheme http://www.yso.fi/onto/liito/aggregateconceptscheme
INFO: Marking loose concept http://www.yso.fi/onto/yso/p7898 as top concept of scheme http://www.yso.fi/onto/liito/aggregateconceptscheme
INFO: Marking loose concept http://www.yso.fi/onto/yso/p7976 as top concept of scheme http://www.yso.fi/onto/liito/aggregateconceptscheme
INFO: Marking loose concept http://www.yso.fi/onto/yso/p8040 as top concept of scheme http://www.yso.fi/onto/liito/aggregateconceptscheme
INFO: Marking loose concept http://www.yso.fi/onto/yso/p8547 as top concept of scheme http://www.yso.fi/onto/liito/aggregateconceptscheme
INFO: Marking loose concept http://www.yso.fi/onto/yso/p8620 as top concept of scheme http://www.yso.fi/onto/liito/aggregateconceptscheme
INFO: Marking loose concept http://www.yso.fi/onto/yso/p8637 as top concept of scheme http://www.yso.fi/onto/liito/aggregateconceptscheme
INFO: Marking loose concept http://www.yso.fi/onto/yso/p8644 as top concept of scheme http://www.yso.fi/onto/liito/aggregateconceptscheme
INFO: Marking loose concept http://www.yso.fi/onto/yso/p8849 as top concept of scheme http://www.yso.fi/onto/liito/aggregateconceptscheme
INFO: Marking loose concept http://www.yso.fi/onto/yso/p9065 as top concept of scheme http://www.yso.fi/onto/liito/aggregateconceptscheme
INFO: Marking loose concept http://www.yso.fi/onto/yso/p9076 as top concept of scheme http://www.yso.fi/onto/liito/aggregateconceptscheme
INFO: Marking loose concept http://www.yso.fi/onto/yso/p9149 as top concept of scheme http://www.yso.fi/onto/liito/aggregateconceptscheme
INFO: Marking loose concept http://www.yso.fi/onto/yso/p9175 as top concept of scheme http://www.yso.fi/onto/liito/aggregateconceptscheme
INFO: Marking loose concept http://www.yso.fi/onto/yso/p9206 as top concept of scheme http://www.yso.fi/onto/liito/aggregateconceptscheme
INFO: Marking loose concept http://www.yso.fi/onto/yso/p9354 as top concept of scheme http://www.yso.fi/onto/liito/aggregateconceptscheme
INFO: Marking loose concept http://www.yso.fi/onto/yso/p9402 as top concept of scheme http://www.yso.fi/onto/liito/aggregateconceptscheme
INFO: Marking loose concept http://www.yso.fi/onto/yso/p9435 as top concept of scheme http://www.yso.fi/onto/liito/aggregateconceptscheme
INFO: Marking loose concept http://www.yso.fi/onto/yso/p9500 as top concept of scheme http://www.yso.fi/onto/liito/aggregateconceptscheme
INFO: Marking loose concept http://www.yso.fi/onto/yso/p951 as top concept of scheme http://www.yso.fi/onto/liito/aggregateconceptscheme
INFO: Marking loose concept http://www.yso.fi/onto/yso/p9556 as top concept of scheme http://www.yso.fi/onto/liito/aggregateconceptscheme
INFO: Marking loose concept http://www.yso.fi/onto/yso/p9581 as top concept of scheme http://www.yso.fi/onto/liito/aggregateconceptscheme
INFO: Marking loose concept http://www.yso.fi/onto/yso/p9650 as top concept of scheme http://www.yso.fi/onto/liito/aggregateconceptscheme
INFO: Marking loose concept http://www.yso.fi/onto/yso/p9736 as top concept of scheme http://www.yso.fi/onto/liito/aggregateconceptscheme
INFO: Marking loose concept http://www.yso.fi/onto/yso/p9744 as top concept of scheme http://www.yso.fi/onto/liito/aggregateconceptscheme
INFO: Marking loose concept http://www.yso.fi/onto/yso/p9818 as top concept of scheme http://www.yso.fi/onto/liito/aggregateconceptscheme
INFO: Marking loose concept http://www.yso.fi/onto/yso/p9851 as top concept of scheme http://www.yso.fi/onto/liito/aggregateconceptscheme
INFO: Marking loose concept http://www.yso.fi/onto/yso/p9878 as top concept of scheme http://www.yso.fi/onto/liito/aggregateconceptscheme
INFO: Marking loose concept http://www.yso.fi/onto/yso/p9941 as top concept of scheme http://www.yso.fi/onto/liito/aggregateconceptscheme
INFO: Marking loose concept http://www.yso.fi/onto/yso/p9965 as top concept of scheme http://www.yso.fi/onto/liito/aggregateconceptscheme
INFO: Marking loose concept http://www.yso.fi/onto/yso/p9980 as top concept of scheme http://www.yso.fi/onto/liito/aggregateconceptscheme
INFO: Marking loose concept http://www.yso.fi/onto/yso/p9989 as top concept of scheme http://www.yso.fi/onto/liito/aggregateconceptscheme
INFO: Marking loose concept http://www.yso.fi/onto/yso/paine_kooste as top concept of scheme http://www.yso.fi/onto/liito/aggregateconceptscheme
INFO: Marking loose concept http://www.yso.fi/onto/yso/pastoraalit_kooste as top concept of scheme http://www.yso.fi/onto/liito/aggregateconceptscheme
INFO: Marking loose concept http://www.yso.fi/onto/yso/pergamentti_kooste_1 as top concept of scheme http://www.yso.fi/onto/liito/aggregateconceptscheme
INFO: Marking loose concept http://www.yso.fi/onto/yso/pinta-ala_kooste as top concept of scheme http://www.yso.fi/onto/liito/aggregateconceptscheme
INFO: Marking loose concept http://www.yso.fi/onto/yso/pituus_kooste as top concept of scheme http://www.yso.fi/onto/liito/aggregateconceptscheme
INFO: Marking loose concept http://www.yso.fi/onto/yso/resistanssi_kooste as top concept of scheme http://www.yso.fi/onto/liito/aggregateconceptscheme
INFO: Marking loose concept http://www.yso.fi/onto/yso/rodut_kooste as top concept of scheme http://www.yso.fi/onto/liito/aggregateconceptscheme
INFO: Marking loose concept http://www.yso.fi/onto/yso/romanttiset_komediat_kooste as top concept of scheme http://www.yso.fi/onto/liito/aggregateconceptscheme
INFO: Marking loose concept http://www.yso.fi/onto/yso/sahkovaraus_kooste as top concept of scheme http://www.yso.fi/onto/liito/aggregateconceptscheme
INFO: Marking loose concept http://www.yso.fi/onto/yso/sahkovirta_kooste as top concept of scheme http://www.yso.fi/onto/liito/aggregateconceptscheme
INFO: Marking loose concept http://www.yso.fi/onto/yso/sopeutuminen_kooste as top concept of scheme http://www.yso.fi/onto/liito/aggregateconceptscheme
INFO: Marking loose concept http://www.yso.fi/onto/yso/sterilointi_kooste as top concept of scheme http://www.yso.fi/onto/liito/aggregateconceptscheme
INFO: Marking loose concept http://www.yso.fi/onto/yso/taajuus_kooste as top concept of scheme http://www.yso.fi/onto/liito/aggregateconceptscheme
INFO: Marking loose concept http://www.yso.fi/onto/yso/tanssi_kooste as top concept of scheme http://www.yso.fi/onto/liito/aggregateconceptscheme
INFO: Marking loose concept http://www.yso.fi/onto/yso/tarpeet_kooste as top concept of scheme http://www.yso.fi/onto/liito/aggregateconceptscheme
INFO: Marking loose concept http://www.yso.fi/onto/yso/teatteri_kooste as top concept of scheme http://www.yso.fi/onto/liito/aggregateconceptscheme
INFO: Marking loose concept http://www.yso.fi/onto/yso/teho_kooste as top concept of scheme http://www.yso.fi/onto/liito/aggregateconceptscheme
INFO: Marking loose concept http://www.yso.fi/onto/yso/tekninen_piirustus_kooste as top concept of scheme http://www.yso.fi/onto/liito/aggregateconceptscheme
INFO: Marking loose concept http://www.yso.fi/onto/yso/teollinen_yhteiskunta_kooste as top concept of scheme http://www.yso.fi/onto/liito/aggregateconceptscheme
INFO: Marking loose concept http://www.yso.fi/onto/yso/terveydenhoito_kooste as top concept of scheme http://www.yso.fi/onto/liito/aggregateconceptscheme
INFO: Marking loose concept http://www.yso.fi/onto/yso/tiheys_kooste as top concept of scheme http://www.yso.fi/onto/liito/aggregateconceptscheme
INFO: Marking loose concept http://www.yso.fi/onto/yso/tilavuus_kooste as top concept of scheme http://www.yso.fi/onto/liito/aggregateconceptscheme
INFO: Marking loose concept http://www.yso.fi/onto/yso/uusiolasi_kooste as top concept of scheme http://www.yso.fi/onto/liito/aggregateconceptscheme
INFO: Marking loose concept http://www.yso.fi/onto/yso/valovoima_kooste as top concept of scheme http://www.yso.fi/onto/liito/aggregateconceptscheme
INFO: Marking loose concept http://www.yso.fi/onto/yso/varastot_kooste as top concept of scheme http://www.yso.fi/onto/liito/aggregateconceptscheme
INFO: Marking loose concept http://www.yso.fi/onto/yso/varsi_kooste as top concept of scheme http://www.yso.fi/onto/liito/aggregateconceptscheme
INFO: Marking loose concept http://www.yso.fi/onto/yso/vedenalainen_kuvaus_kooste as top concept of scheme http://www.yso.fi/onto/liito/aggregateconceptscheme
INFO: Marking loose concept http://www.yso.fi/onto/yso/vektorit_kooste as top concept of scheme http://www.yso.fi/onto/liito/aggregateconceptscheme
INFO: Marking loose concept http://www.yso.fi/onto/yso/virtaama_kooste as top concept of scheme http://www.yso.fi/onto/liito/aggregateconceptscheme
INFO: Marking loose concept http://www.yso.fi/onto/yso/voima_kooste as top concept of scheme http://www.yso.fi/onto/liito/aggregateconceptscheme
INFO: Marking loose concept http://www.yso.fi/onto/liito/p11189 as top concept of scheme http://www.yso.fi/onto/liito/deprecatedconceptscheme
INFO: Marking loose concept http://www.yso.fi/onto/liito/p11791 as top concept of scheme http://www.yso.fi/onto/liito/deprecatedconceptscheme
INFO: Marking loose concept http://www.yso.fi/onto/liito/p12211 as top concept of scheme http://www.yso.fi/onto/liito/deprecatedconceptscheme
INFO: Marking loose concept http://www.yso.fi/onto/liito/p12611 as top concept of scheme http://www.yso.fi/onto/liito/deprecatedconceptscheme
INFO: Marking loose concept http://www.yso.fi/onto/liito/p12886 as top concept of scheme http://www.yso.fi/onto/liito/deprecatedconceptscheme
INFO: Marking loose concept http://www.yso.fi/onto/liito/p12935 as top concept of scheme http://www.yso.fi/onto/liito/deprecatedconceptscheme
INFO: Marking loose concept http://www.yso.fi/onto/liito/p5522 as top concept of scheme http://www.yso.fi/onto/liito/deprecatedconceptscheme
WARNING: Concepts http://www.yso.fi/onto/liito/p11065 and http://www.yso.fi/onto/liito/p11067 connected by both skos:broaderTransitive and skos:related, removing skos:related
WARNING: Concepts http://www.yso.fi/onto/liito/p11080 and http://www.yso.fi/onto/liito/p11067 connected by both skos:broaderTransitive and skos:related, removing skos:related
WARNING: Concepts http://www.yso.fi/onto/liito/p11179 and http://www.yso.fi/onto/liito/p12338 connected by both skos:broaderTransitive and skos:related, removing skos:related
WARNING: Concepts http://www.yso.fi/onto/liito/p11233 and http://www.yso.fi/onto/liito/p6417 connected by both skos:broaderTransitive and skos:related, removing skos:related
WARNING: Concepts http://www.yso.fi/onto/liito/p11237 and http://www.yso.fi/onto/liito/p4047 connected by both skos:broaderTransitive and skos:related, removing skos:related
WARNING: Concepts http://www.yso.fi/onto/liito/p11264 and http://www.yso.fi/onto/liito/p6417 connected by both skos:broaderTransitive and skos:related, removing skos:related
WARNING: Concepts http://www.yso.fi/onto/liito/p11266 and http://www.yso.fi/onto/liito/p6417 connected by both skos:broaderTransitive and skos:related, removing skos:related
WARNING: Concepts http://www.yso.fi/onto/liito/p11267 and http://www.yso.fi/onto/liito/p6417 connected by both skos:broaderTransitive and skos:related, removing skos:related
WARNING: Concepts http://www.yso.fi/onto/liito/p11268 and http://www.yso.fi/onto/liito/p6417 connected by both skos:broaderTransitive and skos:related, removing skos:related
WARNING: Concepts http://www.yso.fi/onto/liito/p11269 and http://www.yso.fi/onto/liito/p11263 connected by both skos:broaderTransitive and skos:related, removing skos:related
WARNING: Concepts http://www.yso.fi/onto/liito/p11270 and http://www.yso.fi/onto/liito/p6417 connected by both skos:broaderTransitive and skos:related, removing skos:related
WARNING: Concepts http://www.yso.fi/onto/liito/p11271 and http://www.yso.fi/onto/liito/p6417 connected by both skos:broaderTransitive and skos:related, removing skos:related
WARNING: Concepts http://www.yso.fi/onto/liito/p11272 and http://www.yso.fi/onto/liito/p11644 connected by both skos:broaderTransitive and skos:related, removing skos:related
WARNING: Concepts http://www.yso.fi/onto/liito/p11273 and http://www.yso.fi/onto/liito/p6417 connected by both skos:broaderTransitive and skos:related, removing skos:related
WARNING: Concepts http://www.yso.fi/onto/liito/p11474 and http://www.yso.fi/onto/liito/p11873 connected by both skos:broaderTransitive and skos:related, removing skos:related
WARNING: Concepts http://www.yso.fi/onto/liito/p11642 and http://www.yso.fi/onto/liito/p11643 connected by both skos:broaderTransitive and skos:related, removing skos:related
WARNING: Concepts http://www.yso.fi/onto/liito/p11646 and http://www.yso.fi/onto/liito/p11645 connected by both skos:broaderTransitive and skos:related, removing skos:related
WARNING: Concepts http://www.yso.fi/onto/liito/p11655 and http://www.yso.fi/onto/liito/p11263 connected by both skos:broaderTransitive and skos:related, removing skos:related
WARNING: Concepts http://www.yso.fi/onto/liito/p11877 and http://www.yso.fi/onto/liito/p11873 connected by both skos:broaderTransitive and skos:related, removing skos:related
WARNING: Concepts http://www.yso.fi/onto/liito/p11879 and http://www.yso.fi/onto/liito/p11873 connected by both skos:broaderTransitive and skos:related, removing skos:related
WARNING: Concepts http://www.yso.fi/onto/liito/p12110 and http://www.yso.fi/onto/liito/p11873 connected by both skos:broaderTransitive and skos:related, removing skos:related
WARNING: Concepts http://www.yso.fi/onto/liito/p12111 and http://www.yso.fi/onto/liito/p11873 connected by both skos:broaderTransitive and skos:related, removing skos:related
WARNING: Concepts http://www.yso.fi/onto/liito/p12112 and http://www.yso.fi/onto/liito/p11873 connected by both skos:broaderTransitive and skos:related, removing skos:related
WARNING: Concepts http://www.yso.fi/onto/liito/p12405 and http://www.yso.fi/onto/liito/p12968 connected by both skos:broaderTransitive and skos:related, removing skos:related
WARNING: Concepts http://www.yso.fi/onto/liito/p12698 and http://www.yso.fi/onto/liito/p11381 connected by both skos:broaderTransitive and skos:related, removing skos:related
WARNING: Concepts http://www.yso.fi/onto/yso/p10929 and http://www.yso.fi/onto/yso/p15594 connected by both skos:broaderTransitive and skos:related, removing skos:related
WARNING: Concepts http://www.yso.fi/onto/yso/p10930 and http://www.yso.fi/onto/yso/p15594 connected by both skos:broaderTransitive and skos:related, removing skos:related
WARNING: Concepts http://www.yso.fi/onto/yso/p10936 and http://www.yso.fi/onto/yso/p3234 connected by both skos:broaderTransitive and skos:related, removing skos:related
WARNING: Concepts http://www.yso.fi/onto/yso/p11320 and http://www.yso.fi/onto/yso/p5454 connected by both skos:broaderTransitive and skos:related, removing skos:related
WARNING: Concepts http://www.yso.fi/onto/yso/p11322 and http://www.yso.fi/onto/yso/p5454 connected by both skos:broaderTransitive and skos:related, removing skos:related
WARNING: Concepts http://www.yso.fi/onto/yso/p11323 and http://www.yso.fi/onto/yso/p5454 connected by both skos:broaderTransitive and skos:related, removing skos:related
WARNING: Concepts http://www.yso.fi/onto/yso/p11476 and http://www.yso.fi/onto/yso/p4552 connected by both skos:broaderTransitive and skos:related, removing skos:related
WARNING: Concepts http://www.yso.fi/onto/yso/p12102 and http://www.yso.fi/onto/yso/p11406 connected by both skos:broaderTransitive and skos:related, removing skos:related
WARNING: Concepts http://www.yso.fi/onto/yso/p1263 and http://www.yso.fi/onto/yso/p2956 connected by both skos:broaderTransitive and skos:related, removing skos:related
WARNING: Concepts http://www.yso.fi/onto/yso/p12863 and http://www.yso.fi/onto/yso/p4407 connected by both skos:broaderTransitive and skos:related, removing skos:related
WARNING: Concepts http://www.yso.fi/onto/yso/p1292 and http://www.yso.fi/onto/yso/p614 connected by both skos:broaderTransitive and skos:related, removing skos:related
WARNING: Concepts http://www.yso.fi/onto/yso/p1293 and http://www.yso.fi/onto/yso/p614 connected by both skos:broaderTransitive and skos:related, removing skos:related
WARNING: Concepts http://www.yso.fi/onto/yso/p13009 and http://www.yso.fi/onto/yso/p2099 connected by both skos:broaderTransitive and skos:related, removing skos:related
WARNING: Concepts http://www.yso.fi/onto/yso/p1304 and http://www.yso.fi/onto/yso/p2108 connected by both skos:broaderTransitive and skos:related, removing skos:related
WARNING: Concepts http://www.yso.fi/onto/yso/p13210 and http://www.yso.fi/onto/yso/p2181 connected by both skos:broaderTransitive and skos:related, removing skos:related
WARNING: Concepts http://www.yso.fi/onto/yso/p13211 and http://www.yso.fi/onto/yso/p2181 connected by both skos:broaderTransitive and skos:related, removing skos:related
WARNING: Concepts http://www.yso.fi/onto/yso/p13247 and http://www.yso.fi/onto/yso/p3234 connected by both skos:broaderTransitive and skos:related, removing skos:related
WARNING: Concepts http://www.yso.fi/onto/yso/p1355 and http://www.yso.fi/onto/yso/p7381 connected by both skos:broaderTransitive and skos:related, removing skos:related
WARNING: Concepts http://www.yso.fi/onto/yso/p13690 and http://www.yso.fi/onto/yso/p8500 connected by both skos:broaderTransitive and skos:related, removing skos:related
WARNING: Concepts http://www.yso.fi/onto/yso/p13879 and http://www.yso.fi/onto/yso/p13878 connected by both skos:broaderTransitive and skos:related, removing skos:related
WARNING: Concepts http://www.yso.fi/onto/yso/p13890 and http://www.yso.fi/onto/yso/p10459 connected by both skos:broaderTransitive and skos:related, removing skos:related
WARNING: Concepts http://www.yso.fi/onto/yso/p14031 and http://www.yso.fi/onto/yso/p2211 connected by both skos:broaderTransitive and skos:related, removing skos:related
WARNING: Concepts http://www.yso.fi/onto/yso/p14761 and http://www.yso.fi/onto/yso/p13848 connected by both skos:broaderTransitive and skos:related, removing skos:related
WARNING: Concepts http://www.yso.fi/onto/yso/p1574 and http://www.yso.fi/onto/yso/p2108 connected by both skos:broaderTransitive and skos:related, removing skos:related
WARNING: Concepts http://www.yso.fi/onto/yso/p1640 and http://www.yso.fi/onto/yso/p7184 connected by both skos:broaderTransitive and skos:related, removing skos:related
WARNING: Concepts http://www.yso.fi/onto/yso/p16635 and http://www.yso.fi/onto/yso/p16635 connected by both skos:broaderTransitive and skos:related, removing skos:related
WARNING: Concepts http://www.yso.fi/onto/yso/p1700 and http://www.yso.fi/onto/yso/p971 connected by both skos:broaderTransitive and skos:related, removing skos:related
WARNING: Concepts http://www.yso.fi/onto/yso/p17098 and http://www.yso.fi/onto/yso/p16470 connected by both skos:broaderTransitive and skos:related, removing skos:related
WARNING: Concepts http://www.yso.fi/onto/yso/p17245 and http://www.yso.fi/onto/yso/p1114 connected by both skos:broaderTransitive and skos:related, removing skos:related
WARNING: Concepts http://www.yso.fi/onto/yso/p17745 and http://www.yso.fi/onto/yso/p6580 connected by both skos:broaderTransitive and skos:related, removing skos:related
WARNING: Concepts http://www.yso.fi/onto/yso/p18841 and http://www.yso.fi/onto/yso/p18841 connected by both skos:broaderTransitive and skos:related, removing skos:related
WARNING: Concepts http://www.yso.fi/onto/yso/p19028 and http://www.yso.fi/onto/yso/p2613 connected by both skos:broaderTransitive and skos:related, removing skos:related
WARNING: Concepts http://www.yso.fi/onto/yso/p2027 and http://www.yso.fi/onto/yso/p2023 connected by both skos:broaderTransitive and skos:related, removing skos:related
WARNING: Concepts http://www.yso.fi/onto/yso/p2028 and http://www.yso.fi/onto/yso/p2023 connected by both skos:broaderTransitive and skos:related, removing skos:related
WARNING: Concepts http://www.yso.fi/onto/yso/p20327 and http://www.yso.fi/onto/yso/p6856 connected by both skos:broaderTransitive and skos:related, removing skos:related
WARNING: Concepts http://www.yso.fi/onto/yso/p2109 and http://www.yso.fi/onto/yso/p2108 connected by both skos:broaderTransitive and skos:related, removing skos:related
WARNING: Concepts http://www.yso.fi/onto/yso/p2110 and http://www.yso.fi/onto/yso/p2108 connected by both skos:broaderTransitive and skos:related, removing skos:related
WARNING: Concepts http://www.yso.fi/onto/yso/p2359 and http://www.yso.fi/onto/yso/p2361 connected by both skos:broaderTransitive and skos:related, removing skos:related
WARNING: Concepts http://www.yso.fi/onto/yso/p2359 and http://www.yso.fi/onto/yso/p437 connected by both skos:broaderTransitive and skos:related, removing skos:related
WARNING: Concepts http://www.yso.fi/onto/yso/p2406 and http://www.yso.fi/onto/yso/p2407 connected by both skos:broaderTransitive and skos:related, removing skos:related
WARNING: Concepts http://www.yso.fi/onto/yso/p2571 and http://www.yso.fi/onto/yso/p1574 connected by both skos:broaderTransitive and skos:related, removing skos:related
WARNING: Concepts http://www.yso.fi/onto/yso/p2702 and http://www.yso.fi/onto/yso/p2701 connected by both skos:broaderTransitive and skos:related, removing skos:related
WARNING: Concepts http://www.yso.fi/onto/yso/p2703 and http://www.yso.fi/onto/yso/p2701 connected by both skos:broaderTransitive and skos:related, removing skos:related
WARNING: Concepts http://www.yso.fi/onto/yso/p2907 and http://www.yso.fi/onto/yso/p1080 connected by both skos:broaderTransitive and skos:related, removing skos:related
WARNING: Concepts http://www.yso.fi/onto/yso/p3231 and http://www.yso.fi/onto/yso/p3234 connected by both skos:broaderTransitive and skos:related, removing skos:related
WARNING: Concepts http://www.yso.fi/onto/yso/p3232 and http://www.yso.fi/onto/yso/p3234 connected by both skos:broaderTransitive and skos:related, removing skos:related
WARNING: Concepts http://www.yso.fi/onto/yso/p3233 and http://www.yso.fi/onto/yso/p3234 connected by both skos:broaderTransitive and skos:related, removing skos:related
WARNING: Concepts http://www.yso.fi/onto/yso/p3284 and http://www.yso.fi/onto/yso/p3281 connected by both skos:broaderTransitive and skos:related, removing skos:related
WARNING: Concepts http://www.yso.fi/onto/yso/p3323 and http://www.yso.fi/onto/yso/p3324 connected by both skos:broaderTransitive and skos:related, removing skos:related
WARNING: Concepts http://www.yso.fi/onto/yso/p3549 and http://www.yso.fi/onto/yso/p360 connected by both skos:broaderTransitive and skos:related, removing skos:related
WARNING: Concepts http://www.yso.fi/onto/yso/p3956 and http://www.yso.fi/onto/yso/p3635 connected by both skos:broaderTransitive and skos:related, removing skos:related
WARNING: Concepts http://www.yso.fi/onto/yso/p4008 and http://www.yso.fi/onto/yso/p109 connected by both skos:broaderTransitive and skos:related, removing skos:related
WARNING: Concepts http://www.yso.fi/onto/yso/p4355 and http://www.yso.fi/onto/yso/p1250 connected by both skos:broaderTransitive and skos:related, removing skos:related
WARNING: Concepts http://www.yso.fi/onto/yso/p4463 and http://www.yso.fi/onto/yso/p5323 connected by both skos:broaderTransitive and skos:related, removing skos:related
WARNING: Concepts http://www.yso.fi/onto/yso/p4589 and http://www.yso.fi/onto/yso/p8148 connected by both skos:broaderTransitive and skos:related, removing skos:related
WARNING: Concepts http://www.yso.fi/onto/yso/p5303 and http://www.yso.fi/onto/yso/p5301 connected by both skos:broaderTransitive and skos:related, removing skos:related
WARNING: Concepts http://www.yso.fi/onto/yso/p5376 and http://www.yso.fi/onto/yso/p1979 connected by both skos:broaderTransitive and skos:related, removing skos:related
WARNING: Concepts http://www.yso.fi/onto/yso/p5692 and http://www.yso.fi/onto/yso/p5692 connected by both skos:broaderTransitive and skos:related, removing skos:related
WARNING: Concepts http://www.yso.fi/onto/yso/p5749 and http://www.yso.fi/onto/yso/p5748 connected by both skos:broaderTransitive and skos:related, removing skos:related
WARNING: Concepts http://www.yso.fi/onto/yso/p580 and http://www.yso.fi/onto/yso/p579 connected by both skos:broaderTransitive and skos:related, removing skos:related
WARNING: Concepts http://www.yso.fi/onto/yso/p5831 and http://www.yso.fi/onto/yso/p11597 connected by both skos:broaderTransitive and skos:related, removing skos:related
WARNING: Concepts http://www.yso.fi/onto/yso/p6093 and http://www.yso.fi/onto/yso/p6094 connected by both skos:broaderTransitive and skos:related, removing skos:related
WARNING: Concepts http://www.yso.fi/onto/yso/p6139 and http://www.yso.fi/onto/yso/p6139 connected by both skos:broaderTransitive and skos:related, removing skos:related
WARNING: Concepts http://www.yso.fi/onto/yso/p6285 and http://www.yso.fi/onto/yso/p6286 connected by both skos:broaderTransitive and skos:related, removing skos:related
WARNING: Concepts http://www.yso.fi/onto/yso/p6553 and http://www.yso.fi/onto/yso/p769 connected by both skos:broaderTransitive and skos:related, removing skos:related
WARNING: Concepts http://www.yso.fi/onto/yso/p6831 and http://www.yso.fi/onto/yso/p6824 connected by both skos:broaderTransitive and skos:related, removing skos:related
WARNING: Concepts http://www.yso.fi/onto/yso/p7008 and http://www.yso.fi/onto/yso/p3917 connected by both skos:broaderTransitive and skos:related, removing skos:related
WARNING: Concepts http://www.yso.fi/onto/yso/p7559 and http://www.yso.fi/onto/yso/p7558 connected by both skos:broaderTransitive and skos:related, removing skos:related
WARNING: Concepts http://www.yso.fi/onto/yso/p7773 and http://www.yso.fi/onto/yso/p1581 connected by both skos:broaderTransitive and skos:related, removing skos:related
WARNING: Concepts http://www.yso.fi/onto/yso/p7873 and http://www.yso.fi/onto/yso/p7872 connected by both skos:broaderTransitive and skos:related, removing skos:related
WARNING: Concepts http://www.yso.fi/onto/yso/p7899 and http://www.yso.fi/onto/yso/p392 connected by both skos:broaderTransitive and skos:related, removing skos:related
WARNING: Concepts http://www.yso.fi/onto/yso/p8112 and http://www.yso.fi/onto/yso/p8113 connected by both skos:broaderTransitive and skos:related, removing skos:related
WARNING: Concepts http://www.yso.fi/onto/yso/p8336 and http://www.yso.fi/onto/yso/p2956 connected by both skos:broaderTransitive and skos:related, removing skos:related
WARNING: Concepts http://www.yso.fi/onto/yso/p8352 and http://www.yso.fi/onto/yso/p1581 connected by both skos:broaderTransitive and skos:related, removing skos:related
WARNING: Concepts http://www.yso.fi/onto/yso/p8501 and http://www.yso.fi/onto/yso/p8500 connected by both skos:broaderTransitive and skos:related, removing skos:related
WARNING: Concepts http://www.yso.fi/onto/yso/p8502 and http://www.yso.fi/onto/yso/p8500 connected by both skos:broaderTransitive and skos:related, removing skos:related
WARNING: Concepts http://www.yso.fi/onto/yso/p8548 and http://www.yso.fi/onto/yso/p8549 connected by both skos:broaderTransitive and skos:related, removing skos:related
WARNING: Concepts http://www.yso.fi/onto/yso/p8688 and http://www.yso.fi/onto/yso/p8691 connected by both skos:broaderTransitive and skos:related, removing skos:related
WARNING: Concepts http://www.yso.fi/onto/yso/p870 and http://www.yso.fi/onto/yso/p36 connected by both skos:broaderTransitive and skos:related, removing skos:related
WARNING: Concepts http://www.yso.fi/onto/yso/p8763 and http://www.yso.fi/onto/yso/p7082 connected by both skos:broaderTransitive and skos:related, removing skos:related
WARNING: Concepts http://www.yso.fi/onto/yso/p8893 and http://www.yso.fi/onto/yso/p2699 connected by both skos:broaderTransitive and skos:related, removing skos:related
WARNING: Concepts http://www.yso.fi/onto/yso/p9245 and http://www.yso.fi/onto/yso/p2099 connected by both skos:broaderTransitive and skos:related, removing skos:related
WARNING: Concepts http://www.yso.fi/onto/yso/p9958 and http://www.yso.fi/onto/yso/p5736 connected by both skos:broaderTransitive and skos:related, removing skos:related
WARNING: Redundant hierarchical relationship http://www.yso.fi/onto/yso/p16197 skos:broader http://www.yso.fi/onto/yso/p421 found, but not eliminated because eliminate_redundancy is not set
WARNING: Redundant hierarchical relationship http://www.yso.fi/onto/liito/p11512 skos:broader http://www.yso.fi/onto/yso/p9912 found, but not eliminated because eliminate_redundancy is not set
WARNING: Redundant hierarchical relationship http://www.yso.fi/onto/yso/p18697 skos:broader http://www.yso.fi/onto/yso/p1934 found, but not eliminated because eliminate_redundancy is not set
WARNING: Redundant hierarchical relationship http://www.yso.fi/onto/yso/p11131 skos:broader http://www.yso.fi/onto/yso/p207 found, but not eliminated because eliminate_redundancy is not set
WARNING: Redundant hierarchical relationship http://www.yso.fi/onto/yso/p1653 skos:broader http://www.yso.fi/onto/yso/p649 found, but not eliminated because eliminate_redundancy is not set
WARNING: Redundant hierarchical relationship http://www.yso.fi/onto/yso/p3706 skos:broader http://www.yso.fi/onto/yso/p649 found, but not eliminated because eliminate_redundancy is not set
WARNING: Redundant hierarchical relationship http://www.yso.fi/onto/yso/p5747 skos:broader http://www.yso.fi/onto/yso/p2633 found, but not eliminated because eliminate_redundancy is not set
WARNING: Redundant hierarchical relationship http://www.yso.fi/onto/yso/p11094 skos:broader http://www.yso.fi/onto/yso/p649 found, but not eliminated because eliminate_redundancy is not set
WARNING: Redundant hierarchical relationship http://www.yso.fi/onto/yso/p2776 skos:broader http://www.yso.fi/onto/yso/p642 found, but not eliminated because eliminate_redundancy is not set
WARNING: Redundant hierarchical relationship http://www.yso.fi/onto/yso/p18562 skos:broader http://www.yso.fi/onto/yso/p396 found, but not eliminated because eliminate_redundancy is not set
WARNING: Redundant hierarchical relationship http://www.yso.fi/onto/yso/p52 skos:broader http://www.yso.fi/onto/yso/p2866 found, but not eliminated because eliminate_redundancy is not set
WARNING: Redundant hierarchical relationship http://www.yso.fi/onto/yso/p9924 skos:broader http://www.yso.fi/onto/yso/p438 found, but not eliminated because eliminate_redundancy is not set
WARNING: Redundant hierarchical relationship http://www.yso.fi/onto/yso/p12653 skos:broader http://www.yso.fi/onto/yso/p3602 found, but not eliminated because eliminate_redundancy is not set
WARNING: Redundant hierarchical relationship http://www.yso.fi/onto/yso/p7401 skos:broader http://www.yso.fi/onto/yso/p386 found, but not eliminated because eliminate_redundancy is not set
WARNING: Redundant hierarchical relationship http://www.yso.fi/onto/yso/p17883 skos:broader http://www.yso.fi/onto/yso/p3877 found, but not eliminated because eliminate_redundancy is not set
WARNING: Redundant hierarchical relationship http://www.yso.fi/onto/yso/p16261 skos:broader http://www.yso.fi/onto/yso/p2633 found, but not eliminated because eliminate_redundancy is not set
WARNING: Redundant hierarchical relationship http://www.yso.fi/onto/yso/p9508 skos:broader http://www.yso.fi/onto/yso/p2460 found, but not eliminated because eliminate_redundancy is not set
WARNING: Redundant hierarchical relationship http://www.yso.fi/onto/yso/p17239 skos:broader http://www.yso.fi/onto/yso/p396 found, but not eliminated because eliminate_redundancy is not set
WARNING: Redundant hierarchical relationship http://www.yso.fi/onto/yso/p17090 skos:broader http://www.yso.fi/onto/yso/p6397 found, but not eliminated because eliminate_redundancy is not set
WARNING: Redundant hierarchical relationship http://www.yso.fi/onto/yso/p16366 skos:broader http://www.yso.fi/onto/yso/p1393 found, but not eliminated because eliminate_redundancy is not set
WARNING: Redundant hierarchical relationship http://www.yso.fi/onto/yso/p9790 skos:broader http://www.yso.fi/onto/yso/p990 found, but not eliminated because eliminate_redundancy is not set
WARNING: Redundant hierarchical relationship http://www.yso.fi/onto/liito/p13115 skos:broader http://www.yso.fi/onto/yso/p6118 found, but not eliminated because eliminate_redundancy is not set
WARNING: Redundant hierarchical relationship http://www.yso.fi/onto/yso/p9087 skos:broader http://www.yso.fi/onto/yso/p649 found, but not eliminated because eliminate_redundancy is not set
WARNING: Redundant hierarchical relationship http://www.yso.fi/onto/liito/p6382 skos:broader http://www.yso.fi/onto/liito/p8122 found, but not eliminated because eliminate_redundancy is not set
WARNING: Redundant hierarchical relationship http://www.yso.fi/onto/liito/p4972 skos:broader http://www.yso.fi/onto/liito/p8122 found, but not eliminated because eliminate_redundancy is not set
WARNING: Redundant hierarchical relationship http://www.yso.fi/onto/yso/p19426 skos:broader http://www.yso.fi/onto/yso/p3056 found, but not eliminated because eliminate_redundancy is not set
WARNING: Redundant hierarchical relationship http://www.yso.fi/onto/yso/p948 skos:broader http://www.yso.fi/onto/yso/p949 found, but not eliminated because eliminate_redundancy is not set
WARNING: Redundant hierarchical relationship http://www.yso.fi/onto/yso/p1120 skos:broader http://www.yso.fi/onto/yso/p649 found, but not eliminated because eliminate_redundancy is not set
WARNING: Redundant hierarchical relationship http://www.yso.fi/onto/yso/p8727 skos:broader http://www.yso.fi/onto/yso/p3877 found, but not eliminated because eliminate_redundancy is not set
WARNING: Redundant hierarchical relationship http://www.yso.fi/onto/yso/p12073 skos:broader http://www.yso.fi/onto/yso/p2234 found, but not eliminated because eliminate_redundancy is not set
WARNING: Redundant hierarchical relationship http://www.yso.fi/onto/yso/p12077 skos:broader http://www.yso.fi/onto/yso/p649 found, but not eliminated because eliminate_redundancy is not set
WARNING: Redundant hierarchical relationship http://www.yso.fi/onto/yso/p5001 skos:broader http://www.yso.fi/onto/yso/p421 found, but not eliminated because eliminate_redundancy is not set
WARNING: Redundant hierarchical relationship http://www.yso.fi/onto/yso/p19323 skos:broader http://www.yso.fi/onto/yso/p3602 found, but not eliminated because eliminate_redundancy is not set
WARNING: Redundant hierarchical relationship http://www.yso.fi/onto/yso/p11929 skos:broader http://www.yso.fi/onto/yso/p11930 found, but not eliminated because eliminate_redundancy is not set
WARNING: Redundant hierarchical relationship http://www.yso.fi/onto/yso/p1739 skos:broader http://www.yso.fi/onto/yso/p1740 found, but not eliminated because eliminate_redundancy is not set
WARNING: Redundant hierarchical relationship http://www.yso.fi/onto/yso/p12312 skos:broader http://www.yso.fi/onto/yso/p1009 found, but not eliminated because eliminate_redundancy is not set
WARNING: Redundant hierarchical relationship http://www.yso.fi/onto/yso/p6994 skos:broader http://www.yso.fi/onto/yso/p5891 found, but not eliminated because eliminate_redundancy is not set
WARNING: Redundant hierarchical relationship http://www.yso.fi/onto/yso/p5890 skos:broader http://www.yso.fi/onto/yso/p5891 found, but not eliminated because eliminate_redundancy is not set
WARNING: Redundant hierarchical relationship http://www.yso.fi/onto/yso/p10409 skos:broader http://www.yso.fi/onto/yso/p649 found, but not eliminated because eliminate_redundancy is not set
WARNING: Redundant hierarchical relationship http://www.yso.fi/onto/yso/p16902 skos:broader http://www.yso.fi/onto/yso/p264 found, but not eliminated because eliminate_redundancy is not set
WARNING: Redundant hierarchical relationship http://www.yso.fi/onto/yso/p7081 skos:broader http://www.yso.fi/onto/yso/p7082 found, but not eliminated because eliminate_redundancy is not set
WARNING: Redundant hierarchical relationship http://www.yso.fi/onto/yso/p19293 skos:broader http://www.yso.fi/onto/yso/p2633 found, but not eliminated because eliminate_redundancy is not set
WARNING: Redundant hierarchical relationship http://www.yso.fi/onto/yso/p6231 skos:broader http://www.yso.fi/onto/yso/p649 found, but not eliminated because eliminate_redundancy is not set
WARNING: Redundant hierarchical relationship http://www.yso.fi/onto/yso/p9510 skos:broader http://www.yso.fi/onto/yso/p3877 found, but not eliminated because eliminate_redundancy is not set
WARNING: Redundant hierarchical relationship http://www.yso.fi/onto/yso/p9718 skos:broader http://www.yso.fi/onto/yso/p649 found, but not eliminated because eliminate_redundancy is not set
WARNING: Redundant hierarchical relationship http://www.yso.fi/onto/yso/p457 skos:broader http://www.yso.fi/onto/yso/p459 found, but not eliminated because eliminate_redundancy is not set
WARNING: Redundant hierarchical relationship http://www.yso.fi/onto/yso/p1245 skos:broader http://www.yso.fi/onto/yso/p649 found, but not eliminated because eliminate_redundancy is not set
WARNING: Redundant hierarchical relationship http://www.yso.fi/onto/yso/p18570 skos:broader http://www.yso.fi/onto/yso/p3128 found, but not eliminated because eliminate_redundancy is not set
WARNING: Redundant hierarchical relationship http://www.yso.fi/onto/yso/p3213 skos:broader http://www.yso.fi/onto/yso/p2633 found, but not eliminated because eliminate_redundancy is not set
WARNING: Redundant hierarchical relationship http://www.yso.fi/onto/yso/p12078 skos:broader http://www.yso.fi/onto/yso/p649 found, but not eliminated because eliminate_redundancy is not set
WARNING: Redundant hierarchical relationship http://www.yso.fi/onto/yso/p152 skos:broader http://www.yso.fi/onto/yso/p2241 found, but not eliminated because eliminate_redundancy is not set
WARNING: Redundant hierarchical relationship http://www.yso.fi/onto/liito/p13462 skos:broader http://www.yso.fi/onto/yso/p6118 found, but not eliminated because eliminate_redundancy is not set
WARNING: Redundant hierarchical relationship http://www.yso.fi/onto/yso/p20529 skos:broader http://www.yso.fi/onto/yso/p649 found, but not eliminated because eliminate_redundancy is not set
WARNING: Redundant hierarchical relationship http://www.yso.fi/onto/yso/p16366 skos:broader http://www.yso.fi/onto/yso/p1393 found, but not eliminated because eliminate_redundancy is not set
WARNING: Resource http://www.yso.fi/onto/yso/p10087 has more than one prefLabel@sv: choosing överföring (policy: shortest)
WARNING: Resource http://www.yso.fi/onto/yso/p10843 has more than one prefLabel@sv: choosing landbruksmiljö (policy: shortest)
WARNING: Resource http://www.yso.fi/onto/yso/p13802 has more than one prefLabel@sv: choosing utsättning (policy: shortest)
WARNING: Resource http://www.yso.fi/onto/yso/p14829 has more than one prefLabel@sv: choosing rabatt (policy: shortest)
WARNING: Resource http://www.yso.fi/onto/yso/p18094 has more than one prefLabel@en: choosing presenting officers (policy: shortest)
WARNING: Resource http://www.yso.fi/onto/yso/p2085 has more than one prefLabel@en: choosing teams (policy: shortest)
WARNING: Resource http://www.yso.fi/onto/yso/p2420 has more than one prefLabel@en: choosing ilo (policy: shortest)
WARNING: Resource http://www.yso.fi/onto/yso/p3900 has more than one prefLabel@en: choosing offspring (policy: shortest)
WARNING: Resource http://www.yso.fi/onto/yso/p4057 has more than one prefLabel@en: choosing green areas (policy: shortest)
WARNING: Resource http://www.yso.fi/onto/yso/p5299 has more than one prefLabel@sv: choosing bässar (policy: shortest)
WARNING: Resource http://www.yso.fi/onto/yso/p5437 has more than one prefLabel@en: choosing stopping (policy: shortest)
WARNING: Resource http://www.yso.fi/onto/yso/p5700 has more than one prefLabel@sv: choosing överföring (policy: shortest)
WARNING: Resource http://www.yso.fi/onto/yso/p763 has more than one prefLabel@en: choosing plans (policy: shortest)
WARNING: Resource http://www.yso.fi/onto/yso/p9332 has more than one prefLabel@en: choosing zither (policy: shortest)
WARNING: Resource http://www.yso.fi/onto/liito/p12376 has 'accis på dryckesförpackningar'@sv as both prefLabel and altLabel; removing altLabel
WARNING: Resource http://www.yso.fi/onto/liito/p12784 has 'bevakning av skattetagarnas rätt'@sv as both prefLabel and altLabel; removing altLabel
WARNING: Resource http://www.yso.fi/onto/liito/p3737 has 'laivat'@fi as both prefLabel and altLabel; removing altLabel
WARNING: Resource http://www.yso.fi/onto/liito/p4227 has 'makeinen'@fi as both prefLabel and altLabel; removing altLabel
WARNING: Resource http://www.yso.fi/onto/liito/p7577 has 'valmisruoat'@fi as both prefLabel and altLabel; removing altLabel
WARNING: Resource http://www.yso.fi/onto/yso/p13383 has 'nättidskrifter'@sv as both prefLabel and altLabel; removing altLabel
WARNING: Resource http://www.yso.fi/onto/yso/p8002 has 'apassit'@fi as both prefLabel and altLabel; removing altLabel
WARNING: Resource http://www.yso.fi/onto/yso/p882 has 'julkisuus'@fi as both prefLabel and altLabel; removing altLabel
