http://www.yso.fi/onto/allars/Y27082 'ståndortstyper': Referred term 'kärrkomplex' is an altLabel; should be 'myrkomplex'
http://www.yso.fi/onto/allars/Y38231 'Liesjärvi': Unknown referred term 'Keuruu -- Liesjärvi'
http://www.yso.fi/onto/allars/Y16915 'dieter': Unknown referred term 'South Beach diet'
http://www.yso.fi/onto/allars/Y48035 'Pälkäne -- Puutikkala': Unknown referred term 'Luopioinen -- Puutikkala'
http://www.yso.fi/onto/allars/Y29010 'vårdkollektiv': Referred term 'gemenskaper' is an altLabel; should be 'samfund'
http://www.yso.fi/onto/allars/Y27583 'teologi': Unknown referred term 'apofatisk teologi'
http://www.yso.fi/onto/allars/Y27583 'teologi': Unknown referred term 'naturlig teologi'
http://www.yso.fi/onto/allars/Y17532 'eskimåspråk': Unknown referred term 'grönlänska'
http://www.yso.fi/onto/allars/Y22451 'markfauna': Unknown referred term 'markorganimser'
http://www.yso.fi/onto/allars/Y34758 'elektroniska publikationer': Referred term 'magnetiska upptagningar' is an altLabel; should be 'magnetiska inspelningar'
http://www.yso.fi/onto/allars/Y36613 'specialyrkeslärare': Unknown referred term 'lärare för ykresstudier'
http://www.yso.fi/onto/allars/Y25994 'skatteförslag': Referred term 'förlag' is an altLabel; should be 'förläggare'
http://www.yso.fi/onto/allars/Y16431 'brännskador': Unknown referred term 'skador  -- medicin'
http://www.yso.fi/onto/allars/Y32994 'Mexico': Unknown referred term 'México'
http://www.yso.fi/onto/allars/Y20546 'kanoner': Unknown referred term 'pansarvärnskanoner'
http://www.yso.fi/onto/allars/Y24677 'programmeringsspråk': Unknown referred term 'DisCO'
http://www.yso.fi/onto/allars/Y23511 'njursjukdomar': Unknown referred term 'polycytisk njursjukdom'
http://www.yso.fi/onto/allars/Y31217 'Ryssland': Unknown referred term 'Autonoma kretsen Nentsien'
http://www.yso.fi/onto/allars/Y31217 'Ryssland': Unknown referred term 'Kiestinki'
http://www.yso.fi/onto/allars/Y31217 'Ryssland': Referred term 'Marilandet' is an altLabel; should be 'Mari'
http://www.yso.fi/onto/allars/Y31217 'Ryssland': Unknown referred term 'Rukajärvi'
http://www.yso.fi/onto/allars/Y17935 'fiskar': Unknown referred term 'taggfeninga fiskar'
http://www.yso.fi/onto/allars/Y31027 'registrerat partnerskap': Unknown referred term 'partnerskap'
http://www.yso.fi/onto/allars/Y31393 'Sovjetunionen': Unknown referred term 'Autonoma kretsen Nentsien'
http://www.yso.fi/onto/allars/Y31393 'Sovjetunionen': Referred term 'Volgograd' is an altLabel; should be 'Stalingrad'
http://www.yso.fi/onto/allars/Y29403 'ämnesomsättningsrubbningar': Unknown referred term 'MELAS-syndromet'
http://www.yso.fi/onto/allars/Y29402 'ämnesomsättning': Referred term 'avsöndring' is an altLabel; should be 'sekretion'
http://www.yso.fi/onto/allars/Y16374 'brist på arbetskraft': Unknown referred term 'arbetsmarknad'
http://www.yso.fi/onto/allars/Y39151 'förteckningar': Unknown referred term 'prisförteckningar'
http://www.yso.fi/onto/allars/Y20041 'ingermanlänningar': Referred term 'rysslandsfinländare' is an altLabel; should be 'finländare i Ryssland'
http://www.yso.fi/onto/allars/Y18055 'flygekorre': Unknown referred term 'ekorrar'
http://www.yso.fi/onto/allars/Y19090 'gravmonument': Referred term 'cenotafier' is an altLabel; should be 'kenotafer'
http://www.yso.fi/onto/allars/Y34648 'tvättaggregat': Unknown referred term 'trycktvätt'
http://www.yso.fi/onto/allars/Y24698 'pronomen': Unknown referred term 'demonstrafivpronomen'
http://www.yso.fi/onto/allars/Y26697 'språket': Referred term 'modersmål' is an altLabel; should be 'modersmålet'
http://www.yso.fi/onto/allars/Y26348 'smycken': Referred term 'öronsmycken' is an altLabel; should be 'örhängen'
http://www.yso.fi/onto/allars/Y22690 'meritförteckningar': Unknown referred term 'förtecknigar'
http://www.yso.fi/onto/allars/Y39224 'Bomban juhlaviikot': Unknown referred term 'kultevenemang'
http://www.yso.fi/onto/allars/Y21577 'kyrkobyggnader': Unknown referred term 'Esbo kyrka'
http://www.yso.fi/onto/allars/Y21577 'kyrkobyggnader': Unknown referred term 'Helige Andes kapell'
http://www.yso.fi/onto/allars/Y28417 'urinavsöndring': Referred term 'avsöndring' is an altLabel; should be 'sekretion'
http://www.yso.fi/onto/allars/Y41749 'adjutanter': Unknown referred term 'militärer(personal)'
http://www.yso.fi/onto/allars/Y23124 'multivariata metoder': Unknown referred term 'koveriananalys'
http://www.yso.fi/onto/allars/Y35010 'Vuotos': Unknown referred term 'tekoaltaat'
http://www.yso.fi/onto/allars/Y37279 'korgblommiga växter': Unknown referred term 'krysantemer'
http://www.yso.fi/onto/allars/Y33166 'steroler': Unknown referred term 'växtsteroler'
http://www.yso.fi/onto/allars/Y47672 'S:t Mårtens -- Kyrö': Unknown referred term 'Karinais -- Kyrö'
http://www.yso.fi/onto/allars/Y47672 'S:t Mårtens -- Kyrö': Unknown referred term 'Pöytis -- Kyrö'
http://www.yso.fi/onto/allars/Y22558 'matriklar': Unknown referred term 'inedex -- register'
http://www.yso.fi/onto/allars/Y31187 'Cypern': Unknown referred term 'Larnaka'
http://www.yso.fi/onto/allars/Y31187 'Cypern': Unknown referred term 'Nicosia'
http://www.yso.fi/onto/allars/Y31187 'Cypern': Unknown referred term 'Pafos'
http://www.yso.fi/onto/allars/Y31189 'Norge': Unknown referred term 'Ruija'
http://www.yso.fi/onto/allars/Y41289 'alfavirus': Unknown referred term 'Semliki Forest -virus'
http://www.yso.fi/onto/allars/Y47423 'Kuusamo -- Rukajärvi': Unknown referred term 'Rukajärvi -- Norra österbotten'
http://www.yso.fi/onto/allars/Y15862 'belastningsskador': Unknown referred term 'skador  -- medicin'
http://www.yso.fi/onto/allars/Y31225 'Kaliningrad': Unknown referred term 'Königsberg'
http://www.yso.fi/onto/allars/Y20763 'kläder': Unknown referred term 'danskläder'
http://www.yso.fi/onto/allars/Y20763 'kläder': Referred term 'regnrockar' is an altLabel; should be 'regnkläder'
http://www.yso.fi/onto/allars/Y28195 'tävlingar': Unknown referred term 'Tävlingen Bästa Kamraten'
http://www.yso.fi/onto/allars/Y38642 'stadion': Unknown referred term 'Helsingfors Olympiastadion'
http://www.yso.fi/onto/allars/Y26213 'skydd i arbetet': Unknown referred term 'säkerhet -- trygghet'
http://www.yso.fi/onto/allars/Y35592 'organisationer': Unknown referred term 'gymnastik- och idrottföreningar'
http://www.yso.fi/onto/allars/Y35592 'organisationer': Unknown referred term 'miljöorgansationer'
http://www.yso.fi/onto/allars/Y35596 'murmeldjur': Unknown referred term 'ekorrar'
http://www.yso.fi/onto/allars/Y35595 'präriehundar': Unknown referred term 'ekorrar'
http://www.yso.fi/onto/allars/Y29430 'äventyrslitteratur': Referred term 'thrillers (litteratur)' is an altLabel; should be 'thriller'
http://www.yso.fi/onto/allars/Y19250 'gäss': Unknown referred term 'grågäs'
http://www.yso.fi/onto/allars/Y17561 'etniska minoriteter': Unknown referred term 'nimoriteter'
http://www.yso.fi/onto/allars/Y30990 'elektronisk krigföring': Unknown referred term 'krigsföring'
http://www.yso.fi/onto/allars/Y20099 'inre sekretion': Referred term 'avsöndring' is an altLabel; should be 'sekretion'
http://www.yso.fi/onto/allars/Y26720 'språkstammar': Unknown referred term 'semitisk-hamitiska språk'
http://www.yso.fi/onto/allars/Y24326 'planeter': Unknown referred term 'Venus (planet)'
http://www.yso.fi/onto/allars/Y39181 'åldringar': Unknown referred term 'åldersgrupprer'
http://www.yso.fi/onto/allars/Y38058 'engelsk vinthund': Unknown referred term 'vinthund'
