log4j:WARN No appenders could be found for logger (com.hp.hpl.jena.util.FileManager).
log4j:WARN Please initialize the log4j system properly.
log4j:WARN See http://logging.apache.org/log4j/1.2/faq.html#noconfig for more info.
Luetaan URI-vastaavuudet tiedostosta kokoUriVastaavuudet.txt
luetaan malli sisään.
malli luettu sisään.
Luetaan ../../vocabularies/jupo/jupo-skos.ttl
luetaan malli sisään.
malli luettu sisään.
Lisataan KOKOon 2306 http://www.yso.fi/onto/jupo-meta/Concept -tyyppista resurssia.
Luetaan ../../vocabularies/tsr/tsr-skos.ttl
luetaan malli sisään.
malli luettu sisään.
Lisataan KOKOon 5107 http://www.yso.fi/onto/tsr-meta/Concept -tyyppista resurssia.
Luetaan ../../vocabularies/kauno/kauno-skos.ttl
luetaan malli sisään.
malli luettu sisään.
Lisataan KOKOon 5994 http://www.yso.fi/onto/kauno-meta/Concept -tyyppista resurssia.
Luetaan ../../vocabularies/maotao/maotao-skos.ttl
luetaan malli sisään.
malli luettu sisään.
Lisataan KOKOon 2569 http://www.yso.fi/onto/tao-meta/Concept -tyyppista resurssia.
Luetaan ../../vocabularies/juho/juho-skos.ttl
luetaan malli sisään.
malli luettu sisään.
Lisataan KOKOon 6532 http://www.yso.fi/onto/juho-meta/Concept -tyyppista resurssia.
Luetaan ../../vocabularies/liito/liito-skos.ttl
luetaan malli sisään.
malli luettu sisään.
Lisataan KOKOon 3941 http://www.yso.fi/onto/liito-meta/Concept -tyyppista resurssia.
Luetaan ../../vocabularies/puho/puho-skos.ttl
luetaan malli sisään.
malli luettu sisään.
Lisataan KOKOon 2393 http://www.yso.fi/onto/puho-meta/Concept -tyyppista resurssia.
Luetaan ../../vocabularies/tero/tero-skos-koko.ttl
luetaan malli sisään.
malli luettu sisään.
Lisataan KOKOon 2475 http://www.yso.fi/onto/tero-meta/Concept -tyyppista resurssia.
Luetaan ../../vocabularies/kto/kto-skos.ttl
luetaan malli sisään.
malli luettu sisään.
Lisataan KOKOon 953 http://www.yso.fi/onto/kto-meta/Concept -tyyppista resurssia.
Luetaan ../../vocabularies/muso/muso-skos.ttl
luetaan malli sisään.
malli luettu sisään.
Lisataan KOKOon 943 http://www.yso.fi/onto/muso-meta/Concept -tyyppista resurssia.
Luetaan ../../vocabularies/mero/mero-skos.ttl
luetaan malli sisään.
malli luettu sisään.
Lisataan KOKOon 1377 http://www.yso.fi/onto/mero-meta/Concept -tyyppista resurssia.
Luetaan ../../vocabularies/kito/kito-skos.ttl
luetaan malli sisään.
malli luettu sisään.
Lisataan KOKOon 847 http://www.yso.fi/onto/kito-meta/Concept -tyyppista resurssia.
Luetaan ../../vocabularies/afo/afo-skos.ttl
luetaan malli sisään.
malli luettu sisään.
Lisataan KOKOon 5989 http://www.yso.fi/onto/afo-meta/Concept -tyyppista resurssia.
Luetaan ../../vocabularies/kulo/kulo-skos.ttl
luetaan malli sisään.
malli luettu sisään.
Lisataan KOKOon 1556 http://www.yso.fi/onto/kulo-meta/Concept -tyyppista resurssia.
Luetaan ../../vocabularies/maotao/maotao-skos.ttl
luetaan malli sisään.
malli luettu sisään.
Lisataan KOKOon 7747 http://www.yso.fi/onto/mao-meta/Concept -tyyppista resurssia.
Luetaan ../../vocabularies/valo/valo-skos.ttl
luetaan malli sisään.
malli luettu sisään.
Lisataan KOKOon 1933 http://www.yso.fi/onto/valo-meta/Concept -tyyppista resurssia.
Kasitteella http://www.yso.fi/onto/afo/p926 ei ollut jarkevia labeleita eika sita lisatty KOKOon.
Kasitteella http://www.yso.fi/onto/kauno/p5502 ei ollut jarkevia labeleita eika sita lisatty KOKOon.
Kasitteella http://www.yso.fi/onto/afo/p886 ei ollut jarkevia labeleita eika sita lisatty KOKOon.
Kasitteella http://www.yso.fi/onto/kauno/p6211 ei ollut jarkevia labeleita eika sita lisatty KOKOon.
Kasitteella http://www.yso.fi/onto/afo/p7809 ei ollut jarkevia labeleita eika sita lisatty KOKOon.
Kasitteella http://www.yso.fi/onto/afo/p3003 ei ollut jarkevia labeleita eika sita lisatty KOKOon.
Ongelma romautuksien labeleissa:  -- http://www.yso.fi/onto/kauno/p2178 -- http://www.yso.fi/onto/yso/p10936 pyykinpesu
Korjataan KOKOn objektit.
Lisataan linkit aiemmassa KOKOssa olleisiin kasitteisiin.
luetaan malli sisään.
malli luettu sisään.
Lisattiin 2461 replacedByta aiemmasta KOKOsta.
Tarkistetaan ettei korvattuihin mene suhteita ja puretaan mahdolliset korvaavuusketjut.
poistettiin:
lisattiin:
triplet korvattuihin muutettu
poistettiin:
lisattiin:
Tarkistettu.
Tulostetaan prefLabel-muutokset edelliseen KOKOon verrattuna.
luetaan malli sisään.
malli luettu sisään.
KOKOn prefLabel muutokset edelliseen versioon verrattuna kielella fi:
1. http://www.yso.fi/onto/koko/p78427 -- radat => liikeradat
KOKOn prefLabel muutokset edelliseen versioon verrattuna kielella sv:
1. http://www.yso.fi/onto/koko/p78427 -- banor => rörelsebanor
2. http://www.yso.fi/onto/koko/p30657 -- seder => sätt
Uudessa KOKOssa on 1330 uutta kasitetta.
1.http://www.yso.fi/onto/koko/p52710 = asevaikutus
2.http://www.yso.fi/onto/koko/p54273 = irtoräjäyttimet
3.http://www.yso.fi/onto/koko/p59174 = aktiivipanssarit
4.http://www.yso.fi/onto/koko/p80698 = yhteiskunnan elintärkeät toiminnot
5.http://www.yso.fi/onto/koko/p80697 = tiedustelutilannekuva
6.http://www.yso.fi/onto/koko/p52716 = elektroninen tiedustelu
7.http://www.yso.fi/onto/koko/p56672 = taloustiedustelu
8.http://www.yso.fi/onto/koko/p80699 = maapuolustuksen viestijärjestelmä
9.http://www.yso.fi/onto/koko/p54276 = suojaliivit
10.http://www.yso.fi/onto/koko/p80694 = disinformaatio ()
11.http://www.yso.fi/onto/koko/p57619 = hiihtomarssit
12.http://www.yso.fi/onto/koko/p80693 = Turvallisuusverkko
13.http://www.yso.fi/onto/koko/p65053 = erikoisammukset
14.http://www.yso.fi/onto/koko/p80696 = sodan ajan käskytys
15.http://www.yso.fi/onto/koko/p80695 = Puolustusvoimien prosessit
16.http://www.yso.fi/onto/koko/p80690 = valmiusvaatimukset
17.http://www.yso.fi/onto/koko/p80692 = tietoverkkotiedustelu
18.http://www.yso.fi/onto/koko/p80691 = tilannetietoisuuden jakaminen
19.http://www.yso.fi/onto/koko/p56668 = tulenkäyttö
20.http://www.yso.fi/onto/koko/p64941 = saattueet (toimintaan liittyvä rooli)
21.http://www.yso.fi/onto/koko/p80669 = tiedustelulajit
22.http://www.yso.fi/onto/koko/p54291 = kadettiupseerit
23.http://www.yso.fi/onto/koko/p80678 = pääjoukot
24.http://www.yso.fi/onto/koko/p80677 = vastatiedustelu
25.http://www.yso.fi/onto/koko/p80679 = taistelujärjestyksen rikkominen
26.http://www.yso.fi/onto/koko/p60174 = maanpäällinen linnoittaminen
27.http://www.yso.fi/onto/koko/p57631 = valtiollinen poliisi
28.http://www.yso.fi/onto/koko/p55234 = taistelupanssarivaunut
29.http://www.yso.fi/onto/koko/p80674 = avainhenkilöihin vaikuttaminen
30.http://www.yso.fi/onto/koko/p56699 = sirpaloituminen
31.http://www.yso.fi/onto/koko/p80673 = huoltopataljoona
32.http://www.yso.fi/onto/koko/p55233 = satelliittitutkat
33.http://www.yso.fi/onto/koko/p80676 = valmiuden säätely
34.http://www.yso.fi/onto/koko/p60178 = miinasota
35.http://www.yso.fi/onto/koko/p80675 = strateginen yhteistoiminta
36.http://www.yso.fi/onto/koko/p80670 = sotavankien käsittely
37.http://www.yso.fi/onto/koko/p65077 = ohjusiskut
38.http://www.yso.fi/onto/koko/p80672 = täydentävä käsky
39.http://www.yso.fi/onto/koko/p80671 = aktiivinen ilmapuolustus
40.http://www.yso.fi/onto/koko/p57637 = moottoriajoneuvohuolto
41.http://www.yso.fi/onto/koko/p65074 = laivanrakennustekniikka
42.http://www.yso.fi/onto/koko/p63514 = kaukoverkot
43.http://www.yso.fi/onto/koko/p63508 = kenttähuolto
44.http://www.yso.fi/onto/koko/p52724 = tutkimussukellusveneet
45.http://www.yso.fi/onto/koko/p80689 = taktinen tiedustelualue
46.http://www.yso.fi/onto/koko/p56688 = savutus
47.http://www.yso.fi/onto/koko/p80686 = taktinen taso
48.http://www.yso.fi/onto/koko/p80685 = koordinointikäsky
49.http://www.yso.fi/onto/koko/p52725 = meripuolustusalueet
50.http://www.yso.fi/onto/koko/p80688 = perustamisjoukot
51.http://www.yso.fi/onto/koko/p80687 = tiedustelualue
52.http://www.yso.fi/onto/koko/p80682 = Kenttäohjesääntö yleinen
53.http://www.yso.fi/onto/koko/p80681 = tiedustelutieto
54.http://www.yso.fi/onto/koko/p80684 = ennakoiva suunnittelu
55.http://www.yso.fi/onto/koko/p80683 = taistelujaotus
56.http://www.yso.fi/onto/koko/p63505 = raivaustoiminta
57.http://www.yso.fi/onto/koko/p80680 = poliittinen painostus
58.http://www.yso.fi/onto/koko/p65013 = tulostoimintasuunnittelu
59.http://www.yso.fi/onto/koko/p63978 = sotateoreetikot
60.http://www.yso.fi/onto/koko/p62514 = ylikaliiperiammukset
61.http://www.yso.fi/onto/koko/p64912 = meripataljoonat
62.http://www.yso.fi/onto/koko/p62518 = rauhan ajan joukot
63.http://www.yso.fi/onto/koko/p80649 = ottomateriaali
64.http://www.yso.fi/onto/koko/p80646 = informaatiouhka
65.http://www.yso.fi/onto/koko/p59126 = syvyysraketit
66.http://www.yso.fi/onto/koko/p65018 = maihinnousutukialukset
67.http://www.yso.fi/onto/koko/p80645 = jakomateriaali
68.http://www.yso.fi/onto/koko/p80648 = päätaistelualue
69.http://www.yso.fi/onto/koko/p80647 = henkilötäydennyspaikka
70.http://www.yso.fi/onto/koko/p59129 = tilausvaltuudet
71.http://www.yso.fi/onto/koko/p80654 = henkilötiedustelu (tiedustelu)
72.http://www.yso.fi/onto/koko/p80653 = ottotoiminta
73.http://www.yso.fi/onto/koko/p80656 = taisteluliike
74.http://www.yso.fi/onto/koko/p80655 = suorituskykyvaatimukset
75.http://www.yso.fi/onto/koko/p80650 = logistiikan operatiivinen johtaminen
76.http://www.yso.fi/onto/koko/p55694 = optoelektroninen tiedustelu
77.http://www.yso.fi/onto/koko/p59130 = elektroninen mittaustiedustelu
78.http://www.yso.fi/onto/koko/p80652 = taistelukoulutusyksikkö
79.http://www.yso.fi/onto/koko/p80651 = henkilötäydennyserä
80.http://www.yso.fi/onto/koko/p53296 = hyppymiinat
81.http://www.yso.fi/onto/koko/p61570 = millimetriaaltotutkat
82.http://www.yso.fi/onto/koko/p63977 = jalkaväen taisteluajoneuvot
83.http://www.yso.fi/onto/koko/p56635 = harjoitusammunta
84.http://www.yso.fi/onto/koko/p60115 = panssarivaunujen tykit
85.http://www.yso.fi/onto/koko/p59118 = puhon koostekäsitteet
86.http://www.yso.fi/onto/koko/p62504 = nuoliammukset
87.http://www.yso.fi/onto/koko/p56619 = tulenjohto (toiminta)
88.http://www.yso.fi/onto/koko/p64066 = polttotaisteluaineet
89.http://www.yso.fi/onto/koko/p59112 = ryhmäkohtaiset aseet
90.http://www.yso.fi/onto/koko/p53280 = paikallispuolustus
91.http://www.yso.fi/onto/koko/p80658 = strateginen kumppanuus
92.http://www.yso.fi/onto/koko/p65006 = dekontaminaatio
93.http://www.yso.fi/onto/koko/p80657 = avun vastaanotto
94.http://www.yso.fi/onto/koko/p80659 = liikekannallepanojärjestelmä
95.http://www.yso.fi/onto/koko/p80666 = kyberoperaatiot
96.http://www.yso.fi/onto/koko/p55685 = uramotivaatio
97.http://www.yso.fi/onto/koko/p80665 = sotavankien kokoamispaikka
98.http://www.yso.fi/onto/koko/p54222 = tutkaherätteet
99.http://www.yso.fi/onto/koko/p80668 = operatiivinen tiedustelualue
100.http://www.yso.fi/onto/koko/p80667 = laajat operaatiot
101.http://www.yso.fi/onto/koko/p80662 = geotiedustelu
102.http://www.yso.fi/onto/koko/p80661 = tulenkäyttökeskus
103.http://www.yso.fi/onto/koko/p61561 = turva-alueet
104.http://www.yso.fi/onto/koko/p80664 = strateginen taso
105.http://www.yso.fi/onto/koko/p59120 = merivoimien ilmailu
106.http://www.yso.fi/onto/koko/p80663 = uhkamalli
107.http://www.yso.fi/onto/koko/p56626 = hallinnollinen valmius
108.http://www.yso.fi/onto/koko/p64062 = elektroninen tuhoaminen
109.http://www.yso.fi/onto/koko/p80660 = isäntämaatuki
110.http://www.yso.fi/onto/koko/p65037 = rynnäkkökoneet
111.http://www.yso.fi/onto/koko/p80629 = henkilöstöreservi
112.http://www.yso.fi/onto/koko/p65034 = taktinen tiedustelu
113.http://www.yso.fi/onto/koko/p80626 = yleiset taktiset periaatteet
114.http://www.yso.fi/onto/koko/p80625 = sataman käytön estäminen
115.http://www.yso.fi/onto/koko/p80628 = sotavankipaikka
116.http://www.yso.fi/onto/koko/p80627 = sodankäynnin periaatteet
117.http://www.yso.fi/onto/koko/p80622 = Puolustusvoimien operatiivinen johtaminen
118.http://www.yso.fi/onto/koko/p51750 = rynnäkköohjukset
119.http://www.yso.fi/onto/koko/p80621 = toimintaympäristötietoisuus
120.http://www.yso.fi/onto/koko/p80624 = operaatiokäsky
121.http://www.yso.fi/onto/koko/p80623 = operatiivinen taso
122.http://www.yso.fi/onto/koko/p80630 = vaikutusperusteinen operointi
123.http://www.yso.fi/onto/koko/p80632 = perustamistilannekuva
124.http://www.yso.fi/onto/koko/p80631 = hallintoyksiköt
125.http://www.yso.fi/onto/koko/p60132 = valmiusprikaatit
126.http://www.yso.fi/onto/koko/p63991 = tiedusteluajoneuvot
127.http://www.yso.fi/onto/koko/p62532 = kenttälinnoittaminen
128.http://www.yso.fi/onto/koko/p62530 = erikoisajoneuvot (maakulkuneuvot)
129.http://www.yso.fi/onto/koko/p64093 = sähkövoimatekniikka
130.http://www.yso.fi/onto/koko/p62535 = aluevaikutteiset miinat
131.http://www.yso.fi/onto/koko/p62527 = signaalinkäsittelyalgoritmit
132.http://www.yso.fi/onto/koko/p80638 = uhka-arvio
133.http://www.yso.fi/onto/koko/p59134 = sähkömagneettiset sensorit
134.http://www.yso.fi/onto/koko/p80637 = varareservi
135.http://www.yso.fi/onto/koko/p80639 = hankintamateriaali
136.http://www.yso.fi/onto/koko/p80634 = toiminnan ohjaus
137.http://www.yso.fi/onto/koko/p80633 = maaliluettelo
138.http://www.yso.fi/onto/koko/p80636 = Puolustusvoimien yhteisoperaatiot
139.http://www.yso.fi/onto/koko/p80635 = jakopäätös
140.http://www.yso.fi/onto/koko/p80642 = käyttövalmis tehtävään
141.http://www.yso.fi/onto/koko/p80641 = lääketieteellinen tiedustelu
142.http://www.yso.fi/onto/koko/p80644 = tilannetietoisuus (tekniset objektit (abstraktit objektit))
143.http://www.yso.fi/onto/koko/p80643 = kybersuojautuminen
144.http://www.yso.fi/onto/koko/p80640 = Puolustusvoimien yhteiset suorituskyvyt
145.http://www.yso.fi/onto/koko/p51748 = lamauttavat aseet
146.http://www.yso.fi/onto/koko/p64085 = merioperaatiot
147.http://www.yso.fi/onto/koko/p64086 = telatykit
148.http://www.yso.fi/onto/koko/p55292 = laivueet (ilmavoimat)
149.http://www.yso.fi/onto/koko/p61181 = kuvanlukijat
150.http://www.yso.fi/onto/koko/p51338 = tekninen tiedustelu
151.http://www.yso.fi/onto/koko/p57694 = joukkueet
152.http://www.yso.fi/onto/koko/p61189 = ampumakoulutus
153.http://www.yso.fi/onto/koko/p79266 = tupakka (nautintoainekasvit)
154.http://www.yso.fi/onto/koko/p62113 = liikuntavälinehuolto
155.http://www.yso.fi/onto/koko/p62117 = kenttäsähköverkot
156.http://www.yso.fi/onto/koko/p64519 = patruunalaukaus
157.http://www.yso.fi/onto/koko/p58635 = pumppuhaulikot
158.http://www.yso.fi/onto/koko/p64514 = tytärohjukset
159.http://www.yso.fi/onto/koko/p79274 = kumoaminen
160.http://www.yso.fi/onto/koko/p79276 = yhteinen raha
161.http://www.yso.fi/onto/koko/p52782 = vakoilusatelliitit
162.http://www.yso.fi/onto/koko/p57686 = visiirit (suojaimet)
163.http://www.yso.fi/onto/koko/p57683 = vuoristotaistelut
164.http://www.yso.fi/onto/koko/p79277 = julkaisutoiminta ()
165.http://www.yso.fi/onto/koko/p58620 = tutkavalvontalentokoneet
166.http://www.yso.fi/onto/koko/p64508 = leviämismallit
167.http://www.yso.fi/onto/koko/p51359 = merijalkaväki
168.http://www.yso.fi/onto/koko/p53751 = viidakkotaistelut
169.http://www.yso.fi/onto/koko/p51352 = maalilaitteet
170.http://www.yso.fi/onto/koko/p56258 = aerosolipommit
171.http://www.yso.fi/onto/koko/p64540 = heittomarssit
172.http://www.yso.fi/onto/koko/p56252 = taloushuolto
173.http://www.yso.fi/onto/koko/p63598 = automiinat
174.http://www.yso.fi/onto/koko/p58656 = värvätyt joukot
175.http://www.yso.fi/onto/koko/p58658 = sulutusjoukot
176.http://www.yso.fi/onto/koko/p51362 = pienoiskiväärit
177.http://www.yso.fi/onto/koko/p53743 = merisulutus
178.http://www.yso.fi/onto/koko/p58641 = heittimet
179.http://www.yso.fi/onto/koko/p63597 = ilmatorjuntajoukot (ilmatorjuntajoukot)
180.http://www.yso.fi/onto/koko/p52754 = iskusytyttimet
181.http://www.yso.fi/onto/koko/p62594 = sopimussotilaat
182.http://www.yso.fi/onto/koko/p79226 = käsityö (toiminta)
183.http://www.yso.fi/onto/koko/p63531 = massaräjäytykset
184.http://www.yso.fi/onto/koko/p64992 = vedenalainen valvonta
185.http://www.yso.fi/onto/koko/p63535 = puolustusmateriaalihankinnat
186.http://www.yso.fi/onto/koko/p65096 = aselajikoulut
187.http://www.yso.fi/onto/koko/p62590 = strategiset suunnitelmat
188.http://www.yso.fi/onto/koko/p57647 = hakeutuvat ammukset
189.http://www.yso.fi/onto/koko/p57645 = tilannekuva (tekniset objektit (abstraktit objektit))
190.http://www.yso.fi/onto/koko/p57649 = sodan oikeussäännöt
191.http://www.yso.fi/onto/koko/p51318 = tytärammukset
192.http://www.yso.fi/onto/koko/p56219 = viidakkokoulutus
193.http://www.yso.fi/onto/koko/p56215 = biologiset taisteluaineet
194.http://www.yso.fi/onto/koko/p61158 = puolustushaarat
195.http://www.yso.fi/onto/koko/p55279 = hävittäjät (vesikulkuneuvot)
196.http://www.yso.fi/onto/koko/p52764 = ballistiset kuidut
197.http://www.yso.fi/onto/koko/p56203 = tela-ajoneuvot
198.http://www.yso.fi/onto/koko/p56204 = perusyksiköt
199.http://www.yso.fi/onto/koko/p55268 = maastovalvontatutkat
200.http://www.yso.fi/onto/koko/p53705 = viuhkamiinat
201.http://www.yso.fi/onto/koko/p63542 = sädeaseet
202.http://www.yso.fi/onto/koko/p57663 = maastontiedustelu
203.http://www.yso.fi/onto/koko/p54753 = talvikoulutus
204.http://www.yso.fi/onto/koko/p57259 = sarjatuliaseet
205.http://www.yso.fi/onto/koko/p63148 = passiiviset sensorit
206.http://www.yso.fi/onto/koko/p52365 = liekinheitinpanssarivaunut
207.http://www.yso.fi/onto/koko/p54745 = rajatarkastukset (rajavalvonta)
208.http://www.yso.fi/onto/koko/p62195 = patteristot
209.http://www.yso.fi/onto/koko/p59647 = alusluokat
210.http://www.yso.fi/onto/koko/p63129 = ärsyttävät aineet
211.http://www.yso.fi/onto/koko/p52351 = käyttäjän vaatimukset
212.http://www.yso.fi/onto/koko/p63161 = kuuntelutiedustelu
213.http://www.yso.fi/onto/koko/p63167 = vaatetus (huolto)
214.http://www.yso.fi/onto/koko/p59670 = lämpöherätteet
215.http://www.yso.fi/onto/koko/p54788 = terminaaliballistiikka
216.http://www.yso.fi/onto/koko/p54784 = operatiivinen johtaminen
217.http://www.yso.fi/onto/koko/p54781 = tasausmittaus
218.http://www.yso.fi/onto/koko/p58201 = raskaat kertasingot
219.http://www.yso.fi/onto/koko/p57264 = lisäpanssarointi
220.http://www.yso.fi/onto/koko/p55700 = aisti-ilmavalvonta
221.http://www.yso.fi/onto/koko/p57261 = valaisuammukset
222.http://www.yso.fi/onto/koko/p60656 = paikantamislaitteet
223.http://www.yso.fi/onto/koko/p55708 = viestiliikenne
224.http://www.yso.fi/onto/koko/p60650 = seosräjähdysaineet
225.http://www.yso.fi/onto/koko/p59610 = monitoimihelikopterit
226.http://www.yso.fi/onto/koko/p62161 = tornitykit
227.http://www.yso.fi/onto/koko/p56279 = yhteiskunnan kriittiset järjestelmät
228.http://www.yso.fi/onto/koko/p57210 = salausavaimet
229.http://www.yso.fi/onto/koko/p52317 = sissikoulutus
230.http://www.yso.fi/onto/koko/p64559 = koukkaus
231.http://www.yso.fi/onto/koko/p64555 = sotilastoiminta
232.http://www.yso.fi/onto/koko/p64556 = valojuova-ammukset
233.http://www.yso.fi/onto/koko/p56260 = vapaaehtoinen maanpuolustuskoulutus
234.http://www.yso.fi/onto/koko/p58664 = psykotaisteluaineet
235.http://www.yso.fi/onto/koko/p53762 = kulutusmateriaali
236.http://www.yso.fi/onto/koko/p56265 = miinanlevitysammukset
237.http://www.yso.fi/onto/koko/p64546 = syvyysmittaus
238.http://www.yso.fi/onto/koko/p79285 = sosiaaliavustajat
239.http://www.yso.fi/onto/koko/p79286 = vanhusten palvelut
240.http://www.yso.fi/onto/koko/p79287 = rullajärjestelijät
241.http://www.yso.fi/onto/koko/p79288 = animet (sarjaohjelmat)
242.http://www.yso.fi/onto/koko/p60622 = henkilökohtaiset aseet
243.http://www.yso.fi/onto/koko/p64585 = ei-tappavat aseet
244.http://www.yso.fi/onto/koko/p64586 = aseidenriisuntasopimukset
245.http://www.yso.fi/onto/koko/p62188 = konetykit
246.http://www.yso.fi/onto/koko/p57234 = tutkavaroittimet
247.http://www.yso.fi/onto/koko/p60627 = koeammunta
248.http://www.yso.fi/onto/koko/p63123 = sokaisuaseet
249.http://www.yso.fi/onto/koko/p63122 = elektroninen lamauttaminen
250.http://www.yso.fi/onto/koko/p63121 = maastouttamisjärjestelmät
251.http://www.yso.fi/onto/koko/p57231 = sukelluskoulutus
252.http://www.yso.fi/onto/koko/p52344 = panssarit
253.http://www.yso.fi/onto/koko/p79292 = romanttiset komediat (näytelmät)
254.http://www.yso.fi/onto/koko/p58683 = erikoisupseerikurssit
255.http://www.yso.fi/onto/koko/p59621 = kiitoradat
256.http://www.yso.fi/onto/koko/p62176 = mikrokuidut (kuidut)
257.http://www.yso.fi/onto/koko/p57226 = kranaatinheitinpanssarivaunut
258.http://www.yso.fi/onto/koko/p60618 = sanomalaiteverkot
259.http://www.yso.fi/onto/koko/p64572 = pyöräajoneuvot
260.http://www.yso.fi/onto/koko/p63104 = linnoitustykistö
261.http://www.yso.fi/onto/koko/p60607 = ilmamekanisoidut joukot
262.http://www.yso.fi/onto/koko/p52332 = akustiset herätteet
263.http://www.yso.fi/onto/koko/p59627 = panssarihaupitsit
264.http://www.yso.fi/onto/koko/p60203 = elektroninen puolustus
265.http://www.yso.fi/onto/koko/p56717 = maahantulotarkastukset
266.http://www.yso.fi/onto/koko/p64169 = magneettiset herätteet
267.http://www.yso.fi/onto/koko/p80739 = informaatiovaikutus
268.http://www.yso.fi/onto/koko/p80738 = materiaalijakovahvuus
269.http://www.yso.fi/onto/koko/p60208 = sonarit
270.http://www.yso.fi/onto/koko/p80735 = ilmaoperaatiosuunnitelma
271.http://www.yso.fi/onto/koko/p80734 = ilmavoima
272.http://www.yso.fi/onto/koko/p80737 = henkilöyksikkötyyppi
273.http://www.yso.fi/onto/koko/p65108 = taistelijat
274.http://www.yso.fi/onto/koko/p80736 = luovutusvelvollinen materiaali
275.http://www.yso.fi/onto/koko/p58278 = lähisuojaus
276.http://www.yso.fi/onto/koko/p80731 = ottokuljetusvälineet
277.http://www.yso.fi/onto/koko/p80730 = kohdennuspäätös
278.http://www.yso.fi/onto/koko/p80733 = maalittamistuki
279.http://www.yso.fi/onto/koko/p80732 = perustamispäivä
280.http://www.yso.fi/onto/koko/p59214 = binääriammukset
281.http://www.yso.fi/onto/koko/p53388 = ammusilmatorjunta
282.http://www.yso.fi/onto/koko/p80741 = maaoperaation ja taistelun toteutusperiaatteet
283.http://www.yso.fi/onto/koko/p80740 = ilmaoperaation toimeenpanokäsky
284.http://www.yso.fi/onto/koko/p56724 = ajoneuvomiinat
285.http://www.yso.fi/onto/koko/p51827 = ilmatorjuntajärjestelmät
286.http://www.yso.fi/onto/koko/p64156 = linnoitusjoukot
287.http://www.yso.fi/onto/koko/p80747 = järjestelyalan sovellukset
288.http://www.yso.fi/onto/koko/p80746 = johtamisjärjestelmän suorituskyky
289.http://www.yso.fi/onto/koko/p80749 = ilmoittautumispaikka
290.http://www.yso.fi/onto/koko/p80748 = ilmatilanhallintasuunnitelma
291.http://www.yso.fi/onto/koko/p80743 = täydennykset
292.http://www.yso.fi/onto/koko/p80742 = henkilöstötäydennys
293.http://www.yso.fi/onto/koko/p80745 = johtamisjärjestelmäpalvelut
294.http://www.yso.fi/onto/koko/p80744 = strateginen hyökkäys
295.http://www.yso.fi/onto/koko/p80751 = kybertoimintaympäristö
296.http://www.yso.fi/onto/koko/p80750 = puolustusvoimien logistiikkajärjestelmä
297.http://www.yso.fi/onto/koko/p80753 = palvelu
298.http://www.yso.fi/onto/koko/p80752 = sodan ajan joukko-osasto
299.http://www.yso.fi/onto/koko/p53371 = tulenjohtojärjestelmät
300.http://www.yso.fi/onto/koko/p80719 = tilahallinta
301.http://www.yso.fi/onto/koko/p80718 = strateginen perusviesti
302.http://www.yso.fi/onto/koko/p80715 = avointen lähteiden tiedustelu
303.http://www.yso.fi/onto/koko/p64186 = miehitysjoukot
304.http://www.yso.fi/onto/koko/p80714 = erikseen perustettavat joukot
305.http://www.yso.fi/onto/koko/p80717 = linjaesikuntaorganisaatio
306.http://www.yso.fi/onto/koko/p80716 = teema (strateginen viestintä)
307.http://www.yso.fi/onto/koko/p62627 = leirialueet
308.http://www.yso.fi/onto/koko/p80711 = sotajaotus
309.http://www.yso.fi/onto/koko/p80710 = selusta
310.http://www.yso.fi/onto/koko/p80713 = estää pääsy
311.http://www.yso.fi/onto/koko/p80712 = narratiivi
312.http://www.yso.fi/onto/koko/p59237 = kenttäkelpoisuus
313.http://www.yso.fi/onto/koko/p61686 = upseerikoulutus
314.http://www.yso.fi/onto/koko/p56747 = kantahenkilökunta
315.http://www.yso.fi/onto/koko/p60220 = grafiittipommit
316.http://www.yso.fi/onto/koko/p56743 = metsätaistelut
317.http://www.yso.fi/onto/koko/p80727 = ilmatilanhallintakäsky
318.http://www.yso.fi/onto/koko/p80726 = Operaatiokeskus
319.http://www.yso.fi/onto/koko/p80729 = materiaaliyksikkötyyppi
320.http://www.yso.fi/onto/koko/p80728 = varustamistilanne
321.http://www.yso.fi/onto/koko/p80723 = sotilaallinen näkyvyys
322.http://www.yso.fi/onto/koko/p80722 = PEJO-alue
323.http://www.yso.fi/onto/koko/p80725 = palvelulinja
324.http://www.yso.fi/onto/koko/p80724 = perustamistehtävärekisteri
325.http://www.yso.fi/onto/koko/p80721 = sodan ajan joukkoyksikkö
326.http://www.yso.fi/onto/koko/p80720 = ilmatilan koskemattomuuden valvonta ja turvaaminen
327.http://www.yso.fi/onto/koko/p59226 = laservalaisu
328.http://www.yso.fi/onto/koko/p53395 = ohjusvaroittimet
329.http://www.yso.fi/onto/koko/p51832 = kevlarkuidut
330.http://www.yso.fi/onto/koko/p56736 = lennostot
331.http://www.yso.fi/onto/koko/p55799 = käyttömateriaali
332.http://www.yso.fi/onto/koko/p61621 = merisotataito
333.http://www.yso.fi/onto/koko/p58237 = toimivaltuudet
334.http://www.yso.fi/onto/koko/p55737 = kenttäradiot
335.http://www.yso.fi/onto/koko/p80707 = kybertiedustelu
336.http://www.yso.fi/onto/koko/p80706 = tiedusteluprosessi
337.http://www.yso.fi/onto/koko/p59688 = suihkuturbiinimoottorit
338.http://www.yso.fi/onto/koko/p80709 = sisäiset aluevedet
339.http://www.yso.fi/onto/koko/p80708 = strateginen tiedustelualue
340.http://www.yso.fi/onto/koko/p80703 = passiivinen ilmapuolustus
341.http://www.yso.fi/onto/koko/p80702 = rajoitetut operaatiot
342.http://www.yso.fi/onto/koko/p80705 = operaatiosuunnitelmat
343.http://www.yso.fi/onto/koko/p80704 = vastuualue
344.http://www.yso.fi/onto/koko/p63173 = ohjaajakoulutus
345.http://www.yso.fi/onto/koko/p80701 = varalisähenkilöstö
346.http://www.yso.fi/onto/koko/p80700 = esikäsky
347.http://www.yso.fi/onto/koko/p59690 = maanpuolustuksen siviilivalmius
348.http://www.yso.fi/onto/koko/p53333 = laivapalvelus
349.http://www.yso.fi/onto/koko/p37620 = hyrrät (laitteet)
350.http://www.yso.fi/onto/koko/p58257 = sirpalekranaatit
351.http://www.yso.fi/onto/koko/p58262 = risteilyohjukset
352.http://www.yso.fi/onto/koko/p61640 = savuammukset
353.http://www.yso.fi/onto/koko/p53365 = meritoimintahelikopterit
354.http://www.yso.fi/onto/koko/p60699 = lentokoneraketit
355.http://www.yso.fi/onto/koko/p55754 = ilmatorjuntatykistö
356.http://www.yso.fi/onto/koko/p60697 = väylätorjuntaohjukset
357.http://www.yso.fi/onto/koko/p51644 = kenttälapiot
358.http://www.yso.fi/onto/koko/p80569 = yhteiskunnan häiriötilanne
359.http://www.yso.fi/onto/koko/p80568 = Yhteistoiminta-alue Kaartin jääkärirykmentti
360.http://www.yso.fi/onto/koko/p80565 = miinantorjunta
361.http://www.yso.fi/onto/koko/p62420 = videotuotanto
362.http://www.yso.fi/onto/koko/p51649 = kenttäarmeija
363.http://www.yso.fi/onto/koko/p63883 = panssariammukset
364.http://www.yso.fi/onto/koko/p80564 = merenhallinta
365.http://www.yso.fi/onto/koko/p80567 = merimiinoittaminen
366.http://www.yso.fi/onto/koko/p80566 = pintatorjunta
367.http://www.yso.fi/onto/koko/p80561 = Ilmavoimien esikunta
368.http://www.yso.fi/onto/koko/p80560 = Kainuun prikaati
369.http://www.yso.fi/onto/koko/p80563 = Henkilöstöosasto
370.http://www.yso.fi/onto/koko/p80562 = aluevalvontaviranomaiset
371.http://www.yso.fi/onto/koko/p64815 = hakupäät
372.http://www.yso.fi/onto/koko/p54134 = monitoimisytyttimet
373.http://www.yso.fi/onto/koko/p80577 = perusyhtymät
374.http://www.yso.fi/onto/koko/p80576 = tiedustelun ja valvonnan kokonaisuus
375.http://www.yso.fi/onto/koko/p63871 = täyskaliiperiammukset
376.http://www.yso.fi/onto/koko/p80579 = ennaltaehkäisykyky
377.http://www.yso.fi/onto/koko/p80578 = joukkojen tuottaminen
378.http://www.yso.fi/onto/koko/p60010 = elektroninen suojautuminen
379.http://www.yso.fi/onto/koko/p80573 = Puolustusvoimien vaikuttaminen
380.http://www.yso.fi/onto/koko/p80572 = sotavalmiustarkastus
381.http://www.yso.fi/onto/koko/p80575 = sotilaallinen painostus
382.http://www.yso.fi/onto/koko/p80574 = ennakkovaroitus
383.http://www.yso.fi/onto/koko/p61478 = elektroninen asevaikutus
384.http://www.yso.fi/onto/koko/p80571 = kriittinen materiaali
385.http://www.yso.fi/onto/koko/p60017 = nesteruudit
386.http://www.yso.fi/onto/koko/p57997 = kantalinnoittaminen
387.http://www.yso.fi/onto/koko/p80570 = hajauttamisvalmius
388.http://www.yso.fi/onto/koko/p52600 = panssaroidut miehistönkuljetusajoneuvot
389.http://www.yso.fi/onto/koko/p80537 = Pääesikunta
390.http://www.yso.fi/onto/koko/p80536 = Tiedusteluosasto
391.http://www.yso.fi/onto/koko/p80539 = Yhteistoiminta-alue Jääkäriprikaati
392.http://www.yso.fi/onto/koko/p80538 = Yhteistoiminta-alue Karjalan prikaati
393.http://www.yso.fi/onto/koko/p80545 = Viestintäosasto
394.http://www.yso.fi/onto/koko/p60042 = kranaattikiväärit
395.http://www.yso.fi/onto/koko/p80544 = kaukosuojaus
396.http://www.yso.fi/onto/koko/p80547 = Maanpuolustuskorkeakoulu
397.http://www.yso.fi/onto/koko/p80546 = Puolustusvoimien kansainvälinen keskus
398.http://www.yso.fi/onto/koko/p56567 = harjoitusammukset
399.http://www.yso.fi/onto/koko/p80541 = taisteluosastot
400.http://www.yso.fi/onto/koko/p56565 = ilmasotataito
401.http://www.yso.fi/onto/koko/p59069 = vedenalainen tekniikka
402.http://www.yso.fi/onto/koko/p80540 = Rannikkolaivasto
403.http://www.yso.fi/onto/koko/p80543 = Utin jääkärirykmentti
404.http://www.yso.fi/onto/koko/p80542 = Logistiikkaosasto
405.http://www.yso.fi/onto/koko/p57508 = maasota
406.http://www.yso.fi/onto/koko/p64847 = vetäytyminen
407.http://www.yso.fi/onto/koko/p80549 = Teknillinen tarkastusosasto
408.http://www.yso.fi/onto/koko/p80548 = Karjalan lennosto
409.http://www.yso.fi/onto/koko/p80557 = mekanisoidut taisteluosastot
410.http://www.yso.fi/onto/koko/p80556 = Karjalan prikaati
411.http://www.yso.fi/onto/koko/p80559 = Oikeudellinen osasto
412.http://www.yso.fi/onto/koko/p54159 = palvelusrikkomukset
413.http://www.yso.fi/onto/koko/p61492 = materiaalihankinnat
414.http://www.yso.fi/onto/koko/p80558 = Puolustusvoimat (Suomi)
415.http://www.yso.fi/onto/koko/p80553 = Merisotakoulu
416.http://www.yso.fi/onto/koko/p80552 = Johtamisjärjestelmäosasto
417.http://www.yso.fi/onto/koko/p54158 = sukellusveneentorjunta
418.http://www.yso.fi/onto/koko/p80555 = Porin prikaati
419.http://www.yso.fi/onto/koko/p59059 = tiedustelulennokit
420.http://www.yso.fi/onto/koko/p80554 = Maavoimien esikunta
421.http://www.yso.fi/onto/koko/p80551 = alueellisen koskemattomuuden valvonta
422.http://www.yso.fi/onto/koko/p80550 = Yhteistoiminta-alue Porin prikaati
423.http://www.yso.fi/onto/koko/p80517 = Sisäinen tarkastusyksikkö
424.http://www.yso.fi/onto/koko/p80516 = Pääesikunnan kanslia
425.http://www.yso.fi/onto/koko/p58058 = kenttäsairaanhoitajat
426.http://www.yso.fi/onto/koko/p80519 = Maasotakoulu
427.http://www.yso.fi/onto/koko/p80518 = Koulutusosasto
428.http://www.yso.fi/onto/koko/p80513 = Uudenmaan prikaati
429.http://www.yso.fi/onto/koko/p80512 = alueellisen koskemattomuuden turvaaminen
430.http://www.yso.fi/onto/koko/p80515 = meriyhteyksien turvaaminen
431.http://www.yso.fi/onto/koko/p80514 = Panssariprikaati
432.http://www.yso.fi/onto/koko/p80521 = meriliikenteen suojaaminen
433.http://www.yso.fi/onto/koko/p58061 = komendantit
434.http://www.yso.fi/onto/koko/p80520 = Suunnitteluosasto
435.http://www.yso.fi/onto/koko/p54101 = läpäisy
436.http://www.yso.fi/onto/koko/p80523 = Jääkäriprikaati
437.http://www.yso.fi/onto/koko/p57965 = maihinnousujoukot
438.http://www.yso.fi/onto/koko/p80522 = moottoroidut taisteluosastot
439.http://www.yso.fi/onto/koko/p54105 = valelaitteet
440.http://www.yso.fi/onto/koko/p61439 = asejärjestelmäsimulaattorit
441.http://www.yso.fi/onto/koko/p80529 = Kaartin jääkärirykmentti
442.http://www.yso.fi/onto/koko/p80528 = Maavoimien taistelu 2015
443.http://www.yso.fi/onto/koko/p57948 = sarvimiinat
444.http://www.yso.fi/onto/koko/p80525 = Merivoimien esikunta
445.http://www.yso.fi/onto/koko/p80524 = Satakunnan lennosto
446.http://www.yso.fi/onto/koko/p80527 = Operatiivinen osasto
447.http://www.yso.fi/onto/koko/p80526 = Yhteistoiminta-alue Kainuun prikaati
448.http://www.yso.fi/onto/koko/p80533 = Yhteistoiminta-alue Panssariprikaati
449.http://www.yso.fi/onto/koko/p80532 = laivastojoukot
450.http://www.yso.fi/onto/koko/p80535 = kohtaamistaistelut
451.http://www.yso.fi/onto/koko/p80534 = Lapin lennosto
452.http://www.yso.fi/onto/koko/p60495 = torjuntahävittäjät
453.http://www.yso.fi/onto/koko/p60496 = esikunnat
454.http://www.yso.fi/onto/koko/p80531 = Merivoimat (Suomi)
455.http://www.yso.fi/onto/koko/p80530 = Maavoimat (Suomi)
456.http://www.yso.fi/onto/koko/p63832 = aktiiviset sensorit
457.http://www.yso.fi/onto/koko/p61435 = ilmatilannekuva
458.http://www.yso.fi/onto/koko/p51620 = urheiluaseet
459.http://www.yso.fi/onto/koko/p53182 = tutkakaikupinta
460.http://www.yso.fi/onto/koko/p58917 = tutkahäirintä
461.http://www.yso.fi/onto/koko/p54126 = elektroniset sotatoimet
462.http://www.yso.fi/onto/koko/p57989 = pyrotekniset aineet
463.http://www.yso.fi/onto/koko/p58922 = vartiot
464.http://www.yso.fi/onto/koko/p51624 = eskadroonat
465.http://www.yso.fi/onto/koko/p51627 = tahma-aseet
466.http://www.yso.fi/onto/koko/p60003 = tähtinavigointi
467.http://www.yso.fi/onto/koko/p63862 = etulinja (puolustuslinjat)
468.http://www.yso.fi/onto/koko/p56526 = laseraseet
469.http://www.yso.fi/onto/koko/p80509 = Ilmasotakoulu
470.http://www.yso.fi/onto/koko/p80508 = psykologiset operaatiot
471.http://www.yso.fi/onto/koko/p80505 = kyberpuolustus
472.http://www.yso.fi/onto/koko/p80504 = sodan kuva
473.http://www.yso.fi/onto/koko/p80507 = rajajoukot
474.http://www.yso.fi/onto/koko/p80506 = informaatio-operaatiot
475.http://www.yso.fi/onto/koko/p80501 = maapuolustus
476.http://www.yso.fi/onto/koko/p58907 = aseleposopimukset
477.http://www.yso.fi/onto/koko/p59005 = voiteluainehuolto
478.http://www.yso.fi/onto/koko/p80500 = liikesodankäynti
479.http://www.yso.fi/onto/koko/p58908 = karttapalvelu
480.http://www.yso.fi/onto/koko/p80503 = voimankäyttösäännöt
481.http://www.yso.fi/onto/koko/p80502 = hajauttaminen
482.http://www.yso.fi/onto/koko/p57975 = panssarijääkärit
483.http://www.yso.fi/onto/koko/p80511 = Rannikkoprikaati
484.http://www.yso.fi/onto/koko/p80510 = Ilmavoimat (Suomi)
485.http://www.yso.fi/onto/koko/p58077 = ontelopanokset
486.http://www.yso.fi/onto/koko/p61452 = maalinseuranta
487.http://www.yso.fi/onto/koko/p58079 = sähköpropulsio
488.http://www.yso.fi/onto/koko/p58913 = kartussilaukaus
489.http://www.yso.fi/onto/koko/p56512 = jännesillat
490.http://www.yso.fi/onto/koko/p55163 = kovapanosammunta
491.http://www.yso.fi/onto/koko/p59967 = aikasytyttimet
492.http://www.yso.fi/onto/koko/p58505 = koulutuslentokoneet
493.http://www.yso.fi/onto/koko/p60941 = määrävahvuus
494.http://www.yso.fi/onto/koko/p63431 = apualukset
495.http://www.yso.fi/onto/koko/p64894 = hävittäjätorjunta
496.http://www.yso.fi/onto/koko/p59953 = tukilentotoiminta
497.http://www.yso.fi/onto/koko/p61071 = tehostettu valmius
498.http://www.yso.fi/onto/koko/p53628 = operatiiviset vaatimukset
499.http://www.yso.fi/onto/koko/p61072 = jäämiinat
500.http://www.yso.fi/onto/koko/p56122 = helikopterimaahanlasku
501.http://www.yso.fi/onto/koko/p60978 = maahanlasku
502.http://www.yso.fi/onto/koko/p61076 = laajamittainen hyökkäys
503.http://www.yso.fi/onto/koko/p57582 = puolustusvoimien toimialat
504.http://www.yso.fi/onto/koko/p61904 = perustamispaikka
505.http://www.yso.fi/onto/koko/p63465 = palveluskelpoisuusluokat
506.http://www.yso.fi/onto/koko/p58522 = herätekranaatit
507.http://www.yso.fi/onto/koko/p64409 = ilmatorjuntaohjukset
508.http://www.yso.fi/onto/koko/p59988 = aseleponeuvottelut
509.http://www.yso.fi/onto/koko/p58528 = aselajikoulutus
510.http://www.yso.fi/onto/koko/p51215 = viiriköt
511.http://www.yso.fi/onto/koko/p59973 = ohjaamonäytöt
512.http://www.yso.fi/onto/koko/p60962 = ilmatilan vartiointi
513.http://www.yso.fi/onto/koko/p53617 = aavikkotaistelut
514.http://www.yso.fi/onto/koko/p61901 = varuskunnan päälliköt
515.http://www.yso.fi/onto/koko/p57573 = homogeeniset räjähdysaineet
516.http://www.yso.fi/onto/koko/p63455 = tarkkuusammunta
517.http://www.yso.fi/onto/koko/p56114 = veteraanijärjestöt
518.http://www.yso.fi/onto/koko/p58510 = hankintasopimukset
519.http://www.yso.fi/onto/koko/p51687 = rintamakarkurit
520.http://www.yso.fi/onto/koko/p63409 = miinanraivausjyrät
521.http://www.yso.fi/onto/koko/p56582 = motti
522.http://www.yso.fi/onto/koko/p62470 = kenttäsillat
523.http://www.yso.fi/onto/koko/p54185 = yhteyskoneet
524.http://www.yso.fi/onto/koko/p60900 = kantoraketit
525.http://www.yso.fi/onto/koko/p60068 = vastamassasingot
526.http://www.yso.fi/onto/koko/p60904 = armeijakunnat
527.http://www.yso.fi/onto/koko/p61002 = tulenjohtotutkat
528.http://www.yso.fi/onto/koko/p60909 = johtamispanssarivaunut
529.http://www.yso.fi/onto/koko/p51671 = monikärkiammukset
530.http://www.yso.fi/onto/koko/p54175 = tukeutumisjärjestelmät
531.http://www.yso.fi/onto/koko/p55118 = miehitysarmeijat
532.http://www.yso.fi/onto/koko/p60052 = alueellinen puolustus
533.http://www.yso.fi/onto/koko/p55114 = kaukolevitteiset miinat
534.http://www.yso.fi/onto/koko/p52619 = matkustaja-alukset (laivat)
535.http://www.yso.fi/onto/koko/p64857 = rajavälikohtaukset
536.http://www.yso.fi/onto/koko/p64859 = asemelu
537.http://www.yso.fi/onto/koko/p59072 = radiopaikannus
538.http://www.yso.fi/onto/koko/p52642 = huoltokeskukset
539.http://www.yso.fi/onto/koko/p62491 = sensorit
540.http://www.yso.fi/onto/koko/p60095 = suuntiminen
541.http://www.yso.fi/onto/koko/p60092 = helikopteritukialukset
542.http://www.yso.fi/onto/koko/p60933 = raivauspanssarivaunut
543.http://www.yso.fi/onto/koko/p60089 = tekniset testit
544.http://www.yso.fi/onto/koko/p61022 = inertianavigointi
545.http://www.yso.fi/onto/koko/p80589 = taistelutekninen taso
546.http://www.yso.fi/onto/koko/p63423 = kuljetusvälinehuolto
547.http://www.yso.fi/onto/koko/p80588 = erikoisoperaatio-osastot
548.http://www.yso.fi/onto/koko/p64883 = hyökkäyssukellusveneet
549.http://www.yso.fi/onto/koko/p57543 = panssarimiinat
550.http://www.yso.fi/onto/koko/p55146 = kavitointi
551.http://www.yso.fi/onto/koko/p60927 = panssarikranaatit
552.http://www.yso.fi/onto/koko/p80585 = normaaliolot
553.http://www.yso.fi/onto/koko/p80584 = joukkotuotantojärjestelmä
554.http://www.yso.fi/onto/koko/p80587 = perustamisvalmius
555.http://www.yso.fi/onto/koko/p80586 = operaatioturvallisuus
556.http://www.yso.fi/onto/koko/p80581 = liikekannallepanoupseeri
557.http://www.yso.fi/onto/koko/p80580 = estää pääsy alueensa kautta
558.http://www.yso.fi/onto/koko/p80583 = johtoporras
559.http://www.yso.fi/onto/koko/p80582 = perustamissuunnitelma
560.http://www.yso.fi/onto/koko/p54192 = elektroninen häirintä
561.http://www.yso.fi/onto/koko/p80591 = taloudellinen painostus
562.http://www.yso.fi/onto/koko/p80590 = sotavankikeskus
563.http://www.yso.fi/onto/koko/p60081 = strategiset ohjussukellusveneet
564.http://www.yso.fi/onto/koko/p52638 = opetuspaketit
565.http://www.yso.fi/onto/koko/p62483 = kenttätyövälineet
566.http://www.yso.fi/onto/koko/p62476 = taulukkoballistiikka
567.http://www.yso.fi/onto/koko/p64873 = viestitoiminta
568.http://www.yso.fi/onto/koko/p62473 = kohteen luokittelu
569.http://www.yso.fi/onto/koko/p60917 = kerrospanssarit
570.http://www.yso.fi/onto/koko/p80597 = kybervaikuttaminen
571.http://www.yso.fi/onto/koko/p80596 = puolustusjärjestelmän kyvykkyysalueet
572.http://www.yso.fi/onto/koko/p80599 = kansainvälinen kriisinhallinta
573.http://www.yso.fi/onto/koko/p80598 = sotilaallinen huoltovarmuus
574.http://www.yso.fi/onto/koko/p80593 = maapuolustuksen johtamisjärjestelmä
575.http://www.yso.fi/onto/koko/p80592 = sotavankien järjestelypaikka
576.http://www.yso.fi/onto/koko/p80595 = operaatioesikunnat
577.http://www.yso.fi/onto/koko/p80594 = hyökkäyksellinen vastailmatoiminta
578.http://www.yso.fi/onto/koko/p60514 = taisteluharjoitukset
579.http://www.yso.fi/onto/koko/p62078 = lääkintäkoulutus
580.http://www.yso.fi/onto/koko/p60518 = panssarintorjuntajoukot
581.http://www.yso.fi/onto/koko/p58579 = alkeiskoulukoneet
582.http://www.yso.fi/onto/koko/p62062 = taistelulennokit
583.http://www.yso.fi/onto/koko/p61966 = lankamiinat
584.http://www.yso.fi/onto/koko/p63003 = kuvaustiedustelu
585.http://www.yso.fi/onto/koko/p64461 = syöksyveneet
586.http://www.yso.fi/onto/koko/p62903 = valopistoolit
587.http://www.yso.fi/onto/koko/p59516 = siviilihenkilöstö
588.http://www.yso.fi/onto/koko/p53684 = sotilasterveydenhuolto (huolto)
589.http://www.yso.fi/onto/koko/p61995 = panssarikanuunat
590.http://www.yso.fi/onto/koko/p60531 = moottoroidut joukot
591.http://www.yso.fi/onto/koko/p54649 = vesimiinat
592.http://www.yso.fi/onto/koko/p63030 = puolustuslaitteet
593.http://www.yso.fi/onto/koko/p59549 = seismiset sensorit
594.http://www.yso.fi/onto/koko/p64490 = haupitsit
595.http://www.yso.fi/onto/koko/p61985 = selustan puolustus
596.http://www.yso.fi/onto/koko/p57130 = kranaattikonekiväärit
597.http://www.yso.fi/onto/koko/p61989 = vedenalainen sodankäynti
598.http://www.yso.fi/onto/koko/p62084 = johtamissodankäynti
599.http://www.yso.fi/onto/koko/p63023 = opistoupseerikoulutus
600.http://www.yso.fi/onto/koko/p60526 = lähitulituki
601.http://www.yso.fi/onto/koko/p62923 = suuntimot
602.http://www.yso.fi/onto/koko/p63017 = panssarintorjuntaohjukset
603.http://www.yso.fi/onto/koko/p61096 = multispektrisavut
604.http://www.yso.fi/onto/koko/p64431 = laivueet (merivoimat)
605.http://www.yso.fi/onto/koko/p62034 = kuljetuspanssarivaunut
606.http://www.yso.fi/onto/koko/p61926 = radiomiinat
607.http://www.yso.fi/onto/koko/p57591 = koiratoiminta
608.http://www.yso.fi/onto/koko/p53633 = maataistelut
609.http://www.yso.fi/onto/koko/p63483 = kenttäoikeus
610.http://www.yso.fi/onto/koko/p53638 = kasvillisuustutkat
611.http://www.yso.fi/onto/koko/p63477 = matemaattinen mallintaminen
612.http://www.yso.fi/onto/koko/p58538 = monikeilaluotaus (kaikuluotaus)
613.http://www.yso.fi/onto/koko/p54603 = ulkoballistiikka
614.http://www.yso.fi/onto/koko/p51269 = siviiliammatillinen koulutus
615.http://www.yso.fi/onto/koko/p53666 = viestijärjestelmät
616.http://www.yso.fi/onto/koko/p56160 = panssarivaunuhuolto
617.http://www.yso.fi/onto/koko/p64452 = häirintälaitteet
618.http://www.yso.fi/onto/koko/p64455 = pintasota
619.http://www.yso.fi/onto/koko/p61955 = pakolaisongelma
620.http://www.yso.fi/onto/koko/p57101 = miehitysalueet
621.http://www.yso.fi/onto/koko/p64449 = mannertenväliset ohjukset
622.http://www.yso.fi/onto/koko/p64445 = painesensorit
623.http://www.yso.fi/onto/koko/p64448 = maalilennokit
624.http://www.yso.fi/onto/koko/p58551 = raivausvälineet
625.http://www.yso.fi/onto/koko/p58552 = tulenporrastus
626.http://www.yso.fi/onto/koko/p79161 = tuvat (rakennukset)
627.http://www.yso.fi/onto/koko/p79162 = lintuvedet
628.http://www.yso.fi/onto/koko/p64443 = monikärkiohjukset
629.http://www.yso.fi/onto/koko/p56155 = rannikkojääkärikoulutus
630.http://www.yso.fi/onto/koko/p51266 = reaktiivipanssarit
631.http://www.yso.fi/onto/koko/p80609 = tilanneymmärrys
632.http://www.yso.fi/onto/koko/p61534 = strategiset ohjukset
633.http://www.yso.fi/onto/koko/p80606 = strateginen viestintä
634.http://www.yso.fi/onto/koko/p80605 = taistelulajit
635.http://www.yso.fi/onto/koko/p80608 = varautumissuunnitelmat
636.http://www.yso.fi/onto/koko/p80607 = henkilötäydennysryhmä
637.http://www.yso.fi/onto/koko/p80602 = hajauttamissuunnitelma
638.http://www.yso.fi/onto/koko/p80601 = valmiuden tehostaminen
639.http://www.yso.fi/onto/koko/p80604 = liikekannallepanon aikainen palvelus
640.http://www.yso.fi/onto/koko/p80603 = tulen kokonaiskäyttö
641.http://www.yso.fi/onto/koko/p80600 = huollon operatiivinen johtaminen
642.http://www.yso.fi/onto/koko/p53252 = asiakirjaturvallisuus
643.http://www.yso.fi/onto/koko/p60592 = mörssärit
644.http://www.yso.fi/onto/koko/p62991 = partiotiedustelu
645.http://www.yso.fi/onto/koko/p62996 = pioneerihuolto
646.http://www.yso.fi/onto/koko/p58139 = naamarisuodattimet
647.http://www.yso.fi/onto/koko/p80618 = maali ()
648.http://www.yso.fi/onto/koko/p80617 = kriittinen tieto
649.http://www.yso.fi/onto/koko/p80619 = lunastusmateriaali
650.http://www.yso.fi/onto/koko/p80614 = maalittamisprosessi
651.http://www.yso.fi/onto/koko/p80613 = kyberturvallisuus (informaatiosodankäynti)
652.http://www.yso.fi/onto/koko/p80616 = ominaispiirre- ja tunnistetiedustelu
653.http://www.yso.fi/onto/koko/p80615 = kyberuhka
654.http://www.yso.fi/onto/koko/p80610 = perustaja
655.http://www.yso.fi/onto/koko/p80612 = tukeutumisverkosto
656.http://www.yso.fi/onto/koko/p80611 = informaatioympäristö ()
657.http://www.yso.fi/onto/koko/p80620 = tuhoamisalue
658.http://www.yso.fi/onto/koko/p63082 = taistelun mallintaminen
659.http://www.yso.fi/onto/koko/p60586 = monivärihakupäät
660.http://www.yso.fi/onto/koko/p62982 = kemialliset sensorit
661.http://www.yso.fi/onto/koko/p64053 = lentoasut
662.http://www.yso.fi/onto/koko/p61553 = merijalkaväen ilmailu
663.http://www.yso.fi/onto/koko/p64050 = tulivoima
664.http://www.yso.fi/onto/koko/p61551 = ohjustentorjuntaohjukset
665.http://www.yso.fi/onto/koko/p61549 = operaatiotaito
666.http://www.yso.fi/onto/koko/p64042 = strateginen isku (sotatoimet)
667.http://www.yso.fi/onto/koko/p58155 = taistelujärjestelmät
668.http://www.yso.fi/onto/koko/p58156 = sotilasapteekit
669.http://www.yso.fi/onto/koko/p61540 = amfibioajoneuvot
670.http://www.yso.fi/onto/koko/p54200 = lämpönaamioverkot
671.http://www.yso.fi/onto/koko/p57168 = koulutushaarat
672.http://www.yso.fi/onto/koko/p58109 = sotavankileirit
673.http://www.yso.fi/onto/koko/p55611 = fosforikranaatit
674.http://www.yso.fi/onto/koko/p53211 = tuliasemat
675.http://www.yso.fi/onto/koko/p57171 = hinauspanssarivaunut
676.http://www.yso.fi/onto/koko/p54674 = kenttäteleverkot
677.http://www.yso.fi/onto/koko/p62947 = liukasteet
678.http://www.yso.fi/onto/koko/p52263 = datafuusio
679.http://www.yso.fi/onto/koko/p60579 = radiohäirintä
680.http://www.yso.fi/onto/koko/p63911 = operatiivinen tiedustelu
681.http://www.yso.fi/onto/koko/p63910 = kranaatinheitinjoukot
682.http://www.yso.fi/onto/koko/p58120 = saattovartiot
683.http://www.yso.fi/onto/koko/p52290 = kenttäviestivälineet
684.http://www.yso.fi/onto/koko/p52295 = valonvahvistimet
685.http://www.yso.fi/onto/koko/p54691 = taktiset ohjukset
686.http://www.yso.fi/onto/koko/p52291 = pioneeripanssarivaunut
687.http://www.yso.fi/onto/koko/p57195 = esikuntakoulutus
688.http://www.yso.fi/onto/koko/p62973 = panssaroidut ajoneuvoalustaiset tykit
689.http://www.yso.fi/onto/koko/p62972 = viistokaikuluotaus
690.http://www.yso.fi/onto/koko/p59579 = joukkojen siirto
691.http://www.yso.fi/onto/koko/p62968 = lippueet
692.http://www.yso.fi/onto/koko/p61502 = signaalitiedustelu
693.http://www.yso.fi/onto/koko/p64007 = väijytys (sotatoimet)
694.http://www.yso.fi/onto/koko/p64000 = tutkahakupäät
695.http://www.yso.fi/onto/koko/p52285 = joukkotuotanto
696.http://www.yso.fi/onto/koko/p53226 = varustaminen
697.http://www.yso.fi/onto/koko/p53224 = kylkimiinat
698.http://www.yso.fi/onto/koko/p60564 = muovikomposiitit
699.http://www.yso.fi/onto/koko/p62960 = luonnonmuonat
700.http://www.yso.fi/onto/koko/p60562 = puolustusmäärärahat
701.http://www.yso.fi/onto/koko/p51513 = taistelukärjet
702.http://www.yso.fi/onto/koko/p80428 = puolisot
703.http://www.yso.fi/onto/koko/p80427 = johtajat (ammatit, organisaatiot (järjestelmät))
704.http://www.yso.fi/onto/koko/p80429 = verkkojulkaisut
705.http://www.yso.fi/onto/koko/p53070 = kaaderiupseerit
706.http://www.yso.fi/onto/koko/p80436 = kantalinnoitteet (rakennelmat)
707.http://www.yso.fi/onto/koko/p80435 = taktiikka (menetelmät)
708.http://www.yso.fi/onto/koko/p58811 = syvyyspommit
709.http://www.yso.fi/onto/koko/p80438 = Euroopan unioni (valtioliitot)
710.http://www.yso.fi/onto/koko/p57874 = panssarimateriaalit
711.http://www.yso.fi/onto/koko/p55479 = ilmatorjuntatykit
712.http://www.yso.fi/onto/koko/p80437 = museotoimi (puolustusvoimien toimialat)
713.http://www.yso.fi/onto/koko/p55476 = tietokonetekniikka
714.http://www.yso.fi/onto/koko/p80432 = tavat (tapakulttuuri)
715.http://www.yso.fi/onto/koko/p80431 = oikeudellinen suoja
716.http://www.yso.fi/onto/koko/p80434 = kokoonpano (ominaisuudet)
717.http://www.yso.fi/onto/koko/p80433 = radiolähettimet (radiolaitteet)
718.http://www.yso.fi/onto/koko/p80430 = radat
719.http://www.yso.fi/onto/koko/p57878 = aramidikuidut
720.http://www.yso.fi/onto/koko/p54019 = taktinen koulutus
721.http://www.yso.fi/onto/koko/p63748 = telamiinat
722.http://www.yso.fi/onto/koko/p80439 = tutkijakoulutus (tieteellinen koulutus)
723.http://www.yso.fi/onto/koko/p80448 = tykkitornit (rakennukset)
724.http://www.yso.fi/onto/koko/p80447 = propulsio (fyysiset ominaisuudet)
725.http://www.yso.fi/onto/koko/p53906 = salausalgoritmit
726.http://www.yso.fi/onto/koko/p54001 = käyttöympäristöt
727.http://www.yso.fi/onto/koko/p80449 = ampumapesäkkeet (kantalinnoitteet, kenttälinnoitukset)
728.http://www.yso.fi/onto/koko/p54002 = kauttakuljetukset
729.http://www.yso.fi/onto/koko/p80444 = juhlapuvut (sotilaspuvut)
730.http://www.yso.fi/onto/koko/p80443 = häirintä (sotatoimet)
731.http://www.yso.fi/onto/koko/p80446 = perustaminen (perustaminen)
732.http://www.yso.fi/onto/koko/p80445 = talousarvioehdotukset (talousarviot)
733.http://www.yso.fi/onto/koko/p80440 = kuljetusalukset (sota-alukset)
734.http://www.yso.fi/onto/koko/p61347 = heräteraivaajat
735.http://www.yso.fi/onto/koko/p80442 = sillanrakennus (liikkeen edistäminen, rakentaminen)
736.http://www.yso.fi/onto/koko/p80441 = lentokoulutus (sotilaskoulutus)
737.http://www.yso.fi/onto/koko/p56406 = panosjärjestelmät
738.http://www.yso.fi/onto/koko/p53091 = automaattiaseet
739.http://www.yso.fi/onto/koko/p57892 = talvitaistelut
740.http://www.yso.fi/onto/koko/p55494 = väliballistiikka
741.http://www.yso.fi/onto/koko/p55492 = majoitteet
742.http://www.yso.fi/onto/koko/p56430 = varusmiesjohtaminen
743.http://www.yso.fi/onto/koko/p61377 = panssarointi
744.http://www.yso.fi/onto/koko/p62319 = koelentotoiminta
745.http://www.yso.fi/onto/koko/p64710 = ontelokranaatit
746.http://www.yso.fi/onto/koko/p62308 = räjähdysaineturvallisuus
747.http://www.yso.fi/onto/koko/p64707 = jalkaväkimiinat
748.http://www.yso.fi/onto/koko/p51524 = kaapelitutkat
749.http://www.yso.fi/onto/koko/p58821 = perävirtausammukset
750.http://www.yso.fi/onto/koko/p80426 = mobiilipalvelut
751.http://www.yso.fi/onto/koko/p64701 = erikoisjääkärijoukot
752.http://www.yso.fi/onto/koko/p63764 = harjoitushävittäjät
753.http://www.yso.fi/onto/koko/p59388 = salassapito (omana tai hallussa pitäminen)
754.http://www.yso.fi/onto/koko/p52930 = sanomanvälitys
755.http://www.yso.fi/onto/koko/p51992 = vuoristojoukkojen koulutus
756.http://www.yso.fi/onto/koko/p54495 = alueelliset joukot
757.http://www.yso.fi/onto/koko/p57830 = sirotemiinat
758.http://www.yso.fi/onto/koko/p57816 = erikoisampumatarvikkeet
759.http://www.yso.fi/onto/koko/p63705 = tähystystiedustelu
760.http://www.yso.fi/onto/koko/p55419 = panssarintorjuntapanssarivaunut
761.http://www.yso.fi/onto/koko/p63709 = ohjelmistosodankäynti
762.http://www.yso.fi/onto/koko/p59380 = deflagraatio
763.http://www.yso.fi/onto/koko/p52926 = miinanraivaajat
764.http://www.yso.fi/onto/koko/p59382 = tutka-absorptiomateriaalit
765.http://www.yso.fi/onto/koko/p52928 = kevyet rakenteet
766.http://www.yso.fi/onto/koko/p60391 = ilmapistoolit
767.http://www.yso.fi/onto/koko/p55453 = ammunnanhallintalaitteet
768.http://www.yso.fi/onto/koko/p61331 = taisteluajoneuvot
769.http://www.yso.fi/onto/koko/p62792 = puolustusneuvosto
770.http://www.yso.fi/onto/koko/p60396 = miinanlasku
771.http://www.yso.fi/onto/koko/p61333 = pioneeritoiminta
772.http://www.yso.fi/onto/koko/p63728 = meritorjuntaohjukset
773.http://www.yso.fi/onto/koko/p52948 = lentoteknillinen koulutus
774.http://www.yso.fi/onto/koko/p60382 = lyöminen (sotatoimet)
775.http://www.yso.fi/onto/koko/p53044 = lentotoiminta
776.http://www.yso.fi/onto/koko/p60385 = valvontajoukot
777.http://www.yso.fi/onto/koko/p57846 = ilmatyynykatamaraanit
778.http://www.yso.fi/onto/koko/p62784 = raketinheitinpanssarivaunut
779.http://www.yso.fi/onto/koko/p62789 = kemialliset taisteluaineet
780.http://www.yso.fi/onto/koko/p54093 = häirintälähettimet
781.http://www.yso.fi/onto/koko/p64782 = kranaatinheitinkomppaniat
782.http://www.yso.fi/onto/koko/p55031 = hakeutuvat pommit
783.http://www.yso.fi/onto/koko/p54931 = hajautettu taistelutapa
784.http://www.yso.fi/onto/koko/p53999 = alueellinen puolustusjärjestelmä
785.http://www.yso.fi/onto/koko/p57438 = elektronisen tiedustelun sensorit
786.http://www.yso.fi/onto/koko/p63315 = putkimiinat
787.http://www.yso.fi/onto/koko/p55023 = lumiajoneuvot
788.http://www.yso.fi/onto/koko/p62371 = tekninen koulutus
789.http://www.yso.fi/onto/koko/p60803 = ylimenohyökkäys
790.http://www.yso.fi/onto/koko/p60801 = asehuolto
791.http://www.yso.fi/onto/koko/p64767 = häiveobjektit
792.http://www.yso.fi/onto/koko/p54929 = risteilijät
793.http://www.yso.fi/onto/koko/p56489 = kaatuneiden huolto
794.http://www.yso.fi/onto/koko/p55026 = naamiomaalit
795.http://www.yso.fi/onto/koko/p58889 = ajoneuvotykit
796.http://www.yso.fi/onto/koko/p59823 = kertasingot
797.http://www.yso.fi/onto/koko/p80492 = kenttäkeittiöt (muonitus)
798.http://www.yso.fi/onto/koko/p80491 = ulkomaanpalvelus
799.http://www.yso.fi/onto/koko/p80490 = kaukotaistelualue
800.http://www.yso.fi/onto/koko/p80494 = panssarijunat
801.http://www.yso.fi/onto/koko/p80493 = operatiiviset joukot
802.http://www.yso.fi/onto/koko/p59850 = maihinnousupanssarivaunut
803.http://www.yso.fi/onto/koko/p55057 = kertalatausaseet
804.http://www.yso.fi/onto/koko/p60848 = armeijaryhmät
805.http://www.yso.fi/onto/koko/p60846 = asutuskeskustaistelut
806.http://www.yso.fi/onto/koko/p80499 = kaukovaikuttaminen
807.http://www.yso.fi/onto/koko/p80496 = operaatioalue
808.http://www.yso.fi/onto/koko/p80495 = aluevastuu
809.http://www.yso.fi/onto/koko/p80498 = puolustuskeskus
810.http://www.yso.fi/onto/koko/p80497 = varusmiestoimikunnat
811.http://www.yso.fi/onto/koko/p54945 = polkumiinat
812.http://www.yso.fi/onto/koko/p63322 = huoltojärjestelmät
813.http://www.yso.fi/onto/koko/p64785 = ydinkäyttöiset sukellusveneet
814.http://www.yso.fi/onto/koko/p59843 = ohjattavat asejärjestelmät
815.http://www.yso.fi/onto/koko/p59844 = tulituki
816.http://www.yso.fi/onto/koko/p80470 = asetie
817.http://www.yso.fi/onto/koko/p58858 = jääkärijoukot
818.http://www.yso.fi/onto/koko/p63794 = aliupseerikoulutus
819.http://www.yso.fi/onto/koko/p64730 = tulenjohtolaitteet
820.http://www.yso.fi/onto/koko/p62335 = omasuojavälineet
821.http://www.yso.fi/onto/koko/p63798 = rakettilaukaus
822.http://www.yso.fi/onto/koko/p80479 = meriherruus
823.http://www.yso.fi/onto/koko/p62334 = kenttätykit
824.http://www.yso.fi/onto/koko/p80476 = ammunnanhallintajärjestelmät
825.http://www.yso.fi/onto/koko/p80475 = tehtävätaktiikka
826.http://www.yso.fi/onto/koko/p58851 = yhdistelmäpanssarit
827.http://www.yso.fi/onto/koko/p80478 = taistelutilan muokkaaminen
828.http://www.yso.fi/onto/koko/p80477 = isku
829.http://www.yso.fi/onto/koko/p80472 = yhteiskunnan elintärkeiden toimintojen turvaaminen
830.http://www.yso.fi/onto/koko/p80471 = taistelutila
831.http://www.yso.fi/onto/koko/p80474 = operatiivinen tulenkäyttö
832.http://www.yso.fi/onto/koko/p80473 = taktinen tulenkäyttö
833.http://www.yso.fi/onto/koko/p80482 = viihdytysjoukot (viihde)
834.http://www.yso.fi/onto/koko/p80481 = mekanisoidut joukot
835.http://www.yso.fi/onto/koko/p80480 = strateginen isku (isku)
836.http://www.yso.fi/onto/koko/p64728 = eskalaatio
837.http://www.yso.fi/onto/koko/p58847 = mellakantorjunta
838.http://www.yso.fi/onto/koko/p53949 = sulutuspanssarivaunut
839.http://www.yso.fi/onto/koko/p80488 = fyysinen vaikuttaminen
840.http://www.yso.fi/onto/koko/p80487 = sotapelit (sotilaskoulutus)
841.http://www.yso.fi/onto/koko/p58840 = lääkintäjoukot
842.http://www.yso.fi/onto/koko/p80489 = harjoitusvahvuudet
843.http://www.yso.fi/onto/koko/p80484 = oma tuli
844.http://www.yso.fi/onto/koko/p80483 = omatunnistusjärjestelmät
845.http://www.yso.fi/onto/koko/p80486 = autokomppaniat
846.http://www.yso.fi/onto/koko/p80485 = avaruuden sotilaallinen käyttö
847.http://www.yso.fi/onto/koko/p58870 = laservaroittimet
848.http://www.yso.fi/onto/koko/p54077 = miina-aurat
849.http://www.yso.fi/onto/koko/p52517 = elektroniset vastatoimet
850.http://www.yso.fi/onto/koko/p56472 = jakovahvuus
851.http://www.yso.fi/onto/koko/p80459 = katamaraanit (laivat)
852.http://www.yso.fi/onto/koko/p64755 = kosketusmiinat
853.http://www.yso.fi/onto/koko/p80456 = hyökkäys (sotatoimet)
854.http://www.yso.fi/onto/koko/p80455 = koululaivat (sota-alukset)
855.http://www.yso.fi/onto/koko/p54918 = vesistötaistelut
856.http://www.yso.fi/onto/koko/p80458 = suojelupoliisi
857.http://www.yso.fi/onto/koko/p54916 = ohjuslaukaus
858.http://www.yso.fi/onto/koko/p80457 = johtajakoulutus (sotilaskoulutus)
859.http://www.yso.fi/onto/koko/p80452 = sirpaleet (elottomat objektit)
860.http://www.yso.fi/onto/koko/p80451 = talousarvioesitykset (talousarviot)
861.http://www.yso.fi/onto/koko/p80454 = syvyys (taktiikka)
862.http://www.yso.fi/onto/koko/p80453 = soluttautuminen (sissitoiminta)
863.http://www.yso.fi/onto/koko/p80450 = puolustus (sotatoimet)
864.http://www.yso.fi/onto/koko/p56460 = suunnattu räjähdysvaikutus
865.http://www.yso.fi/onto/koko/p59804 = pohjamiinat
866.http://www.yso.fi/onto/koko/p64743 = erikoismiinat
867.http://www.yso.fi/onto/koko/p57401 = painevaikutus
868.http://www.yso.fi/onto/koko/p80468 = tukeutumisalueet
869.http://www.yso.fi/onto/koko/p80467 = kenttäviestijärjestelmät
870.http://www.yso.fi/onto/koko/p80469 = suojelumateriaali
871.http://www.yso.fi/onto/koko/p80464 = suojautuminen (sotatoimet)
872.http://www.yso.fi/onto/koko/p80463 = riketsiat (biologiset aseet)
873.http://www.yso.fi/onto/koko/p80466 = vastakumouksellinen sota
874.http://www.yso.fi/onto/koko/p80465 = pesulat (sotilaalliset organisaatiot)
875.http://www.yso.fi/onto/koko/p80460 = kosketus (sotatoimet)
876.http://www.yso.fi/onto/koko/p80462 = toksiinit (biologiset aseet, kemialliset aseet)
877.http://www.yso.fi/onto/koko/p80461 = meritilannekuva (tilannekuva)
878.http://www.yso.fi/onto/koko/p64747 = koulutushaaramerkit
879.http://www.yso.fi/onto/koko/p59800 = hajaspektritekniikka
880.http://www.yso.fi/onto/koko/p56053 = maastokuorma-autot
881.http://www.yso.fi/onto/koko/p64337 = ohjusilmatorjunta
882.http://www.yso.fi/onto/koko/p53566 = huoltoalukset (apualukset)
883.http://www.yso.fi/onto/koko/p52101 = palveluspuvut
884.http://www.yso.fi/onto/koko/p58448 = elektroninen harhautus
885.http://www.yso.fi/onto/koko/p60898 = kyynelkaasut
886.http://www.yso.fi/onto/koko/p64331 = joukkoyksiköt
887.http://www.yso.fi/onto/koko/p61835 = torjuntavalmius
888.http://www.yso.fi/onto/koko/p56047 = ammunnanhallinta
889.http://www.yso.fi/onto/koko/p55978 = viestitiedustelu
890.http://www.yso.fi/onto/koko/p59417 = perusvalmius
891.http://www.yso.fi/onto/koko/p51182 = turvallisuusuhka
892.http://www.yso.fi/onto/koko/p61852 = ilmavalvontatutkat
893.http://www.yso.fi/onto/koko/p58468 = täryvaikutus
894.http://www.yso.fi/onto/koko/p52104 = aktiivihiilisuodattimet
895.http://www.yso.fi/onto/koko/p59404 = tietotekninen turvallisuus
896.http://www.yso.fi/onto/koko/p57006 = aloitetoiminta (keskinäinen toiminta)
897.http://www.yso.fi/onto/koko/p57003 = kypäränäytöt
898.http://www.yso.fi/onto/koko/p54508 = kevyet kertasingot
899.http://www.yso.fi/onto/koko/p64348 = optiset sensorit
900.http://www.yso.fi/onto/koko/p56072 = epäsuora ammunta
901.http://www.yso.fi/onto/koko/p56071 = jarruvarjopommit
902.http://www.yso.fi/onto/koko/p55971 = hävittäjäpommittajat
903.http://www.yso.fi/onto/koko/p54975 = tutkavalvontakoneet
904.http://www.yso.fi/onto/koko/p60861 = taistelunjohtokeskukset
905.http://www.yso.fi/onto/koko/p56012 = yhteiskunnan haavoittuvuus
906.http://www.yso.fi/onto/koko/p54979 = polttoaseet
907.http://www.yso.fi/onto/koko/p55911 = hakeutuvat tytärohjukset
908.http://www.yso.fi/onto/koko/p63358 = sissitoiminta
909.http://www.yso.fi/onto/koko/p59878 = yhtymät (sotilaalliset organisaatiot)
910.http://www.yso.fi/onto/koko/p54980 = helikopterimiinat
911.http://www.yso.fi/onto/koko/p52586 = laukaus
912.http://www.yso.fi/onto/koko/p54966 = tutkanaamioverkot
913.http://www.yso.fi/onto/koko/p57468 = ilmastotekijät
914.http://www.yso.fi/onto/koko/p55903 = panssarintorjuntahelikopterit
915.http://www.yso.fi/onto/koko/p57463 = lentotiedustelu
916.http://www.yso.fi/onto/koko/p56006 = lasersuojaimet
917.http://www.yso.fi/onto/koko/p52572 = komentosuhde
918.http://www.yso.fi/onto/koko/p53537 = hakeutuvat tytärkranaatit
919.http://www.yso.fi/onto/koko/p58430 = miinanlevitysajoneuvot
920.http://www.yso.fi/onto/koko/p55933 = rannikkojääkärit
921.http://www.yso.fi/onto/koko/p53538 = asevalvontasopimukset
922.http://www.yso.fi/onto/koko/p56030 = silput
923.http://www.yso.fi/onto/koko/p58431 = harjoituskoneet
924.http://www.yso.fi/onto/koko/p63381 = maalinosoitustutkat
925.http://www.yso.fi/onto/koko/p59899 = liikkeen edistäminen
926.http://www.yso.fi/onto/koko/p61823 = rajatapahtumat
927.http://www.yso.fi/onto/koko/p37808 = soihdut (heitteet)
928.http://www.yso.fi/onto/koko/p64312 = joukkojen käyttö
929.http://www.yso.fi/onto/koko/p55086 = verkkosodankäynti
930.http://www.yso.fi/onto/koko/p59884 = toimialakoulut
931.http://www.yso.fi/onto/koko/p57487 = ilmapuolustusalueet
932.http://www.yso.fi/onto/koko/p52595 = sotilasmaantiede
933.http://www.yso.fi/onto/koko/p55092 = säteilynmittaus
934.http://www.yso.fi/onto/koko/p58427 = henkilömiinat
935.http://www.yso.fi/onto/koko/p61409 = moottorihuolto
936.http://www.yso.fi/onto/koko/p58013 = ballistinen suojaus
937.http://www.yso.fi/onto/koko/p58014 = tulenjohto (organisaatiot)
938.http://www.yso.fi/onto/koko/p54584 = napalm
939.http://www.yso.fi/onto/koko/p60461 = inhimillinen tekijä
940.http://www.yso.fi/onto/koko/p54587 = sotavarustus
941.http://www.yso.fi/onto/koko/p57901 = tekninen huolto
942.http://www.yso.fi/onto/koko/p57065 = esikuntasimulaattorit
943.http://www.yso.fi/onto/koko/p58000 = maaoperaatiot
944.http://www.yso.fi/onto/koko/p54570 = valmiustilat
945.http://www.yso.fi/onto/koko/p60453 = erikoisoperaatiot
946.http://www.yso.fi/onto/koko/p61426 = kasettipommit
947.http://www.yso.fi/onto/koko/p53146 = keskivalvonta
948.http://www.yso.fi/onto/koko/p58040 = infrapunahakupäät
949.http://www.yso.fi/onto/koko/p58041 = maanpuolustustiedotus
950.http://www.yso.fi/onto/koko/p62888 = trimaraanit
951.http://www.yso.fi/onto/koko/p55546 = passiivinen suoja
952.http://www.yso.fi/onto/koko/p60489 = kertatuliaseet
953.http://www.yso.fi/onto/koko/p63816 = ääniaseet
954.http://www.yso.fi/onto/koko/p63815 = tähysmiinat
955.http://www.yso.fi/onto/koko/p56993 = ilmarynnäköt
956.http://www.yso.fi/onto/koko/p62870 = optroniikka
957.http://www.yso.fi/onto/koko/p55531 = ei-sotilaallinen uhka
958.http://www.yso.fi/onto/koko/p57034 = erikoisjääkärit
959.http://www.yso.fi/onto/koko/p62822 = erikoisupseerit
960.http://www.yso.fi/onto/koko/p54536 = kahtaiskäyttö
961.http://www.yso.fi/onto/koko/p58496 = ajoneuvohaupitsit
962.http://www.yso.fi/onto/koko/p64387 = ilmanäytteenotto
963.http://www.yso.fi/onto/koko/p64389 = yhteisoperaatiot
964.http://www.yso.fi/onto/koko/p58499 = lasertutkat
965.http://www.yso.fi/onto/koko/p52140 = tähtimittaus
966.http://www.yso.fi/onto/koko/p56942 = varusmieskoulutus
967.http://www.yso.fi/onto/koko/p61875 = polkupyörämarssit
968.http://www.yso.fi/onto/koko/p57024 = iskuvaikutus
969.http://www.yso.fi/onto/koko/p54527 = kuvaussatelliitit
970.http://www.yso.fi/onto/koko/p56089 = raketinheittimet
971.http://www.yso.fi/onto/koko/p60410 = sodan ajan joukot
972.http://www.yso.fi/onto/koko/p56922 = tuholaistoiminta
973.http://www.yso.fi/onto/koko/p59427 = raidetykit
974.http://www.yso.fi/onto/koko/p56087 = akustinen tiedustelu
975.http://www.yso.fi/onto/koko/p59428 = irtopanoslaukaus
976.http://www.yso.fi/onto/koko/p62813 = lataaminen
977.http://www.yso.fi/onto/koko/p58491 = kohteen tunnistus
978.http://www.yso.fi/onto/koko/p54533 = puolustushaarakoulut
979.http://www.yso.fi/onto/koko/p55998 = ilmaoperaatiot
980.http://www.yso.fi/onto/koko/p62847 = puolustushallinnon rakennuslaitos
981.http://www.yso.fi/onto/koko/p52162 = kuvankäsittelyalgoritmit
982.http://www.yso.fi/onto/koko/p59445 = sanomalaitteet
983.http://www.yso.fi/onto/koko/p56948 = taloudellinen valmius
984.http://www.yso.fi/onto/koko/p60439 = pelastussukellusveneet
985.http://www.yso.fi/onto/koko/p57043 = heräteraivaimet
986.http://www.yso.fi/onto/koko/p57042 = paraatipuvut
987.http://www.yso.fi/onto/koko/p56943 = patterit
988.http://www.yso.fi/onto/koko/p54557 = taktinen internet
989.http://www.yso.fi/onto/koko/p57050 = elektroninen tuki
990.http://www.yso.fi/onto/koko/p56950 = liitopommit
991.http://www.yso.fi/onto/koko/p60430 = ballistiset testit
992.http://www.yso.fi/onto/koko/p60291 = tieteellinen koulutus
993.http://www.yso.fi/onto/koko/p55346 = saattohelikopterit
994.http://www.yso.fi/onto/koko/p63621 = tukahduttavat aineet
995.http://www.yso.fi/onto/koko/p61223 = Yhdistyneet kansakunnat
996.http://www.yso.fi/onto/koko/p65182 = lentueet
997.http://www.yso.fi/onto/koko/p25471 = lennonjohto (organisaatiot)
998.http://www.yso.fi/onto/koko/p65178 = panokset
999.http://www.yso.fi/onto/koko/p65179 = kenttähygienia
1000.http://www.yso.fi/onto/koko/p60272 = moottoriöljyt
1001.http://www.yso.fi/onto/koko/p52834 = miinaharavat
1002.http://www.yso.fi/onto/koko/p61210 = pienoissukellusveneet
1003.http://www.yso.fi/onto/koko/p60275 = adaptiivinen optiikka
1004.http://www.yso.fi/onto/koko/p57738 = aloiteräjähdysaineet
1005.http://www.yso.fi/onto/koko/p60279 = laatutoiminta
1006.http://www.yso.fi/onto/koko/p52860 = vastatykistötutkat
1007.http://www.yso.fi/onto/koko/p52868 = ampumatarvikehuolto
1008.http://www.yso.fi/onto/koko/p55365 = elektroninen vaikuttaminen
1009.http://www.yso.fi/onto/koko/p61249 = maastouttaminen
1010.http://www.yso.fi/onto/koko/p63649 = kaukokartoitussatelliitit
1011.http://www.yso.fi/onto/koko/p55351 = paineherätteet
1012.http://www.yso.fi/onto/koko/p55350 = SAR-tutkat
1013.http://www.yso.fi/onto/koko/p60297 = korsut (kantalinnoitteet)
1014.http://www.yso.fi/onto/koko/p61233 = koulutuslaitteet
1015.http://www.yso.fi/onto/koko/p63630 = tarkkuuskiväärit
1016.http://www.yso.fi/onto/koko/p57751 = sirpalesuoja
1017.http://www.yso.fi/onto/koko/p62696 = liikennekoulutus
1018.http://www.yso.fi/onto/koko/p65197 = sokaisu
1019.http://www.yso.fi/onto/koko/p65194 = ilmakiväärit (käsiaseet)
1020.http://www.yso.fi/onto/koko/p65147 = lähivalvonta
1021.http://www.yso.fi/onto/koko/p65143 = epäherkät räjähdysaineet
1022.http://www.yso.fi/onto/koko/p80779 = ilmaylivoima
1023.http://www.yso.fi/onto/koko/p80778 = sotilaskäsky
1024.http://www.yso.fi/onto/koko/p80787 = ilmahyökkäyssuunnitelma
1025.http://www.yso.fi/onto/koko/p56763 = tutkatiedustelu
1026.http://www.yso.fi/onto/koko/p80786 = väistöalue
1027.http://www.yso.fi/onto/koko/p80789 = puolustuksellinen vastailmatoiminta
1028.http://www.yso.fi/onto/koko/p80788 = sijoittamaton reservi
1029.http://www.yso.fi/onto/koko/p80783 = ilmatilanhallinta
1030.http://www.yso.fi/onto/koko/p60240 = lasersuojaus
1031.http://www.yso.fi/onto/koko/p80782 = ylimääräinen palvelus
1032.http://www.yso.fi/onto/koko/p80785 = vastailmatoiminta
1033.http://www.yso.fi/onto/koko/p80784 = ilmasijoitteinen johtaminen
1034.http://www.yso.fi/onto/koko/p59266 = sensorifuusio
1035.http://www.yso.fi/onto/koko/p80781 = ratkaisukohta
1036.http://www.yso.fi/onto/koko/p80780 = liityntäpiste
1037.http://www.yso.fi/onto/koko/p56768 = suojelutekniikka
1038.http://www.yso.fi/onto/koko/p55300 = miinanraivausajoneuvot
1039.http://www.yso.fi/onto/koko/p65133 = yleismyrkylliset taisteluaineet
1040.http://www.yso.fi/onto/koko/p62636 = kenttälaboratoriot
1041.http://www.yso.fi/onto/koko/p65137 = kerrosrakenteet
1042.http://www.yso.fi/onto/koko/p65132 = suluttaminen
1043.http://www.yso.fi/onto/koko/p59243 = avioniikka
1044.http://www.yso.fi/onto/koko/p59248 = perushuolto
1045.http://www.yso.fi/onto/koko/p80799 = sarjanumero
1046.http://www.yso.fi/onto/koko/p80798 = siirtyminen
1047.http://www.yso.fi/onto/koko/p56750 = käskytys
1048.http://www.yso.fi/onto/koko/p80795 = porrastusmateriaali
1049.http://www.yso.fi/onto/koko/p80794 = johtamisjärjestelmäalan joukot
1050.http://www.yso.fi/onto/koko/p80797 = reservi
1051.http://www.yso.fi/onto/koko/p80796 = toiminnanvapaus
1052.http://www.yso.fi/onto/koko/p61691 = raskaat singot
1053.http://www.yso.fi/onto/koko/p61697 = tärinäsensorit
1054.http://www.yso.fi/onto/koko/p80791 = henkilöstön evakuointi
1055.http://www.yso.fi/onto/koko/p80790 = vastamaatoiminta
1056.http://www.yso.fi/onto/koko/p80793 = henkilömäärävahvuus
1057.http://www.yso.fi/onto/koko/p64196 = heitteet
1058.http://www.yso.fi/onto/koko/p80792 = henkilömäärävahvuusrekisteri
1059.http://www.yso.fi/onto/koko/p60232 = lääkintämiehet
1060.http://www.yso.fi/onto/koko/p56755 = kuljetushelikopterit
1061.http://www.yso.fi/onto/koko/p56754 = ilmataisteluohjukset
1062.http://www.yso.fi/onto/koko/p80759 = Tiedustelukeskus
1063.http://www.yso.fi/onto/koko/p51887 = taistelijan varustus
1064.http://www.yso.fi/onto/koko/p80758 = sotilastiedustelutoimiala
1065.http://www.yso.fi/onto/koko/p80755 = logistiikkajärjestelmän sotilaskomponentti
1066.http://www.yso.fi/onto/koko/p80754 = ilmaoperaatioiden ohjauskäsky
1067.http://www.yso.fi/onto/koko/p51882 = sotilasparaatit
1068.http://www.yso.fi/onto/koko/p80757 = logistiikkajärjestelmän siviilikomponentti
1069.http://www.yso.fi/onto/koko/p80756 = logistiikkapataljoona
1070.http://www.yso.fi/onto/koko/p80763 = käskytyserä
1071.http://www.yso.fi/onto/koko/p59283 = monikerrospanssarit
1072.http://www.yso.fi/onto/koko/p80762 = vastameritoiminta
1073.http://www.yso.fi/onto/koko/p80765 = perustamista johtava joukko-osasto
1074.http://www.yso.fi/onto/koko/p80764 = tulenkäytön johtaminen
1075.http://www.yso.fi/onto/koko/p56782 = herätesytyttimet
1076.http://www.yso.fi/onto/koko/p59288 = seismiset herätteet
1077.http://www.yso.fi/onto/koko/p80761 = Puolustusvoimien liikekannallepanojärjestelmä
1078.http://www.yso.fi/onto/koko/p80760 = kyberpuolustuksen suorituskyky
1079.http://www.yso.fi/onto/koko/p62664 = video (kuvatallenteet)
1080.http://www.yso.fi/onto/koko/p61200 = hiukkasaseet
1081.http://www.yso.fi/onto/koko/p60268 = panssaroidut ajoneuvot
1082.http://www.yso.fi/onto/koko/p61206 = kalustotappiot
1083.http://www.yso.fi/onto/koko/p65159 = valvontalentokoneet
1084.http://www.yso.fi/onto/koko/p80767 = järjestelmäpalvelut
1085.http://www.yso.fi/onto/koko/p80766 = kriittinen infrastruktuuri
1086.http://www.yso.fi/onto/koko/p80769 = suojaaminen (sotatoimet)
1087.http://www.yso.fi/onto/koko/p80768 = johtosuhde
1088.http://www.yso.fi/onto/koko/p80775 = materiaalin minimivahvuus
1089.http://www.yso.fi/onto/koko/p80774 = henkilöstöryhmä (henkilöstösuunnittelu)
1090.http://www.yso.fi/onto/koko/p59272 = elektroninen suoja
1091.http://www.yso.fi/onto/koko/p52817 = reserviupseerikoulutus
1092.http://www.yso.fi/onto/koko/p80777 = tiedustelu- ja valvontajärjestelmä
1093.http://www.yso.fi/onto/koko/p80776 = perustamistehtäväluettelo
1094.http://www.yso.fi/onto/koko/p56772 = puolustusratkaisu
1095.http://www.yso.fi/onto/koko/p80771 = ilmanhallinta
1096.http://www.yso.fi/onto/koko/p80770 = sijoitusvaatimus
1097.http://www.yso.fi/onto/koko/p80773 = materiaalimäärävahvuus
1098.http://www.yso.fi/onto/koko/p80772 = rivitunnus
1099.http://www.yso.fi/onto/koko/p62654 = elektroniikkahuolto
1100.http://www.yso.fi/onto/koko/p57714 = omasuojajärjestelmät
1101.http://www.yso.fi/onto/koko/p55316 = simulaattorit (koulutuslaitteet)
1102.http://www.yso.fi/onto/koko/p51471 = mikroaaltopommit
1103.http://www.yso.fi/onto/koko/p62231 = ammattisotilaat
1104.http://www.yso.fi/onto/koko/p58752 = aseruudit
1105.http://www.yso.fi/onto/koko/p62239 = maatutkat
1106.http://www.yso.fi/onto/koko/p64635 = kohteen suojaaminen
1107.http://www.yso.fi/onto/koko/p56383 = täysvalmius
1108.http://www.yso.fi/onto/koko/p58787 = haavaballistiikka
1109.http://www.yso.fi/onto/koko/p60713 = suojaväistö
1110.http://www.yso.fi/onto/koko/p63202 = kuljetusalustat
1111.http://www.yso.fi/onto/koko/p60704 = liityntäverkot
1112.http://www.yso.fi/onto/koko/p64665 = kenttäviestiverkot
1113.http://www.yso.fi/onto/koko/p63208 = telahaupitsit
1114.http://www.yso.fi/onto/koko/p51495 = pakettiverkot
1115.http://www.yso.fi/onto/koko/p59726 = naamioverkot
1116.http://www.yso.fi/onto/koko/p60702 = taktiset merkit
1117.http://www.yso.fi/onto/koko/p62257 = maihinnousualukset
1118.http://www.yso.fi/onto/koko/p59719 = sisäballistiikka
1119.http://www.yso.fi/onto/koko/p62256 = ilmaherruus
1120.http://www.yso.fi/onto/koko/p51480 = laserilmaisimet
1121.http://www.yso.fi/onto/koko/p59716 = kuorma-ammukset
1122.http://www.yso.fi/onto/koko/p51426 = maihinnousuoperaatiot
1123.http://www.yso.fi/onto/koko/p61273 = huoltokoulutus
1124.http://www.yso.fi/onto/koko/p52889 = maahanlaskuoperaatiot
1125.http://www.yso.fi/onto/koko/p55381 = taistelukoulutus
1126.http://www.yso.fi/onto/koko/p61263 = ajopanokset
1127.http://www.yso.fi/onto/koko/p63665 = rannikkojoukot
1128.http://www.yso.fi/onto/koko/p55389 = esikuntapalvelu
1129.http://www.yso.fi/onto/koko/p63663 = kiväärikranaatit
1130.http://www.yso.fi/onto/koko/p61268 = toiminnan tarkastus
1131.http://www.yso.fi/onto/koko/p62205 = suojelutiedustelu
1132.http://www.yso.fi/onto/koko/p51416 = hajasäteilytiedustelu
1133.http://www.yso.fi/onto/koko/p52875 = viivytys
1134.http://www.yso.fi/onto/koko/p56315 = simulantit
1135.http://www.yso.fi/onto/koko/p61250 = eurooppalainen yhteistyö
1136.http://www.yso.fi/onto/koko/p51445 = omatunnistus
1137.http://www.yso.fi/onto/koko/p56340 = viestiyhteyksien häirintä
1138.http://www.yso.fi/onto/koko/p53844 = siltapanssarivaunut
1139.http://www.yso.fi/onto/koko/p63685 = käsiaseen varusteet
1140.http://www.yso.fi/onto/koko/p61287 = merimaaliohjukset
1141.http://www.yso.fi/onto/koko/p62226 = toimintamenot (puolustusmenot)
1142.http://www.yso.fi/onto/koko/p62225 = mikroaaltoaseet
1143.http://www.yso.fi/onto/koko/p62224 = viestihuolto
1144.http://www.yso.fi/onto/koko/p58742 = partioalukset
1145.http://www.yso.fi/onto/koko/p51431 = erämaataistelut
1146.http://www.yso.fi/onto/koko/p61285 = maalinosoitus
1147.http://www.yso.fi/onto/koko/p58737 = kasvintuhoaineet
1148.http://www.yso.fi/onto/koko/p63677 = ammusaseet
1149.http://www.yso.fi/onto/koko/p62212 = sähkömagneettinen pulssi
1150.http://www.yso.fi/onto/koko/p64618 = alikaliiperiaseet
1151.http://www.yso.fi/onto/koko/p58320 = paikallisjoukot
1152.http://www.yso.fi/onto/koko/p57384 = maataisteluohjukset
1153.http://www.yso.fi/onto/koko/p58324 = purjekoululaivat
1154.http://www.yso.fi/onto/koko/p63277 = suora-ammunta
1155.http://www.yso.fi/onto/koko/p64214 = suojaetäisyys
1156.http://www.yso.fi/onto/koko/p63274 = naisten vapaaehtoinen asepalvelus
1157.http://www.yso.fi/onto/koko/p49930 = harhauttaminen (sotatoimet)
1158.http://www.yso.fi/onto/koko/p52493 = rakennemateriaalit
1159.http://www.yso.fi/onto/koko/p59772 = rajoitettu sota
1160.http://www.yso.fi/onto/koko/p60768 = sotilaskotityö
1161.http://www.yso.fi/onto/koko/p64200 = lentokalusto
1162.http://www.yso.fi/onto/koko/p63263 = savuvaikutus
1163.http://www.yso.fi/onto/koko/p63267 = lasersytyttimet
1164.http://www.yso.fi/onto/koko/p55849 = kuivavoiteluaineet
1165.http://www.yso.fi/onto/koko/p63293 = laserhäirintä
1166.http://www.yso.fi/onto/koko/p58346 = tykistöraketit
1167.http://www.yso.fi/onto/koko/p63291 = viestipanssarivaunut
1168.http://www.yso.fi/onto/koko/p58347 = materiaalikirjanpito
1169.http://www.yso.fi/onto/koko/p58348 = kohteen havaitseminen
1170.http://www.yso.fi/onto/koko/p53449 = rekyylittömät aseet
1171.http://www.yso.fi/onto/koko/p61738 = detonaatio
1172.http://www.yso.fi/onto/koko/p61736 = sodan ajan valmius
1173.http://www.yso.fi/onto/koko/p63299 = pienikaliiperiset aseet
1174.http://www.yso.fi/onto/koko/p64233 = merivartioalueet
1175.http://www.yso.fi/onto/koko/p53436 = erikoisjoukkojen koulutus
1176.http://www.yso.fi/onto/koko/p55838 = pimeänäkölaitteet
1177.http://www.yso.fi/onto/koko/p59795 = tiedustelupanssarivaunut
1178.http://www.yso.fi/onto/koko/p60783 = yleinen järjestys ja turvallisuus
1179.http://www.yso.fi/onto/koko/p62291 = ilmaherruushävittäjät
1180.http://www.yso.fi/onto/koko/p62297 = kenttäradioverkot
1181.http://www.yso.fi/onto/koko/p63233 = panssarintorjunta-ammukset
1182.http://www.yso.fi/onto/koko/p63226 = maamaaliohjukset
1183.http://www.yso.fi/onto/koko/p58793 = lamauttaminen
1184.http://www.yso.fi/onto/koko/p56392 = ylimenotoiminta
1185.http://www.yso.fi/onto/koko/p62281 = pippurikaasut
1186.http://www.yso.fi/onto/koko/p57332 = puhdistustoiminta
1187.http://www.yso.fi/onto/koko/p54836 = tavanomainen sota
1188.http://www.yso.fi/onto/koko/p60716 = kanuunat
1189.http://www.yso.fi/onto/koko/p59733 = maalitiedustelu
1190.http://www.yso.fi/onto/koko/p59734 = maavoimien ilmailu
1191.http://www.yso.fi/onto/koko/p59737 = hermokaasut
1192.http://www.yso.fi/onto/koko/p57361 = ilmatorjuntapanssarivaunut
1193.http://www.yso.fi/onto/koko/p59762 = sakaramiinat
1194.http://www.yso.fi/onto/koko/p54862 = linnoituslaitteet
1195.http://www.yso.fi/onto/koko/p63257 = metallimatriisikomposiitit
1196.http://www.yso.fi/onto/koko/p52476 = komposiittikypärät
1197.http://www.yso.fi/onto/koko/p52454 = suojasavut
1198.http://www.yso.fi/onto/koko/p52465 = lähtönopeudet
1199.http://www.yso.fi/onto/koko/p52463 = kuormaohjukset
1200.http://www.yso.fi/onto/koko/p52460 = tärykranaatit
1201.http://www.yso.fi/onto/koko/p62732 = torpedoveneet
1202.http://www.yso.fi/onto/koko/p80868 = hävittäminen (pioneeritoiminta)
1203.http://www.yso.fi/onto/koko/p65239 = suojarasvat
1204.http://www.yso.fi/onto/koko/p80867 = rauhanturvaoperaatiot (yhteiskunnalliset tapahtumat)
1205.http://www.yso.fi/onto/koko/p80869 = marssit (joukkojen siirto)
1206.http://www.yso.fi/onto/koko/p80864 = sotilasoikeudenhoito (keskinäinen toiminta)
1207.http://www.yso.fi/onto/koko/p65234 = tarkistusammunta
1208.http://www.yso.fi/onto/koko/p80863 = kodinturvajoukot (sotilaalliset organisaatiot)
1209.http://www.yso.fi/onto/koko/p80866 = vyöt (kantovälineet)
1210.http://www.yso.fi/onto/koko/p80865 = fregatit (sota-alukset)
1211.http://www.yso.fi/onto/koko/p80872 = maastavienti (vienti)
1212.http://www.yso.fi/onto/koko/p54451 = kiinteät viestiverkot
1213.http://www.yso.fi/onto/koko/p80871 = lumipuvut (sotilaspuvut)
1214.http://www.yso.fi/onto/koko/p52055 = telakanuunat
1215.http://www.yso.fi/onto/koko/p80870 = heittoistuimet (turvavarusteet)
1216.http://www.yso.fi/onto/koko/p51954 = sytytysvaikutus
1217.http://www.yso.fi/onto/koko/p54457 = mittaustiedustelu
1218.http://www.yso.fi/onto/koko/p60327 = seurantavastaanottimet
1219.http://www.yso.fi/onto/koko/p61788 = ajoneuvokanuunat
1220.http://www.yso.fi/onto/koko/p65220 = häivetekniikka
1221.http://www.yso.fi/onto/koko/p62720 = ampumaoppi
1222.http://www.yso.fi/onto/koko/p62727 = välivaatteet
1223.http://www.yso.fi/onto/koko/p65226 = maalinosoituslaitteet
1224.http://www.yso.fi/onto/koko/p51946 = operaatiot (sotatoimet)
1225.http://www.yso.fi/onto/koko/p80848 = sytyttimet (ampumatarvikkeet)
1226.http://www.yso.fi/onto/koko/p55409 = moottorimarssit
1227.http://www.yso.fi/onto/koko/p80847 = joukkotuho (sotarikokset)
1228.http://www.yso.fi/onto/koko/p80849 = vastaanottimet (tietoliikennelaitteet)
1229.http://www.yso.fi/onto/koko/p80844 = sulutteen torjuntaleveys
1230.http://www.yso.fi/onto/koko/p80843 = itsetuhomekanismi
1231.http://www.yso.fi/onto/koko/p80846 = rauha (yhteiskunnalliset ilmiöt)
1232.http://www.yso.fi/onto/koko/p80845 = eheys (tietoturva)
1233.http://www.yso.fi/onto/koko/p80840 = raivaamisenestopanos
1234.http://www.yso.fi/onto/koko/p80842 = suluteluokka
1235.http://www.yso.fi/onto/koko/p80841 = kaukomiinoite
1236.http://www.yso.fi/onto/koko/p80850 = ryhmät (sotilaalliset organisaatiot)
1237.http://www.yso.fi/onto/koko/p60351 = lentopommit
1238.http://www.yso.fi/onto/koko/p53018 = polttovaikutus
1239.http://www.yso.fi/onto/koko/p55410 = ballistiset ohjukset
1240.http://www.yso.fi/onto/koko/p53013 = perustamiskeskus
1241.http://www.yso.fi/onto/koko/p60356 = satelliittitiedustelu
1242.http://www.yso.fi/onto/koko/p62747 = lentokoneiden tykit
1243.http://www.yso.fi/onto/koko/p80859 = naamiointi (sotatoimet)
1244.http://www.yso.fi/onto/koko/p80856 = liikkuvuus (taktiikka)
1245.http://www.yso.fi/onto/koko/p80855 = liikuntakasvatus (sotilaskoulutus)
1246.http://www.yso.fi/onto/koko/p80858 = jääolosuhteet (ilmastotekijät)
1247.http://www.yso.fi/onto/koko/p80857 = tienrakennus (liikkeen edistäminen, rakentaminen)
1248.http://www.yso.fi/onto/koko/p65247 = modernisointi (toisenlaiseksi muuttaminen)
1249.http://www.yso.fi/onto/koko/p80852 = lennokit (miehittämättömät ajoneuvot)
1250.http://www.yso.fi/onto/koko/p80851 = saarto (sotatoimet)
1251.http://www.yso.fi/onto/koko/p80854 = hakut (kenttätyövälineet)
1252.http://www.yso.fi/onto/koko/p80853 = syövyttävät aineet (kemialliset aseet, vaaralliset aineet)
1253.http://www.yso.fi/onto/koko/p80860 = killat (maanpuolustusjärjestöt)
1254.http://www.yso.fi/onto/koko/p53000 = sotilasmerenkulku
1255.http://www.yso.fi/onto/koko/p52065 = suojelukoulutus
1256.http://www.yso.fi/onto/koko/p80862 = logistiikka ()
1257.http://www.yso.fi/onto/koko/p80861 = naisjärjestöt (maanpuolustusjärjestöt)
1258.http://www.yso.fi/onto/koko/p52906 = viestiupseerit
1259.http://www.yso.fi/onto/koko/p53003 = muovisidosteiset räjähdysaineet
1260.http://www.yso.fi/onto/koko/p80828 = käsittelynesto
1261.http://www.yso.fi/onto/koko/p80827 = suluttamisalue
1262.http://www.yso.fi/onto/koko/p59302 = herätteet
1263.http://www.yso.fi/onto/koko/p61753 = valaisuvaikutus
1264.http://www.yso.fi/onto/koko/p80829 = varamiinoite
1265.http://www.yso.fi/onto/koko/p54404 = palveluskelpoisuus
1266.http://www.yso.fi/onto/koko/p80824 = lisäpanostaminen
1267.http://www.yso.fi/onto/koko/p80823 = miinarivi
1268.http://www.yso.fi/onto/koko/p80826 = kaukomiinoittaminen
1269.http://www.yso.fi/onto/koko/p80825 = suluttamisvyöhyke
1270.http://www.yso.fi/onto/koko/p80820 = rajavartiolaitos (valtion laitokset)
1271.http://www.yso.fi/onto/koko/p80822 = miinatiheys
1272.http://www.yso.fi/onto/koko/p80821 = mekaaninen raivain
1273.http://www.yso.fi/onto/koko/p52015 = herätemiinat
1274.http://www.yso.fi/onto/koko/p61751 = panssarintorjunta-aseet
1275.http://www.yso.fi/onto/koko/p80839 = kulkuaukko
1276.http://www.yso.fi/onto/koko/p80836 = miinoitteen syvyys
1277.http://www.yso.fi/onto/koko/p80835 = sekamiinoite
1278.http://www.yso.fi/onto/koko/p80838 = sirotemiinoite
1279.http://www.yso.fi/onto/koko/p80837 = uloke
1280.http://www.yso.fi/onto/koko/p80832 = käsittelynestolaite
1281.http://www.yso.fi/onto/koko/p64247 = joukkomurhat
1282.http://www.yso.fi/onto/koko/p80831 = miinaeste
1283.http://www.yso.fi/onto/koko/p64248 = aseöljyt
1284.http://www.yso.fi/onto/koko/p80834 = deaktivoituminen
1285.http://www.yso.fi/onto/koko/p80833 = hävite
1286.http://www.yso.fi/onto/koko/p80830 = suluttamiskieltoalue
1287.http://www.yso.fi/onto/koko/p52002 = kaliiperi
1288.http://www.yso.fi/onto/koko/p54401 = runkoverkot
1289.http://www.yso.fi/onto/koko/p53462 = rakettiruudit
1290.http://www.yso.fi/onto/koko/p80804 = toimialariippumattomat palvelut
1291.http://www.yso.fi/onto/koko/p80803 = taistelua tukeva ilmatoiminta
1292.http://www.yso.fi/onto/koko/p80806 = johtamisjärjestelmäala
1293.http://www.yso.fi/onto/koko/p80805 = sodan ajan perusyksikkö
1294.http://www.yso.fi/onto/koko/p54428 = alikaliiperiammukset
1295.http://www.yso.fi/onto/koko/p80800 = sitominen
1296.http://www.yso.fi/onto/koko/p80802 = puolustusvoimien logistiikka
1297.http://www.yso.fi/onto/koko/p80801 = aselajien käyttöperiaatteet
1298.http://www.yso.fi/onto/koko/p62718 = keskittäminen
1299.http://www.yso.fi/onto/koko/p62717 = kartussi-patruunalaukaus
1300.http://www.yso.fi/onto/koko/p65214 = materiaalivalmius
1301.http://www.yso.fi/onto/koko/p80808 = Suunnittelukeskus
1302.http://www.yso.fi/onto/koko/p80807 = ilma- ja avaruussijoitteinen tiedustelu ja valvonta
1303.http://www.yso.fi/onto/koko/p61772 = suojaöljyt
1304.http://www.yso.fi/onto/koko/p80809 = logistiikan järjestelyjen johtaminen
1305.http://www.yso.fi/onto/koko/p53499 = taistelijaparit
1306.http://www.yso.fi/onto/koko/p56817 = akustiset sensorit
1307.http://www.yso.fi/onto/koko/p80816 = miinoittaminen
1308.http://www.yso.fi/onto/koko/p80815 = sulute
1309.http://www.yso.fi/onto/koko/p59313 = laskuvarjojääkärikoulutus
1310.http://www.yso.fi/onto/koko/p54418 = pimeätoiminta
1311.http://www.yso.fi/onto/koko/p80818 = miinoite
1312.http://www.yso.fi/onto/koko/p61765 = strateginen tiedustelu
1313.http://www.yso.fi/onto/koko/p80817 = varmistusaika
1314.http://www.yso.fi/onto/koko/p80812 = ilmapuolustusjärjestelmä
1315.http://www.yso.fi/onto/koko/p59318 = monipaikkatutkat
1316.http://www.yso.fi/onto/koko/p80811 = pitäminen
1317.http://www.yso.fi/onto/koko/p61768 = johtamistaito
1318.http://www.yso.fi/onto/koko/p80814 = murroste
1319.http://www.yso.fi/onto/koko/p80813 = ryhmittyminen
1320.http://www.yso.fi/onto/koko/p61769 = korvetit
1321.http://www.yso.fi/onto/koko/p80810 = materiaalimäärävahvuusrekisteri
1322.http://www.yso.fi/onto/koko/p65206 = tukeutuminen
1323.http://www.yso.fi/onto/koko/p59310 = lähtönopeustutkat
1324.http://www.yso.fi/onto/koko/p51921 = lämpöpuvut
1325.http://www.yso.fi/onto/koko/p51928 = rannikko-ohjukset
1326.http://www.yso.fi/onto/koko/p56820 = kemiallinen sodankäynti
1327.http://www.yso.fi/onto/koko/p54425 = taisteluhelikopterit
1328.http://www.yso.fi/onto/koko/p55888 = aktiivinen suoja
1329.http://www.yso.fi/onto/koko/p80819 = harhauttava jälki
1330.http://www.yso.fi/onto/koko/p61760 = ilmataistelut
Uudet KOKO-URI-vastaavuudet kirjoitettu tiedostoon kokoUriVastaavuudet.txt
Labelin perusteella romautettiin 2501.
Malli kirjoitettu tiedostoon ../../vocabularies/koko/koko.ttl
