INFO: Don't know what to do with type http://tieteentermipankki.fi/wiki/Concept
INFO: Don't know what to do with relation http://tieteentermipankki.fi/wiki/hasPartOf
INFO: Don't know what to do with relation http://tieteentermipankki.fi/wiki/isCharacteristicsOf
INFO: Don't know what to do with relation http://tieteentermipankki.fi/wiki/isPartOf
WARNING: Concept scheme has no label(s). Use --label option to set the concept scheme label.
INFO: Marking loose concept http://tieteentermipankki.fi/wiki/Clean_Energy_Research:5g_in_communication_system as top concept of scheme http://www.yso.fi/onto/kasvimofologia/conceptscheme
INFO: Marking loose concept http://tieteentermipankki.fi/wiki/Clean_Energy_Research:ad_hoc_network as top concept of scheme http://www.yso.fi/onto/kasvimofologia/conceptscheme
INFO: Marking loose concept http://tieteentermipankki.fi/wiki/Clean_Energy_Research:agent_based_modeling as top concept of scheme http://www.yso.fi/onto/kasvimofologia/conceptscheme
INFO: Marking loose concept http://tieteentermipankki.fi/wiki/Clean_Energy_Research:aggregator as top concept of scheme http://www.yso.fi/onto/kasvimofologia/conceptscheme
INFO: Marking loose concept http://tieteentermipankki.fi/wiki/Clean_Energy_Research:albedo as top concept of scheme http://www.yso.fi/onto/kasvimofologia/conceptscheme
INFO: Marking loose concept http://tieteentermipankki.fi/wiki/Clean_Energy_Research:algorithm as top concept of scheme http://www.yso.fi/onto/kasvimofologia/conceptscheme
INFO: Marking loose concept http://tieteentermipankki.fi/wiki/Clean_Energy_Research:alternative_energy as top concept of scheme http://www.yso.fi/onto/kasvimofologia/conceptscheme
INFO: Marking loose concept http://tieteentermipankki.fi/wiki/Clean_Energy_Research:ancillary_services as top concept of scheme http://www.yso.fi/onto/kasvimofologia/conceptscheme
INFO: Marking loose concept http://tieteentermipankki.fi/wiki/Clean_Energy_Research:atmospheric_boundary_layer as top concept of scheme http://www.yso.fi/onto/kasvimofologia/conceptscheme
INFO: Marking loose concept http://tieteentermipankki.fi/wiki/Clean_Energy_Research:atmospheric_pressure as top concept of scheme http://www.yso.fi/onto/kasvimofologia/conceptscheme
INFO: Marking loose concept http://tieteentermipankki.fi/wiki/Clean_Energy_Research:atmospheric_temperature as top concept of scheme http://www.yso.fi/onto/kasvimofologia/conceptscheme
INFO: Marking loose concept http://tieteentermipankki.fi/wiki/Clean_Energy_Research:azimuth_angle as top concept of scheme http://www.yso.fi/onto/kasvimofologia/conceptscheme
INFO: Marking loose concept http://tieteentermipankki.fi/wiki/Clean_Energy_Research:balancing_power as top concept of scheme http://www.yso.fi/onto/kasvimofologia/conceptscheme
INFO: Marking loose concept http://tieteentermipankki.fi/wiki/Clean_Energy_Research:base-station as top concept of scheme http://www.yso.fi/onto/kasvimofologia/conceptscheme
INFO: Marking loose concept http://tieteentermipankki.fi/wiki/Clean_Energy_Research:black-out as top concept of scheme http://www.yso.fi/onto/kasvimofologia/conceptscheme
INFO: Marking loose concept http://tieteentermipankki.fi/wiki/Clean_Energy_Research:boundary_layer as top concept of scheme http://www.yso.fi/onto/kasvimofologia/conceptscheme
INFO: Marking loose concept http://tieteentermipankki.fi/wiki/Clean_Energy_Research:cache_cooperation as top concept of scheme http://www.yso.fi/onto/kasvimofologia/conceptscheme
INFO: Marking loose concept http://tieteentermipankki.fi/wiki/Clean_Energy_Research:cache_network as top concept of scheme http://www.yso.fi/onto/kasvimofologia/conceptscheme
INFO: Marking loose concept http://tieteentermipankki.fi/wiki/Clean_Energy_Research:capacity_investments as top concept of scheme http://www.yso.fi/onto/kasvimofologia/conceptscheme
INFO: Marking loose concept http://tieteentermipankki.fi/wiki/Clean_Energy_Research:carbon_dioxide as top concept of scheme http://www.yso.fi/onto/kasvimofologia/conceptscheme
INFO: Marking loose concept http://tieteentermipankki.fi/wiki/Clean_Energy_Research:carbon_emissions as top concept of scheme http://www.yso.fi/onto/kasvimofologia/conceptscheme
INFO: Marking loose concept http://tieteentermipankki.fi/wiki/Clean_Energy_Research:chunking as top concept of scheme http://www.yso.fi/onto/kasvimofologia/conceptscheme
INFO: Marking loose concept http://tieteentermipankki.fi/wiki/Clean_Energy_Research:climate_prediction as top concept of scheme http://www.yso.fi/onto/kasvimofologia/conceptscheme
INFO: Marking loose concept http://tieteentermipankki.fi/wiki/Clean_Energy_Research:climatology as top concept of scheme http://www.yso.fi/onto/kasvimofologia/conceptscheme
INFO: Marking loose concept http://tieteentermipankki.fi/wiki/Clean_Energy_Research:cloud as top concept of scheme http://www.yso.fi/onto/kasvimofologia/conceptscheme
INFO: Marking loose concept http://tieteentermipankki.fi/wiki/Clean_Energy_Research:coastal_zone as top concept of scheme http://www.yso.fi/onto/kasvimofologia/conceptscheme
INFO: Marking loose concept http://tieteentermipankki.fi/wiki/Clean_Energy_Research:cognitive_network as top concept of scheme http://www.yso.fi/onto/kasvimofologia/conceptscheme
INFO: Marking loose concept http://tieteentermipankki.fi/wiki/Clean_Energy_Research:communication_channel as top concept of scheme http://www.yso.fi/onto/kasvimofologia/conceptscheme
INFO: Marking loose concept http://tieteentermipankki.fi/wiki/Clean_Energy_Research:communication_network as top concept of scheme http://www.yso.fi/onto/kasvimofologia/conceptscheme
INFO: Marking loose concept http://tieteentermipankki.fi/wiki/Clean_Energy_Research:communications_system as top concept of scheme http://www.yso.fi/onto/kasvimofologia/conceptscheme
INFO: Marking loose concept http://tieteentermipankki.fi/wiki/Clean_Energy_Research:competition as top concept of scheme http://www.yso.fi/onto/kasvimofologia/conceptscheme
INFO: Marking loose concept http://tieteentermipankki.fi/wiki/Clean_Energy_Research:complex_network as top concept of scheme http://www.yso.fi/onto/kasvimofologia/conceptscheme
INFO: Marking loose concept http://tieteentermipankki.fi/wiki/Clean_Energy_Research:complex_system as top concept of scheme http://www.yso.fi/onto/kasvimofologia/conceptscheme
INFO: Marking loose concept http://tieteentermipankki.fi/wiki/Clean_Energy_Research:complexity as top concept of scheme http://www.yso.fi/onto/kasvimofologia/conceptscheme
INFO: Marking loose concept http://tieteentermipankki.fi/wiki/Clean_Energy_Research:computational_complexity as top concept of scheme http://www.yso.fi/onto/kasvimofologia/conceptscheme
INFO: Marking loose concept http://tieteentermipankki.fi/wiki/Clean_Energy_Research:concept_of_human_being as top concept of scheme http://www.yso.fi/onto/kasvimofologia/conceptscheme
INFO: Marking loose concept http://tieteentermipankki.fi/wiki/Clean_Energy_Research:consumption_data as top concept of scheme http://www.yso.fi/onto/kasvimofologia/conceptscheme
INFO: Marking loose concept http://tieteentermipankki.fi/wiki/Clean_Energy_Research:content-centric_network as top concept of scheme http://www.yso.fi/onto/kasvimofologia/conceptscheme
INFO: Marking loose concept http://tieteentermipankki.fi/wiki/Clean_Energy_Research:content_distribution as top concept of scheme http://www.yso.fi/onto/kasvimofologia/conceptscheme
INFO: Marking loose concept http://tieteentermipankki.fi/wiki/Clean_Energy_Research:content_distribution_network as top concept of scheme http://www.yso.fi/onto/kasvimofologia/conceptscheme
INFO: Marking loose concept http://tieteentermipankki.fi/wiki/Clean_Energy_Research:cost-benefit_analysis as top concept of scheme http://www.yso.fi/onto/kasvimofologia/conceptscheme
INFO: Marking loose concept http://tieteentermipankki.fi/wiki/Clean_Energy_Research:cost_efficiency as top concept of scheme http://www.yso.fi/onto/kasvimofologia/conceptscheme
INFO: Marking loose concept http://tieteentermipankki.fi/wiki/Clean_Energy_Research:critical_thinking as top concept of scheme http://www.yso.fi/onto/kasvimofologia/conceptscheme
INFO: Marking loose concept http://tieteentermipankki.fi/wiki/Clean_Energy_Research:cyber-physical_system as top concept of scheme http://www.yso.fi/onto/kasvimofologia/conceptscheme
INFO: Marking loose concept http://tieteentermipankki.fi/wiki/Clean_Energy_Research:cyber_security as top concept of scheme http://www.yso.fi/onto/kasvimofologia/conceptscheme
INFO: Marking loose concept http://tieteentermipankki.fi/wiki/Clean_Energy_Research:data_assimilation as top concept of scheme http://www.yso.fi/onto/kasvimofologia/conceptscheme
INFO: Marking loose concept http://tieteentermipankki.fi/wiki/Clean_Energy_Research:demand_response as top concept of scheme http://www.yso.fi/onto/kasvimofologia/conceptscheme
INFO: Marking loose concept http://tieteentermipankki.fi/wiki/Clean_Energy_Research:distributed_computer_system as top concept of scheme http://www.yso.fi/onto/kasvimofologia/conceptscheme
INFO: Marking loose concept http://tieteentermipankki.fi/wiki/Clean_Energy_Research:distributed_generation as top concept of scheme http://www.yso.fi/onto/kasvimofologia/conceptscheme
INFO: Marking loose concept http://tieteentermipankki.fi/wiki/Clean_Energy_Research:distribution as top concept of scheme http://www.yso.fi/onto/kasvimofologia/conceptscheme
INFO: Marking loose concept http://tieteentermipankki.fi/wiki/Clean_Energy_Research:diurnal_cycle as top concept of scheme http://www.yso.fi/onto/kasvimofologia/conceptscheme
INFO: Marking loose concept http://tieteentermipankki.fi/wiki/Clean_Energy_Research:doppler_radar as top concept of scheme http://www.yso.fi/onto/kasvimofologia/conceptscheme
INFO: Marking loose concept http://tieteentermipankki.fi/wiki/Clean_Energy_Research:efficiency_savings as top concept of scheme http://www.yso.fi/onto/kasvimofologia/conceptscheme
INFO: Marking loose concept http://tieteentermipankki.fi/wiki/Clean_Energy_Research:electric_network_analysis as top concept of scheme http://www.yso.fi/onto/kasvimofologia/conceptscheme
INFO: Marking loose concept http://tieteentermipankki.fi/wiki/Clean_Energy_Research:electric_network_topology as top concept of scheme http://www.yso.fi/onto/kasvimofologia/conceptscheme
INFO: Marking loose concept http://tieteentermipankki.fi/wiki/Clean_Energy_Research:electric_utility as top concept of scheme http://www.yso.fi/onto/kasvimofologia/conceptscheme
INFO: Marking loose concept http://tieteentermipankki.fi/wiki/Clean_Energy_Research:electricity as top concept of scheme http://www.yso.fi/onto/kasvimofologia/conceptscheme
INFO: Marking loose concept http://tieteentermipankki.fi/wiki/Clean_Energy_Research:electricity_demand as top concept of scheme http://www.yso.fi/onto/kasvimofologia/conceptscheme
INFO: Marking loose concept http://tieteentermipankki.fi/wiki/Clean_Energy_Research:electricity_distribution as top concept of scheme http://www.yso.fi/onto/kasvimofologia/conceptscheme
INFO: Marking loose concept http://tieteentermipankki.fi/wiki/Clean_Energy_Research:electricity_distribution_industry as top concept of scheme http://www.yso.fi/onto/kasvimofologia/conceptscheme
INFO: Marking loose concept http://tieteentermipankki.fi/wiki/Clean_Energy_Research:electricity_generation as top concept of scheme http://www.yso.fi/onto/kasvimofologia/conceptscheme
INFO: Marking loose concept http://tieteentermipankki.fi/wiki/Clean_Energy_Research:electricity_industry as top concept of scheme http://www.yso.fi/onto/kasvimofologia/conceptscheme
INFO: Marking loose concept http://tieteentermipankki.fi/wiki/Clean_Energy_Research:electricity_prices as top concept of scheme http://www.yso.fi/onto/kasvimofologia/conceptscheme
INFO: Marking loose concept http://tieteentermipankki.fi/wiki/Clean_Energy_Research:electricity_supply as top concept of scheme http://www.yso.fi/onto/kasvimofologia/conceptscheme
INFO: Marking loose concept http://tieteentermipankki.fi/wiki/Clean_Energy_Research:emerging_behavior as top concept of scheme http://www.yso.fi/onto/kasvimofologia/conceptscheme
INFO: Marking loose concept http://tieteentermipankki.fi/wiki/Clean_Energy_Research:emission_permit_trade as top concept of scheme http://www.yso.fi/onto/kasvimofologia/conceptscheme
INFO: Marking loose concept http://tieteentermipankki.fi/wiki/Clean_Energy_Research:emission_permits as top concept of scheme http://www.yso.fi/onto/kasvimofologia/conceptscheme
INFO: Marking loose concept http://tieteentermipankki.fi/wiki/Clean_Energy_Research:energy_behaviour as top concept of scheme http://www.yso.fi/onto/kasvimofologia/conceptscheme
INFO: Marking loose concept http://tieteentermipankki.fi/wiki/Clean_Energy_Research:energy_efficiency as top concept of scheme http://www.yso.fi/onto/kasvimofologia/conceptscheme
INFO: Marking loose concept http://tieteentermipankki.fi/wiki/Clean_Energy_Research:energy_markets as top concept of scheme http://www.yso.fi/onto/kasvimofologia/conceptscheme
INFO: Marking loose concept http://tieteentermipankki.fi/wiki/Clean_Energy_Research:energy_policy as top concept of scheme http://www.yso.fi/onto/kasvimofologia/conceptscheme
INFO: Marking loose concept http://tieteentermipankki.fi/wiki/Clean_Energy_Research:energy_resources as top concept of scheme http://www.yso.fi/onto/kasvimofologia/conceptscheme
INFO: Marking loose concept http://tieteentermipankki.fi/wiki/Clean_Energy_Research:energy_storage as top concept of scheme http://www.yso.fi/onto/kasvimofologia/conceptscheme
INFO: Marking loose concept http://tieteentermipankki.fi/wiki/Clean_Energy_Research:entropy as top concept of scheme http://www.yso.fi/onto/kasvimofologia/conceptscheme
INFO: Marking loose concept http://tieteentermipankki.fi/wiki/Clean_Energy_Research:feed-in_tariff as top concept of scheme http://www.yso.fi/onto/kasvimofologia/conceptscheme
INFO: Marking loose concept http://tieteentermipankki.fi/wiki/Clean_Energy_Research:fixed_price as top concept of scheme http://www.yso.fi/onto/kasvimofologia/conceptscheme
INFO: Marking loose concept http://tieteentermipankki.fi/wiki/Clean_Energy_Research:forecast_verification as top concept of scheme http://www.yso.fi/onto/kasvimofologia/conceptscheme
INFO: Marking loose concept http://tieteentermipankki.fi/wiki/Clean_Energy_Research:global_radiation as top concept of scheme http://www.yso.fi/onto/kasvimofologia/conceptscheme
INFO: Marking loose concept http://tieteentermipankki.fi/wiki/Clean_Energy_Research:greedy_routing as top concept of scheme http://www.yso.fi/onto/kasvimofologia/conceptscheme
INFO: Marking loose concept http://tieteentermipankki.fi/wiki/Clean_Energy_Research:grid_points as top concept of scheme http://www.yso.fi/onto/kasvimofologia/conceptscheme
INFO: Marking loose concept http://tieteentermipankki.fi/wiki/Clean_Energy_Research:gust_factor as top concept of scheme http://www.yso.fi/onto/kasvimofologia/conceptscheme
INFO: Marking loose concept http://tieteentermipankki.fi/wiki/Clean_Energy_Research:health_behaviour as top concept of scheme http://www.yso.fi/onto/kasvimofologia/conceptscheme
INFO: Marking loose concept http://tieteentermipankki.fi/wiki/Clean_Energy_Research:health_information as top concept of scheme http://www.yso.fi/onto/kasvimofologia/conceptscheme
INFO: Marking loose concept http://tieteentermipankki.fi/wiki/Clean_Energy_Research:heating_system as top concept of scheme http://www.yso.fi/onto/kasvimofologia/conceptscheme
INFO: Marking loose concept http://tieteentermipankki.fi/wiki/Clean_Energy_Research:hermeneutic_circle as top concept of scheme http://www.yso.fi/onto/kasvimofologia/conceptscheme
INFO: Marking loose concept http://tieteentermipankki.fi/wiki/Clean_Energy_Research:heterogeneity as top concept of scheme http://www.yso.fi/onto/kasvimofologia/conceptscheme
INFO: Marking loose concept http://tieteentermipankki.fi/wiki/Clean_Energy_Research:horizontal_resolution as top concept of scheme http://www.yso.fi/onto/kasvimofologia/conceptscheme
INFO: Marking loose concept http://tieteentermipankki.fi/wiki/Clean_Energy_Research:in-network_caching as top concept of scheme http://www.yso.fi/onto/kasvimofologia/conceptscheme
INFO: Marking loose concept http://tieteentermipankki.fi/wiki/Clean_Energy_Research:information_centric_network as top concept of scheme http://www.yso.fi/onto/kasvimofologia/conceptscheme
INFO: Marking loose concept http://tieteentermipankki.fi/wiki/Clean_Energy_Research:interaction as top concept of scheme http://www.yso.fi/onto/kasvimofologia/conceptscheme
INFO: Marking loose concept http://tieteentermipankki.fi/wiki/Clean_Energy_Research:interdisciplinary_research as top concept of scheme http://www.yso.fi/onto/kasvimofologia/conceptscheme
INFO: Marking loose concept http://tieteentermipankki.fi/wiki/Clean_Energy_Research:interpersonal_relationship as top concept of scheme http://www.yso.fi/onto/kasvimofologia/conceptscheme
INFO: Marking loose concept http://tieteentermipankki.fi/wiki/Clean_Energy_Research:knowledge as top concept of scheme http://www.yso.fi/onto/kasvimofologia/conceptscheme
INFO: Marking loose concept http://tieteentermipankki.fi/wiki/Clean_Energy_Research:knowledge_creation as top concept of scheme http://www.yso.fi/onto/kasvimofologia/conceptscheme
INFO: Marking loose concept http://tieteentermipankki.fi/wiki/Clean_Energy_Research:load as top concept of scheme http://www.yso.fi/onto/kasvimofologia/conceptscheme
INFO: Marking loose concept http://tieteentermipankki.fi/wiki/Clean_Energy_Research:market_access as top concept of scheme http://www.yso.fi/onto/kasvimofologia/conceptscheme
INFO: Marking loose concept http://tieteentermipankki.fi/wiki/Clean_Energy_Research:market_conditions as top concept of scheme http://www.yso.fi/onto/kasvimofologia/conceptscheme
INFO: Marking loose concept http://tieteentermipankki.fi/wiki/Clean_Energy_Research:mesoscale as top concept of scheme http://www.yso.fi/onto/kasvimofologia/conceptscheme
INFO: Marking loose concept http://tieteentermipankki.fi/wiki/Clean_Energy_Research:mesoscale_meteorology as top concept of scheme http://www.yso.fi/onto/kasvimofologia/conceptscheme
INFO: Marking loose concept http://tieteentermipankki.fi/wiki/Clean_Energy_Research:mesoscale_model as top concept of scheme http://www.yso.fi/onto/kasvimofologia/conceptscheme
INFO: Marking loose concept http://tieteentermipankki.fi/wiki/Clean_Energy_Research:meteorological_instrument as top concept of scheme http://www.yso.fi/onto/kasvimofologia/conceptscheme
INFO: Marking loose concept http://tieteentermipankki.fi/wiki/Clean_Energy_Research:meteorology as top concept of scheme http://www.yso.fi/onto/kasvimofologia/conceptscheme
INFO: Marking loose concept http://tieteentermipankki.fi/wiki/Clean_Energy_Research:micro-generation as top concept of scheme http://www.yso.fi/onto/kasvimofologia/conceptscheme
INFO: Marking loose concept http://tieteentermipankki.fi/wiki/Clean_Energy_Research:mobile_content as top concept of scheme http://www.yso.fi/onto/kasvimofologia/conceptscheme
INFO: Marking loose concept http://tieteentermipankki.fi/wiki/Clean_Energy_Research:mobility_model as top concept of scheme http://www.yso.fi/onto/kasvimofologia/conceptscheme
INFO: Marking loose concept http://tieteentermipankki.fi/wiki/Clean_Energy_Research:mobility_support as top concept of scheme http://www.yso.fi/onto/kasvimofologia/conceptscheme
INFO: Marking loose concept http://tieteentermipankki.fi/wiki/Clean_Energy_Research:network_anomaly as top concept of scheme http://www.yso.fi/onto/kasvimofologia/conceptscheme
INFO: Marking loose concept http://tieteentermipankki.fi/wiki/Clean_Energy_Research:network_size as top concept of scheme http://www.yso.fi/onto/kasvimofologia/conceptscheme
INFO: Marking loose concept http://tieteentermipankki.fi/wiki/Clean_Energy_Research:network_topology as top concept of scheme http://www.yso.fi/onto/kasvimofologia/conceptscheme
INFO: Marking loose concept http://tieteentermipankki.fi/wiki/Clean_Energy_Research:nuclear_power as top concept of scheme http://www.yso.fi/onto/kasvimofologia/conceptscheme
INFO: Marking loose concept http://tieteentermipankki.fi/wiki/Clean_Energy_Research:numerical_modeling as top concept of scheme http://www.yso.fi/onto/kasvimofologia/conceptscheme
INFO: Marking loose concept http://tieteentermipankki.fi/wiki/Clean_Energy_Research:numerical_weather_prediction as top concept of scheme http://www.yso.fi/onto/kasvimofologia/conceptscheme
INFO: Marking loose concept http://tieteentermipankki.fi/wiki/Clean_Energy_Research:operating_costs as top concept of scheme http://www.yso.fi/onto/kasvimofologia/conceptscheme
INFO: Marking loose concept http://tieteentermipankki.fi/wiki/Clean_Energy_Research:optimal_replication_strategy as top concept of scheme http://www.yso.fi/onto/kasvimofologia/conceptscheme
INFO: Marking loose concept http://tieteentermipankki.fi/wiki/Clean_Energy_Research:overlay_network as top concept of scheme http://www.yso.fi/onto/kasvimofologia/conceptscheme
INFO: Marking loose concept http://tieteentermipankki.fi/wiki/Clean_Energy_Research:parameterization_method as top concept of scheme http://www.yso.fi/onto/kasvimofologia/conceptscheme
INFO: Marking loose concept http://tieteentermipankki.fi/wiki/Clean_Energy_Research:peak_demand as top concept of scheme http://www.yso.fi/onto/kasvimofologia/conceptscheme
INFO: Marking loose concept http://tieteentermipankki.fi/wiki/Clean_Energy_Research:peer-to-peer_network as top concept of scheme http://www.yso.fi/onto/kasvimofologia/conceptscheme
INFO: Marking loose concept http://tieteentermipankki.fi/wiki/Clean_Energy_Research:performance_analysis as top concept of scheme http://www.yso.fi/onto/kasvimofologia/conceptscheme
INFO: Marking loose concept http://tieteentermipankki.fi/wiki/Clean_Energy_Research:performance_model as top concept of scheme http://www.yso.fi/onto/kasvimofologia/conceptscheme
INFO: Marking loose concept http://tieteentermipankki.fi/wiki/Clean_Energy_Research:photovoltaics as top concept of scheme http://www.yso.fi/onto/kasvimofologia/conceptscheme
INFO: Marking loose concept http://tieteentermipankki.fi/wiki/Clean_Energy_Research:platform_cooperativism as top concept of scheme http://www.yso.fi/onto/kasvimofologia/conceptscheme
INFO: Marking loose concept http://tieteentermipankki.fi/wiki/Clean_Energy_Research:power_flow as top concept of scheme http://www.yso.fi/onto/kasvimofologia/conceptscheme
INFO: Marking loose concept http://tieteentermipankki.fi/wiki/Clean_Energy_Research:power_grid as top concept of scheme http://www.yso.fi/onto/kasvimofologia/conceptscheme
INFO: Marking loose concept http://tieteentermipankki.fi/wiki/Clean_Energy_Research:power_system as top concept of scheme http://www.yso.fi/onto/kasvimofologia/conceptscheme
INFO: Marking loose concept http://tieteentermipankki.fi/wiki/Clean_Energy_Research:price_dynamics as top concept of scheme http://www.yso.fi/onto/kasvimofologia/conceptscheme
INFO: Marking loose concept http://tieteentermipankki.fi/wiki/Clean_Energy_Research:prosumer as top concept of scheme http://www.yso.fi/onto/kasvimofologia/conceptscheme
INFO: Marking loose concept http://tieteentermipankki.fi/wiki/Clean_Energy_Research:public_engagement_with_science as top concept of scheme http://www.yso.fi/onto/kasvimofologia/conceptscheme
INFO: Marking loose concept http://tieteentermipankki.fi/wiki/Clean_Energy_Research:quality_of_service as top concept of scheme http://www.yso.fi/onto/kasvimofologia/conceptscheme
INFO: Marking loose concept http://tieteentermipankki.fi/wiki/Clean_Energy_Research:radar_observations as top concept of scheme http://www.yso.fi/onto/kasvimofologia/conceptscheme
INFO: Marking loose concept http://tieteentermipankki.fi/wiki/Clean_Energy_Research:radar_radial_wind as top concept of scheme http://www.yso.fi/onto/kasvimofologia/conceptscheme
INFO: Marking loose concept http://tieteentermipankki.fi/wiki/Clean_Energy_Research:radiative_transfer as top concept of scheme http://www.yso.fi/onto/kasvimofologia/conceptscheme
INFO: Marking loose concept http://tieteentermipankki.fi/wiki/Clean_Energy_Research:real_time_price as top concept of scheme http://www.yso.fi/onto/kasvimofologia/conceptscheme
INFO: Marking loose concept http://tieteentermipankki.fi/wiki/Clean_Energy_Research:regulation as top concept of scheme http://www.yso.fi/onto/kasvimofologia/conceptscheme
INFO: Marking loose concept http://tieteentermipankki.fi/wiki/Clean_Energy_Research:renewable_energy_integration as top concept of scheme http://www.yso.fi/onto/kasvimofologia/conceptscheme
INFO: Marking loose concept http://tieteentermipankki.fi/wiki/Clean_Energy_Research:renewable_energy_policy_instruments as top concept of scheme http://www.yso.fi/onto/kasvimofologia/conceptscheme
INFO: Marking loose concept http://tieteentermipankki.fi/wiki/Clean_Energy_Research:residual_load as top concept of scheme http://www.yso.fi/onto/kasvimofologia/conceptscheme
INFO: Marking loose concept http://tieteentermipankki.fi/wiki/Clean_Energy_Research:resilience as top concept of scheme http://www.yso.fi/onto/kasvimofologia/conceptscheme
INFO: Marking loose concept http://tieteentermipankki.fi/wiki/Clean_Energy_Research:resolution as top concept of scheme http://www.yso.fi/onto/kasvimofologia/conceptscheme
INFO: Marking loose concept http://tieteentermipankki.fi/wiki/Clean_Energy_Research:robustness_(control_systems) as top concept of scheme http://www.yso.fi/onto/kasvimofologia/conceptscheme
INFO: Marking loose concept http://tieteentermipankki.fi/wiki/Clean_Energy_Research:satellite as top concept of scheme http://www.yso.fi/onto/kasvimofologia/conceptscheme
INFO: Marking loose concept http://tieteentermipankki.fi/wiki/Clean_Energy_Research:scalable_algorithm as top concept of scheme http://www.yso.fi/onto/kasvimofologia/conceptscheme
INFO: Marking loose concept http://tieteentermipankki.fi/wiki/Clean_Energy_Research:sea_breeze as top concept of scheme http://www.yso.fi/onto/kasvimofologia/conceptscheme
INFO: Marking loose concept http://tieteentermipankki.fi/wiki/Clean_Energy_Research:search_engine as top concept of scheme http://www.yso.fi/onto/kasvimofologia/conceptscheme
INFO: Marking loose concept http://tieteentermipankki.fi/wiki/Clean_Energy_Research:security_of_supply as top concept of scheme http://www.yso.fi/onto/kasvimofologia/conceptscheme
INFO: Marking loose concept http://tieteentermipankki.fi/wiki/Clean_Energy_Research:sensor_network as top concept of scheme http://www.yso.fi/onto/kasvimofologia/conceptscheme
INFO: Marking loose concept http://tieteentermipankki.fi/wiki/Clean_Energy_Research:server as top concept of scheme http://www.yso.fi/onto/kasvimofologia/conceptscheme
INFO: Marking loose concept http://tieteentermipankki.fi/wiki/Clean_Energy_Research:simulation as top concept of scheme http://www.yso.fi/onto/kasvimofologia/conceptscheme
INFO: Marking loose concept http://tieteentermipankki.fi/wiki/Clean_Energy_Research:smart_home as top concept of scheme http://www.yso.fi/onto/kasvimofologia/conceptscheme
INFO: Marking loose concept http://tieteentermipankki.fi/wiki/Clean_Energy_Research:smart_meter as top concept of scheme http://www.yso.fi/onto/kasvimofologia/conceptscheme
INFO: Marking loose concept http://tieteentermipankki.fi/wiki/Clean_Energy_Research:social-technical_system as top concept of scheme http://www.yso.fi/onto/kasvimofologia/conceptscheme
INFO: Marking loose concept http://tieteentermipankki.fi/wiki/Clean_Energy_Research:solar_generation as top concept of scheme http://www.yso.fi/onto/kasvimofologia/conceptscheme
INFO: Marking loose concept http://tieteentermipankki.fi/wiki/Clean_Energy_Research:solar_radiation as top concept of scheme http://www.yso.fi/onto/kasvimofologia/conceptscheme
INFO: Marking loose concept http://tieteentermipankki.fi/wiki/Clean_Energy_Research:spectrum_sharing as top concept of scheme http://www.yso.fi/onto/kasvimofologia/conceptscheme
INFO: Marking loose concept http://tieteentermipankki.fi/wiki/Clean_Energy_Research:stochastic_frontier_analysis as top concept of scheme http://www.yso.fi/onto/kasvimofologia/conceptscheme
INFO: Marking loose concept http://tieteentermipankki.fi/wiki/Clean_Energy_Research:stochastic_model as top concept of scheme http://www.yso.fi/onto/kasvimofologia/conceptscheme
INFO: Marking loose concept http://tieteentermipankki.fi/wiki/Clean_Energy_Research:strategic_partnership as top concept of scheme http://www.yso.fi/onto/kasvimofologia/conceptscheme
INFO: Marking loose concept http://tieteentermipankki.fi/wiki/Clean_Energy_Research:surface_radiative_flux as top concept of scheme http://www.yso.fi/onto/kasvimofologia/conceptscheme
INFO: Marking loose concept http://tieteentermipankki.fi/wiki/Clean_Energy_Research:sustainability_science as top concept of scheme http://www.yso.fi/onto/kasvimofologia/conceptscheme
INFO: Marking loose concept http://tieteentermipankki.fi/wiki/Clean_Energy_Research:synchronization as top concept of scheme http://www.yso.fi/onto/kasvimofologia/conceptscheme
INFO: Marking loose concept http://tieteentermipankki.fi/wiki/Clean_Energy_Research:tariff_structure as top concept of scheme http://www.yso.fi/onto/kasvimofologia/conceptscheme
INFO: Marking loose concept http://tieteentermipankki.fi/wiki/Clean_Energy_Research:temporal_resolution as top concept of scheme http://www.yso.fi/onto/kasvimofologia/conceptscheme
INFO: Marking loose concept http://tieteentermipankki.fi/wiki/Clean_Energy_Research:tilt_angle as top concept of scheme http://www.yso.fi/onto/kasvimofologia/conceptscheme
INFO: Marking loose concept http://tieteentermipankki.fi/wiki/Clean_Energy_Research:topology as top concept of scheme http://www.yso.fi/onto/kasvimofologia/conceptscheme
INFO: Marking loose concept http://tieteentermipankki.fi/wiki/Clean_Energy_Research:transmission as top concept of scheme http://www.yso.fi/onto/kasvimofologia/conceptscheme
INFO: Marking loose concept http://tieteentermipankki.fi/wiki/Clean_Energy_Research:transmission_price as top concept of scheme http://www.yso.fi/onto/kasvimofologia/conceptscheme
INFO: Marking loose concept http://tieteentermipankki.fi/wiki/Clean_Energy_Research:transmission_system as top concept of scheme http://www.yso.fi/onto/kasvimofologia/conceptscheme
INFO: Marking loose concept http://tieteentermipankki.fi/wiki/Clean_Energy_Research:virtual_utility as top concept of scheme http://www.yso.fi/onto/kasvimofologia/conceptscheme
INFO: Marking loose concept http://tieteentermipankki.fi/wiki/Clean_Energy_Research:weather_forecasting as top concept of scheme http://www.yso.fi/onto/kasvimofologia/conceptscheme
INFO: Marking loose concept http://tieteentermipankki.fi/wiki/Clean_Energy_Research:weather_radar as top concept of scheme http://www.yso.fi/onto/kasvimofologia/conceptscheme
INFO: Marking loose concept http://tieteentermipankki.fi/wiki/Clean_Energy_Research:web-based_service as top concept of scheme http://www.yso.fi/onto/kasvimofologia/conceptscheme
INFO: Marking loose concept http://tieteentermipankki.fi/wiki/Clean_Energy_Research:weibull_distribution as top concept of scheme http://www.yso.fi/onto/kasvimofologia/conceptscheme
INFO: Marking loose concept http://tieteentermipankki.fi/wiki/Clean_Energy_Research:welfare as top concept of scheme http://www.yso.fi/onto/kasvimofologia/conceptscheme
INFO: Marking loose concept http://tieteentermipankki.fi/wiki/Clean_Energy_Research:wind as top concept of scheme http://www.yso.fi/onto/kasvimofologia/conceptscheme
INFO: Marking loose concept http://tieteentermipankki.fi/wiki/Clean_Energy_Research:wind_atlas as top concept of scheme http://www.yso.fi/onto/kasvimofologia/conceptscheme
INFO: Marking loose concept http://tieteentermipankki.fi/wiki/Clean_Energy_Research:wind_climate as top concept of scheme http://www.yso.fi/onto/kasvimofologia/conceptscheme
INFO: Marking loose concept http://tieteentermipankki.fi/wiki/Clean_Energy_Research:wind_data as top concept of scheme http://www.yso.fi/onto/kasvimofologia/conceptscheme
INFO: Marking loose concept http://tieteentermipankki.fi/wiki/Clean_Energy_Research:wind_direction as top concept of scheme http://www.yso.fi/onto/kasvimofologia/conceptscheme
INFO: Marking loose concept http://tieteentermipankki.fi/wiki/Clean_Energy_Research:wind_field as top concept of scheme http://www.yso.fi/onto/kasvimofologia/conceptscheme
INFO: Marking loose concept http://tieteentermipankki.fi/wiki/Clean_Energy_Research:wind_forecast as top concept of scheme http://www.yso.fi/onto/kasvimofologia/conceptscheme
INFO: Marking loose concept http://tieteentermipankki.fi/wiki/Clean_Energy_Research:wind_generation as top concept of scheme http://www.yso.fi/onto/kasvimofologia/conceptscheme
INFO: Marking loose concept http://tieteentermipankki.fi/wiki/Clean_Energy_Research:wind_power_production as top concept of scheme http://www.yso.fi/onto/kasvimofologia/conceptscheme
INFO: Marking loose concept http://tieteentermipankki.fi/wiki/Clean_Energy_Research:wind_resource_mapping as top concept of scheme http://www.yso.fi/onto/kasvimofologia/conceptscheme
INFO: Marking loose concept http://tieteentermipankki.fi/wiki/Clean_Energy_Research:wind_speed as top concept of scheme http://www.yso.fi/onto/kasvimofologia/conceptscheme
WARNING: Hierarchy cycle detected at Clean_Energy_Research:energy_weather_forecast -> Clean_Energy_Research:energy_weather, but not removed because break_cycles is not active
INFO: Some concepts not reached in initial cycle detection. Re-checking for loose concepts.
WARNING: Redundant hierarchical relationship http://tieteentermipankki.fi/wiki/Clean_Energy_Research:direct_normal_irradiance skos:broader http://tieteentermipankki.fi/wiki/Clean_Energy_Research:solar_radiation found, but not eliminated because eliminate_redundancy is not set
WARNING: Redundant hierarchical relationship http://tieteentermipankki.fi/wiki/Clean_Energy_Research:photo_voltaic_power skos:broader http://tieteentermipankki.fi/wiki/Clean_Energy_Research:renewable_energy_(re)sources found, but not eliminated because eliminate_redundancy is not set
WARNING: Redundant hierarchical relationship http://tieteentermipankki.fi/wiki/Clean_Energy_Research:solar_energy skos:broader http://tieteentermipankki.fi/wiki/Clean_Energy_Research:renewable_energy_(re)sources found, but not eliminated because eliminate_redundancy is not set
WARNING: Redundant hierarchical relationship http://tieteentermipankki.fi/wiki/Clean_Energy_Research:wind_power skos:broader http://tieteentermipankki.fi/wiki/Clean_Energy_Research:renewable_energy_(re)sources found, but not eliminated because eliminate_redundancy is not set
WARNING: Resource http://tieteentermipankki.fi/wiki/Clean_Energy_Research:balancing_power has more than one prefLabel@en: choosing balancing  power (policy: shortest)
WARNING: Resource http://tieteentermipankki.fi/wiki/Clean_Energy_Research:balancing_power has more than one prefLabel@fi: choosing säätösähkö (policy: shortest)
WARNING: Resource http://tieteentermipankki.fi/wiki/Clean_Energy_Research:complex_system has more than one prefLabel@fi: choosing kompleksinen järjestelmä (policy: shortest)
WARNING: Resource http://tieteentermipankki.fi/wiki/Clean_Energy_Research:complexity has more than one prefLabel@fi: choosing kompleksisuus (policy: shortest)
WARNING: Resource http://tieteentermipankki.fi/wiki/Clean_Energy_Research:demand_response has more than one prefLabel@fi: choosing kysyntävaste (policy: shortest)
WARNING: Resource http://tieteentermipankki.fi/wiki/Clean_Energy_Research:global_radiation has more than one prefLabel@fi: choosing kokonaissäteily (policy: shortest)
WARNING: Resource http://tieteentermipankki.fi/wiki/Clean_Energy_Research:load has more than one prefLabel@en: choosing load (policy: shortest)
WARNING: Resource http://tieteentermipankki.fi/wiki/Clean_Energy_Research:power_flow has more than one prefLabel@fi: choosing tehovuo (policy: shortest)
WARNING: Resource http://tieteentermipankki.fi/wiki/Clean_Energy_Research:power_grid has more than one prefLabel@fi: choosing tehoverkko (policy: shortest)
WARNING: Resource http://tieteentermipankki.fi/wiki/Clean_Energy_Research:power_system has more than one prefLabel@fi: choosing tehojärjestelmä (policy: shortest)
WARNING: Resource http://tieteentermipankki.fi/wiki/Clean_Energy_Research:quality_of_service has more than one prefLabel@en: choosing QoS (policy: shortest)
WARNING: Resource http://tieteentermipankki.fi/wiki/Clean_Energy_Research:real_time_price has more than one prefLabel@en: choosing real time price (policy: shortest)
WARNING: Resource http://tieteentermipankki.fi/wiki/Clean_Energy_Research:smart_home has more than one prefLabel@fi: choosing älykoti (policy: shortest)
WARNING: Resource http://tieteentermipankki.fi/wiki/Clean_Energy_Research:smart_meter has more than one prefLabel@fi: choosing älymittari (policy: shortest)
WARNING: Resource http://tieteentermipankki.fi/wiki/Clean_Energy_Research:synchronization has more than one prefLabel@fi: choosing ajastus (policy: shortest)
WARNING: Resource http://tieteentermipankki.fi/wiki/Clean_Energy_Research:virtual_utility has more than one prefLabel@en: choosing virtual utility (policy: shortest)
WARNING: Resource http://tieteentermipankki.fi/wiki/Clean_Energy_Research:virtual_utility has more than one prefLabel@fi: choosing virtuaalivoimala (policy: shortest)
WARNING: Resource http://tieteentermipankki.fi/wiki/Clean_Energy_Research:wind_field has more than one prefLabel@fi: choosing tuulikartta (policy: shortest)
WARNING: Resource http://tieteentermipankki.fi/wiki/Clean_Energy_Research:wind_power has more than one prefLabel@en: choosing wind power (policy: shortest)
WARNING: Resource http://tieteentermipankki.fi/wiki/Clean_Energy_Research:5g_in_communication_system has '5G (tietoliikennejärjestelmät)'@fi as both prefLabel and altLabel; removing altLabel
WARNING: Resource http://tieteentermipankki.fi/wiki/Clean_Energy_Research:ad_hoc_network has 'hajautettu tarvepohjainen verkko'@fi as both prefLabel and altLabel; removing altLabel
WARNING: Resource http://tieteentermipankki.fi/wiki/Clean_Energy_Research:agent_based_modeling has 'toimijapohjainen mallinnus'@fi as both prefLabel and altLabel; removing altLabel
WARNING: Resource http://tieteentermipankki.fi/wiki/Clean_Energy_Research:aggregator has 'kokoaja'@fi as both prefLabel and altLabel; removing altLabel
WARNING: Resource http://tieteentermipankki.fi/wiki/Clean_Energy_Research:algorithm has 'algoritmi'@fi as both prefLabel and altLabel; removing altLabel
WARNING: Resource http://tieteentermipankki.fi/wiki/Clean_Energy_Research:alternative_energy has 'vaihtoehtoenergia'@fi as both prefLabel and altLabel; removing altLabel
WARNING: Resource http://tieteentermipankki.fi/wiki/Clean_Energy_Research:ancillary_services has 'liitännäispalvelut'@fi as both prefLabel and altLabel; removing altLabel
WARNING: Resource http://tieteentermipankki.fi/wiki/Clean_Energy_Research:atmospheric_boundary_layer has 'ilmakehän rajakerros'@fi as both prefLabel and altLabel; removing altLabel
WARNING: Resource http://tieteentermipankki.fi/wiki/Clean_Energy_Research:atmospheric_pressure has 'ilmanpaine'@fi as both prefLabel and altLabel; removing altLabel
WARNING: Resource http://tieteentermipankki.fi/wiki/Clean_Energy_Research:atmospheric_temperature has 'ilman lämpötila'@fi as both prefLabel and altLabel; removing altLabel
WARNING: Resource http://tieteentermipankki.fi/wiki/Clean_Energy_Research:azimuth_angle has 'rintamasuunta (kulma)'@fi as both prefLabel and altLabel; removing altLabel
WARNING: Resource http://tieteentermipankki.fi/wiki/Clean_Energy_Research:balancing_power has 'säätösähkö'@fi as both prefLabel and altLabel; removing altLabel
WARNING: Resource http://tieteentermipankki.fi/wiki/Clean_Energy_Research:base-station has 'tukiasema'@fi as both prefLabel and altLabel; removing altLabel
WARNING: Resource http://tieteentermipankki.fi/wiki/Clean_Energy_Research:black-out has 'sähkökatko'@fi as both prefLabel and altLabel; removing altLabel
WARNING: Resource http://tieteentermipankki.fi/wiki/Clean_Energy_Research:boundary_layer has 'rajakerros'@fi as both prefLabel and altLabel; removing altLabel
WARNING: Resource http://tieteentermipankki.fi/wiki/Clean_Energy_Research:cache_cooperation has 'välimuistiyhteistyö'@fi as both prefLabel and altLabel; removing altLabel
WARNING: Resource http://tieteentermipankki.fi/wiki/Clean_Energy_Research:cache_network has 'välimuistiverkko'@fi as both prefLabel and altLabel; removing altLabel
WARNING: Resource http://tieteentermipankki.fi/wiki/Clean_Energy_Research:capacity_investments has 'kapasiteetti-investoinnit'@fi as both prefLabel and altLabel; removing altLabel
WARNING: Resource http://tieteentermipankki.fi/wiki/Clean_Energy_Research:carbon_dioxide has 'hiilidioksidi'@fi as both prefLabel and altLabel; removing altLabel
WARNING: Resource http://tieteentermipankki.fi/wiki/Clean_Energy_Research:carbon_emissions has 'hiilipäästöt'@fi as both prefLabel and altLabel; removing altLabel
WARNING: Resource http://tieteentermipankki.fi/wiki/Clean_Energy_Research:chunking has 'paloittelu'@fi as both prefLabel and altLabel; removing altLabel
WARNING: Resource http://tieteentermipankki.fi/wiki/Clean_Energy_Research:climate_prediction has 'ilmastoennuste'@fi as both prefLabel and altLabel; removing altLabel
WARNING: Resource http://tieteentermipankki.fi/wiki/Clean_Energy_Research:climatology has 'klimatologia'@fi as both prefLabel and altLabel; removing altLabel
WARNING: Resource http://tieteentermipankki.fi/wiki/Clean_Energy_Research:cloud has 'pilvi'@fi as both prefLabel and altLabel; removing altLabel
WARNING: Resource http://tieteentermipankki.fi/wiki/Clean_Energy_Research:coastal_zone has 'rannikkoalue'@fi as both prefLabel and altLabel; removing altLabel
WARNING: Resource http://tieteentermipankki.fi/wiki/Clean_Energy_Research:cognitive_network has 'kognitiivinen verkko'@fi as both prefLabel and altLabel; removing altLabel
WARNING: Resource http://tieteentermipankki.fi/wiki/Clean_Energy_Research:communication_channel has 'tietoliikennekanava'@fi as both prefLabel and altLabel; removing altLabel
WARNING: Resource http://tieteentermipankki.fi/wiki/Clean_Energy_Research:communication_network has 'tietoliikenneverkko'@fi as both prefLabel and altLabel; removing altLabel
WARNING: Resource http://tieteentermipankki.fi/wiki/Clean_Energy_Research:communications_system has 'tietoliikennejärjestelmä'@fi as both prefLabel and altLabel; removing altLabel
WARNING: Resource http://tieteentermipankki.fi/wiki/Clean_Energy_Research:competition has 'kilpailu'@fi as both prefLabel and altLabel; removing altLabel
WARNING: Resource http://tieteentermipankki.fi/wiki/Clean_Energy_Research:complex_network has 'kompleksinen verkko'@fi as both prefLabel and altLabel; removing altLabel
WARNING: Resource http://tieteentermipankki.fi/wiki/Clean_Energy_Research:complex_system has 'kompleksinen järjestelmä'@fi as both prefLabel and altLabel; removing altLabel
WARNING: Resource http://tieteentermipankki.fi/wiki/Clean_Energy_Research:complexity has 'kompleksisuus'@fi as both prefLabel and altLabel; removing altLabel
WARNING: Resource http://tieteentermipankki.fi/wiki/Clean_Energy_Research:computational_complexity has 'laskennallinen vaativuus'@fi as both prefLabel and altLabel; removing altLabel
WARNING: Resource http://tieteentermipankki.fi/wiki/Clean_Energy_Research:concept_of_human_being has 'ihmiskäsitys'@fi as both prefLabel and altLabel; removing altLabel
WARNING: Resource http://tieteentermipankki.fi/wiki/Clean_Energy_Research:consumption_data has 'kulutustieto'@fi as both prefLabel and altLabel; removing altLabel
WARNING: Resource http://tieteentermipankki.fi/wiki/Clean_Energy_Research:content-centric_network has 'sisältökeskeinen verkko'@fi as both prefLabel and altLabel; removing altLabel
WARNING: Resource http://tieteentermipankki.fi/wiki/Clean_Energy_Research:content_distribution has 'sisällönjako'@fi as both prefLabel and altLabel; removing altLabel
WARNING: Resource http://tieteentermipankki.fi/wiki/Clean_Energy_Research:content_distribution_network has 'sisällönjakoverkko'@fi as both prefLabel and altLabel; removing altLabel
WARNING: Resource http://tieteentermipankki.fi/wiki/Clean_Energy_Research:cost-benefit_analysis has 'Kustannus-hyötyanalyysi'@fi as both prefLabel and altLabel; removing altLabel
WARNING: Resource http://tieteentermipankki.fi/wiki/Clean_Energy_Research:cost_efficiency has 'kustannustehokkuus'@fi as both prefLabel and altLabel; removing altLabel
WARNING: Resource http://tieteentermipankki.fi/wiki/Clean_Energy_Research:critical_thinking has 'kriittinen ajattelu'@fi as both prefLabel and altLabel; removing altLabel
WARNING: Resource http://tieteentermipankki.fi/wiki/Clean_Energy_Research:cyber-physical_system has 'kyberfysikaalinen järjestelmä'@fi as both prefLabel and altLabel; removing altLabel
WARNING: Resource http://tieteentermipankki.fi/wiki/Clean_Energy_Research:cyber_security has 'kyberturvallisuus'@fi as both prefLabel and altLabel; removing altLabel
WARNING: Resource http://tieteentermipankki.fi/wiki/Clean_Energy_Research:data_assimilation has 'data-assimilaatio'@fi as both prefLabel and altLabel; removing altLabel
WARNING: Resource http://tieteentermipankki.fi/wiki/Clean_Energy_Research:demand_response has 'kysyntävaste'@fi as both prefLabel and altLabel; removing altLabel
WARNING: Resource http://tieteentermipankki.fi/wiki/Clean_Energy_Research:diffuse_radiation has 'hajasäteily'@fi as both prefLabel and altLabel; removing altLabel
WARNING: Resource http://tieteentermipankki.fi/wiki/Clean_Energy_Research:direct_normal_irradiance has 'suora normaalisäteily'@fi as both prefLabel and altLabel; removing altLabel
WARNING: Resource http://tieteentermipankki.fi/wiki/Clean_Energy_Research:direct_radiation has 'suora säteily'@fi as both prefLabel and altLabel; removing altLabel
WARNING: Resource http://tieteentermipankki.fi/wiki/Clean_Energy_Research:distributed_computer_system has 'hajautettu tietokonejärjestelmä'@fi as both prefLabel and altLabel; removing altLabel
WARNING: Resource http://tieteentermipankki.fi/wiki/Clean_Energy_Research:distributed_generation has 'hajautettu tuotanto'@fi as both prefLabel and altLabel; removing altLabel
WARNING: Resource http://tieteentermipankki.fi/wiki/Clean_Energy_Research:distribution has 'jakelu'@fi as both prefLabel and altLabel; removing altLabel
WARNING: Resource http://tieteentermipankki.fi/wiki/Clean_Energy_Research:diurnal_cycle has 'vuorokausisykli'@fi as both prefLabel and altLabel; removing altLabel
WARNING: Resource http://tieteentermipankki.fi/wiki/Clean_Energy_Research:doppler_radar has 'doppler säätutka'@fi as both prefLabel and altLabel; removing altLabel
WARNING: Resource http://tieteentermipankki.fi/wiki/Clean_Energy_Research:efficiency_savings has 'tehokkuussäästöt'@fi as both prefLabel and altLabel; removing altLabel
WARNING: Resource http://tieteentermipankki.fi/wiki/Clean_Energy_Research:electric_network_analysis has 'sähköverkon analysointi'@fi as both prefLabel and altLabel; removing altLabel
WARNING: Resource http://tieteentermipankki.fi/wiki/Clean_Energy_Research:electric_network_topology has 'sähköverkon topologia'@fi as both prefLabel and altLabel; removing altLabel
WARNING: Resource http://tieteentermipankki.fi/wiki/Clean_Energy_Research:electric_utility has 'sähköyhtiö'@fi as both prefLabel and altLabel; removing altLabel
WARNING: Resource http://tieteentermipankki.fi/wiki/Clean_Energy_Research:electricity has 'sähkö'@fi as both prefLabel and altLabel; removing altLabel
WARNING: Resource http://tieteentermipankki.fi/wiki/Clean_Energy_Research:electricity_demand has 'sähkön kysyntä'@fi as both prefLabel and altLabel; removing altLabel
WARNING: Resource http://tieteentermipankki.fi/wiki/Clean_Energy_Research:electricity_distribution has 'sähkön jakelu'@fi as both prefLabel and altLabel; removing altLabel
WARNING: Resource http://tieteentermipankki.fi/wiki/Clean_Energy_Research:electricity_distribution_industry has 'sähkön jakeluteollisuus'@fi as both prefLabel and altLabel; removing altLabel
WARNING: Resource http://tieteentermipankki.fi/wiki/Clean_Energy_Research:electricity_generation has 'sähkön tuotanto'@fi as both prefLabel and altLabel; removing altLabel
WARNING: Resource http://tieteentermipankki.fi/wiki/Clean_Energy_Research:electricity_industry has 'sähköteollisuus'@fi as both prefLabel and altLabel; removing altLabel
WARNING: Resource http://tieteentermipankki.fi/wiki/Clean_Energy_Research:electricity_prices has 'sähkön hinnat'@fi as both prefLabel and altLabel; removing altLabel
WARNING: Resource http://tieteentermipankki.fi/wiki/Clean_Energy_Research:electricity_supply has 'sähkön tarjonta'@fi as both prefLabel and altLabel; removing altLabel
WARNING: Resource http://tieteentermipankki.fi/wiki/Clean_Energy_Research:emerging_behavior has 'orastava käyttäytyminen'@fi as both prefLabel and altLabel; removing altLabel
WARNING: Resource http://tieteentermipankki.fi/wiki/Clean_Energy_Research:emission_permit_trade has 'päästökauppa'@fi as both prefLabel and altLabel; removing altLabel
WARNING: Resource http://tieteentermipankki.fi/wiki/Clean_Energy_Research:emission_permits has 'päästöoikeudet'@fi as both prefLabel and altLabel; removing altLabel
WARNING: Resource http://tieteentermipankki.fi/wiki/Clean_Energy_Research:energy_behaviour has 'energiakäyttäytyminen'@fi as both prefLabel and altLabel; removing altLabel
WARNING: Resource http://tieteentermipankki.fi/wiki/Clean_Energy_Research:energy_efficiency has 'energiatehokkuus'@fi as both prefLabel and altLabel; removing altLabel
WARNING: Resource http://tieteentermipankki.fi/wiki/Clean_Energy_Research:energy_markets has 'energiamarkkinat'@fi as both prefLabel and altLabel; removing altLabel
WARNING: Resource http://tieteentermipankki.fi/wiki/Clean_Energy_Research:energy_policy has 'energiapolitiikka'@fi as both prefLabel and altLabel; removing altLabel
WARNING: Resource http://tieteentermipankki.fi/wiki/Clean_Energy_Research:energy_resources has 'energiaresurssit'@fi as both prefLabel and altLabel; removing altLabel
WARNING: Resource http://tieteentermipankki.fi/wiki/Clean_Energy_Research:energy_storage has 'energiavarasto'@fi as both prefLabel and altLabel; removing altLabel
WARNING: Resource http://tieteentermipankki.fi/wiki/Clean_Energy_Research:energy_weather has 'energiasää'@fi as both prefLabel and altLabel; removing altLabel
WARNING: Resource http://tieteentermipankki.fi/wiki/Clean_Energy_Research:energy_weather_forecast has 'energiasääennuste'@fi as both prefLabel and altLabel; removing altLabel
WARNING: Resource http://tieteentermipankki.fi/wiki/Clean_Energy_Research:entropy has 'entropia'@fi as both prefLabel and altLabel; removing altLabel
WARNING: Resource http://tieteentermipankki.fi/wiki/Clean_Energy_Research:feed-in_tariff has 'syöttötariffi'@fi as both prefLabel and altLabel; removing altLabel
WARNING: Resource http://tieteentermipankki.fi/wiki/Clean_Energy_Research:fixed_price has 'kiinteä hinta'@fi as both prefLabel and altLabel; removing altLabel
WARNING: Resource http://tieteentermipankki.fi/wiki/Clean_Energy_Research:forecast_verification has 'ennusteen todentaminen'@fi as both prefLabel and altLabel; removing altLabel
WARNING: Resource http://tieteentermipankki.fi/wiki/Clean_Energy_Research:global_radiation has 'kokonaissäteily'@fi as both prefLabel and altLabel; removing altLabel
WARNING: Resource http://tieteentermipankki.fi/wiki/Clean_Energy_Research:greedy_routing has 'ahne reititys'@fi as both prefLabel and altLabel; removing altLabel
WARNING: Resource http://tieteentermipankki.fi/wiki/Clean_Energy_Research:grid_points has 'hilapisteet'@fi as both prefLabel and altLabel; removing altLabel
WARNING: Resource http://tieteentermipankki.fi/wiki/Clean_Energy_Research:gust_factor has 'puuskakerroin'@fi as both prefLabel and altLabel; removing altLabel
WARNING: Resource http://tieteentermipankki.fi/wiki/Clean_Energy_Research:health_behaviour has 'terveyskäyttäytyminen'@fi as both prefLabel and altLabel; removing altLabel
WARNING: Resource http://tieteentermipankki.fi/wiki/Clean_Energy_Research:health_information has 'terveystieto'@fi as both prefLabel and altLabel; removing altLabel
WARNING: Resource http://tieteentermipankki.fi/wiki/Clean_Energy_Research:heating_system has 'lämmitysjärjestelmä'@fi as both prefLabel and altLabel; removing altLabel
WARNING: Resource http://tieteentermipankki.fi/wiki/Clean_Energy_Research:hermeneutic_circle has 'hermeneuttinen kehä'@fi as both prefLabel and altLabel; removing altLabel
WARNING: Resource http://tieteentermipankki.fi/wiki/Clean_Energy_Research:heterogeneity has 'heterogeenisyys'@fi as both prefLabel and altLabel; removing altLabel
WARNING: Resource http://tieteentermipankki.fi/wiki/Clean_Energy_Research:horizontal_resolution has 'vaakasuuntainen erotuskyky'@fi as both prefLabel and altLabel; removing altLabel
WARNING: Resource http://tieteentermipankki.fi/wiki/Clean_Energy_Research:hydroelectric_power has 'vesivoima'@fi as both prefLabel and altLabel; removing altLabel
WARNING: Resource http://tieteentermipankki.fi/wiki/Clean_Energy_Research:in-network_caching has 'verkkovälimuisti'@fi as both prefLabel and altLabel; removing altLabel
WARNING: Resource http://tieteentermipankki.fi/wiki/Clean_Energy_Research:information_centric_network has 'tietokeskeinen verkko'@fi as both prefLabel and altLabel; removing altLabel
WARNING: Resource http://tieteentermipankki.fi/wiki/Clean_Energy_Research:intellectual_capital has 'aineeton pääoma'@fi as both prefLabel and altLabel; removing altLabel
WARNING: Resource http://tieteentermipankki.fi/wiki/Clean_Energy_Research:interaction has 'vuorovaikutus'@fi as both prefLabel and altLabel; removing altLabel
WARNING: Resource http://tieteentermipankki.fi/wiki/Clean_Energy_Research:interdisciplinary_research has 'tieteidenvälinen tutkimus'@fi as both prefLabel and altLabel; removing altLabel
WARNING: Resource http://tieteentermipankki.fi/wiki/Clean_Energy_Research:interpersonal_relationship has 'ihmisten väliset suhteet'@fi as both prefLabel and altLabel; removing altLabel
WARNING: Resource http://tieteentermipankki.fi/wiki/Clean_Energy_Research:knowledge has 'tieto'@fi as both prefLabel and altLabel; removing altLabel
WARNING: Resource http://tieteentermipankki.fi/wiki/Clean_Energy_Research:knowledge_creation has 'tiedon luominen'@fi as both prefLabel and altLabel; removing altLabel
WARNING: Resource http://tieteentermipankki.fi/wiki/Clean_Energy_Research:knowledge_process has 'tietoprosessi'@fi as both prefLabel and altLabel; removing altLabel
WARNING: Resource http://tieteentermipankki.fi/wiki/Clean_Energy_Research:low_level_jet has 'pinnanläheinen suihkuvirtaus'@fi as both prefLabel and altLabel; removing altLabel
WARNING: Resource http://tieteentermipankki.fi/wiki/Clean_Energy_Research:market_access has 'markkinoille pääsy'@fi as both prefLabel and altLabel; removing altLabel
WARNING: Resource http://tieteentermipankki.fi/wiki/Clean_Energy_Research:market_conditions has 'markkinaehdot'@fi as both prefLabel and altLabel; removing altLabel
WARNING: Resource http://tieteentermipankki.fi/wiki/Clean_Energy_Research:mesoscale has 'mesoskaala'@fi as both prefLabel and altLabel; removing altLabel
WARNING: Resource http://tieteentermipankki.fi/wiki/Clean_Energy_Research:mesoscale_meteorology has 'mesoskaalan meteorologia'@fi as both prefLabel and altLabel; removing altLabel
WARNING: Resource http://tieteentermipankki.fi/wiki/Clean_Energy_Research:mesoscale_model has 'mesoskaalan ilmakehämalli'@fi as both prefLabel and altLabel; removing altLabel
WARNING: Resource http://tieteentermipankki.fi/wiki/Clean_Energy_Research:meteorological_instrument has 'meteorologinen mittalaite'@fi as both prefLabel and altLabel; removing altLabel
WARNING: Resource http://tieteentermipankki.fi/wiki/Clean_Energy_Research:meteorology has 'meteorologia'@fi as both prefLabel and altLabel; removing altLabel
WARNING: Resource http://tieteentermipankki.fi/wiki/Clean_Energy_Research:micro-generation has 'pientuotanto'@fi as both prefLabel and altLabel; removing altLabel
WARNING: Resource http://tieteentermipankki.fi/wiki/Clean_Energy_Research:micro-grid has 'mikroverkko'@fi as both prefLabel and altLabel; removing altLabel
WARNING: Resource http://tieteentermipankki.fi/wiki/Clean_Energy_Research:mobile_content has 'mobiilisisältö'@fi as both prefLabel and altLabel; removing altLabel
WARNING: Resource http://tieteentermipankki.fi/wiki/Clean_Energy_Research:mobility_model has 'liikkuvuusmalli'@fi as both prefLabel and altLabel; removing altLabel
WARNING: Resource http://tieteentermipankki.fi/wiki/Clean_Energy_Research:mobility_support has 'liikkuvuustuki'@fi as both prefLabel and altLabel; removing altLabel
WARNING: Resource http://tieteentermipankki.fi/wiki/Clean_Energy_Research:network_anomaly has 'verkkoanomalia'@fi as both prefLabel and altLabel; removing altLabel
WARNING: Resource http://tieteentermipankki.fi/wiki/Clean_Energy_Research:network_size has 'verkon koko'@fi as both prefLabel and altLabel; removing altLabel
WARNING: Resource http://tieteentermipankki.fi/wiki/Clean_Energy_Research:network_topology has 'verkon topologia'@fi as both prefLabel and altLabel; removing altLabel
WARNING: Resource http://tieteentermipankki.fi/wiki/Clean_Energy_Research:non-renewable_energy_(re)sources has 'Uusiutumattomat energialähteet'@fi as both prefLabel and altLabel; removing altLabel
WARNING: Resource http://tieteentermipankki.fi/wiki/Clean_Energy_Research:nordic_power_markets has 'pohjoismainen sähkömarkkina'@fi as both prefLabel and altLabel; removing altLabel
WARNING: Resource http://tieteentermipankki.fi/wiki/Clean_Energy_Research:nuclear_power has 'ydinvoima'@fi as both prefLabel and altLabel; removing altLabel
WARNING: Resource http://tieteentermipankki.fi/wiki/Clean_Energy_Research:numerical_modeling has 'numeerinen mallintaminen'@fi as both prefLabel and altLabel; removing altLabel
WARNING: Resource http://tieteentermipankki.fi/wiki/Clean_Energy_Research:numerical_weather_prediction has 'numeerinen säänennustus'@fi as both prefLabel and altLabel; removing altLabel
WARNING: Resource http://tieteentermipankki.fi/wiki/Clean_Energy_Research:operating_costs has 'toimintakustannukset'@fi as both prefLabel and altLabel; removing altLabel
WARNING: Resource http://tieteentermipankki.fi/wiki/Clean_Energy_Research:optimal_replication_strategy has 'optimaalinen toisintamisstrategia'@fi as both prefLabel and altLabel; removing altLabel
WARNING: Resource http://tieteentermipankki.fi/wiki/Clean_Energy_Research:overlay_network has 'päällysverkko'@fi as both prefLabel and altLabel; removing altLabel
WARNING: Resource http://tieteentermipankki.fi/wiki/Clean_Energy_Research:parameterization_method has 'parametrisointimenetelmä'@fi as both prefLabel and altLabel; removing altLabel
WARNING: Resource http://tieteentermipankki.fi/wiki/Clean_Energy_Research:peak_demand has 'huippukysyntä'@fi as both prefLabel and altLabel; removing altLabel
WARNING: Resource http://tieteentermipankki.fi/wiki/Clean_Energy_Research:peer-to-peer_network has 'vertaisverkko'@fi as both prefLabel and altLabel; removing altLabel
WARNING: Resource http://tieteentermipankki.fi/wiki/Clean_Energy_Research:performance_analysis has 'suorituskykyanalyysi'@fi as both prefLabel and altLabel; removing altLabel
WARNING: Resource http://tieteentermipankki.fi/wiki/Clean_Energy_Research:performance_model has 'suorituskykymalli'@fi as both prefLabel and altLabel; removing altLabel
WARNING: Resource http://tieteentermipankki.fi/wiki/Clean_Energy_Research:photo_voltaic_power has 'aurinkovoima'@fi as both prefLabel and altLabel; removing altLabel
WARNING: Resource http://tieteentermipankki.fi/wiki/Clean_Energy_Research:photovoltaics has 'valosähköinen aurinkokennotekniikka'@fi as both prefLabel and altLabel; removing altLabel
WARNING: Resource http://tieteentermipankki.fi/wiki/Clean_Energy_Research:platform_cooperativism has 'alustayhteistoiminnallisuus'@fi as both prefLabel and altLabel; removing altLabel
WARNING: Resource http://tieteentermipankki.fi/wiki/Clean_Energy_Research:power_flow has 'tehovuo'@fi as both prefLabel and altLabel; removing altLabel
WARNING: Resource http://tieteentermipankki.fi/wiki/Clean_Energy_Research:power_grid has 'tehoverkko'@fi as both prefLabel and altLabel; removing altLabel
WARNING: Resource http://tieteentermipankki.fi/wiki/Clean_Energy_Research:power_system has 'tehojärjestelmä'@fi as both prefLabel and altLabel; removing altLabel
WARNING: Resource http://tieteentermipankki.fi/wiki/Clean_Energy_Research:price_dynamics has 'hintadynamiikka'@fi as both prefLabel and altLabel; removing altLabel
WARNING: Resource http://tieteentermipankki.fi/wiki/Clean_Energy_Research:public_engagement_with_science has 'osallistava tiedeviestintä'@fi as both prefLabel and altLabel; removing altLabel
WARNING: Resource http://tieteentermipankki.fi/wiki/Clean_Energy_Research:quality_of_service has 'palvelunlaatu'@fi as both prefLabel and altLabel; removing altLabel
WARNING: Resource http://tieteentermipankki.fi/wiki/Clean_Energy_Research:radar_observations has 'säätutkahavainnot'@fi as both prefLabel and altLabel; removing altLabel
WARNING: Resource http://tieteentermipankki.fi/wiki/Clean_Energy_Research:radar_radial_wind has 'tutkasäteensuuntainen tuulikomponentti'@fi as both prefLabel and altLabel; removing altLabel
WARNING: Resource http://tieteentermipankki.fi/wiki/Clean_Energy_Research:radiative_transfer has 'säteilyn kulku'@fi as both prefLabel and altLabel; removing altLabel
WARNING: Resource http://tieteentermipankki.fi/wiki/Clean_Energy_Research:radiosonde has 'radioluotain'@fi as both prefLabel and altLabel; removing altLabel
WARNING: Resource http://tieteentermipankki.fi/wiki/Clean_Energy_Research:real_time_price has 'reaaliaikainen hinnoittelu'@fi as both prefLabel and altLabel; removing altLabel
WARNING: Resource http://tieteentermipankki.fi/wiki/Clean_Energy_Research:regulation has 'sääntely'@fi as both prefLabel and altLabel; removing altLabel
WARNING: Resource http://tieteentermipankki.fi/wiki/Clean_Energy_Research:renewable_energy_(re)sources has 'uusiutuvat energialähteet'@fi as both prefLabel and altLabel; removing altLabel
WARNING: Resource http://tieteentermipankki.fi/wiki/Clean_Energy_Research:renewable_energy_integration has 'uusiutuvan energian yhdistäminen'@fi as both prefLabel and altLabel; removing altLabel
WARNING: Resource http://tieteentermipankki.fi/wiki/Clean_Energy_Research:renewable_energy_policy_instruments has 'uusiutuvan energian ohjauskeinot'@fi as both prefLabel and altLabel; removing altLabel
WARNING: Resource http://tieteentermipankki.fi/wiki/Clean_Energy_Research:residual_load has 'jäännöskuormitus'@fi as both prefLabel and altLabel; removing altLabel
WARNING: Resource http://tieteentermipankki.fi/wiki/Clean_Energy_Research:resilience has 'vikasietoisuus'@fi as both prefLabel and altLabel; removing altLabel
WARNING: Resource http://tieteentermipankki.fi/wiki/Clean_Energy_Research:resolution has 'erotuskyky'@fi as both prefLabel and altLabel; removing altLabel
WARNING: Resource http://tieteentermipankki.fi/wiki/Clean_Energy_Research:robustness_(control_systems) has 'toimintavarmuus'@fi as both prefLabel and altLabel; removing altLabel
WARNING: Resource http://tieteentermipankki.fi/wiki/Clean_Energy_Research:satellite has 'satelliitti'@fi as both prefLabel and altLabel; removing altLabel
WARNING: Resource http://tieteentermipankki.fi/wiki/Clean_Energy_Research:scalable_algorithm has 'skaalautuva algoritmi'@fi as both prefLabel and altLabel; removing altLabel
WARNING: Resource http://tieteentermipankki.fi/wiki/Clean_Energy_Research:sea_breeze has 'merituuli'@fi as both prefLabel and altLabel; removing altLabel
WARNING: Resource http://tieteentermipankki.fi/wiki/Clean_Energy_Research:search_engine has 'hakukone'@fi as both prefLabel and altLabel; removing altLabel
WARNING: Resource http://tieteentermipankki.fi/wiki/Clean_Energy_Research:security_of_supply has 'Huoltovarmuus/Toimitusvarmuus'@fi as both prefLabel and altLabel; removing altLabel
WARNING: Resource http://tieteentermipankki.fi/wiki/Clean_Energy_Research:sensor_network has 'anturiverkko'@fi as both prefLabel and altLabel; removing altLabel
WARNING: Resource http://tieteentermipankki.fi/wiki/Clean_Energy_Research:server has 'palvelin'@fi as both prefLabel and altLabel; removing altLabel
WARNING: Resource http://tieteentermipankki.fi/wiki/Clean_Energy_Research:shortwave_radiation has 'lyhytaaltosäteily'@fi as both prefLabel and altLabel; removing altLabel
WARNING: Resource http://tieteentermipankki.fi/wiki/Clean_Energy_Research:simulation has 'simulaatio'@fi as both prefLabel and altLabel; removing altLabel
WARNING: Resource http://tieteentermipankki.fi/wiki/Clean_Energy_Research:smart_grid has 'älysähköverkko'@fi as both prefLabel and altLabel; removing altLabel
WARNING: Resource http://tieteentermipankki.fi/wiki/Clean_Energy_Research:smart_home has 'älykoti'@fi as both prefLabel and altLabel; removing altLabel
WARNING: Resource http://tieteentermipankki.fi/wiki/Clean_Energy_Research:smart_meter has 'älymittari'@fi as both prefLabel and altLabel; removing altLabel
WARNING: Resource http://tieteentermipankki.fi/wiki/Clean_Energy_Research:social-technical_system has 'sosio-tekninen järjestelmä'@fi as both prefLabel and altLabel; removing altLabel
WARNING: Resource http://tieteentermipankki.fi/wiki/Clean_Energy_Research:solar_energy has 'aurinkoenergia'@fi as both prefLabel and altLabel; removing altLabel
WARNING: Resource http://tieteentermipankki.fi/wiki/Clean_Energy_Research:solar_generation has 'aurinkotuotanto'@fi as both prefLabel and altLabel; removing altLabel
WARNING: Resource http://tieteentermipankki.fi/wiki/Clean_Energy_Research:solar_panel has 'aurinkopaneeli'@fi as both prefLabel and altLabel; removing altLabel
WARNING: Resource http://tieteentermipankki.fi/wiki/Clean_Energy_Research:solar_radiation has 'auringonsäteily'@fi as both prefLabel and altLabel; removing altLabel
WARNING: Resource http://tieteentermipankki.fi/wiki/Clean_Energy_Research:spectrum_sharing has 'spektrin jakaminen'@fi as both prefLabel and altLabel; removing altLabel
WARNING: Resource http://tieteentermipankki.fi/wiki/Clean_Energy_Research:stochastic_frontier_analysis has 'stokastinen raja-analyysi'@fi as both prefLabel and altLabel; removing altLabel
WARNING: Resource http://tieteentermipankki.fi/wiki/Clean_Energy_Research:stochastic_model has 'satunnaismalli'@fi as both prefLabel and altLabel; removing altLabel
WARNING: Resource http://tieteentermipankki.fi/wiki/Clean_Energy_Research:strategic_partnership has 'strateginen kumppanuus'@fi as both prefLabel and altLabel; removing altLabel
WARNING: Resource http://tieteentermipankki.fi/wiki/Clean_Energy_Research:surface_radiative_flux has 'säteilyvuo pinnassa'@fi as both prefLabel and altLabel; removing altLabel
WARNING: Resource http://tieteentermipankki.fi/wiki/Clean_Energy_Research:sustainability_science has 'kestävyyden tiede'@fi as both prefLabel and altLabel; removing altLabel
WARNING: Resource http://tieteentermipankki.fi/wiki/Clean_Energy_Research:synchronization has 'ajastus'@fi as both prefLabel and altLabel; removing altLabel
WARNING: Resource http://tieteentermipankki.fi/wiki/Clean_Energy_Research:tariff_structure has 'tariffirakenne'@fi as both prefLabel and altLabel; removing altLabel
WARNING: Resource http://tieteentermipankki.fi/wiki/Clean_Energy_Research:temporal_resolution has 'ajallinen erotuskyky'@fi as both prefLabel and altLabel; removing altLabel
WARNING: Resource http://tieteentermipankki.fi/wiki/Clean_Energy_Research:tilt_angle has 'kallistuskulma'@fi as both prefLabel and altLabel; removing altLabel
WARNING: Resource http://tieteentermipankki.fi/wiki/Clean_Energy_Research:topology has 'topologia'@fi as both prefLabel and altLabel; removing altLabel
WARNING: Resource http://tieteentermipankki.fi/wiki/Clean_Energy_Research:transmission has 'sähkön siirto'@fi as both prefLabel and altLabel; removing altLabel
WARNING: Resource http://tieteentermipankki.fi/wiki/Clean_Energy_Research:transmission_price has 'siirtohinta'@fi as both prefLabel and altLabel; removing altLabel
WARNING: Resource http://tieteentermipankki.fi/wiki/Clean_Energy_Research:transmission_system has 'siirtojärjestelmä'@fi as both prefLabel and altLabel; removing altLabel
WARNING: Resource http://tieteentermipankki.fi/wiki/Clean_Energy_Research:variable_renewable_energy has 'vaihteleva uusiutuva energia'@fi as both prefLabel and altLabel; removing altLabel
WARNING: Resource http://tieteentermipankki.fi/wiki/Clean_Energy_Research:virtual_utility has 'virtuaalivoimala'@fi as both prefLabel and altLabel; removing altLabel
WARNING: Resource http://tieteentermipankki.fi/wiki/Clean_Energy_Research:weather_forecasting has 'sään ennustaminen'@fi as both prefLabel and altLabel; removing altLabel
WARNING: Resource http://tieteentermipankki.fi/wiki/Clean_Energy_Research:weather_radar has 'säätutka'@fi as both prefLabel and altLabel; removing altLabel
WARNING: Resource http://tieteentermipankki.fi/wiki/Clean_Energy_Research:web-based_service has 'www-pohjainen palvelu'@fi as both prefLabel and altLabel; removing altLabel
WARNING: Resource http://tieteentermipankki.fi/wiki/Clean_Energy_Research:weibull_distribution has 'weibull-jakauma'@fi as both prefLabel and altLabel; removing altLabel
WARNING: Resource http://tieteentermipankki.fi/wiki/Clean_Energy_Research:welfare has 'hyvinvointi'@fi as both prefLabel and altLabel; removing altLabel
WARNING: Resource http://tieteentermipankki.fi/wiki/Clean_Energy_Research:wind has 'tuuli'@fi as both prefLabel and altLabel; removing altLabel
WARNING: Resource http://tieteentermipankki.fi/wiki/Clean_Energy_Research:wind_atlas has 'tuuliatlas'@fi as both prefLabel and altLabel; removing altLabel
WARNING: Resource http://tieteentermipankki.fi/wiki/Clean_Energy_Research:wind_climate has 'tuuli-ilmasto'@fi as both prefLabel and altLabel; removing altLabel
WARNING: Resource http://tieteentermipankki.fi/wiki/Clean_Energy_Research:wind_data has 'tuuliaineisto'@fi as both prefLabel and altLabel; removing altLabel
WARNING: Resource http://tieteentermipankki.fi/wiki/Clean_Energy_Research:wind_direction has 'tuulen suunta'@fi as both prefLabel and altLabel; removing altLabel
WARNING: Resource http://tieteentermipankki.fi/wiki/Clean_Energy_Research:wind_field has 'tuulikartta'@fi as both prefLabel and altLabel; removing altLabel
WARNING: Resource http://tieteentermipankki.fi/wiki/Clean_Energy_Research:wind_forecast has 'tuuliennuste'@fi as both prefLabel and altLabel; removing altLabel
WARNING: Resource http://tieteentermipankki.fi/wiki/Clean_Energy_Research:wind_generation has 'tuulituotanto'@fi as both prefLabel and altLabel; removing altLabel
WARNING: Resource http://tieteentermipankki.fi/wiki/Clean_Energy_Research:wind_gust has 'tuulenpuuska'@fi as both prefLabel and altLabel; removing altLabel
WARNING: Resource http://tieteentermipankki.fi/wiki/Clean_Energy_Research:wind_power has 'tuulivoima'@fi as both prefLabel and altLabel; removing altLabel
WARNING: Resource http://tieteentermipankki.fi/wiki/Clean_Energy_Research:wind_power_production has 'tuulivoiman tuotanto'@fi as both prefLabel and altLabel; removing altLabel
WARNING: Resource http://tieteentermipankki.fi/wiki/Clean_Energy_Research:wind_resource_mapping has 'tuulienergian resurssikartoitus'@fi as both prefLabel and altLabel; removing altLabel
WARNING: Resource http://tieteentermipankki.fi/wiki/Clean_Energy_Research:wind_speed has 'tuulen nopeus'@fi as both prefLabel and altLabel; removing altLabel
WARNING: Resource http://tieteentermipankki.fi/wiki/Clean_Energy_Research:wind_turbine has 'tuuliturbiini'@fi as both prefLabel and altLabel; removing altLabel
