WARNING: Concept scheme has no label(s). Use --label option to set the concept scheme label.
INFO: Some concepts not reached in initial cycle detection. Re-checking for loose concepts.
WARNING: Resource http://urn.fi/URN:NBN:fi:au:gfdc:17 has more than one prefLabel@de: choosing SYSTEMATISCHE BOTANIK (policy: shortest)
WARNING: Resource http://urn.fi/URN:NBN:fi:au:gfdc:17 has more than one prefLabel@en: choosing SYSTEMATIC BOTANY (policy: shortest)
WARNING: Resource http://urn.fi/URN:NBN:fi:au:gfdc:18 has more than one prefLabel@de: choosing PFLANZENÖKOLOGIE (policy: shortest)
WARNING: Resource http://urn.fi/URN:NBN:fi:au:gfdc:18 has more than one prefLabel@en: choosing PLANT ECOLOGY (policy: shortest)
WARNING: Resource http://urn.fi/URN:NBN:fi:au:gfdc:19 has more than one prefLabel@en: choosing MISCELLANEOUS (policy: shortest)
WARNING: Resource http://urn.fi/URN:NBN:fi:au:gfdc:19 has more than one prefLabel@de: choosing VERSCHIEDENES (policy: shortest)
WARNING: Resource http://urn.fi/URN:NBN:fi:au:gfdc:22 has more than one prefLabel@en: choosing SILVICULTURAL SYSTEMS. CONSTITUTION AND COMPOSITION OF STANDS; FORMS OF STAND (policy: shortest)
WARNING: Resource http://urn.fi/URN:NBN:fi:au:gfdc:22 has more than one prefLabel@de: choosing WALDBAUSYSTEME. AUFBAU UND ZUSAMMENSETZUNG DER BESTÄNDE; BESTANDESFORMEN (policy: shortest)
WARNING: Resource http://urn.fi/URN:NBN:fi:au:gfdc:23 has more than one prefLabel@de: choosing VERJÜNGUNG UND BESTANDESGRÜNDUNG (policy: shortest)
WARNING: Resource http://urn.fi/URN:NBN:fi:au:gfdc:23 has more than one prefLabel@en: choosing REGENERATION AND FORMATION OF STANDS (policy: shortest)
WARNING: Resource http://urn.fi/URN:NBN:fi:au:gfdc:24 has more than one prefLabel@de: choosing BESTANDES- UND BAUMPFLEGE (policy: shortest)
WARNING: Resource http://urn.fi/URN:NBN:fi:au:gfdc:24 has more than one prefLabel@en: choosing Tending of stands or trees (policy: shortest)
WARNING: Resource http://urn.fi/URN:NBN:fi:au:gfdc:25 has more than one prefLabel@de: choosing BEHANDLUNG FEHLERHAFTER, IN DER PFLEGE VERNACHLÄSSIGTER ODER VERLICHTETER BESTÄNDE (policy: shortest)
WARNING: Resource http://urn.fi/URN:NBN:fi:au:gfdc:25 has more than one prefLabel@en: choosing TREATMENT OF DEFECTIVE, DERELICT OR VERY OPEN STANDS (policy: shortest)
WARNING: Resource http://urn.fi/URN:NBN:fi:au:gfdc:26 has more than one prefLabel@de: choosing Verbindungen von Forst- und Landwirtschaft. (Agroforstwirtschaft). Bewässerte Waldungen und Auewald. Windschutzstreifen usw. und ihre Behandlung (policy: shortest)
WARNING: Resource http://urn.fi/URN:NBN:fi:au:gfdc:26 has more than one prefLabel@en: choosing Combinations of forestry with agriculture and pastoral husbandry, (agroforestry). Irrigated and floodland forests, shelterbelts etc., and their treatment (policy: shortest)
WARNING: Resource http://urn.fi/URN:NBN:fi:au:gfdc:27 has more than one prefLabel@de: choosing ARBORETA, ZIERGEHÖLZE, PARKS. HECKEN (LEBHÄGE) UND HECKENPFLANZEN (policy: shortest)
WARNING: Resource http://urn.fi/URN:NBN:fi:au:gfdc:27 has more than one prefLabel@en: choosing ARBORETA, ARBORICULTURE FOR ORNAMENTAL PURPOSES. HEDGES AND HEDGE PLANTS (policy: shortest)
WARNING: Resource http://urn.fi/URN:NBN:fi:au:gfdc:28 has more than one prefLabel@de: choosing ANBAU, PFLEGE UND GEWINNUNG FORSTLICHER NEBENPRODUKTE (policy: shortest)
WARNING: Resource http://urn.fi/URN:NBN:fi:au:gfdc:28 has more than one prefLabel@en: choosing HUSBANDRY (GROWING AND COLLECTION) OF FOREST PRODUCTS OTHER THAN WOOD (policy: shortest)
WARNING: Resource http://urn.fi/URN:NBN:fi:au:gfdc:29 has more than one prefLabel@de: choosing VERSCHIEDENES (policy: shortest)
WARNING: Resource http://urn.fi/URN:NBN:fi:au:gfdc:29 has more than one prefLabel@en: choosing MISCELLANEOUS (policy: shortest)
