INFO: Don't know what to do with type http://rdaregistry.info/Elements/c/C10004
INFO: Don't know what to do with type http://rdaregistry.info/Elements/c/C10005
INFO: Don't know what to do with literal http://purl.org/dc/terms/created
INFO: Don't know what to do with literal http://purl.org/dc/terms/modified
INFO: Don't know what to do with literal http://rdaregistry.info/Elements/a/P50006
INFO: Don't know what to do with literal http://rdaregistry.info/Elements/a/P50022
INFO: Don't know what to do with literal http://rdaregistry.info/Elements/a/P50025
INFO: Don't know what to do with literal http://rdaregistry.info/Elements/a/P50035
INFO: Don't know what to do with literal http://rdaregistry.info/Elements/a/P50037
INFO: Don't know what to do with literal http://rdaregistry.info/Elements/a/P50038
INFO: Don't know what to do with literal http://rdaregistry.info/Elements/a/P50094
INFO: Don't know what to do with literal http://rdaregistry.info/Elements/a/P50095
INFO: Don't know what to do with literal http://rdaregistry.info/Elements/a/P50097
INFO: Don't know what to do with literal http://rdaregistry.info/Elements/a/P50098
INFO: Don't know what to do with literal http://rdaregistry.info/Elements/a/P50100
INFO: Don't know what to do with literal http://rdaregistry.info/Elements/a/P50103
INFO: Don't know what to do with literal http://rdaregistry.info/Elements/a/P50104
INFO: Don't know what to do with literal http://rdaregistry.info/Elements/a/P50108
INFO: Don't know what to do with literal http://rdaregistry.info/Elements/a/P50109
INFO: Don't know what to do with literal http://rdaregistry.info/Elements/a/P50110
INFO: Don't know what to do with literal http://rdaregistry.info/Elements/a/P50113
INFO: Don't know what to do with literal http://rdaregistry.info/Elements/a/P50115
INFO: Don't know what to do with literal http://rdaregistry.info/Elements/a/P50118
INFO: Don't know what to do with literal http://rdaregistry.info/Elements/a/P50119
INFO: Don't know what to do with literal http://rdaregistry.info/Elements/a/P50120
INFO: Don't know what to do with literal http://rdaregistry.info/Elements/a/P50121
INFO: Don't know what to do with literal http://rdaregistry.info/Elements/a/P50236
INFO: Don't know what to do with literal http://rdaregistry.info/Elements/a/P50237
INFO: Don't know what to do with literal http://rdaregistry.info/Elements/a/P50238
INFO: Don't know what to do with literal http://rdaregistry.info/Elements/a/P50291
INFO: Don't know what to do with literal http://rdaregistry.info/Elements/a/P50292
INFO: Don't know what to do with literal http://rdaregistry.info/Elements/a/P50346
INFO: Don't know what to do with literal http://rdaregistry.info/Elements/a/P50350
INFO: Don't know what to do with literal http://rdaregistry.info/Elements/a/P50393
INFO: Don't know what to do with literal http://rdaregistry.info/Elements/a/P50395
INFO: Don't know what to do with literal http://rdaregistry.info/Elements/a/P50407
INFO: Don't know what to do with literal http://rdaregistry.info/Elements/a/P50411
INFO: Don't know what to do with literal http://rdaregistry.info/Elements/u/P61101
INFO: Don't know what to do with relation http://purl.org/dc/terms/isReplacedBy
INFO: Don't know what to do with relation http://rdaregistry.info/Elements/a/P50006
INFO: Don't know what to do with relation http://rdaregistry.info/Elements/a/P50007
INFO: Don't know what to do with relation http://rdaregistry.info/Elements/a/P50008
INFO: Don't know what to do with relation http://rdaregistry.info/Elements/a/P50010
INFO: Don't know what to do with relation http://rdaregistry.info/Elements/a/P50011
INFO: Don't know what to do with relation http://rdaregistry.info/Elements/a/P50012
INFO: Don't know what to do with relation http://rdaregistry.info/Elements/a/P50013
INFO: Don't know what to do with relation http://rdaregistry.info/Elements/a/P50014
INFO: Don't know what to do with relation http://rdaregistry.info/Elements/a/P50016
INFO: Don't know what to do with relation http://rdaregistry.info/Elements/a/P50017
INFO: Don't know what to do with relation http://rdaregistry.info/Elements/a/P50022
INFO: Don't know what to do with relation http://rdaregistry.info/Elements/a/P50023
INFO: Don't know what to do with relation http://rdaregistry.info/Elements/a/P50094
INFO: Don't know what to do with relation http://rdaregistry.info/Elements/a/P50095
INFO: Don't know what to do with relation http://rdaregistry.info/Elements/a/P50097
INFO: Don't know what to do with relation http://rdaregistry.info/Elements/a/P50100
INFO: Don't know what to do with relation http://rdaregistry.info/Elements/a/P50102
INFO: Don't know what to do with relation http://rdaregistry.info/Elements/a/P50104
INFO: Don't know what to do with relation http://rdaregistry.info/Elements/a/P50108
INFO: Don't know what to do with relation http://rdaregistry.info/Elements/a/P50109
INFO: Don't know what to do with relation http://rdaregistry.info/Elements/a/P50110
INFO: Don't know what to do with relation http://rdaregistry.info/Elements/a/P50118
INFO: Don't know what to do with relation http://rdaregistry.info/Elements/a/P50119
INFO: Don't know what to do with relation http://rdaregistry.info/Elements/a/P50229
INFO: Don't know what to do with relation http://rdaregistry.info/Elements/a/P50232
INFO: Don't know what to do with relation http://rdaregistry.info/Elements/a/P50237
INFO: Don't know what to do with relation http://rdaregistry.info/Elements/a/P50238
INFO: Don't know what to do with relation http://rdaregistry.info/Elements/a/P50240
INFO: Don't know what to do with relation http://rdaregistry.info/Elements/a/P50241
INFO: Don't know what to do with relation http://rdaregistry.info/Elements/a/P50301
INFO: Don't know what to do with relation http://rdaregistry.info/Elements/a/P50302
INFO: Don't know what to do with relation http://rdaregistry.info/Elements/a/P50316
INFO: Don't know what to do with relation http://rdaregistry.info/Elements/a/P50318
INFO: Don't know what to do with relation http://rdaregistry.info/Elements/a/P50334
INFO: Don't know what to do with relation http://rdaregistry.info/Elements/a/P50336
INFO: Don't know what to do with relation http://rdaregistry.info/Elements/a/P50346
INFO: Don't know what to do with relation http://rdaregistry.info/Elements/a/P50350
WARNING: Stripping whitespace from label of http://rdaregistry.info/Elements/a/P50245: 'Relates an agent to an expression that includes a contribution by an agent of drawing text and graphic sound effects for a comic book, graphic novel, etc. '
WARNING: Stripping whitespace from label of http://rdaregistry.info/Elements/a/P50584: 'Relates a person to an expression that includes a contribution by a person of drawing text and graphic sound effects for a comic book, graphic novel, etc. '
WARNING: Stripping whitespace from label of http://rdaregistry.info/Elements/a/P50735: 'Relates a collective agent to an expression that includes a contribution by a collective agent of drawing text and graphic sound effects for a comic book, graphic novel, etc. '
WARNING: Stripping whitespace from label of http://rdaregistry.info/Elements/a/P50886: 'Relates a corporate body to an expression that includes a contribution by a corporate body of drawing text and graphic sound effects for a comic book, graphic novel, etc. '
WARNING: Stripping whitespace from label of http://rdaregistry.info/Elements/a/P51037: 'Relates a family to an expression that includes a contribution by a family of drawing text and graphic sound effects for a comic book, graphic novel, etc. '
WARNING: Stripping whitespace from label of http://rdaregistry.info/Elements/u/P60555: 'Relates a resource to a place, date, or other information associated with the recording, filming, etc., of the content of a resource. '
WARNING: Stripping whitespace from label of http://rdaregistry.info/Elements/u/P60756: 'Relates an agent to a resource that includes a contribution by an agent of drawing text and graphic sound effects for a comic book, graphic novel, etc. '
WARNING: Stripping whitespace from label of http://rdaregistry.info/Elements/u/P60889: 'Relates a resource to an agent who is a producer who is responsible for managing most of the business aspects of an audio recording. '
WARNING: Stripping whitespace from label of http://rdaregistry.info/Elements/u/P61141: 'Relates a resource to a resource statement about the designation of a sequence of a resource of a part, issue, or iteration of a diachronic resource. '
WARNING: Concept scheme has no label(s). Use --label option to set the concept scheme label.
INFO: Some concepts not reached in initial cycle detection. Re-checking for loose concepts.
WARNING: Resource http://urn.fi/URN:NBN:fi:au:finaf:000039927 has 'Ahmed Taib'@fi as both prefLabel and hiddenLabel; removing hiddenLabel
WARNING: Resource http://urn.fi/URN:NBN:fi:au:finaf:000040434 has 'Amde Michael Kassaye'@fi as both prefLabel and hiddenLabel; removing hiddenLabel
WARNING: Resource http://urn.fi/URN:NBN:fi:au:finaf:000040750 has 'Aschenaki Gebrehiwot'@fi as both prefLabel and hiddenLabel; removing hiddenLabel
WARNING: Resource http://urn.fi/URN:NBN:fi:au:finaf:000041071 has 'Berhe Mesfin'@fi as both prefLabel and hiddenLabel; removing hiddenLabel
WARNING: Resource http://urn.fi/URN:NBN:fi:au:finaf:000042111 has 'Erlinger Sigurdsson'@fi as both prefLabel and hiddenLabel; removing hiddenLabel
WARNING: Resource http://urn.fi/URN:NBN:fi:au:finaf:000042454 has 'Freyr Njardarson'@fi as both prefLabel and hiddenLabel; removing hiddenLabel
WARNING: Resource http://urn.fi/URN:NBN:fi:au:finaf:000042738 has 'Gunnar Hardarson'@fi as both prefLabel and hiddenLabel; removing hiddenLabel
WARNING: Resource http://urn.fi/URN:NBN:fi:au:finaf:000045345 has 'Indridi G. Thorsteinsson'@fi as both prefLabel and hiddenLabel; removing hiddenLabel
WARNING: Resource http://urn.fi/URN:NBN:fi:au:finaf:000045346 has 'Inga Thorarinsson'@fi as both prefLabel and hiddenLabel; removing hiddenLabel
WARNING: Resource http://urn.fi/URN:NBN:fi:au:finaf:000045351 has 'Inginumdur Magnusson'@fi as both prefLabel and hiddenLabel; removing hiddenLabel
WARNING: Resource http://urn.fi/URN:NBN:fi:au:finaf:000048737 has 'Kristjan Petur Gudnason'@fi as both prefLabel and hiddenLabel; removing hiddenLabel
WARNING: Resource http://urn.fi/URN:NBN:fi:au:finaf:000050762 has 'Li Jy'@fi as both prefLabel and hiddenLabel; removing hiddenLabel
WARNING: Resource http://urn.fi/URN:NBN:fi:au:finaf:000051279 has 'Lu Syn'@fi as both prefLabel and hiddenLabel; removing hiddenLabel
WARNING: Resource http://urn.fi/URN:NBN:fi:au:finaf:000054364 has 'Svend Otto S.'@fi as both prefLabel and hiddenLabel; removing hiddenLabel
WARNING: Resource http://urn.fi/URN:NBN:fi:au:finaf:000055841 has 'Pu Ji'@fi as both prefLabel and hiddenLabel; removing hiddenLabel
WARNING: Resource http://urn.fi/URN:NBN:fi:au:finaf:000056235 has 'Qun Lin'@fi as both prefLabel and hiddenLabel; removing hiddenLabel
WARNING: Resource http://urn.fi/URN:NBN:fi:au:finaf:000056387 has 'Ramana Maharshi'@fi as both prefLabel and hiddenLabel; removing hiddenLabel
WARNING: Resource http://urn.fi/URN:NBN:fi:au:finaf:000058475 has 'Sathya Sai Baba'@fi as both prefLabel and hiddenLabel; removing hiddenLabel
WARNING: Resource http://urn.fi/URN:NBN:fi:au:finaf:000059657 has 'Steinn Steinarr'@fi as both prefLabel and hiddenLabel; removing hiddenLabel
WARNING: Resource http://urn.fi/URN:NBN:fi:au:finaf:000061239 has 'Chögyam Trungpa'@fi as both prefLabel and hiddenLabel; removing hiddenLabel
WARNING: Resource http://urn.fi/URN:NBN:fi:au:finaf:000061245 has 'Tsang Nyön Heruka'@fi as both prefLabel and hiddenLabel; removing hiddenLabel
WARNING: Resource http://urn.fi/URN:NBN:fi:au:finaf:000063879 has 'Dr. Mason'@fi as both prefLabel and hiddenLabel; removing hiddenLabel
WARNING: Resource http://urn.fi/URN:NBN:fi:au:finaf:000068548 has 'Elisif Elvinsdotter'@fi as both prefLabel and hiddenLabel; removing hiddenLabel
WARNING: Resource http://urn.fi/URN:NBN:fi:au:finaf:000072381 has 'Prince Twins Seven-Seven'@fi as both prefLabel and hiddenLabel; removing hiddenLabel
WARNING: Resource http://urn.fi/URN:NBN:fi:au:finaf:000073479 has 'Machado de Assis'@fi as both prefLabel and hiddenLabel; removing hiddenLabel
WARNING: Resource http://urn.fi/URN:NBN:fi:au:finaf:000073891 has 'Ester Margareta'@fi as both prefLabel and hiddenLabel; removing hiddenLabel
WARNING: Resource http://urn.fi/URN:NBN:fi:au:finaf:000074523 has 'Ma Anand Ulla'@fi as both prefLabel and hiddenLabel; removing hiddenLabel
WARNING: Resource http://urn.fi/URN:NBN:fi:au:finaf:000075226 has 'Jouko Aapeli'@fi as both prefLabel and hiddenLabel; removing hiddenLabel
WARNING: Resource http://urn.fi/URN:NBN:fi:au:finaf:000075230 has 'Yusuf Omer Abdi'@fi as both prefLabel and hiddenLabel; removing hiddenLabel
WARNING: Resource http://urn.fi/URN:NBN:fi:au:finaf:000077389 has 'Kunno Rätväli'@fi as both prefLabel and hiddenLabel; removing hiddenLabel
WARNING: Resource http://urn.fi/URN:NBN:fi:au:finaf:000077390 has 'Kuuno Rätveli'@fi as both prefLabel and hiddenLabel; removing hiddenLabel
WARNING: Resource http://urn.fi/URN:NBN:fi:au:finaf:000078752 has 'Outi Akseli'@fi as both prefLabel and hiddenLabel; removing hiddenLabel
WARNING: Resource http://urn.fi/URN:NBN:fi:au:finaf:000079640 has 'Bogi Arnar Finnbogason'@fi as both prefLabel and hiddenLabel; removing hiddenLabel
WARNING: Resource http://urn.fi/URN:NBN:fi:au:finaf:000079732 has 'Hilja Maria'@fi as both prefLabel and hiddenLabel; removing hiddenLabel
WARNING: Resource http://urn.fi/URN:NBN:fi:au:finaf:000079764 has 'Gudmundur Andri Thorsson'@fi as both prefLabel and hiddenLabel; removing hiddenLabel
WARNING: Resource http://urn.fi/URN:NBN:fi:au:finaf:000081124 has 'Sigmar Armannsson'@fi as both prefLabel and hiddenLabel; removing hiddenLabel
WARNING: Resource http://urn.fi/URN:NBN:fi:au:finaf:000081311 has 'Reija Johanna'@fi as both prefLabel and hiddenLabel; removing hiddenLabel
WARNING: Resource http://urn.fi/URN:NBN:fi:au:finaf:000082008 has 'Rouva Juno'@fi as both prefLabel and hiddenLabel; removing hiddenLabel
WARNING: Resource http://urn.fi/URN:NBN:fi:au:finaf:000082377 has 'Gudmund Thorsteinsson'@fi as both prefLabel and hiddenLabel; removing hiddenLabel
WARNING: Resource http://urn.fi/URN:NBN:fi:au:finaf:000082864 has 'Rouva Rosolli'@fi as both prefLabel and hiddenLabel; removing hiddenLabel
WARNING: Resource http://urn.fi/URN:NBN:fi:au:finaf:000083133 has 'F. A. K.'@fi as both prefLabel and hiddenLabel; removing hiddenLabel
WARNING: Resource http://urn.fi/URN:NBN:fi:au:finaf:000083253 has 'A. L-m'@fi as both prefLabel and hiddenLabel; removing hiddenLabel
WARNING: Resource http://urn.fi/URN:NBN:fi:au:finaf:000083557 has 'Freygardur Thorsteinsson'@fi as both prefLabel and hiddenLabel; removing hiddenLabel
WARNING: Resource http://urn.fi/URN:NBN:fi:au:finaf:000083758 has 'Olafur Gudmundsson'@fi as both prefLabel and hiddenLabel; removing hiddenLabel
WARNING: Resource http://urn.fi/URN:NBN:fi:au:finaf:000084101 has 'P. R. V.'@fi as both prefLabel and hiddenLabel; removing hiddenLabel
WARNING: Resource http://urn.fi/URN:NBN:fi:au:finaf:000084782 has 'J. K-o'@fi as both prefLabel and hiddenLabel; removing hiddenLabel
WARNING: Resource http://urn.fi/URN:NBN:fi:au:finaf:000085048 has 'Ragnar Sigbjörnsson'@fi as both prefLabel and hiddenLabel; removing hiddenLabel
WARNING: Resource http://urn.fi/URN:NBN:fi:au:finaf:000085168 has 'Wumen Huik'ai'@fi as both prefLabel and hiddenLabel; removing hiddenLabel
WARNING: Resource http://urn.fi/URN:NBN:fi:au:finaf:000085313 has 'Rikhard Brynjolfsson'@fi as both prefLabel and hiddenLabel; removing hiddenLabel
WARNING: Resource http://urn.fi/URN:NBN:fi:au:finaf:000085488 has 'A. Äi'@fi as both prefLabel and hiddenLabel; removing hiddenLabel
WARNING: Resource http://urn.fi/URN:NBN:fi:au:finaf:000085510 has 'Sigurður Einarsson'@fi as both prefLabel and hiddenLabel; removing hiddenLabel
WARNING: Resource http://urn.fi/URN:NBN:fi:au:finaf:000085511 has 'Sveinn Einarsson'@fi as both prefLabel and hiddenLabel; removing hiddenLabel
WARNING: Resource http://urn.fi/URN:NBN:fi:au:finaf:000085949 has 'T. E. M.'@fi as both prefLabel and hiddenLabel; removing hiddenLabel
WARNING: Resource http://urn.fi/URN:NBN:fi:au:finaf:000086583 has 'Sigurdur Gudmunsson'@fi as both prefLabel and hiddenLabel; removing hiddenLabel
WARNING: Resource http://urn.fi/URN:NBN:fi:au:finaf:000086649 has 'S. Ö.'@fi as both prefLabel and hiddenLabel; removing hiddenLabel
WARNING: Resource http://urn.fi/URN:NBN:fi:au:finaf:000086806 has 'L. A. T.'@fi as both prefLabel and hiddenLabel; removing hiddenLabel
WARNING: Resource http://urn.fi/URN:NBN:fi:au:finaf:000086913 has 'I. T.'@fi as both prefLabel and hiddenLabel; removing hiddenLabel
WARNING: Resource http://urn.fi/URN:NBN:fi:au:finaf:000087022 has 'Fridrik Erlingsson'@fi as both prefLabel and hiddenLabel; removing hiddenLabel
WARNING: Resource http://urn.fi/URN:NBN:fi:au:finaf:000087064 has 'T. K.'@fi as both prefLabel and hiddenLabel; removing hiddenLabel
WARNING: Resource http://urn.fi/URN:NBN:fi:au:finaf:000087289 has 'J. A. L.'@fi as both prefLabel and hiddenLabel; removing hiddenLabel
WARNING: Resource http://urn.fi/URN:NBN:fi:au:finaf:000087475 has 'E. B. S.'@fi as both prefLabel and hiddenLabel; removing hiddenLabel
WARNING: Resource http://urn.fi/URN:NBN:fi:au:finaf:000087485 has 'P. N.'@fi as both prefLabel and hiddenLabel; removing hiddenLabel
WARNING: Resource http://urn.fi/URN:NBN:fi:au:finaf:000087489 has 'A. A. P-u'@fi as both prefLabel and hiddenLabel; removing hiddenLabel
WARNING: Resource http://urn.fi/URN:NBN:fi:au:finaf:000087638 has 'Jannu Juhanpoika'@fi as both prefLabel and hiddenLabel; removing hiddenLabel
WARNING: Resource http://urn.fi/URN:NBN:fi:au:finaf:000087770 has 'Onni Arto'@fi as both prefLabel and hiddenLabel; removing hiddenLabel
WARNING: Resource http://urn.fi/URN:NBN:fi:au:finaf:000087969 has 'E. G-s'@fi as both prefLabel and hiddenLabel; removing hiddenLabel
WARNING: Resource http://urn.fi/URN:NBN:fi:au:finaf:000088636 has 'Mr Mulligan'@fi as both prefLabel and hiddenLabel; removing hiddenLabel
WARNING: Resource http://urn.fi/URN:NBN:fi:au:finaf:000088852 has 'V-i V.'@fi as both prefLabel and hiddenLabel; removing hiddenLabel
WARNING: Resource http://urn.fi/URN:NBN:fi:au:finaf:000088863 has 'Wilho P:nen'@fi as both prefLabel and hiddenLabel; removing hiddenLabel
WARNING: Resource http://urn.fi/URN:NBN:fi:au:finaf:000088937 has 'J. Rty'@fi as both prefLabel and hiddenLabel; removing hiddenLabel
WARNING: Resource http://urn.fi/URN:NBN:fi:au:finaf:000089129 has 'O. H:nen'@fi as both prefLabel and hiddenLabel; removing hiddenLabel
WARNING: Resource http://urn.fi/URN:NBN:fi:au:finaf:000089264 has 'Franklin Georgson'@fi as both prefLabel and hiddenLabel; removing hiddenLabel
WARNING: Resource http://urn.fi/URN:NBN:fi:au:finaf:000089303 has 'Hj. L.'@fi as both prefLabel and hiddenLabel; removing hiddenLabel
WARNING: Resource http://urn.fi/URN:NBN:fi:au:finaf:000089847 has 'Matti L.'@fi as both prefLabel and hiddenLabel; removing hiddenLabel
WARNING: Resource http://urn.fi/URN:NBN:fi:au:finaf:000090003 has 'Aatto M.'@fi as both prefLabel and hiddenLabel; removing hiddenLabel
WARNING: Resource http://urn.fi/URN:NBN:fi:au:finaf:000090026 has 'Kalle Marianpoika'@fi as both prefLabel and hiddenLabel; removing hiddenLabel
WARNING: Resource http://urn.fi/URN:NBN:fi:au:finaf:000090041 has 'A. I. L:n'@fi as both prefLabel and hiddenLabel; removing hiddenLabel
WARNING: Resource http://urn.fi/URN:NBN:fi:au:finaf:000090464 has 'Mrs Alexander'@fi as both prefLabel and hiddenLabel; removing hiddenLabel
WARNING: Resource http://urn.fi/URN:NBN:fi:au:finaf:000090802 has 'Hertta S.'@fi as both prefLabel and hiddenLabel; removing hiddenLabel
WARNING: Resource http://urn.fi/URN:NBN:fi:au:finaf:000090803 has 'Yrjö G.'@fi as both prefLabel and hiddenLabel; removing hiddenLabel
WARNING: Resource http://urn.fi/URN:NBN:fi:au:finaf:000090842 has 'Kalle Tommi'@fi as both prefLabel and hiddenLabel; removing hiddenLabel
WARNING: Resource http://urn.fi/URN:NBN:fi:au:finaf:000091057 has 'Laurence L.'@fi as both prefLabel and hiddenLabel; removing hiddenLabel
WARNING: Resource http://urn.fi/URN:NBN:fi:au:finaf:000091132 has 'M. A. P:nen'@fi as both prefLabel and hiddenLabel; removing hiddenLabel
WARNING: Resource http://urn.fi/URN:NBN:fi:au:finaf:000091133 has 'A. R-nen'@fi as both prefLabel and hiddenLabel; removing hiddenLabel
WARNING: Resource http://urn.fi/URN:NBN:fi:au:finaf:000091599 has 'D:r Judaeus'@fi as both prefLabel and hiddenLabel; removing hiddenLabel
WARNING: Resource http://urn.fi/URN:NBN:fi:au:finaf:000092105 has 'Eemeli P.'@fi as both prefLabel and hiddenLabel; removing hiddenLabel
WARNING: Resource http://urn.fi/URN:NBN:fi:au:finaf:000092683 has 'D:r Poulsen'@fi as both prefLabel and hiddenLabel; removing hiddenLabel
WARNING: Resource http://urn.fi/URN:NBN:fi:au:finaf:000094379 has 'K. S-li'@fi as both prefLabel and hiddenLabel; removing hiddenLabel
WARNING: Resource http://urn.fi/URN:NBN:fi:au:finaf:000094401 has 'K. Sch.'@fi as both prefLabel and hiddenLabel; removing hiddenLabel
WARNING: Resource http://urn.fi/URN:NBN:fi:au:finaf:000094507 has 'Bjarni Bessason'@fi as both prefLabel and hiddenLabel; removing hiddenLabel
WARNING: Resource http://urn.fi/URN:NBN:fi:au:finaf:000095714 has 'Bear Heart'@fi as both prefLabel and hiddenLabel; removing hiddenLabel
WARNING: Resource http://urn.fi/URN:NBN:fi:au:finaf:000095754 has 'Iivari H.'@fi as both prefLabel and hiddenLabel; removing hiddenLabel
WARNING: Resource http://urn.fi/URN:NBN:fi:au:finaf:000095755 has 'Janne H.'@fi as both prefLabel and hiddenLabel; removing hiddenLabel
WARNING: Resource http://urn.fi/URN:NBN:fi:au:finaf:000096013 has 'Jalmari A.'@fi as both prefLabel and hiddenLabel; removing hiddenLabel
WARNING: Resource http://urn.fi/URN:NBN:fi:au:finaf:000096870 has 'Mrs Kilburn'@fi as both prefLabel and hiddenLabel; removing hiddenLabel
WARNING: Resource http://urn.fi/URN:NBN:fi:au:finaf:000096875 has 'Ninni J.'@fi as both prefLabel and hiddenLabel; removing hiddenLabel
WARNING: Resource http://urn.fi/URN:NBN:fi:au:finaf:000097236 has 'Joachimus Engelbertus'@fi as both prefLabel and hiddenLabel; removing hiddenLabel
WARNING: Resource http://urn.fi/URN:NBN:fi:au:finaf:000097984 has 'Aukusti H.'@fi as both prefLabel and hiddenLabel; removing hiddenLabel
WARNING: Resource http://urn.fi/URN:NBN:fi:au:finaf:000100838 has 'Arvo L:nd'@fi as both prefLabel and hiddenLabel; removing hiddenLabel
WARNING: Resource http://urn.fi/URN:NBN:fi:au:finaf:000101010 has 'K. L. H.'@fi as both prefLabel and hiddenLabel; removing hiddenLabel
WARNING: Resource http://urn.fi/URN:NBN:fi:au:finaf:000101069 has 'Mrs Webb'@fi as both prefLabel and hiddenLabel; removing hiddenLabel
WARNING: Resource http://urn.fi/URN:NBN:fi:au:finaf:000101092 has 'Gauti Kristmannsson'@fi as both prefLabel and hiddenLabel; removing hiddenLabel
WARNING: Resource http://urn.fi/URN:NBN:fi:au:finaf:000102600 has 'Edzardus Martini'@fi as both prefLabel and hiddenLabel; removing hiddenLabel
WARNING: Resource http://urn.fi/URN:NBN:fi:au:finaf:000102614 has 'K. Er...s'@fi as both prefLabel and hiddenLabel; removing hiddenLabel
WARNING: Resource http://urn.fi/URN:NBN:fi:au:finaf:000102663 has 'Nicolaus Holgeri'@fi as both prefLabel and hiddenLabel; removing hiddenLabel
WARNING: Resource http://urn.fi/URN:NBN:fi:au:finaf:000103057 has 'Guđbergur Bergsson'@fi as both prefLabel and hiddenLabel; removing hiddenLabel
WARNING: Resource http://urn.fi/URN:NBN:fi:au:finaf:000103454 has 'Andreas Canuti'@fi as both prefLabel and hiddenLabel; removing hiddenLabel
WARNING: Resource http://urn.fi/URN:NBN:fi:au:finaf:000103502 has 'Armella Nikolasin tytär'@fi as both prefLabel and hiddenLabel; removing hiddenLabel
WARNING: Resource http://urn.fi/URN:NBN:fi:au:finaf:000104421 has 'Francesco di Giorgio Martini'@fi as both prefLabel and hiddenLabel; removing hiddenLabel
WARNING: Resource http://urn.fi/URN:NBN:fi:au:finaf:000106410 has 'Paulina Mariadotter'@fi as both prefLabel and hiddenLabel; removing hiddenLabel
WARNING: Resource http://urn.fi/URN:NBN:fi:au:finaf:000106474 has 'Pham van Thuong'@fi as both prefLabel and hiddenLabel; removing hiddenLabel
WARNING: Resource http://urn.fi/URN:NBN:fi:au:finaf:000106527 has 'Pol Pot'@fi as both prefLabel and hiddenLabel; removing hiddenLabel
WARNING: Resource http://urn.fi/URN:NBN:fi:au:finaf:000107432 has 'Thorvaldur Thorsteinsson'@fi as both prefLabel and hiddenLabel; removing hiddenLabel
WARNING: Resource http://urn.fi/URN:NBN:fi:au:finaf:000107545 has 'Tuomas Matinpoika'@fi as both prefLabel and hiddenLabel; removing hiddenLabel
WARNING: Resource http://urn.fi/URN:NBN:fi:au:finaf:000107659 has 'Victor Vitensis'@fi as both prefLabel and hiddenLabel; removing hiddenLabel
WARNING: Resource http://urn.fi/URN:NBN:fi:au:finaf:000110341 has 'Turkka Veikko'@fi as both prefLabel and hiddenLabel; removing hiddenLabel
WARNING: Resource http://urn.fi/URN:NBN:fi:au:finaf:000111771 has 'Mikael Torfason'@fi as both prefLabel and hiddenLabel; removing hiddenLabel
WARNING: Resource http://urn.fi/URN:NBN:fi:au:finaf:000112300 has 'Hreinn Fridfinnsson'@fi as both prefLabel and hiddenLabel; removing hiddenLabel
WARNING: Resource http://urn.fi/URN:NBN:fi:au:finaf:000113287 has 'Domus Paljakka'@fi as both prefLabel and hiddenLabel; removing hiddenLabel
WARNING: Resource http://urn.fi/URN:NBN:fi:au:finaf:000113333 has 'Birgir Snæbjörn Birgirsson'@fi as both prefLabel and hiddenLabel; removing hiddenLabel
WARNING: Resource http://urn.fi/URN:NBN:fi:au:finaf:000113340 has 'Tal R'@fi as both prefLabel and hiddenLabel; removing hiddenLabel
WARNING: Resource http://urn.fi/URN:NBN:fi:au:finaf:000113886 has 'Arnaldur Indriðason'@fi as both prefLabel and hiddenLabel; removing hiddenLabel
WARNING: Resource http://urn.fi/URN:NBN:fi:au:finaf:000113912 has 'Diogenes Laertios'@fi as both prefLabel and hiddenLabel; removing hiddenLabel
WARNING: Resource http://urn.fi/URN:NBN:fi:au:finaf:000114794 has 'Tamara T.'@fi as both prefLabel and hiddenLabel; removing hiddenLabel
WARNING: Resource http://urn.fi/URN:NBN:fi:au:finaf:000115286 has 'Petronius Arbiter'@fi as both prefLabel and hiddenLabel; removing hiddenLabel
WARNING: Resource http://urn.fi/URN:NBN:fi:au:finaf:000115400 has 'Nalle Karhu'@fi as both prefLabel and hiddenLabel; removing hiddenLabel
WARNING: Resource http://urn.fi/URN:NBN:fi:au:finaf:000116412 has 'Pastori Kärme'@fi as both prefLabel and hiddenLabel; removing hiddenLabel
WARNING: Resource http://urn.fi/URN:NBN:fi:au:finaf:000119429 has 'Jaakko Kustaa'@fi as both prefLabel and hiddenLabel; removing hiddenLabel
WARNING: Resource http://urn.fi/URN:NBN:fi:au:finaf:000119700 has 'dr. LeArt'@fi as both prefLabel and hiddenLabel; removing hiddenLabel
WARNING: Resource http://urn.fi/URN:NBN:fi:au:finaf:000120663 has 'Zuo Tai'@fi as both prefLabel and hiddenLabel; removing hiddenLabel
WARNING: Resource http://urn.fi/URN:NBN:fi:au:finaf:000121196 has 'Ji Junxian'@fi as both prefLabel and hiddenLabel; removing hiddenLabel
WARNING: Resource http://urn.fi/URN:NBN:fi:au:finaf:000121467 has 'Melissa P.'@fi as both prefLabel and hiddenLabel; removing hiddenLabel
WARNING: Resource http://urn.fi/URN:NBN:fi:au:finaf:000122493 has 'Gunnsteinn Haraldsson'@fi as both prefLabel and hiddenLabel; removing hiddenLabel
WARNING: Resource http://urn.fi/URN:NBN:fi:au:finaf:000127811 has 'Hajji Bektash Veli'@fi as both prefLabel and hiddenLabel; removing hiddenLabel
WARNING: Resource http://urn.fi/URN:NBN:fi:au:finaf:000128791 has 'Araya Rasdjarmrearnsook'@fi as both prefLabel and hiddenLabel; removing hiddenLabel
WARNING: Resource http://urn.fi/URN:NBN:fi:au:finaf:000129083 has 'Johanna Gunnlaugsdottir'@fi as both prefLabel and hiddenLabel; removing hiddenLabel
WARNING: Resource http://urn.fi/URN:NBN:fi:au:finaf:000129115 has 'Hugleikur Dagsson'@fi as both prefLabel and hiddenLabel; removing hiddenLabel
WARNING: Resource http://urn.fi/URN:NBN:fi:au:finaf:000129781 has 'Andri Snær Magnason'@fi as both prefLabel and hiddenLabel; removing hiddenLabel
WARNING: Resource http://urn.fi/URN:NBN:fi:au:finaf:000130115 has 'Kirstin Hansdotter'@fi as both prefLabel and hiddenLabel; removing hiddenLabel
WARNING: Resource http://urn.fi/URN:NBN:fi:au:finaf:000130814 has 'Padampa Sangye'@fi as both prefLabel and hiddenLabel; removing hiddenLabel
WARNING: Resource http://urn.fi/URN:NBN:fi:au:finaf:000130880 has 'Anna Mathilda Cecilia Johannesdotter'@fi as both prefLabel and hiddenLabel; removing hiddenLabel
WARNING: Resource http://urn.fi/URN:NBN:fi:au:finaf:000131220 has 'J. L-n'@fi as both prefLabel and hiddenLabel; removing hiddenLabel
WARNING: Resource http://urn.fi/URN:NBN:fi:au:finaf:000132062 has 'Karmen Shi Englan'@fi as both prefLabel and hiddenLabel; removing hiddenLabel
WARNING: Resource http://urn.fi/URN:NBN:fi:au:finaf:000132355 has 'Ye Min Aung'@fi as both prefLabel and hiddenLabel; removing hiddenLabel
WARNING: Resource http://urn.fi/URN:NBN:fi:au:finaf:000132569 has 'Wera W.'@fi as both prefLabel and hiddenLabel; removing hiddenLabel
WARNING: Resource http://urn.fi/URN:NBN:fi:au:finaf:000132570 has 'Björgvin Hilmarsson'@fi as both prefLabel and hiddenLabel; removing hiddenLabel
WARNING: Resource http://urn.fi/URN:NBN:fi:au:finaf:000132571 has 'Björgvin Viglundsson'@fi as both prefLabel and hiddenLabel; removing hiddenLabel
WARNING: Resource http://urn.fi/URN:NBN:fi:au:finaf:000132572 has 'Samael Aun Weor'@fi as both prefLabel and hiddenLabel; removing hiddenLabel
WARNING: Resource http://urn.fi/URN:NBN:fi:au:finaf:000133042 has 'Teppo M.'@fi as both prefLabel and hiddenLabel; removing hiddenLabel
WARNING: Resource http://urn.fi/URN:NBN:fi:au:finaf:000133198 has 'Rainbow Eagle'@fi as both prefLabel and hiddenLabel; removing hiddenLabel
WARNING: Resource http://urn.fi/URN:NBN:fi:au:finaf:000133473 has 'Wanha Käpy'@fi as both prefLabel and hiddenLabel; removing hiddenLabel
WARNING: Resource http://urn.fi/URN:NBN:fi:au:finaf:000133495 has 'Vatcharin Bhumichitr'@fi as both prefLabel and hiddenLabel; removing hiddenLabel
WARNING: Resource http://urn.fi/URN:NBN:fi:au:finaf:000133530 has 'Ms Mandu'@fi as both prefLabel and hiddenLabel; removing hiddenLabel
WARNING: Resource http://urn.fi/URN:NBN:fi:au:finaf:000135002 has 'Mini C.'@fi as both prefLabel and hiddenLabel; removing hiddenLabel
WARNING: Resource http://urn.fi/URN:NBN:fi:au:finaf:000136608 has 'Euro P'@fi as both prefLabel and hiddenLabel; removing hiddenLabel
WARNING: Resource http://urn.fi/URN:NBN:fi:au:finaf:000136654 has 'Laura V.'@fi as both prefLabel and hiddenLabel; removing hiddenLabel
WARNING: Resource http://urn.fi/URN:NBN:fi:au:finaf:000136655 has 'Mikael A.'@fi as both prefLabel and hiddenLabel; removing hiddenLabel
WARNING: Resource http://urn.fi/URN:NBN:fi:au:finaf:000138474 has 'Sigurlaug Skirnisdottir'@fi as both prefLabel and hiddenLabel; removing hiddenLabel
WARNING: Resource http://urn.fi/URN:NBN:fi:au:finaf:000138520 has 'W. P-r'@fi as both prefLabel and hiddenLabel; removing hiddenLabel
WARNING: Resource http://urn.fi/URN:NBN:fi:au:finaf:000138974 has 'Shi Assi'@fi as both prefLabel and hiddenLabel; removing hiddenLabel
WARNING: Resource http://urn.fi/URN:NBN:fi:au:finaf:000139408 has 'Dino X.'@fi as both prefLabel and hiddenLabel; removing hiddenLabel
WARNING: Resource http://urn.fi/URN:NBN:fi:au:finaf:000140390 has 'Konsultti Turunen'@fi as both prefLabel and hiddenLabel; removing hiddenLabel
WARNING: Resource http://urn.fi/URN:NBN:fi:au:finaf:000141593 has 'Aung San Suu Kyi'@fi as both prefLabel and hiddenLabel; removing hiddenLabel
WARNING: Resource http://urn.fi/URN:NBN:fi:au:finaf:000142190 has 'Hera Maria'@fi as both prefLabel and hiddenLabel; removing hiddenLabel
WARNING: Resource http://urn.fi/URN:NBN:fi:au:finaf:000142218 has 'Sarovin Pasa'@fi as both prefLabel and hiddenLabel; removing hiddenLabel
WARNING: Resource http://urn.fi/URN:NBN:fi:au:finaf:000142697 has 'Hakim Bey'@fi as both prefLabel and hiddenLabel; removing hiddenLabel
WARNING: Resource http://urn.fi/URN:NBN:fi:au:finaf:000144232 has 'Maung Aung Pwint'@fi as both prefLabel and hiddenLabel; removing hiddenLabel
WARNING: Resource http://urn.fi/URN:NBN:fi:au:finaf:000144233 has 'Maung Tha Noe'@fi as both prefLabel and hiddenLabel; removing hiddenLabel
WARNING: Resource http://urn.fi/URN:NBN:fi:au:finaf:000144758 has 'Iceberg Slim'@fi as both prefLabel and hiddenLabel; removing hiddenLabel
WARNING: Resource http://urn.fi/URN:NBN:fi:au:finaf:000146063 has 'Johnnie Blue-eyes'@fi as both prefLabel and hiddenLabel; removing hiddenLabel
WARNING: Resource http://urn.fi/URN:NBN:fi:au:finaf:000146474 has 'Tauno Olavi'@fi as both prefLabel and hiddenLabel; removing hiddenLabel
WARNING: Resource http://urn.fi/URN:NBN:fi:au:finaf:000146710 has 'Kristina Magnusdotter'@fi as both prefLabel and hiddenLabel; removing hiddenLabel
WARNING: Resource http://urn.fi/URN:NBN:fi:au:finaf:000147309 has 'Miss B.'@fi as both prefLabel and hiddenLabel; removing hiddenLabel
WARNING: Resource http://urn.fi/URN:NBN:fi:au:finaf:000147432 has 'Erkka P.'@fi as both prefLabel and hiddenLabel; removing hiddenLabel
WARNING: Resource http://urn.fi/URN:NBN:fi:au:finaf:000147717 has 'Anna O.'@fi as both prefLabel and hiddenLabel; removing hiddenLabel
WARNING: Resource http://urn.fi/URN:NBN:fi:au:finaf:000148478 has 'Mr. Fish'@fi as both prefLabel and hiddenLabel; removing hiddenLabel
WARNING: Resource http://urn.fi/URN:NBN:fi:au:finaf:000149840 has 'Sakyong Mipham'@fi as both prefLabel and hiddenLabel; removing hiddenLabel
WARNING: Resource http://urn.fi/URN:NBN:fi:au:finaf:000149940 has 'Lord Dunsby'@fi as both prefLabel and hiddenLabel; removing hiddenLabel
WARNING: Resource http://urn.fi/URN:NBN:fi:au:finaf:000150996 has 'Lobsang Gyatso'@fi as both prefLabel and hiddenLabel; removing hiddenLabel
WARNING: Resource http://urn.fi/URN:NBN:fi:au:finaf:000152945 has 'Cosmic Johanna'@fi as both prefLabel and hiddenLabel; removing hiddenLabel
WARNING: Resource http://urn.fi/URN:NBN:fi:au:finaf:000153271 has 'Nirmala Devi'@fi as both prefLabel and hiddenLabel; removing hiddenLabel
WARNING: Resource http://urn.fi/URN:NBN:fi:au:finaf:000156165 has 'DJ Nano'@fi as both prefLabel and hiddenLabel; removing hiddenLabel
WARNING: Resource http://urn.fi/URN:NBN:fi:au:finaf:000156409 has 'Sigurður Karlsson'@fi as both prefLabel and hiddenLabel; removing hiddenLabel
WARNING: Resource http://urn.fi/URN:NBN:fi:au:finaf:000158182 has 'Tarja Helena'@fi as both prefLabel and hiddenLabel; removing hiddenLabel
WARNING: Resource http://urn.fi/URN:NBN:fi:au:finaf:000159784 has 'Valur Ingimundarson'@fi as both prefLabel and hiddenLabel; removing hiddenLabel
WARNING: Resource http://urn.fi/URN:NBN:fi:au:finaf:000160103 has 'Sirkku Linnea'@fi as both prefLabel and hiddenLabel; removing hiddenLabel
WARNING: Resource http://urn.fi/URN:NBN:fi:au:finaf:000160772 has 'Theodora Mjoll Skuladottir Jack'@fi as both prefLabel and hiddenLabel; removing hiddenLabel
WARNING: Resource http://urn.fi/URN:NBN:fi:au:finaf:000161093 has 'Professor Black'@fi as both prefLabel and hiddenLabel; removing hiddenLabel
WARNING: Resource http://urn.fi/URN:NBN:fi:au:finaf:000165359 has 'Aira Elisa'@fi as both prefLabel and hiddenLabel; removing hiddenLabel
WARNING: Resource http://urn.fi/URN:NBN:fi:au:finaf:000176748 has 'Joy Strings'@fi as both prefLabel and hiddenLabel; removing hiddenLabel
WARNING: Resource http://urn.fi/URN:NBN:fi:au:finaf:000183387 has 'Sami Hoo'@fi as both prefLabel and hiddenLabel; removing hiddenLabel
WARNING: Resource http://urn.fi/URN:NBN:fi:au:finaf:000183743 has 'The Boy Fitzhammond'@fi as both prefLabel and hiddenLabel; removing hiddenLabel
WARNING: Resource http://urn.fi/URN:NBN:fi:au:finaf:000185793 has 'Jarmo Juhani'@fi as both prefLabel and hiddenLabel; removing hiddenLabel
WARNING: Resource http://urn.fi/URN:NBN:fi:au:finaf:000187134 has 'Coco Tommy'@fi as both prefLabel and hiddenLabel; removing hiddenLabel
WARNING: Resource http://urn.fi/URN:NBN:fi:au:finaf:000187995 has 'Cari Michael'@fi as both prefLabel and hiddenLabel; removing hiddenLabel
WARNING: Resource http://urn.fi/URN:NBN:fi:au:finaf:000187997 has 'Cheese Situation'@fi as both prefLabel and hiddenLabel; removing hiddenLabel
WARNING: Resource http://urn.fi/URN:NBN:fi:au:finaf:000191845 has 'Vinny Olavi'@fi as both prefLabel and hiddenLabel; removing hiddenLabel
WARNING: Resource http://urn.fi/URN:NBN:fi:au:finaf:000192389 has 'Taff Bastardo'@fi as both prefLabel and hiddenLabel; removing hiddenLabel
WARNING: Resource http://urn.fi/URN:NBN:fi:au:finaf:000192827 has 'Toni Tapani'@fi as both prefLabel and hiddenLabel; removing hiddenLabel
WARNING: Resource http://urn.fi/URN:NBN:fi:au:finaf:000193066 has 'Tuure Tapio'@fi as both prefLabel and hiddenLabel; removing hiddenLabel
WARNING: Resource http://urn.fi/URN:NBN:fi:au:finaf:000193893 has 'Riku The Rockface'@fi as both prefLabel and hiddenLabel; removing hiddenLabel
WARNING: Resource http://urn.fi/URN:NBN:fi:au:finaf:000194625 has 'Ville Eetvartti'@fi as both prefLabel and hiddenLabel; removing hiddenLabel
WARNING: Resource http://urn.fi/URN:NBN:fi:au:finaf:000196489 has 'Markku Juhani'@fi as both prefLabel and hiddenLabel; removing hiddenLabel
WARNING: Resource http://urn.fi/URN:NBN:fi:au:finaf:000196502 has 'Marko Juhani'@fi as both prefLabel and hiddenLabel; removing hiddenLabel
WARNING: Resource http://urn.fi/URN:NBN:fi:au:finaf:000201382 has 'Sir Mr Taf'@fi as both prefLabel and hiddenLabel; removing hiddenLabel
WARNING: Resource http://urn.fi/URN:NBN:fi:au:finaf:000202090 has 'Klaus Kustaa'@fi as both prefLabel and hiddenLabel; removing hiddenLabel
WARNING: Resource http://urn.fi/URN:NBN:fi:au:finaf:000203704 has 'Kid Crazy'@fi as both prefLabel and hiddenLabel; removing hiddenLabel
WARNING: Resource http://urn.fi/URN:NBN:fi:au:finaf:000204018 has 'Louise de Marillac'@fi as both prefLabel and hiddenLabel; removing hiddenLabel
WARNING: Resource http://urn.fi/URN:NBN:fi:au:finaf:000204102 has 'Inside Flame'@fi as both prefLabel and hiddenLabel; removing hiddenLabel
WARNING: Resource http://urn.fi/URN:NBN:fi:au:finaf:000204844 has 'Styrmir Gudlaugsson'@fi as both prefLabel and hiddenLabel; removing hiddenLabel
WARNING: Resource http://urn.fi/URN:NBN:fi:au:finaf:000204845 has 'Sigmundur Breidfjörd Thorgeirsson'@fi as both prefLabel and hiddenLabel; removing hiddenLabel
WARNING: Resource http://urn.fi/URN:NBN:fi:au:finaf:000205089 has 'Jani Markus'@fi as both prefLabel and hiddenLabel; removing hiddenLabel
WARNING: Resource http://urn.fi/URN:NBN:fi:au:finaf:000205532 has 'Bjarni Guðmarsson'@fi as both prefLabel and hiddenLabel; removing hiddenLabel
WARNING: Resource http://urn.fi/URN:NBN:fi:au:finaf:000205773 has 'A Yi'@fi as both prefLabel and hiddenLabel; removing hiddenLabel
WARNING: Resource http://urn.fi/URN:NBN:fi:au:finaf:000042603 has 'Lotthar Gottlet'@fi as both altLabel and hiddenLabel; removing hiddenLabel
WARNING: Resource http://urn.fi/URN:NBN:fi:au:finaf:000049560 has 'Choderlos de Laclos'@fi as both altLabel and hiddenLabel; removing hiddenLabel
WARNING: Resource http://urn.fi/URN:NBN:fi:au:finaf:000051867 has 'Tsetung Mao'@fi as both altLabel and hiddenLabel; removing hiddenLabel
WARNING: Resource http://urn.fi/URN:NBN:fi:au:finaf:000051867 has 'Zedong Mao'@fi as both altLabel and hiddenLabel; removing hiddenLabel
WARNING: Resource http://urn.fi/URN:NBN:fi:au:finaf:000053164 has 'Ma Atmo Nanda'@fi as both altLabel and hiddenLabel; removing hiddenLabel
WARNING: Resource http://urn.fi/URN:NBN:fi:au:finaf:000053195 has 'Watchman Nee'@fi as both altLabel and hiddenLabel; removing hiddenLabel
WARNING: Resource http://urn.fi/URN:NBN:fi:au:finaf:000061229 has 'Jorma Treben'@fi as both altLabel and hiddenLabel; removing hiddenLabel
WARNING: Resource http://urn.fi/URN:NBN:fi:au:finaf:000066521 has 'Publius Terentius Afer'@fi as both altLabel and hiddenLabel; removing hiddenLabel
WARNING: Resource http://urn.fi/URN:NBN:fi:au:finaf:000068636 has 'Ying-Qing Ding'@fi as both altLabel and hiddenLabel; removing hiddenLabel
WARNING: Resource http://urn.fi/URN:NBN:fi:au:finaf:000068747 has 'Luojin Yu'@fi as both altLabel and hiddenLabel; removing hiddenLabel
WARNING: Resource http://urn.fi/URN:NBN:fi:au:finaf:000069993 has 'Fuju Chang'@fi as both altLabel and hiddenLabel; removing hiddenLabel
WARNING: Resource http://urn.fi/URN:NBN:fi:au:finaf:000070496 has 'Kalatharan Sivalingam'@fi as both altLabel and hiddenLabel; removing hiddenLabel
WARNING: Resource http://urn.fi/URN:NBN:fi:au:finaf:000070898 has 'Tao Su'@fi as both altLabel and hiddenLabel; removing hiddenLabel
WARNING: Resource http://urn.fi/URN:NBN:fi:au:finaf:000072333 has 'Magister Laurentius'@fi as both altLabel and hiddenLabel; removing hiddenLabel
WARNING: Resource http://urn.fi/URN:NBN:fi:au:finaf:000073963 has 'Ma Dhyan Chanda'@fi as both altLabel and hiddenLabel; removing hiddenLabel
WARNING: Resource http://urn.fi/URN:NBN:fi:au:finaf:000074738 has 'Tenzin Gyatso'@fi as both altLabel and hiddenLabel; removing hiddenLabel
WARNING: Resource http://urn.fi/URN:NBN:fi:au:finaf:000076555 has 'V. I. Sacrelius'@fi as both altLabel and hiddenLabel; removing hiddenLabel
WARNING: Resource http://urn.fi/URN:NBN:fi:au:finaf:000077963 has 'Marco Polo'@fi as both altLabel and hiddenLabel; removing hiddenLabel
WARNING: Resource http://urn.fi/URN:NBN:fi:au:finaf:000080688 has 'Jane Tarzana'@fi as both altLabel and hiddenLabel; removing hiddenLabel
WARNING: Resource http://urn.fi/URN:NBN:fi:au:finaf:000080911 has 'M. S.'@fi as both altLabel and hiddenLabel; removing hiddenLabel
WARNING: Resource http://urn.fi/URN:NBN:fi:au:finaf:000081223 has 'Ana Pin'@fi as both altLabel and hiddenLabel; removing hiddenLabel
WARNING: Resource http://urn.fi/URN:NBN:fi:au:finaf:000081224 has 'Anne Nuut'@fi as both altLabel and hiddenLabel; removing hiddenLabel
WARNING: Resource http://urn.fi/URN:NBN:fi:au:finaf:000082008 has 'Madame Juno'@fi as both altLabel and hiddenLabel; removing hiddenLabel
WARNING: Resource http://urn.fi/URN:NBN:fi:au:finaf:000082474 has 'K. A. A.'@fi as both altLabel and hiddenLabel; removing hiddenLabel
WARNING: Resource http://urn.fi/URN:NBN:fi:au:finaf:000082878 has 'Emil H:nen'@fi as both altLabel and hiddenLabel; removing hiddenLabel
WARNING: Resource http://urn.fi/URN:NBN:fi:au:finaf:000082965 has 'P. L.'@fi as both altLabel and hiddenLabel; removing hiddenLabel
WARNING: Resource http://urn.fi/URN:NBN:fi:au:finaf:000083104 has 'Poika Miekkonen'@fi as both altLabel and hiddenLabel; removing hiddenLabel
WARNING: Resource http://urn.fi/URN:NBN:fi:au:finaf:000083382 has 'Heng Gu'@fi as both altLabel and hiddenLabel; removing hiddenLabel
WARNING: Resource http://urn.fi/URN:NBN:fi:au:finaf:000083968 has 'P. J. T:n'@fi as both altLabel and hiddenLabel; removing hiddenLabel
WARNING: Resource http://urn.fi/URN:NBN:fi:au:finaf:000083968 has 'P. J. T:nen'@fi as both altLabel and hiddenLabel; removing hiddenLabel
WARNING: Resource http://urn.fi/URN:NBN:fi:au:finaf:000083968 has 'P. J. Ty:nen'@fi as both altLabel and hiddenLabel; removing hiddenLabel
WARNING: Resource http://urn.fi/URN:NBN:fi:au:finaf:000084101 has 'P. R. V-n'@fi as both altLabel and hiddenLabel; removing hiddenLabel
WARNING: Resource http://urn.fi/URN:NBN:fi:au:finaf:000084101 has 'P. R. W.'@fi as both altLabel and hiddenLabel; removing hiddenLabel
WARNING: Resource http://urn.fi/URN:NBN:fi:au:finaf:000084238 has 'Serge Kahili King'@fi as both altLabel and hiddenLabel; removing hiddenLabel
WARNING: Resource http://urn.fi/URN:NBN:fi:au:finaf:000084245 has 'T. N.'@fi as both altLabel and hiddenLabel; removing hiddenLabel
WARNING: Resource http://urn.fi/URN:NBN:fi:au:finaf:000084411 has 'Abu Hassan'@fi as both altLabel and hiddenLabel; removing hiddenLabel
WARNING: Resource http://urn.fi/URN:NBN:fi:au:finaf:000084530 has 'V. A. H.'@fi as both altLabel and hiddenLabel; removing hiddenLabel
WARNING: Resource http://urn.fi/URN:NBN:fi:au:finaf:000084865 has 'R. A. L.'@fi as both altLabel and hiddenLabel; removing hiddenLabel
WARNING: Resource http://urn.fi/URN:NBN:fi:au:finaf:000085012 has 'J. O. M.'@fi as both altLabel and hiddenLabel; removing hiddenLabel
WARNING: Resource http://urn.fi/URN:NBN:fi:au:finaf:000085391 has 'A. E. R.'@fi as both altLabel and hiddenLabel; removing hiddenLabel
WARNING: Resource http://urn.fi/URN:NBN:fi:au:finaf:000085395 has 'Veli Viljami'@fi as both altLabel and hiddenLabel; removing hiddenLabel
WARNING: Resource http://urn.fi/URN:NBN:fi:au:finaf:000085504 has 'K. V. E.'@fi as both altLabel and hiddenLabel; removing hiddenLabel
WARNING: Resource http://urn.fi/URN:NBN:fi:au:finaf:000086185 has 'Aino L.'@fi as both altLabel and hiddenLabel; removing hiddenLabel
WARNING: Resource http://urn.fi/URN:NBN:fi:au:finaf:000086366 has 'Sv. R. H.'@fi as both altLabel and hiddenLabel; removing hiddenLabel
WARNING: Resource http://urn.fi/URN:NBN:fi:au:finaf:000086992 has 'Eno Kalle'@fi as both altLabel and hiddenLabel; removing hiddenLabel
WARNING: Resource http://urn.fi/URN:NBN:fi:au:finaf:000086992 has 'Kalle Juhonpoika'@fi as both altLabel and hiddenLabel; removing hiddenLabel
WARNING: Resource http://urn.fi/URN:NBN:fi:au:finaf:000087393 has 'Emil H.'@fi as both altLabel and hiddenLabel; removing hiddenLabel
WARNING: Resource http://urn.fi/URN:NBN:fi:au:finaf:000087964 has 'Antero S.'@fi as both altLabel and hiddenLabel; removing hiddenLabel
WARNING: Resource http://urn.fi/URN:NBN:fi:au:finaf:000089049 has 'Albert H.'@fi as both altLabel and hiddenLabel; removing hiddenLabel
WARNING: Resource http://urn.fi/URN:NBN:fi:au:finaf:000090037 has 'Matti Uolevi'@fi as both altLabel and hiddenLabel; removing hiddenLabel
WARNING: Resource http://urn.fi/URN:NBN:fi:au:finaf:000090692 has 'Aini Sinikka'@fi as both altLabel and hiddenLabel; removing hiddenLabel
WARNING: Resource http://urn.fi/URN:NBN:fi:au:finaf:000090803 has 'Y. Gs'@fi as both altLabel and hiddenLabel; removing hiddenLabel
WARNING: Resource http://urn.fi/URN:NBN:fi:au:finaf:000090840 has 'Samuli T.'@fi as both altLabel and hiddenLabel; removing hiddenLabel
WARNING: Resource http://urn.fi/URN:NBN:fi:au:finaf:000092071 has 'Aatami H.'@fi as both altLabel and hiddenLabel; removing hiddenLabel
WARNING: Resource http://urn.fi/URN:NBN:fi:au:finaf:000092633 has 'E. S. N.'@fi as both altLabel and hiddenLabel; removing hiddenLabel
WARNING: Resource http://urn.fi/URN:NBN:fi:au:finaf:000096404 has 'Se Lindgren'@fi as both altLabel and hiddenLabel; removing hiddenLabel
WARNING: Resource http://urn.fi/URN:NBN:fi:au:finaf:000096642 has 'Mohamed-asad Osman Nuh'@fi as both altLabel and hiddenLabel; removing hiddenLabel
WARNING: Resource http://urn.fi/URN:NBN:fi:au:finaf:000097230 has 'Huijiong Wang'@fi as both altLabel and hiddenLabel; removing hiddenLabel
WARNING: Resource http://urn.fi/URN:NBN:fi:au:finaf:000098276 has 'E. K. S-nen'@fi as both altLabel and hiddenLabel; removing hiddenLabel
WARNING: Resource http://urn.fi/URN:NBN:fi:au:finaf:000098757 has 'Johannes Petri Tolgensis'@fi as both altLabel and hiddenLabel; removing hiddenLabel
WARNING: Resource http://urn.fi/URN:NBN:fi:au:finaf:000099298 has 'A S-n'@fi as both altLabel and hiddenLabel; removing hiddenLabel
WARNING: Resource http://urn.fi/URN:NBN:fi:au:finaf:000100781 has 'Faarah M. J. Awl'@fi as both altLabel and hiddenLabel; removing hiddenLabel
WARNING: Resource http://urn.fi/URN:NBN:fi:au:finaf:000100781 has 'Faarax M. J. Cawl'@fi as both altLabel and hiddenLabel; removing hiddenLabel
WARNING: Resource http://urn.fi/URN:NBN:fi:au:finaf:000102674 has 'Pontius Pilatus'@fi as both altLabel and hiddenLabel; removing hiddenLabel
WARNING: Resource http://urn.fi/URN:NBN:fi:au:finaf:000105962 has 'Shanti Devi'@fi as both altLabel and hiddenLabel; removing hiddenLabel
WARNING: Resource http://urn.fi/URN:NBN:fi:au:finaf:000106410 has 'Paulina Mariantytär'@fi as both altLabel and hiddenLabel; removing hiddenLabel
WARNING: Resource http://urn.fi/URN:NBN:fi:au:finaf:000106527 has 'Saloth Sar'@fi as both altLabel and hiddenLabel; removing hiddenLabel
WARNING: Resource http://urn.fi/URN:NBN:fi:au:finaf:000110257 has 'Tzu Sun'@fi as both altLabel and hiddenLabel; removing hiddenLabel
WARNING: Resource http://urn.fi/URN:NBN:fi:au:finaf:000113142 has 'Pekka Peloton'@fi as both altLabel and hiddenLabel; removing hiddenLabel
WARNING: Resource http://urn.fi/URN:NBN:fi:au:finaf:000113558 has 'Yang Erche Namu'@fi as both altLabel and hiddenLabel; removing hiddenLabel
WARNING: Resource http://urn.fi/URN:NBN:fi:au:finaf:000114325 has 'K. K-U-n'@fi as both altLabel and hiddenLabel; removing hiddenLabel
WARNING: Resource http://urn.fi/URN:NBN:fi:au:finaf:000115004 has 'Tek Nath Dhakal'@fi as both altLabel and hiddenLabel; removing hiddenLabel
WARNING: Resource http://urn.fi/URN:NBN:fi:au:finaf:000116944 has 'u. Jose f. Jutzcadero'@fi as both altLabel and hiddenLabel; removing hiddenLabel
WARNING: Resource http://urn.fi/URN:NBN:fi:au:finaf:000116944 has 'uncle Jose fox Jutzcadero'@fi as both altLabel and hiddenLabel; removing hiddenLabel
WARNING: Resource http://urn.fi/URN:NBN:fi:au:finaf:000119639 has 'Elvi Sinikka'@fi as both altLabel and hiddenLabel; removing hiddenLabel
WARNING: Resource http://urn.fi/URN:NBN:fi:au:finaf:000121935 has 'Vasa Malosarro'@fi as both altLabel and hiddenLabel; removing hiddenLabel
WARNING: Resource http://urn.fi/URN:NBN:fi:au:finaf:000122053 has 'Judas Iskariot'@fi as both altLabel and hiddenLabel; removing hiddenLabel
WARNING: Resource http://urn.fi/URN:NBN:fi:au:finaf:000122183 has 'Nicolaus Cusanus'@fi as both altLabel and hiddenLabel; removing hiddenLabel
WARNING: Resource http://urn.fi/URN:NBN:fi:au:finaf:000123161 has 'Pulu Hunni'@fi as both altLabel and hiddenLabel; removing hiddenLabel
WARNING: Resource http://urn.fi/URN:NBN:fi:au:finaf:000126352 has 'Jong-il Kim'@fi as both altLabel and hiddenLabel; removing hiddenLabel
WARNING: Resource http://urn.fi/URN:NBN:fi:au:finaf:000126352 has 'Kim Jong Il'@fi as both altLabel and hiddenLabel; removing hiddenLabel
WARNING: Resource http://urn.fi/URN:NBN:fi:au:finaf:000128794 has 'Megatron Braineater'@fi as both altLabel and hiddenLabel; removing hiddenLabel
WARNING: Resource http://urn.fi/URN:NBN:fi:au:finaf:000132143 has 'P. Elokas'@fi as both altLabel and hiddenLabel; removing hiddenLabel
WARNING: Resource http://urn.fi/URN:NBN:fi:au:finaf:000132341 has 'Sri Chinmoy'@fi as both altLabel and hiddenLabel; removing hiddenLabel
WARNING: Resource http://urn.fi/URN:NBN:fi:au:finaf:000133353 has 'Nemesis Nej'@fi as both altLabel and hiddenLabel; removing hiddenLabel
WARNING: Resource http://urn.fi/URN:NBN:fi:au:finaf:000133473 has 'Vanha Käpy'@fi as both altLabel and hiddenLabel; removing hiddenLabel
WARNING: Resource http://urn.fi/URN:NBN:fi:au:finaf:000135502 has 'Begum Rokeya Sakhawat Hossain'@fi as both altLabel and hiddenLabel; removing hiddenLabel
WARNING: Resource http://urn.fi/URN:NBN:fi:au:finaf:000136287 has 'Irene Arinvaimo'@fi as both altLabel and hiddenLabel; removing hiddenLabel
WARNING: Resource http://urn.fi/URN:NBN:fi:au:finaf:000137279 has 'Saddam Hussein'@fi as both altLabel and hiddenLabel; removing hiddenLabel
WARNING: Resource http://urn.fi/URN:NBN:fi:au:finaf:000138520 has 'V. P:r'@fi as both altLabel and hiddenLabel; removing hiddenLabel
WARNING: Resource http://urn.fi/URN:NBN:fi:au:finaf:000139155 has 'Elisabeth Thuronia'@fi as both altLabel and hiddenLabel; removing hiddenLabel
WARNING: Resource http://urn.fi/URN:NBN:fi:au:finaf:000141561 has 'Zalaalam Abarraa Tasfaa'@fi as both altLabel and hiddenLabel; removing hiddenLabel
WARNING: Resource http://urn.fi/URN:NBN:fi:au:finaf:000141561 has 'Zelealem Aberra Tesfa'@fi as both altLabel and hiddenLabel; removing hiddenLabel
WARNING: Resource http://urn.fi/URN:NBN:fi:au:finaf:000141872 has 'Olafur Eliasson'@fi as both altLabel and hiddenLabel; removing hiddenLabel
WARNING: Resource http://urn.fi/URN:NBN:fi:au:finaf:000142125 has 'Samdhong Rinpoche'@fi as both altLabel and hiddenLabel; removing hiddenLabel
WARNING: Resource http://urn.fi/URN:NBN:fi:au:finaf:000142471 has 'Edv. T.'@fi as both altLabel and hiddenLabel; removing hiddenLabel
WARNING: Resource http://urn.fi/URN:NBN:fi:au:finaf:000143230 has 'Tenzin Wangyal Geshe'@fi as both altLabel and hiddenLabel; removing hiddenLabel
WARNING: Resource http://urn.fi/URN:NBN:fi:au:finaf:000143230 has 'Tenzin Wangyal Rinpoche'@fi as both altLabel and hiddenLabel; removing hiddenLabel
WARNING: Resource http://urn.fi/URN:NBN:fi:au:finaf:000144195 has 'Dwhjal Khul'@fi as both altLabel and hiddenLabel; removing hiddenLabel
WARNING: Resource http://urn.fi/URN:NBN:fi:au:finaf:000146883 has 'J. Tapio'@fi as both altLabel and hiddenLabel; removing hiddenLabel
WARNING: Resource http://urn.fi/URN:NBN:fi:au:finaf:000147582 has 'Cookie A.'@fi as both altLabel and hiddenLabel; removing hiddenLabel
WARNING: Resource http://urn.fi/URN:NBN:fi:au:finaf:000149793 has 'Anagarika Govinda'@fi as both altLabel and hiddenLabel; removing hiddenLabel
WARNING: Resource http://urn.fi/URN:NBN:fi:au:finaf:000150867 has 'Anton J'@fi as both altLabel and hiddenLabel; removing hiddenLabel
WARNING: Resource http://urn.fi/URN:NBN:fi:au:finaf:000150922 has 'Jong Un Kim'@fi as both altLabel and hiddenLabel; removing hiddenLabel
WARNING: Resource http://urn.fi/URN:NBN:fi:au:finaf:000150922 has 'Jong-un Kim'@fi as both altLabel and hiddenLabel; removing hiddenLabel
WARNING: Resource http://urn.fi/URN:NBN:fi:au:finaf:000151238 has 'Ananda Sagari A. R.'@fi as both altLabel and hiddenLabel; removing hiddenLabel
WARNING: Resource http://urn.fi/URN:NBN:fi:au:finaf:000152425 has 'Pai Ye Loh'@fi as both altLabel and hiddenLabel; removing hiddenLabel
WARNING: Resource http://urn.fi/URN:NBN:fi:au:finaf:000152897 has 'Ma Baoying'@fi as both altLabel and hiddenLabel; removing hiddenLabel
WARNING: Resource http://urn.fi/URN:NBN:fi:au:finaf:000155953 has 'Richard of St. Victor'@fi as both altLabel and hiddenLabel; removing hiddenLabel
WARNING: Resource http://urn.fi/URN:NBN:fi:au:finaf:000156328 has 'Syed Saleem Shahzad'@fi as both altLabel and hiddenLabel; removing hiddenLabel
WARNING: Resource http://urn.fi/URN:NBN:fi:au:finaf:000157075 has 'Mariah M'@fi as both altLabel and hiddenLabel; removing hiddenLabel
WARNING: Resource http://urn.fi/URN:NBN:fi:au:finaf:000157422 has 'Taru Fakta'@fi as both altLabel and hiddenLabel; removing hiddenLabel
WARNING: Resource http://urn.fi/URN:NBN:fi:au:finaf:000159207 has 'Christiane F.'@fi as both altLabel and hiddenLabel; removing hiddenLabel
WARNING: Resource http://urn.fi/URN:NBN:fi:au:finaf:000159288 has 'Kris K.'@fi as both altLabel and hiddenLabel; removing hiddenLabel
WARNING: Resource http://urn.fi/URN:NBN:fi:au:finaf:000161803 has 'Thu Huong Dang'@fi as both altLabel and hiddenLabel; removing hiddenLabel
WARNING: Resource http://urn.fi/URN:NBN:fi:au:finaf:000161804 has 'Thị Thắm Poong Đinh'@fi as both altLabel and hiddenLabel; removing hiddenLabel
WARNING: Resource http://urn.fi/URN:NBN:fi:au:finaf:000161807 has 'Lan Phương Nguyễn'@fi as both altLabel and hiddenLabel; removing hiddenLabel
WARNING: Resource http://urn.fi/URN:NBN:fi:au:finaf:000161808 has 'Huy Long Tạ'@fi as both altLabel and hiddenLabel; removing hiddenLabel
WARNING: Resource http://urn.fi/URN:NBN:fi:au:finaf:000161809 has 'Nhi Ksơr Y'@fi as both altLabel and hiddenLabel; removing hiddenLabel
WARNING: Resource http://urn.fi/URN:NBN:fi:au:finaf:000161810 has 'Duc Thao Nguyen'@fi as both altLabel and hiddenLabel; removing hiddenLabel
WARNING: Resource http://urn.fi/URN:NBN:fi:au:finaf:000162103 has 'H. Arska'@fi as both altLabel and hiddenLabel; removing hiddenLabel
WARNING: Resource http://urn.fi/URN:NBN:fi:au:finaf:000162104 has 'J. Kuha'@fi as both altLabel and hiddenLabel; removing hiddenLabel
WARNING: Resource http://urn.fi/URN:NBN:fi:au:finaf:000166160 has 'Impi S.'@fi as both altLabel and hiddenLabel; removing hiddenLabel
WARNING: Resource http://urn.fi/URN:NBN:fi:au:finaf:000166460 has 'Muhammad Ovais Ahmad'@fi as both altLabel and hiddenLabel; removing hiddenLabel
WARNING: Resource http://urn.fi/URN:NBN:fi:au:finaf:000172559 has 'Terhi Susanna'@fi as both altLabel and hiddenLabel; removing hiddenLabel
WARNING: Resource http://urn.fi/URN:NBN:fi:au:finaf:000174130 has 'Rimma Alisa'@fi as both altLabel and hiddenLabel; removing hiddenLabel
WARNING: Resource http://urn.fi/URN:NBN:fi:au:finaf:000174204 has 'Kuo Kang Chen'@fi as both altLabel and hiddenLabel; removing hiddenLabel
WARNING: Resource http://urn.fi/URN:NBN:fi:au:finaf:000174559 has 'P. Sohm'@fi as both altLabel and hiddenLabel; removing hiddenLabel
WARNING: Resource http://urn.fi/URN:NBN:fi:au:finaf:000182522 has 'Pähkinä Kyöpeli'@fi as both altLabel and hiddenLabel; removing hiddenLabel
WARNING: Resource http://urn.fi/URN:NBN:fi:au:finaf:000182531 has 'Oona Koo'@fi as both altLabel and hiddenLabel; removing hiddenLabel
WARNING: Resource http://urn.fi/URN:NBN:fi:au:finaf:000182593 has 'Hang Dao Thi Thu'@fi as both altLabel and hiddenLabel; removing hiddenLabel
WARNING: Resource http://urn.fi/URN:NBN:fi:au:finaf:000182595 has 'Sami Ta Bell'@fi as both altLabel and hiddenLabel; removing hiddenLabel
WARNING: Resource http://urn.fi/URN:NBN:fi:au:finaf:000182864 has 'Marja Helinä'@fi as both altLabel and hiddenLabel; removing hiddenLabel
WARNING: Resource http://urn.fi/URN:NBN:fi:au:finaf:000183506 has 'Thuy Minh Dau'@fi as both altLabel and hiddenLabel; removing hiddenLabel
WARNING: Resource http://urn.fi/URN:NBN:fi:au:finaf:000184735 has 'Esko Herman'@fi as both altLabel and hiddenLabel; removing hiddenLabel
WARNING: Resource http://urn.fi/URN:NBN:fi:au:finaf:000184770 has 'Sherif Osman'@fi as both altLabel and hiddenLabel; removing hiddenLabel
WARNING: Resource http://urn.fi/URN:NBN:fi:au:finaf:000185304 has 'Stip F.'@fi as both altLabel and hiddenLabel; removing hiddenLabel
WARNING: Resource http://urn.fi/URN:NBN:fi:au:finaf:000185750 has 'Jam Eye'@fi as both altLabel and hiddenLabel; removing hiddenLabel
WARNING: Resource http://urn.fi/URN:NBN:fi:au:finaf:000185822 has 'Stiina J.'@fi as both altLabel and hiddenLabel; removing hiddenLabel
WARNING: Resource http://urn.fi/URN:NBN:fi:au:finaf:000185822 has 'Stiina Jean'@fi as both altLabel and hiddenLabel; removing hiddenLabel
WARNING: Resource http://urn.fi/URN:NBN:fi:au:finaf:000186189 has 'Alec Danger'@fi as both altLabel and hiddenLabel; removing hiddenLabel
WARNING: Resource http://urn.fi/URN:NBN:fi:au:finaf:000186201 has 'Ovan Erwin'@fi as both altLabel and hiddenLabel; removing hiddenLabel
WARNING: Resource http://urn.fi/URN:NBN:fi:au:finaf:000186201 has 'Owan Ervin'@fi as both altLabel and hiddenLabel; removing hiddenLabel
WARNING: Resource http://urn.fi/URN:NBN:fi:au:finaf:000186545 has 'Harrison Fnord'@fi as both altLabel and hiddenLabel; removing hiddenLabel
WARNING: Resource http://urn.fi/URN:NBN:fi:au:finaf:000186623 has 'Komisario Jyrkkä'@fi as both altLabel and hiddenLabel; removing hiddenLabel
WARNING: Resource http://urn.fi/URN:NBN:fi:au:finaf:000187907 has 'Sami A.'@fi as both altLabel and hiddenLabel; removing hiddenLabel
WARNING: Resource http://urn.fi/URN:NBN:fi:au:finaf:000187928 has 'Atria Marino'@fi as both altLabel and hiddenLabel; removing hiddenLabel
WARNING: Resource http://urn.fi/URN:NBN:fi:au:finaf:000187928 has 'Marino Atria'@fi as both altLabel and hiddenLabel; removing hiddenLabel
WARNING: Resource http://urn.fi/URN:NBN:fi:au:finaf:000188031 has 'Antonio W.'@fi as both altLabel and hiddenLabel; removing hiddenLabel
WARNING: Resource http://urn.fi/URN:NBN:fi:au:finaf:000188595 has 'PJ Widestrand'@fi as both altLabel and hiddenLabel; removing hiddenLabel
WARNING: Resource http://urn.fi/URN:NBN:fi:au:finaf:000189680 has 'B. J. Benny'@fi as both altLabel and hiddenLabel; removing hiddenLabel
WARNING: Resource http://urn.fi/URN:NBN:fi:au:finaf:000190557 has 'Slim Galkin'@fi as both altLabel and hiddenLabel; removing hiddenLabel
WARNING: Resource http://urn.fi/URN:NBN:fi:au:finaf:000191118 has 'Tommi Boi'@fi as both altLabel and hiddenLabel; removing hiddenLabel
WARNING: Resource http://urn.fi/URN:NBN:fi:au:finaf:000191588 has 'Jussi Valuutta'@fi as both altLabel and hiddenLabel; removing hiddenLabel
WARNING: Resource http://urn.fi/URN:NBN:fi:au:finaf:000191766 has 'Pekka Tapani'@fi as both altLabel and hiddenLabel; removing hiddenLabel
WARNING: Resource http://urn.fi/URN:NBN:fi:au:finaf:000191776 has 'Timo Spacehunter'@fi as both altLabel and hiddenLabel; removing hiddenLabel
WARNING: Resource http://urn.fi/URN:NBN:fi:au:finaf:000191839 has 'Vince A.'@fi as both altLabel and hiddenLabel; removing hiddenLabel
WARNING: Resource http://urn.fi/URN:NBN:fi:au:finaf:000191845 has 'Vincenzo Olavi'@fi as both altLabel and hiddenLabel; removing hiddenLabel
WARNING: Resource http://urn.fi/URN:NBN:fi:au:finaf:000192333 has 'Johnny Trouble'@fi as both altLabel and hiddenLabel; removing hiddenLabel
WARNING: Resource http://urn.fi/URN:NBN:fi:au:finaf:000192496 has 'Kai Tapani'@fi as both altLabel and hiddenLabel; removing hiddenLabel
WARNING: Resource http://urn.fi/URN:NBN:fi:au:finaf:000192632 has 'Jim Catwalk'@fi as both altLabel and hiddenLabel; removing hiddenLabel
WARNING: Resource http://urn.fi/URN:NBN:fi:au:finaf:000194266 has 'Roope K.'@fi as both altLabel and hiddenLabel; removing hiddenLabel
WARNING: Resource http://urn.fi/URN:NBN:fi:au:finaf:000194268 has 'Sid Razor'@fi as both altLabel and hiddenLabel; removing hiddenLabel
WARNING: Resource http://urn.fi/URN:NBN:fi:au:finaf:000194410 has 'Eve Jay'@fi as both altLabel and hiddenLabel; removing hiddenLabel
WARNING: Resource http://urn.fi/URN:NBN:fi:au:finaf:000195024 has 'Herra Hevisaurus'@fi as both altLabel and hiddenLabel; removing hiddenLabel
WARNING: Resource http://urn.fi/URN:NBN:fi:au:finaf:000196142 has 'Lord Heikkinen'@fi as both altLabel and hiddenLabel; removing hiddenLabel
WARNING: Resource http://urn.fi/URN:NBN:fi:au:finaf:000196190 has 'Mac Mavis'@fi as both altLabel and hiddenLabel; removing hiddenLabel
WARNING: Resource http://urn.fi/URN:NBN:fi:au:finaf:000196216 has 'Gorath Moonthorn'@fi as both altLabel and hiddenLabel; removing hiddenLabel
WARNING: Resource http://urn.fi/URN:NBN:fi:au:finaf:000196680 has 'Mr. Matrix'@fi as both altLabel and hiddenLabel; removing hiddenLabel
WARNING: Resource http://urn.fi/URN:NBN:fi:au:finaf:000196796 has 'Mr. Rocka'@fi as both altLabel and hiddenLabel; removing hiddenLabel
WARNING: Resource http://urn.fi/URN:NBN:fi:au:finaf:000197536 has 'Tommi Perkele'@fi as both altLabel and hiddenLabel; removing hiddenLabel
WARNING: Resource http://urn.fi/URN:NBN:fi:au:finaf:000197536 has 'Tommi Prkl'@fi as both altLabel and hiddenLabel; removing hiddenLabel
WARNING: Resource http://urn.fi/URN:NBN:fi:au:finaf:000197840 has 'Udonipanpoika Petos'@fi as both altLabel and hiddenLabel; removing hiddenLabel
WARNING: Resource http://urn.fi/URN:NBN:fi:au:finaf:000198736 has 'Saarah W.'@fi as both altLabel and hiddenLabel; removing hiddenLabel
WARNING: Resource http://urn.fi/URN:NBN:fi:au:finaf:000198736 has 'Saarah Wu'@fi as both altLabel and hiddenLabel; removing hiddenLabel
WARNING: Resource http://urn.fi/URN:NBN:fi:au:finaf:000199311 has 'Mikko L.'@fi as both altLabel and hiddenLabel; removing hiddenLabel
WARNING: Resource http://urn.fi/URN:NBN:fi:au:finaf:000199796 has 'Taiteilija Loman'@fi as both altLabel and hiddenLabel; removing hiddenLabel
WARNING: Resource http://urn.fi/URN:NBN:fi:au:finaf:000200002 has 'Sir Luttinen'@fi as both altLabel and hiddenLabel; removing hiddenLabel
WARNING: Resource http://urn.fi/URN:NBN:fi:au:finaf:000200231 has 'Jasse Hybrid'@fi as both altLabel and hiddenLabel; removing hiddenLabel
WARNING: Resource http://urn.fi/URN:NBN:fi:au:finaf:000200307 has 'Justin Space'@fi as both altLabel and hiddenLabel; removing hiddenLabel
WARNING: Resource http://urn.fi/URN:NBN:fi:au:finaf:000201378 has 'Mr Singh'@fi as both altLabel and hiddenLabel; removing hiddenLabel
WARNING: Resource http://urn.fi/URN:NBN:fi:au:finaf:000201535 has 'Boogie Boy Harris'@fi as both altLabel and hiddenLabel; removing hiddenLabel
WARNING: Resource http://urn.fi/URN:NBN:fi:au:finaf:000201546 has 'Sami S.'@fi as both altLabel and hiddenLabel; removing hiddenLabel
WARNING: Resource http://urn.fi/URN:NBN:fi:au:finaf:000202090 has 'Claws Costeau'@fi as both altLabel and hiddenLabel; removing hiddenLabel
WARNING: Resource http://urn.fi/URN:NBN:fi:au:finaf:000202229 has 'Asmo Kostia'@fi as both altLabel and hiddenLabel; removing hiddenLabel
WARNING: Resource http://urn.fi/URN:NBN:fi:au:finaf:000202422 has 'Kain Käärmeenpoika'@fi as both altLabel and hiddenLabel; removing hiddenLabel
WARNING: Resource http://urn.fi/URN:NBN:fi:au:finaf:000202424 has 'Jussi Kuoma'@fi as both altLabel and hiddenLabel; removing hiddenLabel
WARNING: Resource http://urn.fi/URN:NBN:fi:au:finaf:000202436 has 'Kaisa T.'@fi as both altLabel and hiddenLabel; removing hiddenLabel
WARNING: Resource http://urn.fi/URN:NBN:fi:au:finaf:000203283 has 'Jaska Koo'@fi as both altLabel and hiddenLabel; removing hiddenLabel
WARNING: Resource http://urn.fi/URN:NBN:fi:au:finaf:000203667 has 'Poppa Joe King'@fi as both altLabel and hiddenLabel; removing hiddenLabel
WARNING: Resource http://urn.fi/URN:NBN:fi:au:finaf:000203743 has 'Tapani Kansalainen'@fi as both altLabel and hiddenLabel; removing hiddenLabel
WARNING: Resource http://urn.fi/URN:NBN:fi:au:finaf:000203743 has 'Tapsa K.'@fi as both altLabel and hiddenLabel; removing hiddenLabel
WARNING: Resource http://urn.fi/URN:NBN:fi:au:finaf:000204631 has 'Arthur von Helsinki'@fi as both altLabel and hiddenLabel; removing hiddenLabel
WARNING: Resource http://urn.fi/URN:NBN:fi:au:finaf:000204643 has 'Aniiratak Nenialupmuk'@fi as both altLabel and hiddenLabel; removing hiddenLabel
