WARNING: Stripping whitespace from label of http://www.yso.fi/onto/hero/p4004: ' león pasante'
WARNING: Concept scheme has no label(s). Use --label option to set the concept scheme label.
INFO: Marking loose concept http://www.yso.fi/onto/hero/p4 as top concept of scheme http://www.yso.fi/onto/hero/
INFO: Marking loose concept http://www.yso.fi/onto/hero/p5 as top concept of scheme http://www.yso.fi/onto/hero/
INFO: Marking loose concept http://www.yso.fi/onto/hero/p6 as top concept of scheme http://www.yso.fi/onto/hero/
INFO: Marking loose concept http://www.yso.fi/onto/hero/p7 as top concept of scheme http://www.yso.fi/onto/hero/
INFO: Marking loose concept http://www.yso.fi/onto/hero/p8 as top concept of scheme http://www.yso.fi/onto/hero/
INFO: Marking loose concept http://www.yso.fi/onto/hero/p9 as top concept of scheme http://www.yso.fi/onto/hero/
WARNING: Concepts http://www.yso.fi/onto/hero/p3267 and http://www.yso.fi/onto/hero/p28 connected by both skos:broaderTransitive and skos:related, removing skos:related
WARNING: Concepts http://www.yso.fi/onto/hero/p631 and http://www.yso.fi/onto/hero/p92 connected by both skos:broaderTransitive and skos:related, removing skos:related
WARNING: Eliminating redundant hierarchical relationship: http://www.yso.fi/onto/hero/p113 skos:broader http://www.yso.fi/onto/hero/p1673
WARNING: Eliminating redundant hierarchical relationship: http://www.yso.fi/onto/hero/p1764 skos:broader http://www.yso.fi/onto/hero/p608
WARNING: Eliminating redundant hierarchical relationship: http://www.yso.fi/onto/hero/p3089 skos:broader http://www.yso.fi/onto/hero/p608
WARNING: Eliminating redundant hierarchical relationship: http://www.yso.fi/onto/hero/p3517 skos:broader http://www.yso.fi/onto/hero/p61
WARNING: Resource http://www.yso.fi/onto/hero/p1390 has 'omslingrad av'@sv as both prefLabel and altLabel; removing altLabel
WARNING: Resource http://www.yso.fi/onto/hero/p1487 has 'kaulapanta'@fi as both prefLabel and altLabel; removing altLabel
WARNING: Resource http://www.yso.fi/onto/hero/p1487 has 'med halsband'@sv as both prefLabel and altLabel; removing altLabel
WARNING: Resource http://www.yso.fi/onto/hero/p2295 has 'armes parlants'@ca as both prefLabel and altLabel; removing altLabel
WARNING: Resource http://www.yso.fi/onto/hero/p2310 has 'kuonokoppa'@fi as both prefLabel and altLabel; removing altLabel
WARNING: Resource http://www.yso.fi/onto/hero/p2537 has 'figura artificial'@ca as both prefLabel and altLabel; removing altLabel
WARNING: Resource http://www.yso.fi/onto/hero/p2537 has 'figura artificial'@es as both prefLabel and altLabel; removing altLabel
WARNING: Resource http://www.yso.fi/onto/hero/p2537 has 'figure artificielle'@fr as both prefLabel and altLabel; removing altLabel
WARNING: Resource http://www.yso.fi/onto/hero/p2537 has 'figura artificiale'@it as both prefLabel and altLabel; removing altLabel
WARNING: Resource http://www.yso.fi/onto/hero/p2537 has 'figură artificială'@ro as both prefLabel and altLabel; removing altLabel
WARNING: Resource http://www.yso.fi/onto/hero/p3100 has 'kaffebuske'@sv as both prefLabel and altLabel; removing altLabel
WARNING: Resource http://www.yso.fi/onto/hero/p3254 has 'senestré en chef'@fr as both prefLabel and altLabel; removing altLabel
WARNING: Resource http://www.yso.fi/onto/hero/p3593 has 'vuorotellen'@fi as both prefLabel and altLabel; removing altLabel
WARNING: Resource http://www.yso.fi/onto/hero/p3597 has 'palava ranka'@fi as both prefLabel and altLabel; removing altLabel
WARNING: Resource http://www.yso.fi/onto/hero/p3714 has 'genomgående tornerkrage'@sv as both prefLabel and altLabel; removing altLabel
WARNING: Resource http://www.yso.fi/onto/hero/p3741 has 'donjonné'@en as both prefLabel and altLabel; removing altLabel
WARNING: Resource http://www.yso.fi/onto/hero/p3864 has 'josta versoo'@fi as both prefLabel and altLabel; removing altLabel
WARNING: Resource http://www.yso.fi/onto/hero/p3988 has 'linguat'@ca as both prefLabel and altLabel; removing altLabel
WARNING: Resource http://www.yso.fi/onto/hero/p644 has 'l'un sur l'autre'@fr as both prefLabel and altLabel; removing altLabel
WARNING: Resource http://www.yso.fi/onto/hero/p663 has 'kimpussa'@fi as both prefLabel and altLabel; removing altLabel
WARNING: Resource http://www.yso.fi/onto/hero/p1579 has 'ospänd'@sv as both prefLabel and hiddenLabel; removing hiddenLabel
WARNING: Resource http://www.yso.fi/onto/hero/p1804 has 'avhuggen'@sv as both prefLabel and hiddenLabel; removing hiddenLabel
WARNING: Resource http://www.yso.fi/onto/hero/p22 has 'röd'@sv as both prefLabel and hiddenLabel; removing hiddenLabel
WARNING: Resource http://www.yso.fi/onto/hero/p23 has 'blå'@sv as both prefLabel and hiddenLabel; removing hiddenLabel
WARNING: Resource http://www.yso.fi/onto/hero/p25 has 'grön'@sv as both prefLabel and hiddenLabel; removing hiddenLabel
WARNING: Resource http://www.yso.fi/onto/hero/p2813 has 'ruin'@en as both prefLabel and hiddenLabel; removing hiddenLabel
WARNING: Resource http://www.yso.fi/onto/hero/p3112 has 'ordonné'@fr as both prefLabel and hiddenLabel; removing hiddenLabel
WARNING: Resource http://www.yso.fi/onto/hero/p344 has 'avsliten'@sv as both prefLabel and hiddenLabel; removing hiddenLabel
WARNING: Resource http://www.yso.fi/onto/hero/p799 has 'nirhakoroinen'@fi as both prefLabel and hiddenLabel; removing hiddenLabel
