INFO: Don't know what to do with type http://purl.org/net/provenance/ns#DataItem
INFO: Don't know what to do with type http://xmlns.com/foaf/0.1/Document
INFO: Don't know what to do with type http://paikannimet.fi/meta/sapo#Kuntahistoria
INFO: Don't know what to do with type http://purl.org/net/provenance/ns#DataCreation
INFO: Don't know what to do with type http://xmlns.com/foaf/0.1/Person
INFO: Don't know what to do with type http://paikannimet.fi/meta/sapo#Kunta
INFO: Don't know what to do with literal http://observedchange.com/tisc/ns#existenceEndsAt
INFO: Don't know what to do with literal http://observedchange.com/tisc/ns#existenceBeginsAt
INFO: Don't know what to do with literal http://observedchange.com/tisc/ns#sizeOfLandArea
INFO: Don't know what to do with relation http://observedchange.com/tisc/ns#touches
INFO: Don't know what to do with relation http://observedchange.com/tisc/ns#hasUnionOf
INFO: Don't know what to do with relation http://www.yso.fi/onto/sapo/covers
INFO: Don't know what to do with relation http://www.yso.fi/onto/sapo/coversolder
INFO: Don't know what to do with relation http://observedchange.com/tisc/ns#unionOf
WARNING: Setting default language of 'Kunta' to fi
WARNING: Setting default language of 'Äänekosken mlk' to fi
WARNING: Setting default language of 'Äänekoski' to fi
WARNING: Setting default language of 'Äetsä' to fi
WARNING: Setting default language of 'Ahlainen' to fi
WARNING: Setting default language of 'Ähtäri' to fi
WARNING: Setting default language of 'Ähtävä' to fi
WARNING: Setting default language of 'Aitolahti' to fi
WARNING: Setting default language of 'Akaa' to fi
WARNING: Setting default language of 'Akaa_2' to fi
WARNING: Setting default language of 'Alahärmä' to fi
WARNING: Setting default language of 'Alajärvi' to fi
WARNING: Setting default language of 'Alastaro' to fi
WARNING: Setting default language of 'Alatornio' to fi
WARNING: Setting default language of 'Alaveteli' to fi
WARNING: Setting default language of 'Alavieska' to fi
WARNING: Setting default language of 'Alavus' to fi
WARNING: Setting default language of 'Angelniemi' to fi
WARNING: Setting default language of 'Anjala' to fi
WARNING: Setting default language of 'Anjalankoski' to fi
WARNING: Setting default language of 'Antrea' to fi
WARNING: Setting default language of 'Anttola' to fi
WARNING: Setting default language of 'Artjärvi' to fi
WARNING: Setting default language of 'Asikkala' to fi
WARNING: Setting default language of 'Askainen' to fi
WARNING: Setting default language of 'Askola' to fi
WARNING: Setting default language of 'Aura' to fi
WARNING: Setting default language of 'Äyräpää' to fi
WARNING: Setting default language of 'Bergö' to fi
WARNING: Setting default language of 'Björköby' to fi
WARNING: Setting default language of 'Brändö' to fi
WARNING: Setting default language of 'Bromarv' to fi
WARNING: Setting default language of 'Degerby' to fi
WARNING: Setting default language of 'Degerby_2' to fi
WARNING: Setting default language of 'Dragsfjärd' to fi
WARNING: Setting default language of 'Eckerö' to fi
WARNING: Setting default language of 'Elimäki' to fi
WARNING: Setting default language of 'Eno' to fi
WARNING: Setting default language of 'Enonkoski' to fi
WARNING: Setting default language of 'Enontekiö' to fi
WARNING: Setting default language of 'Eräjärvi' to fi
WARNING: Setting default language of 'Espoo' to fi
WARNING: Setting default language of 'Etelä-Pirkkala' to fi
WARNING: Setting default language of 'Eura' to fi
WARNING: Setting default language of 'Eura (kappeli)' to fi
WARNING: Setting default language of 'Eurajoki' to fi
WARNING: Setting default language of 'Evijärvi' to fi
WARNING: Setting default language of 'Finnby' to fi
WARNING: Setting default language of 'Finström' to fi
WARNING: Setting default language of 'Föglö' to fi
WARNING: Setting default language of 'Forssa' to fi
WARNING: Setting default language of 'Geta' to fi
WARNING: Setting default language of 'Grankulla' to fi
WARNING: Setting default language of 'Haaga' to fi
WARNING: Setting default language of 'Haapajärvi' to fi
WARNING: Setting default language of 'Haapasaari' to fi
WARNING: Setting default language of 'Haapavesi' to fi
WARNING: Setting default language of 'Hailuoto' to fi
WARNING: Setting default language of 'Halikko' to fi
WARNING: Setting default language of 'Halsua' to fi
WARNING: Setting default language of 'Hämeenkoski' to fi
WARNING: Setting default language of 'Hämeenkyrö' to fi
WARNING: Setting default language of 'Hämeenlinna' to fi
WARNING: Setting default language of 'Hämeenlinnan mlk' to fi
WARNING: Setting default language of 'Hamina' to fi
WARNING: Setting default language of 'Hammarland' to fi
WARNING: Setting default language of 'Hankasalmi' to fi
WARNING: Setting default language of 'Hanko' to fi
WARNING: Setting default language of 'Harjavalta' to fi
WARNING: Setting default language of 'Harlu' to fi
WARNING: Setting default language of 'Hartola' to fi
WARNING: Setting default language of 'Hattula' to fi
WARNING: Setting default language of 'Hauho' to fi
WARNING: Setting default language of 'Haukipudas' to fi
WARNING: Setting default language of 'Haukivuori' to fi
WARNING: Setting default language of 'Hausjärvi' to fi
WARNING: Setting default language of 'Heinävesi' to fi
WARNING: Setting default language of 'Heinjoki' to fi
WARNING: Setting default language of 'Heinola' to fi
WARNING: Setting default language of 'Heinolan mlk' to fi
WARNING: Setting default language of 'Helsingin mlk' to fi
WARNING: Setting default language of 'Helsinki' to fi
WARNING: Setting default language of 'Hiitola' to fi
WARNING: Setting default language of 'Hiittinen' to fi
WARNING: Setting default language of 'Himanka' to fi
WARNING: Setting default language of 'Hinnerjoki' to fi
WARNING: Setting default language of 'Hirvensalmi' to fi
WARNING: Setting default language of 'Hollola' to fi
WARNING: Setting default language of 'Hongonjoki' to fi
WARNING: Setting default language of 'Honkajoki' to fi
WARNING: Setting default language of 'Honkilahti' to fi
WARNING: Setting default language of 'Houtskari' to fi
WARNING: Setting default language of 'Huittinen' to fi
WARNING: Setting default language of 'Humppila' to fi
WARNING: Setting default language of 'Huopalahti' to fi
WARNING: Setting default language of 'Hyrynsalmi' to fi
WARNING: Setting default language of 'Hyvinkää' to fi
WARNING: Setting default language of 'Hyvinkään mlk' to fi
WARNING: Setting default language of 'Ii' to fi
WARNING: Setting default language of 'Iisalmen mlk' to fi
WARNING: Setting default language of 'Iisalmi' to fi
WARNING: Setting default language of 'Iitti' to fi
WARNING: Setting default language of 'Ikaalinen' to fi
WARNING: Setting default language of 'Ikaalisten mlk' to fi
WARNING: Setting default language of 'Ilmajoki' to fi
WARNING: Setting default language of 'Ilomantsi' to fi
WARNING: Setting default language of 'Imatra' to fi
WARNING: Setting default language of 'Impilahti' to fi
WARNING: Setting default language of 'Inari' to fi
WARNING: Setting default language of 'Iniö' to fi
WARNING: Setting default language of 'Inkoo' to fi
WARNING: Setting default language of 'Isojoki' to fi
WARNING: Setting default language of 'Isokyrö' to fi
WARNING: Setting default language of 'Jaakkima' to fi
WARNING: Setting default language of 'Jaala' to fi
WARNING: Setting default language of 'Jääski' to fi
WARNING: Setting default language of 'Jalasjärvi' to fi
WARNING: Setting default language of 'Jämijärvi' to fi
WARNING: Setting default language of 'Jämsä' to fi
WARNING: Setting default language of 'Jämsänkoski' to fi
WARNING: Setting default language of 'Janakkala' to fi
WARNING: Setting default language of 'Jäppilä' to fi
WARNING: Setting default language of 'Järvenpää' to fi
WARNING: Setting default language of 'Jepua' to fi
WARNING: Setting default language of 'Joensuu' to fi
WARNING: Setting default language of 'Johannes' to fi
WARNING: Setting default language of 'Jokioinen' to fi
WARNING: Setting default language of 'Jomala' to fi
WARNING: Setting default language of 'Joroinen' to fi
WARNING: Setting default language of 'Joutsa' to fi
WARNING: Setting default language of 'Joutseno' to fi
WARNING: Setting default language of 'Juankoski' to fi
WARNING: Setting default language of 'Jurva' to fi
WARNING: Setting default language of 'Juuka' to fi
WARNING: Setting default language of 'Juupajoki' to fi
WARNING: Setting default language of 'Juva' to fi
WARNING: Setting default language of 'Jyväskylä' to fi
WARNING: Setting default language of 'Jyväskylän mlk' to fi
WARNING: Setting default language of 'Kaarina' to fi
WARNING: Setting default language of 'Kaarlela' to fi
WARNING: Setting default language of 'Kaavi' to fi
WARNING: Setting default language of 'Kajaani' to fi
WARNING: Setting default language of 'Kajaanin mlk' to fi
WARNING: Setting default language of 'Käkisalmen mlk' to fi
WARNING: Setting default language of 'Käkisalmi' to fi
WARNING: Setting default language of 'Kakskerta' to fi
WARNING: Setting default language of 'Kalajoki' to fi
WARNING: Setting default language of 'Kalanti' to fi
WARNING: Setting default language of 'Kälviä' to fi
WARNING: Setting default language of 'Kalvola' to fi
WARNING: Setting default language of 'Kangasala' to fi
WARNING: Setting default language of 'Kangaslampi' to fi
WARNING: Setting default language of 'Kangasniemi' to fi
WARNING: Setting default language of 'Kankaanpää' to fi
WARNING: Setting default language of 'Kanneljärvi' to fi
WARNING: Setting default language of 'Kannonkoski' to fi
WARNING: Setting default language of 'Kannus' to fi
WARNING: Setting default language of 'Karhula' to fi
WARNING: Setting default language of 'Karijoki' to fi
WARNING: Setting default language of 'Karinainen' to fi
WARNING: Setting default language of 'Karjaa' to fi
WARNING: Setting default language of 'Karjaan mlk' to fi
WARNING: Setting default language of 'Karjala' to fi
WARNING: Setting default language of 'Karjalohja' to fi
WARNING: Setting default language of 'Karkkila' to fi
WARNING: Setting default language of 'Karkku' to fi
WARNING: Setting default language of 'Kärkölä' to fi
WARNING: Setting default language of 'Kärsämäki' to fi
WARNING: Setting default language of 'Karstula' to fi
WARNING: Setting default language of 'Karttula' to fi
WARNING: Setting default language of 'Karuna' to fi
WARNING: Setting default language of 'Karunki' to fi
WARNING: Setting default language of 'Karvia' to fi
WARNING: Setting default language of 'Kaskinen' to fi
WARNING: Setting default language of 'Kauhajoki' to fi
WARNING: Setting default language of 'Kauhava' to fi
WARNING: Setting default language of 'Kaukola' to fi
WARNING: Setting default language of 'Kauniainen' to fi
WARNING: Setting default language of 'Kaustinen' to fi
WARNING: Setting default language of 'Kauvatsa' to fi
WARNING: Setting default language of 'Keikyä' to fi
WARNING: Setting default language of 'Keitele' to fi
WARNING: Setting default language of 'Kemi' to fi
WARNING: Setting default language of 'Kemijärven mlk' to fi
WARNING: Setting default language of 'Kemijärvi' to fi
WARNING: Setting default language of 'Kemin mlk' to fi
WARNING: Setting default language of 'Keminmaa' to fi
WARNING: Setting default language of 'Kemiö' to fi
WARNING: Setting default language of 'Kemiönsaari' to fi
WARNING: Setting default language of 'Kempele' to fi
WARNING: Setting default language of 'Kerava' to fi
WARNING: Setting default language of 'Kerimäki' to fi
WARNING: Setting default language of 'Kesälahti' to fi
WARNING: Setting default language of 'Kestilä' to fi
WARNING: Setting default language of 'Keuruu' to fi
WARNING: Setting default language of 'Kihniö' to fi
WARNING: Setting default language of 'Kiihtelysvaara' to fi
WARNING: Setting default language of 'Kiikala' to fi
WARNING: Setting default language of 'Kiikka' to fi
WARNING: Setting default language of 'Kiikoinen' to fi
WARNING: Setting default language of 'Kiiminki' to fi
WARNING: Setting default language of 'Kinnula' to fi
WARNING: Setting default language of 'Kirkkonummi' to fi
WARNING: Setting default language of 'Kirvu' to fi
WARNING: Setting default language of 'Kisko' to fi
WARNING: Setting default language of 'Kitee' to fi
WARNING: Setting default language of 'Kittilä' to fi
WARNING: Setting default language of 'Kiukainen' to fi
WARNING: Setting default language of 'Kiuruvesi' to fi
WARNING: Setting default language of 'Kivennapa' to fi
WARNING: Setting default language of 'Kivijärvi' to fi
WARNING: Setting default language of 'Kodisjoki' to fi
WARNING: Setting default language of 'Koijärvi' to fi
WARNING: Setting default language of 'Koivisto' to fi
WARNING: Setting default language of 'Koiviston mlk' to fi
WARNING: Setting default language of 'Koivulahti' to fi
WARNING: Setting default language of 'Kökar' to fi
WARNING: Setting default language of 'Kokemäki' to fi
WARNING: Setting default language of 'Kokkola' to fi
WARNING: Setting default language of 'Kokkolan mlk' to fi
WARNING: Setting default language of 'Kolari' to fi
WARNING: Setting default language of 'Konginkangas' to fi
WARNING: Setting default language of 'Konnevesi' to fi
WARNING: Setting default language of 'Kontiolahti' to fi
WARNING: Setting default language of 'Korpilahti' to fi
WARNING: Setting default language of 'Korpiselkä' to fi
WARNING: Setting default language of 'Korppoo' to fi
WARNING: Setting default language of 'Korsnäs' to fi
WARNING: Setting default language of 'Kortesjärvi' to fi
WARNING: Setting default language of 'Koskenpää' to fi
WARNING: Setting default language of 'Koski Hl.' to fi
WARNING: Setting default language of 'Koski Tl.' to fi
WARNING: Setting default language of 'Kotka' to fi
WARNING: Setting default language of 'Kouvola' to fi
WARNING: Setting default language of 'Kovero' to fi
WARNING: Setting default language of 'Köyliö' to fi
WARNING: Setting default language of 'Kristiinankaupungin mlk' to fi
WARNING: Setting default language of 'Kristiinankaupunki' to fi
WARNING: Setting default language of 'Kruunupyy' to fi
WARNING: Setting default language of 'Kuhmalahti' to fi
WARNING: Setting default language of 'Kuhmo' to fi
WARNING: Setting default language of 'Kuhmoinen' to fi
WARNING: Setting default language of 'Kuhmoniemi' to fi
WARNING: Setting default language of 'Kuivaniemi' to fi
WARNING: Setting default language of 'Kullaa' to fi
WARNING: Setting default language of 'Kulosaaren hk' to fi
WARNING: Setting default language of 'Kumlinge' to fi
WARNING: Setting default language of 'Kuolajärvi' to fi
WARNING: Setting default language of 'Kuolemajärvi' to fi
WARNING: Setting default language of 'Kuopio' to fi
WARNING: Setting default language of 'Kuopion mlk' to fi
WARNING: Setting default language of 'Kuorevesi' to fi
WARNING: Setting default language of 'Kuortane' to fi
WARNING: Setting default language of 'Kurikka' to fi
WARNING: Setting default language of 'Kurkijoki' to fi
WARNING: Setting default language of 'Kuru' to fi
WARNING: Setting default language of 'Kustavi' to fi
WARNING: Setting default language of 'Kuusamo' to fi
WARNING: Setting default language of 'Kuusankoski' to fi
WARNING: Setting default language of 'Kuusisto' to fi
WARNING: Setting default language of 'Kuusjärvi' to fi
WARNING: Setting default language of 'Kuusjoki' to fi
WARNING: Setting default language of 'Kylmäkoski' to fi
WARNING: Setting default language of 'Kymi' to fi
WARNING: Setting default language of 'Kyyjärvi' to fi
WARNING: Setting default language of 'Kyyrölä' to fi
WARNING: Setting default language of 'Lahdenpohja' to fi
WARNING: Setting default language of 'Lahti' to fi
WARNING: Setting default language of 'Laihia' to fi
WARNING: Setting default language of 'Laitila' to fi
WARNING: Setting default language of 'Lammi' to fi
WARNING: Setting default language of 'Längelmäki' to fi
WARNING: Setting default language of 'Länsi-Turunmaa' to fi
WARNING: Setting default language of 'Lapinjärvi' to fi
WARNING: Setting default language of 'Lapinlahti' to fi
WARNING: Setting default language of 'Lappajärvi' to fi
WARNING: Setting default language of 'Lappee' to fi
WARNING: Setting default language of 'Lappeenranta' to fi
WARNING: Setting default language of 'Lappi' to fi
WARNING: Setting default language of 'Lapua' to fi
WARNING: Setting default language of 'Lapväärtti' to fi
WARNING: Setting default language of 'Laukaa' to fi
WARNING: Setting default language of 'Lauritsala' to fi
WARNING: Setting default language of 'Lavansaari' to fi
WARNING: Setting default language of 'Lavia' to fi
WARNING: Setting default language of 'Lehtimäki' to fi
WARNING: Setting default language of 'Leivonmäki' to fi
WARNING: Setting default language of 'Lemi' to fi
WARNING: Setting default language of 'Lemland' to fi
WARNING: Setting default language of 'Lempäälä' to fi
WARNING: Setting default language of 'Lemu' to fi
WARNING: Setting default language of 'Leppävirta' to fi
WARNING: Setting default language of 'Lestijärvi' to fi
WARNING: Setting default language of 'Lieksa' to fi
WARNING: Setting default language of 'Lieto' to fi
WARNING: Setting default language of 'Liljendal' to fi
WARNING: Setting default language of 'Liminka' to fi
WARNING: Setting default language of 'Liperi' to fi
WARNING: Setting default language of 'Lohja' to fi
WARNING: Setting default language of 'Lohjan kunta' to fi
WARNING: Setting default language of 'Lohjan mlk' to fi
WARNING: Setting default language of 'Lohtaja' to fi
WARNING: Setting default language of 'Loimaa' to fi
WARNING: Setting default language of 'Loimaan kunta' to fi
WARNING: Setting default language of 'Loimaan mlk' to fi
WARNING: Setting default language of 'Lokalahti' to fi
WARNING: Setting default language of 'Loppi' to fi
WARNING: Setting default language of 'Loviisa' to fi
WARNING: Setting default language of 'Luhanka' to fi
WARNING: Setting default language of 'Lumijoki' to fi
WARNING: Setting default language of 'Lumivaara' to fi
WARNING: Setting default language of 'Lumparland' to fi
WARNING: Setting default language of 'Luopioinen' to fi
WARNING: Setting default language of 'Luoto' to fi
WARNING: Setting default language of 'Luumäki' to fi
WARNING: Setting default language of 'Luvia' to fi
WARNING: Setting default language of 'Maalahti' to fi
WARNING: Setting default language of 'Maaninka' to fi
WARNING: Setting default language of 'Maaria' to fi
WARNING: Setting default language of 'Maarianhamina' to fi
WARNING: Setting default language of 'Maksamaa' to fi
WARNING: Setting default language of 'Mäntsälä' to fi
WARNING: Setting default language of 'Mänttä' to fi
WARNING: Setting default language of 'Mänttä-Vilppula' to fi
WARNING: Setting default language of 'Mäntyharju' to fi
WARNING: Setting default language of 'Marttila' to fi
WARNING: Setting default language of 'Masku' to fi
WARNING: Setting default language of 'Mellilä' to fi
WARNING: Setting default language of 'Merijärvi' to fi
WARNING: Setting default language of 'Merikarvia' to fi
WARNING: Setting default language of 'Merimasku' to fi
WARNING: Setting default language of 'Messukylä' to fi
WARNING: Setting default language of 'Metsämaa' to fi
WARNING: Setting default language of 'Metsäpirtti' to fi
WARNING: Setting default language of 'Miehikkälä' to fi
WARNING: Setting default language of 'Mietoinen' to fi
WARNING: Setting default language of 'Mikkeli' to fi
WARNING: Setting default language of 'Mikkelin mlk' to fi
WARNING: Setting default language of 'Mouhijärvi' to fi
WARNING: Setting default language of 'Muhos' to fi
WARNING: Setting default language of 'Multia' to fi
WARNING: Setting default language of 'Munsala' to fi
WARNING: Setting default language of 'Muolaa' to fi
WARNING: Setting default language of 'Muonio' to fi
WARNING: Setting default language of 'Muonionniska' to fi
WARNING: Setting default language of 'Mustasaari' to fi
WARNING: Setting default language of 'Mustio' to fi
WARNING: Setting default language of 'Muurame' to fi
WARNING: Setting default language of 'Muurla' to fi
WARNING: Setting default language of 'Muuruvesi' to fi
WARNING: Setting default language of 'Mynämäki' to fi
WARNING: Setting default language of 'Myrskylä' to fi
WARNING: Setting default language of 'Naantali' to fi
WARNING: Setting default language of 'Naantalin mlk' to fi
WARNING: Setting default language of 'Nakkila' to fi
WARNING: Setting default language of 'Närpiö' to fi
WARNING: Setting default language of 'Nastola' to fi
WARNING: Setting default language of 'Nauvo' to fi
WARNING: Setting default language of 'Nilsiä' to fi
WARNING: Setting default language of 'Nivala' to fi
WARNING: Setting default language of 'Nokia' to fi
WARNING: Setting default language of 'Noormarkku' to fi
WARNING: Setting default language of 'Nousiainen' to fi
WARNING: Setting default language of 'Nuijamaa' to fi
WARNING: Setting default language of 'Nummi' to fi
WARNING: Setting default language of 'Nummi-Pusula' to fi
WARNING: Setting default language of 'Nurmeksen mlk' to fi
WARNING: Setting default language of 'Nurmes' to fi
WARNING: Setting default language of 'Nurmijärvi' to fi
WARNING: Setting default language of 'Nurmo' to fi
WARNING: Setting default language of 'Öja' to fi
WARNING: Setting default language of 'Oravainen' to fi
WARNING: Setting default language of 'Orimattila' to fi
WARNING: Setting default language of 'Oripää' to fi
WARNING: Setting default language of 'Orivesi' to fi
WARNING: Setting default language of 'Oulainen' to fi
WARNING: Setting default language of 'Oulu' to fi
WARNING: Setting default language of 'Oulujoki' to fi
WARNING: Setting default language of 'Oulun mlk' to fi
WARNING: Setting default language of 'Oulunkylä' to fi
WARNING: Setting default language of 'Oulunsalo' to fi
WARNING: Setting default language of 'Outokumpu' to fi
WARNING: Setting default language of 'Paattinen' to fi
WARNING: Setting default language of 'Paavola' to fi
WARNING: Setting default language of 'Padasjoki' to fi
WARNING: Setting default language of 'Paimio' to fi
WARNING: Setting default language of 'Pälkäne' to fi
WARNING: Setting default language of 'Pälkjärvi' to fi
WARNING: Setting default language of 'Paltamo' to fi
WARNING: Setting default language of 'Parainen' to fi
WARNING: Setting default language of 'Paraisten mlk' to fi
WARNING: Setting default language of 'Parikkala' to fi
WARNING: Setting default language of 'Parkano' to fi
WARNING: Setting default language of 'Pattijoki' to fi
WARNING: Setting default language of 'Pedersören kunta' to fi
WARNING: Setting default language of 'Pelkosenniemi' to fi
WARNING: Setting default language of 'Pello' to fi
WARNING: Setting default language of 'Peräseinäjoki' to fi
WARNING: Setting default language of 'Perho' to fi
WARNING: Setting default language of 'Pernaja' to fi
WARNING: Setting default language of 'Perniö' to fi
WARNING: Setting default language of 'Pertteli' to fi
WARNING: Setting default language of 'Perttula' to fi
WARNING: Setting default language of 'Pertunmaa' to fi
WARNING: Setting default language of 'Petäjävesi' to fi
WARNING: Setting default language of 'Petolahti' to fi
WARNING: Setting default language of 'Petsamo' to fi
WARNING: Setting default language of 'Pieksämä' to fi
WARNING: Setting default language of 'Pieksämäen mlk' to fi
WARNING: Setting default language of 'Pieksämäki' to fi
WARNING: Setting default language of 'Pieksämäki_2' to fi
WARNING: Setting default language of 'Pieksänmaa' to fi
WARNING: Setting default language of 'Pielavesi' to fi
WARNING: Setting default language of 'Pielisensuu' to fi
WARNING: Setting default language of 'Pielisjärvi' to fi
WARNING: Setting default language of 'Pietarsaaren mlk' to fi
WARNING: Setting default language of 'Pietarsaari' to fi
WARNING: Setting default language of 'Pihlajavesi' to fi
WARNING: Setting default language of 'Pihtipudas' to fi
WARNING: Setting default language of 'Piikkiö' to fi
WARNING: Setting default language of 'Piippola' to fi
WARNING: Setting default language of 'Pirkkala' to fi
WARNING: Setting default language of 'Pirkkala_2' to fi
WARNING: Setting default language of 'Pirttikylä' to fi
WARNING: Setting default language of 'Pohja' to fi
WARNING: Setting default language of 'Pohjaslahti' to fi
WARNING: Setting default language of 'Pohjois-Pirkkala' to fi
WARNING: Setting default language of 'Polvijärvi' to fi
WARNING: Setting default language of 'Pomarkku' to fi
WARNING: Setting default language of 'Pori' to fi
WARNING: Setting default language of 'Porin mlk' to fi
WARNING: Setting default language of 'Pornainen' to fi
WARNING: Setting default language of 'Porvoo' to fi
WARNING: Setting default language of 'Porvoon mlk' to fi
WARNING: Setting default language of 'Posio' to fi
WARNING: Setting default language of 'Pöytyä' to fi
WARNING: Setting default language of 'Pudasjärvi' to fi
WARNING: Setting default language of 'Pukkila' to fi
WARNING: Setting default language of 'Pulkkila' to fi
WARNING: Setting default language of 'Punkaharju' to fi
WARNING: Setting default language of 'Punkalaidun' to fi
WARNING: Setting default language of 'Puolanka' to fi
WARNING: Setting default language of 'Purmo' to fi
WARNING: Setting default language of 'Pusula' to fi
WARNING: Setting default language of 'Puumala' to fi
WARNING: Setting default language of 'Pyhäjärvi' to fi
WARNING: Setting default language of 'Pyhäjärvi_2' to fi
WARNING: Setting default language of 'Pyhäjärvi Ol.' to fi
WARNING: Setting default language of 'Pyhäjärvi Ul.' to fi
WARNING: Setting default language of 'Pyhäjärvi Vpl.' to fi
WARNING: Setting default language of 'Pyhäjoki' to fi
WARNING: Setting default language of 'Pyhämaa' to fi
WARNING: Setting default language of 'Pyhämaan Luoto' to fi
WARNING: Setting default language of 'Pyhämaan Rohdainen' to fi
WARNING: Setting default language of 'Pyhäntä' to fi
WARNING: Setting default language of 'Pyhäranta' to fi
WARNING: Setting default language of 'Pyhäsalmi' to fi
WARNING: Setting default language of 'Pyhäselkä' to fi
WARNING: Setting default language of 'Pyhtää' to fi
WARNING: Setting default language of 'Pylkönmäki' to fi
WARNING: Setting default language of 'Raahe' to fi
WARNING: Setting default language of 'Rääkkylä' to fi
WARNING: Setting default language of 'Raasepori' to fi
WARNING: Setting default language of 'Raippaluoto' to fi
WARNING: Setting default language of 'Räisälä' to fi
WARNING: Setting default language of 'Raisio' to fi
WARNING: Setting default language of 'Rantasalmi' to fi
WARNING: Setting default language of 'Rantsila' to fi
WARNING: Setting default language of 'Ranua' to fi
WARNING: Setting default language of 'Rauma' to fi
WARNING: Setting default language of 'Rauman mlk' to fi
WARNING: Setting default language of 'Rautalampi' to fi
WARNING: Setting default language of 'Rautavaara' to fi
WARNING: Setting default language of 'Rautio' to fi
WARNING: Setting default language of 'Rautjärvi' to fi
WARNING: Setting default language of 'Rautu' to fi
WARNING: Setting default language of 'Reisjärvi' to fi
WARNING: Setting default language of 'Renko' to fi
WARNING: Setting default language of 'Revonlahti' to fi
WARNING: Setting default language of 'Riihimäki' to fi
WARNING: Setting default language of 'Riistavesi' to fi
WARNING: Setting default language of 'Ristiina' to fi
WARNING: Setting default language of 'Ristijärvi' to fi
WARNING: Setting default language of 'Rovaniemen mlk' to fi
WARNING: Setting default language of 'Rovaniemi' to fi
WARNING: Setting default language of 'Ruokolahti' to fi
WARNING: Setting default language of 'Ruotsinpyhtää' to fi
WARNING: Setting default language of 'Ruovesi' to fi
WARNING: Setting default language of 'Ruskeala' to fi
WARNING: Setting default language of 'Rusko' to fi
WARNING: Setting default language of 'Rutakko' to fi
WARNING: Setting default language of 'Ruukki' to fi
WARNING: Setting default language of 'Rymättylä' to fi
WARNING: Setting default language of 'Sääksmäki' to fi
WARNING: Setting default language of 'Sääminki' to fi
WARNING: Setting default language of 'Saari' to fi
WARNING: Setting default language of 'Saarijärvi' to fi
WARNING: Setting default language of 'Sahalahti' to fi
WARNING: Setting default language of 'Säkkijärvi' to fi
WARNING: Setting default language of 'Sakkola' to fi
WARNING: Setting default language of 'Säkylä' to fi
WARNING: Setting default language of 'Salla' to fi
WARNING: Setting default language of 'Salmi' to fi
WARNING: Setting default language of 'Salo' to fi
WARNING: Setting default language of 'Salo_2' to fi
WARNING: Setting default language of 'Salo (kappeli)' to fi
WARNING: Setting default language of 'Saloinen' to fi
WARNING: Setting default language of 'Saltvik' to fi
WARNING: Setting default language of 'Sammatti' to fi
WARNING: Setting default language of 'Säräisniemi' to fi
WARNING: Setting default language of 'Särkisalo' to fi
WARNING: Setting default language of 'Sastamala' to fi
WARNING: Setting default language of 'Sauvo' to fi
WARNING: Setting default language of 'Savitaipale' to fi
WARNING: Setting default language of 'Savonlinna' to fi
WARNING: Setting default language of 'Savonranta' to fi
WARNING: Setting default language of 'Savukoski' to fi
WARNING: Setting default language of 'Säynätsalo' to fi
WARNING: Setting default language of 'Säyneinen' to fi
WARNING: Setting default language of 'Seinäjoen mlk' to fi
WARNING: Setting default language of 'Seinäjoki' to fi
WARNING: Setting default language of 'Seiskari' to fi
WARNING: Setting default language of 'Sievi' to fi
WARNING: Setting default language of 'Siikainen' to fi
WARNING: Setting default language of 'Siikajoki' to fi
WARNING: Setting default language of 'Siikalatva' to fi
WARNING: Setting default language of 'Siilinjärvi' to fi
WARNING: Setting default language of 'Siipyy' to fi
WARNING: Setting default language of 'Simo' to fi
WARNING: Setting default language of 'Simpele' to fi
WARNING: Setting default language of 'Sipoo' to fi
WARNING: Setting default language of 'Sippola' to fi
WARNING: Setting default language of 'Siuntio' to fi
WARNING: Setting default language of 'Snappertuna' to fi
WARNING: Setting default language of 'Soanlahti' to fi
WARNING: Setting default language of 'Sodankylä' to fi
WARNING: Setting default language of 'Soini' to fi
WARNING: Setting default language of 'Somerniemi' to fi
WARNING: Setting default language of 'Somero' to fi
WARNING: Setting default language of 'Sonkajärvi' to fi
WARNING: Setting default language of 'Sortavala' to fi
WARNING: Setting default language of 'Sortavalan mlk' to fi
WARNING: Setting default language of 'Sotkamo' to fi
WARNING: Setting default language of 'Sottunga' to fi
WARNING: Setting default language of 'Suistamo' to fi
WARNING: Setting default language of 'Sulkava' to fi
WARNING: Setting default language of 'Sulva' to fi
WARNING: Setting default language of 'Sumiainen' to fi
WARNING: Setting default language of 'Sund' to fi
WARNING: Setting default language of 'Suodenniemi' to fi
WARNING: Setting default language of 'Suojärvi' to fi
WARNING: Setting default language of 'Suolahti' to fi
WARNING: Setting default language of 'Suomenniemi' to fi
WARNING: Setting default language of 'Suomusjärvi' to fi
WARNING: Setting default language of 'Suomussalmi' to fi
WARNING: Setting default language of 'Suonenjoki' to fi
WARNING: Setting default language of 'Suoniemi' to fi
WARNING: Setting default language of 'Suursaari' to fi
WARNING: Setting default language of 'Suursaari ja Tytär' to fi
WARNING: Setting default language of 'Sysmä' to fi
WARNING: Setting default language of 'Taipalsaari' to fi
WARNING: Setting default language of 'Taivalkoski' to fi
WARNING: Setting default language of 'Taivassalo' to fi
WARNING: Setting default language of 'Tammela' to fi
WARNING: Setting default language of 'Tammisaaren mlk' to fi
WARNING: Setting default language of 'Tammisaari' to fi
WARNING: Setting default language of 'Tampere' to fi
WARNING: Setting default language of 'Tarvasjoki' to fi
WARNING: Setting default language of 'Teerijärvi' to fi
WARNING: Setting default language of 'Teisko' to fi
WARNING: Setting default language of 'Temmes' to fi
WARNING: Setting default language of 'Tenhola' to fi
WARNING: Setting default language of 'Terijoki' to fi
WARNING: Setting default language of 'Tervo' to fi
WARNING: Setting default language of 'Tervola' to fi
WARNING: Setting default language of 'Teuva' to fi
WARNING: Setting default language of 'Tiukka' to fi
WARNING: Setting default language of 'Tohmajärvi' to fi
WARNING: Setting default language of 'Toholampi' to fi
WARNING: Setting default language of 'Toijala' to fi
WARNING: Setting default language of 'Toivakka' to fi
WARNING: Setting default language of 'Tornio' to fi
WARNING: Setting default language of 'Tottijärvi' to fi
WARNING: Setting default language of 'Töysä' to fi
WARNING: Setting default language of 'Turku' to fi
WARNING: Setting default language of 'Turtola' to fi
WARNING: Setting default language of 'Tuulos' to fi
WARNING: Setting default language of 'Tuupovaara' to fi
WARNING: Setting default language of 'Tuusniemi' to fi
WARNING: Setting default language of 'Tuusula' to fi
WARNING: Setting default language of 'Tyrnävä' to fi
WARNING: Setting default language of 'Tyrvää' to fi
WARNING: Setting default language of 'Tyrväntö' to fi
WARNING: Setting default language of 'Tytärsaari' to fi
WARNING: Setting default language of 'Ullava' to fi
WARNING: Setting default language of 'Ulvila' to fi
WARNING: Setting default language of 'Ulvila_2' to fi
WARNING: Setting default language of 'Urjala' to fi
WARNING: Setting default language of 'Uskela' to fi
WARNING: Setting default language of 'Utajärvi' to fi
WARNING: Setting default language of 'Utsjoki' to fi
WARNING: Setting default language of 'Uudenkaarlepyyn mlk' to fi
WARNING: Setting default language of 'Uudenkaupungin mlk' to fi
WARNING: Setting default language of 'Uukuniemi' to fi
WARNING: Setting default language of 'Uurainen' to fi
WARNING: Setting default language of 'Uusikaarlepyy' to fi
WARNING: Setting default language of 'Uusikaupunki' to fi
WARNING: Setting default language of 'Uusikirkko' to fi
WARNING: Setting default language of 'Uusikirkko Tl.' to fi
WARNING: Setting default language of 'Vaala' to fi
WARNING: Setting default language of 'Vaasa' to fi
WARNING: Setting default language of 'Vähäkyrö' to fi
WARNING: Setting default language of 'Vahto' to fi
WARNING: Setting default language of 'Vahviala' to fi
WARNING: Setting default language of 'Valkeakoski' to fi
WARNING: Setting default language of 'Valkeala' to fi
WARNING: Setting default language of 'Valkjärvi' to fi
WARNING: Setting default language of 'Valtimo' to fi
WARNING: Setting default language of 'Vammala' to fi
WARNING: Setting default language of 'Vampula' to fi
WARNING: Setting default language of 'Vanaja' to fi
WARNING: Setting default language of 'Vantaa' to fi
WARNING: Setting default language of 'Vårdö' to fi
WARNING: Setting default language of 'Varkaus' to fi
WARNING: Setting default language of 'Varpaisjärvi' to fi
WARNING: Setting default language of 'Värtsilä' to fi
WARNING: Setting default language of 'Västanfjärd' to fi
WARNING: Setting default language of 'Vehkalahti' to fi
WARNING: Setting default language of 'Vehmaa' to fi
WARNING: Setting default language of 'Vehmersalmi' to fi
WARNING: Setting default language of 'Velkua' to fi
WARNING: Setting default language of 'Vesanto' to fi
WARNING: Setting default language of 'Vesilahti' to fi
WARNING: Setting default language of 'Vestanfjärd' to fi
WARNING: Setting default language of 'Veteli' to fi
WARNING: Setting default language of 'Vieremä' to fi
WARNING: Setting default language of 'Vihanti' to fi
WARNING: Setting default language of 'Vihti' to fi
WARNING: Setting default language of 'Viiala' to fi
WARNING: Setting default language of 'Viipuri' to fi
WARNING: Setting default language of 'Viipurin mlk' to fi
WARNING: Setting default language of 'Viitasaari' to fi
WARNING: Setting default language of 'Viljakkala' to fi
WARNING: Setting default language of 'Vilppula' to fi
WARNING: Setting default language of 'Vimpeli' to fi
WARNING: Setting default language of 'Virolahti' to fi
WARNING: Setting default language of 'Virrat' to fi
WARNING: Setting default language of 'Virtasalmi' to fi
WARNING: Setting default language of 'Vöyri' to fi
WARNING: Setting default language of 'Vöyri_2' to fi
WARNING: Setting default language of 'Vöyri-Maksamaa' to fi
WARNING: Setting default language of 'Vuoksela' to fi
WARNING: Setting default language of 'Vuoksenranta' to fi
WARNING: Setting default language of 'Vuolijoki' to fi
WARNING: Setting default language of 'Ylämaa' to fi
WARNING: Setting default language of 'Yläne' to fi
WARNING: Setting default language of 'Yli-Ii' to fi
WARNING: Setting default language of 'Ylihärmä' to fi
WARNING: Setting default language of 'Ylikiiminki' to fi
WARNING: Setting default language of 'Ylimarkku' to fi
WARNING: Setting default language of 'Ylistaro' to fi
WARNING: Setting default language of 'Ylitornio' to fi
WARNING: Setting default language of 'Ylivieska' to fi
WARNING: Setting default language of 'Ylöjärvi' to fi
WARNING: Setting default language of 'Ypäjä' to fi
WARNING: Unlabeled concept scheme detected. Use --label option to set the concept scheme label.
INFO: Some concepts not reached in initial cycle detection. Re-checking for loose concepts.
WARNING: Resource http://www.yso.fi/onto/sapo/Akaa has more than one prefLabel@fi: choosing Akaa (policy: shortest)
WARNING: Resource http://www.yso.fi/onto/sapo/Degerby has more than one prefLabel@fi: choosing Degerby (policy: shortest)
WARNING: Resource http://www.yso.fi/onto/sapo/Pieksamaki has more than one prefLabel@fi: choosing Pieksämäki (policy: shortest)
WARNING: Resource http://www.yso.fi/onto/sapo/Pirkkala has more than one prefLabel@fi: choosing Pirkkala (policy: shortest)
WARNING: Resource http://www.yso.fi/onto/sapo/Pyhajarvi has more than one prefLabel@fi: choosing Pyhäjärvi (policy: shortest)
WARNING: Resource http://www.yso.fi/onto/sapo/Salo has more than one prefLabel@fi: choosing Salo (policy: shortest)
WARNING: Resource http://www.yso.fi/onto/sapo/Ulvila has more than one prefLabel@fi: choosing Ulvila (policy: shortest)
WARNING: Resource http://www.yso.fi/onto/sapo/Voyri has more than one prefLabel@fi: choosing Vöyri (policy: shortest)
