Ruotsinkieliset:

Nimelle Barn ei löytynyt id-numeroa muutoslokista.
Nimelle förekomst = esiintyminen ei löytynyt id-numeroa muutoslokista.
Nimelle kvinnliga detektiver ei löytynyt id-numeroa muutoslokista.
Nimelle riksor ei löytynyt id-numeroa muutoslokista.
Nimelle synvinkel / synpunkt ei löytynyt id-numeroa muutoslokista.
Nimelle videokonst ei löytynyt id-numeroa muutoslokista.
Nimelle litteraturrecensioner ei löytynyt id-numeroa muutoslokista.
Nimelle filmrecensioner ei löytynyt id-numeroa muutoslokista.
Nimelle konstrecensioner ei löytynyt id-numeroa muutoslokista.
Nimelle recensioner ei löytynyt id-numeroa muutoslokista.
Nimelle teaterrecensioner ei löytynyt id-numeroa muutoslokista.
Nimelle videorecensioner ei löytynyt id-numeroa muutoslokista.
Nimelle dagstidningar ei löytynyt id-numeroa muutoslokista.
Nimelle ritsagor ei löytynyt id-numeroa muutoslokista.
Nimelle sjukdomsberättelser ei löytynyt id-numeroa muutoslokista.
Nimelle böcker med miniatyrmodeller ei löytynyt id-numeroa muutoslokista.
Nimelle dramatik ei löytynyt id-numeroa muutoslokista.
Nimelle konventionell litteratur ei löytynyt id-numeroa muutoslokista.
Nimelle bokserier ei löytynyt id-numeroa muutoslokista.
Nimelle elekroniska publikationer ei löytynyt id-numeroa muutoslokista.
Nimelle episkt skådespel ei löytynyt id-numeroa muutoslokista.
Nimelle aristoteliskt skådespel ei löytynyt id-numeroa muutoslokista.
Nimelle Bauhaus ei löytynyt id-numeroa muutoslokista.
Nimelle uppgivenhet ei löytynyt id-numeroa muutoslokista.
Nimelle hastighet / snabbhet ei löytynyt id-numeroa muutoslokista.
Nimelle engangemang in arbetet ei löytynyt id-numeroa muutoslokista.
Nimelle bortfall tagits bort ei löytynyt id-numeroa muutoslokista.
Nimelle partnerskap tagits bort från Bella ei löytynyt id-numeroa muutoslokista.
Nimelle splatterfilmer ei löytynyt id-numeroa muutoslokista.
Nimelle livskraft / vitalitet ei löytynyt id-numeroa muutoslokista.
Nimelle antikhandalre ei löytynyt id-numeroa muutoslokista.
Nimelle inbillningförmåga ei löytynyt id-numeroa muutoslokista.
Nimelle TV-skådespelare ei löytynyt id-numeroa muutoslokista.
Nimelle mötande / möte ei löytynyt id-numeroa muutoslokista.
Nimelle kriminateknisk undersökning ei löytynyt id-numeroa muutoslokista.
Nimelle Helsingfors-identitet Ttema) ei löytynyt id-numeroa muutoslokista.
Nimelle sanndrömar ei löytynyt id-numeroa muutoslokista.
Nimelle reality-TV ei löytynyt id-numeroa muutoslokista.
Nimelle Münchausens syndrom ei löytynyt id-numeroa muutoslokista.
Nimelle hungerstrejk ei löytynyt id-numeroa muutoslokista.
Nimelle hundraårskriger ei löytynyt id-numeroa muutoslokista.
Nimelle cancerbehandling ei löytynyt id-numeroa muutoslokista.
Nimelle Tammerfors -- identitet ei löytynyt id-numeroa muutoslokista.
Nimelle karusellit ei löytynyt id-numeroa muutoslokista.
Nimelle TV-journalister ei löytynyt id-numeroa muutoslokista.
Nimelle TV-redaktörer ei löytynyt id-numeroa muutoslokista.
Nimelle frälsning / räddning ei löytynyt id-numeroa muutoslokista.
Nimelle magiska föremål / fetischer ei löytynyt id-numeroa muutoslokista.
Nimelle matrirkalitet ei löytynyt id-numeroa muutoslokista.
Nimelle plagionti ei löytynyt id-numeroa muutoslokista.
Nimelle serieberätteleser ei löytynyt id-numeroa muutoslokista.
Nimelle mobilsspel ei löytynyt id-numeroa muutoslokista.
Nimelle TV-serier för barn ei löytynyt id-numeroa muutoslokista.
Nimelle erotiska TV-serier ei löytynyt id-numeroa muutoslokista.
Nimelle historiska TV-serier ei löytynyt id-numeroa muutoslokista.
Nimelle romantiska TV-serier ei löytynyt id-numeroa muutoslokista.
Nimelle TV-serier för ungdomar ei löytynyt id-numeroa muutoslokista.
Nimelle ritsagor ei löytynyt id-numeroa muutoslokista.
Nimelle tvetydighet ei löytynyt id-numeroa muutoslokista.
Nimelle spelfilmer tagits bort från Bella ei löytynyt id-numeroa muutoslokista.
Nimelle TV-serier ei löytynyt id-numeroa muutoslokista.
Nimelle tigande / mållöshet ei löytynyt id-numeroa muutoslokista.
Nimelle kafeér ei löytynyt id-numeroa muutoslokista.
Nimelle oärlighet ET: ohederlighet ei löytynyt id-numeroa muutoslokista.
Nimelle Allärs-länkning till ONKI ei löytynyt id-numeroa muutoslokista.
Nimelle imaginarism ei löytynyt id-numeroa muutoslokista.
Nimelle estetiska ei löytynyt id-numeroa muutoslokista.
Nimelle efterapning ei löytynyt id-numeroa muutoslokista.
Nimelle familjeliv -- kriser ei löytynyt id-numeroa muutoslokista.
Nimelle äventyrsserier -- humor ei löytynyt id-numeroa muutoslokista.
Nimelle familjeuppfattningar ei löytynyt id-numeroa muutoslokista.
Nimelle patientstöd ei löytynyt id-numeroa muutoslokista.
Nimelle kriisstater ei löytynyt id-numeroa muutoslokista.
Nimelle spagettiwestern ei löytynyt id-numeroa muutoslokista.
Nimelle grundtrygghet -- psykologi ei löytynyt id-numeroa muutoslokista.
Nimelle från grupp Tema till grupp Miljö ei löytynyt id-numeroa muutoslokista.
Nimelle finanssektorn ei löytynyt id-numeroa muutoslokista.
Nimelle avvisning ur landet ei löytynyt id-numeroa muutoslokista.
Nimelle ställföreträdande traumatisering ei löytynyt id-numeroa muutoslokista.
Nimelle Termgrupp Ö används inte mera ei löytynyt id-numeroa muutoslokista.
Nimelle Termer från grupp Ö till grupp G ei löytynyt id-numeroa muutoslokista.
Nimelle Ö-termer tagits bort ei löytynyt id-numeroa muutoslokista.
Nimelle upphävande -- återkalla ei löytynyt id-numeroa muutoslokista.
Nimelle mantran ei löytynyt id-numeroa muutoslokista.
Nimelle stämningar -- juridik ei löytynyt id-numeroa muutoslokista.
Nimelle finansieringsbranschen ei löytynyt id-numeroa muutoslokista.
Nimelle identitet -- juridik ei löytynyt id-numeroa muutoslokista.
Nimelle konsumtionssamhälle ei löytynyt id-numeroa muutoslokista.
Nimelle rörelseförmåga ei löytynyt id-numeroa muutoslokista.
Nimelle Ordgrupp G ei löytynyt id-numeroa muutoslokista.
Nimelle före detta partners ei löytynyt id-numeroa muutoslokista.
Nimelle kulning ei löytynyt id-numeroa muutoslokista.
Nimelle känslighet ei löytynyt id-numeroa muutoslokista.
Nimelle TV-program ei löytynyt id-numeroa muutoslokista.
Nimelle industrisamhälle -- sociologi ei löytynyt id-numeroa muutoslokista.
Nimelle industrisamhällen -- fabrikssamhällen ei löytynyt id-numeroa muutoslokista.
Nimelle realitets-TV ei löytynyt id-numeroa muutoslokista.
Nimelle värden efter en katastrof ei löytynyt id-numeroa muutoslokista.
Nimelle skärselden ei löytynyt id-numeroa muutoslokista.
Nimelle val -- psykologi ei löytynyt id-numeroa muutoslokista.
Nimelle hotelser ei löytynyt id-numeroa muutoslokista.
Nimelle snabbmatsställen ei löytynyt id-numeroa muutoslokista.
Nimelle ny roman ei löytynyt id-numeroa muutoslokista.
Nimelle animilitarism ei löytynyt id-numeroa muutoslokista.
Nimelle skogsbrand ei löytynyt id-numeroa muutoslokista.
Nimelle färdsätt ei löytynyt id-numeroa muutoslokista.
Nimelle skogsbröderna ei löytynyt id-numeroa muutoslokista.
Nimelle ovllighet ei löytynyt id-numeroa muutoslokista.
Nimelle rehabilitanter ei löytynyt id-numeroa muutoslokista.
Nimelle skogsbröderna ei löytynyt id-numeroa muutoslokista.
Nimelle sundhet ei löytynyt id-numeroa muutoslokista.
Nimelle utbytesstudenter ei löytynyt id-numeroa muutoslokista.
Nimelle sjukdomsberättelser ei löytynyt id-numeroa muutoslokista.
Nimelle försoning - - känslor ei löytynyt id-numeroa muutoslokista.
Nimelle keikkor ei löytynyt id-numeroa muutoslokista.
Nimelle änklingsstånd ei löytynyt id-numeroa muutoslokista.
Nimelle änkestånd ei löytynyt id-numeroa muutoslokista.
Nimelle omedveten ei löytynyt id-numeroa muutoslokista.
Nimelle möhippa ei löytynyt id-numeroa muutoslokista.
Nimelle förlikningsförande ei löytynyt id-numeroa muutoslokista.
Nimelle egoism / själviskhet ei löytynyt id-numeroa muutoslokista.

Suomenkieliset:

Nimelle Lapset ei löytynyt id-numeroa muutoslokista.
Nimelle esiintyminen = förekomst ei löytynyt id-numeroa muutoslokista.
Nimelle toimistot, toimipaikat ei löytynyt id-numeroa muutoslokista.
Nimelle yksityisetsivät -- naiset ei löytynyt id-numeroa muutoslokista.
Nimelle videotaide ei löytynyt id-numeroa muutoslokista.
Nimelle arvostelut ei löytynyt id-numeroa muutoslokista.
Nimelle kirja-arvostelut ei löytynyt id-numeroa muutoslokista.
Nimelle taidearvostelut ei löytynyt id-numeroa muutoslokista.
Nimelle teatteriarvostelut ei löytynyt id-numeroa muutoslokista.
Nimelle videoarvostelut ei löytynyt id-numeroa muutoslokista.
Nimelle sanomalehdet ei löytynyt id-numeroa muutoslokista.
Nimelle pienoismallikirjat ei löytynyt id-numeroa muutoslokista.
Nimelle näytelmäkirjallisuus ei löytynyt id-numeroa muutoslokista.
Nimelle konventionaalinen kirjallisuus ei löytynyt id-numeroa muutoslokista.
Nimelle kirjasarjat ei löytynyt id-numeroa muutoslokista.
Nimelle sähköiset julkaisut ei löytynyt id-numeroa muutoslokista.
Nimelle elektroniset julkaisut ei löytynyt id-numeroa muutoslokista.
Nimelle eeppinen näytelmä ei löytynyt id-numeroa muutoslokista.
Nimelle aristoteelinen näytelmä ei löytynyt id-numeroa muutoslokista.
Nimelle Bauhaus ei löytynyt id-numeroa muutoslokista.
Nimelle lumeavioliitto / kulissiavioliitto ei löytynyt id-numeroa muutoslokista.
Nimelle jatkokirjat ei löytynyt id-numeroa muutoslokista.
Nimelle Münchausenin oireyhtymä ei löytynyt id-numeroa muutoslokista.
Nimelle näytelmäelokuvat poistettu Kaunokista ei löytynyt id-numeroa muutoslokista.
Nimelle seksuaaliset fantasat ei löytynyt id-numeroa muutoslokista.
Nimelle punaiset -- kansalaissota ei löytynyt id-numeroa muutoslokista.
Nimelle valkoiset -- kansalaissota ei löytynyt id-numeroa muutoslokista.
Nimelle nuoristalot ei löytynyt id-numeroa muutoslokista.
Nimelle YSA-linkitys ONKI-palvelimelle ei löytynyt id-numeroa muutoslokista.
Nimelle ongelmapelaamiminen ei löytynyt id-numeroa muutoslokista.
Nimelle perhe-elämä -- kriisit ei löytynyt id-numeroa muutoslokista.
Nimelle seikkailusarjakuvat -- huumori ei löytynyt id-numeroa muutoslokista.
Nimelle kaupunkimatkat ei löytynyt id-numeroa muutoslokista.
Nimelle omatoimimatkat ei löytynyt id-numeroa muutoslokista.
Nimelle Rymästä Teema ryhmään Paikka ei löytynyt id-numeroa muutoslokista.
Nimelle yhteiskunnallisett runot ei löytynyt id-numeroa muutoslokista.
Nimelle Sanaryhmä Muut poistettu käytöstä ei löytynyt id-numeroa muutoslokista.
Nimelle Muut-ryhmän sanoja Genre-ryhmään ei löytynyt id-numeroa muutoslokista.
Nimelle Muut-ryhmän termejä poistettu ei löytynyt id-numeroa muutoslokista.
Nimelle rikoksen uusinta ei löytynyt id-numeroa muutoslokista.
Nimelle vartointi ei löytynyt id-numeroa muutoslokista.
Nimelle haasteet -- oikeustiede ei löytynyt id-numeroa muutoslokista.
Nimelle sukupuolisuus ei löytynyt id-numeroa muutoslokista.
Nimelle Sanaryhmä G ei löytynyt id-numeroa muutoslokista.
Nimelle sovintomenettely ei löytynyt id-numeroa muutoslokista.
