INFO: Don't know what to do with type http://purl.org/iso25964/skos-thes#ConceptGroup
INFO: Don't know what to do with type http://www.yso.fi/onto/kaunokki-meta/Concept
INFO: Don't know what to do with type http://www.yso.fi/onto/kaunokki-meta/ConceptGroup
INFO: Don't know what to do with type http://www.yso.fi/onto/kaunokki-meta/deprecatedConcept
INFO: Don't know what to do with literal http://purl.org/dc/terms/created
INFO: Don't know what to do with literal http://purl.org/dc/terms/modified
INFO: Don't know what to do with relation http://purl.org/dc/terms/isReplacedBy
WARNING: Concept scheme has no label(s). Use --label option to set the concept scheme label.
INFO: Some concepts not reached in initial cycle detection. Re-checking for loose concepts.
WARNING: Concepts http://urn.fi/URN:NBN:fi:au:kaunokki:44498 and http://urn.fi/URN:NBN:fi:au:kaunokki:46888 connected by both skos:broaderTransitive and skos:related, removing skos:related
WARNING: Concepts http://urn.fi/URN:NBN:fi:au:kaunokki:47569 and http://urn.fi/URN:NBN:fi:au:kaunokki:46836 connected by both skos:broaderTransitive and skos:related, removing skos:related
WARNING: Concepts http://urn.fi/URN:NBN:fi:au:kaunokki:52277 and http://urn.fi/URN:NBN:fi:au:kaunokki:45658 connected by both skos:broaderTransitive and skos:related, removing skos:related
WARNING: Eliminating redundant hierarchical relationship: http://urn.fi/URN:NBN:fi:au:kaunokki:42018 skos:broader http://urn.fi/URN:NBN:fi:au:kaunokki:43203
WARNING: Eliminating redundant hierarchical relationship: http://urn.fi/URN:NBN:fi:au:kaunokki:42018 skos:broader http://urn.fi/URN:NBN:fi:au:kaunokki:46870
WARNING: Eliminating redundant hierarchical relationship: http://urn.fi/URN:NBN:fi:au:kaunokki:42043 skos:broader http://urn.fi/URN:NBN:fi:au:kaunokki:42441
WARNING: Eliminating redundant hierarchical relationship: http://urn.fi/URN:NBN:fi:au:kaunokki:42097 skos:broader http://urn.fi/URN:NBN:fi:au:kaunokki:42167
WARNING: Eliminating redundant hierarchical relationship: http://urn.fi/URN:NBN:fi:au:kaunokki:42111 skos:broader http://urn.fi/URN:NBN:fi:au:kaunokki:42167
WARNING: Eliminating redundant hierarchical relationship: http://urn.fi/URN:NBN:fi:au:kaunokki:42210 skos:broader http://urn.fi/URN:NBN:fi:au:kaunokki:46693
WARNING: Eliminating redundant hierarchical relationship: http://urn.fi/URN:NBN:fi:au:kaunokki:42240 skos:broader http://urn.fi/URN:NBN:fi:au:kaunokki:42167
WARNING: Eliminating redundant hierarchical relationship: http://urn.fi/URN:NBN:fi:au:kaunokki:42323 skos:broader http://urn.fi/URN:NBN:fi:au:kaunokki:43752
WARNING: Eliminating redundant hierarchical relationship: http://urn.fi/URN:NBN:fi:au:kaunokki:42365 skos:broader http://urn.fi/URN:NBN:fi:au:kaunokki:43107
WARNING: Eliminating redundant hierarchical relationship: http://urn.fi/URN:NBN:fi:au:kaunokki:42381 skos:broader http://urn.fi/URN:NBN:fi:au:kaunokki:42167
WARNING: Eliminating redundant hierarchical relationship: http://urn.fi/URN:NBN:fi:au:kaunokki:42412 skos:broader http://urn.fi/URN:NBN:fi:au:kaunokki:43121
WARNING: Eliminating redundant hierarchical relationship: http://urn.fi/URN:NBN:fi:au:kaunokki:42430 skos:broader http://urn.fi/URN:NBN:fi:au:kaunokki:42839
WARNING: Eliminating redundant hierarchical relationship: http://urn.fi/URN:NBN:fi:au:kaunokki:42430 skos:broader http://urn.fi/URN:NBN:fi:au:kaunokki:43719
WARNING: Eliminating redundant hierarchical relationship: http://urn.fi/URN:NBN:fi:au:kaunokki:42430 skos:broader http://urn.fi/URN:NBN:fi:au:kaunokki:47832
WARNING: Eliminating redundant hierarchical relationship: http://urn.fi/URN:NBN:fi:au:kaunokki:42472 skos:broader http://urn.fi/URN:NBN:fi:au:kaunokki:42167
WARNING: Eliminating redundant hierarchical relationship: http://urn.fi/URN:NBN:fi:au:kaunokki:42534 skos:broader http://urn.fi/URN:NBN:fi:au:kaunokki:43641
WARNING: Eliminating redundant hierarchical relationship: http://urn.fi/URN:NBN:fi:au:kaunokki:42535 skos:broader http://urn.fi/URN:NBN:fi:au:kaunokki:42955
WARNING: Eliminating redundant hierarchical relationship: http://urn.fi/URN:NBN:fi:au:kaunokki:42589 skos:broader http://urn.fi/URN:NBN:fi:au:kaunokki:42167
WARNING: Eliminating redundant hierarchical relationship: http://urn.fi/URN:NBN:fi:au:kaunokki:42615 skos:broader http://urn.fi/URN:NBN:fi:au:kaunokki:42167
WARNING: Eliminating redundant hierarchical relationship: http://urn.fi/URN:NBN:fi:au:kaunokki:42617 skos:broader http://urn.fi/URN:NBN:fi:au:kaunokki:42762
WARNING: Eliminating redundant hierarchical relationship: http://urn.fi/URN:NBN:fi:au:kaunokki:42617 skos:broader http://urn.fi/URN:NBN:fi:au:kaunokki:48492
WARNING: Eliminating redundant hierarchical relationship: http://urn.fi/URN:NBN:fi:au:kaunokki:42618 skos:broader http://urn.fi/URN:NBN:fi:au:kaunokki:42167
WARNING: Eliminating redundant hierarchical relationship: http://urn.fi/URN:NBN:fi:au:kaunokki:42705 skos:broader http://urn.fi/URN:NBN:fi:au:kaunokki:42343
WARNING: Eliminating redundant hierarchical relationship: http://urn.fi/URN:NBN:fi:au:kaunokki:42729 skos:broader http://urn.fi/URN:NBN:fi:au:kaunokki:42167
WARNING: Eliminating redundant hierarchical relationship: http://urn.fi/URN:NBN:fi:au:kaunokki:42745 skos:broader http://urn.fi/URN:NBN:fi:au:kaunokki:42167
WARNING: Eliminating redundant hierarchical relationship: http://urn.fi/URN:NBN:fi:au:kaunokki:42798 skos:broader http://urn.fi/URN:NBN:fi:au:kaunokki:42839
WARNING: Eliminating redundant hierarchical relationship: http://urn.fi/URN:NBN:fi:au:kaunokki:42798 skos:broader http://urn.fi/URN:NBN:fi:au:kaunokki:43719
WARNING: Eliminating redundant hierarchical relationship: http://urn.fi/URN:NBN:fi:au:kaunokki:42798 skos:broader http://urn.fi/URN:NBN:fi:au:kaunokki:47832
WARNING: Eliminating redundant hierarchical relationship: http://urn.fi/URN:NBN:fi:au:kaunokki:42907 skos:broader http://urn.fi/URN:NBN:fi:au:kaunokki:42167
WARNING: Eliminating redundant hierarchical relationship: http://urn.fi/URN:NBN:fi:au:kaunokki:42908 skos:broader http://urn.fi/URN:NBN:fi:au:kaunokki:42167
WARNING: Eliminating redundant hierarchical relationship: http://urn.fi/URN:NBN:fi:au:kaunokki:42908 skos:broader http://urn.fi/URN:NBN:fi:au:kaunokki:42168
WARNING: Eliminating redundant hierarchical relationship: http://urn.fi/URN:NBN:fi:au:kaunokki:43005 skos:broader http://urn.fi/URN:NBN:fi:au:kaunokki:42167
WARNING: Eliminating redundant hierarchical relationship: http://urn.fi/URN:NBN:fi:au:kaunokki:43022 skos:broader http://urn.fi/URN:NBN:fi:au:kaunokki:42167
WARNING: Eliminating redundant hierarchical relationship: http://urn.fi/URN:NBN:fi:au:kaunokki:43050 skos:broader http://urn.fi/URN:NBN:fi:au:kaunokki:43203
WARNING: Eliminating redundant hierarchical relationship: http://urn.fi/URN:NBN:fi:au:kaunokki:43050 skos:broader http://urn.fi/URN:NBN:fi:au:kaunokki:46870
WARNING: Eliminating redundant hierarchical relationship: http://urn.fi/URN:NBN:fi:au:kaunokki:43124 skos:broader http://urn.fi/URN:NBN:fi:au:kaunokki:43060
WARNING: Eliminating redundant hierarchical relationship: http://urn.fi/URN:NBN:fi:au:kaunokki:43156 skos:broader http://urn.fi/URN:NBN:fi:au:kaunokki:42167
WARNING: Eliminating redundant hierarchical relationship: http://urn.fi/URN:NBN:fi:au:kaunokki:43187 skos:broader http://urn.fi/URN:NBN:fi:au:kaunokki:42167
WARNING: Eliminating redundant hierarchical relationship: http://urn.fi/URN:NBN:fi:au:kaunokki:43269 skos:broader http://urn.fi/URN:NBN:fi:au:kaunokki:42167
WARNING: Eliminating redundant hierarchical relationship: http://urn.fi/URN:NBN:fi:au:kaunokki:43278 skos:broader http://urn.fi/URN:NBN:fi:au:kaunokki:43203
WARNING: Eliminating redundant hierarchical relationship: http://urn.fi/URN:NBN:fi:au:kaunokki:43288 skos:broader http://urn.fi/URN:NBN:fi:au:kaunokki:42167
WARNING: Eliminating redundant hierarchical relationship: http://urn.fi/URN:NBN:fi:au:kaunokki:43350 skos:broader http://urn.fi/URN:NBN:fi:au:kaunokki:49636
WARNING: Eliminating redundant hierarchical relationship: http://urn.fi/URN:NBN:fi:au:kaunokki:43380 skos:broader http://urn.fi/URN:NBN:fi:au:kaunokki:43107
WARNING: Eliminating redundant hierarchical relationship: http://urn.fi/URN:NBN:fi:au:kaunokki:43391 skos:broader http://urn.fi/URN:NBN:fi:au:kaunokki:42167
WARNING: Eliminating redundant hierarchical relationship: http://urn.fi/URN:NBN:fi:au:kaunokki:43435 skos:broader http://urn.fi/URN:NBN:fi:au:kaunokki:42538
WARNING: Eliminating redundant hierarchical relationship: http://urn.fi/URN:NBN:fi:au:kaunokki:43446 skos:broader http://urn.fi/URN:NBN:fi:au:kaunokki:42167
WARNING: Eliminating redundant hierarchical relationship: http://urn.fi/URN:NBN:fi:au:kaunokki:43459 skos:broader http://urn.fi/URN:NBN:fi:au:kaunokki:43060
WARNING: Eliminating redundant hierarchical relationship: http://urn.fi/URN:NBN:fi:au:kaunokki:43486 skos:broader http://urn.fi/URN:NBN:fi:au:kaunokki:42847
WARNING: Eliminating redundant hierarchical relationship: http://urn.fi/URN:NBN:fi:au:kaunokki:43528 skos:broader http://urn.fi/URN:NBN:fi:au:kaunokki:42167
WARNING: Eliminating redundant hierarchical relationship: http://urn.fi/URN:NBN:fi:au:kaunokki:43538 skos:broader http://urn.fi/URN:NBN:fi:au:kaunokki:42167
WARNING: Eliminating redundant hierarchical relationship: http://urn.fi/URN:NBN:fi:au:kaunokki:43615 skos:broader http://urn.fi/URN:NBN:fi:au:kaunokki:42167
WARNING: Eliminating redundant hierarchical relationship: http://urn.fi/URN:NBN:fi:au:kaunokki:43642 skos:broader http://urn.fi/URN:NBN:fi:au:kaunokki:42167
WARNING: Eliminating redundant hierarchical relationship: http://urn.fi/URN:NBN:fi:au:kaunokki:43652 skos:broader http://urn.fi/URN:NBN:fi:au:kaunokki:42167
WARNING: Eliminating redundant hierarchical relationship: http://urn.fi/URN:NBN:fi:au:kaunokki:43742 skos:broader http://urn.fi/URN:NBN:fi:au:kaunokki:42847
WARNING: Eliminating redundant hierarchical relationship: http://urn.fi/URN:NBN:fi:au:kaunokki:43743 skos:broader http://urn.fi/URN:NBN:fi:au:kaunokki:43060
WARNING: Eliminating redundant hierarchical relationship: http://urn.fi/URN:NBN:fi:au:kaunokki:43754 skos:broader http://urn.fi/URN:NBN:fi:au:kaunokki:42167
WARNING: Eliminating redundant hierarchical relationship: http://urn.fi/URN:NBN:fi:au:kaunokki:43923 skos:broader http://urn.fi/URN:NBN:fi:au:kaunokki:43960
WARNING: Eliminating redundant hierarchical relationship: http://urn.fi/URN:NBN:fi:au:kaunokki:44017 skos:broader http://urn.fi/URN:NBN:fi:au:kaunokki:43874
WARNING: Eliminating redundant hierarchical relationship: http://urn.fi/URN:NBN:fi:au:kaunokki:44021 skos:broader http://urn.fi/URN:NBN:fi:au:kaunokki:45532
WARNING: Eliminating redundant hierarchical relationship: http://urn.fi/URN:NBN:fi:au:kaunokki:44021 skos:broader http://urn.fi/URN:NBN:fi:au:kaunokki:45533
WARNING: Eliminating redundant hierarchical relationship: http://urn.fi/URN:NBN:fi:au:kaunokki:44056 skos:broader http://urn.fi/URN:NBN:fi:au:kaunokki:45549
WARNING: Eliminating redundant hierarchical relationship: http://urn.fi/URN:NBN:fi:au:kaunokki:44110 skos:broader http://urn.fi/URN:NBN:fi:au:kaunokki:46873
WARNING: Eliminating redundant hierarchical relationship: http://urn.fi/URN:NBN:fi:au:kaunokki:44137 skos:broader http://urn.fi/URN:NBN:fi:au:kaunokki:45657
WARNING: Eliminating redundant hierarchical relationship: http://urn.fi/URN:NBN:fi:au:kaunokki:44137 skos:broader http://urn.fi/URN:NBN:fi:au:kaunokki:46873
WARNING: Eliminating redundant hierarchical relationship: http://urn.fi/URN:NBN:fi:au:kaunokki:44181 skos:broader http://urn.fi/URN:NBN:fi:au:kaunokki:46873
WARNING: Eliminating redundant hierarchical relationship: http://urn.fi/URN:NBN:fi:au:kaunokki:44188 skos:broader http://urn.fi/URN:NBN:fi:au:kaunokki:44284
WARNING: Eliminating redundant hierarchical relationship: http://urn.fi/URN:NBN:fi:au:kaunokki:44200 skos:broader http://urn.fi/URN:NBN:fi:au:kaunokki:44284
WARNING: Eliminating redundant hierarchical relationship: http://urn.fi/URN:NBN:fi:au:kaunokki:44212 skos:broader http://urn.fi/URN:NBN:fi:au:kaunokki:44252
WARNING: Eliminating redundant hierarchical relationship: http://urn.fi/URN:NBN:fi:au:kaunokki:44221 skos:broader http://urn.fi/URN:NBN:fi:au:kaunokki:46873
WARNING: Eliminating redundant hierarchical relationship: http://urn.fi/URN:NBN:fi:au:kaunokki:44242 skos:broader http://urn.fi/URN:NBN:fi:au:kaunokki:44284
WARNING: Eliminating redundant hierarchical relationship: http://urn.fi/URN:NBN:fi:au:kaunokki:44262 skos:broader http://urn.fi/URN:NBN:fi:au:kaunokki:44101
WARNING: Eliminating redundant hierarchical relationship: http://urn.fi/URN:NBN:fi:au:kaunokki:44268 skos:broader http://urn.fi/URN:NBN:fi:au:kaunokki:44252
WARNING: Eliminating redundant hierarchical relationship: http://urn.fi/URN:NBN:fi:au:kaunokki:44282 skos:broader http://urn.fi/URN:NBN:fi:au:kaunokki:46873
WARNING: Eliminating redundant hierarchical relationship: http://urn.fi/URN:NBN:fi:au:kaunokki:44296 skos:broader http://urn.fi/URN:NBN:fi:au:kaunokki:44284
WARNING: Eliminating redundant hierarchical relationship: http://urn.fi/URN:NBN:fi:au:kaunokki:44298 skos:broader http://urn.fi/URN:NBN:fi:au:kaunokki:44252
WARNING: Eliminating redundant hierarchical relationship: http://urn.fi/URN:NBN:fi:au:kaunokki:44393 skos:broader http://urn.fi/URN:NBN:fi:au:kaunokki:45714
WARNING: Eliminating redundant hierarchical relationship: http://urn.fi/URN:NBN:fi:au:kaunokki:44406 skos:broader http://urn.fi/URN:NBN:fi:au:kaunokki:44791
WARNING: Eliminating redundant hierarchical relationship: http://urn.fi/URN:NBN:fi:au:kaunokki:44441 skos:broader http://urn.fi/URN:NBN:fi:au:kaunokki:44896
WARNING: Eliminating redundant hierarchical relationship: http://urn.fi/URN:NBN:fi:au:kaunokki:44445 skos:broader http://urn.fi/URN:NBN:fi:au:kaunokki:44799
WARNING: Eliminating redundant hierarchical relationship: http://urn.fi/URN:NBN:fi:au:kaunokki:44445 skos:broader http://urn.fi/URN:NBN:fi:au:kaunokki:46836
WARNING: Eliminating redundant hierarchical relationship: http://urn.fi/URN:NBN:fi:au:kaunokki:44445 skos:broader http://urn.fi/URN:NBN:fi:au:kaunokki:46888
WARNING: Eliminating redundant hierarchical relationship: http://urn.fi/URN:NBN:fi:au:kaunokki:44466 skos:broader http://urn.fi/URN:NBN:fi:au:kaunokki:46888
WARNING: Eliminating redundant hierarchical relationship: http://urn.fi/URN:NBN:fi:au:kaunokki:44473 skos:broader http://urn.fi/URN:NBN:fi:au:kaunokki:44577
WARNING: Eliminating redundant hierarchical relationship: http://urn.fi/URN:NBN:fi:au:kaunokki:44505 skos:broader http://urn.fi/URN:NBN:fi:au:kaunokki:49265
WARNING: Eliminating redundant hierarchical relationship: http://urn.fi/URN:NBN:fi:au:kaunokki:44516 skos:broader http://urn.fi/URN:NBN:fi:au:kaunokki:44799
WARNING: Eliminating redundant hierarchical relationship: http://urn.fi/URN:NBN:fi:au:kaunokki:44516 skos:broader http://urn.fi/URN:NBN:fi:au:kaunokki:46888
WARNING: Eliminating redundant hierarchical relationship: http://urn.fi/URN:NBN:fi:au:kaunokki:44518 skos:broader http://urn.fi/URN:NBN:fi:au:kaunokki:44799
WARNING: Eliminating redundant hierarchical relationship: http://urn.fi/URN:NBN:fi:au:kaunokki:44518 skos:broader http://urn.fi/URN:NBN:fi:au:kaunokki:46888
WARNING: Eliminating redundant hierarchical relationship: http://urn.fi/URN:NBN:fi:au:kaunokki:44532 skos:broader http://urn.fi/URN:NBN:fi:au:kaunokki:46888
WARNING: Eliminating redundant hierarchical relationship: http://urn.fi/URN:NBN:fi:au:kaunokki:44540 skos:broader http://urn.fi/URN:NBN:fi:au:kaunokki:46888
WARNING: Eliminating redundant hierarchical relationship: http://urn.fi/URN:NBN:fi:au:kaunokki:44548 skos:broader http://urn.fi/URN:NBN:fi:au:kaunokki:46888
WARNING: Eliminating redundant hierarchical relationship: http://urn.fi/URN:NBN:fi:au:kaunokki:44576 skos:broader http://urn.fi/URN:NBN:fi:au:kaunokki:44831
WARNING: Eliminating redundant hierarchical relationship: http://urn.fi/URN:NBN:fi:au:kaunokki:44576 skos:broader http://urn.fi/URN:NBN:fi:au:kaunokki:46888
WARNING: Eliminating redundant hierarchical relationship: http://urn.fi/URN:NBN:fi:au:kaunokki:44597 skos:broader http://urn.fi/URN:NBN:fi:au:kaunokki:49767
WARNING: Eliminating redundant hierarchical relationship: http://urn.fi/URN:NBN:fi:au:kaunokki:44620 skos:broader http://urn.fi/URN:NBN:fi:au:kaunokki:44529
WARNING: Eliminating redundant hierarchical relationship: http://urn.fi/URN:NBN:fi:au:kaunokki:44654 skos:broader http://urn.fi/URN:NBN:fi:au:kaunokki:44572
WARNING: Eliminating redundant hierarchical relationship: http://urn.fi/URN:NBN:fi:au:kaunokki:44666 skos:broader http://urn.fi/URN:NBN:fi:au:kaunokki:46836
WARNING: Eliminating redundant hierarchical relationship: http://urn.fi/URN:NBN:fi:au:kaunokki:44667 skos:broader http://urn.fi/URN:NBN:fi:au:kaunokki:46888
WARNING: Eliminating redundant hierarchical relationship: http://urn.fi/URN:NBN:fi:au:kaunokki:44685 skos:broader http://urn.fi/URN:NBN:fi:au:kaunokki:44799
WARNING: Eliminating redundant hierarchical relationship: http://urn.fi/URN:NBN:fi:au:kaunokki:44685 skos:broader http://urn.fi/URN:NBN:fi:au:kaunokki:46888
WARNING: Eliminating redundant hierarchical relationship: http://urn.fi/URN:NBN:fi:au:kaunokki:44687 skos:broader http://urn.fi/URN:NBN:fi:au:kaunokki:44799
WARNING: Eliminating redundant hierarchical relationship: http://urn.fi/URN:NBN:fi:au:kaunokki:44687 skos:broader http://urn.fi/URN:NBN:fi:au:kaunokki:46888
WARNING: Eliminating redundant hierarchical relationship: http://urn.fi/URN:NBN:fi:au:kaunokki:44695 skos:broader http://urn.fi/URN:NBN:fi:au:kaunokki:46888
WARNING: Eliminating redundant hierarchical relationship: http://urn.fi/URN:NBN:fi:au:kaunokki:44714 skos:broader http://urn.fi/URN:NBN:fi:au:kaunokki:46888
WARNING: Eliminating redundant hierarchical relationship: http://urn.fi/URN:NBN:fi:au:kaunokki:44722 skos:broader http://urn.fi/URN:NBN:fi:au:kaunokki:46888
WARNING: Eliminating redundant hierarchical relationship: http://urn.fi/URN:NBN:fi:au:kaunokki:44732 skos:broader http://urn.fi/URN:NBN:fi:au:kaunokki:44594
WARNING: Eliminating redundant hierarchical relationship: http://urn.fi/URN:NBN:fi:au:kaunokki:44778 skos:broader http://urn.fi/URN:NBN:fi:au:kaunokki:44572
WARNING: Eliminating redundant hierarchical relationship: http://urn.fi/URN:NBN:fi:au:kaunokki:44785 skos:broader http://urn.fi/URN:NBN:fi:au:kaunokki:44771
WARNING: Eliminating redundant hierarchical relationship: http://urn.fi/URN:NBN:fi:au:kaunokki:44785 skos:broader http://urn.fi/URN:NBN:fi:au:kaunokki:44910
WARNING: Eliminating redundant hierarchical relationship: http://urn.fi/URN:NBN:fi:au:kaunokki:44785 skos:broader http://urn.fi/URN:NBN:fi:au:kaunokki:48304
WARNING: Eliminating redundant hierarchical relationship: http://urn.fi/URN:NBN:fi:au:kaunokki:44796 skos:broader http://urn.fi/URN:NBN:fi:au:kaunokki:46888
WARNING: Eliminating redundant hierarchical relationship: http://urn.fi/URN:NBN:fi:au:kaunokki:44820 skos:broader http://urn.fi/URN:NBN:fi:au:kaunokki:46888
WARNING: Eliminating redundant hierarchical relationship: http://urn.fi/URN:NBN:fi:au:kaunokki:44822 skos:broader http://urn.fi/URN:NBN:fi:au:kaunokki:46838
WARNING: Eliminating redundant hierarchical relationship: http://urn.fi/URN:NBN:fi:au:kaunokki:44822 skos:broader http://urn.fi/URN:NBN:fi:au:kaunokki:46888
WARNING: Eliminating redundant hierarchical relationship: http://urn.fi/URN:NBN:fi:au:kaunokki:44823 skos:broader http://urn.fi/URN:NBN:fi:au:kaunokki:46838
WARNING: Eliminating redundant hierarchical relationship: http://urn.fi/URN:NBN:fi:au:kaunokki:44823 skos:broader http://urn.fi/URN:NBN:fi:au:kaunokki:46888
WARNING: Eliminating redundant hierarchical relationship: http://urn.fi/URN:NBN:fi:au:kaunokki:44824 skos:broader http://urn.fi/URN:NBN:fi:au:kaunokki:46888
WARNING: Eliminating redundant hierarchical relationship: http://urn.fi/URN:NBN:fi:au:kaunokki:44832 skos:broader http://urn.fi/URN:NBN:fi:au:kaunokki:46888
WARNING: Eliminating redundant hierarchical relationship: http://urn.fi/URN:NBN:fi:au:kaunokki:44853 skos:broader http://urn.fi/URN:NBN:fi:au:kaunokki:46888
WARNING: Eliminating redundant hierarchical relationship: http://urn.fi/URN:NBN:fi:au:kaunokki:44875 skos:broader http://urn.fi/URN:NBN:fi:au:kaunokki:44771
WARNING: Eliminating redundant hierarchical relationship: http://urn.fi/URN:NBN:fi:au:kaunokki:44875 skos:broader http://urn.fi/URN:NBN:fi:au:kaunokki:44910
WARNING: Eliminating redundant hierarchical relationship: http://urn.fi/URN:NBN:fi:au:kaunokki:44896 skos:broader http://urn.fi/URN:NBN:fi:au:kaunokki:49265
WARNING: Eliminating redundant hierarchical relationship: http://urn.fi/URN:NBN:fi:au:kaunokki:44900 skos:broader http://urn.fi/URN:NBN:fi:au:kaunokki:49767
WARNING: Eliminating redundant hierarchical relationship: http://urn.fi/URN:NBN:fi:au:kaunokki:44961 skos:broader http://urn.fi/URN:NBN:fi:au:kaunokki:46888
WARNING: Eliminating redundant hierarchical relationship: http://urn.fi/URN:NBN:fi:au:kaunokki:44963 skos:broader http://urn.fi/URN:NBN:fi:au:kaunokki:46888
WARNING: Eliminating redundant hierarchical relationship: http://urn.fi/URN:NBN:fi:au:kaunokki:44965 skos:broader http://urn.fi/URN:NBN:fi:au:kaunokki:46888
WARNING: Eliminating redundant hierarchical relationship: http://urn.fi/URN:NBN:fi:au:kaunokki:44965 skos:broader http://urn.fi/URN:NBN:fi:au:kaunokki:44831
WARNING: Eliminating redundant hierarchical relationship: http://urn.fi/URN:NBN:fi:au:kaunokki:45525 skos:broader http://urn.fi/URN:NBN:fi:au:kaunokki:44050
WARNING: Eliminating redundant hierarchical relationship: http://urn.fi/URN:NBN:fi:au:kaunokki:45641 skos:broader http://urn.fi/URN:NBN:fi:au:kaunokki:45657
WARNING: Eliminating redundant hierarchical relationship: http://urn.fi/URN:NBN:fi:au:kaunokki:45655 skos:broader http://urn.fi/URN:NBN:fi:au:kaunokki:45657
WARNING: Eliminating redundant hierarchical relationship: http://urn.fi/URN:NBN:fi:au:kaunokki:45659 skos:broader http://urn.fi/URN:NBN:fi:au:kaunokki:45657
WARNING: Eliminating redundant hierarchical relationship: http://urn.fi/URN:NBN:fi:au:kaunokki:45661 skos:broader http://urn.fi/URN:NBN:fi:au:kaunokki:45657
WARNING: Eliminating redundant hierarchical relationship: http://urn.fi/URN:NBN:fi:au:kaunokki:45662 skos:broader http://urn.fi/URN:NBN:fi:au:kaunokki:45657
WARNING: Eliminating redundant hierarchical relationship: http://urn.fi/URN:NBN:fi:au:kaunokki:45676 skos:broader http://urn.fi/URN:NBN:fi:au:kaunokki:45657
WARNING: Eliminating redundant hierarchical relationship: http://urn.fi/URN:NBN:fi:au:kaunokki:45679 skos:broader http://urn.fi/URN:NBN:fi:au:kaunokki:45657
WARNING: Eliminating redundant hierarchical relationship: http://urn.fi/URN:NBN:fi:au:kaunokki:45683 skos:broader http://urn.fi/URN:NBN:fi:au:kaunokki:45657
WARNING: Eliminating redundant hierarchical relationship: http://urn.fi/URN:NBN:fi:au:kaunokki:45686 skos:broader http://urn.fi/URN:NBN:fi:au:kaunokki:45657
WARNING: Eliminating redundant hierarchical relationship: http://urn.fi/URN:NBN:fi:au:kaunokki:45699 skos:broader http://urn.fi/URN:NBN:fi:au:kaunokki:46873
WARNING: Eliminating redundant hierarchical relationship: http://urn.fi/URN:NBN:fi:au:kaunokki:45701 skos:broader http://urn.fi/URN:NBN:fi:au:kaunokki:45657
WARNING: Eliminating redundant hierarchical relationship: http://urn.fi/URN:NBN:fi:au:kaunokki:45704 skos:broader http://urn.fi/URN:NBN:fi:au:kaunokki:45657
WARNING: Eliminating redundant hierarchical relationship: http://urn.fi/URN:NBN:fi:au:kaunokki:45718 skos:broader http://urn.fi/URN:NBN:fi:au:kaunokki:45657
WARNING: Eliminating redundant hierarchical relationship: http://urn.fi/URN:NBN:fi:au:kaunokki:45738 skos:broader http://urn.fi/URN:NBN:fi:au:kaunokki:45657
WARNING: Eliminating redundant hierarchical relationship: http://urn.fi/URN:NBN:fi:au:kaunokki:45740 skos:broader http://urn.fi/URN:NBN:fi:au:kaunokki:45657
WARNING: Eliminating redundant hierarchical relationship: http://urn.fi/URN:NBN:fi:au:kaunokki:45753 skos:broader http://urn.fi/URN:NBN:fi:au:kaunokki:45657
WARNING: Eliminating redundant hierarchical relationship: http://urn.fi/URN:NBN:fi:au:kaunokki:45757 skos:broader http://urn.fi/URN:NBN:fi:au:kaunokki:45657
WARNING: Eliminating redundant hierarchical relationship: http://urn.fi/URN:NBN:fi:au:kaunokki:45757 skos:broader http://urn.fi/URN:NBN:fi:au:kaunokki:47042
WARNING: Eliminating redundant hierarchical relationship: http://urn.fi/URN:NBN:fi:au:kaunokki:45760 skos:broader http://urn.fi/URN:NBN:fi:au:kaunokki:45657
WARNING: Eliminating redundant hierarchical relationship: http://urn.fi/URN:NBN:fi:au:kaunokki:45761 skos:broader http://urn.fi/URN:NBN:fi:au:kaunokki:45657
WARNING: Eliminating redundant hierarchical relationship: http://urn.fi/URN:NBN:fi:au:kaunokki:45762 skos:broader http://urn.fi/URN:NBN:fi:au:kaunokki:45657
WARNING: Eliminating redundant hierarchical relationship: http://urn.fi/URN:NBN:fi:au:kaunokki:45764 skos:broader http://urn.fi/URN:NBN:fi:au:kaunokki:45657
WARNING: Eliminating redundant hierarchical relationship: http://urn.fi/URN:NBN:fi:au:kaunokki:45765 skos:broader http://urn.fi/URN:NBN:fi:au:kaunokki:45657
WARNING: Eliminating redundant hierarchical relationship: http://urn.fi/URN:NBN:fi:au:kaunokki:45766 skos:broader http://urn.fi/URN:NBN:fi:au:kaunokki:45657
WARNING: Eliminating redundant hierarchical relationship: http://urn.fi/URN:NBN:fi:au:kaunokki:45767 skos:broader http://urn.fi/URN:NBN:fi:au:kaunokki:45657
WARNING: Eliminating redundant hierarchical relationship: http://urn.fi/URN:NBN:fi:au:kaunokki:45772 skos:broader http://urn.fi/URN:NBN:fi:au:kaunokki:45657
WARNING: Eliminating redundant hierarchical relationship: http://urn.fi/URN:NBN:fi:au:kaunokki:45809 skos:broader http://urn.fi/URN:NBN:fi:au:kaunokki:45657
WARNING: Eliminating redundant hierarchical relationship: http://urn.fi/URN:NBN:fi:au:kaunokki:45815 skos:broader http://urn.fi/URN:NBN:fi:au:kaunokki:45657
WARNING: Eliminating redundant hierarchical relationship: http://urn.fi/URN:NBN:fi:au:kaunokki:45869 skos:broader http://urn.fi/URN:NBN:fi:au:kaunokki:44286
WARNING: Eliminating redundant hierarchical relationship: http://urn.fi/URN:NBN:fi:au:kaunokki:45870 skos:broader http://urn.fi/URN:NBN:fi:au:kaunokki:44286
WARNING: Eliminating redundant hierarchical relationship: http://urn.fi/URN:NBN:fi:au:kaunokki:45957 skos:broader http://urn.fi/URN:NBN:fi:au:kaunokki:45884
WARNING: Eliminating redundant hierarchical relationship: http://urn.fi/URN:NBN:fi:au:kaunokki:46018 skos:broader http://urn.fi/URN:NBN:fi:au:kaunokki:44511
WARNING: Eliminating redundant hierarchical relationship: http://urn.fi/URN:NBN:fi:au:kaunokki:46037 skos:broader http://urn.fi/URN:NBN:fi:au:kaunokki:48911
WARNING: Eliminating redundant hierarchical relationship: http://urn.fi/URN:NBN:fi:au:kaunokki:46045 skos:broader http://urn.fi/URN:NBN:fi:au:kaunokki:44577
WARNING: Eliminating redundant hierarchical relationship: http://urn.fi/URN:NBN:fi:au:kaunokki:46161 skos:broader http://urn.fi/URN:NBN:fi:au:kaunokki:46836
WARNING: Eliminating redundant hierarchical relationship: http://urn.fi/URN:NBN:fi:au:kaunokki:46163 skos:broader http://urn.fi/URN:NBN:fi:au:kaunokki:46836
WARNING: Eliminating redundant hierarchical relationship: http://urn.fi/URN:NBN:fi:au:kaunokki:46169 skos:broader http://urn.fi/URN:NBN:fi:au:kaunokki:44577
WARNING: Eliminating redundant hierarchical relationship: http://urn.fi/URN:NBN:fi:au:kaunokki:46404 skos:broader http://urn.fi/URN:NBN:fi:au:kaunokki:43107
WARNING: Eliminating redundant hierarchical relationship: http://urn.fi/URN:NBN:fi:au:kaunokki:46511 skos:broader http://urn.fi/URN:NBN:fi:au:kaunokki:42538
WARNING: Eliminating redundant hierarchical relationship: http://urn.fi/URN:NBN:fi:au:kaunokki:46542 skos:broader http://urn.fi/URN:NBN:fi:au:kaunokki:42538
WARNING: Eliminating redundant hierarchical relationship: http://urn.fi/URN:NBN:fi:au:kaunokki:46659 skos:broader http://urn.fi/URN:NBN:fi:au:kaunokki:43261
WARNING: Eliminating redundant hierarchical relationship: http://urn.fi/URN:NBN:fi:au:kaunokki:46822 skos:broader http://urn.fi/URN:NBN:fi:au:kaunokki:42955
WARNING: Eliminating redundant hierarchical relationship: http://urn.fi/URN:NBN:fi:au:kaunokki:46824 skos:broader http://urn.fi/URN:NBN:fi:au:kaunokki:42955
WARNING: Eliminating redundant hierarchical relationship: http://urn.fi/URN:NBN:fi:au:kaunokki:46828 skos:broader http://urn.fi/URN:NBN:fi:au:kaunokki:46839
WARNING: Eliminating redundant hierarchical relationship: http://urn.fi/URN:NBN:fi:au:kaunokki:46914 skos:broader http://urn.fi/URN:NBN:fi:au:kaunokki:45549
WARNING: Eliminating redundant hierarchical relationship: http://urn.fi/URN:NBN:fi:au:kaunokki:47079 skos:broader http://urn.fi/URN:NBN:fi:au:kaunokki:44284
WARNING: Eliminating redundant hierarchical relationship: http://urn.fi/URN:NBN:fi:au:kaunokki:47115 skos:broader http://urn.fi/URN:NBN:fi:au:kaunokki:46290
WARNING: Eliminating redundant hierarchical relationship: http://urn.fi/URN:NBN:fi:au:kaunokki:47225 skos:broader http://urn.fi/URN:NBN:fi:au:kaunokki:45657
WARNING: Eliminating redundant hierarchical relationship: http://urn.fi/URN:NBN:fi:au:kaunokki:47330 skos:broader http://urn.fi/URN:NBN:fi:au:kaunokki:45545
WARNING: Eliminating redundant hierarchical relationship: http://urn.fi/URN:NBN:fi:au:kaunokki:47399 skos:broader http://urn.fi/URN:NBN:fi:au:kaunokki:43653
WARNING: Eliminating redundant hierarchical relationship: http://urn.fi/URN:NBN:fi:au:kaunokki:47566 skos:broader http://urn.fi/URN:NBN:fi:au:kaunokki:49767
WARNING: Eliminating redundant hierarchical relationship: http://urn.fi/URN:NBN:fi:au:kaunokki:47568 skos:broader http://urn.fi/URN:NBN:fi:au:kaunokki:49767
WARNING: Eliminating redundant hierarchical relationship: http://urn.fi/URN:NBN:fi:au:kaunokki:47580 skos:broader http://urn.fi/URN:NBN:fi:au:kaunokki:47579
WARNING: Eliminating redundant hierarchical relationship: http://urn.fi/URN:NBN:fi:au:kaunokki:47715 skos:broader http://urn.fi/URN:NBN:fi:au:kaunokki:46740
WARNING: Eliminating redundant hierarchical relationship: http://urn.fi/URN:NBN:fi:au:kaunokki:47780 skos:broader http://urn.fi/URN:NBN:fi:au:kaunokki:42961
WARNING: Eliminating redundant hierarchical relationship: http://urn.fi/URN:NBN:fi:au:kaunokki:47788 skos:broader http://urn.fi/URN:NBN:fi:au:kaunokki:43752
WARNING: Eliminating redundant hierarchical relationship: http://urn.fi/URN:NBN:fi:au:kaunokki:47922 skos:broader http://urn.fi/URN:NBN:fi:au:kaunokki:44544
WARNING: Eliminating redundant hierarchical relationship: http://urn.fi/URN:NBN:fi:au:kaunokki:48010 skos:broader http://urn.fi/URN:NBN:fi:au:kaunokki:42847
WARNING: Eliminating redundant hierarchical relationship: http://urn.fi/URN:NBN:fi:au:kaunokki:48060 skos:broader http://urn.fi/URN:NBN:fi:au:kaunokki:43653
WARNING: Eliminating redundant hierarchical relationship: http://urn.fi/URN:NBN:fi:au:kaunokki:48322 skos:broader http://urn.fi/URN:NBN:fi:au:kaunokki:42847
WARNING: Eliminating redundant hierarchical relationship: http://urn.fi/URN:NBN:fi:au:kaunokki:48323 skos:broader http://urn.fi/URN:NBN:fi:au:kaunokki:42847
WARNING: Eliminating redundant hierarchical relationship: http://urn.fi/URN:NBN:fi:au:kaunokki:48528 skos:broader http://urn.fi/URN:NBN:fi:au:kaunokki:43346
WARNING: Eliminating redundant hierarchical relationship: http://urn.fi/URN:NBN:fi:au:kaunokki:48595 skos:broader http://urn.fi/URN:NBN:fi:au:kaunokki:46839
WARNING: Eliminating redundant hierarchical relationship: http://urn.fi/URN:NBN:fi:au:kaunokki:48691 skos:broader http://urn.fi/URN:NBN:fi:au:kaunokki:43107
WARNING: Eliminating redundant hierarchical relationship: http://urn.fi/URN:NBN:fi:au:kaunokki:48802 skos:broader http://urn.fi/URN:NBN:fi:au:kaunokki:44016
WARNING: Eliminating redundant hierarchical relationship: http://urn.fi/URN:NBN:fi:au:kaunokki:48803 skos:broader http://urn.fi/URN:NBN:fi:au:kaunokki:44016
WARNING: Eliminating redundant hierarchical relationship: http://urn.fi/URN:NBN:fi:au:kaunokki:48850 skos:broader http://urn.fi/URN:NBN:fi:au:kaunokki:43107
WARNING: Eliminating redundant hierarchical relationship: http://urn.fi/URN:NBN:fi:au:kaunokki:48876 skos:broader http://urn.fi/URN:NBN:fi:au:kaunokki:42343
WARNING: Eliminating redundant hierarchical relationship: http://urn.fi/URN:NBN:fi:au:kaunokki:48877 skos:broader http://urn.fi/URN:NBN:fi:au:kaunokki:42319
WARNING: Eliminating redundant hierarchical relationship: http://urn.fi/URN:NBN:fi:au:kaunokki:49087 skos:broader http://urn.fi/URN:NBN:fi:au:kaunokki:45657
WARNING: Eliminating redundant hierarchical relationship: http://urn.fi/URN:NBN:fi:au:kaunokki:49155 skos:broader http://urn.fi/URN:NBN:fi:au:kaunokki:46693
WARNING: Eliminating redundant hierarchical relationship: http://urn.fi/URN:NBN:fi:au:kaunokki:49166 skos:broader http://urn.fi/URN:NBN:fi:au:kaunokki:44452
WARNING: Eliminating redundant hierarchical relationship: http://urn.fi/URN:NBN:fi:au:kaunokki:49304 skos:broader http://urn.fi/URN:NBN:fi:au:kaunokki:44793
WARNING: Eliminating redundant hierarchical relationship: http://urn.fi/URN:NBN:fi:au:kaunokki:49401 skos:broader http://urn.fi/URN:NBN:fi:au:kaunokki:46888
WARNING: Eliminating redundant hierarchical relationship: http://urn.fi/URN:NBN:fi:au:kaunokki:49415 skos:broader http://urn.fi/URN:NBN:fi:au:kaunokki:44529
WARNING: Eliminating redundant hierarchical relationship: http://urn.fi/URN:NBN:fi:au:kaunokki:49477 skos:broader http://urn.fi/URN:NBN:fi:au:kaunokki:42789
WARNING: Eliminating redundant hierarchical relationship: http://urn.fi/URN:NBN:fi:au:kaunokki:49478 skos:broader http://urn.fi/URN:NBN:fi:au:kaunokki:42789
WARNING: Eliminating redundant hierarchical relationship: http://urn.fi/URN:NBN:fi:au:kaunokki:49494 skos:broader http://urn.fi/URN:NBN:fi:au:kaunokki:43873
WARNING: Eliminating redundant hierarchical relationship: http://urn.fi/URN:NBN:fi:au:kaunokki:49574 skos:broader http://urn.fi/URN:NBN:fi:au:kaunokki:44407
WARNING: Eliminating redundant hierarchical relationship: http://urn.fi/URN:NBN:fi:au:kaunokki:49574 skos:broader http://urn.fi/URN:NBN:fi:au:kaunokki:44529
WARNING: Eliminating redundant hierarchical relationship: http://urn.fi/URN:NBN:fi:au:kaunokki:49576 skos:broader http://urn.fi/URN:NBN:fi:au:kaunokki:44407
WARNING: Eliminating redundant hierarchical relationship: http://urn.fi/URN:NBN:fi:au:kaunokki:49576 skos:broader http://urn.fi/URN:NBN:fi:au:kaunokki:44529
WARNING: Eliminating redundant hierarchical relationship: http://urn.fi/URN:NBN:fi:au:kaunokki:49598 skos:broader http://urn.fi/URN:NBN:fi:au:kaunokki:45657
WARNING: Eliminating redundant hierarchical relationship: http://urn.fi/URN:NBN:fi:au:kaunokki:49611 skos:broader http://urn.fi/URN:NBN:fi:au:kaunokki:47398
WARNING: Eliminating redundant hierarchical relationship: http://urn.fi/URN:NBN:fi:au:kaunokki:49667 skos:broader http://urn.fi/URN:NBN:fi:au:kaunokki:45657
WARNING: Eliminating redundant hierarchical relationship: http://urn.fi/URN:NBN:fi:au:kaunokki:49752 skos:broader http://urn.fi/URN:NBN:fi:au:kaunokki:42955
WARNING: Eliminating redundant hierarchical relationship: http://urn.fi/URN:NBN:fi:au:kaunokki:49835 skos:broader http://urn.fi/URN:NBN:fi:au:kaunokki:44572
WARNING: Eliminating redundant hierarchical relationship: http://urn.fi/URN:NBN:fi:au:kaunokki:49843 skos:broader http://urn.fi/URN:NBN:fi:au:kaunokki:42167
WARNING: Eliminating redundant hierarchical relationship: http://urn.fi/URN:NBN:fi:au:kaunokki:49843 skos:broader http://urn.fi/URN:NBN:fi:au:kaunokki:42168
WARNING: Eliminating redundant hierarchical relationship: http://urn.fi/URN:NBN:fi:au:kaunokki:49938 skos:broader http://urn.fi/URN:NBN:fi:au:kaunokki:42775
WARNING: Eliminating redundant hierarchical relationship: http://urn.fi/URN:NBN:fi:au:kaunokki:50151 skos:broader http://urn.fi/URN:NBN:fi:au:kaunokki:46888
WARNING: Eliminating redundant hierarchical relationship: http://urn.fi/URN:NBN:fi:au:kaunokki:50218 skos:broader http://urn.fi/URN:NBN:fi:au:kaunokki:46888
WARNING: Eliminating redundant hierarchical relationship: http://urn.fi/URN:NBN:fi:au:kaunokki:50391 skos:broader http://urn.fi/URN:NBN:fi:au:kaunokki:42775
WARNING: Eliminating redundant hierarchical relationship: http://urn.fi/URN:NBN:fi:au:kaunokki:50428 skos:broader http://urn.fi/URN:NBN:fi:au:kaunokki:43346
WARNING: Eliminating redundant hierarchical relationship: http://urn.fi/URN:NBN:fi:au:kaunokki:50502 skos:broader http://urn.fi/URN:NBN:fi:au:kaunokki:42955
WARNING: Eliminating redundant hierarchical relationship: http://urn.fi/URN:NBN:fi:au:kaunokki:50520 skos:broader http://urn.fi/URN:NBN:fi:au:kaunokki:42762
WARNING: Eliminating redundant hierarchical relationship: http://urn.fi/URN:NBN:fi:au:kaunokki:50520 skos:broader http://urn.fi/URN:NBN:fi:au:kaunokki:48492
WARNING: Eliminating redundant hierarchical relationship: http://urn.fi/URN:NBN:fi:au:kaunokki:50522 skos:broader http://urn.fi/URN:NBN:fi:au:kaunokki:42762
WARNING: Eliminating redundant hierarchical relationship: http://urn.fi/URN:NBN:fi:au:kaunokki:50522 skos:broader http://urn.fi/URN:NBN:fi:au:kaunokki:48492
WARNING: Eliminating redundant hierarchical relationship: http://urn.fi/URN:NBN:fi:au:kaunokki:50627 skos:broader http://urn.fi/URN:NBN:fi:au:kaunokki:42167
WARNING: Eliminating redundant hierarchical relationship: http://urn.fi/URN:NBN:fi:au:kaunokki:50664 skos:broader http://urn.fi/URN:NBN:fi:au:kaunokki:46740
WARNING: Eliminating redundant hierarchical relationship: http://urn.fi/URN:NBN:fi:au:kaunokki:50670 skos:broader http://urn.fi/URN:NBN:fi:au:kaunokki:46740
WARNING: Eliminating redundant hierarchical relationship: http://urn.fi/URN:NBN:fi:au:kaunokki:50673 skos:broader http://urn.fi/URN:NBN:fi:au:kaunokki:46740
WARNING: Eliminating redundant hierarchical relationship: http://urn.fi/URN:NBN:fi:au:kaunokki:50674 skos:broader http://urn.fi/URN:NBN:fi:au:kaunokki:46740
WARNING: Eliminating redundant hierarchical relationship: http://urn.fi/URN:NBN:fi:au:kaunokki:50679 skos:broader http://urn.fi/URN:NBN:fi:au:kaunokki:46740
WARNING: Eliminating redundant hierarchical relationship: http://urn.fi/URN:NBN:fi:au:kaunokki:50680 skos:broader http://urn.fi/URN:NBN:fi:au:kaunokki:46740
WARNING: Eliminating redundant hierarchical relationship: http://urn.fi/URN:NBN:fi:au:kaunokki:50681 skos:broader http://urn.fi/URN:NBN:fi:au:kaunokki:46740
WARNING: Eliminating redundant hierarchical relationship: http://urn.fi/URN:NBN:fi:au:kaunokki:50710 skos:broader http://urn.fi/URN:NBN:fi:au:kaunokki:45657
WARNING: Eliminating redundant hierarchical relationship: http://urn.fi/URN:NBN:fi:au:kaunokki:50717 skos:broader http://urn.fi/URN:NBN:fi:au:kaunokki:42167
WARNING: Eliminating redundant hierarchical relationship: http://urn.fi/URN:NBN:fi:au:kaunokki:50717 skos:broader http://urn.fi/URN:NBN:fi:au:kaunokki:42168
WARNING: Eliminating redundant hierarchical relationship: http://urn.fi/URN:NBN:fi:au:kaunokki:50959 skos:broader http://urn.fi/URN:NBN:fi:au:kaunokki:42139
WARNING: Eliminating redundant hierarchical relationship: http://urn.fi/URN:NBN:fi:au:kaunokki:51004 skos:broader http://urn.fi/URN:NBN:fi:au:kaunokki:45532
WARNING: Eliminating redundant hierarchical relationship: http://urn.fi/URN:NBN:fi:au:kaunokki:51143 skos:broader http://urn.fi/URN:NBN:fi:au:kaunokki:44572
WARNING: Eliminating redundant hierarchical relationship: http://urn.fi/URN:NBN:fi:au:kaunokki:51151 skos:broader http://urn.fi/URN:NBN:fi:au:kaunokki:44572
WARNING: Eliminating redundant hierarchical relationship: http://urn.fi/URN:NBN:fi:au:kaunokki:51155 skos:broader http://urn.fi/URN:NBN:fi:au:kaunokki:44896
WARNING: Eliminating redundant hierarchical relationship: http://urn.fi/URN:NBN:fi:au:kaunokki:51270 skos:broader http://urn.fi/URN:NBN:fi:au:kaunokki:46888
WARNING: Eliminating redundant hierarchical relationship: http://urn.fi/URN:NBN:fi:au:kaunokki:51351 skos:broader http://urn.fi/URN:NBN:fi:au:kaunokki:42167
WARNING: Eliminating redundant hierarchical relationship: http://urn.fi/URN:NBN:fi:au:kaunokki:51503 skos:broader http://urn.fi/URN:NBN:fi:au:kaunokki:46740
WARNING: Eliminating redundant hierarchical relationship: http://urn.fi/URN:NBN:fi:au:kaunokki:51530 skos:broader http://urn.fi/URN:NBN:fi:au:kaunokki:45657
WARNING: Eliminating redundant hierarchical relationship: http://urn.fi/URN:NBN:fi:au:kaunokki:51565 skos:broader http://urn.fi/URN:NBN:fi:au:kaunokki:45657
WARNING: Eliminating redundant hierarchical relationship: http://urn.fi/URN:NBN:fi:au:kaunokki:51685 skos:broader http://urn.fi/URN:NBN:fi:au:kaunokki:42762
WARNING: Eliminating redundant hierarchical relationship: http://urn.fi/URN:NBN:fi:au:kaunokki:51747 skos:broader http://urn.fi/URN:NBN:fi:au:kaunokki:45657
WARNING: Eliminating redundant hierarchical relationship: http://urn.fi/URN:NBN:fi:au:kaunokki:51750 skos:broader http://urn.fi/URN:NBN:fi:au:kaunokki:42167
WARNING: Eliminating redundant hierarchical relationship: http://urn.fi/URN:NBN:fi:au:kaunokki:51832 skos:broader http://urn.fi/URN:NBN:fi:au:kaunokki:46740
WARNING: Eliminating redundant hierarchical relationship: http://urn.fi/URN:NBN:fi:au:kaunokki:51883 skos:broader http://urn.fi/URN:NBN:fi:au:kaunokki:44529
WARNING: Eliminating redundant hierarchical relationship: http://urn.fi/URN:NBN:fi:au:kaunokki:51910 skos:broader http://urn.fi/URN:NBN:fi:au:kaunokki:44252
WARNING: Eliminating redundant hierarchical relationship: http://urn.fi/URN:NBN:fi:au:kaunokki:52277 skos:broader http://urn.fi/URN:NBN:fi:au:kaunokki:45657
WARNING: Eliminating redundant hierarchical relationship: http://urn.fi/URN:NBN:fi:au:kaunokki:52286 skos:broader http://urn.fi/URN:NBN:fi:au:kaunokki:46740
WARNING: Eliminating redundant hierarchical relationship: http://urn.fi/URN:NBN:fi:au:kaunokki:52329 skos:broader http://urn.fi/URN:NBN:fi:au:kaunokki:46740
WARNING: Eliminating redundant hierarchical relationship: http://urn.fi/URN:NBN:fi:au:kaunokki:52340 skos:broader http://urn.fi/URN:NBN:fi:au:kaunokki:42847
