http://www.yso.fi/onto/kito/kaanonit_--_kirjalllisuus	http://www.yso.fi/onto/kito/k1907	0000-00-00 00:00:00
http://www.yso.fi/onto/kito/dokumenttikirjallisuus_--_tietokirjallisuus	http://www.yso.fi/onto/kito/k1906	0000-00-00 00:00:00
http://www.yso.fi/onto/kito/draama_--_genre	http://www.yso.fi/onto/kito/k1905	0000-00-00 00:00:00
http://www.yso.fi/onto/kito/lyriikka_--_genre	http://www.yso.fi/onto/kito/k1904	0000-00-00 00:00:00
http://www.yso.fi/onto/kito/sotakirjallisuus_--_tietokirjallisuus	http://www.yso.fi/onto/kito/k1903	0000-00-00 00:00:00
http://www.yso.fi/onto/kito/dokumenttikirjallisuus_--_kaunokirjallisuus	http://www.yso.fi/onto/kito/k1902	0000-00-00 00:00:00
http://www.yso.fi/onto/kito/adaptaatio_--_kulttuuriset_tuotokset	http://www.yso.fi/onto/kito/k1901	0000-00-00 00:00:00
http://www.yso.fi/onto/kito/tarinat_vertauskuvallisuuden_mukaan	http://www.yso.fi/onto/kito/k1900	0000-00-00 00:00:00
http://www.yso.fi/onto/kito/konseptualismi	http://www.yso.fi/onto/kito/k1899	0000-00-00 00:00:00
http://www.yso.fi/onto/kito/matkakirjallisuus_--_tietokirjallisuus	http://www.yso.fi/onto/kito/k1898	0000-00-00 00:00:00
http://www.yso.fi/onto/kito/tapahtumat	http://www.yso.fi/onto/kito/k1897	0000-00-00 00:00:00
http://www.yso.fi/onto/kito/toisto_--_kirjallisuus	http://www.yso.fi/onto/kito/k1896	0000-00-00 00:00:00
http://www.yso.fi/onto/kito/sotakirjallisuus_--_kaunokirjallisuus	http://www.yso.fi/onto/kito/k1894	0000-00-00 00:00:00
http://www.yso.fi/onto/kito/adaptaatio_--_toisenlaiseksi_muuttaminen	http://www.yso.fi/onto/kito/k1895	0000-00-00 00:00:00
http://www.yso.fi/onto/kito/eraekirjallisuus_--_kaunokirjallisuus	http://www.yso.fi/onto/kito/k1893	0000-00-00 00:00:00
http://www.yso.fi/onto/kito/matkakirjallisuus_--_kaunokirjallisuus	http://www.yso.fi/onto/kito/k1892	0000-00-00 00:00:00
http://www.yso.fi/onto/kito/kerronnalliset_ilmioet	http://www.yso.fi/onto/kito/k1891	0000-00-00 00:00:00
http://www.yso.fi/onto/kito/proosa_--_genre	http://www.yso.fi/onto/kito/k1890	0000-00-00 00:00:00
http://www.yso.fi/onto/kito/eraekirjallisuus_--_tietokirjallisuus	http://www.yso.fi/onto/kito/k1889	0000-00-00 00:00:00
http://www.yso.fi/onto/kito/tarinat_teeman_mukaan	http://www.yso.fi/onto/kito/k1888	0000-00-00 00:00:00
http://www.yso.fi/onto/kito/idylli_--_	http://www.yso.fi/onto/kito/k1887	0000-00-00 00:00:00
http://www.yso.fi/onto/kito/lyriikka_--_kaunokirjallisuus	http://www.yso.fi/onto/kito/k1886	0000-00-00 00:00:00
