INFO: Don't know what to do with type http://purl.org/dc/terms/LinguisticSystem
INFO: Don't know what to do with type http://purl.org/iso25964/skos-thes#ConceptGroup
INFO: Don't know what to do with type http://purl.org/iso25964/skos-thes#ThesaurusArray
INFO: Don't know what to do with type http://www.w3.org/2008/05/skos-xl#Label
INFO: Don't know what to do with type http://www.yso.fi/onto/yso-meta/DeprecatedHierarchy
INFO: Don't know what to do with literal http://purl.org/dc/terms/created
INFO: Don't know what to do with literal http://www.w3.org/2008/05/skos-xl#literalForm
INFO: Don't know what to do with relation http://www.w3.org/2008/05/skos-xl#prefLabel
WARNING: Stripping whitespace from label of http://www.yso.fi/onto/yso/p040803: ' Langerhans cellöar'
WARNING: Stripping whitespace from label of http://www.yso.fi/onto/yso/p20172: 'beställar–utförar-modeller '
WARNING: Stripping whitespace from label of http://www.yso.fi/onto/yso/p23572: '
big five personality traits model'
WARNING: Stripping whitespace from label of http://www.yso.fi/onto/yso/p28868: ' videoinnehållsskapare (sociala medier)'
WARNING: Stripping whitespace from label of http://www.yso.fi/onto/yso/p41052: 'ministers of social affairs and health '
WARNING: Stripping whitespace from label of http://www.yso.fi/onto/yso/p040815: 'NPH (normal pressure hydrocephalus) '
WARNING: Stripping whitespace from label of http://www.yso.fi/onto/yso/p040840: 'pansarminor '
WARNING: Stripping whitespace from label of http://www.yso.fi/onto/yso/p17090: 'kertomarunot (eeppiset runot) '
WARNING: Stripping whitespace from label of http://www.yso.fi/onto/yso/p23427: 'Wihuri Sibelius-priset '
WARNING: Stripping whitespace from label of http://www.yso.fi/onto/yso/p27304: 'polymyalgia arteritica '
WARNING: Stripping whitespace from label of http://www.yso.fi/onto/yso/p39770: 'påvliga encyklikor
'
WARNING: Stripping whitespace from label of http://www.yso.fi/onto/yso/p40933: 'lateral epicondylitis '
WARNING: Stripping whitespace from label of http://www.yso.fi/onto/yso/p41062: ' baobab'
WARNING: Stripping whitespace from label of http://www.yso.fi/onto/yso/p41080: ' isoterpen'
WARNING: Stripping whitespace from label of http://www.yso.fi/onto/yso/p41103: 'lute players
'
WARNING: Stripping whitespace from label of http://www.yso.fi/onto/yso/p9825: 'diabetic kidney disease '
WARNING: Stripping whitespace from label of http://www.yso.fi/onto/yso/p7674: 'Avser klass av blötdjur med odelade spiralvridna skal. Om vattenlevande blötdjur med tvådelade skal används termen <a href='http://www.yso.fi/onto/yso/p1480'>musslor</a>. '
WARNING: Stripping whitespace from label of http://www.yso.fi/onto/yso/p8515: 'Avser reglering av nativiteten. '
WARNING: Stripping whitespace from label of http://www.yso.fi/onto/yso/p40912: 'Psykoanalytisk inriktning från och med 1940-talet, som betonar egot i personlighetens funktion. '
WARNING: Multiple concept schemes found. Selecting http://www.yso.fi/onto/yso/ as default concept scheme.
INFO: Marking loose concept http://www.yso.fi/onto/yso/p15238 as top concept of scheme http://www.yso.fi/onto/yso/
INFO: Marking loose concept http://www.yso.fi/onto/yso/p4762 as top concept of scheme http://www.yso.fi/onto/yso/
INFO: Marking loose concept http://www.yso.fi/onto/yso/p8691 as top concept of scheme http://www.yso.fi/onto/yso/
WARNING: Hierarchy cycle removed at deprecatedConcepts -> deprecatedConcepts
WARNING: Concepts http://www.yso.fi/onto/yso/p10745 and http://www.yso.fi/onto/yso/p3515 connected by both skos:broaderTransitive and skos:related, removing skos:related
WARNING: Concepts http://www.yso.fi/onto/yso/p11485 and http://www.yso.fi/onto/yso/p391 connected by both skos:broaderTransitive and skos:related, removing skos:related
WARNING: Concepts http://www.yso.fi/onto/yso/p13116 and http://www.yso.fi/onto/yso/p593 connected by both skos:broaderTransitive and skos:related, removing skos:related
WARNING: Concepts http://www.yso.fi/onto/yso/p13312 and http://www.yso.fi/onto/yso/p593 connected by both skos:broaderTransitive and skos:related, removing skos:related
WARNING: Concepts http://www.yso.fi/onto/yso/p13823 and http://www.yso.fi/onto/yso/p593 connected by both skos:broaderTransitive and skos:related, removing skos:related
WARNING: Concepts http://www.yso.fi/onto/yso/p14075 and http://www.yso.fi/onto/yso/p392 connected by both skos:broaderTransitive and skos:related, removing skos:related
WARNING: Concepts http://www.yso.fi/onto/yso/p1439 and http://www.yso.fi/onto/yso/p593 connected by both skos:broaderTransitive and skos:related, removing skos:related
WARNING: Concepts http://www.yso.fi/onto/yso/p14642 and http://www.yso.fi/onto/yso/p593 connected by both skos:broaderTransitive and skos:related, removing skos:related
WARNING: Concepts http://www.yso.fi/onto/yso/p15130 and http://www.yso.fi/onto/yso/p3515 connected by both skos:broaderTransitive and skos:related, removing skos:related
WARNING: Concepts http://www.yso.fi/onto/yso/p15290 and http://www.yso.fi/onto/yso/p392 connected by both skos:broaderTransitive and skos:related, removing skos:related
WARNING: Concepts http://www.yso.fi/onto/yso/p15969 and http://www.yso.fi/onto/yso/p3515 connected by both skos:broaderTransitive and skos:related, removing skos:related
WARNING: Concepts http://www.yso.fi/onto/yso/p16802 and http://www.yso.fi/onto/yso/p14917 connected by both skos:broaderTransitive and skos:related, removing skos:related
WARNING: Concepts http://www.yso.fi/onto/yso/p17247 and http://www.yso.fi/onto/yso/p593 connected by both skos:broaderTransitive and skos:related, removing skos:related
WARNING: Concepts http://www.yso.fi/onto/yso/p17748 and http://www.yso.fi/onto/yso/p593 connected by both skos:broaderTransitive and skos:related, removing skos:related
WARNING: Concepts http://www.yso.fi/onto/yso/p1793 and http://www.yso.fi/onto/yso/p8240 connected by both skos:broaderTransitive and skos:related, removing skos:related
WARNING: Concepts http://www.yso.fi/onto/yso/p17965 and http://www.yso.fi/onto/yso/p593 connected by both skos:broaderTransitive and skos:related, removing skos:related
WARNING: Concepts http://www.yso.fi/onto/yso/p18935 and http://www.yso.fi/onto/yso/p593 connected by both skos:broaderTransitive and skos:related, removing skos:related
WARNING: Concepts http://www.yso.fi/onto/yso/p19310 and http://www.yso.fi/onto/yso/p3515 connected by both skos:broaderTransitive and skos:related, removing skos:related
WARNING: Concepts http://www.yso.fi/onto/yso/p19441 and http://www.yso.fi/onto/yso/p593 connected by both skos:broaderTransitive and skos:related, removing skos:related
WARNING: Concepts http://www.yso.fi/onto/yso/p20484 and http://www.yso.fi/onto/yso/p593 connected by both skos:broaderTransitive and skos:related, removing skos:related
WARNING: Concepts http://www.yso.fi/onto/yso/p22934 and http://www.yso.fi/onto/yso/p593 connected by both skos:broaderTransitive and skos:related, removing skos:related
WARNING: Concepts http://www.yso.fi/onto/yso/p24842 and http://www.yso.fi/onto/yso/p2512 connected by both skos:broaderTransitive and skos:related, removing skos:related
WARNING: Concepts http://www.yso.fi/onto/yso/p24995 and http://www.yso.fi/onto/yso/p593 connected by both skos:broaderTransitive and skos:related, removing skos:related
WARNING: Concepts http://www.yso.fi/onto/yso/p26865 and http://www.yso.fi/onto/yso/p593 connected by both skos:broaderTransitive and skos:related, removing skos:related
WARNING: Concepts http://www.yso.fi/onto/yso/p26866 and http://www.yso.fi/onto/yso/p593 connected by both skos:broaderTransitive and skos:related, removing skos:related
WARNING: Concepts http://www.yso.fi/onto/yso/p27683 and http://www.yso.fi/onto/yso/p593 connected by both skos:broaderTransitive and skos:related, removing skos:related
WARNING: Concepts http://www.yso.fi/onto/yso/p29426 and http://www.yso.fi/onto/yso/p593 connected by both skos:broaderTransitive and skos:related, removing skos:related
WARNING: Concepts http://www.yso.fi/onto/yso/p3121 and http://www.yso.fi/onto/yso/p14849 connected by both skos:broaderTransitive and skos:related, removing skos:related
WARNING: Concepts http://www.yso.fi/onto/yso/p3514 and http://www.yso.fi/onto/yso/p3515 connected by both skos:broaderTransitive and skos:related, removing skos:related
WARNING: Concepts http://www.yso.fi/onto/yso/p3545 and http://www.yso.fi/onto/yso/p593 connected by both skos:broaderTransitive and skos:related, removing skos:related
WARNING: Concepts http://www.yso.fi/onto/yso/p38554 and http://www.yso.fi/onto/yso/p38554 connected by both skos:broaderTransitive and skos:related, removing skos:related
WARNING: Concepts http://www.yso.fi/onto/yso/p390 and http://www.yso.fi/onto/yso/p391 connected by both skos:broaderTransitive and skos:related, removing skos:related
WARNING: Concepts http://www.yso.fi/onto/yso/p40311 and http://www.yso.fi/onto/yso/p3690 connected by both skos:broaderTransitive and skos:related, removing skos:related
WARNING: Concepts http://www.yso.fi/onto/yso/p5689 and http://www.yso.fi/onto/yso/p1542 connected by both skos:broaderTransitive and skos:related, removing skos:related
WARNING: Concepts http://www.yso.fi/onto/yso/p592 and http://www.yso.fi/onto/yso/p593 connected by both skos:broaderTransitive and skos:related, removing skos:related
WARNING: Concepts http://www.yso.fi/onto/yso/p6527 and http://www.yso.fi/onto/yso/p21323 connected by both skos:broaderTransitive and skos:related, removing skos:related
WARNING: Concepts http://www.yso.fi/onto/yso/p7404 and http://www.yso.fi/onto/yso/p7403 connected by both skos:broaderTransitive and skos:related, removing skos:related
WARNING: Concepts http://www.yso.fi/onto/yso/p7548 and http://www.yso.fi/onto/yso/p15748 connected by both skos:broaderTransitive and skos:related, removing skos:related
WARNING: Concepts http://www.yso.fi/onto/yso/p7899 and http://www.yso.fi/onto/yso/p392 connected by both skos:broaderTransitive and skos:related, removing skos:related
WARNING: Concepts http://www.yso.fi/onto/yso/p8522 and http://www.yso.fi/onto/yso/p14917 connected by both skos:broaderTransitive and skos:related, removing skos:related
WARNING: Eliminating redundant hierarchical relationship: http://www.yso.fi/onto/yso/p9737 skos:broader http://www.yso.fi/onto/yso/p1404
