2025-11-19 16:56:32,141 WARNING MeSH-tunnistetta ei löytynyt labelille "Abortion, Illegal"@en
2025-11-19 16:56:32,166 WARNING MeSH-tunnistetta ei löytynyt labelille "Adaptive Algorithms"@en
2025-11-19 16:56:32,171 WARNING MeSH-tunnistetta ei löytynyt labelille "adenosine diphosphate sugars"@en
2025-11-19 16:56:32,173 WARNING MeSH-tunnistetta ei löytynyt labelille "Adherence Interventions"@en
2025-11-19 16:56:32,183 WARNING MeSH-tunnistetta ei löytynyt labelille "Advanced Maternal Age"@en
2025-11-19 16:56:32,190 WARNING MeSH-tunnistetta ei löytynyt labelille "Aging in Place"@en
2025-11-19 16:56:32,191 WARNING MeSH-tunnistetta ei löytynyt labelille "Agroecology"@en
2025-11-19 16:56:32,191 WARNING MeSH-tunnistetta ei löytynyt labelille "AICDA (Activation-Induced Cytidine Deaminase)"@en
2025-11-19 16:56:32,219 WARNING MeSH-tunnistetta ei löytynyt labelille "amlodipine"@en
2025-11-19 16:56:32,225 WARNING MeSH-tunnistetta ei löytynyt labelille "amylopectin"@en
2025-11-19 16:56:32,272 WARNING MeSH-tunnistetta ei löytynyt labelille "aortic valve"@en
2025-11-19 16:56:32,279 WARNING MeSH-tunnistetta ei löytynyt labelille "Aquablation"@en
2025-11-19 16:56:32,302 WARNING MeSH-tunnistetta ei löytynyt labelille "Assessment of Medication Adherence"@en
2025-11-19 16:56:32,306 WARNING MeSH-tunnistetta ei löytynyt labelille "Athletic Trainers"@en
2025-11-19 16:56:32,307 WARNING MeSH-tunnistetta ei löytynyt labelille "ATP Binding Cassette Transporter, SubFamily A"@en
2025-11-19 16:56:32,307 WARNING MeSH-tunnistetta ei löytynyt labelille "ATP Binding Cassette Transporter, SubFamily A, Member 4"@en
2025-11-19 16:56:32,310 WARNING MeSH-tunnistetta ei löytynyt labelille "Atrioventricular block"@en
2025-11-19 16:56:32,310 WARNING MeSH-tunnistetta ei löytynyt labelille "Atrophic Maxilla"@en
2025-11-19 16:56:32,316 WARNING MeSH-tunnistetta ei löytynyt labelille "Autoencoder"@en
2025-11-19 16:56:32,318 WARNING MeSH-tunnistetta ei löytynyt labelille "Autonomous Robots"@en
2025-11-19 16:56:32,326 WARNING MeSH-tunnistetta ei löytynyt labelille "Backtracking Algorithms"@en
2025-11-19 16:56:32,337 WARNING MeSH-tunnistetta ei löytynyt labelille "Battered Men"@en
2025-11-19 16:56:32,360 WARNING MeSH-tunnistetta ei löytynyt labelille "Biosurfactants"@en
2025-11-19 16:56:32,363 WARNING MeSH-tunnistetta ei löytynyt labelille "Bisphenol A Compounds"@en
2025-11-19 16:56:32,363 WARNING MeSH-tunnistetta ei löytynyt labelille "Bisphenol B Compounds"@en
2025-11-19 16:56:32,363 WARNING MeSH-tunnistetta ei löytynyt labelille "Bisphenol F Compounds"@en
2025-11-19 16:56:32,363 WARNING MeSH-tunnistetta ei löytynyt labelille "Bisphenol S Compounds"@en
2025-11-19 16:56:32,363 WARNING MeSH-tunnistetta ei löytynyt labelille "Bisphenols"@en
2025-11-19 16:56:32,365 WARNING MeSH-tunnistetta ei löytynyt labelille "Blastic Plasmacytoid Dendritic Cell Neoplasm"@en
2025-11-19 16:56:32,375 WARNING MeSH-tunnistetta ei löytynyt labelille "Body Satisfaction"@en
2025-11-19 16:56:32,382 WARNING MeSH-tunnistetta ei löytynyt labelille "Boosting Machine Learning Algorithms"@en
2025-11-19 16:56:32,388 WARNING MeSH-tunnistetta ei löytynyt labelille "Brachyury Protein"@en
2025-11-19 16:56:32,396 WARNING MeSH-tunnistetta ei löytynyt labelille "brimonidine tartrate, timolol maleate drug combination"@en
2025-11-19 16:56:32,432 WARNING MeSH-tunnistetta ei löytynyt labelille "Carboranes"@en
2025-11-19 16:56:32,457 WARNING MeSH-tunnistetta ei löytynyt labelille "Caudata"@en
2025-11-19 16:56:32,459 WARNING MeSH-tunnistetta ei löytynyt labelille "CD163 Antigen"@en
2025-11-19 16:56:32,471 WARNING MeSH-tunnistetta ei löytynyt labelille "Cellular Neural Networks, Computer"@en
2025-11-19 16:56:32,479 WARNING MeSH-tunnistetta ei löytynyt labelille "Cerebellar Cognitive Affective Syndrome"@en
2025-11-19 16:56:32,488 WARNING MeSH-tunnistetta ei löytynyt labelille "Channa punctata"@en
2025-11-19 16:56:32,492 WARNING MeSH-tunnistetta ei löytynyt labelille "Chemogenetics"@en
2025-11-19 16:56:32,494 WARNING MeSH-tunnistetta ei löytynyt labelille "Chemsex"@en
2025-11-19 16:56:32,500 WARNING MeSH-tunnistetta ei löytynyt labelille "Children with Disabilities"@en
2025-11-19 16:56:32,514 WARNING MeSH-tunnistetta ei löytynyt labelille "chondromalacia patellae"@en
2025-11-19 16:56:32,524 WARNING MeSH-tunnistetta ei löytynyt labelille "Chronic Care Model"@en
2025-11-19 16:56:32,534 WARNING MeSH-tunnistetta ei löytynyt labelille "Classical swine fever virus"@en
2025-11-19 16:56:32,534 WARNING MeSH-tunnistetta ei löytynyt labelille "Classification Algorithms"@en
2025-11-19 16:56:32,535 WARNING MeSH-tunnistetta ei löytynyt labelille "Claustrophobia"@en
2025-11-19 16:56:32,536 WARNING MeSH-tunnistetta ei löytynyt labelille "Climate Anxiety"@en
2025-11-19 16:56:32,539 WARNING MeSH-tunnistetta ei löytynyt labelille "Cloacal Exstrophy"@en
2025-11-19 16:56:32,543 WARNING MeSH-tunnistetta ei löytynyt labelille "Clostridioides Difficile"@en
2025-11-19 16:56:32,545 WARNING MeSH-tunnistetta ei löytynyt labelille "Clustering Algorithms"@en
2025-11-19 16:56:32,547 WARNING MeSH-tunnistetta ei löytynyt labelille "Cocaine- and Amphetamine-Regulated Transcript Protein"@en
2025-11-19 16:56:32,547 WARNING MeSH-tunnistetta ei löytynyt labelille "Coccidioidal Meningitis"@en
2025-11-19 16:56:32,551 WARNING MeSH-tunnistetta ei löytynyt labelille "Cognitive Flexibility"@en
2025-11-19 16:56:32,555 WARNING MeSH-tunnistetta ei löytynyt labelille "Collapsin Response Mediator Protein 1"@en
2025-11-19 16:56:32,557 WARNING MeSH-tunnistetta ei löytynyt labelille "colon, descending"@en
2025-11-19 16:56:32,563 WARNING MeSH-tunnistetta ei löytynyt labelille "Commitment of Persons with Psychiatric Disorders"@en
2025-11-19 16:56:32,565 WARNING MeSH-tunnistetta ei löytynyt labelille "Communication Devices for People with Disabilities"@en
2025-11-19 16:56:32,567 WARNING MeSH-tunnistetta ei löytynyt labelille "Community-Acquired Pneumonia"@en
2025-11-19 16:56:32,572 WARNING MeSH-tunnistetta ei löytynyt labelille "Compression Algorithms"@en
2025-11-19 16:56:32,582 WARNING MeSH-tunnistetta ei löytynyt labelille "Congenital Portosystemic Shunt"@en
2025-11-19 16:56:32,586 WARNING MeSH-tunnistetta ei löytynyt labelille "Constraint Induced Movement Therapy"@en
2025-11-19 16:56:32,589 WARNING MeSH-tunnistetta ei löytynyt labelille "Continuous Flow Chemistry"@en
2025-11-19 16:56:32,595 WARNING MeSH-tunnistetta ei löytynyt labelille "Convolutional Neural Networks"@en
2025-11-19 16:56:32,596 WARNING MeSH-tunnistetta ei löytynyt labelille "Copper-transporting ATPases"@en
2025-11-19 16:56:32,616 WARNING MeSH-tunnistetta ei löytynyt labelille "CRF Receptor, Type 1"@en
2025-11-19 16:56:32,618 WARNING MeSH-tunnistetta ei löytynyt labelille "Cronkhite-Canada Syndrome"@en
2025-11-19 16:56:32,651 WARNING MeSH-tunnistetta ei löytynyt labelille "Data Analytics"@en
2025-11-19 16:56:32,666 WARNING MeSH-tunnistetta ei löytynyt labelille "Dental Care for Persons with Disabilities"@en
2025-11-19 16:56:32,686 WARNING MeSH-tunnistetta ei löytynyt labelille "Desmoid Tumors"@en
2025-11-19 16:56:32,687 WARNING MeSH-tunnistetta ei löytynyt labelille "Detection Algorithms"@en
2025-11-19 16:56:32,688 WARNING MeSH-tunnistetta ei löytynyt labelille "Developmental Origins of Health and Disease"@en
2025-11-19 16:56:32,688 WARNING MeSH-tunnistetta ei löytynyt labelille "Device Lead Extraction"@en
2025-11-19 16:56:32,689 WARNING MeSH-tunnistetta ei löytynyt labelille "Diabesity"@en
2025-11-19 16:56:32,697 WARNING MeSH-tunnistetta ei löytynyt labelille "dibenzazepines"@en
2025-11-19 16:56:32,708 WARNING MeSH-tunnistetta ei löytynyt labelille "Digital Media"@en
2025-11-19 16:56:32,709 WARNING MeSH-tunnistetta ei löytynyt labelille "dihydroalprenolol"@en
2025-11-19 16:56:32,711 WARNING MeSH-tunnistetta ei löytynyt labelille "Dimensionality Reduction"@en
2025-11-19 16:56:32,714 WARNING MeSH-tunnistetta ei löytynyt labelille "Diphenyl Sulfone Compounds"@en
2025-11-19 16:56:32,721 WARNING MeSH-tunnistetta ei löytynyt labelille "Disordered Eating Behavior"@en
2025-11-19 16:56:32,724 WARNING MeSH-tunnistetta ei löytynyt labelille "Disulfidptosis"@en
2025-11-19 16:56:32,726 WARNING MeSH-tunnistetta ei löytynyt labelille "Diving and Hyperbaric Medicine"@en
2025-11-19 16:56:32,745 WARNING MeSH-tunnistetta ei löytynyt labelille "drug therapy, computer-assisted"@en
2025-11-19 16:56:32,751 WARNING MeSH-tunnistetta ei löytynyt labelille "Dynamic Contrast Enhanced Magnetic Resonance Imaging"@en
2025-11-19 16:56:32,751 WARNING MeSH-tunnistetta ei löytynyt labelille "Dynamic Programming"@en
2025-11-19 16:56:32,767 WARNING MeSH-tunnistetta ei löytynyt labelille "Education of Persons with Hearing Disabilities"@en
2025-11-19 16:56:32,767 WARNING MeSH-tunnistetta ei löytynyt labelille "Education of Persons with Intellectual Disabilities"@en
2025-11-19 16:56:32,767 WARNING MeSH-tunnistetta ei löytynyt labelille "Education of Persons with Visual Disabilities"@en
2025-11-19 16:56:32,786 WARNING MeSH-tunnistetta ei löytynyt labelille "Emergency Use Authorization"@en
2025-11-19 16:56:32,787 WARNING MeSH-tunnistetta ei löytynyt labelille "Emotional Eating"@en
2025-11-19 16:56:32,788 WARNING MeSH-tunnistetta ei löytynyt labelille "Emphysematous Pyelonephritis"@en
2025-11-19 16:56:32,795 WARNING MeSH-tunnistetta ei löytynyt labelille "endocardial cushions"@en
2025-11-19 16:56:32,803 WARNING MeSH-tunnistetta ei löytynyt labelille "endothelin receptor antagonists"@en
2025-11-19 16:56:32,806 WARNING MeSH-tunnistetta ei löytynyt labelille "Ensemble Learning"@en
2025-11-19 16:56:32,817 WARNING MeSH-tunnistetta ei löytynyt labelille "Epigenome Editing"@en
2025-11-19 16:56:32,838 WARNING MeSH-tunnistetta ei löytynyt labelille "estrogen receptor antagonists"@en
2025-11-19 16:56:32,840 WARNING MeSH-tunnistetta ei löytynyt labelille "Ethical Dilemmas"@en
2025-11-19 16:56:32,854 WARNING MeSH-tunnistetta ei löytynyt labelille "Exostosin 1"@en
2025-11-19 16:56:32,855 WARNING MeSH-tunnistetta ei löytynyt labelille "Exostosin 2"@en
2025-11-19 16:56:32,855 WARNING MeSH-tunnistetta ei löytynyt labelille "Exostosin Glycosyltransferase Family"@en
2025-11-19 16:56:32,858 WARNING MeSH-tunnistetta ei löytynyt labelille "Extreme Learning Machines"@en
2025-11-19 16:56:32,880 WARNING MeSH-tunnistetta ei löytynyt labelille "Federated Learning"@en
2025-11-19 16:56:32,880 WARNING MeSH-tunnistetta ei löytynyt labelille "Feedforward Neural Networks"@en
2025-11-19 16:56:32,881 WARNING MeSH-tunnistetta ei löytynyt labelille "Feline panleukopenia virus"@en
2025-11-19 16:56:32,882 WARNING MeSH-tunnistetta ei löytynyt labelille "Female"@en
2025-11-19 16:56:32,886 WARNING MeSH-tunnistetta ei löytynyt labelille "Ferroportin"@en
2025-11-19 16:56:32,890 WARNING MeSH-tunnistetta ei löytynyt labelille "Fetus-in-Fetu"@en
2025-11-19 16:56:32,893 WARNING MeSH-tunnistetta ei löytynyt labelille "fibroma"@en
2025-11-19 16:56:32,904 WARNING MeSH-tunnistetta ei löytynyt labelille "fluoresceins"@en
2025-11-19 16:56:32,905 WARNING MeSH-tunnistetta ei löytynyt labelille "Fluorescent Chemosensor Compounds"@en
2025-11-19 16:56:32,917 WARNING MeSH-tunnistetta ei löytynyt labelille "Forced Labor, Employment"@en
2025-11-19 16:56:32,919 WARNING MeSH-tunnistetta ei löytynyt labelille "Forest Therapy"@en
2025-11-19 16:56:32,922 WARNING MeSH-tunnistetta ei löytynyt labelille "Foveomacular Retinitis"@en
2025-11-19 16:56:32,929 WARNING MeSH-tunnistetta ei löytynyt labelille "Frontline Workers"@en
2025-11-19 16:56:32,931 WARNING MeSH-tunnistetta ei löytynyt labelille "Functional Medicine"@en
2025-11-19 16:56:32,938 WARNING MeSH-tunnistetta ei löytynyt labelille "Gaelic Football"@en
2025-11-19 16:56:32,955 WARNING MeSH-tunnistetta ei löytynyt labelille "Gender-Affirming Procedures"@en
2025-11-19 16:56:32,955 WARNING MeSH-tunnistetta ei löytynyt labelille "Gender-Affirming Surgery"@en
2025-11-19 16:56:32,957 WARNING MeSH-tunnistetta ei löytynyt labelille "Gene Therapy Agents"@en
2025-11-19 16:56:32,958 WARNING MeSH-tunnistetta ei löytynyt labelille "Generalized Anxiety Disorder"@en
2025-11-19 16:56:32,958 WARNING MeSH-tunnistetta ei löytynyt labelille "Generative Adversarial Networks"@en
2025-11-19 16:56:32,958 WARNING MeSH-tunnistetta ei löytynyt labelille "Generative Artificial Intelligence"@en
2025-11-19 16:56:32,964 WARNING MeSH-tunnistetta ei löytynyt labelille "Genetic Algorithms"@en
2025-11-19 16:56:32,974 WARNING MeSH-tunnistetta ei löytynyt labelille "Gestational Carriers"@en
2025-11-19 16:56:32,993 WARNING MeSH-tunnistetta ei löytynyt labelille "glycogen Storage Disease Type VIII"@en
2025-11-19 16:56:33,006 WARNING MeSH-tunnistetta ei löytynyt labelille "Graph Neural Networks"@en
2025-11-19 16:56:33,008 WARNING MeSH-tunnistetta ei löytynyt labelille "Grief Therapy"@en
2025-11-19 16:56:33,015 WARNING MeSH-tunnistetta ei löytynyt labelille "Guttate Psoriasis"@en
2025-11-19 16:56:33,024 WARNING MeSH-tunnistetta ei löytynyt labelille "Hardware Removal"@en
2025-11-19 16:56:33,027 WARNING MeSH-tunnistetta ei löytynyt labelille "Health Care Facilities Workforce and Services"@en
2025-11-19 16:56:33,052 WARNING MeSH-tunnistetta ei löytynyt labelille "hemipelvectomy"@en
2025-11-19 16:56:33,076 WARNING MeSH-tunnistetta ei löytynyt labelille "Hidden Markov Models"@en
2025-11-19 16:56:33,081 WARNING MeSH-tunnistetta ei löytynyt labelille "Histidine-Rich Glycoprotein"@en
2025-11-19 16:56:33,083 WARNING MeSH-tunnistetta ei löytynyt labelille "Historically Black Colleges and Universities"@en
2025-11-19 16:56:33,095 WARNING MeSH-tunnistetta ei löytynyt labelille "Hopfield Neural Networks"@en
2025-11-19 16:56:33,104 WARNING MeSH-tunnistetta ei löytynyt labelille "Human Challenge Trials"@en
2025-11-19 16:56:33,104 WARNING MeSH-tunnistetta ei löytynyt labelille "Human Challenge Trials as Topic"@en
2025-11-19 16:56:33,105 WARNING MeSH-tunnistetta ei löytynyt labelille "human T-lymphotropic virus 3"@en
2025-11-19 16:56:33,182 WARNING MeSH-tunnistetta ei löytynyt labelille "Intelligent Systems"@en
2025-11-19 16:56:33,187 WARNING MeSH-tunnistetta ei löytynyt labelille "Interleukin-21"@en
2025-11-19 16:56:33,223 WARNING MeSH-tunnistetta ei löytynyt labelille "Kcnj10 Channel"@en
2025-11-19 16:56:33,233 WARNING MeSH-tunnistetta ei löytynyt labelille "Kiribati"@en
2025-11-19 16:56:33,241 WARNING MeSH-tunnistetta ei löytynyt labelille "Lacrosse"@en
2025-11-19 16:56:33,245 WARNING MeSH-tunnistetta ei löytynyt labelille "lamivudine"@en
2025-11-19 16:56:33,248 WARNING MeSH-tunnistetta ei löytynyt labelille "Large Language Models"@en
2025-11-19 16:56:33,259 WARNING MeSH-tunnistetta ei löytynyt labelille "leiomyoma"@en
2025-11-19 16:56:33,296 WARNING MeSH-tunnistetta ei löytynyt labelille "Long Short Term Memory"@en
2025-11-19 16:56:33,296 WARNING MeSH-tunnistetta ei löytynyt labelille "Long-Chain-Fatty-Acid-CoA Ligase"@en
2025-11-19 16:56:33,301 WARNING MeSH-tunnistetta ei löytynyt labelille "Lucilia Blowflies"@en
2025-11-19 16:56:33,301 WARNING MeSH-tunnistetta ei löytynyt labelille "Lucilia cuprina"@en
2025-11-19 16:56:33,301 WARNING MeSH-tunnistetta ei löytynyt labelille "Lucilia sericata"@en
2025-11-19 16:56:33,305 WARNING MeSH-tunnistetta ei löytynyt labelille "luteolin"@en
2025-11-19 16:56:33,316 WARNING MeSH-tunnistetta ei löytynyt labelille "Machine Learning Algorithms"@en
2025-11-19 16:56:33,323 WARNING MeSH-tunnistetta ei löytynyt labelille "Male"@en
2025-11-19 16:56:33,353 WARNING MeSH-tunnistetta ei löytynyt labelille "Medical Debt"@en
2025-11-19 16:56:33,353 WARNING MeSH-tunnistetta ei löytynyt labelille "Medical Interpreting"@en
2025-11-19 16:56:33,358 WARNING MeSH-tunnistetta ei löytynyt labelille "Medicine, Iranian Traditional"@en
2025-11-19 16:56:33,370 WARNING MeSH-tunnistetta ei löytynyt labelille "Men's Health Services"@en
2025-11-19 16:56:33,377 WARNING MeSH-tunnistetta ei löytynyt labelille "Mesolimbic System"@en
2025-11-19 16:56:33,381 WARNING MeSH-tunnistetta ei löytynyt labelille "Meta-Research"@en
2025-11-19 16:56:33,403 WARNING MeSH-tunnistetta ei löytynyt labelille "Mindfulness-Based Cognitive Therapy"@en
2025-11-19 16:56:33,403 WARNING MeSH-tunnistetta ei löytynyt labelille "Mindfulness-Based Stress Reduction"@en
2025-11-19 16:56:33,429 WARNING MeSH-tunnistetta ei löytynyt labelille "Mpox, Monkeypox"@en
2025-11-19 16:56:33,429 WARNING MeSH-tunnistetta ei löytynyt labelille "mRNA Guanylyltransferases"@en
2025-11-19 16:56:33,429 WARNING MeSH-tunnistetta ei löytynyt labelille "MTOR Associated Protein, LST8 Homolog"@en
2025-11-19 16:56:33,433 WARNING MeSH-tunnistetta ei löytynyt labelille "Multilayer Perceptrons"@en
2025-11-19 16:56:33,436 WARNING MeSH-tunnistetta ei löytynyt labelille "Multiple-Instance Learning Algorithms"@en
2025-11-19 16:56:33,450 WARNING MeSH-tunnistetta ei löytynyt labelille "Myelin Oligodendrocyte Glycoprotein Antibody-Associated Disease"@en
2025-11-19 16:56:33,451 WARNING MeSH-tunnistetta ei löytynyt labelille "myeloblastin"@en
2025-11-19 16:56:33,471 WARNING MeSH-tunnistetta ei löytynyt labelille "Native Hawaiian or Pacific Islander"@en
2025-11-19 16:56:33,480 WARNING MeSH-tunnistetta ei löytynyt labelille "Neoplasm, Lymphatic Tissue"@en
2025-11-19 16:56:34,192 WARNING MeSH-tunnistetta ei löytynyt labelille "Network Meta-Analysis as Topic"@en
2025-11-19 16:56:34,212 WARNING MeSH-tunnistetta ei löytynyt labelille "Nicotinate-Nucleotide Diphosphorylase (Carboxylating)"@en
2025-11-19 16:56:34,214 WARNING MeSH-tunnistetta ei löytynyt labelille "Nightclubs"@en
2025-11-19 16:56:34,222 WARNING MeSH-tunnistetta ei löytynyt labelille "Nociplastic Pain"@en
2025-11-19 16:56:34,224 WARNING MeSH-tunnistetta ei löytynyt labelille "Non-Fungible Tokens"@en
2025-11-19 16:56:34,252 WARNING MeSH-tunnistetta ei löytynyt labelille "OEIS Complex"@en
2025-11-19 16:56:34,258 WARNING MeSH-tunnistetta ei löytynyt labelille "Onco-anesthesia"@en
2025-11-19 16:56:34,271 WARNING MeSH-tunnistetta ei löytynyt labelille "Opticians"@en
2025-11-19 16:56:34,272 WARNING MeSH-tunnistetta ei löytynyt labelille "Oral Allergy Syndrome"@en
2025-11-19 16:56:34,294 WARNING MeSH-tunnistetta ei löytynyt labelille "Outcome Expectations"@en
2025-11-19 16:56:34,301 WARNING MeSH-tunnistetta ei löytynyt labelille "oxymetazoline"@en
2025-11-19 16:56:34,302 WARNING MeSH-tunnistetta ei löytynyt labelille "Oxysterol Binding Proteins"@en
2025-11-19 16:56:34,320 WARNING MeSH-tunnistetta ei löytynyt labelille "Parallel Algorithms"@en
2025-11-19 16:56:34,333 WARNING MeSH-tunnistetta ei löytynyt labelille "Particle Swarm Optimization"@en
2025-11-19 16:56:34,336 WARNING MeSH-tunnistetta ei löytynyt labelille "Paternal Death"@en
2025-11-19 16:56:34,341 WARNING MeSH-tunnistetta ei löytynyt labelille "Pattern Analysis, Machine"@en
2025-11-19 16:56:34,355 WARNING MeSH-tunnistetta ei löytynyt labelille "Perfusion Magnetic Resonance Imaging"@en
2025-11-19 16:56:34,357 WARNING MeSH-tunnistetta ei löytynyt labelille "pericarditis"@en
2025-11-19 16:56:34,359 WARNING MeSH-tunnistetta ei löytynyt labelille "Periodization"@en
2025-11-19 16:56:34,361 WARNING MeSH-tunnistetta ei löytynyt labelille "Peripartum Cardiomyopathy"@en
2025-11-19 16:56:34,365 WARNING MeSH-tunnistetta ei löytynyt labelille "permethrin"@en
2025-11-19 16:56:34,368 WARNING MeSH-tunnistetta ei löytynyt labelille "Personal Trainers"@en
2025-11-19 16:56:34,370 WARNING MeSH-tunnistetta ei löytynyt labelille "Persons with Disabilities"@en
2025-11-19 16:56:34,370 WARNING MeSH-tunnistetta ei löytynyt labelille "Persons with Hearing Disabilities"@en
2025-11-19 16:56:34,370 WARNING MeSH-tunnistetta ei löytynyt labelille "Persons with Intellectual Disabilities"@en
2025-11-19 16:56:34,370 WARNING MeSH-tunnistetta ei löytynyt labelille "Persons with Psychiatric Disorders"@en
2025-11-19 16:56:34,370 WARNING MeSH-tunnistetta ei löytynyt labelille "Persons with Visual Disabilities"@en
2025-11-19 16:56:34,382 WARNING MeSH-tunnistetta ei löytynyt labelille "Phobia, School"@en
2025-11-19 16:56:34,384 WARNING MeSH-tunnistetta ei löytynyt labelille "phosphatidylglycerols"@en
2025-11-19 16:56:34,406 WARNING MeSH-tunnistetta ei löytynyt labelille "pituitary hormone release inhibiting hormones"@en
2025-11-19 16:56:34,410 WARNING MeSH-tunnistetta ei löytynyt labelille "Plain Language Summaries"@en
2025-11-19 16:56:34,427 WARNING MeSH-tunnistetta ei löytynyt labelille "Podoplanin"@en
2025-11-19 16:56:34,430 WARNING MeSH-tunnistetta ei löytynyt labelille "Politicization"@en
2025-11-19 16:56:34,432 WARNING MeSH-tunnistetta ei löytynyt labelille "Polycarbonates"@en
2025-11-19 16:56:34,435 WARNING MeSH-tunnistetta ei löytynyt labelille "Polyether Compounds"@en
2025-11-19 16:56:34,437 WARNING MeSH-tunnistetta ei löytynyt labelille "Polymorphic Catecholaminergic Ventricular Tachycardia"@en
2025-11-19 16:56:34,441 WARNING MeSH-tunnistetta ei löytynyt labelille "Pooled Testing"@en
2025-11-19 16:56:34,445 WARNING MeSH-tunnistetta ei löytynyt labelille "Portable X-Ray"@en
2025-11-19 16:56:34,458 WARNING MeSH-tunnistetta ei löytynyt labelille "Prediction Algorithms"@en
2025-11-19 16:56:34,458 WARNING MeSH-tunnistetta ei löytynyt labelille "Prediction Methods, Machine"@en
2025-11-19 16:56:34,458 WARNING MeSH-tunnistetta ei löytynyt labelille "Predictive Learning Models"@en
2025-11-19 16:56:34,461 WARNING MeSH-tunnistetta ei löytynyt labelille "Pregnancy in Obesity"@en
2025-11-19 16:56:34,464 WARNING MeSH-tunnistetta ei löytynyt labelille "Pregnancy-Related Death"@en
2025-11-19 16:56:34,464 WARNING MeSH-tunnistetta ei löytynyt labelille "Pregnant People"@en
2025-11-19 16:56:34,469 WARNING MeSH-tunnistetta ei löytynyt labelille "Price Transparency"@en
2025-11-19 16:56:34,482 WARNING MeSH-tunnistetta ei löytynyt labelille "Prospero-Related Homeobox 1 Protein"@en
2025-11-19 16:56:34,499 WARNING MeSH-tunnistetta ei löytynyt labelille "Pseudocowpox virus"@en
2025-11-19 16:56:34,504 WARNING MeSH-tunnistetta ei löytynyt labelille "Psychologists"@en
2025-11-19 16:56:34,530 WARNING MeSH-tunnistetta ei löytynyt labelille "Quantum Mechanics"@en
2025-11-19 16:56:34,534 WARNING MeSH-tunnistetta ei löytynyt labelille "Radial Basis Function Networks"@en
2025-11-19 16:56:34,540 WARNING MeSH-tunnistetta ei löytynyt labelille "radioisotopes"@en
2025-11-19 16:56:34,575 WARNING MeSH-tunnistetta ei löytynyt labelille "Recurrent Neural Networks"@en
2025-11-19 16:56:34,582 WARNING MeSH-tunnistetta ei löytynyt labelille "Reinforcement Machine Learning"@en
2025-11-19 16:56:34,584 WARNING MeSH-tunnistetta ei löytynyt labelille "Remote Patient Monitoring"@en
2025-11-19 16:56:34,588 WARNING MeSH-tunnistetta ei löytynyt labelille "Representation Machine Learning"@en
2025-11-19 16:56:34,605 WARNING MeSH-tunnistetta ei löytynyt labelille "Retraction Notice"@en
2025-11-19 16:56:34,607 WARNING MeSH-tunnistetta ei löytynyt labelille "Return of Individual Research Results"@en
2025-11-19 16:56:34,620 WARNING MeSH-tunnistetta ei löytynyt labelille "riluzole"@en
2025-11-19 16:56:34,623 WARNING MeSH-tunnistetta ei löytynyt labelille "RNA Damage"@en
2025-11-19 16:56:34,635 WARNING MeSH-tunnistetta ei löytynyt labelille "RNA, Z-Form"@en
2025-11-19 16:56:34,641 WARNING MeSH-tunnistetta ei löytynyt labelille "roxithromycin"@en
2025-11-19 16:56:34,641 WARNING MeSH-tunnistetta ei löytynyt labelille "R-Spondins"@en
2025-11-19 16:56:34,668 WARNING MeSH-tunnistetta ei löytynyt labelille "Scoping Review"@en
2025-11-19 16:56:34,669 WARNING MeSH-tunnistetta ei löytynyt labelille "Scoping Review as Topic"@en
2025-11-19 16:56:34,671 WARNING MeSH-tunnistetta ei löytynyt labelille "Seashore"@en
2025-11-19 16:56:34,686 WARNING MeSH-tunnistetta ei löytynyt labelille "Sense of Agency"@en
2025-11-19 16:56:34,694 WARNING MeSH-tunnistetta ei löytynyt labelille "Seven in Absentia Proteins"@en
2025-11-19 16:56:34,704 WARNING MeSH-tunnistetta ei löytynyt labelille "Shotgun Sequencing"@en
2025-11-19 16:56:34,714 WARNING MeSH-tunnistetta ei löytynyt labelille "Single-Use Internal Condom"@en
2025-11-19 16:56:34,720 WARNING MeSH-tunnistetta ei löytynyt labelille "Skin Microbiome"@en
2025-11-19 16:56:34,724 WARNING MeSH-tunnistetta ei löytynyt labelille "Slit Homolog 2 Protein"@en
2025-11-19 16:56:34,732 WARNING MeSH-tunnistetta ei löytynyt labelille "Social Prescribing"@en
2025-11-19 16:56:34,747 WARNING MeSH-tunnistetta ei löytynyt labelille "Specialized Pro-Resolving Mediators"@en
2025-11-19 16:56:34,775 WARNING MeSH-tunnistetta ei löytynyt labelille "Steroidogenic Acute Regulatory Protein"@en
2025-11-19 16:56:34,780 WARNING MeSH-tunnistetta ei löytynyt labelille "Street Food"@en
2025-11-19 16:56:34,785 WARNING MeSH-tunnistetta ei löytynyt labelille "Structural Maintenance of Chromosome Protein 1"@en
2025-11-19 16:56:34,804 WARNING MeSH-tunnistetta ei löytynyt labelille "Surgical Procedures, Colorectal"@en
2025-11-19 16:56:34,810 WARNING MeSH-tunnistetta ei löytynyt labelille "synaptosomal-Associated Protein 25"@en
2025-11-19 16:56:34,815 WARNING MeSH-tunnistetta ei löytynyt labelille "T Lineage-Specific Activation Antigen 1"@en
2025-11-19 16:56:34,822 WARNING MeSH-tunnistetta ei löytynyt labelille "Taste Receptors, Type 2"@en
2025-11-19 16:56:34,824 WARNING MeSH-tunnistetta ei löytynyt labelille "T-bet Transcription Factor"@en
2025-11-19 16:56:34,866 WARNING MeSH-tunnistetta ei löytynyt labelille "Tinea Cruris"@en
2025-11-19 16:56:34,871 WARNING MeSH-tunnistetta ei löytynyt labelille "Tirzepatide"@en
2025-11-19 16:56:34,892 WARNING MeSH-tunnistetta ei löytynyt labelille "Tracheostomy Decannulation"@en
2025-11-19 16:56:34,896 WARNING MeSH-tunnistetta ei löytynyt labelille "Transcription Factor TFIIIC"@en
2025-11-19 16:56:34,897 WARNING MeSH-tunnistetta ei löytynyt labelille "Transfer Machine Learning"@en
2025-11-19 16:56:34,903 WARNING MeSH-tunnistetta ei löytynyt labelille "Treatment Expectations"@en
2025-11-19 16:56:34,915 WARNING MeSH-tunnistetta ei löytynyt labelille "Triphenylmethyl Compounds"@en
2025-11-19 16:56:34,933 WARNING MeSH-tunnistetta ei löytynyt labelille "Ubiquitin-Conjugating Enzyme UBC9"@en
2025-11-19 16:56:34,937 WARNING MeSH-tunnistetta ei löytynyt labelille "Unaccompanied Minors"@en
2025-11-19 16:56:34,958 WARNING MeSH-tunnistetta ei löytynyt labelille "Uveal Melanoma"@en
2025-11-19 16:56:34,971 WARNING MeSH-tunnistetta ei löytynyt labelille "Vasodilator-Stimulated Phosphoprotein"@en
2025-11-19 16:56:34,971 WARNING MeSH-tunnistetta ei löytynyt labelille "Vaso-Occlusive Crises"@en
2025-11-19 16:56:34,973 WARNING MeSH-tunnistetta ei löytynyt labelille "venae cavae"@en
2025-11-19 16:56:35,023 WARNING MeSH-tunnistetta ei löytynyt labelille "X-Linked Intellectual Disability"@en
2025-11-19 16:56:35,035 INFO Tallennettu MeSH-tunnisteiden alle 30690kpl suomenkielisiä prefLabeleita
2025-11-19 16:56:35,035 INFO Tallennettu MeSH-tunnisteiden alle 64898kpl suomenkielisiä altLabeleita
2025-11-19 16:56:35,035 INFO 266kpl suomenkielisiä prefLabeleita ei löytänyt sopivaa MeSH-tunnistetta
2025-11-19 16:56:35,035 INFO 586kpl suomenkielisiä altLabeleita ei löytänyt sopivaa MeSH-tunnistetta
