WARNING: Stripping whitespace from label of http://cv.iptc.org/newscodes/scene/010100: 'A head only view of a person (or animal/s) or persons as in a montage. '
WARNING: Stripping whitespace from label of http://cv.iptc.org/newscodes/scene/010200: 'A torso and head view of a person or persons. '
WARNING: Stripping whitespace from label of http://cv.iptc.org/newscodes/scene/010300: 'A view from head to toe of a person or persons '
WARNING: Stripping whitespace from label of http://cv.iptc.org/newscodes/scene/010400: 'A view of a person from the side '
WARNING: Stripping whitespace from label of http://cv.iptc.org/newscodes/scene/010500: 'A view of a person or persons from the rear. '
WARNING: Stripping whitespace from label of http://cv.iptc.org/newscodes/scene/010600: 'A view of only one person, object or animal. '
WARNING: Stripping whitespace from label of http://cv.iptc.org/newscodes/scene/010700: 'A view of two people who are in a personal relationship, for example engaged, married or in a romantic partnership. '
WARNING: Stripping whitespace from label of http://cv.iptc.org/newscodes/scene/010800: 'A view of two people '
WARNING: Stripping whitespace from label of http://cv.iptc.org/newscodes/scene/010900: 'A view of more than two people '
WARNING: Stripping whitespace from label of http://cv.iptc.org/newscodes/scene/011000: 'An overall view of the subject and its surrounds '
WARNING: Stripping whitespace from label of http://cv.iptc.org/newscodes/scene/011100: 'A panoramic or wide angle view of a subject and its surrounds '
WARNING: Stripping whitespace from label of http://cv.iptc.org/newscodes/scene/011200: 'A view taken from above '
WARNING: Stripping whitespace from label of http://cv.iptc.org/newscodes/scene/011300: 'A photo taken under water '
WARNING: Stripping whitespace from label of http://cv.iptc.org/newscodes/scene/011400: 'A photo taken during darkness '
WARNING: Stripping whitespace from label of http://cv.iptc.org/newscodes/scene/011500: 'A photo taken from a satellite in orbit '
WARNING: Stripping whitespace from label of http://cv.iptc.org/newscodes/scene/011600: 'A photo that shows the exterior of a building or other object '
WARNING: Stripping whitespace from label of http://cv.iptc.org/newscodes/scene/011700: 'A scene or view of the interior of a building or other object '
WARNING: Stripping whitespace from label of http://cv.iptc.org/newscodes/scene/011800: 'A view of, or part of a person/object taken at close range in order to emphasize detail or accentuate mood. Macro photography. '
WARNING: Stripping whitespace from label of http://cv.iptc.org/newscodes/scene/011900: 'Subject in motion such as children jumping, horse running '
WARNING: Stripping whitespace from label of http://cv.iptc.org/newscodes/scene/012000: 'Subject or subjects on a stage performing to an audience '
WARNING: Stripping whitespace from label of http://cv.iptc.org/newscodes/scene/012100: 'Subject or subjects posing such as a "victory" pose or other stance that symbolizes leadership. '
WARNING: Stripping whitespace from label of http://cv.iptc.org/newscodes/scene/012200: 'A posed picture symbolizing an event - two rings for marriage '
WARNING: Stripping whitespace from label of http://cv.iptc.org/newscodes/scene/012300: 'An attractive, perhaps fun picture of everyday events - dog with sunglasses, people cooling off in the fountain '
WARNING: Stripping whitespace from label of http://cv.iptc.org/newscodes/scene/012400: 'Photos taken during the shooting of a movie or TV production. '
WARNING: Unlabeled concept scheme detected. Use --label option to set the concept scheme label.
