WARNING: Stripping whitespace from label of http://udcdata.info/000938: 'jaon kieli kä mienin kieli '
WARNING: Stripping whitespace from label of http://udcdata.info/001588: 'formaatti '
WARNING: Stripping whitespace from label of http://udcdata.info/001588: 'koko '
WARNING: Stripping whitespace from label of http://udcdata.info/001588: 'kuvitus '
WARNING: Stripping whitespace from label of http://udcdata.info/001588: 'laitos '
WARNING: Stripping whitespace from label of http://udcdata.info/001588: 'läpinäkyvyys '
WARNING: Stripping whitespace from label of http://udcdata.info/001588: 'materiaali '
WARNING: Stripping whitespace from label of http://udcdata.info/001588: 'sidonta '
WARNING: Stripping whitespace from label of http://udcdata.info/001588: 'tilavuus '
WARNING: Stripping whitespace from label of http://udcdata.info/001588: 'väri '
WARNING: Stripping whitespace from label of http://udcdata.info/001630: 'duplikaatit '
WARNING: Stripping whitespace from label of http://udcdata.info/001630: 'eripainokset '
WARNING: Stripping whitespace from label of http://udcdata.info/001630: 'jäljennökset '
WARNING: Stripping whitespace from label of http://udcdata.info/001630: 'koevedokset '
WARNING: Stripping whitespace from label of http://udcdata.info/001630: 'koneella kirjoitetut '
WARNING: Stripping whitespace from label of http://udcdata.info/001630: 'kopiot '
WARNING: Stripping whitespace from label of http://udcdata.info/001630: 'oikovedokset '
WARNING: Stripping whitespace from label of http://udcdata.info/001630: 'painetut dokumentit (koevedokset, oikovedokset, eripainokset) '
WARNING: Stripping whitespace from label of http://udcdata.info/001630: 'tulosteet '
WARNING: Stripping whitespace from label of http://udcdata.info/001633: 'digitaaliset dokumentit '
WARNING: Stripping whitespace from label of http://udcdata.info/001633: 'lävistetty media '
WARNING: Stripping whitespace from label of http://udcdata.info/001633: 'magneettikortit ja -nauhat '
WARNING: Stripping whitespace from label of http://udcdata.info/001633: 'magneettinen media '
WARNING: Stripping whitespace from label of http://udcdata.info/001633: 'optinen media '
WARNING: Stripping whitespace from label of http://udcdata.info/001633: 'reikäkortit ja -nauhat '
WARNING: Stripping whitespace from label of http://udcdata.info/001633: 'tietolevyt '
WARNING: Stripping whitespace from label of http://udcdata.info/001652: 'ensimmäiset painokset '
WARNING: Stripping whitespace from label of http://udcdata.info/001652: 'luonnokset '
WARNING: Stripping whitespace from label of http://udcdata.info/001652: 'tilapäiset dokumentit '
WARNING: Stripping whitespace from label of http://udcdata.info/001652: 'uudet painokset '
WARNING: Stripping whitespace from label of http://udcdata.info/001652: 'uudistetut painokset '
WARNING: Stripping whitespace from label of http://udcdata.info/001652: 'uusitut painokset '
WARNING: Stripping whitespace from label of http://udcdata.info/001652: 'väliaikaiset dokumentit '
WARNING: Stripping whitespace from label of http://udcdata.info/001668: 'alatason kuvaukset '
WARNING: Stripping whitespace from label of http://udcdata.info/001668: 'edistyneen tason kuvaukset '
WARNING: Stripping whitespace from label of http://udcdata.info/001668: 'keskitason, keskimääräisen tason kuvaukset '
WARNING: Stripping whitespace from label of http://udcdata.info/001668: 'perustason kuvaukset '
WARNING: Stripping whitespace from label of http://udcdata.info/001668: 'rajallinen tai rajoitettu saatavuus, jakelu tai säilytys '
WARNING: Stripping whitespace from label of http://udcdata.info/001668: 'yleistason kuvaukset '
WARNING: Stripping whitespace from label of http://udcdata.info/001668: 'ylätason kuvaukset '
WARNING: Stripping whitespace from label of http://udcdata.info/001677: 'liitteet '
WARNING: Stripping whitespace from label of http://udcdata.info/001689: 'aiheenmukaiset sanakirjat '
WARNING: Stripping whitespace from label of http://udcdata.info/001689: 'kielisanakirjat '
WARNING: Stripping whitespace from label of http://udcdata.info/001689: 'teknisten termien sanakirjat '
WARNING: Stripping whitespace from label of http://udcdata.info/001700: 'liikekirjeet '
WARNING: Stripping whitespace from label of http://udcdata.info/001700: 'toiveenilmaisut '
WARNING: Stripping whitespace from label of http://udcdata.info/001700: 'virallinen kirjeenvaihto '
WARNING: Stripping whitespace from label of http://udcdata.info/001700: 'yksityiskirjeenvaihto '
WARNING: Stripping whitespace from label of http://udcdata.info/001705: 'kontribuutiot '
WARNING: Stripping whitespace from label of http://udcdata.info/001707: 'katsaukset '
WARNING: Stripping whitespace from label of http://udcdata.info/001707: 'tiedonannot '
WARNING: Stripping whitespace from label of http://udcdata.info/001721: 'abstraktit '
WARNING: Stripping whitespace from label of http://udcdata.info/001721: 'lyhennelmät '
WARNING: Stripping whitespace from label of http://udcdata.info/001721: 'selonteot '
WARNING: Stripping whitespace from label of http://udcdata.info/001721: 'selvitykset '
WARNING: Stripping whitespace from label of http://udcdata.info/001733: 'julistukset (manifestit)  '
WARNING: Stripping whitespace from label of http://udcdata.info/001733: 'kiistakirjoitukset '
WARNING: Stripping whitespace from label of http://udcdata.info/001733: 'kyselyt '
WARNING: Stripping whitespace from label of http://udcdata.info/001733: 'manifestit '
WARNING: Stripping whitespace from label of http://udcdata.info/001748: 'tilapäisjulkaisut '
WARNING: Stripping whitespace from label of http://udcdata.info/001771: 'itseopiskelumateriaalit '
WARNING: Stripping whitespace from label of http://udcdata.info/001771: 'kenttäharjoitukset '
WARNING: Stripping whitespace from label of http://udcdata.info/001771: 'laboratorioharjoitukset '
WARNING: Stripping whitespace from label of http://udcdata.info/001771: 'ratkaisut '
WARNING: Stripping whitespace from label of http://udcdata.info/001777: 'malliesimerkit '
WARNING: Stripping whitespace from label of http://udcdata.info/001777: 'tapaustutkimukset '
WARNING: Stripping whitespace from label of http://udcdata.info/001780: 'diplomit '
WARNING: Stripping whitespace from label of http://udcdata.info/001780: 'koepaperit '
WARNING: Stripping whitespace from label of http://udcdata.info/001780: 'pätevyystodistukset '
WARNING: Stripping whitespace from label of http://udcdata.info/001780: 'tutkintotodistukset  '
WARNING: Stripping whitespace from label of http://udcdata.info/001787: 'antologiat '
WARNING: Stripping whitespace from label of http://udcdata.info/001787: 'otteet '
WARNING: Stripping whitespace from label of http://udcdata.info/001787: 'sitaattikoelmat '
WARNING: Stripping whitespace from label of http://udcdata.info/001787: 'valikoimat '
WARNING: Stripping whitespace from label of http://udcdata.info/001793: 'inventaarit '
WARNING: Stripping whitespace from label of http://udcdata.info/001793: 'käyttöohjeet '
WARNING: Stripping whitespace from label of http://udcdata.info/001793: 'käyttöoppaat '
WARNING: Stripping whitespace from label of http://udcdata.info/001793: 'määrittelyt '
WARNING: Stripping whitespace from label of http://udcdata.info/001793: 'suositukset '
WARNING: Stripping whitespace from label of http://udcdata.info/001834: 'diagrammit '
WARNING: Stripping whitespace from label of http://udcdata.info/001834: 'elokuvat '
WARNING: Stripping whitespace from label of http://udcdata.info/001834: 'graafit '
WARNING: Stripping whitespace from label of http://udcdata.info/001834: 'kaavakuvat '
WARNING: Stripping whitespace from label of http://udcdata.info/001834: 'kaaviot '
WARNING: Stripping whitespace from label of http://udcdata.info/001834: 'kaiverrukset '
WARNING: Stripping whitespace from label of http://udcdata.info/001834: 'kartat '
WARNING: Stripping whitespace from label of http://udcdata.info/001834: 'piirrokset '
WARNING: Stripping whitespace from label of http://udcdata.info/001834: 'valokuvat '
WARNING: Stripping whitespace from label of http://udcdata.info/001884: 'hinnastot '
WARNING: Stripping whitespace from label of http://udcdata.info/001884: 'tariffit '
WARNING: Stripping whitespace from label of http://udcdata.info/001884: 'tuoteluettelot  '
WARNING: Stripping whitespace from label of http://udcdata.info/001892: 'mikroskooppileikkeet '
WARNING: Stripping whitespace from label of http://udcdata.info/001892: 'museoesineet '
WARNING: Stripping whitespace from label of http://udcdata.info/001892: 'pallokartat '
WARNING: Stripping whitespace from label of http://udcdata.info/001907: 'henkilötodistukset '
WARNING: Stripping whitespace from label of http://udcdata.info/001907: 'lisenssit '
WARNING: Stripping whitespace from label of http://udcdata.info/001907: 'passit '
WARNING: Stripping whitespace from label of http://udcdata.info/001907: 'patentit '
WARNING: Stripping whitespace from label of http://udcdata.info/001907: 'sopimukset '
WARNING: Stripping whitespace from label of http://udcdata.info/001907: 'tavaramerkit '
WARNING: Stripping whitespace from label of http://udcdata.info/001956: 'rajat '
WARNING: Stripping whitespace from label of http://udcdata.info/001956: 'rajavyöhykkeet '
WARNING: Stripping whitespace from label of http://udcdata.info/001956: 'rajoitusalueet '
WARNING: Stripping whitespace from label of http://udcdata.info/001956: 'sotilaalliset vyöhykket '
WARNING: Concept scheme has no label(s). Use --label option to set the concept scheme label.
WARNING: Resource http://udcdata.info/013448 has 'paleografia'@fi as both altLabel and hiddenLabel; removing hiddenLabel
WARNING: Resource http://udcdata.info/033343 has 'maanpinnan muodot'@fi as both altLabel and hiddenLabel; removing hiddenLabel
WARNING: Resource http://udcdata.info/037311 has 'immateriaalioikeus'@fi as both altLabel and hiddenLabel; removing hiddenLabel
