http://www.yso.fi/onto/muso/p1123_1	http://www.yso.fi/onto/muso/p68409	2016-05-09 11:53:41
http://www.yso.fi/onto/muso/p447_2	http://www.yso.fi/onto/muso/p68410	2016-05-09 11:53:42
http://www.yso.fi/onto/muso/kooste_40	http://www.yso.fi/onto/muso/p68411	2016-05-09 11:53:42
http://www.yso.fi/onto/muso/p5_1	http://www.yso.fi/onto/muso/p68412	2016-05-09 11:53:42
http://www.yso.fi/onto/muso/kooste_4	http://www.yso.fi/onto/muso/p68413	2016-05-09 11:53:42
http://www.yso.fi/onto/muso/koosteet	http://www.yso.fi/onto/muso/p68414	2016-05-09 11:53:42
http://www.yso.fi/onto/muso/p840_1	http://www.yso.fi/onto/muso/p68415	2016-05-09 11:53:42
http://www.yso.fi/onto/muso/kooste_25	http://www.yso.fi/onto/muso/p68416	2016-05-09 11:53:42
http://www.yso.fi/onto/muso/p148_2	http://www.yso.fi/onto/muso/p68417	2016-05-09 11:53:42
http://www.yso.fi/onto/muso/p756_1	http://www.yso.fi/onto/muso/p68418	2016-05-09 11:53:42
http://www.yso.fi/onto/muso/p1003_2	http://www.yso.fi/onto/muso/p68419	2016-05-09 11:53:42
http://www.yso.fi/onto/muso/kooste_6	http://www.yso.fi/onto/muso/p68420	2016-05-09 11:53:42
http://www.yso.fi/onto/muso/p148_1	http://www.yso.fi/onto/muso/p68421	2016-05-09 11:53:42
http://www.yso.fi/onto/muso/kooste_21	http://www.yso.fi/onto/muso/p68422	2016-05-09 11:53:42
http://www.yso.fi/onto/muso/p1003_1	http://www.yso.fi/onto/muso/p68423	2016-05-09 11:53:42
http://www.yso.fi/onto/muso/p8_2	http://www.yso.fi/onto/muso/p68424	2016-05-09 11:53:42
http://www.yso.fi/onto/muso/kooste_23	http://www.yso.fi/onto/muso/p68425	2016-05-09 11:53:42
http://www.yso.fi/onto/muso/p158_2	http://www.yso.fi/onto/muso/p68426	2016-05-09 11:53:42
http://www.yso.fi/onto/muso/kooste_17	http://www.yso.fi/onto/muso/p68427	2016-05-09 11:53:42
http://www.yso.fi/onto/muso/p1003_3	http://www.yso.fi/onto/muso/p68428	2016-05-09 11:53:42
http://www.yso.fi/onto/muso/p528_1	http://www.yso.fi/onto/muso/p68429	2016-05-09 11:53:42
http://www.yso.fi/onto/muso/kooste_39	http://www.yso.fi/onto/muso/p68430	2016-05-09 11:53:42
http://www.yso.fi/onto/muso/p534_1	http://www.yso.fi/onto/muso/p68431	2016-05-09 11:53:42
http://www.yso.fi/onto/muso/p756_3	http://www.yso.fi/onto/muso/p68432	2016-05-09 11:53:42
http://www.yso.fi/onto/muso/p837_1	http://www.yso.fi/onto/muso/p68433	2016-05-09 11:53:42
http://www.yso.fi/onto/muso/p437_2	http://www.yso.fi/onto/muso/p68434	2016-05-09 11:53:42
http://www.yso.fi/onto/muso/p838_1	http://www.yso.fi/onto/muso/p68435	2016-05-09 11:53:42
http://www.yso.fi/onto/muso/p838_2	http://www.yso.fi/onto/muso/p68436	2016-05-09 11:53:42
http://www.yso.fi/onto/muso/kooste_43	http://www.yso.fi/onto/muso/p68437	2016-05-09 11:53:42
http://www.yso.fi/onto/muso/p553_2	http://www.yso.fi/onto/muso/p68438	2016-05-09 11:53:42
http://www.yso.fi/onto/muso/kooste_29	http://www.yso.fi/onto/muso/p68439	2016-05-09 11:53:42
http://www.yso.fi/onto/muso/kooste_38	http://www.yso.fi/onto/muso/p68440	2016-05-09 11:53:42
http://www.yso.fi/onto/muso/p756_2	http://www.yso.fi/onto/muso/p68441	2016-05-09 11:53:42
http://www.yso.fi/onto/muso/p437_1	http://www.yso.fi/onto/muso/p68442	2016-05-09 11:53:42
http://www.yso.fi/onto/muso/kooste_20	http://www.yso.fi/onto/muso/p68443	2016-05-09 11:53:42
http://www.yso.fi/onto/muso/p742_2	http://www.yso.fi/onto/muso/p68444	2016-05-09 11:53:42
http://www.yso.fi/onto/muso/kooste_31	http://www.yso.fi/onto/muso/p68445	2016-05-09 11:53:42
http://www.yso.fi/onto/muso/kooste_30	http://www.yso.fi/onto/muso/p68446	2016-05-09 11:53:42
http://www.yso.fi/onto/muso/yhtyeet_instrumentin_mukaan	http://www.yso.fi/onto/muso/p68447	2016-05-09 11:53:42
http://www.yso.fi/onto/muso/p8_1	http://www.yso.fi/onto/muso/p68448	2016-05-09 11:53:42
http://www.yso.fi/onto/muso/kooste_19	http://www.yso.fi/onto/muso/p68449	2016-05-09 11:53:42
http://www.yso.fi/onto/muso/p837_2	http://www.yso.fi/onto/muso/p68450	2016-05-09 11:53:43
http://www.yso.fi/onto/muso/p840_2	http://www.yso.fi/onto/muso/p68451	2016-05-09 11:53:43
http://www.yso.fi/onto/muso/kooste_13	http://www.yso.fi/onto/muso/p68452	2016-05-09 11:53:43
http://www.yso.fi/onto/muso/kooste_3	http://www.yso.fi/onto/muso/p68453	2016-05-09 11:53:43
http://www.yso.fi/onto/muso/kooste_35	http://www.yso.fi/onto/muso/p68454	2016-05-09 11:53:43
http://www.yso.fi/onto/muso/p5_2	http://www.yso.fi/onto/muso/p68455	2016-05-09 11:53:43
http://www.yso.fi/onto/muso/p66187_2	http://www.yso.fi/onto/muso/p68456	2016-05-09 11:53:43
http://www.yso.fi/onto/muso/p322_2	http://www.yso.fi/onto/muso/p68457	2016-05-09 11:53:43
http://www.yso.fi/onto/muso/p64176_2	http://www.yso.fi/onto/muso/p68458	2016-05-09 11:53:43
http://www.yso.fi/onto/muso/p1123_2	http://www.yso.fi/onto/muso/p68459	2016-05-09 11:53:43
http://www.yso.fi/onto/muso/kooste_12	http://www.yso.fi/onto/muso/p68460	2016-05-09 11:53:43
http://www.yso.fi/onto/muso/p528_2	http://www.yso.fi/onto/muso/p68461	2016-05-09 11:53:43
http://www.yso.fi/onto/muso/kooste_36	http://www.yso.fi/onto/muso/p68462	2016-05-09 11:53:43
http://www.yso.fi/onto/muso/kooste_42	http://www.yso.fi/onto/muso/p68463	2016-05-09 11:53:43
http://www.yso.fi/onto/muso/kooste_2	http://www.yso.fi/onto/muso/p68464	2016-05-09 11:53:43
http://www.yso.fi/onto/muso/p838_3	http://www.yso.fi/onto/muso/p68465	2016-05-09 11:53:43
http://www.yso.fi/onto/muso/p564_2	http://www.yso.fi/onto/muso/p68466	2016-05-09 11:53:43
http://www.yso.fi/onto/muso/p11_1	http://www.yso.fi/onto/muso/p68467	2016-05-09 11:53:43
http://www.yso.fi/onto/muso/yhtyeet_jasenten_lukumaaran_mukaan	http://www.yso.fi/onto/muso/p68468	2016-05-09 11:53:43
http://www.yso.fi/onto/muso/p206_2	http://www.yso.fi/onto/muso/p68469	2016-05-09 11:53:43
http://www.yso.fi/onto/muso/p11_2	http://www.yso.fi/onto/muso/p68470	2016-05-09 11:53:43
http://www.yso.fi/onto/muso/p553_1	http://www.yso.fi/onto/muso/p68471	2016-05-09 11:53:43
http://www.yso.fi/onto/muso/kooste_28	http://www.yso.fi/onto/muso/p68472	2016-05-09 11:53:43
http://www.yso.fi/onto/muso/p322_1	http://www.yso.fi/onto/muso/p68473	2016-05-09 11:53:43
http://www.yso.fi/onto/muso/kooste_5	http://www.yso.fi/onto/muso/p68474	2016-05-09 11:53:43
http://www.yso.fi/onto/muso/kooste_33	http://www.yso.fi/onto/muso/p68475	2016-05-09 11:53:43
http://www.yso.fi/onto/muso/kooste_11	http://www.yso.fi/onto/muso/p68476	2016-05-09 11:53:43
http://www.yso.fi/onto/muso/kooste_10	http://www.yso.fi/onto/muso/p68477	2016-05-09 11:53:43
http://www.yso.fi/onto/muso/kooste_32	http://www.yso.fi/onto/muso/p68478	2016-05-09 11:53:43
http://www.yso.fi/onto/muso/p67025_01	http://www.yso.fi/onto/muso/p68479	2016-05-09 11:53:43
http://www.yso.fi/onto/muso/kooste_1	http://www.yso.fi/onto/muso/p68480	2016-05-09 11:53:43
http://www.yso.fi/onto/muso/p95_2	http://www.yso.fi/onto/muso/p68481	2016-05-09 11:53:43
http://www.yso.fi/onto/muso/kooste_7	http://www.yso.fi/onto/muso/p68482	2016-05-09 11:53:43
http://www.yso.fi/onto/muso/kooste_18	http://www.yso.fi/onto/muso/p68483	2016-05-09 11:53:43
http://www.yso.fi/onto/muso/p564_1	http://www.yso.fi/onto/muso/p68484	2016-05-09 11:53:43
http://www.yso.fi/onto/muso/StructuringClass	http://www.yso.fi/onto/muso/p68485	2016-05-09 11:53:43
http://www.yso.fi/onto/muso/p158_1	http://www.yso.fi/onto/muso/p68486	2016-05-09 11:53:43
http://www.yso.fi/onto/muso/p612_2	http://www.yso.fi/onto/muso/p68487	2016-05-09 11:53:43
http://www.yso.fi/onto/muso/kooste_37	http://www.yso.fi/onto/muso/p68488	2016-05-09 11:53:43
http://www.yso.fi/onto/muso/kooste_41	http://www.yso.fi/onto/muso/p68489	2016-05-09 11:53:43
http://www.yso.fi/onto/muso/kooste_8	http://www.yso.fi/onto/muso/p68490	2016-05-09 11:53:43
http://www.yso.fi/onto/muso/kooste_14	http://www.yso.fi/onto/muso/p68491	2016-05-09 11:53:43
http://www.yso.fi/onto/muso/kooste_9	http://www.yso.fi/onto/muso/p68492	2016-05-09 11:53:43
http://www.yso.fi/onto/muso/itamaiset_saveljarjestelmat	http://www.yso.fi/onto/muso/p68493	2016-05-09 11:53:43
http://www.yso.fi/onto/muso/kooste_24	http://www.yso.fi/onto/muso/p68494	2016-05-09 11:53:43
http://www.yso.fi/onto/muso/kooste_22	http://www.yso.fi/onto/muso/p68495	2016-05-09 11:53:44
http://www.yso.fi/onto/muso/kooste_27	http://www.yso.fi/onto/muso/p68496	2016-05-09 11:53:44
http://www.yso.fi/onto/muso/kooste_16	http://www.yso.fi/onto/muso/p68497	2016-05-09 11:53:44
http://www.yso.fi/onto/muso/kooste_34	http://www.yso.fi/onto/muso/p68498	2016-05-09 11:53:44
http://www.yso.fi/onto/muso/kooste_15	http://www.yso.fi/onto/muso/p68499	2016-05-09 11:53:44
http://www.yso.fi/onto/muso/kooste_26	http://www.yso.fi/onto/muso/p68500	2016-05-09 11:53:44
http://www.yso.fi/onto/muso/partOf	http://www.yso.fi/onto/muso/p68501	2016-05-09 11:53:44
