INFO: Don't know what to do with type http://www.yso.fi/onto/muso/p68485
WARNING: Stripping whitespace from label of http://www.yso.fi/onto/muso/p612: ' Äänitteet ja videotallenteet, jotka on tarkoitettu karaoke-esittämisen harjoitteluun.'
WARNING: Concept scheme has no label(s). Use --label option to set the concept scheme label.
INFO: Marking loose concept http://www.yso.fi/onto/muso/p1000 as top concept of scheme http://www.yso.fi/onto/muso/
INFO: Marking loose concept http://www.yso.fi/onto/muso/p1001 as top concept of scheme http://www.yso.fi/onto/muso/
INFO: Marking loose concept http://www.yso.fi/onto/muso/p1005 as top concept of scheme http://www.yso.fi/onto/muso/
INFO: Marking loose concept http://www.yso.fi/onto/muso/p1014 as top concept of scheme http://www.yso.fi/onto/muso/
INFO: Marking loose concept http://www.yso.fi/onto/muso/p1015 as top concept of scheme http://www.yso.fi/onto/muso/
INFO: Marking loose concept http://www.yso.fi/onto/muso/p1109 as top concept of scheme http://www.yso.fi/onto/muso/
INFO: Marking loose concept http://www.yso.fi/onto/muso/p1111 as top concept of scheme http://www.yso.fi/onto/muso/
INFO: Marking loose concept http://www.yso.fi/onto/muso/p1114 as top concept of scheme http://www.yso.fi/onto/muso/
INFO: Marking loose concept http://www.yso.fi/onto/muso/p1118 as top concept of scheme http://www.yso.fi/onto/muso/
INFO: Marking loose concept http://www.yso.fi/onto/muso/p1121 as top concept of scheme http://www.yso.fi/onto/muso/
INFO: Marking loose concept http://www.yso.fi/onto/muso/p1124 as top concept of scheme http://www.yso.fi/onto/muso/
INFO: Marking loose concept http://www.yso.fi/onto/muso/p1130 as top concept of scheme http://www.yso.fi/onto/muso/
INFO: Marking loose concept http://www.yso.fi/onto/muso/p1131 as top concept of scheme http://www.yso.fi/onto/muso/
INFO: Marking loose concept http://www.yso.fi/onto/muso/p1137 as top concept of scheme http://www.yso.fi/onto/muso/
INFO: Marking loose concept http://www.yso.fi/onto/muso/p1142 as top concept of scheme http://www.yso.fi/onto/muso/
INFO: Marking loose concept http://www.yso.fi/onto/muso/p1145 as top concept of scheme http://www.yso.fi/onto/muso/
INFO: Marking loose concept http://www.yso.fi/onto/muso/p1147 as top concept of scheme http://www.yso.fi/onto/muso/
INFO: Marking loose concept http://www.yso.fi/onto/muso/p1149 as top concept of scheme http://www.yso.fi/onto/muso/
INFO: Marking loose concept http://www.yso.fi/onto/muso/p1176 as top concept of scheme http://www.yso.fi/onto/muso/
INFO: Marking loose concept http://www.yso.fi/onto/muso/p1182 as top concept of scheme http://www.yso.fi/onto/muso/
INFO: Marking loose concept http://www.yso.fi/onto/muso/p1183 as top concept of scheme http://www.yso.fi/onto/muso/
INFO: Marking loose concept http://www.yso.fi/onto/muso/p1184 as top concept of scheme http://www.yso.fi/onto/muso/
INFO: Marking loose concept http://www.yso.fi/onto/muso/p1185 as top concept of scheme http://www.yso.fi/onto/muso/
INFO: Marking loose concept http://www.yso.fi/onto/muso/p143 as top concept of scheme http://www.yso.fi/onto/muso/
INFO: Marking loose concept http://www.yso.fi/onto/muso/p144 as top concept of scheme http://www.yso.fi/onto/muso/
INFO: Marking loose concept http://www.yso.fi/onto/muso/p146 as top concept of scheme http://www.yso.fi/onto/muso/
INFO: Marking loose concept http://www.yso.fi/onto/muso/p149 as top concept of scheme http://www.yso.fi/onto/muso/
INFO: Marking loose concept http://www.yso.fi/onto/muso/p155 as top concept of scheme http://www.yso.fi/onto/muso/
INFO: Marking loose concept http://www.yso.fi/onto/muso/p165 as top concept of scheme http://www.yso.fi/onto/muso/
INFO: Marking loose concept http://www.yso.fi/onto/muso/p167 as top concept of scheme http://www.yso.fi/onto/muso/
INFO: Marking loose concept http://www.yso.fi/onto/muso/p17 as top concept of scheme http://www.yso.fi/onto/muso/
INFO: Marking loose concept http://www.yso.fi/onto/muso/p173 as top concept of scheme http://www.yso.fi/onto/muso/
INFO: Marking loose concept http://www.yso.fi/onto/muso/p175 as top concept of scheme http://www.yso.fi/onto/muso/
INFO: Marking loose concept http://www.yso.fi/onto/muso/p176 as top concept of scheme http://www.yso.fi/onto/muso/
INFO: Marking loose concept http://www.yso.fi/onto/muso/p189 as top concept of scheme http://www.yso.fi/onto/muso/
INFO: Marking loose concept http://www.yso.fi/onto/muso/p190 as top concept of scheme http://www.yso.fi/onto/muso/
INFO: Marking loose concept http://www.yso.fi/onto/muso/p191 as top concept of scheme http://www.yso.fi/onto/muso/
INFO: Marking loose concept http://www.yso.fi/onto/muso/p192 as top concept of scheme http://www.yso.fi/onto/muso/
INFO: Marking loose concept http://www.yso.fi/onto/muso/p199 as top concept of scheme http://www.yso.fi/onto/muso/
INFO: Marking loose concept http://www.yso.fi/onto/muso/p204 as top concept of scheme http://www.yso.fi/onto/muso/
INFO: Marking loose concept http://www.yso.fi/onto/muso/p206 as top concept of scheme http://www.yso.fi/onto/muso/
INFO: Marking loose concept http://www.yso.fi/onto/muso/p212 as top concept of scheme http://www.yso.fi/onto/muso/
INFO: Marking loose concept http://www.yso.fi/onto/muso/p217 as top concept of scheme http://www.yso.fi/onto/muso/
INFO: Marking loose concept http://www.yso.fi/onto/muso/p226 as top concept of scheme http://www.yso.fi/onto/muso/
INFO: Marking loose concept http://www.yso.fi/onto/muso/p257 as top concept of scheme http://www.yso.fi/onto/muso/
INFO: Marking loose concept http://www.yso.fi/onto/muso/p280 as top concept of scheme http://www.yso.fi/onto/muso/
INFO: Marking loose concept http://www.yso.fi/onto/muso/p289 as top concept of scheme http://www.yso.fi/onto/muso/
INFO: Marking loose concept http://www.yso.fi/onto/muso/p296 as top concept of scheme http://www.yso.fi/onto/muso/
INFO: Marking loose concept http://www.yso.fi/onto/muso/p328 as top concept of scheme http://www.yso.fi/onto/muso/
INFO: Marking loose concept http://www.yso.fi/onto/muso/p34 as top concept of scheme http://www.yso.fi/onto/muso/
INFO: Marking loose concept http://www.yso.fi/onto/muso/p361 as top concept of scheme http://www.yso.fi/onto/muso/
INFO: Marking loose concept http://www.yso.fi/onto/muso/p370 as top concept of scheme http://www.yso.fi/onto/muso/
INFO: Marking loose concept http://www.yso.fi/onto/muso/p376 as top concept of scheme http://www.yso.fi/onto/muso/
INFO: Marking loose concept http://www.yso.fi/onto/muso/p395 as top concept of scheme http://www.yso.fi/onto/muso/
INFO: Marking loose concept http://www.yso.fi/onto/muso/p396 as top concept of scheme http://www.yso.fi/onto/muso/
INFO: Marking loose concept http://www.yso.fi/onto/muso/p399 as top concept of scheme http://www.yso.fi/onto/muso/
INFO: Marking loose concept http://www.yso.fi/onto/muso/p400 as top concept of scheme http://www.yso.fi/onto/muso/
INFO: Marking loose concept http://www.yso.fi/onto/muso/p402 as top concept of scheme http://www.yso.fi/onto/muso/
INFO: Marking loose concept http://www.yso.fi/onto/muso/p403 as top concept of scheme http://www.yso.fi/onto/muso/
INFO: Marking loose concept http://www.yso.fi/onto/muso/p404 as top concept of scheme http://www.yso.fi/onto/muso/
INFO: Marking loose concept http://www.yso.fi/onto/muso/p405 as top concept of scheme http://www.yso.fi/onto/muso/
INFO: Marking loose concept http://www.yso.fi/onto/muso/p406 as top concept of scheme http://www.yso.fi/onto/muso/
INFO: Marking loose concept http://www.yso.fi/onto/muso/p408 as top concept of scheme http://www.yso.fi/onto/muso/
INFO: Marking loose concept http://www.yso.fi/onto/muso/p409 as top concept of scheme http://www.yso.fi/onto/muso/
INFO: Marking loose concept http://www.yso.fi/onto/muso/p410 as top concept of scheme http://www.yso.fi/onto/muso/
INFO: Marking loose concept http://www.yso.fi/onto/muso/p414 as top concept of scheme http://www.yso.fi/onto/muso/
INFO: Marking loose concept http://www.yso.fi/onto/muso/p415 as top concept of scheme http://www.yso.fi/onto/muso/
INFO: Marking loose concept http://www.yso.fi/onto/muso/p423 as top concept of scheme http://www.yso.fi/onto/muso/
INFO: Marking loose concept http://www.yso.fi/onto/muso/p434 as top concept of scheme http://www.yso.fi/onto/muso/
INFO: Marking loose concept http://www.yso.fi/onto/muso/p438 as top concept of scheme http://www.yso.fi/onto/muso/
INFO: Marking loose concept http://www.yso.fi/onto/muso/p445 as top concept of scheme http://www.yso.fi/onto/muso/
INFO: Marking loose concept http://www.yso.fi/onto/muso/p447 as top concept of scheme http://www.yso.fi/onto/muso/
INFO: Marking loose concept http://www.yso.fi/onto/muso/p448 as top concept of scheme http://www.yso.fi/onto/muso/
INFO: Marking loose concept http://www.yso.fi/onto/muso/p455 as top concept of scheme http://www.yso.fi/onto/muso/
INFO: Marking loose concept http://www.yso.fi/onto/muso/p457 as top concept of scheme http://www.yso.fi/onto/muso/
INFO: Marking loose concept http://www.yso.fi/onto/muso/p463 as top concept of scheme http://www.yso.fi/onto/muso/
INFO: Marking loose concept http://www.yso.fi/onto/muso/p465 as top concept of scheme http://www.yso.fi/onto/muso/
INFO: Marking loose concept http://www.yso.fi/onto/muso/p468 as top concept of scheme http://www.yso.fi/onto/muso/
INFO: Marking loose concept http://www.yso.fi/onto/muso/p470 as top concept of scheme http://www.yso.fi/onto/muso/
INFO: Marking loose concept http://www.yso.fi/onto/muso/p471 as top concept of scheme http://www.yso.fi/onto/muso/
INFO: Marking loose concept http://www.yso.fi/onto/muso/p474 as top concept of scheme http://www.yso.fi/onto/muso/
INFO: Marking loose concept http://www.yso.fi/onto/muso/p476 as top concept of scheme http://www.yso.fi/onto/muso/
INFO: Marking loose concept http://www.yso.fi/onto/muso/p482 as top concept of scheme http://www.yso.fi/onto/muso/
INFO: Marking loose concept http://www.yso.fi/onto/muso/p483 as top concept of scheme http://www.yso.fi/onto/muso/
INFO: Marking loose concept http://www.yso.fi/onto/muso/p485 as top concept of scheme http://www.yso.fi/onto/muso/
INFO: Marking loose concept http://www.yso.fi/onto/muso/p487 as top concept of scheme http://www.yso.fi/onto/muso/
INFO: Marking loose concept http://www.yso.fi/onto/muso/p503 as top concept of scheme http://www.yso.fi/onto/muso/
INFO: Marking loose concept http://www.yso.fi/onto/muso/p508 as top concept of scheme http://www.yso.fi/onto/muso/
INFO: Marking loose concept http://www.yso.fi/onto/muso/p510 as top concept of scheme http://www.yso.fi/onto/muso/
INFO: Marking loose concept http://www.yso.fi/onto/muso/p513 as top concept of scheme http://www.yso.fi/onto/muso/
INFO: Marking loose concept http://www.yso.fi/onto/muso/p514 as top concept of scheme http://www.yso.fi/onto/muso/
INFO: Marking loose concept http://www.yso.fi/onto/muso/p527 as top concept of scheme http://www.yso.fi/onto/muso/
INFO: Marking loose concept http://www.yso.fi/onto/muso/p548 as top concept of scheme http://www.yso.fi/onto/muso/
INFO: Marking loose concept http://www.yso.fi/onto/muso/p552 as top concept of scheme http://www.yso.fi/onto/muso/
INFO: Marking loose concept http://www.yso.fi/onto/muso/p561 as top concept of scheme http://www.yso.fi/onto/muso/
INFO: Marking loose concept http://www.yso.fi/onto/muso/p574 as top concept of scheme http://www.yso.fi/onto/muso/
INFO: Marking loose concept http://www.yso.fi/onto/muso/p578 as top concept of scheme http://www.yso.fi/onto/muso/
INFO: Marking loose concept http://www.yso.fi/onto/muso/p587 as top concept of scheme http://www.yso.fi/onto/muso/
INFO: Marking loose concept http://www.yso.fi/onto/muso/p590 as top concept of scheme http://www.yso.fi/onto/muso/
INFO: Marking loose concept http://www.yso.fi/onto/muso/p591 as top concept of scheme http://www.yso.fi/onto/muso/
INFO: Marking loose concept http://www.yso.fi/onto/muso/p594 as top concept of scheme http://www.yso.fi/onto/muso/
INFO: Marking loose concept http://www.yso.fi/onto/muso/p59520 as top concept of scheme http://www.yso.fi/onto/muso/
INFO: Marking loose concept http://www.yso.fi/onto/muso/p597 as top concept of scheme http://www.yso.fi/onto/muso/
INFO: Marking loose concept http://www.yso.fi/onto/muso/p598 as top concept of scheme http://www.yso.fi/onto/muso/
INFO: Marking loose concept http://www.yso.fi/onto/muso/p599 as top concept of scheme http://www.yso.fi/onto/muso/
INFO: Marking loose concept http://www.yso.fi/onto/muso/p604 as top concept of scheme http://www.yso.fi/onto/muso/
INFO: Marking loose concept http://www.yso.fi/onto/muso/p605 as top concept of scheme http://www.yso.fi/onto/muso/
INFO: Marking loose concept http://www.yso.fi/onto/muso/p606 as top concept of scheme http://www.yso.fi/onto/muso/
INFO: Marking loose concept http://www.yso.fi/onto/muso/p609 as top concept of scheme http://www.yso.fi/onto/muso/
INFO: Marking loose concept http://www.yso.fi/onto/muso/p610 as top concept of scheme http://www.yso.fi/onto/muso/
INFO: Marking loose concept http://www.yso.fi/onto/muso/p611 as top concept of scheme http://www.yso.fi/onto/muso/
INFO: Marking loose concept http://www.yso.fi/onto/muso/p613 as top concept of scheme http://www.yso.fi/onto/muso/
INFO: Marking loose concept http://www.yso.fi/onto/muso/p616 as top concept of scheme http://www.yso.fi/onto/muso/
INFO: Marking loose concept http://www.yso.fi/onto/muso/p618 as top concept of scheme http://www.yso.fi/onto/muso/
INFO: Marking loose concept http://www.yso.fi/onto/muso/p620 as top concept of scheme http://www.yso.fi/onto/muso/
INFO: Marking loose concept http://www.yso.fi/onto/muso/p622 as top concept of scheme http://www.yso.fi/onto/muso/
INFO: Marking loose concept http://www.yso.fi/onto/muso/p62438 as top concept of scheme http://www.yso.fi/onto/muso/
INFO: Marking loose concept http://www.yso.fi/onto/muso/p627 as top concept of scheme http://www.yso.fi/onto/muso/
INFO: Marking loose concept http://www.yso.fi/onto/muso/p628 as top concept of scheme http://www.yso.fi/onto/muso/
INFO: Marking loose concept http://www.yso.fi/onto/muso/p634 as top concept of scheme http://www.yso.fi/onto/muso/
INFO: Marking loose concept http://www.yso.fi/onto/muso/p635 as top concept of scheme http://www.yso.fi/onto/muso/
INFO: Marking loose concept http://www.yso.fi/onto/muso/p636 as top concept of scheme http://www.yso.fi/onto/muso/
INFO: Marking loose concept http://www.yso.fi/onto/muso/p638 as top concept of scheme http://www.yso.fi/onto/muso/
INFO: Marking loose concept http://www.yso.fi/onto/muso/p652 as top concept of scheme http://www.yso.fi/onto/muso/
INFO: Marking loose concept http://www.yso.fi/onto/muso/p655 as top concept of scheme http://www.yso.fi/onto/muso/
INFO: Marking loose concept http://www.yso.fi/onto/muso/p658 as top concept of scheme http://www.yso.fi/onto/muso/
INFO: Marking loose concept http://www.yso.fi/onto/muso/p65832 as top concept of scheme http://www.yso.fi/onto/muso/
INFO: Marking loose concept http://www.yso.fi/onto/muso/p65835 as top concept of scheme http://www.yso.fi/onto/muso/
INFO: Marking loose concept http://www.yso.fi/onto/muso/p660 as top concept of scheme http://www.yso.fi/onto/muso/
INFO: Marking loose concept http://www.yso.fi/onto/muso/p66031 as top concept of scheme http://www.yso.fi/onto/muso/
INFO: Marking loose concept http://www.yso.fi/onto/muso/p66041 as top concept of scheme http://www.yso.fi/onto/muso/
INFO: Marking loose concept http://www.yso.fi/onto/muso/p66067 as top concept of scheme http://www.yso.fi/onto/muso/
INFO: Marking loose concept http://www.yso.fi/onto/muso/p66076 as top concept of scheme http://www.yso.fi/onto/muso/
INFO: Marking loose concept http://www.yso.fi/onto/muso/p66092 as top concept of scheme http://www.yso.fi/onto/muso/
INFO: Marking loose concept http://www.yso.fi/onto/muso/p66103 as top concept of scheme http://www.yso.fi/onto/muso/
INFO: Marking loose concept http://www.yso.fi/onto/muso/p66105 as top concept of scheme http://www.yso.fi/onto/muso/
INFO: Marking loose concept http://www.yso.fi/onto/muso/p66111 as top concept of scheme http://www.yso.fi/onto/muso/
INFO: Marking loose concept http://www.yso.fi/onto/muso/p66118 as top concept of scheme http://www.yso.fi/onto/muso/
INFO: Marking loose concept http://www.yso.fi/onto/muso/p66122 as top concept of scheme http://www.yso.fi/onto/muso/
INFO: Marking loose concept http://www.yso.fi/onto/muso/p66141 as top concept of scheme http://www.yso.fi/onto/muso/
INFO: Marking loose concept http://www.yso.fi/onto/muso/p66142 as top concept of scheme http://www.yso.fi/onto/muso/
INFO: Marking loose concept http://www.yso.fi/onto/muso/p66145 as top concept of scheme http://www.yso.fi/onto/muso/
INFO: Marking loose concept http://www.yso.fi/onto/muso/p66148 as top concept of scheme http://www.yso.fi/onto/muso/
INFO: Marking loose concept http://www.yso.fi/onto/muso/p66150 as top concept of scheme http://www.yso.fi/onto/muso/
INFO: Marking loose concept http://www.yso.fi/onto/muso/p66152 as top concept of scheme http://www.yso.fi/onto/muso/
INFO: Marking loose concept http://www.yso.fi/onto/muso/p66156 as top concept of scheme http://www.yso.fi/onto/muso/
INFO: Marking loose concept http://www.yso.fi/onto/muso/p66158 as top concept of scheme http://www.yso.fi/onto/muso/
INFO: Marking loose concept http://www.yso.fi/onto/muso/p66160 as top concept of scheme http://www.yso.fi/onto/muso/
INFO: Marking loose concept http://www.yso.fi/onto/muso/p66162 as top concept of scheme http://www.yso.fi/onto/muso/
INFO: Marking loose concept http://www.yso.fi/onto/muso/p66168 as top concept of scheme http://www.yso.fi/onto/muso/
INFO: Marking loose concept http://www.yso.fi/onto/muso/p66187 as top concept of scheme http://www.yso.fi/onto/muso/
INFO: Marking loose concept http://www.yso.fi/onto/muso/p66191 as top concept of scheme http://www.yso.fi/onto/muso/
INFO: Marking loose concept http://www.yso.fi/onto/muso/p66195 as top concept of scheme http://www.yso.fi/onto/muso/
INFO: Marking loose concept http://www.yso.fi/onto/muso/p66201 as top concept of scheme http://www.yso.fi/onto/muso/
INFO: Marking loose concept http://www.yso.fi/onto/muso/p665 as top concept of scheme http://www.yso.fi/onto/muso/
INFO: Marking loose concept http://www.yso.fi/onto/muso/p668 as top concept of scheme http://www.yso.fi/onto/muso/
INFO: Marking loose concept http://www.yso.fi/onto/muso/p669 as top concept of scheme http://www.yso.fi/onto/muso/
INFO: Marking loose concept http://www.yso.fi/onto/muso/p67020 as top concept of scheme http://www.yso.fi/onto/muso/
INFO: Marking loose concept http://www.yso.fi/onto/muso/p67023 as top concept of scheme http://www.yso.fi/onto/muso/
INFO: Marking loose concept http://www.yso.fi/onto/muso/p681 as top concept of scheme http://www.yso.fi/onto/muso/
INFO: Marking loose concept http://www.yso.fi/onto/muso/p683 as top concept of scheme http://www.yso.fi/onto/muso/
INFO: Marking loose concept http://www.yso.fi/onto/muso/p68410 as top concept of scheme http://www.yso.fi/onto/muso/
INFO: Marking loose concept http://www.yso.fi/onto/muso/p68421 as top concept of scheme http://www.yso.fi/onto/muso/
INFO: Marking loose concept http://www.yso.fi/onto/muso/p68455 as top concept of scheme http://www.yso.fi/onto/muso/
INFO: Marking loose concept http://www.yso.fi/onto/muso/p68457 as top concept of scheme http://www.yso.fi/onto/muso/
INFO: Marking loose concept http://www.yso.fi/onto/muso/p68473 as top concept of scheme http://www.yso.fi/onto/muso/
INFO: Marking loose concept http://www.yso.fi/onto/muso/p68486 as top concept of scheme http://www.yso.fi/onto/muso/
INFO: Marking loose concept http://www.yso.fi/onto/muso/p689 as top concept of scheme http://www.yso.fi/onto/muso/
INFO: Marking loose concept http://www.yso.fi/onto/muso/p693 as top concept of scheme http://www.yso.fi/onto/muso/
INFO: Marking loose concept http://www.yso.fi/onto/muso/p695 as top concept of scheme http://www.yso.fi/onto/muso/
INFO: Marking loose concept http://www.yso.fi/onto/muso/p696 as top concept of scheme http://www.yso.fi/onto/muso/
INFO: Marking loose concept http://www.yso.fi/onto/muso/p698 as top concept of scheme http://www.yso.fi/onto/muso/
INFO: Marking loose concept http://www.yso.fi/onto/muso/p699 as top concept of scheme http://www.yso.fi/onto/muso/
INFO: Marking loose concept http://www.yso.fi/onto/muso/p701 as top concept of scheme http://www.yso.fi/onto/muso/
INFO: Marking loose concept http://www.yso.fi/onto/muso/p702 as top concept of scheme http://www.yso.fi/onto/muso/
INFO: Marking loose concept http://www.yso.fi/onto/muso/p704 as top concept of scheme http://www.yso.fi/onto/muso/
INFO: Marking loose concept http://www.yso.fi/onto/muso/p705 as top concept of scheme http://www.yso.fi/onto/muso/
INFO: Marking loose concept http://www.yso.fi/onto/muso/p707 as top concept of scheme http://www.yso.fi/onto/muso/
INFO: Marking loose concept http://www.yso.fi/onto/muso/p708 as top concept of scheme http://www.yso.fi/onto/muso/
INFO: Marking loose concept http://www.yso.fi/onto/muso/p709 as top concept of scheme http://www.yso.fi/onto/muso/
INFO: Marking loose concept http://www.yso.fi/onto/muso/p710 as top concept of scheme http://www.yso.fi/onto/muso/
INFO: Marking loose concept http://www.yso.fi/onto/muso/p711 as top concept of scheme http://www.yso.fi/onto/muso/
INFO: Marking loose concept http://www.yso.fi/onto/muso/p714 as top concept of scheme http://www.yso.fi/onto/muso/
INFO: Marking loose concept http://www.yso.fi/onto/muso/p716 as top concept of scheme http://www.yso.fi/onto/muso/
INFO: Marking loose concept http://www.yso.fi/onto/muso/p719 as top concept of scheme http://www.yso.fi/onto/muso/
INFO: Marking loose concept http://www.yso.fi/onto/muso/p725 as top concept of scheme http://www.yso.fi/onto/muso/
INFO: Marking loose concept http://www.yso.fi/onto/muso/p726 as top concept of scheme http://www.yso.fi/onto/muso/
INFO: Marking loose concept http://www.yso.fi/onto/muso/p733 as top concept of scheme http://www.yso.fi/onto/muso/
INFO: Marking loose concept http://www.yso.fi/onto/muso/p743 as top concept of scheme http://www.yso.fi/onto/muso/
INFO: Marking loose concept http://www.yso.fi/onto/muso/p746 as top concept of scheme http://www.yso.fi/onto/muso/
INFO: Marking loose concept http://www.yso.fi/onto/muso/p748 as top concept of scheme http://www.yso.fi/onto/muso/
INFO: Marking loose concept http://www.yso.fi/onto/muso/p750 as top concept of scheme http://www.yso.fi/onto/muso/
INFO: Marking loose concept http://www.yso.fi/onto/muso/p751 as top concept of scheme http://www.yso.fi/onto/muso/
INFO: Marking loose concept http://www.yso.fi/onto/muso/p752 as top concept of scheme http://www.yso.fi/onto/muso/
INFO: Marking loose concept http://www.yso.fi/onto/muso/p758 as top concept of scheme http://www.yso.fi/onto/muso/
INFO: Marking loose concept http://www.yso.fi/onto/muso/p761 as top concept of scheme http://www.yso.fi/onto/muso/
INFO: Marking loose concept http://www.yso.fi/onto/muso/p762 as top concept of scheme http://www.yso.fi/onto/muso/
INFO: Marking loose concept http://www.yso.fi/onto/muso/p763 as top concept of scheme http://www.yso.fi/onto/muso/
INFO: Marking loose concept http://www.yso.fi/onto/muso/p77 as top concept of scheme http://www.yso.fi/onto/muso/
INFO: Marking loose concept http://www.yso.fi/onto/muso/p778 as top concept of scheme http://www.yso.fi/onto/muso/
INFO: Marking loose concept http://www.yso.fi/onto/muso/p786 as top concept of scheme http://www.yso.fi/onto/muso/
INFO: Marking loose concept http://www.yso.fi/onto/muso/p788 as top concept of scheme http://www.yso.fi/onto/muso/
INFO: Marking loose concept http://www.yso.fi/onto/muso/p790 as top concept of scheme http://www.yso.fi/onto/muso/
INFO: Marking loose concept http://www.yso.fi/onto/muso/p791 as top concept of scheme http://www.yso.fi/onto/muso/
INFO: Marking loose concept http://www.yso.fi/onto/muso/p792 as top concept of scheme http://www.yso.fi/onto/muso/
INFO: Marking loose concept http://www.yso.fi/onto/muso/p793 as top concept of scheme http://www.yso.fi/onto/muso/
INFO: Marking loose concept http://www.yso.fi/onto/muso/p798 as top concept of scheme http://www.yso.fi/onto/muso/
INFO: Marking loose concept http://www.yso.fi/onto/muso/p800 as top concept of scheme http://www.yso.fi/onto/muso/
INFO: Marking loose concept http://www.yso.fi/onto/muso/p804 as top concept of scheme http://www.yso.fi/onto/muso/
INFO: Marking loose concept http://www.yso.fi/onto/muso/p814 as top concept of scheme http://www.yso.fi/onto/muso/
INFO: Marking loose concept http://www.yso.fi/onto/muso/p815 as top concept of scheme http://www.yso.fi/onto/muso/
INFO: Marking loose concept http://www.yso.fi/onto/muso/p817 as top concept of scheme http://www.yso.fi/onto/muso/
INFO: Marking loose concept http://www.yso.fi/onto/muso/p827 as top concept of scheme http://www.yso.fi/onto/muso/
INFO: Marking loose concept http://www.yso.fi/onto/muso/p851 as top concept of scheme http://www.yso.fi/onto/muso/
INFO: Marking loose concept http://www.yso.fi/onto/muso/p855 as top concept of scheme http://www.yso.fi/onto/muso/
INFO: Marking loose concept http://www.yso.fi/onto/muso/p861 as top concept of scheme http://www.yso.fi/onto/muso/
INFO: Marking loose concept http://www.yso.fi/onto/muso/p866 as top concept of scheme http://www.yso.fi/onto/muso/
INFO: Marking loose concept http://www.yso.fi/onto/muso/p87 as top concept of scheme http://www.yso.fi/onto/muso/
INFO: Marking loose concept http://www.yso.fi/onto/muso/p871 as top concept of scheme http://www.yso.fi/onto/muso/
INFO: Marking loose concept http://www.yso.fi/onto/muso/p872 as top concept of scheme http://www.yso.fi/onto/muso/
INFO: Marking loose concept http://www.yso.fi/onto/muso/p876 as top concept of scheme http://www.yso.fi/onto/muso/
INFO: Marking loose concept http://www.yso.fi/onto/muso/p877 as top concept of scheme http://www.yso.fi/onto/muso/
INFO: Marking loose concept http://www.yso.fi/onto/muso/p878 as top concept of scheme http://www.yso.fi/onto/muso/
INFO: Marking loose concept http://www.yso.fi/onto/muso/p879 as top concept of scheme http://www.yso.fi/onto/muso/
INFO: Marking loose concept http://www.yso.fi/onto/muso/p880 as top concept of scheme http://www.yso.fi/onto/muso/
INFO: Marking loose concept http://www.yso.fi/onto/muso/p881 as top concept of scheme http://www.yso.fi/onto/muso/
INFO: Marking loose concept http://www.yso.fi/onto/muso/p893 as top concept of scheme http://www.yso.fi/onto/muso/
INFO: Marking loose concept http://www.yso.fi/onto/muso/p894 as top concept of scheme http://www.yso.fi/onto/muso/
INFO: Marking loose concept http://www.yso.fi/onto/muso/p9 as top concept of scheme http://www.yso.fi/onto/muso/
INFO: Marking loose concept http://www.yso.fi/onto/muso/p904 as top concept of scheme http://www.yso.fi/onto/muso/
INFO: Marking loose concept http://www.yso.fi/onto/muso/p905 as top concept of scheme http://www.yso.fi/onto/muso/
INFO: Marking loose concept http://www.yso.fi/onto/muso/p908 as top concept of scheme http://www.yso.fi/onto/muso/
INFO: Marking loose concept http://www.yso.fi/onto/muso/p909 as top concept of scheme http://www.yso.fi/onto/muso/
INFO: Marking loose concept http://www.yso.fi/onto/muso/p911 as top concept of scheme http://www.yso.fi/onto/muso/
INFO: Marking loose concept http://www.yso.fi/onto/muso/p914 as top concept of scheme http://www.yso.fi/onto/muso/
INFO: Marking loose concept http://www.yso.fi/onto/muso/p917 as top concept of scheme http://www.yso.fi/onto/muso/
INFO: Marking loose concept http://www.yso.fi/onto/muso/p918 as top concept of scheme http://www.yso.fi/onto/muso/
INFO: Marking loose concept http://www.yso.fi/onto/muso/p92 as top concept of scheme http://www.yso.fi/onto/muso/
INFO: Marking loose concept http://www.yso.fi/onto/muso/p926 as top concept of scheme http://www.yso.fi/onto/muso/
INFO: Marking loose concept http://www.yso.fi/onto/muso/p927 as top concept of scheme http://www.yso.fi/onto/muso/
INFO: Marking loose concept http://www.yso.fi/onto/muso/p931 as top concept of scheme http://www.yso.fi/onto/muso/
INFO: Marking loose concept http://www.yso.fi/onto/muso/p932 as top concept of scheme http://www.yso.fi/onto/muso/
INFO: Marking loose concept http://www.yso.fi/onto/muso/p933 as top concept of scheme http://www.yso.fi/onto/muso/
INFO: Marking loose concept http://www.yso.fi/onto/muso/p935 as top concept of scheme http://www.yso.fi/onto/muso/
INFO: Marking loose concept http://www.yso.fi/onto/muso/p937 as top concept of scheme http://www.yso.fi/onto/muso/
INFO: Marking loose concept http://www.yso.fi/onto/muso/p938 as top concept of scheme http://www.yso.fi/onto/muso/
INFO: Marking loose concept http://www.yso.fi/onto/muso/p943 as top concept of scheme http://www.yso.fi/onto/muso/
INFO: Marking loose concept http://www.yso.fi/onto/muso/p946 as top concept of scheme http://www.yso.fi/onto/muso/
INFO: Marking loose concept http://www.yso.fi/onto/muso/p947 as top concept of scheme http://www.yso.fi/onto/muso/
INFO: Marking loose concept http://www.yso.fi/onto/muso/p949 as top concept of scheme http://www.yso.fi/onto/muso/
INFO: Marking loose concept http://www.yso.fi/onto/muso/p95 as top concept of scheme http://www.yso.fi/onto/muso/
INFO: Marking loose concept http://www.yso.fi/onto/muso/p950 as top concept of scheme http://www.yso.fi/onto/muso/
INFO: Marking loose concept http://www.yso.fi/onto/muso/p951 as top concept of scheme http://www.yso.fi/onto/muso/
INFO: Marking loose concept http://www.yso.fi/onto/muso/p953 as top concept of scheme http://www.yso.fi/onto/muso/
INFO: Marking loose concept http://www.yso.fi/onto/muso/p954 as top concept of scheme http://www.yso.fi/onto/muso/
INFO: Marking loose concept http://www.yso.fi/onto/muso/p956 as top concept of scheme http://www.yso.fi/onto/muso/
INFO: Marking loose concept http://www.yso.fi/onto/muso/p958 as top concept of scheme http://www.yso.fi/onto/muso/
INFO: Marking loose concept http://www.yso.fi/onto/muso/p959 as top concept of scheme http://www.yso.fi/onto/muso/
INFO: Marking loose concept http://www.yso.fi/onto/muso/p961 as top concept of scheme http://www.yso.fi/onto/muso/
INFO: Marking loose concept http://www.yso.fi/onto/muso/p963 as top concept of scheme http://www.yso.fi/onto/muso/
INFO: Marking loose concept http://www.yso.fi/onto/muso/p965 as top concept of scheme http://www.yso.fi/onto/muso/
INFO: Marking loose concept http://www.yso.fi/onto/muso/p966 as top concept of scheme http://www.yso.fi/onto/muso/
INFO: Marking loose concept http://www.yso.fi/onto/muso/p968 as top concept of scheme http://www.yso.fi/onto/muso/
INFO: Marking loose concept http://www.yso.fi/onto/muso/p971 as top concept of scheme http://www.yso.fi/onto/muso/
INFO: Marking loose concept http://www.yso.fi/onto/muso/p972 as top concept of scheme http://www.yso.fi/onto/muso/
INFO: Marking loose concept http://www.yso.fi/onto/muso/p975 as top concept of scheme http://www.yso.fi/onto/muso/
INFO: Marking loose concept http://www.yso.fi/onto/muso/p976 as top concept of scheme http://www.yso.fi/onto/muso/
INFO: Marking loose concept http://www.yso.fi/onto/muso/p977 as top concept of scheme http://www.yso.fi/onto/muso/
INFO: Marking loose concept http://www.yso.fi/onto/muso/p978 as top concept of scheme http://www.yso.fi/onto/muso/
INFO: Marking loose concept http://www.yso.fi/onto/muso/p980 as top concept of scheme http://www.yso.fi/onto/muso/
INFO: Marking loose concept http://www.yso.fi/onto/muso/p981 as top concept of scheme http://www.yso.fi/onto/muso/
INFO: Marking loose concept http://www.yso.fi/onto/muso/p982 as top concept of scheme http://www.yso.fi/onto/muso/
INFO: Marking loose concept http://www.yso.fi/onto/muso/p983 as top concept of scheme http://www.yso.fi/onto/muso/
INFO: Marking loose concept http://www.yso.fi/onto/muso/p984 as top concept of scheme http://www.yso.fi/onto/muso/
INFO: Marking loose concept http://www.yso.fi/onto/muso/p985 as top concept of scheme http://www.yso.fi/onto/muso/
INFO: Marking loose concept http://www.yso.fi/onto/muso/p986 as top concept of scheme http://www.yso.fi/onto/muso/
INFO: Marking loose concept http://www.yso.fi/onto/muso/p987 as top concept of scheme http://www.yso.fi/onto/muso/
INFO: Marking loose concept http://www.yso.fi/onto/muso/p988 as top concept of scheme http://www.yso.fi/onto/muso/
INFO: Marking loose concept http://www.yso.fi/onto/muso/p994 as top concept of scheme http://www.yso.fi/onto/muso/
INFO: Hierarchy cycle removed at p896 -> p677
INFO: Some concepts not reached in initial cycle detection. Re-checking for loose concepts.
WARNING: Concepts http://www.yso.fi/onto/muso/p1006 and http://www.yso.fi/onto/muso/p861 connected by both skos:broaderTransitive and skos:related, removing skos:related
WARNING: Concepts http://www.yso.fi/onto/muso/p274 and http://www.yso.fi/onto/muso/p323 connected by both skos:broaderTransitive and skos:related, removing skos:related
WARNING: Concepts http://www.yso.fi/onto/muso/p337 and http://www.yso.fi/onto/muso/p68426 connected by both skos:broaderTransitive and skos:related, removing skos:related
WARNING: Concepts http://www.yso.fi/onto/muso/p516 and http://www.yso.fi/onto/muso/p527 connected by both skos:broaderTransitive and skos:related, removing skos:related
WARNING: Concepts http://www.yso.fi/onto/muso/p637 and http://www.yso.fi/onto/muso/p636 connected by both skos:broaderTransitive and skos:related, removing skos:related
WARNING: Concepts http://www.yso.fi/onto/muso/p684 and http://www.yso.fi/onto/muso/p685 connected by both skos:broaderTransitive and skos:related, removing skos:related
WARNING: Concepts http://www.yso.fi/onto/muso/p69 and http://www.yso.fi/onto/muso/p152 connected by both skos:broaderTransitive and skos:related, removing skos:related
WARNING: Concepts http://www.yso.fi/onto/muso/p784 and http://www.yso.fi/onto/muso/p608 connected by both skos:broaderTransitive and skos:related, removing skos:related
WARNING: Concepts http://www.yso.fi/onto/muso/p819 and http://www.yso.fi/onto/muso/p32 connected by both skos:broaderTransitive and skos:related, removing skos:related
WARNING: Concepts http://www.yso.fi/onto/muso/p822 and http://www.yso.fi/onto/muso/p820 connected by both skos:broaderTransitive and skos:related, removing skos:related
WARNING: Concepts http://www.yso.fi/onto/muso/p999 and http://www.yso.fi/onto/muso/p289 connected by both skos:broaderTransitive and skos:related, removing skos:related
WARNING: Redundant hierarchical relationship http://www.yso.fi/onto/muso/p66089 skos:broader http://www.yso.fi/onto/muso/p527 found, but not eliminated because eliminate_redundancy is not set
WARNING: Redundant hierarchical relationship http://www.yso.fi/onto/muso/p535 skos:broader http://www.yso.fi/onto/muso/p527 found, but not eliminated because eliminate_redundancy is not set
WARNING: Resource http://www.yso.fi/onto/muso/p68409 has more than one prefLabel@fi: choosing kansanlaulajat (policy: shortest)
WARNING: Resource http://www.yso.fi/onto/muso/p1018 has 'andlig underhållningsmusik'@sv as both prefLabel and altLabel; removing altLabel
WARNING: Resource http://www.yso.fi/onto/muso/p1144 has 'naislaulajat'@fi as both prefLabel and altLabel; removing altLabel
WARNING: Resource http://www.yso.fi/onto/muso/p446 has 'teman'@sv as both prefLabel and altLabel; removing altLabel
WARNING: Resource http://www.yso.fi/onto/muso/p567 has 'country dance'@sv as both prefLabel and altLabel; removing altLabel
WARNING: Resource http://www.yso.fi/onto/muso/p62177 has 'käännösiskelmät'@fi as both prefLabel and altLabel; removing altLabel
WARNING: Resource http://www.yso.fi/onto/muso/p66100 has 'laulutekniikka'@fi as both prefLabel and altLabel; removing altLabel
WARNING: Resource http://www.yso.fi/onto/muso/p68419 has 'modus'@sv as both prefLabel and altLabel; removing altLabel
WARNING: Resource http://www.yso.fi/onto/muso/p757 has 'registrering'@sv as both prefLabel and altLabel; removing altLabel
