No MUSA concept found for CILLA concept http://www.yso.fi/onto/cilla/p1786 'evergreens'
No MUSA concept found for CILLA concept http://www.yso.fi/onto/cilla/p1793 'solonummer'
No MUSA concept found for CILLA concept http://www.yso.fi/onto/cilla/p1348 'dryckesvisor'
No MUSA concept found for CILLA concept http://www.yso.fi/onto/cilla/p1657 'musikliv'
No MUSA concept found for CILLA concept http://www.yso.fi/onto/cilla/p1654 'musikindustri'
No MUSA concept found for CILLA concept http://www.yso.fi/onto/cilla/p1394 'harmonianalys'
No MUSA concept found for CILLA concept http://www.yso.fi/onto/cilla/p1541 'kvartetter (kompositioner)'
No MUSA concept found for CILLA concept http://www.yso.fi/onto/cilla/p1589 'musiktävlingar'
No MUSA concept found for CILLA concept http://www.yso.fi/onto/cilla/p1439 'duor (kompositioner)'
No MUSA concept found for CILLA concept http://www.yso.fi/onto/cilla/p1332 'cittra'
No MUSA concept found for CILLA concept http://www.yso.fi/onto/cilla/p1910 'konserter (framträdanden)'
No MUSA concept found for CILLA concept http://www.yso.fi/onto/cilla/p1774 'symfoniska dikter'
No MUSA concept found for CILLA concept http://www.yso.fi/onto/cilla/p1621 'lutinstrument'
No MUSA concept found for CILLA concept http://www.yso.fi/onto/cilla/p59198 'soul'
No MUSA concept found for CILLA concept http://www.yso.fi/onto/cilla/p1595 'stråkinstrument'
No MUSA concept found for CILLA concept http://www.yso.fi/onto/cilla/p74587 'sångundervisning'
No MUSA concept found for CILLA concept http://www.yso.fi/onto/cilla/p1597 'ouvertyrer'
No MUSA concept found for CILLA concept http://www.yso.fi/onto/cilla/p1823 'trummor'
No MUSA concept found for CILLA concept http://www.yso.fi/onto/cilla/p59148 'heavy rock'
No MUSA concept found for CILLA concept http://www.yso.fi/onto/cilla/p1377 'fugor'
No MUSA concept found for CILLA concept http://www.yso.fi/onto/cilla/p1237 'dragspel'
No MUSA concept found for CILLA concept http://www.yso.fi/onto/cilla/p1685 'tonsättare'
No MUSA concept found for CILLA concept http://www.yso.fi/onto/cilla/p59140 'garage rock'
No MUSA concept found for CILLA concept http://www.yso.fi/onto/cilla/p1526 'kognitiv musikvetenskap'
No MUSA concept found for CILLA concept http://www.yso.fi/onto/cilla/p59127 'country'
No MUSA concept found for CILLA concept http://www.yso.fi/onto/cilla/p1692 'musikinstrumentsystematik'
No MUSA concept found for CILLA concept http://www.yso.fi/onto/cilla/p59159 'kantele'
No MUSA concept found for CILLA concept http://www.yso.fi/onto/cilla/p1276 'transkriptioner'
No MUSA concept found for CILLA concept http://www.yso.fi/onto/cilla/p1581 'symfoniorkestrar'
No MUSA concept found for CILLA concept http://www.yso.fi/onto/cilla/p59177 'oboe'
No MUSA concept found for CILLA concept http://www.yso.fi/onto/cilla/p1382 'förklassicism'
No MUSA concept found for CILLA concept http://www.yso.fi/onto/cilla/p74596 'musikteknologi'
No MUSA concept found for CILLA concept http://www.yso.fi/onto/cilla/p1303 'valthorn'
No MUSA concept found for CILLA concept http://www.yso.fi/onto/cilla/p1710 'Orffmetoden'
No MUSA concept found for CILLA concept http://www.yso.fi/onto/cilla/p1719 'sextetter (kompositioner)'
No MUSA concept found for CILLA concept http://www.yso.fi/onto/cilla/p66082 'singer-songwriters'
No MUSA concept found for CILLA concept http://www.yso.fi/onto/cilla/p59139 'funk'
No MUSA concept found for CILLA concept http://www.yso.fi/onto/cilla/p1471 'musikteori'
No MUSA concept found for CILLA concept http://www.yso.fi/onto/cilla/p1309 'fagott'
No MUSA concept found for CILLA concept http://www.yso.fi/onto/cilla/p1243 'musicerande'
No MUSA concept found for CILLA concept http://www.yso.fi/onto/cilla/p1280 'musikinstrument'
No MUSA concept found for CILLA concept http://www.yso.fi/onto/cilla/p1358 'ensembler -- dansmusik'
No MUSA concept found for CILLA concept http://www.yso.fi/onto/cilla/p1376 'friktionsinstrument'
No MUSA concept found for CILLA concept http://www.yso.fi/onto/cilla/p1585 'virginal'
No MUSA concept found for CILLA concept http://www.yso.fi/onto/cilla/p59138 'free jazz'
No MUSA concept found for CILLA concept http://www.yso.fi/onto/cilla/p1718 'septetter (kompositioner)'
No MUSA concept found for CILLA concept http://www.yso.fi/onto/cilla/p1573 'musikalier'
No MUSA concept found for CILLA concept http://www.yso.fi/onto/cilla/p1744 'pukor'
No MUSA concept found for CILLA concept http://www.yso.fi/onto/cilla/p1437 'kapellmästare'
No MUSA concept found for CILLA concept http://www.yso.fi/onto/cilla/p1465 'piccolaflöjt'
No MUSA concept found for CILLA concept http://www.yso.fi/onto/cilla/p1532 'konstmusik'
No MUSA concept found for CILLA concept http://www.yso.fi/onto/cilla/p1295 'vaggvisor'
No MUSA concept found for CILLA concept http://www.yso.fi/onto/cilla/p1571 'orkestermusik'
No MUSA concept found for CILLA concept http://www.yso.fi/onto/cilla/p1293 'barnvisor'
No MUSA concept found for CILLA concept http://www.yso.fi/onto/cilla/p1633 'metronomer'
No MUSA concept found for CILLA concept http://www.yso.fi/onto/cilla/p1831 'xylofon'
No MUSA concept found for CILLA concept http://www.yso.fi/onto/cilla/p1210 'arbetssånger'
No MUSA concept found for CILLA concept http://www.yso.fi/onto/cilla/p59186 'rhythm and blues'
No MUSA concept found for CILLA concept http://www.yso.fi/onto/cilla/p1337 'cymbal'
No MUSA concept found for CILLA concept http://www.yso.fi/onto/cilla/p74602 'studiepartitur'
No MUSA concept found for CILLA concept http://www.yso.fi/onto/cilla/p59167 'marimba'
No MUSA concept found for CILLA concept http://www.yso.fi/onto/cilla/p1257 'blåsinstrument'
No MUSA concept found for CILLA concept http://www.yso.fi/onto/cilla/p1318 'trombon'
No MUSA concept found for CILLA concept http://www.yso.fi/onto/cilla/p1215 'atonalitet'
No MUSA concept found for CILLA concept http://www.yso.fi/onto/cilla/p1533 'kontrabas'
No MUSA concept found for CILLA concept http://www.yso.fi/onto/cilla/p1676 'tidig musik'
No MUSA concept found for CILLA concept http://www.yso.fi/onto/cilla/p1699 'rekviem'
No MUSA concept found for CILLA concept http://www.yso.fi/onto/cilla/p1478 'wienklassicism'
No MUSA concept found for CILLA concept http://www.yso.fi/onto/cilla/p1461 'trior'
No MUSA concept found for CILLA concept http://www.yso.fi/onto/cilla/p1427 'cittror'
No MUSA concept found for CILLA concept http://www.yso.fi/onto/cilla/p1587 'kontrapunkt'
No MUSA concept found for CILLA concept http://www.yso.fi/onto/cilla/p66200 'kadriljer'
No MUSA concept found for CILLA concept http://www.yso.fi/onto/cilla/p1317 'säckpipa'
No MUSA concept found for CILLA concept http://www.yso.fi/onto/cilla/p1395 'harpa'
No MUSA concept found for CILLA concept http://www.yso.fi/onto/cilla/p1400 'homofoni'
No MUSA concept found for CILLA concept http://www.yso.fi/onto/cilla/p1847 'bleckblåsinstrument -- ensembler'
No MUSA concept found for CILLA concept http://www.yso.fi/onto/cilla/p1354 'elbas'
No MUSA concept found for CILLA concept http://www.yso.fi/onto/cilla/p62105 'dance'
No MUSA concept found for CILLA concept http://www.yso.fi/onto/cilla/p1681 'sångböcker'
No MUSA concept found for CILLA concept http://www.yso.fi/onto/cilla/p1350 'duetter'
No MUSA concept found for CILLA concept http://www.yso.fi/onto/cilla/p1434 'komposition'
No MUSA concept found for CILLA concept http://www.yso.fi/onto/cilla/p1805 'ståltrådsmusik'
No MUSA concept found for CILLA concept http://www.yso.fi/onto/cilla/p1542 'kvintetter (ensembler)'
No MUSA concept found for CILLA concept http://www.yso.fi/onto/cilla/p1225 'barnmusik'
No MUSA concept found for CILLA concept http://www.yso.fi/onto/cilla/p1278 'harmonisering'
No MUSA concept found for CILLA concept http://www.yso.fi/onto/cilla/p1484 'harpinstrument'
No MUSA concept found for CILLA concept http://www.yso.fi/onto/cilla/p1442 'kammarmusik'
No MUSA concept found for CILLA concept http://www.yso.fi/onto/cilla/p1815 'fado'
No MUSA concept found for CILLA concept http://www.yso.fi/onto/cilla/p1217 'bakgrundsmusik'
No MUSA concept found for CILLA concept http://www.yso.fi/onto/cilla/p1483 'harmonilära'
No MUSA concept found for CILLA concept http://www.yso.fi/onto/cilla/p1232 'blandade körer'
No MUSA concept found for CILLA concept http://www.yso.fi/onto/cilla/p1368 'latinamerikansk populärmusik'
No MUSA concept found for CILLA concept http://www.yso.fi/onto/cilla/p1430 'konserter (kompositioner)'
No MUSA concept found for CILLA concept http://www.yso.fi/onto/cilla/p1531 'konsertverksamhet'
No MUSA concept found for CILLA concept http://www.yso.fi/onto/cilla/p59181 'ragtime'
No MUSA concept found for CILLA concept http://www.yso.fi/onto/cilla/p1556 'madrigaler'
No MUSA concept found for CILLA concept http://www.yso.fi/onto/cilla/p1485 'landskapssånger'
No MUSA concept found for CILLA concept http://www.yso.fi/onto/cilla/p66161 'musikpris'
No MUSA concept found for CILLA concept http://www.yso.fi/onto/cilla/p1553 'luta'
No MUSA concept found for CILLA concept http://www.yso.fi/onto/cilla/p1406 'körmusik'
No MUSA concept found for CILLA concept http://www.yso.fi/onto/cilla/p1319 'blåsorkestrar'
No MUSA concept found for CILLA concept http://www.yso.fi/onto/cilla/p1717 'oktetter (kompositioner)'
No MUSA concept found for CILLA concept http://www.yso.fi/onto/cilla/p1302 'tuba'
No MUSA concept found for CILLA concept http://www.yso.fi/onto/cilla/p1557 'mandolin'
No MUSA concept found for CILLA concept http://www.yso.fi/onto/cilla/p1623 'musiksmak'
No MUSA concept found for CILLA concept http://www.yso.fi/onto/cilla/p59183 'rap'
No MUSA concept found for CILLA concept http://www.yso.fi/onto/cilla/p1315 'saxofon'
No MUSA concept found for CILLA concept http://www.yso.fi/onto/cilla/p1809 'sångfester'
No MUSA concept found for CILLA concept http://www.yso.fi/onto/cilla/p1512 'joddling'
No MUSA concept found for CILLA concept http://www.yso.fi/onto/cilla/p1238 'knäppinstrument'
No MUSA concept found for CILLA concept http://www.yso.fi/onto/cilla/p1271 'politiska sånger'
No MUSA concept found for CILLA concept http://www.yso.fi/onto/cilla/p1260 'latinsk kyrkosång'
No MUSA concept found for CILLA concept http://www.yso.fi/onto/cilla/p1528 'kompositionstävlingar'
No MUSA concept found for CILLA concept http://www.yso.fi/onto/cilla/p1266 'spirituals'
No MUSA concept found for CILLA concept http://www.yso.fi/onto/cilla/p1313 'panflöjt'
No MUSA concept found for CILLA concept http://www.yso.fi/onto/cilla/p1338 'damkörer'
No MUSA concept found for CILLA concept http://www.yso.fi/onto/cilla/p1714 'septetter (ensembler)'
No MUSA concept found for CILLA concept http://www.yso.fi/onto/cilla/p1247 'populärmusik'
No MUSA concept found for CILLA concept http://www.yso.fi/onto/cilla/p1712 'nonetter (ensembler)'
No MUSA concept found for CILLA concept http://www.yso.fi/onto/cilla/p1808 'Suzukimetoden'
No MUSA concept found for CILLA concept http://www.yso.fi/onto/cilla/p59190 'rockabilly'
No MUSA concept found for CILLA concept http://www.yso.fi/onto/cilla/p1448 'elorgel'
No MUSA concept found for CILLA concept http://www.yso.fi/onto/cilla/p59137 'fortepiano'
No MUSA concept found for CILLA concept http://www.yso.fi/onto/cilla/p1860 'tango'
No MUSA concept found for CILLA concept http://www.yso.fi/onto/cilla/p1497 'impromptun'
No MUSA concept found for CILLA concept http://www.yso.fi/onto/cilla/p1525 'klavikord'
No MUSA concept found for CILLA concept http://www.yso.fi/onto/cilla/p1216 'automatiska musikinstrument'
No MUSA concept found for CILLA concept http://www.yso.fi/onto/cilla/p1821 'tolvtonssystem'
No MUSA concept found for CILLA concept http://www.yso.fi/onto/cilla/p1369 'fingersättningar'
No MUSA concept found for CILLA concept http://www.yso.fi/onto/cilla/p66078 'dansmusiker'
No MUSA concept found for CILLA concept http://www.yso.fi/onto/cilla/p66149 'musikforskning'
No MUSA concept found for CILLA concept http://www.yso.fi/onto/cilla/p1505 'intermezzon'
No MUSA concept found for CILLA concept http://www.yso.fi/onto/cilla/p1848 'kompositioner'
No MUSA concept found for CILLA concept http://www.yso.fi/onto/cilla/p1445 'elektriska musikinstrument'
No MUSA concept found for CILLA concept http://www.yso.fi/onto/cilla/p1488 'nationalsånger'
No MUSA concept found for CILLA concept http://www.yso.fi/onto/cilla/p1742 'progressiv rock'
No MUSA concept found for CILLA concept http://www.yso.fi/onto/cilla/p1779 'rondon'
No MUSA concept found for CILLA concept http://www.yso.fi/onto/cilla/p1689 'periodinstrument'
No MUSA concept found for CILLA concept http://www.yso.fi/onto/cilla/p1594 'orkesterverksamhet'
No MUSA concept found for CILLA concept http://www.yso.fi/onto/cilla/p1224 'barnkörer'
No MUSA concept found for CILLA concept http://www.yso.fi/onto/cilla/p1554 'lyrinstrument'
No MUSA concept found for CILLA concept http://www.yso.fi/onto/cilla/p1653 'musikikonografi'
No MUSA concept found for CILLA concept http://www.yso.fi/onto/cilla/p1291 'körer'
No MUSA concept found for CILLA concept http://www.yso.fi/onto/cilla/p59178 'piano'
No MUSA concept found for CILLA concept http://www.yso.fi/onto/cilla/p59132 'dixieland'
No MUSA concept found for CILLA concept http://www.yso.fi/onto/cilla/p1695 'sångtävlingar'
No MUSA concept found for CILLA concept http://www.yso.fi/onto/cilla/p1722 'protestsånger'
No MUSA concept found for CILLA concept http://www.yso.fi/onto/cilla/p1517 'kammarorkestrar'
No MUSA concept found for CILLA concept http://www.yso.fi/onto/cilla/p1199 'afroamerikansk musik'
No MUSA concept found for CILLA concept http://www.yso.fi/onto/cilla/p59152 'hiphop'
No MUSA concept found for CILLA concept http://www.yso.fi/onto/cilla/p1277 'arrangörer (musik)'
No MUSA concept found for CILLA concept http://www.yso.fi/onto/cilla/p1501 'instrumentalmusik'
No MUSA concept found for CILLA concept http://www.yso.fi/onto/cilla/p1410 'tangentinstrument'
No MUSA concept found for CILLA concept http://www.yso.fi/onto/cilla/p1239 'sång'
No MUSA concept found for CILLA concept http://www.yso.fi/onto/cilla/p1868 'TV-program -- musik'
No MUSA concept found for CILLA concept http://www.yso.fi/onto/cilla/p1679 'partitur'
No MUSA concept found for CILLA concept http://www.yso.fi/onto/cilla/p1436 'tonträffning'
No MUSA concept found for CILLA concept http://www.yso.fi/onto/cilla/p1413 'musikhistoria'
No MUSA concept found for CILLA concept http://www.yso.fi/onto/cilla/p1403 'hymner'
No MUSA concept found for CILLA concept http://www.yso.fi/onto/cilla/p1304 'flöjtinstrument'
No MUSA concept found for CILLA concept http://www.yso.fi/onto/cilla/p1418 'bröllopsmusik'
No MUSA concept found for CILLA concept http://www.yso.fi/onto/cilla/p1604 'schlager'
No MUSA concept found for CILLA concept http://www.yso.fi/onto/cilla/p1700 'nationalromantik'
No MUSA concept found for CILLA concept http://www.yso.fi/onto/cilla/p1502 'instrumentation'
No MUSA concept found for CILLA concept http://www.yso.fi/onto/cilla/p59200 'swing'
No MUSA concept found for CILLA concept http://www.yso.fi/onto/cilla/p1481 'ljudupptagningar'
No MUSA concept found for CILLA concept http://www.yso.fi/onto/cilla/p1473 'sonatform'
No MUSA concept found for CILLA concept http://www.yso.fi/onto/cilla/p1292 'ungdomskörer'
No MUSA concept found for CILLA concept http://www.yso.fi/onto/cilla/p1583 'sångare'
No MUSA concept found for CILLA concept http://www.yso.fi/onto/cilla/p1306 'flöjt'
No MUSA concept found for CILLA concept http://www.yso.fi/onto/cilla/p1613 'tonarter'
No MUSA concept found for CILLA concept http://www.yso.fi/onto/cilla/p67264 'instrumentbyggare'
No MUSA concept found for CILLA concept http://www.yso.fi/onto/cilla/p1647 'musikbranschen'
No MUSA concept found for CILLA concept http://www.yso.fi/onto/cilla/p2006 'akustisk populärmusik'
No MUSA concept found for CILLA concept http://www.yso.fi/onto/cilla/p1614 'manskörer'
No MUSA concept found for CILLA concept http://www.yso.fi/onto/cilla/p1218 'balalajka'
No MUSA concept found for CILLA concept http://www.yso.fi/onto/cilla/p1713 'oktetter (ensembler)'
No MUSA concept found for CILLA concept http://www.yso.fi/onto/cilla/p59202 'tempo'
No MUSA concept found for CILLA concept http://www.yso.fi/onto/cilla/p59109 'banjo'
No MUSA concept found for CILLA concept http://www.yso.fi/onto/cilla/p59187 'rock'
No MUSA concept found for CILLA concept http://www.yso.fi/onto/cilla/p1408 'diskomusik'
No MUSA concept found for CILLA concept http://www.yso.fi/onto/cilla/p59196 'son'
No MUSA concept found for CILLA concept http://www.yso.fi/onto/cilla/p1365 'femsträngad kantele'
No MUSA concept found for CILLA concept http://www.yso.fi/onto/cilla/p1245 'popmusik'
No MUSA concept found for CILLA concept http://www.yso.fi/onto/cilla/p1246 'latinamerikansk musik'
No MUSA concept found for CILLA concept http://www.yso.fi/onto/cilla/p1711 'orgelharmonium'
No MUSA concept found for CILLA concept http://www.yso.fi/onto/cilla/p1267 'sånger'
No MUSA concept found for CILLA concept http://www.yso.fi/onto/cilla/p1643 'musikanalys'
No MUSA concept found for CILLA concept http://www.yso.fi/onto/cilla/p1720 'nyromantik'
No MUSA concept found for CILLA concept http://www.yso.fi/onto/cilla/p1703 'nidvisor'
No MUSA concept found for CILLA concept http://www.yso.fi/onto/cilla/p1414 'orkestrar'
No MUSA concept found for CILLA concept http://www.yso.fi/onto/cilla/p1820 'toccator'
No MUSA concept found for CILLA concept http://www.yso.fi/onto/cilla/p1612 'oratorier'
No MUSA concept found for CILLA concept http://www.yso.fi/onto/cilla/p74588 'sångteknik'
No MUSA concept found for CILLA concept http://www.yso.fi/onto/cilla/p1360 'etyder'
No MUSA concept found for CILLA concept http://www.yso.fi/onto/cilla/p66202 'gatumusikanter'
No MUSA concept found for CILLA concept http://www.yso.fi/onto/cilla/p1543 'kvintetter (kompositioner)'
No MUSA concept found for CILLA concept http://www.yso.fi/onto/cilla/p1850 'folkrock (akustisk)'
No MUSA concept found for CILLA concept http://www.yso.fi/onto/cilla/p1519 'kantater'
No MUSA concept found for CILLA concept http://www.yso.fi/onto/cilla/p1259 'musiker'
No MUSA concept found for CILLA concept http://www.yso.fi/onto/cilla/p1694 'rytmik'
No MUSA concept found for CILLA concept http://www.yso.fi/onto/cilla/p1331 'chansoner'
No MUSA concept found for CILLA concept http://www.yso.fi/onto/cilla/p1540 'kvartetter (ensembler)'
No MUSA concept found for CILLA concept http://www.yso.fi/onto/cilla/p1834 'viola'
No MUSA concept found for CILLA concept http://www.yso.fi/onto/cilla/p66132 'DJ'
No MUSA concept found for CILLA concept http://www.yso.fi/onto/cilla/p1813 'talsång'
No MUSA concept found for CILLA concept http://www.yso.fi/onto/cilla/p1234 'blockflöjt'
No MUSA concept found for CILLA concept http://www.yso.fi/onto/cilla/p66170 'notskrift'
No MUSA concept found for CILLA concept http://www.yso.fi/onto/cilla/p1724 'notläsning'
No MUSA concept found for CILLA concept http://www.yso.fi/onto/cilla/p1270 'arbetarsånger'
No MUSA concept found for CILLA concept http://www.yso.fi/onto/cilla/p1457 'sorgemusik'
No MUSA concept found for CILLA concept http://www.yso.fi/onto/cilla/p1574 'sångskolor'
No MUSA concept found for CILLA concept http://www.yso.fi/onto/cilla/p1766 'regional orkesterverksamhet'
No MUSA concept found for CILLA concept http://www.yso.fi/onto/cilla/p1386 'gatumusik'
No MUSA concept found for CILLA concept http://www.yso.fi/onto/cilla/p1310 'klarinett'
No MUSA concept found for CILLA concept http://www.yso.fi/onto/cilla/p1416 'big band'
No MUSA concept found for CILLA concept http://www.yso.fi/onto/cilla/p1515 'kammarkörer'
No MUSA concept found for CILLA concept http://www.yso.fi/onto/cilla/p1768 'preludier'
No MUSA concept found for CILLA concept http://www.yso.fi/onto/cilla/p1301 'trumpet'
No MUSA concept found for CILLA concept http://www.yso.fi/onto/cilla/p1716 'nonetter (kompositioner)'
No MUSA concept found for CILLA concept http://www.yso.fi/onto/cilla/p1244 'musik'
No MUSA concept found for CILLA concept http://www.yso.fi/onto/cilla/p1606 'motetter'
No MUSA concept found for CILLA concept http://www.yso.fi/onto/cilla/p1503 'instrumentbyggeri'
No MUSA concept found for CILLA concept http://www.yso.fi/onto/cilla/p1743 'psalmodikon'
No MUSA concept found for CILLA concept http://www.yso.fi/onto/cilla/p59160 'karaoke'
No MUSA concept found for CILLA concept http://www.yso.fi/onto/cilla/p1626 'sorgmarscher'
No MUSA concept found for CILLA concept http://www.yso.fi/onto/cilla/p59122 'cembalo'
No MUSA concept found for CILLA concept http://www.yso.fi/onto/cilla/p1451 'instrumentskolor'
No MUSA concept found for CILLA concept http://www.yso.fi/onto/cilla/p1836 'Kodálymetoden'
No MUSA concept found for CILLA concept http://www.yso.fi/onto/cilla/p1748 'rapsodier'
No MUSA concept found for CILLA concept http://www.yso.fi/onto/cilla/p1305 'träblåsinstrument'
No MUSA concept found for CILLA concept http://www.yso.fi/onto/cilla/p1279 'tonalitet'
No MUSA concept found for CILLA concept http://www.yso.fi/onto/cilla/p59185 'reggae'
No MUSA concept found for CILLA concept http://www.yso.fi/onto/cilla/p1356 'elektronisk populärmusik'
No MUSA concept found for CILLA concept http://www.yso.fi/onto/cilla/p1308 'engelskt horn'
No MUSA concept found for CILLA concept http://www.yso.fi/onto/cilla/p1763 'seriell musik'
No MUSA concept found for CILLA concept http://www.yso.fi/onto/cilla/p1240 'världsmusik'
No MUSA concept found for CILLA concept http://www.yso.fi/onto/cilla/p1339 'dansmusik'
No MUSA concept found for CILLA concept http://www.yso.fi/onto/cilla/p1767 'underhållningsorkestrar'
No MUSA concept found for CILLA concept http://www.yso.fi/onto/cilla/p59112 'bebop'
No MUSA concept found for CILLA concept http://www.yso.fi/onto/cilla/p1446 'gitarr'
No MUSA concept found for CILLA concept http://www.yso.fi/onto/cilla/p1274 'recitativ'
No MUSA concept found for CILLA concept http://www.yso.fi/onto/cilla/p1828 'violin'
No MUSA concept found for CILLA concept http://www.yso.fi/onto/cilla/p1672 'programmusik'
No MUSA concept found for CILLA concept http://www.yso.fi/onto/cilla/p1209 'arbetarklassens musik'
No MUSA concept found for CILLA concept http://www.yso.fi/onto/cilla/p59111 'continuo'
No MUSA concept found for CILLA concept http://www.yso.fi/onto/cilla/p1580 'stråkorkestrar'
No MUSA concept found for CILLA concept http://www.yso.fi/onto/cilla/p63622 'musikläger'
No MUSA concept found for CILLA concept http://www.yso.fi/onto/cilla/p80685 'arrangering (musik)'
No MUSA concept found for CILLA concept http://www.yso.fi/onto/cilla/p59130 'country rock'
No MUSA concept found for CILLA concept http://www.yso.fi/onto/cilla/p1261 'gregoriansk sång'
No MUSA concept found for CILLA concept http://www.yso.fi/onto/cilla/p66153 'musikklubbar'
No MUSA concept found for CILLA concept http://www.yso.fi/onto/cilla/p1390 'gosskörer'
No MUSA concept found for CILLA concept http://www.yso.fi/onto/cilla/p1441 'sångensembler'
No MUSA concept found for CILLA concept http://www.yso.fi/onto/cilla/p1601 'melodik'
No MUSA concept found for CILLA concept http://www.yso.fi/onto/cilla/p1435 'elektroakustisk musik'
No MUSA concept found for CILLA concept http://www.yso.fi/onto/cilla/p1426 'visor'
No MUSA concept found for CILLA concept http://www.yso.fi/onto/cilla/p1539 'kupletter'
No MUSA concept found for CILLA concept http://www.yso.fi/onto/cilla/p1702 'neumer'
No MUSA concept found for CILLA concept http://www.yso.fi/onto/cilla/p1608 'passioner'
No MUSA concept found for CILLA concept http://www.yso.fi/onto/cilla/p1255 'vokalmusik'
No MUSA concept found for CILLA concept http://www.yso.fi/onto/cilla/p59117 'blues'
No MUSA concept found for CILLA concept http://www.yso.fi/onto/cilla/p1198 'allsång'
No MUSA concept found for CILLA concept http://www.yso.fi/onto/cilla/p59208 'viola da gamba'
No MUSA concept found for CILLA concept http://www.yso.fi/onto/cilla/p1404 'generalbas'
No MUSA concept found for CILLA concept http://www.yso.fi/onto/cilla/p1487 'polyfoni'
No MUSA concept found for CILLA concept http://www.yso.fi/onto/cilla/p1409 'slaginstrument'
No MUSA concept found for CILLA concept http://www.yso.fi/onto/cilla/p1564 'vibrafon'
No MUSA concept found for CILLA concept http://www.yso.fi/onto/cilla/p1422 'festmusik'
No MUSA concept found for CILLA concept http://www.yso.fi/onto/cilla/p59182 'rai'
No MUSA concept found for CILLA concept http://www.yso.fi/onto/cilla/p59143 'grunge'
No MUSA concept found for CILLA concept http://www.yso.fi/onto/cilla/p1440 'ensembler'
No MUSA concept found for CILLA concept http://www.yso.fi/onto/cilla/p1560 'melodier'
No MUSA concept found for CILLA concept http://www.yso.fi/onto/cilla/p1546 'kördirigenter'
No MUSA concept found for CILLA concept http://www.yso.fi/onto/cilla/p1447 'elgitarr'
No MUSA concept found for CILLA concept http://www.yso.fi/onto/cilla/p1845 'diskjockey'
No MUSA concept found for CILLA concept http://www.yso.fi/onto/cilla/p1419 'marscher'
No MUSA concept found for CILLA concept http://www.yso.fi/onto/cilla/p59156 'indie rock'
No MUSA concept found for CILLA concept http://www.yso.fi/onto/cilla/p1833 'violoncell'
No MUSA concept found for CILLA concept http://www.yso.fi/onto/cilla/p1233 'bleckblåsinstrument'
No MUSA concept found for CILLA concept http://www.yso.fi/onto/cilla/p1578 'julsånger'
No MUSA concept found for CILLA concept http://www.yso.fi/onto/cilla/p1575 'tonsystem'
No MUSA concept found for CILLA concept http://www.yso.fi/onto/cilla/p1432 'underhållningsmusik'
No MUSA concept found for CILLA concept http://www.yso.fi/onto/cilla/p1762 'serenader'
No MUSA concept found for CILLA concept http://www.yso.fi/onto/cilla/p1449 'syntar'
No MUSA concept found for CILLA concept http://www.yso.fi/onto/cilla/p1530 'konsertprogram'
No MUSA concept found for CILLA concept http://www.yso.fi/onto/cilla/p1788 'symfonier'
No MUSA concept found for CILLA concept http://www.yso.fi/onto/cilla/p1715 'sextetter (ensembler)'
No MUSA concept found for CILLA concept http://www.yso.fi/onto/cilla/p1407 'fusionsmusik'
No MUSA concept found for CILLA concept http://www.yso.fi/onto/cilla/p1658 'musikpolitik'
No MUSA concept found for CILLA concept http://www.yso.fi/onto/cilla/p1524 'klangfärg'
No MUSA concept found for CILLA concept http://www.yso.fi/onto/cilla/p1475 'kompositionslära'
No MUSA concept found for CILLA concept http://www.yso.fi/onto/cilla/p1510 'janitsjarmusik'
No MUSA concept found for CILLA concept http://www.yso.fi/onto/cilla/p1708 'opusförteckningar'
No MUSA concept found for CILLA concept http://www.yso.fi/onto/cilla/p65834 'death metal'
No MUSA concept found for CILLA concept http://www.yso.fi/onto/cilla/p1622 'stråkharpa'
No MUSA concept found for CILLA concept http://www.yso.fi/onto/cilla/p1311 'munspel'
No MUSA concept found for CILLA concept http://www.yso.fi/onto/cilla/p65833 'black metal'
No MUSA concept found for CILLA concept http://www.yso.fi/onto/cilla/p59191 'salsa'
No MUSA concept found for CILLA concept http://www.yso.fi/onto/cilla/p1851 'folkrock (förstärkt)'
No MUSA concept found for CILLA concept http://www.yso.fi/onto/cilla/p1450 'orgel'
No MUSA concept found for CILLA concept http://www.yso.fi/onto/cilla/p1576 'skalor'
No MUSA concept found for CILLA concept http://www.yso.fi/onto/cilla/p1506 'intervaller'
No MUSA concept found for CILLA concept http://www.yso.fi/onto/cilla/p1547 'lekare'
