http://www.yso.fi/onto/musa/p784 'minnelaulajat': Unknown target vocabulary 'None' for linked term 'Minnesingers', assuming 'cilla'
http://www.yso.fi/onto/musa/p818 'musetteharmonikka': Unknown target vocabulary 'None' for linked term 'Button-key accordion', assuming 'cilla'
http://www.yso.fi/onto/musa/p422 'afro': Unknown target vocabulary 'None' for linked term 'Popular music -- Africa', assuming 'cilla'
http://www.yso.fi/onto/musa/p439 'afrokuubalainen jazz': Unknown target vocabulary 'None' for linked term 'Latin jazz', assuming 'cilla'
http://www.yso.fi/onto/musa/p429 'afro-rock': Unknown target vocabulary 'None' for linked term 'Rock music -- Africa', assuming 'cilla'
http://www.yso.fi/onto/musa/p441 'agogiikka': Unknown target vocabulary 'None' for linked term 'Music -- Interpretation (Phrasing, dynamics, etc.)', assuming 'cilla'
http://www.yso.fi/onto/musa/p441 'agogiikka': Unknown target vocabulary 'None' for linked term 'Musical meter and rhythm', assuming 'cilla'
http://www.yso.fi/onto/musa/p451 'aleatorinen musiikki': Unknown target vocabulary 'None' for linked term 'Aleatory music', assuming 'cilla'
http://www.yso.fi/onto/musa/p1911 'alppitorvi': Unknown target vocabulary 'None' for linked term 'Alphorn', assuming 'cilla'
http://www.yso.fi/onto/musa/p479 'ars antiqua': Unknown target vocabulary 'None' for linked term 'Music', assuming 'cilla'
http://www.yso.fi/onto/musa/p473 'arabialainen musiikki': Unknown target vocabulary 'None' for linked term 'Arabs -- Music', assuming 'cilla'
http://www.yso.fi/onto/musa/p469 'antifonit': Unknown target vocabulary 'None' for linked term 'Antiphons (Music)', assuming 'cilla'
http://www.yso.fi/onto/musa/p466 'ambrosiaaninen laulu': Unknown target vocabulary 'None' for linked term 'Ambrosian chants', assuming 'cilla'
http://www.yso.fi/onto/musa/p480 'ars nova': Unknown target vocabulary 'None' for linked term 'Music', assuming 'cilla'
http://www.yso.fi/onto/musa/p467 'asete': Unknown target vocabulary 'None' for linked term 'Embouchure (Musical instruments)', assuming 'cilla'
http://www.yso.fi/onto/musa/p498 'bandoneon': Unknown target vocabulary 'None' for linked term 'Bandoneon', assuming 'cilla'
http://www.yso.fi/onto/musa/p500 'barbershop-musiikki': Unknown target vocabulary 'None' for linked term 'Barbershop quartets', assuming 'cilla'
http://www.yso.fi/onto/musa/p500 'barbershop-musiikki': Unknown target vocabulary 'None' for linked term 'Barbershop singing', assuming 'cilla'
http://www.yso.fi/onto/musa/p504 'barrelhouse piano': Unknown target vocabulary 'None' for linked term 'Piano music (Barrelhouse)', assuming 'cilla'
http://www.yso.fi/onto/musa/p67017 'bassot (laulajat)': Unknown target vocabulary 'None' for linked term 'Basses (Singers)', assuming 'cilla'
http://www.yso.fi/onto/musa/p69048 'beatboxing': Unknown target vocabulary 'None' for linked term 'Beatboxing', assuming 'cilla'
http://www.yso.fi/onto/musa/p509 'bel canto': Unknown target vocabulary 'None' for linked term 'Bel canto', assuming 'cilla'
http://www.yso.fi/onto/musa/p424 'benga': Unknown target vocabulary 'None' for linked term 'Popular music -- Kenya', assuming 'cilla'
http://www.yso.fi/onto/musa/p512 'bhangra': Unknown target vocabulary 'None' for linked term 'Bhangra (Music)', assuming 'cilla'
http://www.yso.fi/onto/musa/p519 'bluegrass': Unknown target vocabulary 'None' for linked term 'Bluegrass music', assuming 'cilla'
http://www.yso.fi/onto/musa/p436 'boogie woogie': Unknown target vocabulary 'None' for linked term 'Boogie woogie (Music)', assuming 'cilla'
http://www.yso.fi/onto/musa/p33 'bossa nova': Unknown target vocabulary 'None' for linked term 'Bossa nova (Music)', assuming 'cilla'
http://www.yso.fi/onto/musa/p66059 'bysanttilainen kirkkomusiikki': Unknown target vocabulary 'None' for linked term 'Byzantine chants', assuming 'cilla'
http://www.yso.fi/onto/musa/p66059 'bysanttilainen kirkkomusiikki': Unknown target vocabulary 'None' for linked term 'Music, Byzantine', assuming 'cilla'
http://www.yso.fi/onto/musa/p538 'cajun': Unknown target vocabulary 'None' for linked term 'Cajun music', assuming 'cilla'
http://www.yso.fi/onto/musa/p88 'calypso': Unknown target vocabulary 'None' for linked term 'Calypso (Music)', assuming 'cilla'
http://www.yso.fi/onto/musa/p550 'celesta': Unknown target vocabulary 'None' for linked term 'Celesta', assuming 'cilla'
http://www.yso.fi/onto/musa/p524 'buzuki': Unknown target vocabulary 'None' for linked term 'Bouzouki', assuming 'cilla'
http://www.yso.fi/onto/musa/p556 'Chicago-blues': Unknown target vocabulary 'None' for linked term 'Blues (Music) -- Illinois -- Chicago', assuming 'cilla'
http://www.yso.fi/onto/musa/p558 'Chicago-jazz': Unknown target vocabulary 'None' for linked term 'Jazz -- Illinois -- Chicago', assuming 'cilla'
http://www.yso.fi/onto/musa/p66096 'city blues': Unknown target vocabulary 'None' for linked term 'Blues (Music)', assuming 'cilla'
http://www.yso.fi/onto/musa/p560 'concerto grossot': Unknown target vocabulary 'None' for linked term 'Concerti grossi', assuming 'cilla'
http://www.yso.fi/onto/musa/p563 'congarumpu': Unknown target vocabulary 'None' for linked term 'Congas', assuming 'cilla'
http://www.yso.fi/onto/musa/p565 'cool jazz': Unknown target vocabulary 'None' for linked term 'Cool jazz', assuming 'cilla'
http://www.yso.fi/onto/musa/p521 'country and western': Unknown target vocabulary 'None' for linked term 'Country music', assuming 'cilla'
http://www.yso.fi/onto/musa/p521 'country and western': Unknown target vocabulary 'None' for linked term 'Old-time music', assuming 'cilla'
http://www.yso.fi/onto/musa/p754 'country blues': Unknown target vocabulary 'None' for linked term 'Blues (Music)', assuming 'cilla'
http://www.yso.fi/onto/musa/p835 'cowboylaulut': Unknown target vocabulary 'None' for linked term 'Cowboys -- Songs and music', assuming 'cilla'
http://www.yso.fi/onto/musa/p569 'cumbia': Unknown target vocabulary 'None' for linked term 'Cumbia (Music)', assuming 'cilla'
http://www.yso.fi/onto/musa/p68021 'didgerido': Unknown target vocabulary 'None' for linked term 'Didjeridu', assuming 'cilla'
http://www.yso.fi/onto/musa/p582 'doo wop': Unknown target vocabulary 'None' for linked term 'Doo-wop (Music)', assuming 'cilla'
http://www.yso.fi/onto/musa/p65836 'doom metal': Unknown target vocabulary 'None' for linked term 'Doom metal (Music)', assuming 'cilla'
http://www.yso.fi/onto/musa/p66137 'drum 'n' bass': Unknown target vocabulary 'None' for linked term 'Electronic dance music', assuming 'cilla'
http://www.yso.fi/onto/musa/p1119 'dub': Unknown target vocabulary 'None' for linked term 'Dub (Music)', assuming 'cilla'
http://www.yso.fi/onto/musa/p73973 'dubstep': Unknown target vocabulary 'None' for linked term 'Dubstep', assuming 'cilla'
http://www.yso.fi/onto/musa/p208 'dulcimer': Unknown target vocabulary 'None' for linked term 'Dulcimer', assuming 'cilla'
http://www.yso.fi/onto/musa/p80330 'elektroninen tanssimusiikki': Unknown target vocabulary 'None' for linked term 'Electronic dance music', assuming 'cilla'
http://www.yso.fi/onto/musa/p72261 'EP:t': Unknown target vocabulary 'None' for linked term 'Sound recordings', assuming 'cilla'
http://www.yso.fi/onto/musa/p632 'falsettilaulu': Unknown target vocabulary 'None' for linked term 'Vocal registers', assuming 'cilla'
http://www.yso.fi/onto/musa/p755 'folkblues': Unknown target vocabulary 'None' for linked term 'Blues (Music)', assuming 'cilla'
http://www.yso.fi/onto/musa/p647 'fraseeraus': Unknown target vocabulary 'None' for linked term 'Music -- Interpretation (Phrasing, dynamics, etc.)', assuming 'cilla'
http://www.yso.fi/onto/musa/p72265 'gallikaaninen laulu': Unknown target vocabulary 'None' for linked term 'Chants', assuming 'cilla'
http://www.yso.fi/onto/musa/p653 'gamelanmusiikki': Unknown target vocabulary 'None' for linked term 'Gamelan music', assuming 'cilla'
http://www.yso.fi/onto/musa/p657 'gongi': Unknown target vocabulary 'None' for linked term 'Gong', assuming 'cilla'
http://www.yso.fi/onto/musa/p537 'groupiet': Unknown target vocabulary 'None' for linked term 'Groupies', assuming 'cilla'
http://www.yso.fi/onto/musa/p663 'haitarijazz': Unknown target vocabulary 'None' for linked term 'Dance music -- Finland', assuming 'cilla'
http://www.yso.fi/onto/musa/p663 'haitarijazz': Unknown target vocabulary 'None' for linked term 'Popular music -- Finland', assuming 'cilla'
http://www.yso.fi/onto/musa/p720 'hard bop': Unknown target vocabulary 'None' for linked term 'Bop (Music)', assuming 'cilla'
http://www.yso.fi/onto/musa/p66169 'hard rock': Unknown target vocabulary 'None' for linked term 'Blues-rock music', assuming 'cilla'
http://www.yso.fi/onto/musa/p673 'Harlem-jazz': Unknown target vocabulary 'None' for linked term 'Jazz -- New York (State) -- New York', assuming 'cilla'
http://www.yso.fi/onto/musa/p680 'havaijinkitara': Unknown target vocabulary 'None' for linked term 'Hawaiian guitar', assuming 'cilla'
http://www.yso.fi/onto/musa/p117 'hengelliset lastenlaulut': Unknown target vocabulary 'None' for linked term 'Children's songs', assuming 'cilla'
http://www.yso.fi/onto/musa/p117 'hengelliset lastenlaulut': Unknown target vocabulary 'None' for linked term 'Sacred songs', assuming 'cilla'
http://www.yso.fi/onto/musa/p430 'highlife': Unknown target vocabulary 'None' for linked term 'Highlife (Music)', assuming 'cilla'
http://www.yso.fi/onto/musa/p522 'hillbilly': Unknown target vocabulary 'None' for linked term 'Country music', assuming 'cilla'
http://www.yso.fi/onto/musa/p522 'hillbilly': Unknown target vocabulary 'None' for linked term 'Old-time music', assuming 'cilla'
http://www.yso.fi/onto/musa/p644 'hootenanny': Unknown target vocabulary 'None' for linked term 'Folk-rock music', assuming 'cilla'
http://www.yso.fi/onto/musa/p576 'house': Unknown target vocabulary 'None' for linked term 'House music', assuming 'cilla'
http://www.yso.fi/onto/musa/p84 'häämarssit': Unknown target vocabulary 'None' for linked term 'Marches', assuming 'cilla'
http://www.yso.fi/onto/musa/p84 'häämarssit': Unknown target vocabulary 'None' for linked term 'Wedding music', assuming 'cilla'
http://www.yso.fi/onto/musa/p900 'häävalssit': Unknown target vocabulary 'None' for linked term 'Waltzes', assuming 'cilla'
http://www.yso.fi/onto/musa/p900 'häävalssit': Unknown target vocabulary 'None' for linked term 'Wedding music', assuming 'cilla'
http://www.yso.fi/onto/musa/p66104 'instrumentaalinen viihdemusiikki': Unknown target vocabulary 'None' for linked term 'Popular instrumental music', assuming 'cilla'
http://www.yso.fi/onto/musa/p166 'isänmaallinen musiikki': Unknown target vocabulary 'None' for linked term 'Patriotic music', assuming 'cilla'
http://www.yso.fi/onto/musa/p425 'juju': Unknown target vocabulary 'None' for linked term 'Juju music', assuming 'cilla'
http://www.yso.fi/onto/musa/p853 'kaksoiskonsertot': Unknown target vocabulary 'None' for linked term 'Concertos', assuming 'cilla'
http://www.yso.fi/onto/musa/p411 'kamarioopperat': Unknown target vocabulary 'None' for linked term 'Operas', assuming 'cilla'
http://www.yso.fi/onto/musa/p801 'kampiliira': Unknown target vocabulary 'None' for linked term 'Hurdy-gurdy', assuming 'cilla'
http://www.yso.fi/onto/musa/p873 'kastraattilaulajat': Unknown target vocabulary 'None' for linked term 'Castrati', assuming 'cilla'
http://www.yso.fi/onto/musa/p639 'kelttiläinen kansanmusiikki': Unknown target vocabulary 'None' for linked term 'Celtic music', assuming 'cilla'
http://www.yso.fi/onto/musa/p920 'kirkkosävellajit': Unknown target vocabulary 'None' for linked term 'Musical intervals and scales', assuming 'cilla'
http://www.yso.fi/onto/musa/p795 'klezmer-musiikki': Unknown target vocabulary 'None' for linked term 'Klezmer music', assuming 'cilla'
http://www.yso.fi/onto/musa/p66027 'koe-esiintyminen': Unknown target vocabulary 'None' for linked term 'Auditions', assuming 'cilla'
http://www.yso.fi/onto/musa/p854 'kolmoiskonsertot': Unknown target vocabulary 'None' for linked term 'Concertos', assuming 'cilla'
http://www.yso.fi/onto/musa/p401 'konserttiaariat': Unknown target vocabulary 'None' for linked term 'Songs with chamber orchestra', assuming 'cilla'
http://www.yso.fi/onto/musa/p401 'konserttiaariat': Unknown target vocabulary 'None' for linked term 'Songs with orchestra', assuming 'cilla'
http://www.yso.fi/onto/musa/p770 'kontratenori': Unknown target vocabulary 'None' for linked term 'Countertenor', assuming 'cilla'
http://www.yso.fi/onto/musa/p67019 'kontratenorit (laulajat)': Unknown target vocabulary 'None' for linked term 'Countertenors', assuming 'cilla'
http://www.yso.fi/onto/musa/p456 'koraalialkusoitot': Unknown target vocabulary 'None' for linked term 'Chorale preludes', assuming 'cilla'
http://www.yso.fi/onto/musa/p247 'kornetti': Unknown target vocabulary 'None' for linked term 'Cornet', assuming 'cilla'
http://www.yso.fi/onto/musa/p1112 'kotiseutulaulut': Unknown target vocabulary 'None' for linked term 'Patriotic music', assuming 'cilla'
http://www.yso.fi/onto/musa/p1112 'kotiseutulaulut': Unknown target vocabulary 'None' for linked term 'Songs', assuming 'cilla'
http://www.yso.fi/onto/musa/p923 'kromatiikka': Unknown target vocabulary 'None' for linked term 'Chromaticism (Music)', assuming 'cilla'
http://www.yso.fi/onto/musa/p1011 'kurkkulaulu': Unknown target vocabulary 'None' for linked term 'Throat singing', assuming 'cilla'
http://www.yso.fi/onto/musa/p66088 'lamentaatiot': Unknown target vocabulary 'None' for linked term 'Lamentations of Jeremiah (Music)', assuming 'cilla'
http://www.yso.fi/onto/musa/p73975 'litaniat': Unknown target vocabulary 'None' for linked term 'Litanies (Music)', assuming 'cilla'
http://www.yso.fi/onto/musa/p789 'magnificatit': Unknown target vocabulary 'None' for linked term 'Magnificat (Music)', assuming 'cilla'
http://www.yso.fi/onto/musa/p421 'mainstream': Unknown target vocabulary 'None' for linked term 'Jazz', assuming 'cilla'
http://www.yso.fi/onto/musa/p426 'makossa': Unknown target vocabulary 'None' for linked term 'Makossa (Music)', assuming 'cilla'
http://www.yso.fi/onto/musa/p839 'mariachimusiikki': Unknown target vocabulary 'None' for linked term 'Mariachi', assuming 'cilla'
http://www.yso.fi/onto/musa/p66113 'masterointi': Unknown target vocabulary 'None' for linked term 'Mastering (Sound recordings)', assuming 'cilla'
http://www.yso.fi/onto/musa/p427 'mbalax': Unknown target vocabulary 'None' for linked term 'Mbalax (Music)', assuming 'cilla'
http://www.yso.fi/onto/musa/p1181 'mbaqanga': Unknown target vocabulary 'None' for linked term 'Mbaqanga (Music)', assuming 'cilla'
http://www.yso.fi/onto/musa/p809 'mbira': Unknown target vocabulary 'None' for linked term 'Mbira', assuming 'cilla'
http://www.yso.fi/onto/musa/p66115 'MC:t': Unknown target vocabulary 'None' for linked term 'Masters of ceremonies', assuming 'cilla'
http://www.yso.fi/onto/musa/p666 'meditaatiomusiikki': Unknown target vocabulary 'None' for linked term 'Music for meditation', assuming 'cilla'
http://www.yso.fi/onto/musa/p765 'melodika': Unknown target vocabulary 'None' for linked term 'Melodica', assuming 'cilla'
http://www.yso.fi/onto/musa/p540 'mento': Unknown target vocabulary 'None' for linked term 'Mentos (Music)', assuming 'cilla'
http://www.yso.fi/onto/musa/p541 'merengue': Unknown target vocabulary 'None' for linked term 'Merengue (Dance)', assuming 'cilla'
http://www.yso.fi/onto/musa/p139 'merimieslaulut': Unknown target vocabulary 'None' for linked term 'Sea songs', assuming 'cilla'
http://www.yso.fi/onto/musa/p794 'inkamusiikki': Unknown target vocabulary 'None' for linked term 'World music -- South America', assuming 'cilla'
http://www.yso.fi/onto/musa/p555 'chaconnet': Unknown target vocabulary 'None' for linked term 'Chaconnes', assuming 'cilla'
http://www.yso.fi/onto/musa/p633 'fanfaarit': Unknown target vocabulary 'None' for linked term 'Fanfares', assuming 'cilla'
http://www.yso.fi/onto/musa/p475 'ariosot': Unknown target vocabulary 'None' for linked term 'Arioso', assuming 'cilla'
http://www.yso.fi/onto/musa/p72263 'barkarolit': Unknown target vocabulary 'None' for linked term 'Barcaroles', assuming 'cilla'
http://www.yso.fi/onto/musa/p73540 'cover-versiot': Unknown target vocabulary 'None' for linked term 'Cover versions', assuming 'cilla'
http://www.yso.fi/onto/musa/p572 'diktaatti': Unknown target vocabulary 'None' for linked term 'Musical dictation', assuming 'cilla'
http://www.yso.fi/onto/musa/p66025 'klaaviharjoitukset': Unknown target vocabulary 'None' for linked term 'Sight-reading (Music)', assuming 'cilla'
http://www.yso.fi/onto/musa/p899 'modulaatio': Unknown target vocabulary 'None' for linked term 'Modulation (Music)', assuming 'cilla'
http://www.yso.fi/onto/musa/p744 'kotimusiikki': Unknown target vocabulary 'None' for linked term 'Music in the home', assuming 'cilla'
http://www.yso.fi/onto/musa/p180 'musiikin harrastaminen': Unknown target vocabulary 'None' for linked term 'Music as recreation', assuming 'cilla'
http://www.yso.fi/onto/musa/p180 'musiikin harrastaminen': Unknown target vocabulary 'None' for linked term 'Music in the home', assuming 'cilla'
http://www.yso.fi/onto/musa/p1004 'mikrotonaalinen musiikki': Unknown target vocabulary 'None' for linked term 'Microtonal music', assuming 'cilla'
http://www.yso.fi/onto/musa/p418 'acid jazz': Unknown target vocabulary 'None' for linked term 'Nu jazz', assuming 'cilla'
http://www.yso.fi/onto/musa/p418 'acid jazz': Unknown target vocabulary 'None' for linked term 'Trip hop (Music)', assuming 'cilla'
http://www.yso.fi/onto/musa/p967 'mensuraalinuottikirjoitus': Unknown target vocabulary 'None' for linked term 'Mensural notation', assuming 'cilla'
http://www.yso.fi/onto/musa/p836 'Mississippi-blues': Unknown target vocabulary 'None' for linked term 'Blues (Music) -- Mississippi', assuming 'cilla'
http://www.yso.fi/onto/musa/p80176 'monikuoroinen musiikki': Unknown target vocabulary 'None' for linked term 'Polychoral Music', assuming 'cilla'
http://www.yso.fi/onto/musa/p71261 'monikuoroisuus': Unknown target vocabulary 'None' for linked term 'Polychoral Music', assuming 'cilla'
http://www.yso.fi/onto/musa/p179 'muoto-oppi': Unknown target vocabulary 'None' for linked term 'Musical analysis', assuming 'cilla'
http://www.yso.fi/onto/musa/p179 'muoto-oppi': Unknown target vocabulary 'None' for linked term 'Musical form', assuming 'cilla'
http://www.yso.fi/onto/musa/p970 'musiikin tulkinta': Unknown target vocabulary 'None' for linked term 'Music--Interpretation (Phrasing, dynamics, etc.)', assuming 'cilla'
http://www.yso.fi/onto/musa/p970 'musiikin tulkinta': Unknown target vocabulary 'None' for linked term 'Music -- Performance', assuming 'cilla'
http://www.yso.fi/onto/musa/p921 'musiikkiesitykset': Unknown target vocabulary 'None' for linked term 'Performances', assuming 'cilla'
http://www.yso.fi/onto/musa/p624 'musiikkifolklorismi': Unknown target vocabulary 'None' for linked term 'Folk music -- Political aspects', assuming 'cilla'
http://www.yso.fi/onto/musa/p624 'musiikkifolklorismi': Unknown target vocabulary 'None' for linked term 'Folk music -- Social aspects', assuming 'cilla'
http://www.yso.fi/onto/musa/p624 'musiikkifolklorismi': Unknown target vocabulary 'None' for linked term 'Nationalism in music', assuming 'cilla'
http://www.yso.fi/onto/musa/p66084 'musiikkiohjelmat (televisio-ohjelmat)': Unknown target vocabulary 'None' for linked term 'Television broadcasting of music', assuming 'cilla'
http://www.yso.fi/onto/musa/p66084 'musiikkiohjelmat (televisio-ohjelmat)': Unknown target vocabulary 'None' for linked term 'Television programs', assuming 'cilla'
http://www.yso.fi/onto/musa/p1012 'muunnelmamuoto': Unknown target vocabulary 'None' for linked term 'Musical form', assuming 'cilla'
http://www.yso.fi/onto/musa/p1012 'muunnelmamuoto': Unknown target vocabulary 'None' for linked term 'Variations', assuming 'cilla'
http://www.yso.fi/onto/musa/p66166 'neo-soul': Unknown target vocabulary 'None' for linked term 'Popular music', assuming 'cilla'
http://www.yso.fi/onto/musa/p66166 'neo-soul': Unknown target vocabulary 'None' for linked term 'Rhythm and blues music', assuming 'cilla'
http://www.yso.fi/onto/musa/p66166 'neo-soul': Unknown target vocabulary 'None' for linked term 'Soul music', assuming 'cilla'
http://www.yso.fi/onto/musa/p672 'New Orleans -jazz': Unknown target vocabulary 'None' for linked term 'Jazz -- Lousiana -- New Orleans', assuming 'cilla'
http://www.yso.fi/onto/musa/p66172 'näppäilysoittaminen': Unknown target vocabulary 'None' for linked term 'Plucked instruments -- Performance', assuming 'cilla'
http://www.yso.fi/onto/musa/p66178 'offertoriumit': Unknown target vocabulary 'None' for linked term 'Offertories (Music)', assuming 'cilla'
http://www.yso.fi/onto/musa/p896 'okariina': Unknown target vocabulary 'None' for linked term 'Ocarina', assuming 'cilla'
http://www.yso.fi/onto/musa/p67021 'onnittelulaulut': Unknown target vocabulary 'None' for linked term 'Birthdays -- Songs and music', assuming 'cilla'
http://www.yso.fi/onto/musa/p67021 'onnittelulaulut': Unknown target vocabulary 'None' for linked term 'Topical songs', assuming 'cilla'
http://www.yso.fi/onto/musa/p66182 'orkesterikonsertot': Unknown target vocabulary 'None' for linked term 'Concertos (Orchestra)', assuming 'cilla'
http://www.yso.fi/onto/musa/p66183 'orkesterilaulut': Unknown target vocabulary 'None' for linked term 'Songs with orchestra', assuming 'cilla'
http://www.yso.fi/onto/musa/p718 'otetaulukot': Unknown target vocabulary 'None' for linked term 'Fingering charts (Musical instruments)', assuming 'cilla'
http://www.yso.fi/onto/musa/p66184 'partituurinsoitto': Unknown target vocabulary 'None' for linked term 'Score reading and playing', assuming 'cilla'
http://www.yso.fi/onto/musa/p936 'passacagliat': Unknown target vocabulary 'None' for linked term 'Passacaglias', assuming 'cilla'
http://www.yso.fi/onto/musa/p489 'pianola': Unknown target vocabulary 'None' for linked term 'Pianola', assuming 'cilla'
http://www.yso.fi/onto/musa/p66193 'plektrasoittaminen': Unknown target vocabulary 'None' for linked term 'Plectra (Music)', assuming 'cilla'
http://www.yso.fi/onto/musa/p66193 'plektrasoittaminen': Unknown target vocabulary 'None' for linked term 'Plucked instruments -- Performance', assuming 'cilla'
http://www.yso.fi/onto/musa/p490 'posetiivi': Unknown target vocabulary 'None' for linked term 'Barrel organ', assuming 'cilla'
http://www.yso.fi/onto/musa/p66019 'prima vista': Unknown target vocabulary 'None' for linked term 'Sight-reading (Music)', assuming 'cilla'
http://www.yso.fi/onto/musa/p66021 'psychobilly': Unknown target vocabulary 'None' for linked term 'Psychobilly music', assuming 'cilla'
http://www.yso.fi/onto/musa/p736 'psykedeelinen rock': Unknown target vocabulary 'None' for linked term 'Psychedelic rock music', assuming 'cilla'
http://www.yso.fi/onto/musa/p797 'qawwali': Unknown target vocabulary 'None' for linked term 'Qawwālī', assuming 'cilla'
http://www.yso.fi/onto/musa/p66028 'r&b': Unknown target vocabulary 'None' for linked term 'Popular music', assuming 'cilla'
http://www.yso.fi/onto/musa/p66028 'r&b': Unknown target vocabulary 'None' for linked term 'Rhythm and blues music', assuming 'cilla'
http://www.yso.fi/onto/musa/p834 'rancheramusiikki': Unknown target vocabulary 'None' for linked term 'Folk music -- Mexico', assuming 'cilla'
http://www.yso.fi/onto/musa/p929 'rebetika': Unknown target vocabulary 'None' for linked term 'Rebetika', assuming 'cilla'
http://www.yso.fi/onto/musa/p941 'rentoutusmusiikki': Unknown target vocabulary 'None' for linked term 'Music for relaxation', assuming 'cilla'
http://www.yso.fi/onto/musa/p66124 'riffit': Unknown target vocabulary 'None' for linked term 'Ostinato', assuming 'cilla'
http://www.yso.fi/onto/musa/p37 'rillumareimusiikki': Unknown target vocabulary 'None' for linked term 'Popular music -- Finland', assuming 'cilla'
http://www.yso.fi/onto/musa/p1002 'rock steady': Unknown target vocabulary 'None' for linked term 'Rocksteady (Music)', assuming 'cilla'
http://www.yso.fi/onto/musa/p945 'rondomuoto': Unknown target vocabulary 'None' for linked term 'Rondo', assuming 'cilla'
http://www.yso.fi/onto/musa/p1132 'rudimentit': Unknown target vocabulary 'None' for linked term 'Rudiments (Drumming)', assuming 'cilla'
http://www.yso.fi/onto/musa/p1138 'rumpukone': Unknown target vocabulary 'None' for linked term 'Drum machine', assuming 'cilla'
http://www.yso.fi/onto/musa/p66044 'ryhmäkonsertot': Unknown target vocabulary 'None' for linked term 'Concertos', assuming 'cilla'
http://www.yso.fi/onto/musa/p66081 'SACD-soittimet': Unknown target vocabulary 'None' for linked term 'Compact disc players', assuming 'cilla'
http://www.yso.fi/onto/musa/p747 'salonkimusiikki': Unknown target vocabulary 'None' for linked term 'Popular instrumental music', assuming 'cilla'
http://www.yso.fi/onto/musa/p826 'scatlaulu': Unknown target vocabulary 'None' for linked term 'Scat singing', assuming 'cilla'
http://www.yso.fi/onto/musa/p952 'scherzot': Unknown target vocabulary 'None' for linked term 'Scherzos', assuming 'cilla'
http://www.yso.fi/onto/musa/p66049 'scratching': Unknown target vocabulary 'None' for linked term 'Turntablism', assuming 'cilla'
http://www.yso.fi/onto/musa/p802 'signaalisoittimet': Unknown target vocabulary 'None' for linked term 'Musical instruments', assuming 'cilla'
http://www.yso.fi/onto/musa/p802 'signaalisoittimet': Unknown target vocabulary 'None' for linked term 'Signals and signaling', assuming 'cilla'
http://www.yso.fi/onto/musa/p767 'signaalitorvi': Unknown target vocabulary 'None' for linked term 'Bugle', assuming 'cilla'
http://www.yso.fi/onto/musa/p764 'luonnontorvet': Unknown target vocabulary 'None' for linked term 'Brass instruments', assuming 'cilla'
http://www.yso.fi/onto/musa/p562 'sinfonia concertantet': Unknown target vocabulary 'None' for linked term 'Concertos', assuming 'cilla'
http://www.yso.fi/onto/musa/p66052 'sinfoniettat': Unknown target vocabulary 'None' for linked term 'Symphonies', assuming 'cilla'
http://www.yso.fi/onto/musa/p810 'sitar': Unknown target vocabulary 'None' for linked term 'Sitar', assuming 'cilla'
http://www.yso.fi/onto/musa/p728 'ska': Unknown target vocabulary 'None' for linked term 'Ska (Music)', assuming 'cilla'
http://www.yso.fi/onto/musa/p66126 'skiffle': Unknown target vocabulary 'None' for linked term 'Skiffle', assuming 'cilla'
http://www.yso.fi/onto/musa/p819 'slide-kitara': Unknown target vocabulary 'None' for linked term 'Bottleneck (Guitar playing)', assuming 'cilla'
http://www.yso.fi/onto/musa/p542 'soca': Unknown target vocabulary 'None' for linked term 'Soca', assuming 'cilla'
http://www.yso.fi/onto/musa/p78 'sointuoppaat': Unknown target vocabulary 'None' for linked term 'Chords (Music)', assuming 'cilla'
http://www.yso.fi/onto/musa/p78 'sointuoppaat': Unknown target vocabulary 'None' for linked term 'Tablature (Music)', assuming 'cilla'
http://www.yso.fi/onto/musa/p957 'soittokilpailut': Unknown target vocabulary 'None' for linked term 'Music -- Performance -- Competitions', assuming 'cilla'
http://www.yso.fi/onto/musa/p491 'soittorasia': Unknown target vocabulary 'None' for linked term 'Music box', assuming 'cilla'
http://www.yso.fi/onto/musa/p337 'solmisaatio': Unknown target vocabulary 'None' for linked term 'Solmization', assuming 'cilla'
http://www.yso.fi/onto/musa/p1006 'sonatiinit': Unknown target vocabulary 'None' for linked term 'Sonatas', assuming 'cilla'
http://www.yso.fi/onto/musa/p840 'son-musiikki': Unknown target vocabulary 'None' for linked term 'Folk music -- Mexico', assuming 'cilla'
http://www.yso.fi/onto/musa/p1115 'ambient': Unknown target vocabulary 'None' for linked term 'Ambient music', assuming 'cilla'
http://www.yso.fi/onto/musa/p66054 'soitinvalmennus': Unknown target vocabulary 'None' for linked term 'Musical instruments -- Instruction and study -- Juvenile', assuming 'cilla'
http://www.yso.fi/onto/musa/p641 'flyygelitorvi': Unknown target vocabulary 'None' for linked term 'Flügelhorn', assuming 'cilla'
http://www.yso.fi/onto/musa/p73974 'graduaalit': Unknown target vocabulary 'None' for linked term 'Graduals (Chants)', assuming 'cilla'
http://www.yso.fi/onto/musa/p1018 'hengellinen viihdemusiikki': Unknown target vocabulary 'None' for linked term 'Contemporary Christian music', assuming 'cilla'
http://www.yso.fi/onto/musa/p1110 'intermediot': Unknown target vocabulary 'None' for linked term 'Operas', assuming 'cilla'
http://www.yso.fi/onto/musa/p825 'joikaaminen': Unknown target vocabulary 'None' for linked term 'Singing', assuming 'cilla'
http://www.yso.fi/onto/musa/p67015 'altot (laulajat)': Unknown target vocabulary 'None' for linked term 'Contraltos', assuming 'cilla'
http://www.yso.fi/onto/musa/p67025 'sopraanot (laulajat)': Unknown target vocabulary 'None' for linked term 'Sopranos (Singers)', assuming 'cilla'
http://www.yso.fi/onto/musa/p67016 'baritonit (laulajat)': Unknown target vocabulary 'None' for linked term 'Baritones (Singers)', assuming 'cilla'
http://www.yso.fi/onto/musa/p66061 'sormiharjoitukset': Unknown target vocabulary 'None' for linked term 'Musical instruments -- Studies and exercises', assuming 'cilla'
http://www.yso.fi/onto/musa/p81464 'mieslaulajat': Unknown target vocabulary 'None' for linked term 'Male singers', assuming 'cilla'
http://www.yso.fi/onto/musa/p502 'baritoni': Unknown target vocabulary 'None' for linked term 'Baritone voice', assuming 'cilla'
http://www.yso.fi/onto/musa/p459 'altto': Unknown target vocabulary 'None' for linked term 'Alto voice', assuming 'cilla'
http://www.yso.fi/onto/musa/p505 'basso': Unknown target vocabulary 'None' for linked term 'Bass voice', assuming 'cilla'
http://www.yso.fi/onto/musa/p771 'mezzosopraano': Unknown target vocabulary 'None' for linked term 'Mezzo soprano', assuming 'cilla'
http://www.yso.fi/onto/musa/p772 'sopraano': Unknown target vocabulary 'None' for linked term 'Soprano voice', assuming 'cilla'
http://www.yso.fi/onto/musa/p773 'tenori': Unknown target vocabulary 'None' for linked term 'Tenor voice', assuming 'cilla'
http://www.yso.fi/onto/musa/p739 'teknorock': Unknown target vocabulary 'None' for linked term 'Krautrock (Music)', assuming 'cilla'
http://www.yso.fi/onto/musa/p412 'televisio-oopperat': Unknown target vocabulary 'None' for linked term 'Television operas', assuming 'cilla'
http://www.yso.fi/onto/musa/p67026 'tenorit (laulajat)': Unknown target vocabulary 'None' for linked term 'Tenors (Singers)', assuming 'cilla'
http://www.yso.fi/onto/musa/p73541 'pelimusiikki': Unknown target vocabulary 'None' for linked term 'Computer game music', assuming 'cilla'
http://www.yso.fi/onto/musa/p730 'tex mex -musiikki': Unknown target vocabulary 'None' for linked term 'Tejano music', assuming 'cilla'
http://www.yso.fi/onto/musa/p722 'third stream -jazz': Unknown target vocabulary 'None' for linked term 'Third stream (Music)', assuming 'cilla'
http://www.yso.fi/onto/musa/p65840 'thrash metal': Unknown target vocabulary 'None' for linked term 'Trash metal (Music)', assuming 'cilla'
http://www.yso.fi/onto/musa/p66086 'timba': Unknown target vocabulary 'None' for linked term 'Timba (Music)', assuming 'cilla'
http://www.yso.fi/onto/musa/p268 'tonadillat': Unknown target vocabulary 'None' for linked term 'Tonadillas', assuming 'cilla'
http://www.yso.fi/onto/musa/p559 'traditionaalinen jazz': Unknown target vocabulary 'None' for linked term 'jazz', assuming 'cilla'
http://www.yso.fi/onto/musa/p995 'torviseitsikot': Unknown target vocabulary 'None' for linked term 'Chamber music groups', assuming 'cilla'
http://www.yso.fi/onto/musa/p428 'soukous': Unknown target vocabulary 'None' for linked term 'Soukous (Music)', assuming 'cilla'
http://www.yso.fi/onto/musa/p1136 'soulblues': Unknown target vocabulary 'None' for linked term 'Blues (Music)', assuming 'cilla'
http://www.yso.fi/onto/musa/p1136 'soulblues': Unknown target vocabulary 'None' for linked term 'Soul music', assuming 'cilla'
http://www.yso.fi/onto/musa/p65839 'speed metal': Unknown target vocabulary 'None' for linked term 'Trash metal', assuming 'cilla'
http://www.yso.fi/onto/musa/p66063 'spektrimusiikki': Unknown target vocabulary 'None' for linked term 'Spectral music', assuming 'cilla'
http://www.yso.fi/onto/musa/p535 'steel bandit': Unknown target vocabulary 'None' for linked term 'Steel bands (Music)', assuming 'cilla'
http://www.yso.fi/onto/musa/p844 'steel pan': Unknown target vocabulary 'None' for linked term 'Steel drum (Musical instrument)', assuming 'cilla'
http://www.yso.fi/onto/musa/p1135 'studiotekniikka': Unknown target vocabulary 'None' for linked term 'Sound -- Recording and reproducing', assuming 'cilla'
http://www.yso.fi/onto/musa/p729 'surfmusiikki': Unknown target vocabulary 'None' for linked term 'Surf music', assuming 'cilla'
http://www.yso.fi/onto/musa/p1013 'synkopointi': Unknown target vocabulary 'None' for linked term 'Syncopation', assuming 'cilla'
http://www.yso.fi/onto/musa/p1126 'säestykset': Unknown target vocabulary 'None' for linked term 'Recorded accompaniments', assuming 'cilla'
http://www.yso.fi/onto/musa/p66065 'sämplerit': Unknown target vocabulary 'None' for linked term 'Sampler (Musical instrument)', assuming 'cilla'
http://www.yso.fi/onto/musa/p66065 'sämplerit': Unknown target vocabulary 'None' for linked term 'Software samplers', assuming 'cilla'
http://www.yso.fi/onto/musa/p66071 'sämpläys': Unknown target vocabulary 'None' for linked term 'Sampling (Sound)', assuming 'cilla'
http://www.yso.fi/onto/musa/p66073 'sämplääjät': Unknown target vocabulary 'None' for linked term 'Composers', assuming 'cilla'
http://www.yso.fi/onto/musa/p846 'triangeli': Unknown target vocabulary 'None' for linked term 'Triangle (Musical instrument)', assuming 'cilla'
http://www.yso.fi/onto/musa/p194 'triosonaatit': Unknown target vocabulary 'None' for linked term 'Trio sonatas', assuming 'cilla'
http://www.yso.fi/onto/musa/p1140 'urban blues': Unknown target vocabulary 'None' for linked term 'Blues (Music)', assuming 'cilla'
http://www.yso.fi/onto/musa/p741 'uusi aalto': Unknown target vocabulary 'None' for linked term 'New wave music', assuming 'cilla'
http://www.yso.fi/onto/musa/p841 'vallenata': Unknown target vocabulary 'None' for linked term 'Vallenato (Music)', assuming 'cilla'
http://www.yso.fi/onto/musa/p188 'vapaa säestys': Unknown target vocabulary 'None' for linked term 'Musical accompaniment', assuming 'cilla'
http://www.yso.fi/onto/musa/p1128 'versetit': Unknown target vocabulary 'None' for linked term 'Organ music', assuming 'cilla'
http://www.yso.fi/onto/musa/p566 'west coast jazz': Unknown target vocabulary 'None' for linked term 'Cool jazz', assuming 'cilla'
http://www.yso.fi/onto/musa/p566 'west coast jazz': Unknown target vocabulary 'None' for linked term 'Jazz -- California', assuming 'cilla'
http://www.yso.fi/onto/musa/p833 'western swing': Unknown target vocabulary 'None' for linked term 'Western swing (Music)', assuming 'cilla'
http://www.yso.fi/onto/musa/p596 'videomusiikki': Unknown target vocabulary 'None' for linked term 'Music', assuming 'cilla'
http://www.yso.fi/onto/musa/p596 'videomusiikki': Unknown target vocabulary 'None' for linked term 'Video art', assuming 'cilla'
http://www.yso.fi/onto/musa/p902 'wieninvalssit': Unknown target vocabulary 'None' for linked term 'Waltz', assuming 'cilla'
http://www.yso.fi/onto/musa/p902 'wieninvalssit': Unknown target vocabulary 'None' for linked term 'Waltzes', assuming 'cilla'
http://www.yso.fi/onto/musa/p969 'musiikin esittäminen': Unknown target vocabulary 'None' for linked term 'Music -- Performance', assuming 'cilla'
http://www.yso.fi/onto/musa/p996 'viheltäminen': Unknown target vocabulary 'None' for linked term 'Whistling', assuming 'cilla'
http://www.yso.fi/onto/musa/p998 'viittomalaulut': Unknown target vocabulary 'None' for linked term 'Music for the hearing impaired', assuming 'cilla'
http://www.yso.fi/onto/musa/p998 'viittomalaulut': Unknown target vocabulary 'None' for linked term 'Songs', assuming 'cilla'
http://www.yso.fi/onto/musa/p775 'viola d'amore': Unknown target vocabulary 'None' for linked term 'Viola d'amore', assuming 'cilla'
http://www.yso.fi/onto/musa/p776 'violone': Unknown target vocabulary 'None' for linked term 'Violone', assuming 'cilla'
http://www.yso.fi/onto/musa/p407 'yksinlaulu': Unknown target vocabulary 'None' for linked term 'Songs -- History and criticism', assuming 'cilla'
http://www.yso.fi/onto/musa/p1133 'yksinlaulut': Unknown target vocabulary 'None' for linked term 'Songs', assuming 'cilla'
http://www.yso.fi/onto/musa/p66090 'trance': Unknown target vocabulary 'None' for linked term 'Trance (Underground dance music)', assuming 'cilla'
http://www.yso.fi/onto/musa/p67024 'ylistysmusiikki': Unknown target vocabulary 'None' for linked term 'Contemporary Christian music', assuming 'cilla'
http://www.yso.fi/onto/musa/p753 'ympäristömusiikki': Unknown target vocabulary 'None' for linked term 'Sound sculpture', assuming 'cilla'
http://www.yso.fi/onto/musa/p816 'zarzuelat': Unknown target vocabulary 'None' for linked term 'Zarzuelas', assuming 'cilla'
http://www.yso.fi/onto/musa/p544 'zouk': Unknown target vocabulary 'None' for linked term 'Zouk (Music)', assuming 'cilla'
http://www.yso.fi/onto/musa/p539 'zydeco': Unknown target vocabulary 'None' for linked term 'Zydeco music', assuming 'cilla'
http://www.yso.fi/onto/musa/p66120 'äänitetuottajat': Unknown target vocabulary 'None' for linked term 'Sound recording executives and producers', assuming 'cilla'
http://www.yso.fi/onto/musa/p1139 'äänitykset': Unknown target vocabulary 'None' for linked term 'Sound recordings', assuming 'cilla'
http://www.yso.fi/onto/musa/p1129 'äänitysstudiot': Unknown target vocabulary 'None' for linked term 'Sound studios', assuming 'cilla'
http://www.yso.fi/onto/musa/p66083 'televisiomusiikki': Unknown target vocabulary 'None' for linked term 'Television music', assuming 'cilla'
http://www.yso.fi/onto/musa/p66107 'viisisäveljärjestelmä': Unknown target vocabulary 'None' for linked term 'Pentatonic scales', assuming 'cilla'
http://www.yso.fi/onto/musa/p71259 'äänenkuljetus': Unknown target vocabulary 'None' for linked term 'Counterpoint', assuming 'cilla'
http://www.yso.fi/onto/musa/p518 'soittokunnat': Unknown target vocabulary 'None' for linked term 'Brass bands', assuming 'cilla'
http://www.yso.fi/onto/musa/p2 'beguinet (sävellykset)': Unknown target vocabulary 'None' for linked term 'Beguines (Music)', assuming 'cilla'
http://www.yso.fi/onto/musa/p460 'äänialat': Unknown target vocabulary 'None' for linked term 'Vocal registers', assuming 'cilla'
http://www.yso.fi/onto/musa/p602 'lehdykkäsoittimet': Unknown target vocabulary 'None' for linked term 'Woodwind instruments', assuming 'cilla'
http://www.yso.fi/onto/musa/p72262 'singlet': Unknown target vocabulary 'None' for linked term 'Sound recordings', assuming 'cilla'
http://www.yso.fi/onto/musa/p856 'tertsetit': Unknown target vocabulary 'None' for linked term 'Vocal groups', assuming 'cilla'
http://www.yso.fi/onto/musa/p1127 'tertsetot': Unknown target vocabulary 'None' for linked term 'Vocal trios', assuming 'cilla'
http://www.yso.fi/onto/musa/p66057 'bootlegit': Unknown target vocabulary 'None' for linked term 'Sound recordings -- Pirated editions', assuming 'cilla'
http://www.yso.fi/onto/musa/p72264 'choro': Unknown target vocabulary 'None' for linked term 'Choros', assuming 'cilla'
http://www.yso.fi/onto/musa/p66079 'cakewalk (tanssit)': Unknown target vocabulary 'None' for linked term 'Cakewalk (Dance)', assuming 'cilla'
http://www.yso.fi/onto/musa/p81555 'csárdásit (sävellykset)': Unknown target vocabulary 'None' for linked term 'Czardas', assuming 'cilla'
http://www.yso.fi/onto/musa/p664 'hambo (tanssit)': Unknown target vocabulary 'None' for linked term 'Polska (Dance)', assuming 'cilla'
http://www.yso.fi/onto/musa/p64 'kaanonit (sävellykset)': Unknown target vocabulary 'None' for linked term 'Canons, fugues, etc.', assuming 'cilla'
http://www.yso.fi/onto/musa/p928 'laika': Unknown target vocabulary 'None' for linked term 'Popular music -- Greece', assuming 'cilla'
http://www.yso.fi/onto/musa/p1144 'naislaulajat': Unknown target vocabulary 'None' for linked term 'Women singers', assuming 'cilla'
http://www.yso.fi/onto/musa/p66133 'miksaajat': Unknown target vocabulary 'None' for linked term 'Sound engineers', assuming 'cilla'
http://www.yso.fi/onto/musa/p66135 'miksaukset': Unknown target vocabulary 'None' for linked term 'Remixes', assuming 'cilla'
http://www.yso.fi/onto/musa/p712 'orkesteriharjoitukset': Unknown target vocabulary 'None' for linked term 'Recorded accompaniments', assuming 'cilla'
http://www.yso.fi/onto/musa/p1789 'sikermät': Unknown target vocabulary 'None' for linked term 'Potpourris', assuming 'cilla'
http://www.yso.fi/onto/musa/p66068 'sämplet': Unknown target vocabulary 'None' for linked term 'Sampler music', assuming 'cilla'
http://www.yso.fi/onto/musa/p803 'tuohisoittimet': Unknown target vocabulary 'None' for linked term 'Musical instruments', assuming 'cilla'
http://www.yso.fi/onto/musa/p1016 'viritysjärjestelmät': Unknown target vocabulary 'None' for linked term 'Musical temperament', assuming 'cilla'
http://www.yso.fi/onto/musa/p156 'transponointi': Unknown target vocabulary 'None' for linked term 'Transposition (Music)', assuming 'cilla'
http://www.yso.fi/onto/musa/p398 'a cappella -musiikki': Unknown target vocabulary 'None' for linked term 'A cappella . .', assuming 'cilla'
http://www.yso.fi/onto/musa/p398 'a cappella -musiikki': Unknown target vocabulary 'None' for linked term 'Choruses, Unaccompanied', assuming 'cilla'
http://www.yso.fi/onto/musa/p398 'a cappella -musiikki': Unknown target vocabulary 'None' for linked term 'Vocal ensembles, Unaccompanied', assuming 'cilla'
http://www.yso.fi/onto/musa/p66109 'yhteismusisointi': Unknown target vocabulary 'None' for linked term 'Choral singing', assuming 'cilla'
http://www.yso.fi/onto/musa/p66109 'yhteismusisointi': Unknown target vocabulary 'None' for linked term 'Ensemble playing', assuming 'cilla'
http://www.yso.fi/onto/musa/p66109 'yhteismusisointi': Unknown target vocabulary 'None' for linked term 'Ensemble singing', assuming 'cilla'
http://www.yso.fi/onto/musa/p81529 'divertissementit': Unknown target vocabulary 'None' for linked term 'Operas', assuming 'cilla'
http://www.yso.fi/onto/musa/p737 'rock and roll': Unknown target vocabulary 'None' for linked term 'Rock music', assuming 'cilla'
http://www.yso.fi/onto/musa/p860 'septetot': Unknown target vocabulary 'None' for linked term 'Septets', assuming 'cilla'
http://www.yso.fi/onto/musa/p859 'sekstetot': Unknown target vocabulary 'None' for linked term 'Sextets', assuming 'cilla'
http://www.yso.fi/onto/musa/p706 'oktetot': Unknown target vocabulary 'None' for linked term 'Octets', assuming 'cilla'
http://www.yso.fi/onto/musa/p679 'nonetot': Unknown target vocabulary 'None' for linked term 'Nonets', assuming 'cilla'
http://www.yso.fi/onto/musa/p858 'kvintetot': Unknown target vocabulary 'None' for linked term 'Quintets', assuming 'cilla'
http://www.yso.fi/onto/musa/p858 'kvintetot': Unknown target vocabulary 'None' for linked term 'Vocal quintets', assuming 'cilla'
http://www.yso.fi/onto/musa/p857 'kvartetot': Unknown target vocabulary 'None' for linked term 'Quartets', assuming 'cilla'
http://www.yso.fi/onto/musa/p857 'kvartetot': Unknown target vocabulary 'None' for linked term 'Vocal quartets', assuming 'cilla'
http://www.yso.fi/onto/musa/p812 'steel-kitara': Unknown target vocabulary 'None' for linked term 'Hawaiian guitar', assuming 'cilla'
http://www.yso.fi/onto/musa/p529 'kvartetit': Unknown target vocabulary 'None' for linked term 'Chamber music groups', assuming 'cilla'
http://www.yso.fi/onto/musa/p529 'kvartetit': Unknown target vocabulary 'None' for linked term 'Vocal quartets (Musical groups)', assuming 'cilla'
http://www.yso.fi/onto/musa/p534 'septetit': Unknown target vocabulary 'None' for linked term 'Chamber music groups', assuming 'cilla'
http://www.yso.fi/onto/musa/p532 'oktetit': Unknown target vocabulary 'None' for linked term 'Chamber music groups', assuming 'cilla'
http://www.yso.fi/onto/musa/p81566 'rytmidiktaatti': Unknown target vocabulary 'None' for linked term 'Musical dictation', assuming 'cilla'
http://www.yso.fi/onto/musa/p81575 'tango (tanssit)': Unknown target vocabulary 'None' for linked term 'Tango (Dance)', assuming 'cilla'
http://www.yso.fi/onto/musa/p5 'tangot (sävellykset)': Unknown target vocabulary 'None' for linked term 'Tangos', assuming 'cilla'
http://www.yso.fi/onto/musa/p671 'punk rock': Unknown target vocabulary 'None' for linked term 'Punk rock music', assuming 'cilla'
http://www.yso.fi/onto/musa/p68 'romanssit': Unknown target vocabulary 'None' for linked term 'Romances (Music)', assuming 'cilla'
http://www.yso.fi/onto/musa/p935 'sarjat (sävellykset)': Unknown target vocabulary 'None' for linked term 'Suites', assuming 'cilla'
http://www.yso.fi/onto/musa/p530 'kvintetit': Unknown target vocabulary 'None' for linked term 'Chamber music groups', assuming 'cilla'
http://www.yso.fi/onto/musa/p533 'sekstetit': Unknown target vocabulary 'None' for linked term 'Chamber music groups', assuming 'cilla'
http://www.yso.fi/onto/musa/p531 'nonetit': Unknown target vocabulary 'None' for linked term 'Chamber music groups', assuming 'cilla'
http://www.yso.fi/onto/musa/p906 'Orff-menetelmä': Unknown target vocabulary 'None' for linked term 'Pedagogy (Music)', assuming 'cilla'
http://www.yso.fi/onto/musa/p265 'Kodály-menetelmä': Unknown target vocabulary 'None' for linked term 'Pedagogy (Music)', assuming 'cilla'
http://www.yso.fi/onto/musa/p907 'Suzuki-menetelmä': Unknown target vocabulary 'None' for linked term 'Pedagogy (Music)', assuming 'cilla'
http://www.yso.fi/onto/musa/p288 'alttoviulu': Unknown target vocabulary 'None' for linked term 'Viola', assuming 'cilla'
http://www.yso.fi/onto/musa/p499 'banjo': Unknown target vocabulary 'None' for linked term 'Banjo', assuming 'cilla'
http://www.yso.fi/onto/musa/p440 'bebop': Unknown target vocabulary 'None' for linked term 'Bop (Music)', assuming 'cilla'
http://www.yso.fi/onto/musa/p515 'big bandit': Unknown target vocabulary 'None' for linked term 'Big bands', assuming 'cilla'
http://www.yso.fi/onto/musa/p65832 'black metal': Unknown target vocabulary 'None' for linked term 'Black metal (Music)', assuming 'cilla'
http://www.yso.fi/onto/musa/p435 'blues': Unknown target vocabulary 'None' for linked term 'Blues (Music)', assuming 'cilla'
http://www.yso.fi/onto/musa/p272 'chansonit': Unknown target vocabulary 'None' for linked term 'Songs, French', assuming 'cilla'
http://www.yso.fi/onto/musa/p520 'country': Unknown target vocabulary 'None' for linked term 'Country music', assuming 'cilla'
http://www.yso.fi/onto/musa/p731 'country rock': Unknown target vocabulary 'None' for linked term 'Country rock music', assuming 'cilla'
http://www.yso.fi/onto/musa/p65835 'death metal': Unknown target vocabulary 'None' for linked term 'Death metal (Music)', assuming 'cilla'
http://www.yso.fi/onto/musa/p575 'diskomusiikki': Unknown target vocabulary 'None' for linked term 'Disco music', assuming 'cilla'
http://www.yso.fi/onto/musa/p1114 'elektroninen populaarimusiikki': Unknown target vocabulary 'None' for linked term 'Electronica (Music)', assuming 'cilla'
http://www.yso.fi/onto/musa/p614 'esiklassismi': Unknown target vocabulary 'None' for linked term 'Classicism in music', assuming 'cilla'
http://www.yso.fi/onto/musa/p81454 'kuorolaulaminen': Unknown target vocabulary 'None' for linked term 'Choral singing', assuming 'cilla'
http://www.yso.fi/onto/musa/p523 'bolerot (sävellykset)': Unknown target vocabulary 'None' for linked term 'Boleros (Music)', assuming 'cilla'
http://www.yso.fi/onto/musa/p81458 'cancan (tanssit)': Unknown target vocabulary 'None' for linked term 'Cancan (Dance)', assuming 'cilla'
http://www.yso.fi/onto/musa/p545 'cancanit (sävellykset)': Unknown target vocabulary 'None' for linked term 'Cancans', assuming 'cilla'
http://www.yso.fi/onto/musa/p81528 'canzonettat': Unknown target vocabulary 'None' for linked term 'Canzonets (Part songs)', assuming 'cilla'
http://www.yso.fi/onto/musa/p86 'charleston (tanssit)': Unknown target vocabulary 'None' for linked term 'Charleston (Dance)', assuming 'cilla'
http://www.yso.fi/onto/musa/p564 'conga (tanssit)': Unknown target vocabulary 'None' for linked term 'Conga (Dance)', assuming 'cilla'
http://www.yso.fi/onto/musa/p580 'divertimentot': Unknown target vocabulary 'None' for linked term 'Suites', assuming 'cilla'
http://www.yso.fi/onto/musa/p81108 'duot (yhtyeet)': Unknown target vocabulary 'None' for linked term 'Chamber music groups', assuming 'cilla'
http://www.yso.fi/onto/musa/p528 'duot (sävellykset)': Unknown target vocabulary 'None' for linked term 'Duets', assuming 'cilla'
http://www.yso.fi/onto/musa/p66154 'fandangot (sävellykset)': Unknown target vocabulary 'None' for linked term 'Fandangos', assuming 'cilla'
http://www.yso.fi/onto/musa/p72126 'gavotit (sävellykset)': Unknown target vocabulary 'None' for linked term 'Gavottes', assuming 'cilla'
http://www.yso.fi/onto/musa/p916 'kadenssit': Unknown target vocabulary 'None' for linked term 'Cadenzas', assuming 'cilla'
http://www.yso.fi/onto/musa/p81533 'lopukkeet': Unknown target vocabulary 'None' for linked term 'Cadences (Music)', assuming 'cilla'
http://www.yso.fi/onto/musa/p66199 'katrillit (sävellykset)': Unknown target vocabulary 'None' for linked term 'Quadrilles', assuming 'cilla'
http://www.yso.fi/onto/musa/p81534 'katrilli (tanssit)': Unknown target vocabulary 'None' for linked term 'Quadrille (Dance)', assuming 'cilla'
http://www.yso.fi/onto/musa/p769 'koloratuuri': Unknown target vocabulary 'None' for linked term 'Embellishment (Vocal music)', assuming 'cilla'
http://www.yso.fi/onto/musa/p81535 'kontratanssit (tanssit)': Unknown target vocabulary 'None' for linked term 'Country dancing', assuming 'cilla'
http://www.yso.fi/onto/musa/p66036 'kontratanssit (sävellykset)': Unknown target vocabulary 'None' for linked term 'Country-dances (Music)', assuming 'cilla'
http://www.yso.fi/onto/musa/p81536 'lambada (tanssit)': Unknown target vocabulary 'None' for linked term 'Lambada (Dance)', assuming 'cilla'
http://www.yso.fi/onto/musa/p838 'mambo (tanssit)': Unknown target vocabulary 'None' for linked term 'Mambo (Dance)', assuming 'cilla'
http://www.yso.fi/onto/musa/p785 'minstrelit': Unknown target vocabulary 'None' for linked term 'Minstrels', assuming 'cilla'
http://www.yso.fi/onto/musa/p81537 'minstrel show -esiintyjät': Unknown target vocabulary 'None' for linked term 'Blackface entertainers', assuming 'cilla'
http://www.yso.fi/onto/musa/p81537 'minstrel show -esiintyjät': Unknown target vocabulary 'None' for linked term 'Musicians', assuming 'cilla'
http://www.yso.fi/onto/musa/p81538 'moriska (tanssit)': Unknown target vocabulary 'None' for linked term 'Moros y Cristianos (Dance)', assuming 'cilla'
http://www.yso.fi/onto/musa/p81539 'notturnot': Unknown target vocabulary 'None' for linked term 'Suites', assuming 'cilla'
http://www.yso.fi/onto/musa/p81540 'pasodoble (tanssit)': Unknown target vocabulary 'None' for linked term 'Pasodoble', assuming 'cilla'
http://www.yso.fi/onto/musa/p847 'pasodoblet (sävellykset)': Unknown target vocabulary 'None' for linked term 'Pasodobles', assuming 'cilla'
http://www.yso.fi/onto/musa/p66185 'passepied't (sävellykset)': Unknown target vocabulary 'None' for linked term 'Passepieds', assuming 'cilla'
http://www.yso.fi/onto/musa/p81542 'pavana (tanssit)': Unknown target vocabulary 'None' for linked term 'Pavan (Dance)', assuming 'cilla'
http://www.yso.fi/onto/musa/p66189 'pavanat (sävellykset)': Unknown target vocabulary 'None' for linked term 'Pavans', assuming 'cilla'
http://www.yso.fi/onto/musa/p1123 'rāgat': Unknown target vocabulary 'None' for linked term 'Ragas', assuming 'cilla'
http://www.yso.fi/onto/musa/p870 'sekvensseri (sähkösoittimet)': Unknown target vocabulary 'None' for linked term 'Sequencer (Musical instrument)', assuming 'cilla'
http://www.yso.fi/onto/musa/p81543 'sekvensseri (tietokoneohjelmat)': Unknown target vocabulary 'None' for linked term 'Software sequencers', assuming 'cilla'
http://www.yso.fi/onto/musa/p81544 'tarantella (tanssit)': Unknown target vocabulary 'None' for linked term 'Tarantella', assuming 'cilla'
http://www.yso.fi/onto/musa/p823 'tarantellat (sävellykset)': Unknown target vocabulary 'None' for linked term 'Tarantellas', assuming 'cilla'
http://www.yso.fi/onto/musa/p536 'triot (sävellykset)': Unknown target vocabulary 'None' for linked term 'Trios', assuming 'cilla'
http://www.yso.fi/onto/musa/p81530 'triot (yhtyeet)': Unknown target vocabulary 'None' for linked term 'Chamber music groups', assuming 'cilla'
http://www.yso.fi/onto/musa/p81545 'twist (tanssit)': Unknown target vocabulary 'None' for linked term 'Twist (Dance)', assuming 'cilla'
http://www.yso.fi/onto/musa/p66128 'twistit (sävellykset)': Unknown target vocabulary 'None' for linked term 'Rock music', assuming 'cilla'
http://www.yso.fi/onto/musa/p81546 'vokaliisit (harjoitusaineistot)': Unknown target vocabulary 'None' for linked term 'Singing -- Studies and exercises', assuming 'cilla'
http://www.yso.fi/onto/musa/p999 'vokaliisit (laulut)': Unknown target vocabulary 'None' for linked term 'Vocalises', assuming 'cilla'
http://www.yso.fi/onto/musa/p81571 'valssi (tanssit)': Unknown target vocabulary 'None' for linked term 'Waltz', assuming 'cilla'
http://www.yso.fi/onto/musa/p7 'valssit (sävellykset)': Unknown target vocabulary 'None' for linked term 'Waltzes', assuming 'cilla'
http://www.yso.fi/onto/musa/p646 'fortepiano': Unknown target vocabulary 'None' for linked term 'Piano', assuming 'cilla'
http://www.yso.fi/onto/musa/p648 'free jazz': Unknown target vocabulary 'None' for linked term 'Free jazz', assuming 'cilla'
http://www.yso.fi/onto/musa/p649 'funk': Unknown target vocabulary 'None' for linked term 'Funk (Music)', assuming 'cilla'
http://www.yso.fi/onto/musa/p419 'fuusiomusiikki': Unknown target vocabulary 'None' for linked term 'Jazz-rock (Music)', assuming 'cilla'
http://www.yso.fi/onto/musa/p654 'garage rock': Unknown target vocabulary 'None' for linked term 'Garage rock music', assuming 'cilla'
http://www.yso.fi/onto/musa/p351 'gregoriaaninen laulu': Unknown target vocabulary 'None' for linked term 'Gregorian chants', assuming 'cilla'
http://www.yso.fi/onto/musa/p661 'grunge': Unknown target vocabulary 'None' for linked term 'Grunge music', assuming 'cilla'
http://www.yso.fi/onto/musa/p28 'harmonikka': Unknown target vocabulary 'None' for linked term 'Accordion', assuming 'cilla'
http://www.yso.fi/onto/musa/p678 'harppusoittimet': Unknown target vocabulary 'None' for linked term 'Harp', assuming 'cilla'
http://www.yso.fi/onto/musa/p570 'heavy rock': Unknown target vocabulary 'None' for linked term 'Heavy metal (Music)', assuming 'cilla'
http://www.yso.fi/onto/musa/p130 'häämusiikki': Unknown target vocabulary 'None' for linked term 'Wedding music', assuming 'cilla'
http://www.yso.fi/onto/musa/p733 'indie rock': Unknown target vocabulary 'None' for linked term 'Alternative rock music', assuming 'cilla'
http://www.yso.fi/onto/musa/p484 'intervallit': Unknown target vocabulary 'None' for linked term 'Musical intervals and scales', assuming 'cilla'
http://www.yso.fi/onto/musa/p287 'jazz': Unknown target vocabulary 'None' for linked term 'Jazz', assuming 'cilla'
http://www.yso.fi/onto/musa/p118 'joululaulut': Unknown target vocabulary 'None' for linked term 'Christmas music', assuming 'cilla'
http://www.yso.fi/onto/musa/p461 'jousisoittimet': Unknown target vocabulary 'None' for linked term 'Bowed stringed instruments', assuming 'cilla'
http://www.yso.fi/onto/musa/p145 'juomalaulut': Unknown target vocabulary 'None' for linked term 'Drinking songs', assuming 'cilla'
http://www.yso.fi/onto/musa/p829 'kamariorkesterit': Unknown target vocabulary 'None' for linked term 'Chamber orchestra', assuming 'cilla'
http://www.yso.fi/onto/musa/p385 'kehtolaulut': Unknown target vocabulary 'None' for linked term 'Lullabies', assuming 'cilla'
http://www.yso.fi/onto/musa/p32 'kitara': Unknown target vocabulary 'None' for linked term 'Guitar', assuming 'cilla'
http://www.yso.fi/onto/musa/p898 'kontrapunkti': Unknown target vocabulary 'None' for linked term 'Counterpoint', assuming 'cilla'
http://www.yso.fi/onto/musa/p274 'ksylofoni': Unknown target vocabulary 'None' for linked term 'Xylophone', assuming 'cilla'
http://www.yso.fi/onto/musa/p66 'kuoromusiikki': Unknown target vocabulary 'None' for linked term 'Choral music', assuming 'cilla'
http://www.yso.fi/onto/musa/p189 'lapsikuorot': Unknown target vocabulary 'None' for linked term 'Children's choirs', assuming 'cilla'
http://www.yso.fi/onto/musa/p405 'latinalainen kirkkolaulu': Unknown target vocabulary 'None' for linked term 'Chants', assuming 'cilla'
http://www.yso.fi/onto/musa/p26 'latinalaisamerikkalainen populaarimusiikki': Unknown target vocabulary 'None' for linked term 'Popular music -- Latin America', assuming 'cilla'
http://www.yso.fi/onto/musa/p66067 'laulaja-lauluntekijät': Unknown target vocabulary 'None' for linked term 'Composers', assuming 'cilla'
http://www.yso.fi/onto/musa/p66067 'laulaja-lauluntekijät': Unknown target vocabulary 'None' for linked term 'Lyricists', assuming 'cilla'
http://www.yso.fi/onto/musa/p66067 'laulaja-lauluntekijät': Unknown target vocabulary 'None' for linked term 'Singers', assuming 'cilla'
http://www.yso.fi/onto/musa/p163 'laulelmat': Unknown target vocabulary 'None' for linked term 'Songs', assuming 'cilla'
http://www.yso.fi/onto/musa/p893 'laulujuhlat': Unknown target vocabulary 'None' for linked term 'Song festivals', assuming 'cilla'
http://www.yso.fi/onto/musa/p161 'laulukilpailut': Unknown target vocabulary 'None' for linked term 'Music -- Competitions', assuming 'cilla'
http://www.yso.fi/onto/musa/p65 'lauluyhtyeet': Unknown target vocabulary 'None' for linked term 'Vocal groups', assuming 'cilla'
http://www.yso.fi/onto/musa/p323 'lyömäsoittimet': Unknown target vocabulary 'None' for linked term 'Percussion instruments', assuming 'cilla'
http://www.yso.fi/onto/musa/p258 'madrigaalit': Unknown target vocabulary 'None' for linked term 'Madrigals', assuming 'cilla'
http://www.yso.fi/onto/musa/p275 'marimba': Unknown target vocabulary 'None' for linked term 'Marimba', assuming 'cilla'
http://www.yso.fi/onto/musa/p875 'mieskuorot': Unknown target vocabulary 'None' for linked term 'Men's choirs', assuming 'cilla'
http://www.yso.fi/onto/musa/p682 'musiikinhistoria': Unknown target vocabulary 'None' for linked term 'Music and history', assuming 'cilla'
http://www.yso.fi/onto/musa/p617 'naiskuorot': Unknown target vocabulary 'None' for linked term 'Women's choirs', assuming 'cilla'
http://www.yso.fi/onto/musa/p687 'nuorisokuorot': Unknown target vocabulary 'None' for linked term 'Choirs (Music)', assuming 'cilla'
http://www.yso.fi/onto/musa/p445 'ohjelmamusiikki': Unknown target vocabulary 'None' for linked term 'Program music', assuming 'cilla'
http://www.yso.fi/onto/musa/p713 'orkesterimusiikki': Unknown target vocabulary 'None' for linked term 'Orchestral music', assuming 'cilla'
http://www.yso.fi/onto/musa/p690 'partituurit': Unknown target vocabulary 'None' for linked term 'Scores', assuming 'cilla'
http://www.yso.fi/onto/musa/p454 'periodisoittimet': Unknown target vocabulary 'None' for linked term 'Musical instruments', assuming 'cilla'
http://www.yso.fi/onto/musa/p454 'periodisoittimet': Unknown target vocabulary 'None' for linked term 'Music and history', assuming 'cilla'
http://www.yso.fi/onto/musa/p849 'pilkkalaulut': Unknown target vocabulary 'None' for linked term 'Songs', assuming 'cilla'
http://www.yso.fi/onto/musa/p1134 'poikakuorot': Unknown target vocabulary 'None' for linked term 'Boys' choirs', assuming 'cilla'
http://www.yso.fi/onto/musa/p15 'poliittiset laulut': Unknown target vocabulary 'None' for linked term 'Political ballads and songs', assuming 'cilla'
http://www.yso.fi/onto/musa/p72266 'pienoispartituurit': Unknown target vocabulary 'None' for linked term 'Scores', assuming 'cilla'
http://www.yso.fi/onto/musa/p686 'polyfonia': Unknown target vocabulary 'None' for linked term 'Counterpoint', assuming 'cilla'
http://www.yso.fi/onto/musa/p735 'progressiivinen rock': Unknown target vocabulary 'None' for linked term 'Progressive rock music', assuming 'cilla'
http://www.yso.fi/onto/musa/p850 'protestilaulut': Unknown target vocabulary 'None' for linked term 'Protest songs', assuming 'cilla'
http://www.yso.fi/onto/musa/p517 'puhallinorkesterit': Unknown target vocabulary 'None' for linked term 'Brass bands', assuming 'cilla'
http://www.yso.fi/onto/musa/p897 'piccolohuilu': Unknown target vocabulary 'None' for linked term 'Piccolo', assuming 'cilla'
http://www.yso.fi/onto/musa/p496 'näppäilysoittimet': Unknown target vocabulary 'None' for linked term 'Plucked instrument', assuming 'cilla'
http://www.yso.fi/onto/musa/p135 'mandoliini': Unknown target vocabulary 'None' for linked term 'Mandolin', assuming 'cilla'
http://www.yso.fi/onto/musa/p153 'kosketinsoittimet': Unknown target vocabulary 'None' for linked term 'Keyboard instruments', assuming 'cilla'
http://www.yso.fi/onto/musa/p260 'kontrabasso': Unknown target vocabulary 'None' for linked term 'Double bass', assuming 'cilla'
http://www.yso.fi/onto/musa/p874 'kamarikuorot': Unknown target vocabulary 'None' for linked term 'Choirs (Music)', assuming 'cilla'
http://www.yso.fi/onto/musa/p692 'huuliharppu': Unknown target vocabulary 'None' for linked term 'Harmonica', assuming 'cilla'
http://www.yso.fi/onto/musa/p674 'harmoni': Unknown target vocabulary 'None' for linked term 'Reed organ', assuming 'cilla'
http://www.yso.fi/onto/musa/p495 'balalaikka': Unknown target vocabulary 'None' for linked term 'Balalaika', assuming 'cilla'
http://www.yso.fi/onto/musa/p488 'automaattisoittimet': Unknown target vocabulary 'None' for linked term 'Mechanical musical instruments', assuming 'cilla'
http://www.yso.fi/onto/musa/p458 'puhallinsoittimet': Unknown target vocabulary 'None' for linked term 'Wind instrument', assuming 'cilla'
http://www.yso.fi/onto/musa/p603 'puupuhaltimet': Unknown target vocabulary 'None' for linked term 'Woodwind instruments', assuming 'cilla'
http://www.yso.fi/onto/musa/p292 'ragtime': Unknown target vocabulary 'None' for linked term 'Ragtime music', assuming 'cilla'
http://www.yso.fi/onto/musa/p723 'rap': Unknown target vocabulary 'None' for linked term 'Rap (Music)', assuming 'cilla'
http://www.yso.fi/onto/musa/p726 'rautalankamusiikki': Unknown target vocabulary 'None' for linked term 'Rock music', assuming 'cilla'
http://www.yso.fi/onto/musa/p726 'rautalankamusiikki': Unknown target vocabulary 'None' for linked term 'Popular instrumental music', assuming 'cilla'
http://www.yso.fi/onto/musa/p727 'reggae': Unknown target vocabulary 'None' for linked term 'Reggae music', assuming 'cilla'
http://www.yso.fi/onto/musa/p583 'rhythm and blues': Unknown target vocabulary 'None' for linked term 'Rhythm and blues music', assuming 'cilla'
http://www.yso.fi/onto/musa/p571 'rock': Unknown target vocabulary 'None' for linked term 'Rock music', assuming 'cilla'
http://www.yso.fi/onto/musa/p738 'rockabilly': Unknown target vocabulary 'None' for linked term 'Rockabilly music', assuming 'cilla'
http://www.yso.fi/onto/musa/p390 'rummut': Unknown target vocabulary 'None' for linked term 'Drum', assuming 'cilla'
http://www.yso.fi/onto/musa/p178 'rytmioppi': Unknown target vocabulary 'None' for linked term 'Musical meter and rhythm', assuming 'cilla'
http://www.yso.fi/onto/musa/p168 'sekakuorot': Unknown target vocabulary 'None' for linked term 'Choirs (Music)', assuming 'cilla'
http://www.yso.fi/onto/musa/p227 'sello': Unknown target vocabulary 'None' for linked term 'Cello', assuming 'cilla'
http://www.yso.fi/onto/musa/p830 'sinfoniaorkesterit': Unknown target vocabulary 'None' for linked term 'Symphony orchestras', assuming 'cilla'
http://www.yso.fi/onto/musa/p120 'sointuoppi': Unknown target vocabulary 'None' for linked term 'Harmony', assuming 'cilla'
http://www.yso.fi/onto/musa/p714 'soitinmusiikki': Unknown target vocabulary 'None' for linked term 'Instrumental music', assuming 'cilla'
http://www.yso.fi/onto/musa/p543 'son': Unknown target vocabulary 'None' for linked term 'Popular music -- Cuba', assuming 'cilla'
http://www.yso.fi/onto/musa/p577 'soul': Unknown target vocabulary 'None' for linked term 'Soul music', assuming 'cilla'
http://www.yso.fi/onto/musa/p339 'surumusiikki': Unknown target vocabulary 'None' for linked term 'Funeral music', assuming 'cilla'
http://www.yso.fi/onto/musa/p339 'surumusiikki': Unknown target vocabulary 'None' for linked term 'Memorial music', assuming 'cilla'
http://www.yso.fi/onto/musa/p721 'swing': Unknown target vocabulary 'None' for linked term 'Swing (Music)', assuming 'cilla'
http://www.yso.fi/onto/musa/p845 'symbaali': Unknown target vocabulary 'None' for linked term 'Cymbals', assuming 'cilla'
http://www.yso.fi/onto/musa/p592 'syntetisaattori': Unknown target vocabulary 'None' for linked term 'Synthesizer (Musical instrument)', assuming 'cilla'
http://www.yso.fi/onto/musa/p110 'sähkösoittimet': Unknown target vocabulary 'None' for linked term 'Electronic musical instruments', assuming 'cilla'
http://www.yso.fi/onto/musa/p77 'sävelasteikot': Unknown target vocabulary 'None' for linked term 'Musical intervals and scales', assuming 'cilla'
http://www.yso.fi/onto/musa/p964 'sävellyskilpailut': Unknown target vocabulary 'None' for linked term 'Composition (Music) -- Competitions', assuming 'cilla'
http://www.yso.fi/onto/musa/p685 'sävellysoppi': Unknown target vocabulary 'None' for linked term 'Composition (Music)', assuming 'cilla'
http://www.yso.fi/onto/musa/p685 'sävellysoppi': Unknown target vocabulary 'None' for linked term 'Music theory', assuming 'cilla'
http://www.yso.fi/onto/musa/p924 'säveloppi': Unknown target vocabulary 'None' for linked term 'Musical intervals and scales', assuming 'cilla'
http://www.yso.fi/onto/musa/p66077 'tanssimuusikot': Unknown target vocabulary 'None' for linked term 'Musicians', assuming 'cilla'
http://www.yso.fi/onto/musa/p1149 'työlaulut': Unknown target vocabulary 'None' for linked term 'Work songs', assuming 'cilla'
http://www.yso.fi/onto/musa/p67 'urut': Unknown target vocabulary 'None' for linked term 'Organ (Musical instrument)', assuming 'cilla'
http://www.yso.fi/onto/musa/p642 'vaskipuhaltimet': Unknown target vocabulary 'None' for linked term 'Brass instruments', assuming 'cilla'
http://www.yso.fi/onto/musa/p276 'vibrafoni': Unknown target vocabulary 'None' for linked term 'Vibraphone', assuming 'cilla'
http://www.yso.fi/onto/musa/p831 'viihdeorkesterit': Unknown target vocabulary 'None' for linked term 'Orchestra', assuming 'cilla'
http://www.yso.fi/onto/musa/p193 'viisikielinen kantele': Unknown target vocabulary 'None' for linked term 'Kantele (Musical instrument)', assuming 'cilla'
http://www.yso.fi/onto/musa/p774 'viola da gamba': Unknown target vocabulary 'None' for linked term 'Viola da gamba', assuming 'cilla'
http://www.yso.fi/onto/musa/p552 'virginaali': Unknown target vocabulary 'None' for linked term 'Harpsichord', assuming 'cilla'
http://www.yso.fi/onto/musa/p777 'virsikantele': Unknown target vocabulary 'None' for linked term 'Psalmodikon', assuming 'cilla'
http://www.yso.fi/onto/musa/p224 'viulu': Unknown target vocabulary 'None' for linked term 'Violin', assuming 'cilla'
http://www.yso.fi/onto/musa/p615 'wieniläisklassismi': Unknown target vocabulary 'None' for linked term 'Classicism in music', assuming 'cilla'
http://www.yso.fi/onto/musa/p434 'afroamerikkalainen musiikki': Unknown target vocabulary 'None' for linked term 'African Americans -- Music', assuming 'cilla'
http://www.yso.fi/onto/musa/p370 'alkusoitot': Unknown target vocabulary 'None' for linked term 'Overture', assuming 'cilla'
http://www.yso.fi/onto/musa/p485 'atonaalisuus': Unknown target vocabulary 'None' for linked term 'Atonality', assuming 'cilla'
http://www.yso.fi/onto/musa/p236 'cembalo': Unknown target vocabulary 'None' for linked term 'Harpsichord', assuming 'cilla'
http://www.yso.fi/onto/musa/p296 'continuo': Unknown target vocabulary 'None' for linked term 'Continuo', assuming 'cilla'
http://www.yso.fi/onto/musa/p1912 'dance': Unknown target vocabulary 'None' for linked term 'Electronic dance music', assuming 'cilla'
http://www.yso.fi/onto/musa/p66131 'DJ:t': Unknown target vocabulary 'None' for linked term 'Disc jockeys', assuming 'cilla'
http://www.yso.fi/onto/musa/p581 'dixieland': Unknown target vocabulary 'None' for linked term 'Dixieland music', assuming 'cilla'
http://www.yso.fi/onto/musa/p404 'duetot': Unknown target vocabulary 'None' for linked term 'Vocal duets', assuming 'cilla'
http://www.yso.fi/onto/musa/p601 'englannintorvi': Unknown target vocabulary 'None' for linked term 'English horn', assuming 'cilla'
http://www.yso.fi/onto/musa/p631 'fagotti': Unknown target vocabulary 'None' for linked term 'Bassoon', assuming 'cilla'
http://www.yso.fi/onto/musa/p732 'folk rock': Unknown target vocabulary 'None' for linked term 'Folk-rock music', assuming 'cilla'
http://www.yso.fi/onto/musa/p652 'fuugat': Unknown target vocabulary 'None' for linked term 'Fugue', assuming 'cilla'
http://www.yso.fi/onto/musa/p307 'harppu': Unknown target vocabulary 'None' for linked term 'Harp', assuming 'cilla'
http://www.yso.fi/onto/musa/p248 'huilu': Unknown target vocabulary 'None' for linked term 'Flute', assuming 'cilla'
http://www.yso.fi/onto/musa/p693 'hymnit': Unknown target vocabulary 'None' for linked term 'Hymns', assuming 'cilla'
http://www.yso.fi/onto/musa/p146 'ikivihreät': Unknown target vocabulary 'None' for linked term 'Popular music', assuming 'cilla'
http://www.yso.fi/onto/musa/p146 'ikivihreät': Unknown target vocabulary 'None' for linked term 'Songs', assuming 'cilla'
http://www.yso.fi/onto/musa/p147 'iskelmät': Unknown target vocabulary 'None' for linked term 'Popular music', assuming 'cilla'
http://www.yso.fi/onto/musa/p824 'jodlaus': Unknown target vocabulary 'None' for linked term 'Yodeling', assuming 'cilla'
http://www.yso.fi/onto/musa/p901 'jouhikko': Unknown target vocabulary 'None' for linked term 'Jouhikko', assuming 'cilla'
http://www.yso.fi/onto/musa/p486 'kaksitoistasäveljärjestelmä': Unknown target vocabulary 'None' for linked term 'Twelve-tone system', assuming 'cilla'
http://www.yso.fi/onto/musa/p304 'kamarimusiikki': Unknown target vocabulary 'None' for linked term 'Chamber music', assuming 'cilla'
http://www.yso.fi/onto/musa/p694 'kansallislaulut': Unknown target vocabulary 'None' for linked term 'National songs', assuming 'cilla'
http://www.yso.fi/onto/musa/p408 'kantaatit': Unknown target vocabulary 'None' for linked term 'Cantatas', assuming 'cilla'
http://www.yso.fi/onto/musa/p93 'kantele': Unknown target vocabulary 'None' for linked term 'Kantele (Musical instrument)', assuming 'cilla'
http://www.yso.fi/onto/musa/p607 'kapellimestarit': Unknown target vocabulary 'None' for linked term 'Conductors (Music)', assuming 'cilla'
http://www.yso.fi/onto/musa/p612 'karaoke': Unknown target vocabulary 'None' for linked term 'Karaoke', assuming 'cilla'
http://www.yso.fi/onto/musa/p743 'katumusiikki': Unknown target vocabulary 'None' for linked term 'Street music', assuming 'cilla'
http://www.yso.fi/onto/musa/p66201 'katusoittajat': Unknown target vocabulary 'None' for linked term 'Street musicians', assuming 'cilla'
http://www.yso.fi/onto/musa/p506 'kenraalibasso': Unknown target vocabulary 'None' for linked term 'Continuo', assuming 'cilla'
http://www.yso.fi/onto/musa/p244 'klarinetti': Unknown target vocabulary 'None' for linked term 'Clarinet', assuming 'cilla'
http://www.yso.fi/onto/musa/p551 'klavikordi': Unknown target vocabulary 'None' for linked term 'Clavichord', assuming 'cilla'
http://www.yso.fi/onto/musa/p904 'konsertit': Unknown target vocabulary 'None' for linked term 'Concerts', assuming 'cilla'
http://www.yso.fi/onto/musa/p561 'konsertot': Unknown target vocabulary 'None' for linked term 'Concertos', assuming 'cilla'
http://www.yso.fi/onto/musa/p703 'konserttiohjelmat': Unknown target vocabulary 'None' for linked term 'Concert programs', assuming 'cilla'
http://www.yso.fi/onto/musa/p778 'konserttitoiminta': Unknown target vocabulary 'None' for linked term 'Concerts', assuming 'cilla'
http://www.yso.fi/onto/musa/p1118 'kuoronjohtajat': Unknown target vocabulary 'None' for linked term 'Choral conductors', assuming 'cilla'
http://www.yso.fi/onto/musa/p400 'kuorot': Unknown target vocabulary 'None' for linked term 'Choirs (Music)', assuming 'cilla'
http://www.yso.fi/onto/musa/p306 'käyrätorvi': Unknown target vocabulary 'None' for linked term 'Horn (Musical instrument)', assuming 'cilla'
http://www.yso.fi/onto/musa/p164 'lastenlaulut': Unknown target vocabulary 'None' for linked term 'Children's songs', assuming 'cilla'
http://www.yso.fi/onto/musa/p746 'lastenmusiikki': Unknown target vocabulary 'None' for linked term 'Music -- Juvenile', assuming 'cilla'
http://www.yso.fi/onto/musa/p438 'latinalaisamerikkalainen musiikki': Unknown target vocabulary 'None' for linked term 'Music -- Latin America', assuming 'cilla'
http://www.yso.fi/onto/musa/p608 'laulajat': Unknown target vocabulary 'None' for linked term 'Singers', assuming 'cilla'
http://www.yso.fi/onto/musa/p510 'laulaminen': Unknown target vocabulary 'None' for linked term 'Singing', assuming 'cilla'
http://www.yso.fi/onto/musa/p204 'laulukirjat': Unknown target vocabulary 'None' for linked term 'Songbooks', assuming 'cilla'
http://www.yso.fi/onto/musa/p399 'laulumusiikki': Unknown target vocabulary 'None' for linked term 'Vocal music', assuming 'cilla'
http://www.yso.fi/onto/musa/p199 'laulunoppaat': Unknown target vocabulary 'None' for linked term 'Singing -- Instruction and study', assuming 'cilla'
http://www.yso.fi/onto/musa/p289 'laulut': Unknown target vocabulary 'None' for linked term 'Songs', assuming 'cilla'
http://www.yso.fi/onto/musa/p806 'luuttu': Unknown target vocabulary 'None' for linked term 'Lute', assuming 'cilla'
http://www.yso.fi/onto/musa/p169 'maailmanmusiikki': Unknown target vocabulary 'None' for linked term 'World music', assuming 'cilla'
http://www.yso.fi/onto/musa/p17 'marssit': Unknown target vocabulary 'None' for linked term 'March (Music)', assuming 'cilla'
http://www.yso.fi/onto/musa/p966 'melodiat': Unknown target vocabulary 'None' for linked term 'Melody', assuming 'cilla'
http://www.yso.fi/onto/musa/p968 'metronomit': Unknown target vocabulary 'None' for linked term 'Metronome', assuming 'cilla'
http://www.yso.fi/onto/musa/p406 'motetit': Unknown target vocabulary 'None' for linked term 'Motets', assuming 'cilla'
http://www.yso.fi/onto/musa/p155 'musiikinteoria': Unknown target vocabulary 'None' for linked term 'Music theory', assuming 'cilla'
http://www.yso.fi/onto/musa/p66148 'musiikintutkimus': Unknown target vocabulary 'None' for linked term 'Musicology', assuming 'cilla'
http://www.yso.fi/onto/musa/p403 'musiikki': Unknown target vocabulary 'None' for linked term 'Music', assuming 'cilla'
http://www.yso.fi/onto/musa/p878 'musiikki-ikonografia': Unknown target vocabulary 'None' for linked term 'Music in art', assuming 'cilla'
http://www.yso.fi/onto/musa/p1184 'musiikkiala': Unknown target vocabulary 'None' for linked term 'Music trade', assuming 'cilla'
http://www.yso.fi/onto/musa/p1015 'musiikkianalyysi': Unknown target vocabulary 'None' for linked term 'Musical analysis', assuming 'cilla'
http://www.yso.fi/onto/musa/p931 'musiikkikilpailut': Unknown target vocabulary 'None' for linked term 'Music -- Competitions', assuming 'cilla'
http://www.yso.fi/onto/musa/p62438 'musiikkileirit': Unknown target vocabulary 'None' for linked term 'Music camps', assuming 'cilla'
http://www.yso.fi/onto/musa/p66160 'musiikkipalkinnot': Unknown target vocabulary 'None' for linked term 'Music -- Awards', assuming 'cilla'
http://www.yso.fi/onto/musa/p71260 'musiikkiteknologia': Unknown target vocabulary 'None' for linked term 'Music and technology', assuming 'cilla'
http://www.yso.fi/onto/musa/p465 'muusikot': Unknown target vocabulary 'None' for linked term 'Musicians', assuming 'cilla'
http://www.yso.fi/onto/musa/p376 'neumit': Unknown target vocabulary 'None' for linked term 'Neumes', assuming 'cilla'
http://www.yso.fi/onto/musa/p676 'nokkahuilu': Unknown target vocabulary 'None' for linked term 'Recorder (Musical instrument)', assuming 'cilla'
http://www.yso.fi/onto/musa/p855 'nuotinluku': Unknown target vocabulary 'None' for linked term 'Sight-reading (Music)', assuming 'cilla'
http://www.yso.fi/onto/musa/p66168 'nuottikirjoitus': Unknown target vocabulary 'None' for linked term 'Musical notation', assuming 'cilla'
http://www.yso.fi/onto/musa/p331 'oboe': Unknown target vocabulary 'None' for linked term 'Oboe', assuming 'cilla'
http://www.yso.fi/onto/musa/p213 'oratoriot': Unknown target vocabulary 'None' for linked term 'Oratorios', assuming 'cilla'
http://www.yso.fi/onto/musa/p516 'orkesterit': Unknown target vocabulary 'None' for linked term 'Orchestra', assuming 'cilla'
http://www.yso.fi/onto/musa/p766 'panhuilu': Unknown target vocabulary 'None' for linked term 'Panpipes', assuming 'cilla'
http://www.yso.fi/onto/musa/p410 'passiot': Unknown target vocabulary 'None' for linked term 'Passion music', assuming 'cilla'
http://www.yso.fi/onto/musa/p216 'pasuuna': Unknown target vocabulary 'None' for linked term 'Trombone', assuming 'cilla'
http://www.yso.fi/onto/musa/p843 'patarummut': Unknown target vocabulary 'None' for linked term 'Timpani', assuming 'cilla'
http://www.yso.fi/onto/musa/p20 'piano': Unknown target vocabulary 'None' for linked term 'Piano', assuming 'cilla'
http://www.yso.fi/onto/musa/p431 'popmusiikki': Unknown target vocabulary 'None' for linked term 'Popular music', assuming 'cilla'
http://www.yso.fi/onto/musa/p423 'populaarimusiikki': Unknown target vocabulary 'None' for linked term 'Popular music', assuming 'cilla'
http://www.yso.fi/onto/musa/p457 'preludit': Unknown target vocabulary 'None' for linked term 'Chorale preludes', assuming 'cilla'
http://www.yso.fi/onto/musa/p432 'rai': Unknown target vocabulary 'None' for linked term 'Rai (Music)', assuming 'cilla'
http://www.yso.fi/onto/musa/p355 'rapsodiat': Unknown target vocabulary 'None' for linked term 'Rhapsodies (Music)', assuming 'cilla'
http://www.yso.fi/onto/musa/p364 'requiemit': Unknown target vocabulary 'None' for linked term 'Requiems', assuming 'cilla'
http://www.yso.fi/onto/musa/p402 'resitatiivit': Unknown target vocabulary 'None' for linked term 'Recitative', assuming 'cilla'
http://www.yso.fi/onto/musa/p242 'saksofoni': Unknown target vocabulary 'None' for linked term 'Saxophone', assuming 'cilla'
http://www.yso.fi/onto/musa/p437 'salsa': Unknown target vocabulary 'None' for linked term 'Salsa (Music)', assuming 'cilla'
http://www.yso.fi/onto/musa/p951 'sarjallinen musiikki': Unknown target vocabulary 'None' for linked term 'Serialism (Music)', assuming 'cilla'
http://www.yso.fi/onto/musa/p360 'sinfoniat': Unknown target vocabulary 'None' for linked term 'Symphonies', assuming 'cilla'
http://www.yso.fi/onto/musa/p396 'serenadit': Unknown target vocabulary 'None' for linked term 'Suites', assuming 'cilla'
http://www.yso.fi/onto/musa/p762 'sinfoniset runot': Unknown target vocabulary 'None' for linked term 'Symphonic poems', assuming 'cilla'
http://www.yso.fi/onto/musa/p584 'sitrasoittimet': Unknown target vocabulary 'None' for linked term 'Zither', assuming 'cilla'
http://www.yso.fi/onto/musa/p811 'sitra': Unknown target vocabulary 'None' for linked term 'Zither', assuming 'cilla'
http://www.yso.fi/onto/musa/p953 'soinnutus': Unknown target vocabulary 'None' for linked term 'Chords (Music)', assuming 'cilla'
http://www.yso.fi/onto/musa/p954 'sointiväri': Unknown target vocabulary 'None' for linked term 'Tone color (Music)', assuming 'cilla'
http://www.yso.fi/onto/musa/p955 'sointuanalyysi': Unknown target vocabulary 'None' for linked term 'Harmonic analysis (Music)', assuming 'cilla'
http://www.yso.fi/onto/musa/p804 'soitinluokitukset': Unknown target vocabulary 'None' for linked term 'Musical instruments', assuming 'cilla'
http://www.yso.fi/onto/musa/p956 'soitinrakennus': Unknown target vocabulary 'None' for linked term 'Musical instruments', assuming 'cilla'
http://www.yso.fi/onto/musa/p67023 'soitinrakentajat': Unknown target vocabulary 'None' for linked term 'Musical instruments', assuming 'cilla'
http://www.yso.fi/onto/musa/p455 'soittimet': Unknown target vocabulary 'None' for linked term 'Musical instruments', assuming 'cilla'
http://www.yso.fi/onto/musa/p861 'sonaatit': Unknown target vocabulary 'None' for linked term 'Sonata', assuming 'cilla'
http://www.yso.fi/onto/musa/p1005 'sonaattimuoto': Unknown target vocabulary 'None' for linked term 'Sonata form', assuming 'cilla'
http://www.yso.fi/onto/musa/p719 'sormitukset': Unknown target vocabulary 'None' for linked term 'Fingering', assuming 'cilla'
http://www.yso.fi/onto/musa/p959 'sovittajat': Unknown target vocabulary 'None' for linked term 'Arrangers (Musicians)', assuming 'cilla'
http://www.yso.fi/onto/musa/p69 'spirituaalit': Unknown target vocabulary 'None' for linked term 'Spirituals (Songs)', assuming 'cilla'
http://www.yso.fi/onto/musa/p255 'surumarssit': Unknown target vocabulary 'None' for linked term 'Marches', assuming 'cilla'
http://www.yso.fi/onto/musa/p613 'säestäminen': Unknown target vocabulary 'None' for linked term 'Musical accompaniment', assuming 'cilla'
http://www.yso.fi/onto/musa/p813 'sähkökitara': Unknown target vocabulary 'None' for linked term 'Electric guitar', assuming 'cilla'
http://www.yso.fi/onto/musa/p23 'sähköurut': Unknown target vocabulary 'None' for linked term 'Electronic organ', assuming 'cilla'
http://www.yso.fi/onto/musa/p768 'säkkipilli': Unknown target vocabulary 'None' for linked term 'Bagpipe', assuming 'cilla'
http://www.yso.fi/onto/musa/p159 'säveljärjestelmät': Unknown target vocabulary 'None' for linked term 'Musical intervals and scales', assuming 'cilla'
http://www.yso.fi/onto/musa/p963 'sävellykset': Unknown target vocabulary 'None' for linked term 'Composition (Music)', assuming 'cilla'
http://www.yso.fi/onto/musa/p786 'säveltäjät': Unknown target vocabulary 'None' for linked term 'Composers', assuming 'cilla'
http://www.yso.fi/onto/musa/p871 'säveltäminen': Unknown target vocabulary 'None' for linked term 'Composition (Music)', assuming 'cilla'
http://www.yso.fi/onto/musa/p748 'taidemusiikki': Unknown target vocabulary 'None' for linked term 'Music', assuming 'cilla'
http://www.yso.fi/onto/musa/p749 'tanssimusiikki': Unknown target vocabulary 'None' for linked term 'Dance music', assuming 'cilla'
http://www.yso.fi/onto/musa/p750 'taustamusiikki': Unknown target vocabulary 'None' for linked term 'Environmental music', assuming 'cilla'
http://www.yso.fi/onto/musa/p1014 'tempo': Unknown target vocabulary 'None' for linked term 'Tempo (Music)', assuming 'cilla'
http://www.yso.fi/onto/musa/p994 'toccatat': Unknown target vocabulary 'None' for linked term 'Toccatas', assuming 'cilla'
http://www.yso.fi/onto/musa/p487 'tonaalisuus': Unknown target vocabulary 'None' for linked term 'Tonality', assuming 'cilla'
http://www.yso.fi/onto/musa/p246 'trumpetti': Unknown target vocabulary 'None' for linked term 'Trumpet', assuming 'cilla'
http://www.yso.fi/onto/musa/p286 'tuuba': Unknown target vocabulary 'None' for linked term 'Tuba', assuming 'cilla'
http://www.yso.fi/onto/musa/p852 'työväenlaulut': Unknown target vocabulary 'None' for linked term 'Political ballads and songs', assuming 'cilla'
http://www.yso.fi/onto/musa/p751 'työväenmusiikki': Unknown target vocabulary 'None' for linked term 'Right and left (Political science) in music', assuming 'cilla'
http://www.yso.fi/onto/musa/p501 'viihdemusiikki': Unknown target vocabulary 'None' for linked term 'Popular music', assuming 'cilla'
http://www.yso.fi/onto/musa/p144 'yhteislaulu': Unknown target vocabulary 'None' for linked term 'Singing', assuming 'cilla'
http://www.yso.fi/onto/musa/p527 'yhtyeet': Unknown target vocabulary 'None' for linked term 'Musical groups', assuming 'cilla'
http://www.yso.fi/onto/musa/p2005 'akustinen populaarimusiikki': Unknown target vocabulary 'None' for linked term 'Popular music', assuming 'cilla'
http://www.yso.fi/onto/musa/p630 'fadot': Unknown target vocabulary 'None' for linked term 'Fados', assuming 'cilla'
http://www.yso.fi/onto/musa/p630 'fadot': Unknown target vocabulary 'None' for linked term 'Folk music -- Portugal', assuming 'cilla'
http://www.yso.fi/onto/musa/p667 'hankaussoittimet': Unknown target vocabulary 'None' for linked term 'Musical instruments', assuming 'cilla'
http://www.yso.fi/onto/musa/p420 'hip hop': Unknown target vocabulary 'None' for linked term 'Rap (Music)', assuming 'cilla'
http://www.yso.fi/onto/musa/p420 'hip hop': Unknown target vocabulary 'None' for linked term 'Hip-hop', assuming 'cilla'
http://www.yso.fi/onto/musa/p684 'homofonia': Unknown target vocabulary 'None' for linked term 'Music theory', assuming 'cilla'
http://www.yso.fi/onto/musa/p684 'homofonia': Unknown target vocabulary 'None' for linked term 'Harmonic analysis (Music)', assuming 'cilla'
http://www.yso.fi/onto/musa/p807 'luuttusoittimet': Unknown target vocabulary 'None' for linked term 'Lute', assuming 'cilla'
http://www.yso.fi/onto/musa/p807 'luuttusoittimet': Unknown target vocabulary 'None' for linked term 'Plucked instruments', assuming 'cilla'
http://www.yso.fi/onto/musa/p808 'lyyrasoittimet': Unknown target vocabulary 'None' for linked term 'Lyre', assuming 'cilla'
http://www.yso.fi/onto/musa/p808 'lyyrasoittimet': Unknown target vocabulary 'None' for linked term 'Plucked instruments', assuming 'cilla'
http://www.yso.fi/onto/musa/p174 'maakuntalaulut': Unknown target vocabulary 'None' for linked term 'Songs, Finnish', assuming 'cilla'
http://www.yso.fi/onto/musa/p590 'elektroakustinen musiikki': Unknown target vocabulary 'None' for linked term 'Computer music', assuming 'cilla'
http://www.yso.fi/onto/musa/p590 'elektroakustinen musiikki': Unknown target vocabulary 'None' for linked term 'Electronic music', assuming 'cilla'
http://www.yso.fi/onto/musa/p677 'huilusoittimet': Unknown target vocabulary 'None' for linked term 'Flute', assuming 'cilla'
http://www.yso.fi/onto/musa/p677 'huilusoittimet': Unknown target vocabulary 'None' for linked term 'Woodwind instruments', assuming 'cilla'
http://www.yso.fi/onto/musa/p909 'impromptut': Unknown target vocabulary 'None' for linked term 'Composition (Music)', assuming 'cilla'
http://www.yso.fi/onto/musa/p909 'impromptut': Unknown target vocabulary 'None' for linked term 'Instrumental music', assuming 'cilla'
http://www.yso.fi/onto/musa/p911 'intermezzot': Unknown target vocabulary 'None' for linked term 'Operas', assuming 'cilla'
http://www.yso.fi/onto/musa/p911 'intermezzot': Unknown target vocabulary 'None' for linked term 'Instrumental music', assuming 'cilla'
http://www.yso.fi/onto/musa/p828 'jousiorkesterit': Unknown target vocabulary 'None' for linked term 'String bands', assuming 'cilla'
http://www.yso.fi/onto/musa/p828 'jousiorkesterit': Unknown target vocabulary 'None' for linked term 'Orchestra', assuming 'cilla'
http://www.yso.fi/onto/musa/p828 'jousiorkesterit': Unknown target vocabulary 'None' for linked term 'Chamber orchestra', assuming 'cilla'
http://www.yso.fi/onto/musa/p828 'jousiorkesterit': Unknown target vocabulary 'None' for linked term 'Musical groups', assuming 'cilla'
http://www.yso.fi/onto/musa/p876 'kognitiivinen musiikkitiede': Unknown target vocabulary 'None' for linked term 'Musical perception', assuming 'cilla'
http://www.yso.fi/onto/musa/p876 'kognitiivinen musiikkitiede': Unknown target vocabulary 'None' for linked term 'Musicology', assuming 'cilla'
http://www.yso.fi/onto/musa/p343 'kupletit': Unknown target vocabulary 'None' for linked term 'Humorous songs', assuming 'cilla'
http://www.yso.fi/onto/musa/p343 'kupletit': Unknown target vocabulary 'None' for linked term 'Popular music', assuming 'cilla'
http://www.yso.fi/onto/musa/p157 'sävellajit': Unknown target vocabulary 'None' for linked term 'Tonality', assuming 'cilla'
http://www.yso.fi/onto/musa/p984 'musiikkipolitiikka': Unknown target vocabulary 'None' for linked term 'Music and state', assuming 'cilla'
http://www.yso.fi/onto/musa/p985 'musiikkiteollisuus': Unknown target vocabulary 'None' for linked term 'Music trade', assuming 'cilla'
http://www.yso.fi/onto/musa/p689 'nuottijulkaisut': Unknown target vocabulary 'None' for linked term 'Sheet music', assuming 'cilla'
http://www.yso.fi/onto/musa/p328 'puhelaulu': Unknown target vocabulary 'None' for linked term 'Sprechstimme', assuming 'cilla'
http://www.yso.fi/onto/musa/p946 'rondot': Unknown target vocabulary 'None' for linked term 'Rondos', assuming 'cilla'
http://www.yso.fi/onto/musa/p716 'soitinnus': Unknown target vocabulary 'None' for linked term 'Instrumentation and orchestration', assuming 'cilla'
http://www.yso.fi/onto/musa/p716 'soitinnus': Unknown target vocabulary 'None' for linked term 'Instrumentation and orchestration (Band)', assuming 'cilla'
http://www.yso.fi/onto/musa/p1124 'soitonoppaat': Unknown target vocabulary 'None' for linked term 'Music -- Instruction and study', assuming 'cilla'
http://www.yso.fi/onto/musa/p908 'sovittaminen': Unknown target vocabulary 'None' for linked term 'Arrangement (Music)', assuming 'cilla'
http://www.yso.fi/onto/musa/p158 'säveltapailu': Unknown target vocabulary 'None' for linked term 'Ear training', assuming 'cilla'
http://www.yso.fi/onto/musa/p158 'säveltapailu': Unknown target vocabulary 'None' for linked term 'Sight singing', assuming 'cilla'
http://www.yso.fi/onto/musa/p965 'säveltäjien teosluettelot': Unknown target vocabulary 'None' for linked term 'Thematic catalogs', assuming 'cilla'
http://www.yso.fi/onto/musa/p507 'bassokitara': Unknown target vocabulary 'None' for linked term 'Bass guitar', assuming 'cilla'
http://www.yso.fi/onto/musa/p507 'bassokitara': Unknown target vocabulary 'None' for linked term 'Acoustic bass guitar', assuming 'cilla'
http://www.yso.fi/onto/musa/p643 'folkmusiikki': Unknown target vocabulary 'None' for linked term 'Folk-rock music', assuming 'cilla'
http://www.yso.fi/onto/musa/p66133 'miksaajat': Unknown referred term 'ääniteknikot'
http://www.yso.fi/onto/musa/p1138 'rumpukone': Unknown referred term 'sekvensseri'
http://www.yso.fi/onto/musa/p900 'häävalssit': Unknown referred term 'valssit'
http://www.yso.fi/onto/musa/p868 'MIDI': Unknown referred term 'sekvensseri'
http://www.yso.fi/onto/musa/p66173 'harjoitusaineistot': Unknown referred term 'oppimateriaali'
http://www.yso.fi/onto/musa/p749 'tanssimusiikki': Unknown referred term 'jivet (sävellykset)'
http://www.yso.fi/onto/musa/p66164 'musiikkiteatterit': Unknown referred term 'teatterit'
http://www.yso.fi/onto/musa/p1139 'äänitykset': Unknown referred term 'äänitteet'
http://www.yso.fi/onto/musa/p1144 'naislaulajat': Unknown referred term 'mezzosopraanot (laulajat)'
http://www.yso.fi/onto/musa/p69007 'sovitukset': Unknown referred term 'transkriptiot'
http://www.yso.fi/onto/musa/p479 'ars antiqua': Unknown referred term 'ars vetus'
http://www.yso.fi/onto/musa/p479 'ars antiqua': Unknown referred term 'ars veterum'
http://www.yso.fi/onto/musa/p508 'tanssit': Unknown referred term 'jenkka (tanssit)'
http://www.yso.fi/onto/musa/p902 'wieninvalssit': Unknown referred term 'valssit'
http://www.yso.fi/onto/musa/p80329 'edistynyt taso': Unknown referred term 'taso'
http://www.yso.fi/onto/musa/p71260 'musiikkiteknologia': Unknown referred term 'sekvensseri'
http://www.yso.fi/onto/musa/p71260 'musiikkiteknologia': Unknown referred term 'äänitteet'
http://www.yso.fi/onto/musa/p72262 'singlet': Unknown referred term 'äänitteet'
http://www.yso.fi/onto/musa/p72261 'EP:t': Unknown referred term 'äänitteet'
http://www.yso.fi/onto/musa/p72260 'albumit': Unknown referred term 'äänitteet'
http://www.yso.fi/onto/musa/p66094 'transkribointi': Unknown referred term 'litterointi'
http://www.yso.fi/onto/musa/p624 'musiikkifolklorismi': Unknown referred term 'folklorismi'
http://www.yso.fi/onto/musa/p842 'äänilevyt': Unknown referred term 'äänitteet'
http://www.yso.fi/onto/musa/p587 'tyylit': Unknown referred term 'uusromantiikka'
http://www.yso.fi/onto/musa/p66098 'tribuutit': Unknown referred term 'juhlajulkaisut'
http://www.yso.fi/onto/musa/p995 'torviseitsikot': Unknown referred term 'soitinyhtyeet'
http://www.yso.fi/onto/musa/p289 'laulut': Unknown referred term 'vokaliisit'
http://www.yso.fi/onto/musa/p664 'hambo (tanssit)': Unknown referred term 'polskat (tanssit)'
http://www.yso.fi/onto/musa/p1120 'historialliset äänitykset': Unknown referred term 'äänitteet'
http://www.yso.fi/onto/musa/p81543 'sekvensseri (tietokoneohjelmat)': Unknown referred term 'tietokoneohjelmat'
http://www.yso.fi/onto/musa/p666 'meditaatiomusiikki': Unknown referred term 'mietiskely'
http://www.yso.fi/onto/musa/p66084 'musiikkiohjelmat (televisio-ohjelmat)': Unknown referred term 'televisio-ohjelmat'
http://www.yso.fi/onto/musa/p1009 'ääninauhat': Unknown referred term 'äänitteet'
http://www.yso.fi/onto/musa/p527 'yhtyeet': Unknown referred term 'soitinyhtyeet'
http://www.yso.fi/onto/musa/p919 'äänikasetit': Unknown referred term 'äänitteet'
http://www.yso.fi/onto/musa/p912 'intonaatioteoria': Unknown referred term 'tutkimusmenetelmät'
http://www.yso.fi/onto/musa/p592 'syntetisaattori': Unknown referred term 'sekvensseri'
http://www.yso.fi/onto/musa/p180 'musiikin harrastaminen': Unknown referred term 'taideharrastukset'
http://www.yso.fi/onto/musa/p81 'polska (tanssit)': Unknown referred term 'hambot'
http://www.yso.fi/onto/musa/p418 'acid jazz': Unknown referred term 'hiphop'
http://www.yso.fi/onto/musa/p63281 'keskitaso': Unknown referred term 'taso'
http://www.yso.fi/onto/musa/p63280 'alkeistaso': Unknown referred term 'taso'
http://www.yso.fi/onto/musa/p63280 'alkeistaso': Unknown referred term 'vasta-alkajat'
http://www.yso.fi/onto/musa/p66054 'soitinvalmennus': Unknown referred term 'taiteen perusopetus'
http://www.yso.fi/onto/musa/p66057 'bootlegit': Unknown referred term 'äänitteet'
http://www.yso.fi/onto/musa/p66120 'äänitetuottajat': Unknown referred term 'tuottajat'
http://www.yso.fi/onto/musa/p554 'latinalaistanssit': Unknown referred term 'rumba (tanssit)'
http://www.yso.fi/onto/musa/p554 'latinalaistanssit': Unknown referred term 'samba (tanssit)'
http://www.yso.fi/onto/musa/p554 'latinalaistanssit': Unknown referred term 'tangot'
