INFO: Don't know what to do with literal http://purl.org/dc/terms/modified
INFO: Don't know what to do with literal http://purl.org/dc/terms/created
WARNING: Concept scheme has no label(s). Use --label option to set the concept scheme label.
INFO: Hierarchy cycle removed at p66183 -> p257
INFO: Hierarchy cycle removed at p559 -> p559
INFO: Hierarchy cycle removed at p465 -> p465
INFO: Hierarchy cycle removed at p549 -> p549
INFO: Some concepts not reached in initial cycle detection. Re-checking for loose concepts.
WARNING: Concepts http://www.yso.fi/onto/musa/p1127 and http://www.yso.fi/onto/musa/p399 connected by both skos:broaderTransitive and skos:related, but keeping it because keep_related is enabled
WARNING: Concepts http://www.yso.fi/onto/musa/p156 and http://www.yso.fi/onto/musa/p855 connected by both skos:broaderTransitive and skos:related, but keeping it because keep_related is enabled
WARNING: Concepts http://www.yso.fi/onto/musa/p337 and http://www.yso.fi/onto/musa/p158 connected by both skos:broaderTransitive and skos:related, but keeping it because keep_related is enabled
WARNING: Concepts http://www.yso.fi/onto/musa/p398 and http://www.yso.fi/onto/musa/p399 connected by both skos:broaderTransitive and skos:related, but keeping it because keep_related is enabled
WARNING: Concepts http://www.yso.fi/onto/musa/p404 and http://www.yso.fi/onto/musa/p399 connected by both skos:broaderTransitive and skos:related, but keeping it because keep_related is enabled
WARNING: Concepts http://www.yso.fi/onto/musa/p408 and http://www.yso.fi/onto/musa/p399 connected by both skos:broaderTransitive and skos:related, but keeping it because keep_related is enabled
WARNING: Concepts http://www.yso.fi/onto/musa/p410 and http://www.yso.fi/onto/musa/p399 connected by both skos:broaderTransitive and skos:related, but keeping it because keep_related is enabled
WARNING: Concepts http://www.yso.fi/onto/musa/p422 and http://www.yso.fi/onto/musa/p423 connected by both skos:broaderTransitive and skos:related, but keeping it because keep_related is enabled
WARNING: Concepts http://www.yso.fi/onto/musa/p478 and http://www.yso.fi/onto/musa/p191 connected by both skos:broaderTransitive and skos:related, but keeping it because keep_related is enabled
WARNING: Concepts http://www.yso.fi/onto/musa/p572 and http://www.yso.fi/onto/musa/p158 connected by both skos:broaderTransitive and skos:related, but keeping it because keep_related is enabled
WARNING: Concepts http://www.yso.fi/onto/musa/p602 and http://www.yso.fi/onto/musa/p455 connected by both skos:broaderTransitive and skos:related, but keeping it because keep_related is enabled
WARNING: Concepts http://www.yso.fi/onto/musa/p608 and http://www.yso.fi/onto/musa/p465 connected by both skos:broaderTransitive and skos:related, but keeping it because keep_related is enabled
WARNING: Concepts http://www.yso.fi/onto/musa/p637 and http://www.yso.fi/onto/musa/p636 connected by both skos:broaderTransitive and skos:related, but keeping it because keep_related is enabled
WARNING: Concepts http://www.yso.fi/onto/musa/p66057 and http://www.yso.fi/onto/musa/p66057 connected by both skos:broaderTransitive and skos:related, but keeping it because keep_related is enabled
WARNING: Concepts http://www.yso.fi/onto/musa/p66113 and http://www.yso.fi/onto/musa/p620 connected by both skos:broaderTransitive and skos:related, but keeping it because keep_related is enabled
WARNING: Concepts http://www.yso.fi/onto/musa/p66131 and http://www.yso.fi/onto/musa/p66131 connected by both skos:broaderTransitive and skos:related, but keeping it because keep_related is enabled
WARNING: Concepts http://www.yso.fi/onto/musa/p66135 and http://www.yso.fi/onto/musa/p620 connected by both skos:broaderTransitive and skos:related, but keeping it because keep_related is enabled
WARNING: Concepts http://www.yso.fi/onto/musa/p66197 and http://www.yso.fi/onto/musa/p561 connected by both skos:broaderTransitive and skos:related, but keeping it because keep_related is enabled
WARNING: Concepts http://www.yso.fi/onto/musa/p672 and http://www.yso.fi/onto/musa/p559 connected by both skos:broaderTransitive and skos:related, but keeping it because keep_related is enabled
WARNING: Concepts http://www.yso.fi/onto/musa/p691 and http://www.yso.fi/onto/musa/p689 connected by both skos:broaderTransitive and skos:related, but keeping it because keep_related is enabled
WARNING: Concepts http://www.yso.fi/onto/musa/p758 and http://www.yso.fi/onto/musa/p442 connected by both skos:broaderTransitive and skos:related, but keeping it because keep_related is enabled
WARNING: Concepts http://www.yso.fi/onto/musa/p78 and http://www.yso.fi/onto/musa/p1124 connected by both skos:broaderTransitive and skos:related, but keeping it because keep_related is enabled
WARNING: Concepts http://www.yso.fi/onto/musa/p780 and http://www.yso.fi/onto/musa/p781 connected by both skos:broaderTransitive and skos:related, but keeping it because keep_related is enabled
WARNING: Concepts http://www.yso.fi/onto/musa/p785 and http://www.yso.fi/onto/musa/p465 connected by both skos:broaderTransitive and skos:related, but keeping it because keep_related is enabled
WARNING: Concepts http://www.yso.fi/onto/musa/p81546 and http://www.yso.fi/onto/musa/p66173 connected by both skos:broaderTransitive and skos:related, but keeping it because keep_related is enabled
WARNING: Concepts http://www.yso.fi/onto/musa/p885 and http://www.yso.fi/onto/musa/p628 connected by both skos:broaderTransitive and skos:related, but keeping it because keep_related is enabled
WARNING: Concepts http://www.yso.fi/onto/musa/p886 and http://www.yso.fi/onto/musa/p628 connected by both skos:broaderTransitive and skos:related, but keeping it because keep_related is enabled
WARNING: Concepts http://www.yso.fi/onto/musa/p935 and http://www.yso.fi/onto/musa/p935 connected by both skos:broaderTransitive and skos:related, but keeping it because keep_related is enabled
WARNING: Concepts http://www.yso.fi/onto/musa/p937 and http://www.yso.fi/onto/musa/p937 connected by both skos:broaderTransitive and skos:related, but keeping it because keep_related is enabled
WARNING: Concepts http://www.yso.fi/onto/musa/p954 and http://www.yso.fi/onto/musa/p155 connected by both skos:broaderTransitive and skos:related, but keeping it because keep_related is enabled
WARNING: Concepts http://www.yso.fi/onto/musa/p999 and http://www.yso.fi/onto/musa/p289 connected by both skos:broaderTransitive and skos:related, but keeping it because keep_related is enabled
WARNING: Redundant hierarchical relationship http://www.yso.fi/onto/musa/p67015 skos:broader http://www.yso.fi/onto/musa/p608 found, but not eliminated because eliminate_redundancy is not set
WARNING: Redundant hierarchical relationship http://www.yso.fi/onto/musa/p578 skos:broader http://www.yso.fi/onto/musa/p431 found, but not eliminated because eliminate_redundancy is not set
WARNING: Redundant hierarchical relationship http://www.yso.fi/onto/musa/p544 skos:broader http://www.yso.fi/onto/musa/p423 found, but not eliminated because eliminate_redundancy is not set
WARNING: Redundant hierarchical relationship http://www.yso.fi/onto/musa/p81 skos:broader http://www.yso.fi/onto/musa/p508 found, but not eliminated because eliminate_redundancy is not set
WARNING: Redundant hierarchical relationship http://www.yso.fi/onto/musa/p67025 skos:broader http://www.yso.fi/onto/musa/p608 found, but not eliminated because eliminate_redundancy is not set
WARNING: Redundant hierarchical relationship http://www.yso.fi/onto/musa/p81563 skos:broader http://www.yso.fi/onto/musa/p508 found, but not eliminated because eliminate_redundancy is not set
WARNING: Redundant hierarchical relationship http://www.yso.fi/onto/musa/p780 skos:broader http://www.yso.fi/onto/musa/p465 found, but not eliminated because eliminate_redundancy is not set
WARNING: Redundant hierarchical relationship http://www.yso.fi/onto/musa/p67026 skos:broader http://www.yso.fi/onto/musa/p608 found, but not eliminated because eliminate_redundancy is not set
WARNING: Redundant hierarchical relationship http://www.yso.fi/onto/musa/p67019 skos:broader http://www.yso.fi/onto/musa/p608 found, but not eliminated because eliminate_redundancy is not set
WARNING: Redundant hierarchical relationship http://www.yso.fi/onto/musa/p640 skos:broader http://www.yso.fi/onto/musa/p191 found, but not eliminated because eliminate_redundancy is not set
WARNING: Redundant hierarchical relationship http://www.yso.fi/onto/musa/p576 skos:broader http://www.yso.fi/onto/musa/p431 found, but not eliminated because eliminate_redundancy is not set
WARNING: Redundant hierarchical relationship http://www.yso.fi/onto/musa/p81536 skos:broader http://www.yso.fi/onto/musa/p508 found, but not eliminated because eliminate_redundancy is not set
WARNING: Redundant hierarchical relationship http://www.yso.fi/onto/musa/p1912 skos:broader http://www.yso.fi/onto/musa/p431 found, but not eliminated because eliminate_redundancy is not set
WARNING: Redundant hierarchical relationship http://www.yso.fi/onto/musa/p149 skos:broader http://www.yso.fi/onto/musa/p165 found, but not eliminated because eliminate_redundancy is not set
WARNING: Redundant hierarchical relationship http://www.yso.fi/onto/musa/p81455 skos:broader http://www.yso.fi/onto/musa/p510 found, but not eliminated because eliminate_redundancy is not set
WARNING: Redundant hierarchical relationship http://www.yso.fi/onto/musa/p83 skos:broader http://www.yso.fi/onto/musa/p658 found, but not eliminated because eliminate_redundancy is not set
WARNING: Redundant hierarchical relationship http://www.yso.fi/onto/musa/p432 skos:broader http://www.yso.fi/onto/musa/p423 found, but not eliminated because eliminate_redundancy is not set
WARNING: Redundant hierarchical relationship http://www.yso.fi/onto/musa/p66183 skos:broader http://www.yso.fi/onto/musa/p399 found, but not eliminated because eliminate_redundancy is not set
WARNING: Redundant hierarchical relationship http://www.yso.fi/onto/musa/p67016 skos:broader http://www.yso.fi/onto/musa/p608 found, but not eliminated because eliminate_redundancy is not set
WARNING: Redundant hierarchical relationship http://www.yso.fi/onto/musa/p67017 skos:broader http://www.yso.fi/onto/musa/p608 found, but not eliminated because eliminate_redundancy is not set
WARNING: Redundant hierarchical relationship http://www.yso.fi/onto/musa/p407 skos:broader http://www.yso.fi/onto/musa/p399 found, but not eliminated because eliminate_redundancy is not set
WARNING: Redundant hierarchical relationship http://www.yso.fi/onto/musa/p147 skos:broader http://www.yso.fi/onto/musa/p423 found, but not eliminated because eliminate_redundancy is not set
WARNING: Redundant hierarchical relationship http://www.yso.fi/onto/musa/p81454 skos:broader http://www.yso.fi/onto/musa/p510 found, but not eliminated because eliminate_redundancy is not set
WARNING: Resource http://www.yso.fi/onto/musa/p465 has more than one prefLabel@sv: choosing lekare (policy: shortest)
WARNING: Resource http://www.yso.fi/onto/musa/p559 has more than one prefLabel@sv: choosing jazz (policy: shortest)
WARNING: Resource http://www.yso.fi/onto/musa/p66131 has more than one prefLabel@sv: choosing DJ (policy: shortest)
WARNING: Resource http://www.yso.fi/onto/musa/p66156 has more than one prefLabel@sv: choosing musikkultur (policy: shortest)
WARNING: Resource http://www.yso.fi/onto/musa/p935 has more than one prefLabel@sv: choosing sviter (policy: shortest)
WARNING: Resource http://www.yso.fi/onto/musa/p937 has more than one prefLabel@sv: choosing pirattryck (policy: shortest)
WARNING: Resource http://www.yso.fi/onto/musa/p1145 has 'sävellyskäsikirjoitukset'@fi as both prefLabel and altLabel; removing altLabel
