INFO: Don't know what to do with type http://tun.fi/MX.class
INFO: Don't know what to do with type http://tun.fi/MX.domain
INFO: Don't know what to do with type http://tun.fi/MX.family
INFO: Don't know what to do with type http://tun.fi/MX.genus
INFO: Don't know what to do with type http://tun.fi/MX.kingdom
INFO: Don't know what to do with type http://tun.fi/MX.order
INFO: Don't know what to do with type http://tun.fi/MX.phylum
INFO: Don't know what to do with type http://tun.fi/MX.species
INFO: Don't know what to do with type http://tun.fi/MX.subfamily
INFO: Don't know what to do with type http://tun.fi/MX.suborder
INFO: Don't know what to do with type http://tun.fi/MX.subspecies
INFO: Don't know what to do with type http://tun.fi/MX.superdomain
INFO: Don't know what to do with type http://tun.fi/MX.variety
INFO: Don't know what to do with literal http://rs.tdwg.org/dwc/terms/scientificName
INFO: Don't know what to do with literal http://rs.tdwg.org/dwc/terms/scientificNameAuthorship
WARNING: Stripping whitespace from label of http://tun.fi/MX.201354: 'Agroeca cuprea Menge, 1873 '
WARNING: Stripping whitespace from label of http://tun.fi/MX.201485: 'Apostenus fuscus Westring, 1851 '
WARNING: Stripping whitespace from label of http://tun.fi/MX.201495: 'Araneus nordmanni (Thorell, 1870) '
WARNING: Stripping whitespace from label of http://tun.fi/MX.201496: 'Araneus quadratus Clerck, 1757 '
WARNING: Stripping whitespace from label of http://tun.fi/MX.201881: 'Dicymbium nigrum (Blackwall, 1834) '
WARNING: Stripping whitespace from label of http://tun.fi/MX.201898: 'Diplocentria bidentata (Emerton, 1882) '
WARNING: Stripping whitespace from label of http://tun.fi/MX.201936: 'Drassodes villosus (Thorell, 1856) '
WARNING: Stripping whitespace from label of http://tun.fi/MX.203490: 'Thanatus striatus C. L. Koch, 1845 '
WARNING: Stripping whitespace from label of http://tun.fi/MX.203692: 'Xysticus acerbus Thorell, 1872 '
WARNING: Stripping whitespace from label of http://tun.fi/MX.203700: 'Xysticus lanio C. L. Koch, 1835 '
WARNING: Stripping whitespace from label of http://tun.fi/MX.212137: 'Marenzelleria arctia (Chamberlin, 1920) '
INFO: Some concepts not reached in initial cycle detection. Re-checking for loose concepts.
